[2025-06-17T04:08:08.799+0300] {processor.py:157} INFO - Started process (PID=18722) to work on /home/qwerty/.local/lib/python3.10/site-packages/airflow/example_dags/example_short_circuit_operator.py
[2025-06-17T04:08:08.801+0300] {processor.py:829} INFO - Processing file /home/qwerty/.local/lib/python3.10/site-packages/airflow/example_dags/example_short_circuit_operator.py for tasks to queue
[2025-06-17T04:08:08.802+0300] {logging_mixin.py:151} INFO - [2025-06-17T04:08:08.802+0300] {dagbag.py:539} INFO - Filling up the DagBag from /home/qwerty/.local/lib/python3.10/site-packages/airflow/example_dags/example_short_circuit_operator.py
[2025-06-17T04:08:08.822+0300] {processor.py:839} INFO - DAG(s) dict_keys(['example_short_circuit_operator']) retrieved from /home/qwerty/.local/lib/python3.10/site-packages/airflow/example_dags/example_short_circuit_operator.py
[2025-06-17T04:08:08.866+0300] {logging_mixin.py:151} INFO - [2025-06-17T04:08:08.865+0300] {dag.py:2915} INFO - Sync 1 DAGs
[2025-06-17T04:08:08.912+0300] {logging_mixin.py:151} INFO - [2025-06-17T04:08:08.911+0300] {dag.py:3696} INFO - Setting next_dagrun for example_short_circuit_operator to 2025-06-16T01:08:08.911295+00:00, run_after=2025-06-17T01:08:08.911295+00:00
[2025-06-17T04:08:08.967+0300] {processor.py:179} INFO - Processing /home/qwerty/.local/lib/python3.10/site-packages/airflow/example_dags/example_short_circuit_operator.py took 0.175 seconds
[2025-06-17T04:09:07.027+0300] {processor.py:157} INFO - Started process (PID=18799) to work on /home/qwerty/.local/lib/python3.10/site-packages/airflow/example_dags/example_short_circuit_operator.py
[2025-06-17T04:09:07.030+0300] {processor.py:829} INFO - Processing file /home/qwerty/.local/lib/python3.10/site-packages/airflow/example_dags/example_short_circuit_operator.py for tasks to queue
[2025-06-17T04:09:07.033+0300] {logging_mixin.py:151} INFO - [2025-06-17T04:09:07.032+0300] {dagbag.py:539} INFO - Filling up the DagBag from /home/qwerty/.local/lib/python3.10/site-packages/airflow/example_dags/example_short_circuit_operator.py
[2025-06-17T04:09:07.058+0300] {processor.py:839} INFO - DAG(s) dict_keys(['example_short_circuit_operator']) retrieved from /home/qwerty/.local/lib/python3.10/site-packages/airflow/example_dags/example_short_circuit_operator.py
[2025-06-17T04:09:07.114+0300] {logging_mixin.py:151} INFO - [2025-06-17T04:09:07.114+0300] {dag.py:2915} INFO - Sync 1 DAGs
[2025-06-17T04:09:07.175+0300] {logging_mixin.py:151} INFO - [2025-06-17T04:09:07.175+0300] {dag.py:3696} INFO - Setting next_dagrun for example_short_circuit_operator to 2025-06-16T01:09:07.174678+00:00, run_after=2025-06-17T01:09:07.174678+00:00
[2025-06-17T04:09:07.250+0300] {processor.py:179} INFO - Processing /home/qwerty/.local/lib/python3.10/site-packages/airflow/example_dags/example_short_circuit_operator.py took 0.231 seconds
[2025-06-17T04:10:03.013+0300] {processor.py:157} INFO - Started process (PID=18850) to work on /home/qwerty/.local/lib/python3.10/site-packages/airflow/example_dags/example_short_circuit_operator.py
[2025-06-17T04:10:03.018+0300] {processor.py:829} INFO - Processing file /home/qwerty/.local/lib/python3.10/site-packages/airflow/example_dags/example_short_circuit_operator.py for tasks to queue
[2025-06-17T04:10:03.021+0300] {logging_mixin.py:151} INFO - [2025-06-17T04:10:03.020+0300] {dagbag.py:539} INFO - Filling up the DagBag from /home/qwerty/.local/lib/python3.10/site-packages/airflow/example_dags/example_short_circuit_operator.py
[2025-06-17T04:10:03.053+0300] {processor.py:839} INFO - DAG(s) dict_keys(['example_short_circuit_operator']) retrieved from /home/qwerty/.local/lib/python3.10/site-packages/airflow/example_dags/example_short_circuit_operator.py
[2025-06-17T04:10:03.113+0300] {logging_mixin.py:151} INFO - [2025-06-17T04:10:03.112+0300] {dag.py:2915} INFO - Sync 1 DAGs
[2025-06-17T04:10:03.174+0300] {logging_mixin.py:151} INFO - [2025-06-17T04:10:03.174+0300] {dag.py:3696} INFO - Setting next_dagrun for example_short_circuit_operator to 2025-06-16T01:10:03.173391+00:00, run_after=2025-06-17T01:10:03.173391+00:00
[2025-06-17T04:10:03.247+0300] {processor.py:179} INFO - Processing /home/qwerty/.local/lib/python3.10/site-packages/airflow/example_dags/example_short_circuit_operator.py took 0.243 seconds
[2025-06-17T04:11:01.925+0300] {processor.py:157} INFO - Started process (PID=18903) to work on /home/qwerty/.local/lib/python3.10/site-packages/airflow/example_dags/example_short_circuit_operator.py
[2025-06-17T04:11:01.930+0300] {processor.py:829} INFO - Processing file /home/qwerty/.local/lib/python3.10/site-packages/airflow/example_dags/example_short_circuit_operator.py for tasks to queue
[2025-06-17T04:11:01.933+0300] {logging_mixin.py:151} INFO - [2025-06-17T04:11:01.931+0300] {dagbag.py:539} INFO - Filling up the DagBag from /home/qwerty/.local/lib/python3.10/site-packages/airflow/example_dags/example_short_circuit_operator.py
[2025-06-17T04:11:01.954+0300] {processor.py:839} INFO - DAG(s) dict_keys(['example_short_circuit_operator']) retrieved from /home/qwerty/.local/lib/python3.10/site-packages/airflow/example_dags/example_short_circuit_operator.py
[2025-06-17T04:11:01.993+0300] {logging_mixin.py:151} INFO - [2025-06-17T04:11:01.992+0300] {dag.py:2915} INFO - Sync 1 DAGs
[2025-06-17T04:11:02.023+0300] {logging_mixin.py:151} INFO - [2025-06-17T04:11:02.023+0300] {dag.py:3696} INFO - Setting next_dagrun for example_short_circuit_operator to 2025-06-16T01:11:02.022714+00:00, run_after=2025-06-17T01:11:02.022714+00:00
[2025-06-17T04:11:02.062+0300] {processor.py:179} INFO - Processing /home/qwerty/.local/lib/python3.10/site-packages/airflow/example_dags/example_short_circuit_operator.py took 0.143 seconds
[2025-06-17T04:11:58.845+0300] {processor.py:157} INFO - Started process (PID=18958) to work on /home/qwerty/.local/lib/python3.10/site-packages/airflow/example_dags/example_short_circuit_operator.py
[2025-06-17T04:11:58.847+0300] {processor.py:829} INFO - Processing file /home/qwerty/.local/lib/python3.10/site-packages/airflow/example_dags/example_short_circuit_operator.py for tasks to queue
[2025-06-17T04:11:58.849+0300] {logging_mixin.py:151} INFO - [2025-06-17T04:11:58.848+0300] {dagbag.py:539} INFO - Filling up the DagBag from /home/qwerty/.local/lib/python3.10/site-packages/airflow/example_dags/example_short_circuit_operator.py
[2025-06-17T04:11:58.864+0300] {processor.py:839} INFO - DAG(s) dict_keys(['example_short_circuit_operator']) retrieved from /home/qwerty/.local/lib/python3.10/site-packages/airflow/example_dags/example_short_circuit_operator.py
[2025-06-17T04:11:58.897+0300] {logging_mixin.py:151} INFO - [2025-06-17T04:11:58.897+0300] {dag.py:2915} INFO - Sync 1 DAGs
[2025-06-17T04:11:58.928+0300] {logging_mixin.py:151} INFO - [2025-06-17T04:11:58.928+0300] {dag.py:3696} INFO - Setting next_dagrun for example_short_circuit_operator to 2025-06-16T01:11:58.927909+00:00, run_after=2025-06-17T01:11:58.927909+00:00
[2025-06-17T04:11:58.969+0300] {processor.py:179} INFO - Processing /home/qwerty/.local/lib/python3.10/site-packages/airflow/example_dags/example_short_circuit_operator.py took 0.132 seconds
[2025-06-17T04:12:57.351+0300] {processor.py:157} INFO - Started process (PID=19051) to work on /home/qwerty/.local/lib/python3.10/site-packages/airflow/example_dags/example_short_circuit_operator.py
[2025-06-17T04:12:57.354+0300] {processor.py:829} INFO - Processing file /home/qwerty/.local/lib/python3.10/site-packages/airflow/example_dags/example_short_circuit_operator.py for tasks to queue
[2025-06-17T04:12:57.356+0300] {logging_mixin.py:151} INFO - [2025-06-17T04:12:57.355+0300] {dagbag.py:539} INFO - Filling up the DagBag from /home/qwerty/.local/lib/python3.10/site-packages/airflow/example_dags/example_short_circuit_operator.py
[2025-06-17T04:12:57.378+0300] {processor.py:839} INFO - DAG(s) dict_keys(['example_short_circuit_operator']) retrieved from /home/qwerty/.local/lib/python3.10/site-packages/airflow/example_dags/example_short_circuit_operator.py
[2025-06-17T04:12:57.409+0300] {logging_mixin.py:151} INFO - [2025-06-17T04:12:57.408+0300] {dag.py:2915} INFO - Sync 1 DAGs
[2025-06-17T04:12:57.446+0300] {logging_mixin.py:151} INFO - [2025-06-17T04:12:57.446+0300] {dag.py:3696} INFO - Setting next_dagrun for example_short_circuit_operator to 2025-06-16T01:12:57.445673+00:00, run_after=2025-06-17T01:12:57.445673+00:00
[2025-06-17T04:12:57.494+0300] {processor.py:179} INFO - Processing /home/qwerty/.local/lib/python3.10/site-packages/airflow/example_dags/example_short_circuit_operator.py took 0.153 seconds
[2025-06-17T04:13:52.021+0300] {processor.py:157} INFO - Started process (PID=19100) to work on /home/qwerty/.local/lib/python3.10/site-packages/airflow/example_dags/example_short_circuit_operator.py
[2025-06-17T04:13:52.025+0300] {processor.py:829} INFO - Processing file /home/qwerty/.local/lib/python3.10/site-packages/airflow/example_dags/example_short_circuit_operator.py for tasks to queue
[2025-06-17T04:13:52.027+0300] {logging_mixin.py:151} INFO - [2025-06-17T04:13:52.026+0300] {dagbag.py:539} INFO - Filling up the DagBag from /home/qwerty/.local/lib/python3.10/site-packages/airflow/example_dags/example_short_circuit_operator.py
[2025-06-17T04:13:52.038+0300] {processor.py:839} INFO - DAG(s) dict_keys(['example_short_circuit_operator']) retrieved from /home/qwerty/.local/lib/python3.10/site-packages/airflow/example_dags/example_short_circuit_operator.py
[2025-06-17T04:13:52.061+0300] {logging_mixin.py:151} INFO - [2025-06-17T04:13:52.061+0300] {dag.py:2915} INFO - Sync 1 DAGs
[2025-06-17T04:13:52.084+0300] {logging_mixin.py:151} INFO - [2025-06-17T04:13:52.084+0300] {dag.py:3696} INFO - Setting next_dagrun for example_short_circuit_operator to 2025-06-16T01:13:52.084024+00:00, run_after=2025-06-17T01:13:52.084024+00:00
[2025-06-17T04:13:52.110+0300] {processor.py:179} INFO - Processing /home/qwerty/.local/lib/python3.10/site-packages/airflow/example_dags/example_short_circuit_operator.py took 0.101 seconds
[2025-06-17T04:14:54.089+0300] {processor.py:157} INFO - Started process (PID=19162) to work on /home/qwerty/.local/lib/python3.10/site-packages/airflow/example_dags/example_short_circuit_operator.py
[2025-06-17T04:14:54.093+0300] {processor.py:829} INFO - Processing file /home/qwerty/.local/lib/python3.10/site-packages/airflow/example_dags/example_short_circuit_operator.py for tasks to queue
[2025-06-17T04:14:54.095+0300] {logging_mixin.py:151} INFO - [2025-06-17T04:14:54.094+0300] {dagbag.py:539} INFO - Filling up the DagBag from /home/qwerty/.local/lib/python3.10/site-packages/airflow/example_dags/example_short_circuit_operator.py
[2025-06-17T04:14:54.113+0300] {processor.py:839} INFO - DAG(s) dict_keys(['example_short_circuit_operator']) retrieved from /home/qwerty/.local/lib/python3.10/site-packages/airflow/example_dags/example_short_circuit_operator.py
[2025-06-17T04:14:54.135+0300] {logging_mixin.py:151} INFO - [2025-06-17T04:14:54.135+0300] {dag.py:2915} INFO - Sync 1 DAGs
[2025-06-17T04:14:54.162+0300] {logging_mixin.py:151} INFO - [2025-06-17T04:14:54.162+0300] {dag.py:3696} INFO - Setting next_dagrun for example_short_circuit_operator to 2025-06-16T01:14:54.162001+00:00, run_after=2025-06-17T01:14:54.162001+00:00
[2025-06-17T04:14:54.202+0300] {processor.py:179} INFO - Processing /home/qwerty/.local/lib/python3.10/site-packages/airflow/example_dags/example_short_circuit_operator.py took 0.123 seconds
[2025-06-17T04:15:55.861+0300] {processor.py:157} INFO - Started process (PID=19213) to work on /home/qwerty/.local/lib/python3.10/site-packages/airflow/example_dags/example_short_circuit_operator.py
[2025-06-17T04:15:55.865+0300] {processor.py:829} INFO - Processing file /home/qwerty/.local/lib/python3.10/site-packages/airflow/example_dags/example_short_circuit_operator.py for tasks to queue
[2025-06-17T04:15:55.868+0300] {logging_mixin.py:151} INFO - [2025-06-17T04:15:55.866+0300] {dagbag.py:539} INFO - Filling up the DagBag from /home/qwerty/.local/lib/python3.10/site-packages/airflow/example_dags/example_short_circuit_operator.py
[2025-06-17T04:15:55.886+0300] {processor.py:839} INFO - DAG(s) dict_keys(['example_short_circuit_operator']) retrieved from /home/qwerty/.local/lib/python3.10/site-packages/airflow/example_dags/example_short_circuit_operator.py
[2025-06-17T04:15:55.927+0300] {logging_mixin.py:151} INFO - [2025-06-17T04:15:55.926+0300] {dag.py:2915} INFO - Sync 1 DAGs
[2025-06-17T04:15:55.980+0300] {logging_mixin.py:151} INFO - [2025-06-17T04:15:55.979+0300] {dag.py:3696} INFO - Setting next_dagrun for example_short_circuit_operator to 2025-06-16T01:15:55.979313+00:00, run_after=2025-06-17T01:15:55.979313+00:00
[2025-06-17T04:15:56.027+0300] {processor.py:179} INFO - Processing /home/qwerty/.local/lib/python3.10/site-packages/airflow/example_dags/example_short_circuit_operator.py took 0.177 seconds
[2025-06-17T04:16:52.517+0300] {processor.py:157} INFO - Started process (PID=19298) to work on /home/qwerty/.local/lib/python3.10/site-packages/airflow/example_dags/example_short_circuit_operator.py
[2025-06-17T04:16:52.520+0300] {processor.py:829} INFO - Processing file /home/qwerty/.local/lib/python3.10/site-packages/airflow/example_dags/example_short_circuit_operator.py for tasks to queue
[2025-06-17T04:16:52.521+0300] {logging_mixin.py:151} INFO - [2025-06-17T04:16:52.521+0300] {dagbag.py:539} INFO - Filling up the DagBag from /home/qwerty/.local/lib/python3.10/site-packages/airflow/example_dags/example_short_circuit_operator.py
[2025-06-17T04:16:52.530+0300] {processor.py:839} INFO - DAG(s) dict_keys(['example_short_circuit_operator']) retrieved from /home/qwerty/.local/lib/python3.10/site-packages/airflow/example_dags/example_short_circuit_operator.py
[2025-06-17T04:16:52.552+0300] {logging_mixin.py:151} INFO - [2025-06-17T04:16:52.552+0300] {dag.py:2915} INFO - Sync 1 DAGs
[2025-06-17T04:16:52.577+0300] {logging_mixin.py:151} INFO - [2025-06-17T04:16:52.577+0300] {dag.py:3696} INFO - Setting next_dagrun for example_short_circuit_operator to 2025-06-16T01:16:52.576695+00:00, run_after=2025-06-17T01:16:52.576695+00:00
[2025-06-17T04:16:52.614+0300] {processor.py:179} INFO - Processing /home/qwerty/.local/lib/python3.10/site-packages/airflow/example_dags/example_short_circuit_operator.py took 0.106 seconds
[2025-06-17T04:17:43.487+0300] {processor.py:157} INFO - Started process (PID=19353) to work on /home/qwerty/.local/lib/python3.10/site-packages/airflow/example_dags/example_short_circuit_operator.py
[2025-06-17T04:17:43.490+0300] {processor.py:829} INFO - Processing file /home/qwerty/.local/lib/python3.10/site-packages/airflow/example_dags/example_short_circuit_operator.py for tasks to queue
[2025-06-17T04:17:43.493+0300] {logging_mixin.py:151} INFO - [2025-06-17T04:17:43.491+0300] {dagbag.py:539} INFO - Filling up the DagBag from /home/qwerty/.local/lib/python3.10/site-packages/airflow/example_dags/example_short_circuit_operator.py
[2025-06-17T04:17:43.508+0300] {processor.py:839} INFO - DAG(s) dict_keys(['example_short_circuit_operator']) retrieved from /home/qwerty/.local/lib/python3.10/site-packages/airflow/example_dags/example_short_circuit_operator.py
[2025-06-17T04:17:43.554+0300] {logging_mixin.py:151} INFO - [2025-06-17T04:17:43.554+0300] {dag.py:2915} INFO - Sync 1 DAGs
[2025-06-17T04:17:43.603+0300] {logging_mixin.py:151} INFO - [2025-06-17T04:17:43.602+0300] {dag.py:3696} INFO - Setting next_dagrun for example_short_circuit_operator to 2025-06-16T01:17:43.602236+00:00, run_after=2025-06-17T01:17:43.602236+00:00
[2025-06-17T04:17:43.649+0300] {processor.py:179} INFO - Processing /home/qwerty/.local/lib/python3.10/site-packages/airflow/example_dags/example_short_circuit_operator.py took 0.167 seconds
[2025-06-17T04:18:41.865+0300] {processor.py:157} INFO - Started process (PID=19415) to work on /home/qwerty/.local/lib/python3.10/site-packages/airflow/example_dags/example_short_circuit_operator.py
[2025-06-17T04:18:41.867+0300] {processor.py:829} INFO - Processing file /home/qwerty/.local/lib/python3.10/site-packages/airflow/example_dags/example_short_circuit_operator.py for tasks to queue
[2025-06-17T04:18:41.868+0300] {logging_mixin.py:151} INFO - [2025-06-17T04:18:41.868+0300] {dagbag.py:539} INFO - Filling up the DagBag from /home/qwerty/.local/lib/python3.10/site-packages/airflow/example_dags/example_short_circuit_operator.py
[2025-06-17T04:18:41.881+0300] {processor.py:839} INFO - DAG(s) dict_keys(['example_short_circuit_operator']) retrieved from /home/qwerty/.local/lib/python3.10/site-packages/airflow/example_dags/example_short_circuit_operator.py
[2025-06-17T04:18:41.907+0300] {logging_mixin.py:151} INFO - [2025-06-17T04:18:41.907+0300] {dag.py:2915} INFO - Sync 1 DAGs
[2025-06-17T04:18:41.954+0300] {logging_mixin.py:151} INFO - [2025-06-17T04:18:41.954+0300] {dag.py:3696} INFO - Setting next_dagrun for example_short_circuit_operator to 2025-06-16T01:18:41.953394+00:00, run_after=2025-06-17T01:18:41.953394+00:00
[2025-06-17T04:18:42.008+0300] {processor.py:179} INFO - Processing /home/qwerty/.local/lib/python3.10/site-packages/airflow/example_dags/example_short_circuit_operator.py took 0.148 seconds
[2025-06-17T04:19:37.265+0300] {processor.py:157} INFO - Started process (PID=19517) to work on /home/qwerty/.local/lib/python3.10/site-packages/airflow/example_dags/example_short_circuit_operator.py
[2025-06-17T04:19:37.270+0300] {processor.py:829} INFO - Processing file /home/qwerty/.local/lib/python3.10/site-packages/airflow/example_dags/example_short_circuit_operator.py for tasks to queue
[2025-06-17T04:19:37.272+0300] {logging_mixin.py:151} INFO - [2025-06-17T04:19:37.271+0300] {dagbag.py:539} INFO - Filling up the DagBag from /home/qwerty/.local/lib/python3.10/site-packages/airflow/example_dags/example_short_circuit_operator.py
[2025-06-17T04:19:37.289+0300] {processor.py:839} INFO - DAG(s) dict_keys(['example_short_circuit_operator']) retrieved from /home/qwerty/.local/lib/python3.10/site-packages/airflow/example_dags/example_short_circuit_operator.py
[2025-06-17T04:19:37.317+0300] {logging_mixin.py:151} INFO - [2025-06-17T04:19:37.317+0300] {dag.py:2915} INFO - Sync 1 DAGs
[2025-06-17T04:19:37.345+0300] {logging_mixin.py:151} INFO - [2025-06-17T04:19:37.345+0300] {dag.py:3696} INFO - Setting next_dagrun for example_short_circuit_operator to 2025-06-16T01:19:37.345125+00:00, run_after=2025-06-17T01:19:37.345125+00:00
[2025-06-17T04:19:37.384+0300] {processor.py:179} INFO - Processing /home/qwerty/.local/lib/python3.10/site-packages/airflow/example_dags/example_short_circuit_operator.py took 0.125 seconds
[2025-06-17T04:20:28.387+0300] {processor.py:157} INFO - Started process (PID=19571) to work on /home/qwerty/.local/lib/python3.10/site-packages/airflow/example_dags/example_short_circuit_operator.py
[2025-06-17T04:20:28.390+0300] {processor.py:829} INFO - Processing file /home/qwerty/.local/lib/python3.10/site-packages/airflow/example_dags/example_short_circuit_operator.py for tasks to queue
[2025-06-17T04:20:28.393+0300] {logging_mixin.py:151} INFO - [2025-06-17T04:20:28.392+0300] {dagbag.py:539} INFO - Filling up the DagBag from /home/qwerty/.local/lib/python3.10/site-packages/airflow/example_dags/example_short_circuit_operator.py
[2025-06-17T04:20:28.419+0300] {processor.py:839} INFO - DAG(s) dict_keys(['example_short_circuit_operator']) retrieved from /home/qwerty/.local/lib/python3.10/site-packages/airflow/example_dags/example_short_circuit_operator.py
[2025-06-17T04:20:28.458+0300] {logging_mixin.py:151} INFO - [2025-06-17T04:20:28.457+0300] {dag.py:2915} INFO - Sync 1 DAGs
[2025-06-17T04:20:28.501+0300] {logging_mixin.py:151} INFO - [2025-06-17T04:20:28.501+0300] {dag.py:3696} INFO - Setting next_dagrun for example_short_circuit_operator to 2025-06-16T01:20:28.500892+00:00, run_after=2025-06-17T01:20:28.500892+00:00
[2025-06-17T04:20:28.546+0300] {processor.py:179} INFO - Processing /home/qwerty/.local/lib/python3.10/site-packages/airflow/example_dags/example_short_circuit_operator.py took 0.169 seconds
[2025-06-17T04:21:23.960+0300] {processor.py:157} INFO - Started process (PID=19657) to work on /home/qwerty/.local/lib/python3.10/site-packages/airflow/example_dags/example_short_circuit_operator.py
[2025-06-17T04:21:23.962+0300] {processor.py:829} INFO - Processing file /home/qwerty/.local/lib/python3.10/site-packages/airflow/example_dags/example_short_circuit_operator.py for tasks to queue
[2025-06-17T04:21:23.963+0300] {logging_mixin.py:151} INFO - [2025-06-17T04:21:23.962+0300] {dagbag.py:539} INFO - Filling up the DagBag from /home/qwerty/.local/lib/python3.10/site-packages/airflow/example_dags/example_short_circuit_operator.py
[2025-06-17T04:21:23.973+0300] {processor.py:839} INFO - DAG(s) dict_keys(['example_short_circuit_operator']) retrieved from /home/qwerty/.local/lib/python3.10/site-packages/airflow/example_dags/example_short_circuit_operator.py
[2025-06-17T04:21:23.997+0300] {logging_mixin.py:151} INFO - [2025-06-17T04:21:23.997+0300] {dag.py:2915} INFO - Sync 1 DAGs
[2025-06-17T04:21:24.024+0300] {logging_mixin.py:151} INFO - [2025-06-17T04:21:24.024+0300] {dag.py:3696} INFO - Setting next_dagrun for example_short_circuit_operator to 2025-06-16T01:21:24.023842+00:00, run_after=2025-06-17T01:21:24.023842+00:00
[2025-06-17T04:21:24.052+0300] {processor.py:179} INFO - Processing /home/qwerty/.local/lib/python3.10/site-packages/airflow/example_dags/example_short_circuit_operator.py took 0.104 seconds
[2025-06-17T04:22:23.378+0300] {processor.py:157} INFO - Started process (PID=19738) to work on /home/qwerty/.local/lib/python3.10/site-packages/airflow/example_dags/example_short_circuit_operator.py
[2025-06-17T04:22:23.381+0300] {processor.py:829} INFO - Processing file /home/qwerty/.local/lib/python3.10/site-packages/airflow/example_dags/example_short_circuit_operator.py for tasks to queue
[2025-06-17T04:22:23.383+0300] {logging_mixin.py:151} INFO - [2025-06-17T04:22:23.382+0300] {dagbag.py:539} INFO - Filling up the DagBag from /home/qwerty/.local/lib/python3.10/site-packages/airflow/example_dags/example_short_circuit_operator.py
[2025-06-17T04:22:23.397+0300] {processor.py:839} INFO - DAG(s) dict_keys(['example_short_circuit_operator']) retrieved from /home/qwerty/.local/lib/python3.10/site-packages/airflow/example_dags/example_short_circuit_operator.py
[2025-06-17T04:22:23.418+0300] {logging_mixin.py:151} INFO - [2025-06-17T04:22:23.418+0300] {dag.py:2915} INFO - Sync 1 DAGs
[2025-06-17T04:22:23.439+0300] {logging_mixin.py:151} INFO - [2025-06-17T04:22:23.439+0300] {dag.py:3696} INFO - Setting next_dagrun for example_short_circuit_operator to 2025-06-16T01:22:23.439158+00:00, run_after=2025-06-17T01:22:23.439158+00:00
[2025-06-17T04:22:23.484+0300] {processor.py:179} INFO - Processing /home/qwerty/.local/lib/python3.10/site-packages/airflow/example_dags/example_short_circuit_operator.py took 0.118 seconds
[2025-06-17T04:23:19.300+0300] {processor.py:157} INFO - Started process (PID=19818) to work on /home/qwerty/.local/lib/python3.10/site-packages/airflow/example_dags/example_short_circuit_operator.py
[2025-06-17T04:23:19.305+0300] {processor.py:829} INFO - Processing file /home/qwerty/.local/lib/python3.10/site-packages/airflow/example_dags/example_short_circuit_operator.py for tasks to queue
[2025-06-17T04:23:19.308+0300] {logging_mixin.py:151} INFO - [2025-06-17T04:23:19.306+0300] {dagbag.py:539} INFO - Filling up the DagBag from /home/qwerty/.local/lib/python3.10/site-packages/airflow/example_dags/example_short_circuit_operator.py
[2025-06-17T04:23:19.320+0300] {processor.py:839} INFO - DAG(s) dict_keys(['example_short_circuit_operator']) retrieved from /home/qwerty/.local/lib/python3.10/site-packages/airflow/example_dags/example_short_circuit_operator.py
[2025-06-17T04:23:19.342+0300] {logging_mixin.py:151} INFO - [2025-06-17T04:23:19.342+0300] {dag.py:2915} INFO - Sync 1 DAGs
[2025-06-17T04:23:19.381+0300] {logging_mixin.py:151} INFO - [2025-06-17T04:23:19.381+0300] {dag.py:3696} INFO - Setting next_dagrun for example_short_circuit_operator to 2025-06-16T01:23:19.380907+00:00, run_after=2025-06-17T01:23:19.380907+00:00
[2025-06-17T04:23:19.410+0300] {processor.py:179} INFO - Processing /home/qwerty/.local/lib/python3.10/site-packages/airflow/example_dags/example_short_circuit_operator.py took 0.121 seconds
[2025-06-17T04:24:19.574+0300] {processor.py:157} INFO - Started process (PID=19902) to work on /home/qwerty/.local/lib/python3.10/site-packages/airflow/example_dags/example_short_circuit_operator.py
[2025-06-17T04:24:19.578+0300] {processor.py:829} INFO - Processing file /home/qwerty/.local/lib/python3.10/site-packages/airflow/example_dags/example_short_circuit_operator.py for tasks to queue
[2025-06-17T04:24:19.580+0300] {logging_mixin.py:151} INFO - [2025-06-17T04:24:19.579+0300] {dagbag.py:539} INFO - Filling up the DagBag from /home/qwerty/.local/lib/python3.10/site-packages/airflow/example_dags/example_short_circuit_operator.py
[2025-06-17T04:24:19.597+0300] {processor.py:839} INFO - DAG(s) dict_keys(['example_short_circuit_operator']) retrieved from /home/qwerty/.local/lib/python3.10/site-packages/airflow/example_dags/example_short_circuit_operator.py
[2025-06-17T04:24:19.625+0300] {logging_mixin.py:151} INFO - [2025-06-17T04:24:19.625+0300] {dag.py:2915} INFO - Sync 1 DAGs
[2025-06-17T04:24:19.651+0300] {logging_mixin.py:151} INFO - [2025-06-17T04:24:19.650+0300] {dag.py:3696} INFO - Setting next_dagrun for example_short_circuit_operator to 2025-06-16T01:24:19.650665+00:00, run_after=2025-06-17T01:24:19.650665+00:00
[2025-06-17T04:24:19.680+0300] {processor.py:179} INFO - Processing /home/qwerty/.local/lib/python3.10/site-packages/airflow/example_dags/example_short_circuit_operator.py took 0.112 seconds
[2025-06-17T04:25:17.595+0300] {processor.py:157} INFO - Started process (PID=19985) to work on /home/qwerty/.local/lib/python3.10/site-packages/airflow/example_dags/example_short_circuit_operator.py
[2025-06-17T04:25:17.600+0300] {processor.py:829} INFO - Processing file /home/qwerty/.local/lib/python3.10/site-packages/airflow/example_dags/example_short_circuit_operator.py for tasks to queue
[2025-06-17T04:25:17.605+0300] {logging_mixin.py:151} INFO - [2025-06-17T04:25:17.604+0300] {dagbag.py:539} INFO - Filling up the DagBag from /home/qwerty/.local/lib/python3.10/site-packages/airflow/example_dags/example_short_circuit_operator.py
[2025-06-17T04:25:17.636+0300] {processor.py:839} INFO - DAG(s) dict_keys(['example_short_circuit_operator']) retrieved from /home/qwerty/.local/lib/python3.10/site-packages/airflow/example_dags/example_short_circuit_operator.py
[2025-06-17T04:25:17.689+0300] {logging_mixin.py:151} INFO - [2025-06-17T04:25:17.689+0300] {dag.py:2915} INFO - Sync 1 DAGs
[2025-06-17T04:25:17.739+0300] {logging_mixin.py:151} INFO - [2025-06-17T04:25:17.739+0300] {dag.py:3696} INFO - Setting next_dagrun for example_short_circuit_operator to 2025-06-16T01:25:17.738844+00:00, run_after=2025-06-17T01:25:17.738844+00:00
[2025-06-17T04:25:17.795+0300] {processor.py:179} INFO - Processing /home/qwerty/.local/lib/python3.10/site-packages/airflow/example_dags/example_short_circuit_operator.py took 0.214 seconds
[2025-06-17T04:26:14.241+0300] {processor.py:157} INFO - Started process (PID=20037) to work on /home/qwerty/.local/lib/python3.10/site-packages/airflow/example_dags/example_short_circuit_operator.py
[2025-06-17T04:26:14.244+0300] {processor.py:829} INFO - Processing file /home/qwerty/.local/lib/python3.10/site-packages/airflow/example_dags/example_short_circuit_operator.py for tasks to queue
[2025-06-17T04:26:14.247+0300] {logging_mixin.py:151} INFO - [2025-06-17T04:26:14.246+0300] {dagbag.py:539} INFO - Filling up the DagBag from /home/qwerty/.local/lib/python3.10/site-packages/airflow/example_dags/example_short_circuit_operator.py
[2025-06-17T04:26:14.268+0300] {processor.py:839} INFO - DAG(s) dict_keys(['example_short_circuit_operator']) retrieved from /home/qwerty/.local/lib/python3.10/site-packages/airflow/example_dags/example_short_circuit_operator.py
[2025-06-17T04:26:14.308+0300] {logging_mixin.py:151} INFO - [2025-06-17T04:26:14.308+0300] {dag.py:2915} INFO - Sync 1 DAGs
[2025-06-17T04:26:14.349+0300] {logging_mixin.py:151} INFO - [2025-06-17T04:26:14.349+0300] {dag.py:3696} INFO - Setting next_dagrun for example_short_circuit_operator to 2025-06-16T01:26:14.348770+00:00, run_after=2025-06-17T01:26:14.348770+00:00
[2025-06-17T04:26:14.404+0300] {processor.py:179} INFO - Processing /home/qwerty/.local/lib/python3.10/site-packages/airflow/example_dags/example_short_circuit_operator.py took 0.171 seconds
[2025-06-17T04:27:04.385+0300] {processor.py:157} INFO - Started process (PID=20086) to work on /home/qwerty/.local/lib/python3.10/site-packages/airflow/example_dags/example_short_circuit_operator.py
[2025-06-17T04:27:04.390+0300] {processor.py:829} INFO - Processing file /home/qwerty/.local/lib/python3.10/site-packages/airflow/example_dags/example_short_circuit_operator.py for tasks to queue
[2025-06-17T04:27:04.391+0300] {logging_mixin.py:151} INFO - [2025-06-17T04:27:04.391+0300] {dagbag.py:539} INFO - Filling up the DagBag from /home/qwerty/.local/lib/python3.10/site-packages/airflow/example_dags/example_short_circuit_operator.py
[2025-06-17T04:27:04.408+0300] {processor.py:839} INFO - DAG(s) dict_keys(['example_short_circuit_operator']) retrieved from /home/qwerty/.local/lib/python3.10/site-packages/airflow/example_dags/example_short_circuit_operator.py
[2025-06-17T04:27:04.447+0300] {logging_mixin.py:151} INFO - [2025-06-17T04:27:04.446+0300] {dag.py:2915} INFO - Sync 1 DAGs
[2025-06-17T04:27:04.501+0300] {logging_mixin.py:151} INFO - [2025-06-17T04:27:04.501+0300] {dag.py:3696} INFO - Setting next_dagrun for example_short_circuit_operator to 2025-06-16T01:27:04.500626+00:00, run_after=2025-06-17T01:27:04.500626+00:00
[2025-06-17T04:27:04.559+0300] {processor.py:179} INFO - Processing /home/qwerty/.local/lib/python3.10/site-packages/airflow/example_dags/example_short_circuit_operator.py took 0.185 seconds
[2025-06-17T04:27:56.056+0300] {processor.py:157} INFO - Started process (PID=20154) to work on /home/qwerty/.local/lib/python3.10/site-packages/airflow/example_dags/example_short_circuit_operator.py
[2025-06-17T04:27:56.059+0300] {processor.py:829} INFO - Processing file /home/qwerty/.local/lib/python3.10/site-packages/airflow/example_dags/example_short_circuit_operator.py for tasks to queue
[2025-06-17T04:27:56.061+0300] {logging_mixin.py:151} INFO - [2025-06-17T04:27:56.060+0300] {dagbag.py:539} INFO - Filling up the DagBag from /home/qwerty/.local/lib/python3.10/site-packages/airflow/example_dags/example_short_circuit_operator.py
[2025-06-17T04:27:56.083+0300] {processor.py:839} INFO - DAG(s) dict_keys(['example_short_circuit_operator']) retrieved from /home/qwerty/.local/lib/python3.10/site-packages/airflow/example_dags/example_short_circuit_operator.py
[2025-06-17T04:27:56.143+0300] {logging_mixin.py:151} INFO - [2025-06-17T04:27:56.142+0300] {dag.py:2915} INFO - Sync 1 DAGs
[2025-06-17T04:27:56.199+0300] {logging_mixin.py:151} INFO - [2025-06-17T04:27:56.198+0300] {dag.py:3696} INFO - Setting next_dagrun for example_short_circuit_operator to 2025-06-16T01:27:56.198307+00:00, run_after=2025-06-17T01:27:56.198307+00:00
[2025-06-17T04:27:56.248+0300] {processor.py:179} INFO - Processing /home/qwerty/.local/lib/python3.10/site-packages/airflow/example_dags/example_short_circuit_operator.py took 0.203 seconds
[2025-06-17T04:28:45.815+0300] {processor.py:157} INFO - Started process (PID=20218) to work on /home/qwerty/.local/lib/python3.10/site-packages/airflow/example_dags/example_short_circuit_operator.py
[2025-06-17T04:28:45.818+0300] {processor.py:829} INFO - Processing file /home/qwerty/.local/lib/python3.10/site-packages/airflow/example_dags/example_short_circuit_operator.py for tasks to queue
[2025-06-17T04:28:45.821+0300] {logging_mixin.py:151} INFO - [2025-06-17T04:28:45.820+0300] {dagbag.py:539} INFO - Filling up the DagBag from /home/qwerty/.local/lib/python3.10/site-packages/airflow/example_dags/example_short_circuit_operator.py
[2025-06-17T04:28:45.838+0300] {processor.py:839} INFO - DAG(s) dict_keys(['example_short_circuit_operator']) retrieved from /home/qwerty/.local/lib/python3.10/site-packages/airflow/example_dags/example_short_circuit_operator.py
[2025-06-17T04:28:45.860+0300] {logging_mixin.py:151} INFO - [2025-06-17T04:28:45.860+0300] {dag.py:2915} INFO - Sync 1 DAGs
[2025-06-17T04:28:45.883+0300] {logging_mixin.py:151} INFO - [2025-06-17T04:28:45.883+0300] {dag.py:3696} INFO - Setting next_dagrun for example_short_circuit_operator to 2025-06-16T01:28:45.883364+00:00, run_after=2025-06-17T01:28:45.883364+00:00
[2025-06-17T04:28:45.926+0300] {processor.py:179} INFO - Processing /home/qwerty/.local/lib/python3.10/site-packages/airflow/example_dags/example_short_circuit_operator.py took 0.122 seconds
[2025-06-17T04:29:49.144+0300] {processor.py:157} INFO - Started process (PID=20284) to work on /home/qwerty/.local/lib/python3.10/site-packages/airflow/example_dags/example_short_circuit_operator.py
[2025-06-17T04:29:49.149+0300] {processor.py:829} INFO - Processing file /home/qwerty/.local/lib/python3.10/site-packages/airflow/example_dags/example_short_circuit_operator.py for tasks to queue
[2025-06-17T04:29:49.151+0300] {logging_mixin.py:151} INFO - [2025-06-17T04:29:49.150+0300] {dagbag.py:539} INFO - Filling up the DagBag from /home/qwerty/.local/lib/python3.10/site-packages/airflow/example_dags/example_short_circuit_operator.py
[2025-06-17T04:29:49.169+0300] {processor.py:839} INFO - DAG(s) dict_keys(['example_short_circuit_operator']) retrieved from /home/qwerty/.local/lib/python3.10/site-packages/airflow/example_dags/example_short_circuit_operator.py
[2025-06-17T04:29:49.192+0300] {logging_mixin.py:151} INFO - [2025-06-17T04:29:49.191+0300] {dag.py:2915} INFO - Sync 1 DAGs
[2025-06-17T04:29:49.214+0300] {logging_mixin.py:151} INFO - [2025-06-17T04:29:49.214+0300] {dag.py:3696} INFO - Setting next_dagrun for example_short_circuit_operator to 2025-06-16T01:29:49.214186+00:00, run_after=2025-06-17T01:29:49.214186+00:00
[2025-06-17T04:29:49.239+0300] {processor.py:179} INFO - Processing /home/qwerty/.local/lib/python3.10/site-packages/airflow/example_dags/example_short_circuit_operator.py took 0.107 seconds
[2025-06-17T04:30:46.131+0300] {processor.py:157} INFO - Started process (PID=20344) to work on /home/qwerty/.local/lib/python3.10/site-packages/airflow/example_dags/example_short_circuit_operator.py
[2025-06-17T04:30:46.134+0300] {processor.py:829} INFO - Processing file /home/qwerty/.local/lib/python3.10/site-packages/airflow/example_dags/example_short_circuit_operator.py for tasks to queue
[2025-06-17T04:30:46.136+0300] {logging_mixin.py:151} INFO - [2025-06-17T04:30:46.136+0300] {dagbag.py:539} INFO - Filling up the DagBag from /home/qwerty/.local/lib/python3.10/site-packages/airflow/example_dags/example_short_circuit_operator.py
[2025-06-17T04:30:46.154+0300] {processor.py:839} INFO - DAG(s) dict_keys(['example_short_circuit_operator']) retrieved from /home/qwerty/.local/lib/python3.10/site-packages/airflow/example_dags/example_short_circuit_operator.py
[2025-06-17T04:30:46.190+0300] {logging_mixin.py:151} INFO - [2025-06-17T04:30:46.190+0300] {dag.py:2915} INFO - Sync 1 DAGs
[2025-06-17T04:30:46.228+0300] {logging_mixin.py:151} INFO - [2025-06-17T04:30:46.227+0300] {dag.py:3696} INFO - Setting next_dagrun for example_short_circuit_operator to 2025-06-16T01:30:46.227394+00:00, run_after=2025-06-17T01:30:46.227394+00:00
[2025-06-17T04:30:46.269+0300] {processor.py:179} INFO - Processing /home/qwerty/.local/lib/python3.10/site-packages/airflow/example_dags/example_short_circuit_operator.py took 0.150 seconds
