[2025-06-17T04:08:04.506+0300] {processor.py:157} INFO - Started process (PID=18717) to work on /home/qwerty/.local/lib/python3.10/site-packages/airflow/example_dags/example_time_delta_sensor_async.py
[2025-06-17T04:08:04.508+0300] {processor.py:829} INFO - Processing file /home/qwerty/.local/lib/python3.10/site-packages/airflow/example_dags/example_time_delta_sensor_async.py for tasks to queue
[2025-06-17T04:08:04.510+0300] {logging_mixin.py:151} INFO - [2025-06-17T04:08:04.509+0300] {dagbag.py:539} INFO - Filling up the DagBag from /home/qwerty/.local/lib/python3.10/site-packages/airflow/example_dags/example_time_delta_sensor_async.py
[2025-06-17T04:08:04.523+0300] {processor.py:839} INFO - DAG(s) dict_keys(['example_time_delta_sensor_async']) retrieved from /home/qwerty/.local/lib/python3.10/site-packages/airflow/example_dags/example_time_delta_sensor_async.py
[2025-06-17T04:08:04.582+0300] {logging_mixin.py:151} INFO - [2025-06-17T04:08:04.581+0300] {dag.py:2915} INFO - Sync 1 DAGs
[2025-06-17T04:08:04.623+0300] {logging_mixin.py:151} INFO - [2025-06-17T04:08:04.622+0300] {dag.py:3696} INFO - Setting next_dagrun for example_time_delta_sensor_async to None, run_after=None
[2025-06-17T04:08:04.691+0300] {processor.py:179} INFO - Processing /home/qwerty/.local/lib/python3.10/site-packages/airflow/example_dags/example_time_delta_sensor_async.py took 0.194 seconds
[2025-06-17T04:09:03.012+0300] {processor.py:157} INFO - Started process (PID=18796) to work on /home/qwerty/.local/lib/python3.10/site-packages/airflow/example_dags/example_time_delta_sensor_async.py
[2025-06-17T04:09:03.015+0300] {processor.py:829} INFO - Processing file /home/qwerty/.local/lib/python3.10/site-packages/airflow/example_dags/example_time_delta_sensor_async.py for tasks to queue
[2025-06-17T04:09:03.019+0300] {logging_mixin.py:151} INFO - [2025-06-17T04:09:03.017+0300] {dagbag.py:539} INFO - Filling up the DagBag from /home/qwerty/.local/lib/python3.10/site-packages/airflow/example_dags/example_time_delta_sensor_async.py
[2025-06-17T04:09:03.029+0300] {processor.py:839} INFO - DAG(s) dict_keys(['example_time_delta_sensor_async']) retrieved from /home/qwerty/.local/lib/python3.10/site-packages/airflow/example_dags/example_time_delta_sensor_async.py
[2025-06-17T04:09:03.071+0300] {logging_mixin.py:151} INFO - [2025-06-17T04:09:03.070+0300] {dag.py:2915} INFO - Sync 1 DAGs
[2025-06-17T04:09:03.104+0300] {logging_mixin.py:151} INFO - [2025-06-17T04:09:03.104+0300] {dag.py:3696} INFO - Setting next_dagrun for example_time_delta_sensor_async to None, run_after=None
[2025-06-17T04:09:03.166+0300] {processor.py:179} INFO - Processing /home/qwerty/.local/lib/python3.10/site-packages/airflow/example_dags/example_time_delta_sensor_async.py took 0.162 seconds
[2025-06-17T04:09:58.688+0300] {processor.py:157} INFO - Started process (PID=18847) to work on /home/qwerty/.local/lib/python3.10/site-packages/airflow/example_dags/example_time_delta_sensor_async.py
[2025-06-17T04:09:58.691+0300] {processor.py:829} INFO - Processing file /home/qwerty/.local/lib/python3.10/site-packages/airflow/example_dags/example_time_delta_sensor_async.py for tasks to queue
[2025-06-17T04:09:58.695+0300] {logging_mixin.py:151} INFO - [2025-06-17T04:09:58.693+0300] {dagbag.py:539} INFO - Filling up the DagBag from /home/qwerty/.local/lib/python3.10/site-packages/airflow/example_dags/example_time_delta_sensor_async.py
[2025-06-17T04:09:58.707+0300] {processor.py:839} INFO - DAG(s) dict_keys(['example_time_delta_sensor_async']) retrieved from /home/qwerty/.local/lib/python3.10/site-packages/airflow/example_dags/example_time_delta_sensor_async.py
[2025-06-17T04:09:58.752+0300] {logging_mixin.py:151} INFO - [2025-06-17T04:09:58.751+0300] {dag.py:2915} INFO - Sync 1 DAGs
[2025-06-17T04:09:58.789+0300] {logging_mixin.py:151} INFO - [2025-06-17T04:09:58.788+0300] {dag.py:3696} INFO - Setting next_dagrun for example_time_delta_sensor_async to None, run_after=None
[2025-06-17T04:09:58.873+0300] {processor.py:179} INFO - Processing /home/qwerty/.local/lib/python3.10/site-packages/airflow/example_dags/example_time_delta_sensor_async.py took 0.196 seconds
[2025-06-17T04:10:58.355+0300] {processor.py:157} INFO - Started process (PID=18900) to work on /home/qwerty/.local/lib/python3.10/site-packages/airflow/example_dags/example_time_delta_sensor_async.py
[2025-06-17T04:10:58.361+0300] {processor.py:829} INFO - Processing file /home/qwerty/.local/lib/python3.10/site-packages/airflow/example_dags/example_time_delta_sensor_async.py for tasks to queue
[2025-06-17T04:10:58.364+0300] {logging_mixin.py:151} INFO - [2025-06-17T04:10:58.363+0300] {dagbag.py:539} INFO - Filling up the DagBag from /home/qwerty/.local/lib/python3.10/site-packages/airflow/example_dags/example_time_delta_sensor_async.py
[2025-06-17T04:10:58.382+0300] {processor.py:839} INFO - DAG(s) dict_keys(['example_time_delta_sensor_async']) retrieved from /home/qwerty/.local/lib/python3.10/site-packages/airflow/example_dags/example_time_delta_sensor_async.py
[2025-06-17T04:10:58.447+0300] {logging_mixin.py:151} INFO - [2025-06-17T04:10:58.446+0300] {dag.py:2915} INFO - Sync 1 DAGs
[2025-06-17T04:10:58.490+0300] {logging_mixin.py:151} INFO - [2025-06-17T04:10:58.489+0300] {dag.py:3696} INFO - Setting next_dagrun for example_time_delta_sensor_async to None, run_after=None
[2025-06-17T04:10:58.554+0300] {processor.py:179} INFO - Processing /home/qwerty/.local/lib/python3.10/site-packages/airflow/example_dags/example_time_delta_sensor_async.py took 0.209 seconds
[2025-06-17T04:11:54.855+0300] {processor.py:157} INFO - Started process (PID=18954) to work on /home/qwerty/.local/lib/python3.10/site-packages/airflow/example_dags/example_time_delta_sensor_async.py
[2025-06-17T04:11:54.857+0300] {processor.py:829} INFO - Processing file /home/qwerty/.local/lib/python3.10/site-packages/airflow/example_dags/example_time_delta_sensor_async.py for tasks to queue
[2025-06-17T04:11:54.860+0300] {logging_mixin.py:151} INFO - [2025-06-17T04:11:54.859+0300] {dagbag.py:539} INFO - Filling up the DagBag from /home/qwerty/.local/lib/python3.10/site-packages/airflow/example_dags/example_time_delta_sensor_async.py
[2025-06-17T04:11:54.890+0300] {processor.py:839} INFO - DAG(s) dict_keys(['example_time_delta_sensor_async']) retrieved from /home/qwerty/.local/lib/python3.10/site-packages/airflow/example_dags/example_time_delta_sensor_async.py
[2025-06-17T04:11:54.987+0300] {logging_mixin.py:151} INFO - [2025-06-17T04:11:54.985+0300] {dag.py:2915} INFO - Sync 1 DAGs
[2025-06-17T04:11:55.018+0300] {logging_mixin.py:151} INFO - [2025-06-17T04:11:55.017+0300] {dag.py:3696} INFO - Setting next_dagrun for example_time_delta_sensor_async to None, run_after=None
[2025-06-17T04:11:55.078+0300] {processor.py:179} INFO - Processing /home/qwerty/.local/lib/python3.10/site-packages/airflow/example_dags/example_time_delta_sensor_async.py took 0.234 seconds
[2025-06-17T04:12:52.851+0300] {processor.py:157} INFO - Started process (PID=19047) to work on /home/qwerty/.local/lib/python3.10/site-packages/airflow/example_dags/example_time_delta_sensor_async.py
[2025-06-17T04:12:52.858+0300] {processor.py:829} INFO - Processing file /home/qwerty/.local/lib/python3.10/site-packages/airflow/example_dags/example_time_delta_sensor_async.py for tasks to queue
[2025-06-17T04:12:52.861+0300] {logging_mixin.py:151} INFO - [2025-06-17T04:12:52.860+0300] {dagbag.py:539} INFO - Filling up the DagBag from /home/qwerty/.local/lib/python3.10/site-packages/airflow/example_dags/example_time_delta_sensor_async.py
[2025-06-17T04:12:52.877+0300] {processor.py:839} INFO - DAG(s) dict_keys(['example_time_delta_sensor_async']) retrieved from /home/qwerty/.local/lib/python3.10/site-packages/airflow/example_dags/example_time_delta_sensor_async.py
[2025-06-17T04:12:52.920+0300] {logging_mixin.py:151} INFO - [2025-06-17T04:12:52.919+0300] {dag.py:2915} INFO - Sync 1 DAGs
[2025-06-17T04:12:52.942+0300] {logging_mixin.py:151} INFO - [2025-06-17T04:12:52.942+0300] {dag.py:3696} INFO - Setting next_dagrun for example_time_delta_sensor_async to None, run_after=None
[2025-06-17T04:12:52.997+0300] {processor.py:179} INFO - Processing /home/qwerty/.local/lib/python3.10/site-packages/airflow/example_dags/example_time_delta_sensor_async.py took 0.156 seconds
[2025-06-17T04:13:48.018+0300] {processor.py:157} INFO - Started process (PID=19096) to work on /home/qwerty/.local/lib/python3.10/site-packages/airflow/example_dags/example_time_delta_sensor_async.py
[2025-06-17T04:13:48.021+0300] {processor.py:829} INFO - Processing file /home/qwerty/.local/lib/python3.10/site-packages/airflow/example_dags/example_time_delta_sensor_async.py for tasks to queue
[2025-06-17T04:13:48.022+0300] {logging_mixin.py:151} INFO - [2025-06-17T04:13:48.022+0300] {dagbag.py:539} INFO - Filling up the DagBag from /home/qwerty/.local/lib/python3.10/site-packages/airflow/example_dags/example_time_delta_sensor_async.py
[2025-06-17T04:13:48.029+0300] {processor.py:839} INFO - DAG(s) dict_keys(['example_time_delta_sensor_async']) retrieved from /home/qwerty/.local/lib/python3.10/site-packages/airflow/example_dags/example_time_delta_sensor_async.py
[2025-06-17T04:13:48.051+0300] {logging_mixin.py:151} INFO - [2025-06-17T04:13:48.050+0300] {dag.py:2915} INFO - Sync 1 DAGs
[2025-06-17T04:13:48.067+0300] {logging_mixin.py:151} INFO - [2025-06-17T04:13:48.066+0300] {dag.py:3696} INFO - Setting next_dagrun for example_time_delta_sensor_async to None, run_after=None
[2025-06-17T04:13:48.094+0300] {processor.py:179} INFO - Processing /home/qwerty/.local/lib/python3.10/site-packages/airflow/example_dags/example_time_delta_sensor_async.py took 0.085 seconds
[2025-06-17T04:14:48.947+0300] {processor.py:157} INFO - Started process (PID=19158) to work on /home/qwerty/.local/lib/python3.10/site-packages/airflow/example_dags/example_time_delta_sensor_async.py
[2025-06-17T04:14:48.949+0300] {processor.py:829} INFO - Processing file /home/qwerty/.local/lib/python3.10/site-packages/airflow/example_dags/example_time_delta_sensor_async.py for tasks to queue
[2025-06-17T04:14:48.951+0300] {logging_mixin.py:151} INFO - [2025-06-17T04:14:48.950+0300] {dagbag.py:539} INFO - Filling up the DagBag from /home/qwerty/.local/lib/python3.10/site-packages/airflow/example_dags/example_time_delta_sensor_async.py
[2025-06-17T04:14:48.956+0300] {processor.py:839} INFO - DAG(s) dict_keys(['example_time_delta_sensor_async']) retrieved from /home/qwerty/.local/lib/python3.10/site-packages/airflow/example_dags/example_time_delta_sensor_async.py
[2025-06-17T04:14:48.977+0300] {logging_mixin.py:151} INFO - [2025-06-17T04:14:48.977+0300] {dag.py:2915} INFO - Sync 1 DAGs
[2025-06-17T04:14:48.990+0300] {logging_mixin.py:151} INFO - [2025-06-17T04:14:48.990+0300] {dag.py:3696} INFO - Setting next_dagrun for example_time_delta_sensor_async to None, run_after=None
[2025-06-17T04:14:49.036+0300] {processor.py:179} INFO - Processing /home/qwerty/.local/lib/python3.10/site-packages/airflow/example_dags/example_time_delta_sensor_async.py took 0.099 seconds
[2025-06-17T04:15:50.647+0300] {processor.py:157} INFO - Started process (PID=19209) to work on /home/qwerty/.local/lib/python3.10/site-packages/airflow/example_dags/example_time_delta_sensor_async.py
[2025-06-17T04:15:50.648+0300] {processor.py:829} INFO - Processing file /home/qwerty/.local/lib/python3.10/site-packages/airflow/example_dags/example_time_delta_sensor_async.py for tasks to queue
[2025-06-17T04:15:50.649+0300] {logging_mixin.py:151} INFO - [2025-06-17T04:15:50.649+0300] {dagbag.py:539} INFO - Filling up the DagBag from /home/qwerty/.local/lib/python3.10/site-packages/airflow/example_dags/example_time_delta_sensor_async.py
[2025-06-17T04:15:50.655+0300] {processor.py:839} INFO - DAG(s) dict_keys(['example_time_delta_sensor_async']) retrieved from /home/qwerty/.local/lib/python3.10/site-packages/airflow/example_dags/example_time_delta_sensor_async.py
[2025-06-17T04:15:50.677+0300] {logging_mixin.py:151} INFO - [2025-06-17T04:15:50.677+0300] {dag.py:2915} INFO - Sync 1 DAGs
[2025-06-17T04:15:50.691+0300] {logging_mixin.py:151} INFO - [2025-06-17T04:15:50.690+0300] {dag.py:3696} INFO - Setting next_dagrun for example_time_delta_sensor_async to None, run_after=None
[2025-06-17T04:15:50.721+0300] {processor.py:179} INFO - Processing /home/qwerty/.local/lib/python3.10/site-packages/airflow/example_dags/example_time_delta_sensor_async.py took 0.079 seconds
[2025-06-17T04:16:47.539+0300] {processor.py:157} INFO - Started process (PID=19294) to work on /home/qwerty/.local/lib/python3.10/site-packages/airflow/example_dags/example_time_delta_sensor_async.py
[2025-06-17T04:16:47.541+0300] {processor.py:829} INFO - Processing file /home/qwerty/.local/lib/python3.10/site-packages/airflow/example_dags/example_time_delta_sensor_async.py for tasks to queue
[2025-06-17T04:16:47.543+0300] {logging_mixin.py:151} INFO - [2025-06-17T04:16:47.542+0300] {dagbag.py:539} INFO - Filling up the DagBag from /home/qwerty/.local/lib/python3.10/site-packages/airflow/example_dags/example_time_delta_sensor_async.py
[2025-06-17T04:16:47.554+0300] {processor.py:839} INFO - DAG(s) dict_keys(['example_time_delta_sensor_async']) retrieved from /home/qwerty/.local/lib/python3.10/site-packages/airflow/example_dags/example_time_delta_sensor_async.py
[2025-06-17T04:16:47.589+0300] {logging_mixin.py:151} INFO - [2025-06-17T04:16:47.588+0300] {dag.py:2915} INFO - Sync 1 DAGs
[2025-06-17T04:16:47.609+0300] {logging_mixin.py:151} INFO - [2025-06-17T04:16:47.609+0300] {dag.py:3696} INFO - Setting next_dagrun for example_time_delta_sensor_async to None, run_after=None
[2025-06-17T04:16:47.651+0300] {processor.py:179} INFO - Processing /home/qwerty/.local/lib/python3.10/site-packages/airflow/example_dags/example_time_delta_sensor_async.py took 0.120 seconds
[2025-06-17T04:17:39.181+0300] {processor.py:157} INFO - Started process (PID=19348) to work on /home/qwerty/.local/lib/python3.10/site-packages/airflow/example_dags/example_time_delta_sensor_async.py
[2025-06-17T04:17:39.183+0300] {processor.py:829} INFO - Processing file /home/qwerty/.local/lib/python3.10/site-packages/airflow/example_dags/example_time_delta_sensor_async.py for tasks to queue
[2025-06-17T04:17:39.184+0300] {logging_mixin.py:151} INFO - [2025-06-17T04:17:39.184+0300] {dagbag.py:539} INFO - Filling up the DagBag from /home/qwerty/.local/lib/python3.10/site-packages/airflow/example_dags/example_time_delta_sensor_async.py
[2025-06-17T04:17:39.194+0300] {processor.py:839} INFO - DAG(s) dict_keys(['example_time_delta_sensor_async']) retrieved from /home/qwerty/.local/lib/python3.10/site-packages/airflow/example_dags/example_time_delta_sensor_async.py
[2025-06-17T04:17:39.226+0300] {logging_mixin.py:151} INFO - [2025-06-17T04:17:39.226+0300] {dag.py:2915} INFO - Sync 1 DAGs
[2025-06-17T04:17:39.245+0300] {logging_mixin.py:151} INFO - [2025-06-17T04:17:39.245+0300] {dag.py:3696} INFO - Setting next_dagrun for example_time_delta_sensor_async to None, run_after=None
[2025-06-17T04:17:39.283+0300] {processor.py:179} INFO - Processing /home/qwerty/.local/lib/python3.10/site-packages/airflow/example_dags/example_time_delta_sensor_async.py took 0.109 seconds
[2025-06-17T04:18:36.669+0300] {processor.py:157} INFO - Started process (PID=19411) to work on /home/qwerty/.local/lib/python3.10/site-packages/airflow/example_dags/example_time_delta_sensor_async.py
[2025-06-17T04:18:36.672+0300] {processor.py:829} INFO - Processing file /home/qwerty/.local/lib/python3.10/site-packages/airflow/example_dags/example_time_delta_sensor_async.py for tasks to queue
[2025-06-17T04:18:36.675+0300] {logging_mixin.py:151} INFO - [2025-06-17T04:18:36.674+0300] {dagbag.py:539} INFO - Filling up the DagBag from /home/qwerty/.local/lib/python3.10/site-packages/airflow/example_dags/example_time_delta_sensor_async.py
[2025-06-17T04:18:36.683+0300] {processor.py:839} INFO - DAG(s) dict_keys(['example_time_delta_sensor_async']) retrieved from /home/qwerty/.local/lib/python3.10/site-packages/airflow/example_dags/example_time_delta_sensor_async.py
[2025-06-17T04:18:36.703+0300] {logging_mixin.py:151} INFO - [2025-06-17T04:18:36.703+0300] {dag.py:2915} INFO - Sync 1 DAGs
[2025-06-17T04:18:36.717+0300] {logging_mixin.py:151} INFO - [2025-06-17T04:18:36.717+0300] {dag.py:3696} INFO - Setting next_dagrun for example_time_delta_sensor_async to None, run_after=None
[2025-06-17T04:18:36.746+0300] {processor.py:179} INFO - Processing /home/qwerty/.local/lib/python3.10/site-packages/airflow/example_dags/example_time_delta_sensor_async.py took 0.088 seconds
[2025-06-17T04:19:33.289+0300] {processor.py:157} INFO - Started process (PID=19513) to work on /home/qwerty/.local/lib/python3.10/site-packages/airflow/example_dags/example_time_delta_sensor_async.py
[2025-06-17T04:19:33.291+0300] {processor.py:829} INFO - Processing file /home/qwerty/.local/lib/python3.10/site-packages/airflow/example_dags/example_time_delta_sensor_async.py for tasks to queue
[2025-06-17T04:19:33.292+0300] {logging_mixin.py:151} INFO - [2025-06-17T04:19:33.291+0300] {dagbag.py:539} INFO - Filling up the DagBag from /home/qwerty/.local/lib/python3.10/site-packages/airflow/example_dags/example_time_delta_sensor_async.py
[2025-06-17T04:19:33.297+0300] {processor.py:839} INFO - DAG(s) dict_keys(['example_time_delta_sensor_async']) retrieved from /home/qwerty/.local/lib/python3.10/site-packages/airflow/example_dags/example_time_delta_sensor_async.py
[2025-06-17T04:19:33.319+0300] {logging_mixin.py:151} INFO - [2025-06-17T04:19:33.318+0300] {dag.py:2915} INFO - Sync 1 DAGs
[2025-06-17T04:19:33.334+0300] {logging_mixin.py:151} INFO - [2025-06-17T04:19:33.334+0300] {dag.py:3696} INFO - Setting next_dagrun for example_time_delta_sensor_async to None, run_after=None
[2025-06-17T04:19:33.363+0300] {processor.py:179} INFO - Processing /home/qwerty/.local/lib/python3.10/site-packages/airflow/example_dags/example_time_delta_sensor_async.py took 0.085 seconds
[2025-06-17T04:20:24.430+0300] {processor.py:157} INFO - Started process (PID=19567) to work on /home/qwerty/.local/lib/python3.10/site-packages/airflow/example_dags/example_time_delta_sensor_async.py
[2025-06-17T04:20:24.432+0300] {processor.py:829} INFO - Processing file /home/qwerty/.local/lib/python3.10/site-packages/airflow/example_dags/example_time_delta_sensor_async.py for tasks to queue
[2025-06-17T04:20:24.435+0300] {logging_mixin.py:151} INFO - [2025-06-17T04:20:24.434+0300] {dagbag.py:539} INFO - Filling up the DagBag from /home/qwerty/.local/lib/python3.10/site-packages/airflow/example_dags/example_time_delta_sensor_async.py
[2025-06-17T04:20:24.447+0300] {processor.py:839} INFO - DAG(s) dict_keys(['example_time_delta_sensor_async']) retrieved from /home/qwerty/.local/lib/python3.10/site-packages/airflow/example_dags/example_time_delta_sensor_async.py
[2025-06-17T04:20:24.490+0300] {logging_mixin.py:151} INFO - [2025-06-17T04:20:24.490+0300] {dag.py:2915} INFO - Sync 1 DAGs
[2025-06-17T04:20:24.520+0300] {logging_mixin.py:151} INFO - [2025-06-17T04:20:24.520+0300] {dag.py:3696} INFO - Setting next_dagrun for example_time_delta_sensor_async to None, run_after=None
[2025-06-17T04:20:24.596+0300] {processor.py:179} INFO - Processing /home/qwerty/.local/lib/python3.10/site-packages/airflow/example_dags/example_time_delta_sensor_async.py took 0.175 seconds
[2025-06-17T04:21:18.859+0300] {processor.py:157} INFO - Started process (PID=19633) to work on /home/qwerty/.local/lib/python3.10/site-packages/airflow/example_dags/example_time_delta_sensor_async.py
[2025-06-17T04:21:18.862+0300] {processor.py:829} INFO - Processing file /home/qwerty/.local/lib/python3.10/site-packages/airflow/example_dags/example_time_delta_sensor_async.py for tasks to queue
[2025-06-17T04:21:18.864+0300] {logging_mixin.py:151} INFO - [2025-06-17T04:21:18.863+0300] {dagbag.py:539} INFO - Filling up the DagBag from /home/qwerty/.local/lib/python3.10/site-packages/airflow/example_dags/example_time_delta_sensor_async.py
[2025-06-17T04:21:18.878+0300] {processor.py:839} INFO - DAG(s) dict_keys(['example_time_delta_sensor_async']) retrieved from /home/qwerty/.local/lib/python3.10/site-packages/airflow/example_dags/example_time_delta_sensor_async.py
[2025-06-17T04:21:18.908+0300] {logging_mixin.py:151} INFO - [2025-06-17T04:21:18.907+0300] {dag.py:2915} INFO - Sync 1 DAGs
[2025-06-17T04:21:18.922+0300] {logging_mixin.py:151} INFO - [2025-06-17T04:21:18.922+0300] {dag.py:3696} INFO - Setting next_dagrun for example_time_delta_sensor_async to None, run_after=None
[2025-06-17T04:21:18.951+0300] {processor.py:179} INFO - Processing /home/qwerty/.local/lib/python3.10/site-packages/airflow/example_dags/example_time_delta_sensor_async.py took 0.102 seconds
[2025-06-17T04:22:18.846+0300] {processor.py:157} INFO - Started process (PID=19731) to work on /home/qwerty/.local/lib/python3.10/site-packages/airflow/example_dags/example_time_delta_sensor_async.py
[2025-06-17T04:22:18.853+0300] {processor.py:829} INFO - Processing file /home/qwerty/.local/lib/python3.10/site-packages/airflow/example_dags/example_time_delta_sensor_async.py for tasks to queue
[2025-06-17T04:22:18.858+0300] {logging_mixin.py:151} INFO - [2025-06-17T04:22:18.856+0300] {dagbag.py:539} INFO - Filling up the DagBag from /home/qwerty/.local/lib/python3.10/site-packages/airflow/example_dags/example_time_delta_sensor_async.py
[2025-06-17T04:22:18.868+0300] {processor.py:839} INFO - DAG(s) dict_keys(['example_time_delta_sensor_async']) retrieved from /home/qwerty/.local/lib/python3.10/site-packages/airflow/example_dags/example_time_delta_sensor_async.py
[2025-06-17T04:22:18.896+0300] {logging_mixin.py:151} INFO - [2025-06-17T04:22:18.896+0300] {dag.py:2915} INFO - Sync 1 DAGs
[2025-06-17T04:22:18.914+0300] {logging_mixin.py:151} INFO - [2025-06-17T04:22:18.914+0300] {dag.py:3696} INFO - Setting next_dagrun for example_time_delta_sensor_async to None, run_after=None
[2025-06-17T04:22:18.965+0300] {processor.py:179} INFO - Processing /home/qwerty/.local/lib/python3.10/site-packages/airflow/example_dags/example_time_delta_sensor_async.py took 0.130 seconds
[2025-06-17T04:23:14.384+0300] {processor.py:157} INFO - Started process (PID=19813) to work on /home/qwerty/.local/lib/python3.10/site-packages/airflow/example_dags/example_time_delta_sensor_async.py
[2025-06-17T04:23:14.391+0300] {processor.py:829} INFO - Processing file /home/qwerty/.local/lib/python3.10/site-packages/airflow/example_dags/example_time_delta_sensor_async.py for tasks to queue
[2025-06-17T04:23:14.393+0300] {logging_mixin.py:151} INFO - [2025-06-17T04:23:14.392+0300] {dagbag.py:539} INFO - Filling up the DagBag from /home/qwerty/.local/lib/python3.10/site-packages/airflow/example_dags/example_time_delta_sensor_async.py
[2025-06-17T04:23:14.400+0300] {processor.py:839} INFO - DAG(s) dict_keys(['example_time_delta_sensor_async']) retrieved from /home/qwerty/.local/lib/python3.10/site-packages/airflow/example_dags/example_time_delta_sensor_async.py
[2025-06-17T04:23:14.428+0300] {logging_mixin.py:151} INFO - [2025-06-17T04:23:14.428+0300] {dag.py:2915} INFO - Sync 1 DAGs
[2025-06-17T04:23:14.450+0300] {logging_mixin.py:151} INFO - [2025-06-17T04:23:14.450+0300] {dag.py:3696} INFO - Setting next_dagrun for example_time_delta_sensor_async to None, run_after=None
[2025-06-17T04:23:14.499+0300] {processor.py:179} INFO - Processing /home/qwerty/.local/lib/python3.10/site-packages/airflow/example_dags/example_time_delta_sensor_async.py took 0.122 seconds
[2025-06-17T04:24:14.551+0300] {processor.py:157} INFO - Started process (PID=19898) to work on /home/qwerty/.local/lib/python3.10/site-packages/airflow/example_dags/example_time_delta_sensor_async.py
[2025-06-17T04:24:14.553+0300] {processor.py:829} INFO - Processing file /home/qwerty/.local/lib/python3.10/site-packages/airflow/example_dags/example_time_delta_sensor_async.py for tasks to queue
[2025-06-17T04:24:14.556+0300] {logging_mixin.py:151} INFO - [2025-06-17T04:24:14.555+0300] {dagbag.py:539} INFO - Filling up the DagBag from /home/qwerty/.local/lib/python3.10/site-packages/airflow/example_dags/example_time_delta_sensor_async.py
[2025-06-17T04:24:14.567+0300] {processor.py:839} INFO - DAG(s) dict_keys(['example_time_delta_sensor_async']) retrieved from /home/qwerty/.local/lib/python3.10/site-packages/airflow/example_dags/example_time_delta_sensor_async.py
[2025-06-17T04:24:14.593+0300] {logging_mixin.py:151} INFO - [2025-06-17T04:24:14.592+0300] {dag.py:2915} INFO - Sync 1 DAGs
[2025-06-17T04:24:14.611+0300] {logging_mixin.py:151} INFO - [2025-06-17T04:24:14.610+0300] {dag.py:3696} INFO - Setting next_dagrun for example_time_delta_sensor_async to None, run_after=None
[2025-06-17T04:24:14.640+0300] {processor.py:179} INFO - Processing /home/qwerty/.local/lib/python3.10/site-packages/airflow/example_dags/example_time_delta_sensor_async.py took 0.095 seconds
[2025-06-17T04:25:05.447+0300] {processor.py:157} INFO - Started process (PID=19971) to work on /home/qwerty/.local/lib/python3.10/site-packages/airflow/example_dags/example_time_delta_sensor_async.py
[2025-06-17T04:25:05.451+0300] {processor.py:829} INFO - Processing file /home/qwerty/.local/lib/python3.10/site-packages/airflow/example_dags/example_time_delta_sensor_async.py for tasks to queue
[2025-06-17T04:25:05.453+0300] {logging_mixin.py:151} INFO - [2025-06-17T04:25:05.452+0300] {dagbag.py:539} INFO - Filling up the DagBag from /home/qwerty/.local/lib/python3.10/site-packages/airflow/example_dags/example_time_delta_sensor_async.py
[2025-06-17T04:25:05.468+0300] {processor.py:839} INFO - DAG(s) dict_keys(['example_time_delta_sensor_async']) retrieved from /home/qwerty/.local/lib/python3.10/site-packages/airflow/example_dags/example_time_delta_sensor_async.py
[2025-06-17T04:25:05.497+0300] {logging_mixin.py:151} INFO - [2025-06-17T04:25:05.497+0300] {dag.py:2915} INFO - Sync 1 DAGs
[2025-06-17T04:25:05.511+0300] {logging_mixin.py:151} INFO - [2025-06-17T04:25:05.511+0300] {dag.py:3696} INFO - Setting next_dagrun for example_time_delta_sensor_async to None, run_after=None
[2025-06-17T04:25:05.541+0300] {processor.py:179} INFO - Processing /home/qwerty/.local/lib/python3.10/site-packages/airflow/example_dags/example_time_delta_sensor_async.py took 0.106 seconds
[2025-06-17T04:25:51.774+0300] {processor.py:157} INFO - Started process (PID=20014) to work on /home/qwerty/.local/lib/python3.10/site-packages/airflow/example_dags/example_time_delta_sensor_async.py
[2025-06-17T04:25:51.778+0300] {processor.py:829} INFO - Processing file /home/qwerty/.local/lib/python3.10/site-packages/airflow/example_dags/example_time_delta_sensor_async.py for tasks to queue
[2025-06-17T04:25:51.781+0300] {logging_mixin.py:151} INFO - [2025-06-17T04:25:51.780+0300] {dagbag.py:539} INFO - Filling up the DagBag from /home/qwerty/.local/lib/python3.10/site-packages/airflow/example_dags/example_time_delta_sensor_async.py
[2025-06-17T04:25:51.794+0300] {processor.py:839} INFO - DAG(s) dict_keys(['example_time_delta_sensor_async']) retrieved from /home/qwerty/.local/lib/python3.10/site-packages/airflow/example_dags/example_time_delta_sensor_async.py
[2025-06-17T04:25:51.842+0300] {logging_mixin.py:151} INFO - [2025-06-17T04:25:51.841+0300] {dag.py:2915} INFO - Sync 1 DAGs
[2025-06-17T04:25:51.884+0300] {logging_mixin.py:151} INFO - [2025-06-17T04:25:51.884+0300] {dag.py:3696} INFO - Setting next_dagrun for example_time_delta_sensor_async to None, run_after=None
[2025-06-17T04:25:51.935+0300] {processor.py:179} INFO - Processing /home/qwerty/.local/lib/python3.10/site-packages/airflow/example_dags/example_time_delta_sensor_async.py took 0.172 seconds
[2025-06-17T04:26:43.827+0300] {processor.py:157} INFO - Started process (PID=20067) to work on /home/qwerty/.local/lib/python3.10/site-packages/airflow/example_dags/example_time_delta_sensor_async.py
[2025-06-17T04:26:43.830+0300] {processor.py:829} INFO - Processing file /home/qwerty/.local/lib/python3.10/site-packages/airflow/example_dags/example_time_delta_sensor_async.py for tasks to queue
[2025-06-17T04:26:43.832+0300] {logging_mixin.py:151} INFO - [2025-06-17T04:26:43.831+0300] {dagbag.py:539} INFO - Filling up the DagBag from /home/qwerty/.local/lib/python3.10/site-packages/airflow/example_dags/example_time_delta_sensor_async.py
[2025-06-17T04:26:43.843+0300] {processor.py:839} INFO - DAG(s) dict_keys(['example_time_delta_sensor_async']) retrieved from /home/qwerty/.local/lib/python3.10/site-packages/airflow/example_dags/example_time_delta_sensor_async.py
[2025-06-17T04:26:43.874+0300] {logging_mixin.py:151} INFO - [2025-06-17T04:26:43.873+0300] {dag.py:2915} INFO - Sync 1 DAGs
[2025-06-17T04:26:43.896+0300] {logging_mixin.py:151} INFO - [2025-06-17T04:26:43.896+0300] {dag.py:3696} INFO - Setting next_dagrun for example_time_delta_sensor_async to None, run_after=None
[2025-06-17T04:26:43.936+0300] {processor.py:179} INFO - Processing /home/qwerty/.local/lib/python3.10/site-packages/airflow/example_dags/example_time_delta_sensor_async.py took 0.115 seconds
[2025-06-17T04:27:34.803+0300] {processor.py:157} INFO - Started process (PID=20112) to work on /home/qwerty/.local/lib/python3.10/site-packages/airflow/example_dags/example_time_delta_sensor_async.py
[2025-06-17T04:27:34.810+0300] {processor.py:829} INFO - Processing file /home/qwerty/.local/lib/python3.10/site-packages/airflow/example_dags/example_time_delta_sensor_async.py for tasks to queue
[2025-06-17T04:27:34.813+0300] {logging_mixin.py:151} INFO - [2025-06-17T04:27:34.811+0300] {dagbag.py:539} INFO - Filling up the DagBag from /home/qwerty/.local/lib/python3.10/site-packages/airflow/example_dags/example_time_delta_sensor_async.py
[2025-06-17T04:27:34.826+0300] {processor.py:839} INFO - DAG(s) dict_keys(['example_time_delta_sensor_async']) retrieved from /home/qwerty/.local/lib/python3.10/site-packages/airflow/example_dags/example_time_delta_sensor_async.py
[2025-06-17T04:27:34.863+0300] {logging_mixin.py:151} INFO - [2025-06-17T04:27:34.862+0300] {dag.py:2915} INFO - Sync 1 DAGs
[2025-06-17T04:27:34.884+0300] {logging_mixin.py:151} INFO - [2025-06-17T04:27:34.884+0300] {dag.py:3696} INFO - Setting next_dagrun for example_time_delta_sensor_async to None, run_after=None
[2025-06-17T04:27:34.933+0300] {processor.py:179} INFO - Processing /home/qwerty/.local/lib/python3.10/site-packages/airflow/example_dags/example_time_delta_sensor_async.py took 0.140 seconds
[2025-06-17T04:28:25.654+0300] {processor.py:157} INFO - Started process (PID=20194) to work on /home/qwerty/.local/lib/python3.10/site-packages/airflow/example_dags/example_time_delta_sensor_async.py
[2025-06-17T04:28:25.657+0300] {processor.py:829} INFO - Processing file /home/qwerty/.local/lib/python3.10/site-packages/airflow/example_dags/example_time_delta_sensor_async.py for tasks to queue
[2025-06-17T04:28:25.660+0300] {logging_mixin.py:151} INFO - [2025-06-17T04:28:25.659+0300] {dagbag.py:539} INFO - Filling up the DagBag from /home/qwerty/.local/lib/python3.10/site-packages/airflow/example_dags/example_time_delta_sensor_async.py
[2025-06-17T04:28:25.674+0300] {processor.py:839} INFO - DAG(s) dict_keys(['example_time_delta_sensor_async']) retrieved from /home/qwerty/.local/lib/python3.10/site-packages/airflow/example_dags/example_time_delta_sensor_async.py
[2025-06-17T04:28:25.694+0300] {logging_mixin.py:151} INFO - [2025-06-17T04:28:25.693+0300] {dag.py:2915} INFO - Sync 1 DAGs
[2025-06-17T04:28:25.707+0300] {logging_mixin.py:151} INFO - [2025-06-17T04:28:25.707+0300] {dag.py:3696} INFO - Setting next_dagrun for example_time_delta_sensor_async to None, run_after=None
[2025-06-17T04:28:25.751+0300] {processor.py:179} INFO - Processing /home/qwerty/.local/lib/python3.10/site-packages/airflow/example_dags/example_time_delta_sensor_async.py took 0.108 seconds
[2025-06-17T04:29:19.632+0300] {processor.py:157} INFO - Started process (PID=20254) to work on /home/qwerty/.local/lib/python3.10/site-packages/airflow/example_dags/example_time_delta_sensor_async.py
[2025-06-17T04:29:19.635+0300] {processor.py:829} INFO - Processing file /home/qwerty/.local/lib/python3.10/site-packages/airflow/example_dags/example_time_delta_sensor_async.py for tasks to queue
[2025-06-17T04:29:19.638+0300] {logging_mixin.py:151} INFO - [2025-06-17T04:29:19.637+0300] {dagbag.py:539} INFO - Filling up the DagBag from /home/qwerty/.local/lib/python3.10/site-packages/airflow/example_dags/example_time_delta_sensor_async.py
[2025-06-17T04:29:19.649+0300] {processor.py:839} INFO - DAG(s) dict_keys(['example_time_delta_sensor_async']) retrieved from /home/qwerty/.local/lib/python3.10/site-packages/airflow/example_dags/example_time_delta_sensor_async.py
[2025-06-17T04:29:19.670+0300] {logging_mixin.py:151} INFO - [2025-06-17T04:29:19.669+0300] {dag.py:2915} INFO - Sync 1 DAGs
[2025-06-17T04:29:19.683+0300] {logging_mixin.py:151} INFO - [2025-06-17T04:29:19.683+0300] {dag.py:3696} INFO - Setting next_dagrun for example_time_delta_sensor_async to None, run_after=None
[2025-06-17T04:29:19.715+0300] {processor.py:179} INFO - Processing /home/qwerty/.local/lib/python3.10/site-packages/airflow/example_dags/example_time_delta_sensor_async.py took 0.094 seconds
[2025-06-17T04:30:19.394+0300] {processor.py:157} INFO - Started process (PID=20315) to work on /home/qwerty/.local/lib/python3.10/site-packages/airflow/example_dags/example_time_delta_sensor_async.py
[2025-06-17T04:30:19.397+0300] {processor.py:829} INFO - Processing file /home/qwerty/.local/lib/python3.10/site-packages/airflow/example_dags/example_time_delta_sensor_async.py for tasks to queue
[2025-06-17T04:30:19.400+0300] {logging_mixin.py:151} INFO - [2025-06-17T04:30:19.399+0300] {dagbag.py:539} INFO - Filling up the DagBag from /home/qwerty/.local/lib/python3.10/site-packages/airflow/example_dags/example_time_delta_sensor_async.py
[2025-06-17T04:30:19.409+0300] {processor.py:839} INFO - DAG(s) dict_keys(['example_time_delta_sensor_async']) retrieved from /home/qwerty/.local/lib/python3.10/site-packages/airflow/example_dags/example_time_delta_sensor_async.py
[2025-06-17T04:30:19.429+0300] {logging_mixin.py:151} INFO - [2025-06-17T04:30:19.429+0300] {dag.py:2915} INFO - Sync 1 DAGs
[2025-06-17T04:30:19.442+0300] {logging_mixin.py:151} INFO - [2025-06-17T04:30:19.441+0300] {dag.py:3696} INFO - Setting next_dagrun for example_time_delta_sensor_async to None, run_after=None
[2025-06-17T04:30:19.485+0300] {processor.py:179} INFO - Processing /home/qwerty/.local/lib/python3.10/site-packages/airflow/example_dags/example_time_delta_sensor_async.py took 0.102 seconds
[2025-06-17T04:31:12.747+0300] {processor.py:157} INFO - Started process (PID=20374) to work on /home/qwerty/.local/lib/python3.10/site-packages/airflow/example_dags/example_time_delta_sensor_async.py
[2025-06-17T04:31:12.748+0300] {processor.py:829} INFO - Processing file /home/qwerty/.local/lib/python3.10/site-packages/airflow/example_dags/example_time_delta_sensor_async.py for tasks to queue
[2025-06-17T04:31:12.750+0300] {logging_mixin.py:151} INFO - [2025-06-17T04:31:12.749+0300] {dagbag.py:539} INFO - Filling up the DagBag from /home/qwerty/.local/lib/python3.10/site-packages/airflow/example_dags/example_time_delta_sensor_async.py
[2025-06-17T04:31:12.757+0300] {processor.py:839} INFO - DAG(s) dict_keys(['example_time_delta_sensor_async']) retrieved from /home/qwerty/.local/lib/python3.10/site-packages/airflow/example_dags/example_time_delta_sensor_async.py
[2025-06-17T04:31:12.778+0300] {logging_mixin.py:151} INFO - [2025-06-17T04:31:12.777+0300] {dag.py:2915} INFO - Sync 1 DAGs
[2025-06-17T04:31:12.791+0300] {logging_mixin.py:151} INFO - [2025-06-17T04:31:12.791+0300] {dag.py:3696} INFO - Setting next_dagrun for example_time_delta_sensor_async to None, run_after=None
[2025-06-17T04:31:12.834+0300] {processor.py:179} INFO - Processing /home/qwerty/.local/lib/python3.10/site-packages/airflow/example_dags/example_time_delta_sensor_async.py took 0.096 seconds
