[2025-06-17T04:08:03.698+0300] {processor.py:157} INFO - Started process (PID=18716) to work on /home/qwerty/.local/lib/python3.10/site-packages/airflow/example_dags/example_trigger_target_dag.py
[2025-06-17T04:08:03.701+0300] {processor.py:829} INFO - Processing file /home/qwerty/.local/lib/python3.10/site-packages/airflow/example_dags/example_trigger_target_dag.py for tasks to queue
[2025-06-17T04:08:03.704+0300] {logging_mixin.py:151} INFO - [2025-06-17T04:08:03.703+0300] {dagbag.py:539} INFO - Filling up the DagBag from /home/qwerty/.local/lib/python3.10/site-packages/airflow/example_dags/example_trigger_target_dag.py
[2025-06-17T04:08:03.721+0300] {processor.py:839} INFO - DAG(s) dict_keys(['example_trigger_target_dag']) retrieved from /home/qwerty/.local/lib/python3.10/site-packages/airflow/example_dags/example_trigger_target_dag.py
[2025-06-17T04:08:03.760+0300] {logging_mixin.py:151} INFO - [2025-06-17T04:08:03.759+0300] {dag.py:2915} INFO - Sync 1 DAGs
[2025-06-17T04:08:03.789+0300] {logging_mixin.py:151} INFO - [2025-06-17T04:08:03.789+0300] {dag.py:3696} INFO - Setting next_dagrun for example_trigger_target_dag to None, run_after=None
[2025-06-17T04:08:03.851+0300] {processor.py:179} INFO - Processing /home/qwerty/.local/lib/python3.10/site-packages/airflow/example_dags/example_trigger_target_dag.py took 0.163 seconds
[2025-06-17T04:09:01.581+0300] {processor.py:157} INFO - Started process (PID=18795) to work on /home/qwerty/.local/lib/python3.10/site-packages/airflow/example_dags/example_trigger_target_dag.py
[2025-06-17T04:09:01.584+0300] {processor.py:829} INFO - Processing file /home/qwerty/.local/lib/python3.10/site-packages/airflow/example_dags/example_trigger_target_dag.py for tasks to queue
[2025-06-17T04:09:01.586+0300] {logging_mixin.py:151} INFO - [2025-06-17T04:09:01.585+0300] {dagbag.py:539} INFO - Filling up the DagBag from /home/qwerty/.local/lib/python3.10/site-packages/airflow/example_dags/example_trigger_target_dag.py
[2025-06-17T04:09:01.601+0300] {processor.py:839} INFO - DAG(s) dict_keys(['example_trigger_target_dag']) retrieved from /home/qwerty/.local/lib/python3.10/site-packages/airflow/example_dags/example_trigger_target_dag.py
[2025-06-17T04:09:01.637+0300] {logging_mixin.py:151} INFO - [2025-06-17T04:09:01.637+0300] {dag.py:2915} INFO - Sync 1 DAGs
[2025-06-17T04:09:01.666+0300] {logging_mixin.py:151} INFO - [2025-06-17T04:09:01.665+0300] {dag.py:3696} INFO - Setting next_dagrun for example_trigger_target_dag to None, run_after=None
[2025-06-17T04:09:01.719+0300] {processor.py:179} INFO - Processing /home/qwerty/.local/lib/python3.10/site-packages/airflow/example_dags/example_trigger_target_dag.py took 0.147 seconds
[2025-06-17T04:09:57.967+0300] {processor.py:157} INFO - Started process (PID=18846) to work on /home/qwerty/.local/lib/python3.10/site-packages/airflow/example_dags/example_trigger_target_dag.py
[2025-06-17T04:09:57.969+0300] {processor.py:829} INFO - Processing file /home/qwerty/.local/lib/python3.10/site-packages/airflow/example_dags/example_trigger_target_dag.py for tasks to queue
[2025-06-17T04:09:57.971+0300] {logging_mixin.py:151} INFO - [2025-06-17T04:09:57.971+0300] {dagbag.py:539} INFO - Filling up the DagBag from /home/qwerty/.local/lib/python3.10/site-packages/airflow/example_dags/example_trigger_target_dag.py
[2025-06-17T04:09:57.987+0300] {processor.py:839} INFO - DAG(s) dict_keys(['example_trigger_target_dag']) retrieved from /home/qwerty/.local/lib/python3.10/site-packages/airflow/example_dags/example_trigger_target_dag.py
[2025-06-17T04:09:58.023+0300] {logging_mixin.py:151} INFO - [2025-06-17T04:09:58.023+0300] {dag.py:2915} INFO - Sync 1 DAGs
[2025-06-17T04:09:58.055+0300] {logging_mixin.py:151} INFO - [2025-06-17T04:09:58.054+0300] {dag.py:3696} INFO - Setting next_dagrun for example_trigger_target_dag to None, run_after=None
[2025-06-17T04:09:58.108+0300] {processor.py:179} INFO - Processing /home/qwerty/.local/lib/python3.10/site-packages/airflow/example_dags/example_trigger_target_dag.py took 0.151 seconds
[2025-06-17T04:10:56.985+0300] {processor.py:157} INFO - Started process (PID=18899) to work on /home/qwerty/.local/lib/python3.10/site-packages/airflow/example_dags/example_trigger_target_dag.py
[2025-06-17T04:10:56.988+0300] {processor.py:829} INFO - Processing file /home/qwerty/.local/lib/python3.10/site-packages/airflow/example_dags/example_trigger_target_dag.py for tasks to queue
[2025-06-17T04:10:56.990+0300] {logging_mixin.py:151} INFO - [2025-06-17T04:10:56.989+0300] {dagbag.py:539} INFO - Filling up the DagBag from /home/qwerty/.local/lib/python3.10/site-packages/airflow/example_dags/example_trigger_target_dag.py
[2025-06-17T04:10:57.007+0300] {processor.py:839} INFO - DAG(s) dict_keys(['example_trigger_target_dag']) retrieved from /home/qwerty/.local/lib/python3.10/site-packages/airflow/example_dags/example_trigger_target_dag.py
[2025-06-17T04:10:57.048+0300] {logging_mixin.py:151} INFO - [2025-06-17T04:10:57.047+0300] {dag.py:2915} INFO - Sync 1 DAGs
[2025-06-17T04:10:57.082+0300] {logging_mixin.py:151} INFO - [2025-06-17T04:10:57.081+0300] {dag.py:3696} INFO - Setting next_dagrun for example_trigger_target_dag to None, run_after=None
[2025-06-17T04:10:57.162+0300] {processor.py:179} INFO - Processing /home/qwerty/.local/lib/python3.10/site-packages/airflow/example_dags/example_trigger_target_dag.py took 0.185 seconds
[2025-06-17T04:11:53.252+0300] {processor.py:157} INFO - Started process (PID=18953) to work on /home/qwerty/.local/lib/python3.10/site-packages/airflow/example_dags/example_trigger_target_dag.py
[2025-06-17T04:11:53.259+0300] {processor.py:829} INFO - Processing file /home/qwerty/.local/lib/python3.10/site-packages/airflow/example_dags/example_trigger_target_dag.py for tasks to queue
[2025-06-17T04:11:53.261+0300] {logging_mixin.py:151} INFO - [2025-06-17T04:11:53.260+0300] {dagbag.py:539} INFO - Filling up the DagBag from /home/qwerty/.local/lib/python3.10/site-packages/airflow/example_dags/example_trigger_target_dag.py
[2025-06-17T04:11:53.285+0300] {processor.py:839} INFO - DAG(s) dict_keys(['example_trigger_target_dag']) retrieved from /home/qwerty/.local/lib/python3.10/site-packages/airflow/example_dags/example_trigger_target_dag.py
[2025-06-17T04:11:53.350+0300] {logging_mixin.py:151} INFO - [2025-06-17T04:11:53.350+0300] {dag.py:2915} INFO - Sync 1 DAGs
[2025-06-17T04:11:53.401+0300] {logging_mixin.py:151} INFO - [2025-06-17T04:11:53.400+0300] {dag.py:3696} INFO - Setting next_dagrun for example_trigger_target_dag to None, run_after=None
[2025-06-17T04:11:53.516+0300] {processor.py:179} INFO - Processing /home/qwerty/.local/lib/python3.10/site-packages/airflow/example_dags/example_trigger_target_dag.py took 0.277 seconds
[2025-06-17T04:12:51.544+0300] {processor.py:157} INFO - Started process (PID=19043) to work on /home/qwerty/.local/lib/python3.10/site-packages/airflow/example_dags/example_trigger_target_dag.py
[2025-06-17T04:12:51.548+0300] {processor.py:829} INFO - Processing file /home/qwerty/.local/lib/python3.10/site-packages/airflow/example_dags/example_trigger_target_dag.py for tasks to queue
[2025-06-17T04:12:51.550+0300] {logging_mixin.py:151} INFO - [2025-06-17T04:12:51.549+0300] {dagbag.py:539} INFO - Filling up the DagBag from /home/qwerty/.local/lib/python3.10/site-packages/airflow/example_dags/example_trigger_target_dag.py
[2025-06-17T04:12:51.565+0300] {processor.py:839} INFO - DAG(s) dict_keys(['example_trigger_target_dag']) retrieved from /home/qwerty/.local/lib/python3.10/site-packages/airflow/example_dags/example_trigger_target_dag.py
[2025-06-17T04:12:51.604+0300] {logging_mixin.py:151} INFO - [2025-06-17T04:12:51.604+0300] {dag.py:2915} INFO - Sync 1 DAGs
[2025-06-17T04:12:51.632+0300] {logging_mixin.py:151} INFO - [2025-06-17T04:12:51.631+0300] {dag.py:3696} INFO - Setting next_dagrun for example_trigger_target_dag to None, run_after=None
[2025-06-17T04:12:51.690+0300] {processor.py:179} INFO - Processing /home/qwerty/.local/lib/python3.10/site-packages/airflow/example_dags/example_trigger_target_dag.py took 0.157 seconds
[2025-06-17T04:13:46.708+0300] {processor.py:157} INFO - Started process (PID=19095) to work on /home/qwerty/.local/lib/python3.10/site-packages/airflow/example_dags/example_trigger_target_dag.py
[2025-06-17T04:13:46.711+0300] {processor.py:829} INFO - Processing file /home/qwerty/.local/lib/python3.10/site-packages/airflow/example_dags/example_trigger_target_dag.py for tasks to queue
[2025-06-17T04:13:46.714+0300] {logging_mixin.py:151} INFO - [2025-06-17T04:13:46.713+0300] {dagbag.py:539} INFO - Filling up the DagBag from /home/qwerty/.local/lib/python3.10/site-packages/airflow/example_dags/example_trigger_target_dag.py
[2025-06-17T04:13:46.731+0300] {processor.py:839} INFO - DAG(s) dict_keys(['example_trigger_target_dag']) retrieved from /home/qwerty/.local/lib/python3.10/site-packages/airflow/example_dags/example_trigger_target_dag.py
[2025-06-17T04:13:46.751+0300] {logging_mixin.py:151} INFO - [2025-06-17T04:13:46.750+0300] {dag.py:2915} INFO - Sync 1 DAGs
[2025-06-17T04:13:46.764+0300] {logging_mixin.py:151} INFO - [2025-06-17T04:13:46.764+0300] {dag.py:3696} INFO - Setting next_dagrun for example_trigger_target_dag to None, run_after=None
[2025-06-17T04:13:46.793+0300] {processor.py:179} INFO - Processing /home/qwerty/.local/lib/python3.10/site-packages/airflow/example_dags/example_trigger_target_dag.py took 0.095 seconds
[2025-06-17T04:14:47.659+0300] {processor.py:157} INFO - Started process (PID=19157) to work on /home/qwerty/.local/lib/python3.10/site-packages/airflow/example_dags/example_trigger_target_dag.py
[2025-06-17T04:14:47.661+0300] {processor.py:829} INFO - Processing file /home/qwerty/.local/lib/python3.10/site-packages/airflow/example_dags/example_trigger_target_dag.py for tasks to queue
[2025-06-17T04:14:47.662+0300] {logging_mixin.py:151} INFO - [2025-06-17T04:14:47.661+0300] {dagbag.py:539} INFO - Filling up the DagBag from /home/qwerty/.local/lib/python3.10/site-packages/airflow/example_dags/example_trigger_target_dag.py
[2025-06-17T04:14:47.669+0300] {processor.py:839} INFO - DAG(s) dict_keys(['example_trigger_target_dag']) retrieved from /home/qwerty/.local/lib/python3.10/site-packages/airflow/example_dags/example_trigger_target_dag.py
[2025-06-17T04:14:47.688+0300] {logging_mixin.py:151} INFO - [2025-06-17T04:14:47.688+0300] {dag.py:2915} INFO - Sync 1 DAGs
[2025-06-17T04:14:47.701+0300] {logging_mixin.py:151} INFO - [2025-06-17T04:14:47.701+0300] {dag.py:3696} INFO - Setting next_dagrun for example_trigger_target_dag to None, run_after=None
[2025-06-17T04:14:47.745+0300] {processor.py:179} INFO - Processing /home/qwerty/.local/lib/python3.10/site-packages/airflow/example_dags/example_trigger_target_dag.py took 0.095 seconds
[2025-06-17T04:15:49.339+0300] {processor.py:157} INFO - Started process (PID=19208) to work on /home/qwerty/.local/lib/python3.10/site-packages/airflow/example_dags/example_trigger_target_dag.py
[2025-06-17T04:15:49.343+0300] {processor.py:829} INFO - Processing file /home/qwerty/.local/lib/python3.10/site-packages/airflow/example_dags/example_trigger_target_dag.py for tasks to queue
[2025-06-17T04:15:49.345+0300] {logging_mixin.py:151} INFO - [2025-06-17T04:15:49.344+0300] {dagbag.py:539} INFO - Filling up the DagBag from /home/qwerty/.local/lib/python3.10/site-packages/airflow/example_dags/example_trigger_target_dag.py
[2025-06-17T04:15:49.363+0300] {processor.py:839} INFO - DAG(s) dict_keys(['example_trigger_target_dag']) retrieved from /home/qwerty/.local/lib/python3.10/site-packages/airflow/example_dags/example_trigger_target_dag.py
[2025-06-17T04:15:49.385+0300] {logging_mixin.py:151} INFO - [2025-06-17T04:15:49.385+0300] {dag.py:2915} INFO - Sync 1 DAGs
[2025-06-17T04:15:49.398+0300] {logging_mixin.py:151} INFO - [2025-06-17T04:15:49.397+0300] {dag.py:3696} INFO - Setting next_dagrun for example_trigger_target_dag to None, run_after=None
[2025-06-17T04:15:49.442+0300] {processor.py:179} INFO - Processing /home/qwerty/.local/lib/python3.10/site-packages/airflow/example_dags/example_trigger_target_dag.py took 0.111 seconds
[2025-06-17T04:16:46.221+0300] {processor.py:157} INFO - Started process (PID=19293) to work on /home/qwerty/.local/lib/python3.10/site-packages/airflow/example_dags/example_trigger_target_dag.py
[2025-06-17T04:16:46.225+0300] {processor.py:829} INFO - Processing file /home/qwerty/.local/lib/python3.10/site-packages/airflow/example_dags/example_trigger_target_dag.py for tasks to queue
[2025-06-17T04:16:46.227+0300] {logging_mixin.py:151} INFO - [2025-06-17T04:16:46.226+0300] {dagbag.py:539} INFO - Filling up the DagBag from /home/qwerty/.local/lib/python3.10/site-packages/airflow/example_dags/example_trigger_target_dag.py
[2025-06-17T04:16:46.241+0300] {processor.py:839} INFO - DAG(s) dict_keys(['example_trigger_target_dag']) retrieved from /home/qwerty/.local/lib/python3.10/site-packages/airflow/example_dags/example_trigger_target_dag.py
[2025-06-17T04:16:46.272+0300] {logging_mixin.py:151} INFO - [2025-06-17T04:16:46.271+0300] {dag.py:2915} INFO - Sync 1 DAGs
[2025-06-17T04:16:46.291+0300] {logging_mixin.py:151} INFO - [2025-06-17T04:16:46.291+0300] {dag.py:3696} INFO - Setting next_dagrun for example_trigger_target_dag to None, run_after=None
[2025-06-17T04:16:46.332+0300] {processor.py:179} INFO - Processing /home/qwerty/.local/lib/python3.10/site-packages/airflow/example_dags/example_trigger_target_dag.py took 0.119 seconds
[2025-06-17T04:17:37.877+0300] {processor.py:157} INFO - Started process (PID=19343) to work on /home/qwerty/.local/lib/python3.10/site-packages/airflow/example_dags/example_trigger_target_dag.py
[2025-06-17T04:17:37.880+0300] {processor.py:829} INFO - Processing file /home/qwerty/.local/lib/python3.10/site-packages/airflow/example_dags/example_trigger_target_dag.py for tasks to queue
[2025-06-17T04:17:37.881+0300] {logging_mixin.py:151} INFO - [2025-06-17T04:17:37.881+0300] {dagbag.py:539} INFO - Filling up the DagBag from /home/qwerty/.local/lib/python3.10/site-packages/airflow/example_dags/example_trigger_target_dag.py
[2025-06-17T04:17:37.893+0300] {processor.py:839} INFO - DAG(s) dict_keys(['example_trigger_target_dag']) retrieved from /home/qwerty/.local/lib/python3.10/site-packages/airflow/example_dags/example_trigger_target_dag.py
[2025-06-17T04:17:37.917+0300] {logging_mixin.py:151} INFO - [2025-06-17T04:17:37.916+0300] {dag.py:2915} INFO - Sync 1 DAGs
[2025-06-17T04:17:37.933+0300] {logging_mixin.py:151} INFO - [2025-06-17T04:17:37.932+0300] {dag.py:3696} INFO - Setting next_dagrun for example_trigger_target_dag to None, run_after=None
[2025-06-17T04:17:37.972+0300] {processor.py:179} INFO - Processing /home/qwerty/.local/lib/python3.10/site-packages/airflow/example_dags/example_trigger_target_dag.py took 0.102 seconds
[2025-06-17T04:18:35.163+0300] {processor.py:157} INFO - Started process (PID=19410) to work on /home/qwerty/.local/lib/python3.10/site-packages/airflow/example_dags/example_trigger_target_dag.py
[2025-06-17T04:18:35.166+0300] {processor.py:829} INFO - Processing file /home/qwerty/.local/lib/python3.10/site-packages/airflow/example_dags/example_trigger_target_dag.py for tasks to queue
[2025-06-17T04:18:35.168+0300] {logging_mixin.py:151} INFO - [2025-06-17T04:18:35.167+0300] {dagbag.py:539} INFO - Filling up the DagBag from /home/qwerty/.local/lib/python3.10/site-packages/airflow/example_dags/example_trigger_target_dag.py
[2025-06-17T04:18:35.182+0300] {processor.py:839} INFO - DAG(s) dict_keys(['example_trigger_target_dag']) retrieved from /home/qwerty/.local/lib/python3.10/site-packages/airflow/example_dags/example_trigger_target_dag.py
[2025-06-17T04:18:35.201+0300] {logging_mixin.py:151} INFO - [2025-06-17T04:18:35.200+0300] {dag.py:2915} INFO - Sync 1 DAGs
[2025-06-17T04:18:35.213+0300] {logging_mixin.py:151} INFO - [2025-06-17T04:18:35.213+0300] {dag.py:3696} INFO - Setting next_dagrun for example_trigger_target_dag to None, run_after=None
[2025-06-17T04:18:35.261+0300] {processor.py:179} INFO - Processing /home/qwerty/.local/lib/python3.10/site-packages/airflow/example_dags/example_trigger_target_dag.py took 0.110 seconds
[2025-06-17T04:19:10.584+0300] {processor.py:157} INFO - Started process (PID=19462) to work on /home/qwerty/.local/lib/python3.10/site-packages/airflow/example_dags/example_trigger_target_dag.py
[2025-06-17T04:19:10.588+0300] {processor.py:829} INFO - Processing file /home/qwerty/.local/lib/python3.10/site-packages/airflow/example_dags/example_trigger_target_dag.py for tasks to queue
[2025-06-17T04:19:10.592+0300] {logging_mixin.py:151} INFO - [2025-06-17T04:19:10.590+0300] {dagbag.py:539} INFO - Filling up the DagBag from /home/qwerty/.local/lib/python3.10/site-packages/airflow/example_dags/example_trigger_target_dag.py
[2025-06-17T04:19:10.608+0300] {processor.py:839} INFO - DAG(s) dict_keys(['example_trigger_target_dag']) retrieved from /home/qwerty/.local/lib/python3.10/site-packages/airflow/example_dags/example_trigger_target_dag.py
[2025-06-17T04:19:10.648+0300] {logging_mixin.py:151} INFO - [2025-06-17T04:19:10.648+0300] {dag.py:2915} INFO - Sync 1 DAGs
[2025-06-17T04:19:10.683+0300] {logging_mixin.py:151} INFO - [2025-06-17T04:19:10.683+0300] {dag.py:3696} INFO - Setting next_dagrun for example_trigger_target_dag to None, run_after=None
[2025-06-17T04:19:10.744+0300] {processor.py:179} INFO - Processing /home/qwerty/.local/lib/python3.10/site-packages/airflow/example_dags/example_trigger_target_dag.py took 0.172 seconds
[2025-06-17T04:20:02.886+0300] {processor.py:157} INFO - Started process (PID=19547) to work on /home/qwerty/.local/lib/python3.10/site-packages/airflow/example_dags/example_trigger_target_dag.py
[2025-06-17T04:20:02.888+0300] {processor.py:829} INFO - Processing file /home/qwerty/.local/lib/python3.10/site-packages/airflow/example_dags/example_trigger_target_dag.py for tasks to queue
[2025-06-17T04:20:02.890+0300] {logging_mixin.py:151} INFO - [2025-06-17T04:20:02.889+0300] {dagbag.py:539} INFO - Filling up the DagBag from /home/qwerty/.local/lib/python3.10/site-packages/airflow/example_dags/example_trigger_target_dag.py
[2025-06-17T04:20:02.900+0300] {processor.py:839} INFO - DAG(s) dict_keys(['example_trigger_target_dag']) retrieved from /home/qwerty/.local/lib/python3.10/site-packages/airflow/example_dags/example_trigger_target_dag.py
[2025-06-17T04:20:02.927+0300] {logging_mixin.py:151} INFO - [2025-06-17T04:20:02.927+0300] {dag.py:2915} INFO - Sync 1 DAGs
[2025-06-17T04:20:02.947+0300] {logging_mixin.py:151} INFO - [2025-06-17T04:20:02.947+0300] {dag.py:3696} INFO - Setting next_dagrun for example_trigger_target_dag to None, run_after=None
[2025-06-17T04:20:02.996+0300] {processor.py:179} INFO - Processing /home/qwerty/.local/lib/python3.10/site-packages/airflow/example_dags/example_trigger_target_dag.py took 0.122 seconds
[2025-06-17T04:20:54.881+0300] {processor.py:157} INFO - Started process (PID=19605) to work on /home/qwerty/.local/lib/python3.10/site-packages/airflow/example_dags/example_trigger_target_dag.py
[2025-06-17T04:20:54.883+0300] {processor.py:829} INFO - Processing file /home/qwerty/.local/lib/python3.10/site-packages/airflow/example_dags/example_trigger_target_dag.py for tasks to queue
[2025-06-17T04:20:54.885+0300] {logging_mixin.py:151} INFO - [2025-06-17T04:20:54.884+0300] {dagbag.py:539} INFO - Filling up the DagBag from /home/qwerty/.local/lib/python3.10/site-packages/airflow/example_dags/example_trigger_target_dag.py
[2025-06-17T04:20:54.896+0300] {processor.py:839} INFO - DAG(s) dict_keys(['example_trigger_target_dag']) retrieved from /home/qwerty/.local/lib/python3.10/site-packages/airflow/example_dags/example_trigger_target_dag.py
[2025-06-17T04:20:54.925+0300] {logging_mixin.py:151} INFO - [2025-06-17T04:20:54.925+0300] {dag.py:2915} INFO - Sync 1 DAGs
[2025-06-17T04:20:54.948+0300] {logging_mixin.py:151} INFO - [2025-06-17T04:20:54.948+0300] {dag.py:3696} INFO - Setting next_dagrun for example_trigger_target_dag to None, run_after=None
[2025-06-17T04:20:54.990+0300] {processor.py:179} INFO - Processing /home/qwerty/.local/lib/python3.10/site-packages/airflow/example_dags/example_trigger_target_dag.py took 0.116 seconds
[2025-06-17T04:21:50.493+0300] {processor.py:157} INFO - Started process (PID=19693) to work on /home/qwerty/.local/lib/python3.10/site-packages/airflow/example_dags/example_trigger_target_dag.py
[2025-06-17T04:21:50.497+0300] {processor.py:829} INFO - Processing file /home/qwerty/.local/lib/python3.10/site-packages/airflow/example_dags/example_trigger_target_dag.py for tasks to queue
[2025-06-17T04:21:50.500+0300] {logging_mixin.py:151} INFO - [2025-06-17T04:21:50.499+0300] {dagbag.py:539} INFO - Filling up the DagBag from /home/qwerty/.local/lib/python3.10/site-packages/airflow/example_dags/example_trigger_target_dag.py
[2025-06-17T04:21:50.514+0300] {processor.py:839} INFO - DAG(s) dict_keys(['example_trigger_target_dag']) retrieved from /home/qwerty/.local/lib/python3.10/site-packages/airflow/example_dags/example_trigger_target_dag.py
[2025-06-17T04:21:50.532+0300] {logging_mixin.py:151} INFO - [2025-06-17T04:21:50.532+0300] {dag.py:2915} INFO - Sync 1 DAGs
[2025-06-17T04:21:50.545+0300] {logging_mixin.py:151} INFO - [2025-06-17T04:21:50.545+0300] {dag.py:3696} INFO - Setting next_dagrun for example_trigger_target_dag to None, run_after=None
[2025-06-17T04:21:50.572+0300] {processor.py:179} INFO - Processing /home/qwerty/.local/lib/python3.10/site-packages/airflow/example_dags/example_trigger_target_dag.py took 0.089 seconds
[2025-06-17T04:22:49.021+0300] {processor.py:157} INFO - Started process (PID=19772) to work on /home/qwerty/.local/lib/python3.10/site-packages/airflow/example_dags/example_trigger_target_dag.py
[2025-06-17T04:22:49.023+0300] {processor.py:829} INFO - Processing file /home/qwerty/.local/lib/python3.10/site-packages/airflow/example_dags/example_trigger_target_dag.py for tasks to queue
[2025-06-17T04:22:49.024+0300] {logging_mixin.py:151} INFO - [2025-06-17T04:22:49.023+0300] {dagbag.py:539} INFO - Filling up the DagBag from /home/qwerty/.local/lib/python3.10/site-packages/airflow/example_dags/example_trigger_target_dag.py
[2025-06-17T04:22:49.033+0300] {processor.py:839} INFO - DAG(s) dict_keys(['example_trigger_target_dag']) retrieved from /home/qwerty/.local/lib/python3.10/site-packages/airflow/example_dags/example_trigger_target_dag.py
[2025-06-17T04:22:49.061+0300] {logging_mixin.py:151} INFO - [2025-06-17T04:22:49.061+0300] {dag.py:2915} INFO - Sync 1 DAGs
[2025-06-17T04:22:49.080+0300] {logging_mixin.py:151} INFO - [2025-06-17T04:22:49.080+0300] {dag.py:3696} INFO - Setting next_dagrun for example_trigger_target_dag to None, run_after=None
[2025-06-17T04:22:49.109+0300] {processor.py:179} INFO - Processing /home/qwerty/.local/lib/python3.10/site-packages/airflow/example_dags/example_trigger_target_dag.py took 0.093 seconds
[2025-06-17T04:23:44.697+0300] {processor.py:157} INFO - Started process (PID=19851) to work on /home/qwerty/.local/lib/python3.10/site-packages/airflow/example_dags/example_trigger_target_dag.py
[2025-06-17T04:23:44.700+0300] {processor.py:829} INFO - Processing file /home/qwerty/.local/lib/python3.10/site-packages/airflow/example_dags/example_trigger_target_dag.py for tasks to queue
[2025-06-17T04:23:44.701+0300] {logging_mixin.py:151} INFO - [2025-06-17T04:23:44.701+0300] {dagbag.py:539} INFO - Filling up the DagBag from /home/qwerty/.local/lib/python3.10/site-packages/airflow/example_dags/example_trigger_target_dag.py
[2025-06-17T04:23:44.710+0300] {processor.py:839} INFO - DAG(s) dict_keys(['example_trigger_target_dag']) retrieved from /home/qwerty/.local/lib/python3.10/site-packages/airflow/example_dags/example_trigger_target_dag.py
[2025-06-17T04:23:44.730+0300] {logging_mixin.py:151} INFO - [2025-06-17T04:23:44.729+0300] {dag.py:2915} INFO - Sync 1 DAGs
[2025-06-17T04:23:44.744+0300] {logging_mixin.py:151} INFO - [2025-06-17T04:23:44.744+0300] {dag.py:3696} INFO - Setting next_dagrun for example_trigger_target_dag to None, run_after=None
[2025-06-17T04:23:44.771+0300] {processor.py:179} INFO - Processing /home/qwerty/.local/lib/python3.10/site-packages/airflow/example_dags/example_trigger_target_dag.py took 0.084 seconds
[2025-06-17T04:25:04.606+0300] {processor.py:157} INFO - Started process (PID=19970) to work on /home/qwerty/.local/lib/python3.10/site-packages/airflow/example_dags/example_trigger_target_dag.py
[2025-06-17T04:25:04.609+0300] {processor.py:829} INFO - Processing file /home/qwerty/.local/lib/python3.10/site-packages/airflow/example_dags/example_trigger_target_dag.py for tasks to queue
[2025-06-17T04:25:04.612+0300] {logging_mixin.py:151} INFO - [2025-06-17T04:25:04.611+0300] {dagbag.py:539} INFO - Filling up the DagBag from /home/qwerty/.local/lib/python3.10/site-packages/airflow/example_dags/example_trigger_target_dag.py
[2025-06-17T04:25:04.620+0300] {processor.py:839} INFO - DAG(s) dict_keys(['example_trigger_target_dag']) retrieved from /home/qwerty/.local/lib/python3.10/site-packages/airflow/example_dags/example_trigger_target_dag.py
[2025-06-17T04:25:04.639+0300] {logging_mixin.py:151} INFO - [2025-06-17T04:25:04.639+0300] {dag.py:2915} INFO - Sync 1 DAGs
[2025-06-17T04:25:04.653+0300] {logging_mixin.py:151} INFO - [2025-06-17T04:25:04.653+0300] {dag.py:3696} INFO - Setting next_dagrun for example_trigger_target_dag to None, run_after=None
[2025-06-17T04:25:04.678+0300] {processor.py:179} INFO - Processing /home/qwerty/.local/lib/python3.10/site-packages/airflow/example_dags/example_trigger_target_dag.py took 0.082 seconds
[2025-06-17T04:25:50.489+0300] {processor.py:157} INFO - Started process (PID=20013) to work on /home/qwerty/.local/lib/python3.10/site-packages/airflow/example_dags/example_trigger_target_dag.py
[2025-06-17T04:25:50.492+0300] {processor.py:829} INFO - Processing file /home/qwerty/.local/lib/python3.10/site-packages/airflow/example_dags/example_trigger_target_dag.py for tasks to queue
[2025-06-17T04:25:50.493+0300] {logging_mixin.py:151} INFO - [2025-06-17T04:25:50.492+0300] {dagbag.py:539} INFO - Filling up the DagBag from /home/qwerty/.local/lib/python3.10/site-packages/airflow/example_dags/example_trigger_target_dag.py
[2025-06-17T04:25:50.507+0300] {processor.py:839} INFO - DAG(s) dict_keys(['example_trigger_target_dag']) retrieved from /home/qwerty/.local/lib/python3.10/site-packages/airflow/example_dags/example_trigger_target_dag.py
[2025-06-17T04:25:50.543+0300] {logging_mixin.py:151} INFO - [2025-06-17T04:25:50.543+0300] {dag.py:2915} INFO - Sync 1 DAGs
[2025-06-17T04:25:50.568+0300] {logging_mixin.py:151} INFO - [2025-06-17T04:25:50.568+0300] {dag.py:3696} INFO - Setting next_dagrun for example_trigger_target_dag to None, run_after=None
[2025-06-17T04:25:50.612+0300] {processor.py:179} INFO - Processing /home/qwerty/.local/lib/python3.10/site-packages/airflow/example_dags/example_trigger_target_dag.py took 0.131 seconds
[2025-06-17T04:26:43.398+0300] {processor.py:157} INFO - Started process (PID=20066) to work on /home/qwerty/.local/lib/python3.10/site-packages/airflow/example_dags/example_trigger_target_dag.py
[2025-06-17T04:26:43.401+0300] {processor.py:829} INFO - Processing file /home/qwerty/.local/lib/python3.10/site-packages/airflow/example_dags/example_trigger_target_dag.py for tasks to queue
[2025-06-17T04:26:43.403+0300] {logging_mixin.py:151} INFO - [2025-06-17T04:26:43.402+0300] {dagbag.py:539} INFO - Filling up the DagBag from /home/qwerty/.local/lib/python3.10/site-packages/airflow/example_dags/example_trigger_target_dag.py
[2025-06-17T04:26:43.413+0300] {processor.py:839} INFO - DAG(s) dict_keys(['example_trigger_target_dag']) retrieved from /home/qwerty/.local/lib/python3.10/site-packages/airflow/example_dags/example_trigger_target_dag.py
[2025-06-17T04:26:43.440+0300] {logging_mixin.py:151} INFO - [2025-06-17T04:26:43.439+0300] {dag.py:2915} INFO - Sync 1 DAGs
[2025-06-17T04:26:43.459+0300] {logging_mixin.py:151} INFO - [2025-06-17T04:26:43.458+0300] {dag.py:3696} INFO - Setting next_dagrun for example_trigger_target_dag to None, run_after=None
[2025-06-17T04:26:43.509+0300] {processor.py:179} INFO - Processing /home/qwerty/.local/lib/python3.10/site-packages/airflow/example_dags/example_trigger_target_dag.py took 0.117 seconds
[2025-06-17T04:27:33.511+0300] {processor.py:157} INFO - Started process (PID=20111) to work on /home/qwerty/.local/lib/python3.10/site-packages/airflow/example_dags/example_trigger_target_dag.py
[2025-06-17T04:27:33.514+0300] {processor.py:829} INFO - Processing file /home/qwerty/.local/lib/python3.10/site-packages/airflow/example_dags/example_trigger_target_dag.py for tasks to queue
[2025-06-17T04:27:33.516+0300] {logging_mixin.py:151} INFO - [2025-06-17T04:27:33.515+0300] {dagbag.py:539} INFO - Filling up the DagBag from /home/qwerty/.local/lib/python3.10/site-packages/airflow/example_dags/example_trigger_target_dag.py
[2025-06-17T04:27:33.529+0300] {processor.py:839} INFO - DAG(s) dict_keys(['example_trigger_target_dag']) retrieved from /home/qwerty/.local/lib/python3.10/site-packages/airflow/example_dags/example_trigger_target_dag.py
[2025-06-17T04:27:33.564+0300] {logging_mixin.py:151} INFO - [2025-06-17T04:27:33.563+0300] {dag.py:2915} INFO - Sync 1 DAGs
[2025-06-17T04:27:33.587+0300] {logging_mixin.py:151} INFO - [2025-06-17T04:27:33.586+0300] {dag.py:3696} INFO - Setting next_dagrun for example_trigger_target_dag to None, run_after=None
[2025-06-17T04:27:33.640+0300] {processor.py:179} INFO - Processing /home/qwerty/.local/lib/python3.10/site-packages/airflow/example_dags/example_trigger_target_dag.py took 0.139 seconds
[2025-06-17T04:28:24.212+0300] {processor.py:157} INFO - Started process (PID=20193) to work on /home/qwerty/.local/lib/python3.10/site-packages/airflow/example_dags/example_trigger_target_dag.py
[2025-06-17T04:28:24.214+0300] {processor.py:829} INFO - Processing file /home/qwerty/.local/lib/python3.10/site-packages/airflow/example_dags/example_trigger_target_dag.py for tasks to queue
[2025-06-17T04:28:24.216+0300] {logging_mixin.py:151} INFO - [2025-06-17T04:28:24.216+0300] {dagbag.py:539} INFO - Filling up the DagBag from /home/qwerty/.local/lib/python3.10/site-packages/airflow/example_dags/example_trigger_target_dag.py
[2025-06-17T04:28:24.229+0300] {processor.py:839} INFO - DAG(s) dict_keys(['example_trigger_target_dag']) retrieved from /home/qwerty/.local/lib/python3.10/site-packages/airflow/example_dags/example_trigger_target_dag.py
[2025-06-17T04:28:24.251+0300] {logging_mixin.py:151} INFO - [2025-06-17T04:28:24.251+0300] {dag.py:2915} INFO - Sync 1 DAGs
[2025-06-17T04:28:24.267+0300] {logging_mixin.py:151} INFO - [2025-06-17T04:28:24.267+0300] {dag.py:3696} INFO - Setting next_dagrun for example_trigger_target_dag to None, run_after=None
[2025-06-17T04:28:24.307+0300] {processor.py:179} INFO - Processing /home/qwerty/.local/lib/python3.10/site-packages/airflow/example_dags/example_trigger_target_dag.py took 0.101 seconds
[2025-06-17T04:29:18.345+0300] {processor.py:157} INFO - Started process (PID=20252) to work on /home/qwerty/.local/lib/python3.10/site-packages/airflow/example_dags/example_trigger_target_dag.py
[2025-06-17T04:29:18.348+0300] {processor.py:829} INFO - Processing file /home/qwerty/.local/lib/python3.10/site-packages/airflow/example_dags/example_trigger_target_dag.py for tasks to queue
[2025-06-17T04:29:18.350+0300] {logging_mixin.py:151} INFO - [2025-06-17T04:29:18.350+0300] {dagbag.py:539} INFO - Filling up the DagBag from /home/qwerty/.local/lib/python3.10/site-packages/airflow/example_dags/example_trigger_target_dag.py
[2025-06-17T04:29:18.361+0300] {processor.py:839} INFO - DAG(s) dict_keys(['example_trigger_target_dag']) retrieved from /home/qwerty/.local/lib/python3.10/site-packages/airflow/example_dags/example_trigger_target_dag.py
[2025-06-17T04:29:18.382+0300] {logging_mixin.py:151} INFO - [2025-06-17T04:29:18.382+0300] {dag.py:2915} INFO - Sync 1 DAGs
[2025-06-17T04:29:18.397+0300] {logging_mixin.py:151} INFO - [2025-06-17T04:29:18.397+0300] {dag.py:3696} INFO - Setting next_dagrun for example_trigger_target_dag to None, run_after=None
[2025-06-17T04:29:18.427+0300] {processor.py:179} INFO - Processing /home/qwerty/.local/lib/python3.10/site-packages/airflow/example_dags/example_trigger_target_dag.py took 0.092 seconds
[2025-06-17T04:30:18.111+0300] {processor.py:157} INFO - Started process (PID=20313) to work on /home/qwerty/.local/lib/python3.10/site-packages/airflow/example_dags/example_trigger_target_dag.py
[2025-06-17T04:30:18.114+0300] {processor.py:829} INFO - Processing file /home/qwerty/.local/lib/python3.10/site-packages/airflow/example_dags/example_trigger_target_dag.py for tasks to queue
[2025-06-17T04:30:18.116+0300] {logging_mixin.py:151} INFO - [2025-06-17T04:30:18.115+0300] {dagbag.py:539} INFO - Filling up the DagBag from /home/qwerty/.local/lib/python3.10/site-packages/airflow/example_dags/example_trigger_target_dag.py
[2025-06-17T04:30:18.123+0300] {processor.py:839} INFO - DAG(s) dict_keys(['example_trigger_target_dag']) retrieved from /home/qwerty/.local/lib/python3.10/site-packages/airflow/example_dags/example_trigger_target_dag.py
[2025-06-17T04:30:18.143+0300] {logging_mixin.py:151} INFO - [2025-06-17T04:30:18.143+0300] {dag.py:2915} INFO - Sync 1 DAGs
[2025-06-17T04:30:18.156+0300] {logging_mixin.py:151} INFO - [2025-06-17T04:30:18.156+0300] {dag.py:3696} INFO - Setting next_dagrun for example_trigger_target_dag to None, run_after=None
[2025-06-17T04:30:18.200+0300] {processor.py:179} INFO - Processing /home/qwerty/.local/lib/python3.10/site-packages/airflow/example_dags/example_trigger_target_dag.py took 0.099 seconds
[2025-06-17T04:31:11.642+0300] {processor.py:157} INFO - Started process (PID=20373) to work on /home/qwerty/.local/lib/python3.10/site-packages/airflow/example_dags/example_trigger_target_dag.py
[2025-06-17T04:31:11.643+0300] {processor.py:829} INFO - Processing file /home/qwerty/.local/lib/python3.10/site-packages/airflow/example_dags/example_trigger_target_dag.py for tasks to queue
[2025-06-17T04:31:11.645+0300] {logging_mixin.py:151} INFO - [2025-06-17T04:31:11.644+0300] {dagbag.py:539} INFO - Filling up the DagBag from /home/qwerty/.local/lib/python3.10/site-packages/airflow/example_dags/example_trigger_target_dag.py
[2025-06-17T04:31:11.654+0300] {processor.py:839} INFO - DAG(s) dict_keys(['example_trigger_target_dag']) retrieved from /home/qwerty/.local/lib/python3.10/site-packages/airflow/example_dags/example_trigger_target_dag.py
[2025-06-17T04:31:11.674+0300] {logging_mixin.py:151} INFO - [2025-06-17T04:31:11.674+0300] {dag.py:2915} INFO - Sync 1 DAGs
[2025-06-17T04:31:11.688+0300] {logging_mixin.py:151} INFO - [2025-06-17T04:31:11.688+0300] {dag.py:3696} INFO - Setting next_dagrun for example_trigger_target_dag to None, run_after=None
[2025-06-17T04:31:11.720+0300] {processor.py:179} INFO - Processing /home/qwerty/.local/lib/python3.10/site-packages/airflow/example_dags/example_trigger_target_dag.py took 0.083 seconds
