[2025-06-17T04:07:40.651+0300] {processor.py:157} INFO - Started process (PID=18688) to work on /home/qwerty/.local/lib/python3.10/site-packages/airflow/example_dags/example_task_group.py
[2025-06-17T04:07:40.654+0300] {processor.py:829} INFO - Processing file /home/qwerty/.local/lib/python3.10/site-packages/airflow/example_dags/example_task_group.py for tasks to queue
[2025-06-17T04:07:40.657+0300] {logging_mixin.py:151} INFO - [2025-06-17T04:07:40.656+0300] {dagbag.py:539} INFO - Filling up the DagBag from /home/qwerty/.local/lib/python3.10/site-packages/airflow/example_dags/example_task_group.py
[2025-06-17T04:07:40.684+0300] {processor.py:839} INFO - DAG(s) dict_keys(['example_task_group']) retrieved from /home/qwerty/.local/lib/python3.10/site-packages/airflow/example_dags/example_task_group.py
[2025-06-17T04:07:40.723+0300] {logging_mixin.py:151} INFO - [2025-06-17T04:07:40.723+0300] {dag.py:2915} INFO - Sync 1 DAGs
[2025-06-17T04:07:40.777+0300] {logging_mixin.py:151} INFO - [2025-06-17T04:07:40.776+0300] {dag.py:3696} INFO - Setting next_dagrun for example_task_group to 2025-06-16T01:07:40.776139+00:00, run_after=2025-06-17T01:07:40.776139+00:00
[2025-06-17T04:07:40.838+0300] {processor.py:179} INFO - Processing /home/qwerty/.local/lib/python3.10/site-packages/airflow/example_dags/example_task_group.py took 0.197 seconds
[2025-06-17T04:08:41.166+0300] {processor.py:157} INFO - Started process (PID=18769) to work on /home/qwerty/.local/lib/python3.10/site-packages/airflow/example_dags/example_task_group.py
[2025-06-17T04:08:41.171+0300] {processor.py:829} INFO - Processing file /home/qwerty/.local/lib/python3.10/site-packages/airflow/example_dags/example_task_group.py for tasks to queue
[2025-06-17T04:08:41.173+0300] {logging_mixin.py:151} INFO - [2025-06-17T04:08:41.172+0300] {dagbag.py:539} INFO - Filling up the DagBag from /home/qwerty/.local/lib/python3.10/site-packages/airflow/example_dags/example_task_group.py
[2025-06-17T04:08:41.188+0300] {processor.py:839} INFO - DAG(s) dict_keys(['example_task_group']) retrieved from /home/qwerty/.local/lib/python3.10/site-packages/airflow/example_dags/example_task_group.py
[2025-06-17T04:08:41.220+0300] {logging_mixin.py:151} INFO - [2025-06-17T04:08:41.220+0300] {dag.py:2915} INFO - Sync 1 DAGs
[2025-06-17T04:08:41.266+0300] {logging_mixin.py:151} INFO - [2025-06-17T04:08:41.265+0300] {dag.py:3696} INFO - Setting next_dagrun for example_task_group to 2025-06-16T01:08:41.265136+00:00, run_after=2025-06-17T01:08:41.265136+00:00
[2025-06-17T04:08:41.315+0300] {processor.py:179} INFO - Processing /home/qwerty/.local/lib/python3.10/site-packages/airflow/example_dags/example_task_group.py took 0.154 seconds
[2025-06-17T04:09:35.213+0300] {processor.py:157} INFO - Started process (PID=18825) to work on /home/qwerty/.local/lib/python3.10/site-packages/airflow/example_dags/example_task_group.py
[2025-06-17T04:09:35.217+0300] {processor.py:829} INFO - Processing file /home/qwerty/.local/lib/python3.10/site-packages/airflow/example_dags/example_task_group.py for tasks to queue
[2025-06-17T04:09:35.220+0300] {logging_mixin.py:151} INFO - [2025-06-17T04:09:35.219+0300] {dagbag.py:539} INFO - Filling up the DagBag from /home/qwerty/.local/lib/python3.10/site-packages/airflow/example_dags/example_task_group.py
[2025-06-17T04:09:35.246+0300] {processor.py:839} INFO - DAG(s) dict_keys(['example_task_group']) retrieved from /home/qwerty/.local/lib/python3.10/site-packages/airflow/example_dags/example_task_group.py
[2025-06-17T04:09:35.278+0300] {logging_mixin.py:151} INFO - [2025-06-17T04:09:35.278+0300] {dag.py:2915} INFO - Sync 1 DAGs
[2025-06-17T04:09:35.320+0300] {logging_mixin.py:151} INFO - [2025-06-17T04:09:35.320+0300] {dag.py:3696} INFO - Setting next_dagrun for example_task_group to 2025-06-16T01:09:35.319726+00:00, run_after=2025-06-17T01:09:35.319726+00:00
[2025-06-17T04:09:35.374+0300] {processor.py:179} INFO - Processing /home/qwerty/.local/lib/python3.10/site-packages/airflow/example_dags/example_task_group.py took 0.170 seconds
[2025-06-17T04:10:34.134+0300] {processor.py:157} INFO - Started process (PID=18881) to work on /home/qwerty/.local/lib/python3.10/site-packages/airflow/example_dags/example_task_group.py
[2025-06-17T04:10:34.137+0300] {processor.py:829} INFO - Processing file /home/qwerty/.local/lib/python3.10/site-packages/airflow/example_dags/example_task_group.py for tasks to queue
[2025-06-17T04:10:34.139+0300] {logging_mixin.py:151} INFO - [2025-06-17T04:10:34.138+0300] {dagbag.py:539} INFO - Filling up the DagBag from /home/qwerty/.local/lib/python3.10/site-packages/airflow/example_dags/example_task_group.py
[2025-06-17T04:10:34.156+0300] {processor.py:839} INFO - DAG(s) dict_keys(['example_task_group']) retrieved from /home/qwerty/.local/lib/python3.10/site-packages/airflow/example_dags/example_task_group.py
[2025-06-17T04:10:34.189+0300] {logging_mixin.py:151} INFO - [2025-06-17T04:10:34.189+0300] {dag.py:2915} INFO - Sync 1 DAGs
[2025-06-17T04:10:34.232+0300] {logging_mixin.py:151} INFO - [2025-06-17T04:10:34.232+0300] {dag.py:3696} INFO - Setting next_dagrun for example_task_group to 2025-06-16T01:10:34.231636+00:00, run_after=2025-06-17T01:10:34.231636+00:00
[2025-06-17T04:10:34.288+0300] {processor.py:179} INFO - Processing /home/qwerty/.local/lib/python3.10/site-packages/airflow/example_dags/example_task_group.py took 0.160 seconds
[2025-06-17T04:11:30.118+0300] {processor.py:157} INFO - Started process (PID=18930) to work on /home/qwerty/.local/lib/python3.10/site-packages/airflow/example_dags/example_task_group.py
[2025-06-17T04:11:30.122+0300] {processor.py:829} INFO - Processing file /home/qwerty/.local/lib/python3.10/site-packages/airflow/example_dags/example_task_group.py for tasks to queue
[2025-06-17T04:11:30.125+0300] {logging_mixin.py:151} INFO - [2025-06-17T04:11:30.123+0300] {dagbag.py:539} INFO - Filling up the DagBag from /home/qwerty/.local/lib/python3.10/site-packages/airflow/example_dags/example_task_group.py
[2025-06-17T04:11:30.155+0300] {processor.py:839} INFO - DAG(s) dict_keys(['example_task_group']) retrieved from /home/qwerty/.local/lib/python3.10/site-packages/airflow/example_dags/example_task_group.py
[2025-06-17T04:11:30.195+0300] {logging_mixin.py:151} INFO - [2025-06-17T04:11:30.194+0300] {dag.py:2915} INFO - Sync 1 DAGs
[2025-06-17T04:11:30.236+0300] {logging_mixin.py:151} INFO - [2025-06-17T04:11:30.236+0300] {dag.py:3696} INFO - Setting next_dagrun for example_task_group to 2025-06-16T01:11:30.235882+00:00, run_after=2025-06-17T01:11:30.235882+00:00
[2025-06-17T04:11:30.289+0300] {processor.py:179} INFO - Processing /home/qwerty/.local/lib/python3.10/site-packages/airflow/example_dags/example_task_group.py took 0.176 seconds
[2025-06-17T04:12:35.547+0300] {processor.py:157} INFO - Started process (PID=19022) to work on /home/qwerty/.local/lib/python3.10/site-packages/airflow/example_dags/example_task_group.py
[2025-06-17T04:12:35.550+0300] {processor.py:829} INFO - Processing file /home/qwerty/.local/lib/python3.10/site-packages/airflow/example_dags/example_task_group.py for tasks to queue
[2025-06-17T04:12:35.553+0300] {logging_mixin.py:151} INFO - [2025-06-17T04:12:35.552+0300] {dagbag.py:539} INFO - Filling up the DagBag from /home/qwerty/.local/lib/python3.10/site-packages/airflow/example_dags/example_task_group.py
[2025-06-17T04:12:35.580+0300] {processor.py:839} INFO - DAG(s) dict_keys(['example_task_group']) retrieved from /home/qwerty/.local/lib/python3.10/site-packages/airflow/example_dags/example_task_group.py
[2025-06-17T04:12:35.638+0300] {logging_mixin.py:151} INFO - [2025-06-17T04:12:35.637+0300] {dag.py:2915} INFO - Sync 1 DAGs
[2025-06-17T04:12:35.708+0300] {logging_mixin.py:151} INFO - [2025-06-17T04:12:35.707+0300] {dag.py:3696} INFO - Setting next_dagrun for example_task_group to 2025-06-16T01:12:35.706510+00:00, run_after=2025-06-17T01:12:35.706510+00:00
[2025-06-17T04:12:35.792+0300] {processor.py:179} INFO - Processing /home/qwerty/.local/lib/python3.10/site-packages/airflow/example_dags/example_task_group.py took 0.257 seconds
[2025-06-17T04:13:31.462+0300] {processor.py:157} INFO - Started process (PID=19082) to work on /home/qwerty/.local/lib/python3.10/site-packages/airflow/example_dags/example_task_group.py
[2025-06-17T04:13:31.464+0300] {processor.py:829} INFO - Processing file /home/qwerty/.local/lib/python3.10/site-packages/airflow/example_dags/example_task_group.py for tasks to queue
[2025-06-17T04:13:31.466+0300] {logging_mixin.py:151} INFO - [2025-06-17T04:13:31.465+0300] {dagbag.py:539} INFO - Filling up the DagBag from /home/qwerty/.local/lib/python3.10/site-packages/airflow/example_dags/example_task_group.py
[2025-06-17T04:13:31.480+0300] {processor.py:839} INFO - DAG(s) dict_keys(['example_task_group']) retrieved from /home/qwerty/.local/lib/python3.10/site-packages/airflow/example_dags/example_task_group.py
[2025-06-17T04:13:31.515+0300] {logging_mixin.py:151} INFO - [2025-06-17T04:13:31.514+0300] {dag.py:2915} INFO - Sync 1 DAGs
[2025-06-17T04:13:31.554+0300] {logging_mixin.py:151} INFO - [2025-06-17T04:13:31.554+0300] {dag.py:3696} INFO - Setting next_dagrun for example_task_group to 2025-06-16T01:13:31.553950+00:00, run_after=2025-06-17T01:13:31.553950+00:00
[2025-06-17T04:13:31.595+0300] {processor.py:179} INFO - Processing /home/qwerty/.local/lib/python3.10/site-packages/airflow/example_dags/example_task_group.py took 0.139 seconds
[2025-06-17T04:14:30.185+0300] {processor.py:157} INFO - Started process (PID=19138) to work on /home/qwerty/.local/lib/python3.10/site-packages/airflow/example_dags/example_task_group.py
[2025-06-17T04:14:30.187+0300] {processor.py:829} INFO - Processing file /home/qwerty/.local/lib/python3.10/site-packages/airflow/example_dags/example_task_group.py for tasks to queue
[2025-06-17T04:14:30.189+0300] {logging_mixin.py:151} INFO - [2025-06-17T04:14:30.188+0300] {dagbag.py:539} INFO - Filling up the DagBag from /home/qwerty/.local/lib/python3.10/site-packages/airflow/example_dags/example_task_group.py
[2025-06-17T04:14:30.207+0300] {processor.py:839} INFO - DAG(s) dict_keys(['example_task_group']) retrieved from /home/qwerty/.local/lib/python3.10/site-packages/airflow/example_dags/example_task_group.py
[2025-06-17T04:14:30.249+0300] {logging_mixin.py:151} INFO - [2025-06-17T04:14:30.248+0300] {dag.py:2915} INFO - Sync 1 DAGs
[2025-06-17T04:14:30.286+0300] {logging_mixin.py:151} INFO - [2025-06-17T04:14:30.286+0300] {dag.py:3696} INFO - Setting next_dagrun for example_task_group to 2025-06-16T01:14:30.285692+00:00, run_after=2025-06-17T01:14:30.285692+00:00
[2025-06-17T04:14:30.327+0300] {processor.py:179} INFO - Processing /home/qwerty/.local/lib/python3.10/site-packages/airflow/example_dags/example_task_group.py took 0.149 seconds
[2025-06-17T04:15:31.825+0300] {processor.py:157} INFO - Started process (PID=19194) to work on /home/qwerty/.local/lib/python3.10/site-packages/airflow/example_dags/example_task_group.py
[2025-06-17T04:15:31.828+0300] {processor.py:829} INFO - Processing file /home/qwerty/.local/lib/python3.10/site-packages/airflow/example_dags/example_task_group.py for tasks to queue
[2025-06-17T04:15:31.831+0300] {logging_mixin.py:151} INFO - [2025-06-17T04:15:31.830+0300] {dagbag.py:539} INFO - Filling up the DagBag from /home/qwerty/.local/lib/python3.10/site-packages/airflow/example_dags/example_task_group.py
[2025-06-17T04:15:31.850+0300] {processor.py:839} INFO - DAG(s) dict_keys(['example_task_group']) retrieved from /home/qwerty/.local/lib/python3.10/site-packages/airflow/example_dags/example_task_group.py
[2025-06-17T04:15:31.871+0300] {logging_mixin.py:151} INFO - [2025-06-17T04:15:31.871+0300] {dag.py:2915} INFO - Sync 1 DAGs
[2025-06-17T04:15:31.894+0300] {logging_mixin.py:151} INFO - [2025-06-17T04:15:31.894+0300] {dag.py:3696} INFO - Setting next_dagrun for example_task_group to 2025-06-16T01:15:31.893990+00:00, run_after=2025-06-17T01:15:31.893990+00:00
[2025-06-17T04:15:31.921+0300] {processor.py:179} INFO - Processing /home/qwerty/.local/lib/python3.10/site-packages/airflow/example_dags/example_task_group.py took 0.106 seconds
[2025-06-17T04:16:27.981+0300] {processor.py:157} INFO - Started process (PID=19267) to work on /home/qwerty/.local/lib/python3.10/site-packages/airflow/example_dags/example_task_group.py
[2025-06-17T04:16:27.983+0300] {processor.py:829} INFO - Processing file /home/qwerty/.local/lib/python3.10/site-packages/airflow/example_dags/example_task_group.py for tasks to queue
[2025-06-17T04:16:27.984+0300] {logging_mixin.py:151} INFO - [2025-06-17T04:16:27.983+0300] {dagbag.py:539} INFO - Filling up the DagBag from /home/qwerty/.local/lib/python3.10/site-packages/airflow/example_dags/example_task_group.py
[2025-06-17T04:16:27.995+0300] {processor.py:839} INFO - DAG(s) dict_keys(['example_task_group']) retrieved from /home/qwerty/.local/lib/python3.10/site-packages/airflow/example_dags/example_task_group.py
[2025-06-17T04:16:28.025+0300] {logging_mixin.py:151} INFO - [2025-06-17T04:16:28.025+0300] {dag.py:2915} INFO - Sync 1 DAGs
[2025-06-17T04:16:28.059+0300] {logging_mixin.py:151} INFO - [2025-06-17T04:16:28.059+0300] {dag.py:3696} INFO - Setting next_dagrun for example_task_group to 2025-06-16T01:16:28.058971+00:00, run_after=2025-06-17T01:16:28.058971+00:00
[2025-06-17T04:16:28.087+0300] {processor.py:179} INFO - Processing /home/qwerty/.local/lib/python3.10/site-packages/airflow/example_dags/example_task_group.py took 0.115 seconds
[2025-06-17T04:17:23.503+0300] {processor.py:157} INFO - Started process (PID=19331) to work on /home/qwerty/.local/lib/python3.10/site-packages/airflow/example_dags/example_task_group.py
[2025-06-17T04:17:23.510+0300] {processor.py:829} INFO - Processing file /home/qwerty/.local/lib/python3.10/site-packages/airflow/example_dags/example_task_group.py for tasks to queue
[2025-06-17T04:17:23.512+0300] {logging_mixin.py:151} INFO - [2025-06-17T04:17:23.511+0300] {dagbag.py:539} INFO - Filling up the DagBag from /home/qwerty/.local/lib/python3.10/site-packages/airflow/example_dags/example_task_group.py
[2025-06-17T04:17:23.531+0300] {processor.py:839} INFO - DAG(s) dict_keys(['example_task_group']) retrieved from /home/qwerty/.local/lib/python3.10/site-packages/airflow/example_dags/example_task_group.py
[2025-06-17T04:17:23.569+0300] {logging_mixin.py:151} INFO - [2025-06-17T04:17:23.568+0300] {dag.py:2915} INFO - Sync 1 DAGs
[2025-06-17T04:17:23.596+0300] {logging_mixin.py:151} INFO - [2025-06-17T04:17:23.596+0300] {dag.py:3696} INFO - Setting next_dagrun for example_task_group to 2025-06-16T01:17:23.595739+00:00, run_after=2025-06-17T01:17:23.595739+00:00
[2025-06-17T04:17:23.627+0300] {processor.py:179} INFO - Processing /home/qwerty/.local/lib/python3.10/site-packages/airflow/example_dags/example_task_group.py took 0.136 seconds
[2025-06-17T04:18:20.734+0300] {processor.py:157} INFO - Started process (PID=19398) to work on /home/qwerty/.local/lib/python3.10/site-packages/airflow/example_dags/example_task_group.py
[2025-06-17T04:18:20.737+0300] {processor.py:829} INFO - Processing file /home/qwerty/.local/lib/python3.10/site-packages/airflow/example_dags/example_task_group.py for tasks to queue
[2025-06-17T04:18:20.739+0300] {logging_mixin.py:151} INFO - [2025-06-17T04:18:20.738+0300] {dagbag.py:539} INFO - Filling up the DagBag from /home/qwerty/.local/lib/python3.10/site-packages/airflow/example_dags/example_task_group.py
[2025-06-17T04:18:20.755+0300] {processor.py:839} INFO - DAG(s) dict_keys(['example_task_group']) retrieved from /home/qwerty/.local/lib/python3.10/site-packages/airflow/example_dags/example_task_group.py
[2025-06-17T04:18:20.802+0300] {logging_mixin.py:151} INFO - [2025-06-17T04:18:20.802+0300] {dag.py:2915} INFO - Sync 1 DAGs
[2025-06-17T04:18:20.849+0300] {logging_mixin.py:151} INFO - [2025-06-17T04:18:20.848+0300] {dag.py:3696} INFO - Setting next_dagrun for example_task_group to 2025-06-16T01:18:20.848298+00:00, run_after=2025-06-17T01:18:20.848298+00:00
[2025-06-17T04:18:20.911+0300] {processor.py:179} INFO - Processing /home/qwerty/.local/lib/python3.10/site-packages/airflow/example_dags/example_task_group.py took 0.184 seconds
[2025-06-17T04:19:21.295+0300] {processor.py:157} INFO - Started process (PID=19485) to work on /home/qwerty/.local/lib/python3.10/site-packages/airflow/example_dags/example_task_group.py
[2025-06-17T04:19:21.298+0300] {processor.py:829} INFO - Processing file /home/qwerty/.local/lib/python3.10/site-packages/airflow/example_dags/example_task_group.py for tasks to queue
[2025-06-17T04:19:21.301+0300] {logging_mixin.py:151} INFO - [2025-06-17T04:19:21.300+0300] {dagbag.py:539} INFO - Filling up the DagBag from /home/qwerty/.local/lib/python3.10/site-packages/airflow/example_dags/example_task_group.py
[2025-06-17T04:19:21.321+0300] {processor.py:839} INFO - DAG(s) dict_keys(['example_task_group']) retrieved from /home/qwerty/.local/lib/python3.10/site-packages/airflow/example_dags/example_task_group.py
[2025-06-17T04:19:21.343+0300] {logging_mixin.py:151} INFO - [2025-06-17T04:19:21.343+0300] {dag.py:2915} INFO - Sync 1 DAGs
[2025-06-17T04:19:21.370+0300] {logging_mixin.py:151} INFO - [2025-06-17T04:19:21.370+0300] {dag.py:3696} INFO - Setting next_dagrun for example_task_group to 2025-06-16T01:19:21.370013+00:00, run_after=2025-06-17T01:19:21.370013+00:00
[2025-06-17T04:19:21.398+0300] {processor.py:179} INFO - Processing /home/qwerty/.local/lib/python3.10/site-packages/airflow/example_dags/example_task_group.py took 0.113 seconds
[2025-06-17T04:20:13.543+0300] {processor.py:157} INFO - Started process (PID=19558) to work on /home/qwerty/.local/lib/python3.10/site-packages/airflow/example_dags/example_task_group.py
[2025-06-17T04:20:13.546+0300] {processor.py:829} INFO - Processing file /home/qwerty/.local/lib/python3.10/site-packages/airflow/example_dags/example_task_group.py for tasks to queue
[2025-06-17T04:20:13.549+0300] {logging_mixin.py:151} INFO - [2025-06-17T04:20:13.548+0300] {dagbag.py:539} INFO - Filling up the DagBag from /home/qwerty/.local/lib/python3.10/site-packages/airflow/example_dags/example_task_group.py
[2025-06-17T04:20:13.559+0300] {processor.py:839} INFO - DAG(s) dict_keys(['example_task_group']) retrieved from /home/qwerty/.local/lib/python3.10/site-packages/airflow/example_dags/example_task_group.py
[2025-06-17T04:20:13.581+0300] {logging_mixin.py:151} INFO - [2025-06-17T04:20:13.581+0300] {dag.py:2915} INFO - Sync 1 DAGs
[2025-06-17T04:20:13.607+0300] {logging_mixin.py:151} INFO - [2025-06-17T04:20:13.607+0300] {dag.py:3696} INFO - Setting next_dagrun for example_task_group to 2025-06-16T01:20:13.606964+00:00, run_after=2025-06-17T01:20:13.606964+00:00
[2025-06-17T04:20:13.638+0300] {processor.py:179} INFO - Processing /home/qwerty/.local/lib/python3.10/site-packages/airflow/example_dags/example_task_group.py took 0.107 seconds
[2025-06-17T04:21:06.131+0300] {processor.py:157} INFO - Started process (PID=19620) to work on /home/qwerty/.local/lib/python3.10/site-packages/airflow/example_dags/example_task_group.py
[2025-06-17T04:21:06.134+0300] {processor.py:829} INFO - Processing file /home/qwerty/.local/lib/python3.10/site-packages/airflow/example_dags/example_task_group.py for tasks to queue
[2025-06-17T04:21:06.136+0300] {logging_mixin.py:151} INFO - [2025-06-17T04:21:06.135+0300] {dagbag.py:539} INFO - Filling up the DagBag from /home/qwerty/.local/lib/python3.10/site-packages/airflow/example_dags/example_task_group.py
[2025-06-17T04:21:06.148+0300] {processor.py:839} INFO - DAG(s) dict_keys(['example_task_group']) retrieved from /home/qwerty/.local/lib/python3.10/site-packages/airflow/example_dags/example_task_group.py
[2025-06-17T04:21:06.168+0300] {logging_mixin.py:151} INFO - [2025-06-17T04:21:06.168+0300] {dag.py:2915} INFO - Sync 1 DAGs
[2025-06-17T04:21:06.194+0300] {logging_mixin.py:151} INFO - [2025-06-17T04:21:06.194+0300] {dag.py:3696} INFO - Setting next_dagrun for example_task_group to 2025-06-16T01:21:06.194318+00:00, run_after=2025-06-17T01:21:06.194318+00:00
[2025-06-17T04:21:06.221+0300] {processor.py:179} INFO - Processing /home/qwerty/.local/lib/python3.10/site-packages/airflow/example_dags/example_task_group.py took 0.101 seconds
[2025-06-17T04:22:03.532+0300] {processor.py:157} INFO - Started process (PID=19711) to work on /home/qwerty/.local/lib/python3.10/site-packages/airflow/example_dags/example_task_group.py
[2025-06-17T04:22:03.534+0300] {processor.py:829} INFO - Processing file /home/qwerty/.local/lib/python3.10/site-packages/airflow/example_dags/example_task_group.py for tasks to queue
[2025-06-17T04:22:03.536+0300] {logging_mixin.py:151} INFO - [2025-06-17T04:22:03.535+0300] {dagbag.py:539} INFO - Filling up the DagBag from /home/qwerty/.local/lib/python3.10/site-packages/airflow/example_dags/example_task_group.py
[2025-06-17T04:22:03.547+0300] {processor.py:839} INFO - DAG(s) dict_keys(['example_task_group']) retrieved from /home/qwerty/.local/lib/python3.10/site-packages/airflow/example_dags/example_task_group.py
[2025-06-17T04:22:03.571+0300] {logging_mixin.py:151} INFO - [2025-06-17T04:22:03.570+0300] {dag.py:2915} INFO - Sync 1 DAGs
[2025-06-17T04:22:03.594+0300] {logging_mixin.py:151} INFO - [2025-06-17T04:22:03.594+0300] {dag.py:3696} INFO - Setting next_dagrun for example_task_group to 2025-06-16T01:22:03.594191+00:00, run_after=2025-06-17T01:22:03.594191+00:00
[2025-06-17T04:22:03.624+0300] {processor.py:179} INFO - Processing /home/qwerty/.local/lib/python3.10/site-packages/airflow/example_dags/example_task_group.py took 0.102 seconds
[2025-06-17T04:22:59.299+0300] {processor.py:157} INFO - Started process (PID=19791) to work on /home/qwerty/.local/lib/python3.10/site-packages/airflow/example_dags/example_task_group.py
[2025-06-17T04:22:59.302+0300] {processor.py:829} INFO - Processing file /home/qwerty/.local/lib/python3.10/site-packages/airflow/example_dags/example_task_group.py for tasks to queue
[2025-06-17T04:22:59.304+0300] {logging_mixin.py:151} INFO - [2025-06-17T04:22:59.303+0300] {dagbag.py:539} INFO - Filling up the DagBag from /home/qwerty/.local/lib/python3.10/site-packages/airflow/example_dags/example_task_group.py
[2025-06-17T04:22:59.329+0300] {processor.py:839} INFO - DAG(s) dict_keys(['example_task_group']) retrieved from /home/qwerty/.local/lib/python3.10/site-packages/airflow/example_dags/example_task_group.py
[2025-06-17T04:22:59.352+0300] {logging_mixin.py:151} INFO - [2025-06-17T04:22:59.352+0300] {dag.py:2915} INFO - Sync 1 DAGs
[2025-06-17T04:22:59.375+0300] {logging_mixin.py:151} INFO - [2025-06-17T04:22:59.374+0300] {dag.py:3696} INFO - Setting next_dagrun for example_task_group to 2025-06-16T01:22:59.374438+00:00, run_after=2025-06-17T01:22:59.374438+00:00
[2025-06-17T04:22:59.418+0300] {processor.py:179} INFO - Processing /home/qwerty/.local/lib/python3.10/site-packages/airflow/example_dags/example_task_group.py took 0.130 seconds
[2025-06-17T04:23:57.179+0300] {processor.py:157} INFO - Started process (PID=19867) to work on /home/qwerty/.local/lib/python3.10/site-packages/airflow/example_dags/example_task_group.py
[2025-06-17T04:23:57.181+0300] {processor.py:829} INFO - Processing file /home/qwerty/.local/lib/python3.10/site-packages/airflow/example_dags/example_task_group.py for tasks to queue
[2025-06-17T04:23:57.183+0300] {logging_mixin.py:151} INFO - [2025-06-17T04:23:57.182+0300] {dagbag.py:539} INFO - Filling up the DagBag from /home/qwerty/.local/lib/python3.10/site-packages/airflow/example_dags/example_task_group.py
[2025-06-17T04:23:57.194+0300] {processor.py:839} INFO - DAG(s) dict_keys(['example_task_group']) retrieved from /home/qwerty/.local/lib/python3.10/site-packages/airflow/example_dags/example_task_group.py
[2025-06-17T04:23:57.231+0300] {logging_mixin.py:151} INFO - [2025-06-17T04:23:57.230+0300] {dag.py:2915} INFO - Sync 1 DAGs
[2025-06-17T04:23:57.258+0300] {logging_mixin.py:151} INFO - [2025-06-17T04:23:57.257+0300] {dag.py:3696} INFO - Setting next_dagrun for example_task_group to 2025-06-16T01:23:57.257081+00:00, run_after=2025-06-17T01:23:57.257081+00:00
[2025-06-17T04:23:57.296+0300] {processor.py:179} INFO - Processing /home/qwerty/.local/lib/python3.10/site-packages/airflow/example_dags/example_task_group.py took 0.122 seconds
[2025-06-17T04:25:28.188+0300] {processor.py:157} INFO - Started process (PID=19994) to work on /home/qwerty/.local/lib/python3.10/site-packages/airflow/example_dags/example_task_group.py
[2025-06-17T04:25:28.191+0300] {processor.py:829} INFO - Processing file /home/qwerty/.local/lib/python3.10/site-packages/airflow/example_dags/example_task_group.py for tasks to queue
[2025-06-17T04:25:28.195+0300] {logging_mixin.py:151} INFO - [2025-06-17T04:25:28.193+0300] {dagbag.py:539} INFO - Filling up the DagBag from /home/qwerty/.local/lib/python3.10/site-packages/airflow/example_dags/example_task_group.py
[2025-06-17T04:25:28.225+0300] {processor.py:839} INFO - DAG(s) dict_keys(['example_task_group']) retrieved from /home/qwerty/.local/lib/python3.10/site-packages/airflow/example_dags/example_task_group.py
[2025-06-17T04:25:28.273+0300] {logging_mixin.py:151} INFO - [2025-06-17T04:25:28.273+0300] {dag.py:2915} INFO - Sync 1 DAGs
[2025-06-17T04:25:28.331+0300] {logging_mixin.py:151} INFO - [2025-06-17T04:25:28.330+0300] {dag.py:3696} INFO - Setting next_dagrun for example_task_group to 2025-06-16T01:25:28.329927+00:00, run_after=2025-06-17T01:25:28.329927+00:00
[2025-06-17T04:25:28.382+0300] {processor.py:179} INFO - Processing /home/qwerty/.local/lib/python3.10/site-packages/airflow/example_dags/example_task_group.py took 0.206 seconds
[2025-06-17T04:26:23.261+0300] {processor.py:157} INFO - Started process (PID=20046) to work on /home/qwerty/.local/lib/python3.10/site-packages/airflow/example_dags/example_task_group.py
[2025-06-17T04:26:23.264+0300] {processor.py:829} INFO - Processing file /home/qwerty/.local/lib/python3.10/site-packages/airflow/example_dags/example_task_group.py for tasks to queue
[2025-06-17T04:26:23.266+0300] {logging_mixin.py:151} INFO - [2025-06-17T04:26:23.265+0300] {dagbag.py:539} INFO - Filling up the DagBag from /home/qwerty/.local/lib/python3.10/site-packages/airflow/example_dags/example_task_group.py
[2025-06-17T04:26:23.279+0300] {processor.py:839} INFO - DAG(s) dict_keys(['example_task_group']) retrieved from /home/qwerty/.local/lib/python3.10/site-packages/airflow/example_dags/example_task_group.py
[2025-06-17T04:26:23.300+0300] {logging_mixin.py:151} INFO - [2025-06-17T04:26:23.300+0300] {dag.py:2915} INFO - Sync 1 DAGs
[2025-06-17T04:26:23.329+0300] {logging_mixin.py:151} INFO - [2025-06-17T04:26:23.329+0300] {dag.py:3696} INFO - Setting next_dagrun for example_task_group to 2025-06-16T01:26:23.328981+00:00, run_after=2025-06-17T01:26:23.328981+00:00
[2025-06-17T04:26:23.369+0300] {processor.py:179} INFO - Processing /home/qwerty/.local/lib/python3.10/site-packages/airflow/example_dags/example_task_group.py took 0.118 seconds
[2025-06-17T04:27:14.704+0300] {processor.py:157} INFO - Started process (PID=20094) to work on /home/qwerty/.local/lib/python3.10/site-packages/airflow/example_dags/example_task_group.py
[2025-06-17T04:27:14.707+0300] {processor.py:829} INFO - Processing file /home/qwerty/.local/lib/python3.10/site-packages/airflow/example_dags/example_task_group.py for tasks to queue
[2025-06-17T04:27:14.710+0300] {logging_mixin.py:151} INFO - [2025-06-17T04:27:14.709+0300] {dagbag.py:539} INFO - Filling up the DagBag from /home/qwerty/.local/lib/python3.10/site-packages/airflow/example_dags/example_task_group.py
[2025-06-17T04:27:14.728+0300] {processor.py:839} INFO - DAG(s) dict_keys(['example_task_group']) retrieved from /home/qwerty/.local/lib/python3.10/site-packages/airflow/example_dags/example_task_group.py
[2025-06-17T04:27:14.756+0300] {logging_mixin.py:151} INFO - [2025-06-17T04:27:14.755+0300] {dag.py:2915} INFO - Sync 1 DAGs
[2025-06-17T04:27:14.781+0300] {logging_mixin.py:151} INFO - [2025-06-17T04:27:14.780+0300] {dag.py:3696} INFO - Setting next_dagrun for example_task_group to 2025-06-16T01:27:14.780566+00:00, run_after=2025-06-17T01:27:14.780566+00:00
[2025-06-17T04:27:14.811+0300] {processor.py:179} INFO - Processing /home/qwerty/.local/lib/python3.10/site-packages/airflow/example_dags/example_task_group.py took 0.117 seconds
[2025-06-17T04:28:05.609+0300] {processor.py:157} INFO - Started process (PID=20173) to work on /home/qwerty/.local/lib/python3.10/site-packages/airflow/example_dags/example_task_group.py
[2025-06-17T04:28:05.612+0300] {processor.py:829} INFO - Processing file /home/qwerty/.local/lib/python3.10/site-packages/airflow/example_dags/example_task_group.py for tasks to queue
[2025-06-17T04:28:05.614+0300] {logging_mixin.py:151} INFO - [2025-06-17T04:28:05.613+0300] {dagbag.py:539} INFO - Filling up the DagBag from /home/qwerty/.local/lib/python3.10/site-packages/airflow/example_dags/example_task_group.py
[2025-06-17T04:28:05.636+0300] {processor.py:839} INFO - DAG(s) dict_keys(['example_task_group']) retrieved from /home/qwerty/.local/lib/python3.10/site-packages/airflow/example_dags/example_task_group.py
[2025-06-17T04:28:05.657+0300] {logging_mixin.py:151} INFO - [2025-06-17T04:28:05.657+0300] {dag.py:2915} INFO - Sync 1 DAGs
[2025-06-17T04:28:05.682+0300] {logging_mixin.py:151} INFO - [2025-06-17T04:28:05.682+0300] {dag.py:3696} INFO - Setting next_dagrun for example_task_group to 2025-06-16T01:28:05.681870+00:00, run_after=2025-06-17T01:28:05.681870+00:00
[2025-06-17T04:28:05.710+0300] {processor.py:179} INFO - Processing /home/qwerty/.local/lib/python3.10/site-packages/airflow/example_dags/example_task_group.py took 0.111 seconds
[2025-06-17T04:28:55.859+0300] {processor.py:157} INFO - Started process (PID=20228) to work on /home/qwerty/.local/lib/python3.10/site-packages/airflow/example_dags/example_task_group.py
[2025-06-17T04:28:55.863+0300] {processor.py:829} INFO - Processing file /home/qwerty/.local/lib/python3.10/site-packages/airflow/example_dags/example_task_group.py for tasks to queue
[2025-06-17T04:28:55.865+0300] {logging_mixin.py:151} INFO - [2025-06-17T04:28:55.864+0300] {dagbag.py:539} INFO - Filling up the DagBag from /home/qwerty/.local/lib/python3.10/site-packages/airflow/example_dags/example_task_group.py
[2025-06-17T04:28:55.887+0300] {processor.py:839} INFO - DAG(s) dict_keys(['example_task_group']) retrieved from /home/qwerty/.local/lib/python3.10/site-packages/airflow/example_dags/example_task_group.py
[2025-06-17T04:28:55.907+0300] {logging_mixin.py:151} INFO - [2025-06-17T04:28:55.907+0300] {dag.py:2915} INFO - Sync 1 DAGs
[2025-06-17T04:28:55.929+0300] {logging_mixin.py:151} INFO - [2025-06-17T04:28:55.929+0300] {dag.py:3696} INFO - Setting next_dagrun for example_task_group to 2025-06-16T01:28:55.929369+00:00, run_after=2025-06-17T01:28:55.929369+00:00
[2025-06-17T04:28:55.959+0300] {processor.py:179} INFO - Processing /home/qwerty/.local/lib/python3.10/site-packages/airflow/example_dags/example_task_group.py took 0.110 seconds
[2025-06-17T04:29:59.036+0300] {processor.py:157} INFO - Started process (PID=20294) to work on /home/qwerty/.local/lib/python3.10/site-packages/airflow/example_dags/example_task_group.py
[2025-06-17T04:29:59.039+0300] {processor.py:829} INFO - Processing file /home/qwerty/.local/lib/python3.10/site-packages/airflow/example_dags/example_task_group.py for tasks to queue
[2025-06-17T04:29:59.041+0300] {logging_mixin.py:151} INFO - [2025-06-17T04:29:59.040+0300] {dagbag.py:539} INFO - Filling up the DagBag from /home/qwerty/.local/lib/python3.10/site-packages/airflow/example_dags/example_task_group.py
[2025-06-17T04:29:59.057+0300] {processor.py:839} INFO - DAG(s) dict_keys(['example_task_group']) retrieved from /home/qwerty/.local/lib/python3.10/site-packages/airflow/example_dags/example_task_group.py
[2025-06-17T04:29:59.092+0300] {logging_mixin.py:151} INFO - [2025-06-17T04:29:59.092+0300] {dag.py:2915} INFO - Sync 1 DAGs
[2025-06-17T04:29:59.125+0300] {logging_mixin.py:151} INFO - [2025-06-17T04:29:59.125+0300] {dag.py:3696} INFO - Setting next_dagrun for example_task_group to 2025-06-16T01:29:59.124704+00:00, run_after=2025-06-17T01:29:59.124704+00:00
[2025-06-17T04:29:59.162+0300] {processor.py:179} INFO - Processing /home/qwerty/.local/lib/python3.10/site-packages/airflow/example_dags/example_task_group.py took 0.134 seconds
[2025-06-17T04:30:56.735+0300] {processor.py:157} INFO - Started process (PID=20354) to work on /home/qwerty/.local/lib/python3.10/site-packages/airflow/example_dags/example_task_group.py
[2025-06-17T04:30:56.736+0300] {processor.py:829} INFO - Processing file /home/qwerty/.local/lib/python3.10/site-packages/airflow/example_dags/example_task_group.py for tasks to queue
[2025-06-17T04:30:56.738+0300] {logging_mixin.py:151} INFO - [2025-06-17T04:30:56.737+0300] {dagbag.py:539} INFO - Filling up the DagBag from /home/qwerty/.local/lib/python3.10/site-packages/airflow/example_dags/example_task_group.py
[2025-06-17T04:30:56.749+0300] {processor.py:839} INFO - DAG(s) dict_keys(['example_task_group']) retrieved from /home/qwerty/.local/lib/python3.10/site-packages/airflow/example_dags/example_task_group.py
[2025-06-17T04:30:56.771+0300] {logging_mixin.py:151} INFO - [2025-06-17T04:30:56.771+0300] {dag.py:2915} INFO - Sync 1 DAGs
[2025-06-17T04:30:56.795+0300] {logging_mixin.py:151} INFO - [2025-06-17T04:30:56.794+0300] {dag.py:3696} INFO - Setting next_dagrun for example_task_group to 2025-06-16T01:30:56.794604+00:00, run_after=2025-06-17T01:30:56.794604+00:00
[2025-06-17T04:30:56.842+0300] {processor.py:179} INFO - Processing /home/qwerty/.local/lib/python3.10/site-packages/airflow/example_dags/example_task_group.py took 0.114 seconds
