[2025-06-17T04:07:28.987+0300] {processor.py:157} INFO - Started process (PID=18662) to work on /home/qwerty/.local/lib/python3.10/site-packages/airflow/example_dags/example_kubernetes_executor.py
[2025-06-17T04:07:28.989+0300] {processor.py:829} INFO - Processing file /home/qwerty/.local/lib/python3.10/site-packages/airflow/example_dags/example_kubernetes_executor.py for tasks to queue
[2025-06-17T04:07:28.991+0300] {logging_mixin.py:151} INFO - [2025-06-17T04:07:28.990+0300] {dagbag.py:539} INFO - Filling up the DagBag from /home/qwerty/.local/lib/python3.10/site-packages/airflow/example_dags/example_kubernetes_executor.py
[2025-06-17T04:07:28.996+0300] {logging_mixin.py:151} INFO - [2025-06-17T04:07:28.996+0300] {example_kubernetes_executor.py:38} WARNING - The example_kubernetes_executor example DAG requires the kubernetes provider. Please install it with: pip install apache-airflow[cncf.kubernetes]
[2025-06-17T04:07:28.996+0300] {processor.py:841} WARNING - No viable dags retrieved from /home/qwerty/.local/lib/python3.10/site-packages/airflow/example_dags/example_kubernetes_executor.py
[2025-06-17T04:07:29.015+0300] {processor.py:179} INFO - Processing /home/qwerty/.local/lib/python3.10/site-packages/airflow/example_dags/example_kubernetes_executor.py took 0.036 seconds
[2025-06-17T04:08:28.907+0300] {processor.py:157} INFO - Started process (PID=18750) to work on /home/qwerty/.local/lib/python3.10/site-packages/airflow/example_dags/example_kubernetes_executor.py
[2025-06-17T04:08:28.912+0300] {processor.py:829} INFO - Processing file /home/qwerty/.local/lib/python3.10/site-packages/airflow/example_dags/example_kubernetes_executor.py for tasks to queue
[2025-06-17T04:08:28.913+0300] {logging_mixin.py:151} INFO - [2025-06-17T04:08:28.912+0300] {dagbag.py:539} INFO - Filling up the DagBag from /home/qwerty/.local/lib/python3.10/site-packages/airflow/example_dags/example_kubernetes_executor.py
[2025-06-17T04:08:28.918+0300] {logging_mixin.py:151} INFO - [2025-06-17T04:08:28.918+0300] {example_kubernetes_executor.py:38} WARNING - The example_kubernetes_executor example DAG requires the kubernetes provider. Please install it with: pip install apache-airflow[cncf.kubernetes]
[2025-06-17T04:08:28.919+0300] {processor.py:841} WARNING - No viable dags retrieved from /home/qwerty/.local/lib/python3.10/site-packages/airflow/example_dags/example_kubernetes_executor.py
[2025-06-17T04:08:28.951+0300] {processor.py:179} INFO - Processing /home/qwerty/.local/lib/python3.10/site-packages/airflow/example_dags/example_kubernetes_executor.py took 0.051 seconds
[2025-06-17T04:09:52.678+0300] {processor.py:157} INFO - Started process (PID=18842) to work on /home/qwerty/.local/lib/python3.10/site-packages/airflow/example_dags/example_kubernetes_executor.py
[2025-06-17T04:09:52.686+0300] {processor.py:829} INFO - Processing file /home/qwerty/.local/lib/python3.10/site-packages/airflow/example_dags/example_kubernetes_executor.py for tasks to queue
[2025-06-17T04:09:52.689+0300] {logging_mixin.py:151} INFO - [2025-06-17T04:09:52.688+0300] {dagbag.py:539} INFO - Filling up the DagBag from /home/qwerty/.local/lib/python3.10/site-packages/airflow/example_dags/example_kubernetes_executor.py
[2025-06-17T04:09:52.700+0300] {logging_mixin.py:151} INFO - [2025-06-17T04:09:52.699+0300] {example_kubernetes_executor.py:38} WARNING - The example_kubernetes_executor example DAG requires the kubernetes provider. Please install it with: pip install apache-airflow[cncf.kubernetes]
[2025-06-17T04:09:52.701+0300] {processor.py:841} WARNING - No viable dags retrieved from /home/qwerty/.local/lib/python3.10/site-packages/airflow/example_dags/example_kubernetes_executor.py
[2025-06-17T04:09:52.735+0300] {processor.py:179} INFO - Processing /home/qwerty/.local/lib/python3.10/site-packages/airflow/example_dags/example_kubernetes_executor.py took 0.070 seconds
[2025-06-17T04:10:51.924+0300] {processor.py:157} INFO - Started process (PID=18895) to work on /home/qwerty/.local/lib/python3.10/site-packages/airflow/example_dags/example_kubernetes_executor.py
[2025-06-17T04:10:51.927+0300] {processor.py:829} INFO - Processing file /home/qwerty/.local/lib/python3.10/site-packages/airflow/example_dags/example_kubernetes_executor.py for tasks to queue
[2025-06-17T04:10:51.931+0300] {logging_mixin.py:151} INFO - [2025-06-17T04:10:51.929+0300] {dagbag.py:539} INFO - Filling up the DagBag from /home/qwerty/.local/lib/python3.10/site-packages/airflow/example_dags/example_kubernetes_executor.py
[2025-06-17T04:10:51.940+0300] {logging_mixin.py:151} INFO - [2025-06-17T04:10:51.940+0300] {example_kubernetes_executor.py:38} WARNING - The example_kubernetes_executor example DAG requires the kubernetes provider. Please install it with: pip install apache-airflow[cncf.kubernetes]
[2025-06-17T04:10:51.941+0300] {processor.py:841} WARNING - No viable dags retrieved from /home/qwerty/.local/lib/python3.10/site-packages/airflow/example_dags/example_kubernetes_executor.py
[2025-06-17T04:10:51.976+0300] {processor.py:179} INFO - Processing /home/qwerty/.local/lib/python3.10/site-packages/airflow/example_dags/example_kubernetes_executor.py took 0.061 seconds
[2025-06-17T04:12:19.010+0300] {processor.py:157} INFO - Started process (PID=19007) to work on /home/qwerty/.local/lib/python3.10/site-packages/airflow/example_dags/example_kubernetes_executor.py
[2025-06-17T04:12:19.013+0300] {processor.py:829} INFO - Processing file /home/qwerty/.local/lib/python3.10/site-packages/airflow/example_dags/example_kubernetes_executor.py for tasks to queue
[2025-06-17T04:12:19.015+0300] {logging_mixin.py:151} INFO - [2025-06-17T04:12:19.014+0300] {dagbag.py:539} INFO - Filling up the DagBag from /home/qwerty/.local/lib/python3.10/site-packages/airflow/example_dags/example_kubernetes_executor.py
[2025-06-17T04:12:19.025+0300] {logging_mixin.py:151} INFO - [2025-06-17T04:12:19.025+0300] {example_kubernetes_executor.py:38} WARNING - The example_kubernetes_executor example DAG requires the kubernetes provider. Please install it with: pip install apache-airflow[cncf.kubernetes]
[2025-06-17T04:12:19.026+0300] {processor.py:841} WARNING - No viable dags retrieved from /home/qwerty/.local/lib/python3.10/site-packages/airflow/example_dags/example_kubernetes_executor.py
[2025-06-17T04:12:19.056+0300] {processor.py:179} INFO - Processing /home/qwerty/.local/lib/python3.10/site-packages/airflow/example_dags/example_kubernetes_executor.py took 0.056 seconds
[2025-06-17T04:13:18.750+0300] {processor.py:157} INFO - Started process (PID=19069) to work on /home/qwerty/.local/lib/python3.10/site-packages/airflow/example_dags/example_kubernetes_executor.py
[2025-06-17T04:13:18.753+0300] {processor.py:829} INFO - Processing file /home/qwerty/.local/lib/python3.10/site-packages/airflow/example_dags/example_kubernetes_executor.py for tasks to queue
[2025-06-17T04:13:18.756+0300] {logging_mixin.py:151} INFO - [2025-06-17T04:13:18.755+0300] {dagbag.py:539} INFO - Filling up the DagBag from /home/qwerty/.local/lib/python3.10/site-packages/airflow/example_dags/example_kubernetes_executor.py
[2025-06-17T04:13:18.765+0300] {logging_mixin.py:151} INFO - [2025-06-17T04:13:18.765+0300] {example_kubernetes_executor.py:38} WARNING - The example_kubernetes_executor example DAG requires the kubernetes provider. Please install it with: pip install apache-airflow[cncf.kubernetes]
[2025-06-17T04:13:18.766+0300] {processor.py:841} WARNING - No viable dags retrieved from /home/qwerty/.local/lib/python3.10/site-packages/airflow/example_dags/example_kubernetes_executor.py
[2025-06-17T04:13:18.781+0300] {processor.py:179} INFO - Processing /home/qwerty/.local/lib/python3.10/site-packages/airflow/example_dags/example_kubernetes_executor.py took 0.042 seconds
[2025-06-17T04:14:43.603+0300] {processor.py:157} INFO - Started process (PID=19153) to work on /home/qwerty/.local/lib/python3.10/site-packages/airflow/example_dags/example_kubernetes_executor.py
[2025-06-17T04:14:43.605+0300] {processor.py:829} INFO - Processing file /home/qwerty/.local/lib/python3.10/site-packages/airflow/example_dags/example_kubernetes_executor.py for tasks to queue
[2025-06-17T04:14:43.607+0300] {logging_mixin.py:151} INFO - [2025-06-17T04:14:43.606+0300] {dagbag.py:539} INFO - Filling up the DagBag from /home/qwerty/.local/lib/python3.10/site-packages/airflow/example_dags/example_kubernetes_executor.py
[2025-06-17T04:14:43.612+0300] {logging_mixin.py:151} INFO - [2025-06-17T04:14:43.612+0300] {example_kubernetes_executor.py:38} WARNING - The example_kubernetes_executor example DAG requires the kubernetes provider. Please install it with: pip install apache-airflow[cncf.kubernetes]
[2025-06-17T04:14:43.612+0300] {processor.py:841} WARNING - No viable dags retrieved from /home/qwerty/.local/lib/python3.10/site-packages/airflow/example_dags/example_kubernetes_executor.py
[2025-06-17T04:14:43.626+0300] {processor.py:179} INFO - Processing /home/qwerty/.local/lib/python3.10/site-packages/airflow/example_dags/example_kubernetes_executor.py took 0.035 seconds
[2025-06-17T04:15:46.806+0300] {processor.py:157} INFO - Started process (PID=19206) to work on /home/qwerty/.local/lib/python3.10/site-packages/airflow/example_dags/example_kubernetes_executor.py
[2025-06-17T04:15:46.809+0300] {processor.py:829} INFO - Processing file /home/qwerty/.local/lib/python3.10/site-packages/airflow/example_dags/example_kubernetes_executor.py for tasks to queue
[2025-06-17T04:15:46.812+0300] {logging_mixin.py:151} INFO - [2025-06-17T04:15:46.811+0300] {dagbag.py:539} INFO - Filling up the DagBag from /home/qwerty/.local/lib/python3.10/site-packages/airflow/example_dags/example_kubernetes_executor.py
[2025-06-17T04:15:46.820+0300] {logging_mixin.py:151} INFO - [2025-06-17T04:15:46.820+0300] {example_kubernetes_executor.py:38} WARNING - The example_kubernetes_executor example DAG requires the kubernetes provider. Please install it with: pip install apache-airflow[cncf.kubernetes]
[2025-06-17T04:15:46.820+0300] {processor.py:841} WARNING - No viable dags retrieved from /home/qwerty/.local/lib/python3.10/site-packages/airflow/example_dags/example_kubernetes_executor.py
[2025-06-17T04:15:46.833+0300] {processor.py:179} INFO - Processing /home/qwerty/.local/lib/python3.10/site-packages/airflow/example_dags/example_kubernetes_executor.py took 0.038 seconds
[2025-06-17T04:16:43.702+0300] {processor.py:157} INFO - Started process (PID=19291) to work on /home/qwerty/.local/lib/python3.10/site-packages/airflow/example_dags/example_kubernetes_executor.py
[2025-06-17T04:16:43.704+0300] {processor.py:829} INFO - Processing file /home/qwerty/.local/lib/python3.10/site-packages/airflow/example_dags/example_kubernetes_executor.py for tasks to queue
[2025-06-17T04:16:43.707+0300] {logging_mixin.py:151} INFO - [2025-06-17T04:16:43.706+0300] {dagbag.py:539} INFO - Filling up the DagBag from /home/qwerty/.local/lib/python3.10/site-packages/airflow/example_dags/example_kubernetes_executor.py
[2025-06-17T04:16:43.714+0300] {logging_mixin.py:151} INFO - [2025-06-17T04:16:43.713+0300] {example_kubernetes_executor.py:38} WARNING - The example_kubernetes_executor example DAG requires the kubernetes provider. Please install it with: pip install apache-airflow[cncf.kubernetes]
[2025-06-17T04:16:43.714+0300] {processor.py:841} WARNING - No viable dags retrieved from /home/qwerty/.local/lib/python3.10/site-packages/airflow/example_dags/example_kubernetes_executor.py
[2025-06-17T04:16:43.738+0300] {processor.py:179} INFO - Processing /home/qwerty/.local/lib/python3.10/site-packages/airflow/example_dags/example_kubernetes_executor.py took 0.044 seconds
[2025-06-17T04:18:01.411+0300] {processor.py:157} INFO - Started process (PID=19374) to work on /home/qwerty/.local/lib/python3.10/site-packages/airflow/example_dags/example_kubernetes_executor.py
[2025-06-17T04:18:01.419+0300] {processor.py:829} INFO - Processing file /home/qwerty/.local/lib/python3.10/site-packages/airflow/example_dags/example_kubernetes_executor.py for tasks to queue
[2025-06-17T04:18:01.420+0300] {logging_mixin.py:151} INFO - [2025-06-17T04:18:01.420+0300] {dagbag.py:539} INFO - Filling up the DagBag from /home/qwerty/.local/lib/python3.10/site-packages/airflow/example_dags/example_kubernetes_executor.py
[2025-06-17T04:18:01.427+0300] {logging_mixin.py:151} INFO - [2025-06-17T04:18:01.426+0300] {example_kubernetes_executor.py:38} WARNING - The example_kubernetes_executor example DAG requires the kubernetes provider. Please install it with: pip install apache-airflow[cncf.kubernetes]
[2025-06-17T04:18:01.427+0300] {processor.py:841} WARNING - No viable dags retrieved from /home/qwerty/.local/lib/python3.10/site-packages/airflow/example_dags/example_kubernetes_executor.py
[2025-06-17T04:18:01.450+0300] {processor.py:179} INFO - Processing /home/qwerty/.local/lib/python3.10/site-packages/airflow/example_dags/example_kubernetes_executor.py took 0.049 seconds
[2025-06-17T04:19:03.942+0300] {processor.py:157} INFO - Started process (PID=19443) to work on /home/qwerty/.local/lib/python3.10/site-packages/airflow/example_dags/example_kubernetes_executor.py
[2025-06-17T04:19:03.950+0300] {processor.py:829} INFO - Processing file /home/qwerty/.local/lib/python3.10/site-packages/airflow/example_dags/example_kubernetes_executor.py for tasks to queue
[2025-06-17T04:19:03.952+0300] {logging_mixin.py:151} INFO - [2025-06-17T04:19:03.952+0300] {dagbag.py:539} INFO - Filling up the DagBag from /home/qwerty/.local/lib/python3.10/site-packages/airflow/example_dags/example_kubernetes_executor.py
[2025-06-17T04:19:03.963+0300] {logging_mixin.py:151} INFO - [2025-06-17T04:19:03.962+0300] {example_kubernetes_executor.py:38} WARNING - The example_kubernetes_executor example DAG requires the kubernetes provider. Please install it with: pip install apache-airflow[cncf.kubernetes]
[2025-06-17T04:19:03.964+0300] {processor.py:841} WARNING - No viable dags retrieved from /home/qwerty/.local/lib/python3.10/site-packages/airflow/example_dags/example_kubernetes_executor.py
[2025-06-17T04:19:03.992+0300] {processor.py:179} INFO - Processing /home/qwerty/.local/lib/python3.10/site-packages/airflow/example_dags/example_kubernetes_executor.py took 0.058 seconds
[2025-06-17T04:20:21.604+0300] {processor.py:157} INFO - Started process (PID=19565) to work on /home/qwerty/.local/lib/python3.10/site-packages/airflow/example_dags/example_kubernetes_executor.py
[2025-06-17T04:20:21.609+0300] {processor.py:829} INFO - Processing file /home/qwerty/.local/lib/python3.10/site-packages/airflow/example_dags/example_kubernetes_executor.py for tasks to queue
[2025-06-17T04:20:21.612+0300] {logging_mixin.py:151} INFO - [2025-06-17T04:20:21.611+0300] {dagbag.py:539} INFO - Filling up the DagBag from /home/qwerty/.local/lib/python3.10/site-packages/airflow/example_dags/example_kubernetes_executor.py
[2025-06-17T04:20:21.621+0300] {logging_mixin.py:151} INFO - [2025-06-17T04:20:21.621+0300] {example_kubernetes_executor.py:38} WARNING - The example_kubernetes_executor example DAG requires the kubernetes provider. Please install it with: pip install apache-airflow[cncf.kubernetes]
[2025-06-17T04:20:21.621+0300] {processor.py:841} WARNING - No viable dags retrieved from /home/qwerty/.local/lib/python3.10/site-packages/airflow/example_dags/example_kubernetes_executor.py
[2025-06-17T04:20:21.635+0300] {processor.py:179} INFO - Processing /home/qwerty/.local/lib/python3.10/site-packages/airflow/example_dags/example_kubernetes_executor.py took 0.043 seconds
[2025-06-17T04:21:45.271+0300] {processor.py:157} INFO - Started process (PID=19684) to work on /home/qwerty/.local/lib/python3.10/site-packages/airflow/example_dags/example_kubernetes_executor.py
[2025-06-17T04:21:45.272+0300] {processor.py:829} INFO - Processing file /home/qwerty/.local/lib/python3.10/site-packages/airflow/example_dags/example_kubernetes_executor.py for tasks to queue
[2025-06-17T04:21:45.274+0300] {logging_mixin.py:151} INFO - [2025-06-17T04:21:45.273+0300] {dagbag.py:539} INFO - Filling up the DagBag from /home/qwerty/.local/lib/python3.10/site-packages/airflow/example_dags/example_kubernetes_executor.py
[2025-06-17T04:21:45.279+0300] {logging_mixin.py:151} INFO - [2025-06-17T04:21:45.279+0300] {example_kubernetes_executor.py:38} WARNING - The example_kubernetes_executor example DAG requires the kubernetes provider. Please install it with: pip install apache-airflow[cncf.kubernetes]
[2025-06-17T04:21:45.279+0300] {processor.py:841} WARNING - No viable dags retrieved from /home/qwerty/.local/lib/python3.10/site-packages/airflow/example_dags/example_kubernetes_executor.py
[2025-06-17T04:21:45.296+0300] {processor.py:179} INFO - Processing /home/qwerty/.local/lib/python3.10/site-packages/airflow/example_dags/example_kubernetes_executor.py took 0.030 seconds
[2025-06-17T04:22:44.031+0300] {processor.py:157} INFO - Started process (PID=19767) to work on /home/qwerty/.local/lib/python3.10/site-packages/airflow/example_dags/example_kubernetes_executor.py
[2025-06-17T04:22:44.034+0300] {processor.py:829} INFO - Processing file /home/qwerty/.local/lib/python3.10/site-packages/airflow/example_dags/example_kubernetes_executor.py for tasks to queue
[2025-06-17T04:22:44.036+0300] {logging_mixin.py:151} INFO - [2025-06-17T04:22:44.035+0300] {dagbag.py:539} INFO - Filling up the DagBag from /home/qwerty/.local/lib/python3.10/site-packages/airflow/example_dags/example_kubernetes_executor.py
[2025-06-17T04:22:44.041+0300] {logging_mixin.py:151} INFO - [2025-06-17T04:22:44.041+0300] {example_kubernetes_executor.py:38} WARNING - The example_kubernetes_executor example DAG requires the kubernetes provider. Please install it with: pip install apache-airflow[cncf.kubernetes]
[2025-06-17T04:22:44.042+0300] {processor.py:841} WARNING - No viable dags retrieved from /home/qwerty/.local/lib/python3.10/site-packages/airflow/example_dags/example_kubernetes_executor.py
[2025-06-17T04:22:44.057+0300] {processor.py:179} INFO - Processing /home/qwerty/.local/lib/python3.10/site-packages/airflow/example_dags/example_kubernetes_executor.py took 0.032 seconds
[2025-06-17T04:24:10.463+0300] {processor.py:157} INFO - Started process (PID=19894) to work on /home/qwerty/.local/lib/python3.10/site-packages/airflow/example_dags/example_kubernetes_executor.py
[2025-06-17T04:24:10.465+0300] {processor.py:829} INFO - Processing file /home/qwerty/.local/lib/python3.10/site-packages/airflow/example_dags/example_kubernetes_executor.py for tasks to queue
[2025-06-17T04:24:10.466+0300] {logging_mixin.py:151} INFO - [2025-06-17T04:24:10.465+0300] {dagbag.py:539} INFO - Filling up the DagBag from /home/qwerty/.local/lib/python3.10/site-packages/airflow/example_dags/example_kubernetes_executor.py
[2025-06-17T04:24:10.471+0300] {logging_mixin.py:151} INFO - [2025-06-17T04:24:10.470+0300] {example_kubernetes_executor.py:38} WARNING - The example_kubernetes_executor example DAG requires the kubernetes provider. Please install it with: pip install apache-airflow[cncf.kubernetes]
[2025-06-17T04:24:10.471+0300] {processor.py:841} WARNING - No viable dags retrieved from /home/qwerty/.local/lib/python3.10/site-packages/airflow/example_dags/example_kubernetes_executor.py
[2025-06-17T04:24:10.485+0300] {processor.py:179} INFO - Processing /home/qwerty/.local/lib/python3.10/site-packages/airflow/example_dags/example_kubernetes_executor.py took 0.032 seconds
[2025-06-17T04:25:44.100+0300] {processor.py:157} INFO - Started process (PID=20008) to work on /home/qwerty/.local/lib/python3.10/site-packages/airflow/example_dags/example_kubernetes_executor.py
[2025-06-17T04:25:44.103+0300] {processor.py:829} INFO - Processing file /home/qwerty/.local/lib/python3.10/site-packages/airflow/example_dags/example_kubernetes_executor.py for tasks to queue
[2025-06-17T04:25:44.106+0300] {logging_mixin.py:151} INFO - [2025-06-17T04:25:44.105+0300] {dagbag.py:539} INFO - Filling up the DagBag from /home/qwerty/.local/lib/python3.10/site-packages/airflow/example_dags/example_kubernetes_executor.py
[2025-06-17T04:25:44.116+0300] {logging_mixin.py:151} INFO - [2025-06-17T04:25:44.115+0300] {example_kubernetes_executor.py:38} WARNING - The example_kubernetes_executor example DAG requires the kubernetes provider. Please install it with: pip install apache-airflow[cncf.kubernetes]
[2025-06-17T04:25:44.117+0300] {processor.py:841} WARNING - No viable dags retrieved from /home/qwerty/.local/lib/python3.10/site-packages/airflow/example_dags/example_kubernetes_executor.py
[2025-06-17T04:25:44.136+0300] {processor.py:179} INFO - Processing /home/qwerty/.local/lib/python3.10/site-packages/airflow/example_dags/example_kubernetes_executor.py took 0.047 seconds
[2025-06-17T04:26:39.974+0300] {processor.py:157} INFO - Started process (PID=20062) to work on /home/qwerty/.local/lib/python3.10/site-packages/airflow/example_dags/example_kubernetes_executor.py
[2025-06-17T04:26:39.980+0300] {processor.py:829} INFO - Processing file /home/qwerty/.local/lib/python3.10/site-packages/airflow/example_dags/example_kubernetes_executor.py for tasks to queue
[2025-06-17T04:26:39.983+0300] {logging_mixin.py:151} INFO - [2025-06-17T04:26:39.982+0300] {dagbag.py:539} INFO - Filling up the DagBag from /home/qwerty/.local/lib/python3.10/site-packages/airflow/example_dags/example_kubernetes_executor.py
[2025-06-17T04:26:39.993+0300] {logging_mixin.py:151} INFO - [2025-06-17T04:26:39.993+0300] {example_kubernetes_executor.py:38} WARNING - The example_kubernetes_executor example DAG requires the kubernetes provider. Please install it with: pip install apache-airflow[cncf.kubernetes]
[2025-06-17T04:26:39.994+0300] {processor.py:841} WARNING - No viable dags retrieved from /home/qwerty/.local/lib/python3.10/site-packages/airflow/example_dags/example_kubernetes_executor.py
[2025-06-17T04:26:40.019+0300] {processor.py:179} INFO - Processing /home/qwerty/.local/lib/python3.10/site-packages/airflow/example_dags/example_kubernetes_executor.py took 0.056 seconds
[2025-06-17T04:27:55.783+0300] {processor.py:157} INFO - Started process (PID=20153) to work on /home/qwerty/.local/lib/python3.10/site-packages/airflow/example_dags/example_kubernetes_executor.py
[2025-06-17T04:27:55.786+0300] {processor.py:829} INFO - Processing file /home/qwerty/.local/lib/python3.10/site-packages/airflow/example_dags/example_kubernetes_executor.py for tasks to queue
[2025-06-17T04:27:55.787+0300] {logging_mixin.py:151} INFO - [2025-06-17T04:27:55.787+0300] {dagbag.py:539} INFO - Filling up the DagBag from /home/qwerty/.local/lib/python3.10/site-packages/airflow/example_dags/example_kubernetes_executor.py
[2025-06-17T04:27:55.794+0300] {logging_mixin.py:151} INFO - [2025-06-17T04:27:55.794+0300] {example_kubernetes_executor.py:38} WARNING - The example_kubernetes_executor example DAG requires the kubernetes provider. Please install it with: pip install apache-airflow[cncf.kubernetes]
[2025-06-17T04:27:55.795+0300] {processor.py:841} WARNING - No viable dags retrieved from /home/qwerty/.local/lib/python3.10/site-packages/airflow/example_dags/example_kubernetes_executor.py
[2025-06-17T04:27:55.816+0300] {processor.py:179} INFO - Processing /home/qwerty/.local/lib/python3.10/site-packages/airflow/example_dags/example_kubernetes_executor.py took 0.040 seconds
[2025-06-17T04:29:13.271+0300] {processor.py:157} INFO - Started process (PID=20246) to work on /home/qwerty/.local/lib/python3.10/site-packages/airflow/example_dags/example_kubernetes_executor.py
[2025-06-17T04:29:13.272+0300] {processor.py:829} INFO - Processing file /home/qwerty/.local/lib/python3.10/site-packages/airflow/example_dags/example_kubernetes_executor.py for tasks to queue
[2025-06-17T04:29:13.274+0300] {logging_mixin.py:151} INFO - [2025-06-17T04:29:13.273+0300] {dagbag.py:539} INFO - Filling up the DagBag from /home/qwerty/.local/lib/python3.10/site-packages/airflow/example_dags/example_kubernetes_executor.py
[2025-06-17T04:29:13.278+0300] {logging_mixin.py:151} INFO - [2025-06-17T04:29:13.278+0300] {example_kubernetes_executor.py:38} WARNING - The example_kubernetes_executor example DAG requires the kubernetes provider. Please install it with: pip install apache-airflow[cncf.kubernetes]
[2025-06-17T04:29:13.279+0300] {processor.py:841} WARNING - No viable dags retrieved from /home/qwerty/.local/lib/python3.10/site-packages/airflow/example_dags/example_kubernetes_executor.py
[2025-06-17T04:29:13.295+0300] {processor.py:179} INFO - Processing /home/qwerty/.local/lib/python3.10/site-packages/airflow/example_dags/example_kubernetes_executor.py took 0.029 seconds
[2025-06-17T04:30:14.916+0300] {processor.py:157} INFO - Started process (PID=20311) to work on /home/qwerty/.local/lib/python3.10/site-packages/airflow/example_dags/example_kubernetes_executor.py
[2025-06-17T04:30:14.921+0300] {processor.py:829} INFO - Processing file /home/qwerty/.local/lib/python3.10/site-packages/airflow/example_dags/example_kubernetes_executor.py for tasks to queue
[2025-06-17T04:30:14.922+0300] {logging_mixin.py:151} INFO - [2025-06-17T04:30:14.922+0300] {dagbag.py:539} INFO - Filling up the DagBag from /home/qwerty/.local/lib/python3.10/site-packages/airflow/example_dags/example_kubernetes_executor.py
[2025-06-17T04:30:14.927+0300] {logging_mixin.py:151} INFO - [2025-06-17T04:30:14.927+0300] {example_kubernetes_executor.py:38} WARNING - The example_kubernetes_executor example DAG requires the kubernetes provider. Please install it with: pip install apache-airflow[cncf.kubernetes]
[2025-06-17T04:30:14.927+0300] {processor.py:841} WARNING - No viable dags retrieved from /home/qwerty/.local/lib/python3.10/site-packages/airflow/example_dags/example_kubernetes_executor.py
[2025-06-17T04:30:14.952+0300] {processor.py:179} INFO - Processing /home/qwerty/.local/lib/python3.10/site-packages/airflow/example_dags/example_kubernetes_executor.py took 0.047 seconds
[2025-06-17T04:31:39.800+0300] {processor.py:157} INFO - Started process (PID=20397) to work on /home/qwerty/.local/lib/python3.10/site-packages/airflow/example_dags/example_kubernetes_executor.py
[2025-06-17T04:31:39.803+0300] {processor.py:829} INFO - Processing file /home/qwerty/.local/lib/python3.10/site-packages/airflow/example_dags/example_kubernetes_executor.py for tasks to queue
[2025-06-17T04:31:39.806+0300] {logging_mixin.py:151} INFO - [2025-06-17T04:31:39.805+0300] {dagbag.py:539} INFO - Filling up the DagBag from /home/qwerty/.local/lib/python3.10/site-packages/airflow/example_dags/example_kubernetes_executor.py
[2025-06-17T04:31:39.817+0300] {logging_mixin.py:151} INFO - [2025-06-17T04:31:39.816+0300] {example_kubernetes_executor.py:38} WARNING - The example_kubernetes_executor example DAG requires the kubernetes provider. Please install it with: pip install apache-airflow[cncf.kubernetes]
[2025-06-17T04:31:39.818+0300] {processor.py:841} WARNING - No viable dags retrieved from /home/qwerty/.local/lib/python3.10/site-packages/airflow/example_dags/example_kubernetes_executor.py
[2025-06-17T04:31:39.842+0300] {processor.py:179} INFO - Processing /home/qwerty/.local/lib/python3.10/site-packages/airflow/example_dags/example_kubernetes_executor.py took 0.053 seconds
