[2025-06-17T04:07:58.735+0300] {processor.py:157} INFO - Started process (PID=18711) to work on /home/qwerty/.local/lib/python3.10/site-packages/airflow/example_dags/example_dynamic_task_mapping_with_no_taskflow_operators.py
[2025-06-17T04:07:58.737+0300] {processor.py:829} INFO - Processing file /home/qwerty/.local/lib/python3.10/site-packages/airflow/example_dags/example_dynamic_task_mapping_with_no_taskflow_operators.py for tasks to queue
[2025-06-17T04:07:58.739+0300] {logging_mixin.py:151} INFO - [2025-06-17T04:07:58.738+0300] {dagbag.py:539} INFO - Filling up the DagBag from /home/qwerty/.local/lib/python3.10/site-packages/airflow/example_dags/example_dynamic_task_mapping_with_no_taskflow_operators.py
[2025-06-17T04:07:58.756+0300] {processor.py:839} INFO - DAG(s) dict_keys(['example_dynamic_task_mapping_with_no_taskflow_operators']) retrieved from /home/qwerty/.local/lib/python3.10/site-packages/airflow/example_dags/example_dynamic_task_mapping_with_no_taskflow_operators.py
[2025-06-17T04:07:58.807+0300] {logging_mixin.py:151} INFO - [2025-06-17T04:07:58.806+0300] {dag.py:2915} INFO - Sync 1 DAGs
[2025-06-17T04:07:58.871+0300] {logging_mixin.py:151} INFO - [2025-06-17T04:07:58.870+0300] {dag.py:3696} INFO - Setting next_dagrun for example_dynamic_task_mapping_with_no_taskflow_operators to 2025-06-16T01:07:58.869583+00:00, run_after=2025-06-17T01:07:58.869583+00:00
[2025-06-17T04:07:58.931+0300] {processor.py:179} INFO - Processing /home/qwerty/.local/lib/python3.10/site-packages/airflow/example_dags/example_dynamic_task_mapping_with_no_taskflow_operators.py took 0.206 seconds
[2025-06-17T04:08:56.596+0300] {processor.py:157} INFO - Started process (PID=18790) to work on /home/qwerty/.local/lib/python3.10/site-packages/airflow/example_dags/example_dynamic_task_mapping_with_no_taskflow_operators.py
[2025-06-17T04:08:56.599+0300] {processor.py:829} INFO - Processing file /home/qwerty/.local/lib/python3.10/site-packages/airflow/example_dags/example_dynamic_task_mapping_with_no_taskflow_operators.py for tasks to queue
[2025-06-17T04:08:56.602+0300] {logging_mixin.py:151} INFO - [2025-06-17T04:08:56.601+0300] {dagbag.py:539} INFO - Filling up the DagBag from /home/qwerty/.local/lib/python3.10/site-packages/airflow/example_dags/example_dynamic_task_mapping_with_no_taskflow_operators.py
[2025-06-17T04:08:56.625+0300] {processor.py:839} INFO - DAG(s) dict_keys(['example_dynamic_task_mapping_with_no_taskflow_operators']) retrieved from /home/qwerty/.local/lib/python3.10/site-packages/airflow/example_dags/example_dynamic_task_mapping_with_no_taskflow_operators.py
[2025-06-17T04:08:56.683+0300] {logging_mixin.py:151} INFO - [2025-06-17T04:08:56.682+0300] {dag.py:2915} INFO - Sync 1 DAGs
[2025-06-17T04:08:56.754+0300] {logging_mixin.py:151} INFO - [2025-06-17T04:08:56.754+0300] {dag.py:3696} INFO - Setting next_dagrun for example_dynamic_task_mapping_with_no_taskflow_operators to 2025-06-16T01:08:56.753737+00:00, run_after=2025-06-17T01:08:56.753737+00:00
[2025-06-17T04:08:56.820+0300] {processor.py:179} INFO - Processing /home/qwerty/.local/lib/python3.10/site-packages/airflow/example_dags/example_dynamic_task_mapping_with_no_taskflow_operators.py took 0.236 seconds
[2025-06-17T04:10:22.110+0300] {processor.py:157} INFO - Started process (PID=18869) to work on /home/qwerty/.local/lib/python3.10/site-packages/airflow/example_dags/example_dynamic_task_mapping_with_no_taskflow_operators.py
[2025-06-17T04:10:22.113+0300] {processor.py:829} INFO - Processing file /home/qwerty/.local/lib/python3.10/site-packages/airflow/example_dags/example_dynamic_task_mapping_with_no_taskflow_operators.py for tasks to queue
[2025-06-17T04:10:22.116+0300] {logging_mixin.py:151} INFO - [2025-06-17T04:10:22.115+0300] {dagbag.py:539} INFO - Filling up the DagBag from /home/qwerty/.local/lib/python3.10/site-packages/airflow/example_dags/example_dynamic_task_mapping_with_no_taskflow_operators.py
[2025-06-17T04:10:22.140+0300] {processor.py:839} INFO - DAG(s) dict_keys(['example_dynamic_task_mapping_with_no_taskflow_operators']) retrieved from /home/qwerty/.local/lib/python3.10/site-packages/airflow/example_dags/example_dynamic_task_mapping_with_no_taskflow_operators.py
[2025-06-17T04:10:22.202+0300] {logging_mixin.py:151} INFO - [2025-06-17T04:10:22.200+0300] {dag.py:2915} INFO - Sync 1 DAGs
[2025-06-17T04:10:22.287+0300] {logging_mixin.py:151} INFO - [2025-06-17T04:10:22.286+0300] {dag.py:3696} INFO - Setting next_dagrun for example_dynamic_task_mapping_with_no_taskflow_operators to 2025-06-16T01:10:22.284796+00:00, run_after=2025-06-17T01:10:22.284796+00:00
[2025-06-17T04:10:22.356+0300] {processor.py:179} INFO - Processing /home/qwerty/.local/lib/python3.10/site-packages/airflow/example_dags/example_dynamic_task_mapping_with_no_taskflow_operators.py took 0.260 seconds
[2025-06-17T04:11:18.179+0300] {processor.py:157} INFO - Started process (PID=18918) to work on /home/qwerty/.local/lib/python3.10/site-packages/airflow/example_dags/example_dynamic_task_mapping_with_no_taskflow_operators.py
[2025-06-17T04:11:18.183+0300] {processor.py:829} INFO - Processing file /home/qwerty/.local/lib/python3.10/site-packages/airflow/example_dags/example_dynamic_task_mapping_with_no_taskflow_operators.py for tasks to queue
[2025-06-17T04:11:18.186+0300] {logging_mixin.py:151} INFO - [2025-06-17T04:11:18.185+0300] {dagbag.py:539} INFO - Filling up the DagBag from /home/qwerty/.local/lib/python3.10/site-packages/airflow/example_dags/example_dynamic_task_mapping_with_no_taskflow_operators.py
[2025-06-17T04:11:18.204+0300] {processor.py:839} INFO - DAG(s) dict_keys(['example_dynamic_task_mapping_with_no_taskflow_operators']) retrieved from /home/qwerty/.local/lib/python3.10/site-packages/airflow/example_dags/example_dynamic_task_mapping_with_no_taskflow_operators.py
[2025-06-17T04:11:18.232+0300] {logging_mixin.py:151} INFO - [2025-06-17T04:11:18.232+0300] {dag.py:2915} INFO - Sync 1 DAGs
[2025-06-17T04:11:18.266+0300] {logging_mixin.py:151} INFO - [2025-06-17T04:11:18.266+0300] {dag.py:3696} INFO - Setting next_dagrun for example_dynamic_task_mapping_with_no_taskflow_operators to 2025-06-16T01:11:18.265690+00:00, run_after=2025-06-17T01:11:18.265690+00:00
[2025-06-17T04:11:18.319+0300] {processor.py:179} INFO - Processing /home/qwerty/.local/lib/python3.10/site-packages/airflow/example_dags/example_dynamic_task_mapping_with_no_taskflow_operators.py took 0.149 seconds
[2025-06-17T04:12:20.092+0300] {processor.py:157} INFO - Started process (PID=19008) to work on /home/qwerty/.local/lib/python3.10/site-packages/airflow/example_dags/example_dynamic_task_mapping_with_no_taskflow_operators.py
[2025-06-17T04:12:20.094+0300] {processor.py:829} INFO - Processing file /home/qwerty/.local/lib/python3.10/site-packages/airflow/example_dags/example_dynamic_task_mapping_with_no_taskflow_operators.py for tasks to queue
[2025-06-17T04:12:20.097+0300] {logging_mixin.py:151} INFO - [2025-06-17T04:12:20.096+0300] {dagbag.py:539} INFO - Filling up the DagBag from /home/qwerty/.local/lib/python3.10/site-packages/airflow/example_dags/example_dynamic_task_mapping_with_no_taskflow_operators.py
[2025-06-17T04:12:20.114+0300] {processor.py:839} INFO - DAG(s) dict_keys(['example_dynamic_task_mapping_with_no_taskflow_operators']) retrieved from /home/qwerty/.local/lib/python3.10/site-packages/airflow/example_dags/example_dynamic_task_mapping_with_no_taskflow_operators.py
[2025-06-17T04:12:20.158+0300] {logging_mixin.py:151} INFO - [2025-06-17T04:12:20.158+0300] {dag.py:2915} INFO - Sync 1 DAGs
[2025-06-17T04:12:20.205+0300] {logging_mixin.py:151} INFO - [2025-06-17T04:12:20.205+0300] {dag.py:3696} INFO - Setting next_dagrun for example_dynamic_task_mapping_with_no_taskflow_operators to 2025-06-16T01:12:20.204208+00:00, run_after=2025-06-17T01:12:20.204208+00:00
[2025-06-17T04:12:20.258+0300] {processor.py:179} INFO - Processing /home/qwerty/.local/lib/python3.10/site-packages/airflow/example_dags/example_dynamic_task_mapping_with_no_taskflow_operators.py took 0.179 seconds
[2025-06-17T04:13:44.683+0300] {processor.py:157} INFO - Started process (PID=19093) to work on /home/qwerty/.local/lib/python3.10/site-packages/airflow/example_dags/example_dynamic_task_mapping_with_no_taskflow_operators.py
[2025-06-17T04:13:44.685+0300] {processor.py:829} INFO - Processing file /home/qwerty/.local/lib/python3.10/site-packages/airflow/example_dags/example_dynamic_task_mapping_with_no_taskflow_operators.py for tasks to queue
[2025-06-17T04:13:44.687+0300] {logging_mixin.py:151} INFO - [2025-06-17T04:13:44.686+0300] {dagbag.py:539} INFO - Filling up the DagBag from /home/qwerty/.local/lib/python3.10/site-packages/airflow/example_dags/example_dynamic_task_mapping_with_no_taskflow_operators.py
[2025-06-17T04:13:44.703+0300] {processor.py:839} INFO - DAG(s) dict_keys(['example_dynamic_task_mapping_with_no_taskflow_operators']) retrieved from /home/qwerty/.local/lib/python3.10/site-packages/airflow/example_dags/example_dynamic_task_mapping_with_no_taskflow_operators.py
[2025-06-17T04:13:44.733+0300] {logging_mixin.py:151} INFO - [2025-06-17T04:13:44.733+0300] {dag.py:2915} INFO - Sync 1 DAGs
[2025-06-17T04:13:44.767+0300] {logging_mixin.py:151} INFO - [2025-06-17T04:13:44.767+0300] {dag.py:3696} INFO - Setting next_dagrun for example_dynamic_task_mapping_with_no_taskflow_operators to 2025-06-16T01:13:44.766923+00:00, run_after=2025-06-17T01:13:44.766923+00:00
[2025-06-17T04:13:44.804+0300] {processor.py:179} INFO - Processing /home/qwerty/.local/lib/python3.10/site-packages/airflow/example_dags/example_dynamic_task_mapping_with_no_taskflow_operators.py took 0.135 seconds
[2025-06-17T04:15:16.214+0300] {processor.py:157} INFO - Started process (PID=19179) to work on /home/qwerty/.local/lib/python3.10/site-packages/airflow/example_dags/example_dynamic_task_mapping_with_no_taskflow_operators.py
[2025-06-17T04:15:16.219+0300] {processor.py:829} INFO - Processing file /home/qwerty/.local/lib/python3.10/site-packages/airflow/example_dags/example_dynamic_task_mapping_with_no_taskflow_operators.py for tasks to queue
[2025-06-17T04:15:16.220+0300] {logging_mixin.py:151} INFO - [2025-06-17T04:15:16.220+0300] {dagbag.py:539} INFO - Filling up the DagBag from /home/qwerty/.local/lib/python3.10/site-packages/airflow/example_dags/example_dynamic_task_mapping_with_no_taskflow_operators.py
[2025-06-17T04:15:16.236+0300] {processor.py:839} INFO - DAG(s) dict_keys(['example_dynamic_task_mapping_with_no_taskflow_operators']) retrieved from /home/qwerty/.local/lib/python3.10/site-packages/airflow/example_dags/example_dynamic_task_mapping_with_no_taskflow_operators.py
[2025-06-17T04:15:16.267+0300] {logging_mixin.py:151} INFO - [2025-06-17T04:15:16.266+0300] {dag.py:2915} INFO - Sync 1 DAGs
[2025-06-17T04:15:16.306+0300] {logging_mixin.py:151} INFO - [2025-06-17T04:15:16.305+0300] {dag.py:3696} INFO - Setting next_dagrun for example_dynamic_task_mapping_with_no_taskflow_operators to 2025-06-16T01:15:16.305339+00:00, run_after=2025-06-17T01:15:16.305339+00:00
[2025-06-17T04:15:16.344+0300] {processor.py:179} INFO - Processing /home/qwerty/.local/lib/python3.10/site-packages/airflow/example_dags/example_dynamic_task_mapping_with_no_taskflow_operators.py took 0.141 seconds
[2025-06-17T04:16:15.699+0300] {processor.py:157} INFO - Started process (PID=19234) to work on /home/qwerty/.local/lib/python3.10/site-packages/airflow/example_dags/example_dynamic_task_mapping_with_no_taskflow_operators.py
[2025-06-17T04:16:15.702+0300] {processor.py:829} INFO - Processing file /home/qwerty/.local/lib/python3.10/site-packages/airflow/example_dags/example_dynamic_task_mapping_with_no_taskflow_operators.py for tasks to queue
[2025-06-17T04:16:15.705+0300] {logging_mixin.py:151} INFO - [2025-06-17T04:16:15.704+0300] {dagbag.py:539} INFO - Filling up the DagBag from /home/qwerty/.local/lib/python3.10/site-packages/airflow/example_dags/example_dynamic_task_mapping_with_no_taskflow_operators.py
[2025-06-17T04:16:15.716+0300] {processor.py:839} INFO - DAG(s) dict_keys(['example_dynamic_task_mapping_with_no_taskflow_operators']) retrieved from /home/qwerty/.local/lib/python3.10/site-packages/airflow/example_dags/example_dynamic_task_mapping_with_no_taskflow_operators.py
[2025-06-17T04:16:15.736+0300] {logging_mixin.py:151} INFO - [2025-06-17T04:16:15.736+0300] {dag.py:2915} INFO - Sync 1 DAGs
[2025-06-17T04:16:15.762+0300] {logging_mixin.py:151} INFO - [2025-06-17T04:16:15.762+0300] {dag.py:3696} INFO - Setting next_dagrun for example_dynamic_task_mapping_with_no_taskflow_operators to 2025-06-16T01:16:15.762287+00:00, run_after=2025-06-17T01:16:15.762287+00:00
[2025-06-17T04:16:15.802+0300] {processor.py:179} INFO - Processing /home/qwerty/.local/lib/python3.10/site-packages/airflow/example_dags/example_dynamic_task_mapping_with_no_taskflow_operators.py took 0.114 seconds
[2025-06-17T04:17:35.290+0300] {processor.py:157} INFO - Started process (PID=19341) to work on /home/qwerty/.local/lib/python3.10/site-packages/airflow/example_dags/example_dynamic_task_mapping_with_no_taskflow_operators.py
[2025-06-17T04:17:35.299+0300] {processor.py:829} INFO - Processing file /home/qwerty/.local/lib/python3.10/site-packages/airflow/example_dags/example_dynamic_task_mapping_with_no_taskflow_operators.py for tasks to queue
[2025-06-17T04:17:35.301+0300] {logging_mixin.py:151} INFO - [2025-06-17T04:17:35.300+0300] {dagbag.py:539} INFO - Filling up the DagBag from /home/qwerty/.local/lib/python3.10/site-packages/airflow/example_dags/example_dynamic_task_mapping_with_no_taskflow_operators.py
[2025-06-17T04:17:35.320+0300] {processor.py:839} INFO - DAG(s) dict_keys(['example_dynamic_task_mapping_with_no_taskflow_operators']) retrieved from /home/qwerty/.local/lib/python3.10/site-packages/airflow/example_dags/example_dynamic_task_mapping_with_no_taskflow_operators.py
[2025-06-17T04:17:35.354+0300] {logging_mixin.py:151} INFO - [2025-06-17T04:17:35.354+0300] {dag.py:2915} INFO - Sync 1 DAGs
[2025-06-17T04:17:35.392+0300] {logging_mixin.py:151} INFO - [2025-06-17T04:17:35.391+0300] {dag.py:3696} INFO - Setting next_dagrun for example_dynamic_task_mapping_with_no_taskflow_operators to 2025-06-16T01:17:35.391373+00:00, run_after=2025-06-17T01:17:35.391373+00:00
[2025-06-17T04:17:35.443+0300] {processor.py:179} INFO - Processing /home/qwerty/.local/lib/python3.10/site-packages/airflow/example_dags/example_dynamic_task_mapping_with_no_taskflow_operators.py took 0.161 seconds
[2025-06-17T04:19:05.184+0300] {processor.py:157} INFO - Started process (PID=19458) to work on /home/qwerty/.local/lib/python3.10/site-packages/airflow/example_dags/example_dynamic_task_mapping_with_no_taskflow_operators.py
[2025-06-17T04:19:05.187+0300] {processor.py:829} INFO - Processing file /home/qwerty/.local/lib/python3.10/site-packages/airflow/example_dags/example_dynamic_task_mapping_with_no_taskflow_operators.py for tasks to queue
[2025-06-17T04:19:05.191+0300] {logging_mixin.py:151} INFO - [2025-06-17T04:19:05.189+0300] {dagbag.py:539} INFO - Filling up the DagBag from /home/qwerty/.local/lib/python3.10/site-packages/airflow/example_dags/example_dynamic_task_mapping_with_no_taskflow_operators.py
[2025-06-17T04:19:05.217+0300] {processor.py:839} INFO - DAG(s) dict_keys(['example_dynamic_task_mapping_with_no_taskflow_operators']) retrieved from /home/qwerty/.local/lib/python3.10/site-packages/airflow/example_dags/example_dynamic_task_mapping_with_no_taskflow_operators.py
[2025-06-17T04:19:05.261+0300] {logging_mixin.py:151} INFO - [2025-06-17T04:19:05.260+0300] {dag.py:2915} INFO - Sync 1 DAGs
[2025-06-17T04:19:05.321+0300] {logging_mixin.py:151} INFO - [2025-06-17T04:19:05.320+0300] {dag.py:3696} INFO - Setting next_dagrun for example_dynamic_task_mapping_with_no_taskflow_operators to 2025-06-16T01:19:05.319634+00:00, run_after=2025-06-17T01:19:05.319634+00:00
[2025-06-17T04:19:05.387+0300] {processor.py:179} INFO - Processing /home/qwerty/.local/lib/python3.10/site-packages/airflow/example_dags/example_dynamic_task_mapping_with_no_taskflow_operators.py took 0.216 seconds
[2025-06-17T04:20:22.847+0300] {processor.py:157} INFO - Started process (PID=19566) to work on /home/qwerty/.local/lib/python3.10/site-packages/airflow/example_dags/example_dynamic_task_mapping_with_no_taskflow_operators.py
[2025-06-17T04:20:22.850+0300] {processor.py:829} INFO - Processing file /home/qwerty/.local/lib/python3.10/site-packages/airflow/example_dags/example_dynamic_task_mapping_with_no_taskflow_operators.py for tasks to queue
[2025-06-17T04:20:22.851+0300] {logging_mixin.py:151} INFO - [2025-06-17T04:20:22.851+0300] {dagbag.py:539} INFO - Filling up the DagBag from /home/qwerty/.local/lib/python3.10/site-packages/airflow/example_dags/example_dynamic_task_mapping_with_no_taskflow_operators.py
[2025-06-17T04:20:22.861+0300] {processor.py:839} INFO - DAG(s) dict_keys(['example_dynamic_task_mapping_with_no_taskflow_operators']) retrieved from /home/qwerty/.local/lib/python3.10/site-packages/airflow/example_dags/example_dynamic_task_mapping_with_no_taskflow_operators.py
[2025-06-17T04:20:22.880+0300] {logging_mixin.py:151} INFO - [2025-06-17T04:20:22.880+0300] {dag.py:2915} INFO - Sync 1 DAGs
[2025-06-17T04:20:22.905+0300] {logging_mixin.py:151} INFO - [2025-06-17T04:20:22.905+0300] {dag.py:3696} INFO - Setting next_dagrun for example_dynamic_task_mapping_with_no_taskflow_operators to 2025-06-16T01:20:22.905227+00:00, run_after=2025-06-17T01:20:22.905227+00:00
[2025-06-17T04:20:22.943+0300] {processor.py:179} INFO - Processing /home/qwerty/.local/lib/python3.10/site-packages/airflow/example_dags/example_dynamic_task_mapping_with_no_taskflow_operators.py took 0.108 seconds
[2025-06-17T04:21:46.493+0300] {processor.py:157} INFO - Started process (PID=19686) to work on /home/qwerty/.local/lib/python3.10/site-packages/airflow/example_dags/example_dynamic_task_mapping_with_no_taskflow_operators.py
[2025-06-17T04:21:46.494+0300] {processor.py:829} INFO - Processing file /home/qwerty/.local/lib/python3.10/site-packages/airflow/example_dags/example_dynamic_task_mapping_with_no_taskflow_operators.py for tasks to queue
[2025-06-17T04:21:46.495+0300] {logging_mixin.py:151} INFO - [2025-06-17T04:21:46.494+0300] {dagbag.py:539} INFO - Filling up the DagBag from /home/qwerty/.local/lib/python3.10/site-packages/airflow/example_dags/example_dynamic_task_mapping_with_no_taskflow_operators.py
[2025-06-17T04:21:46.503+0300] {processor.py:839} INFO - DAG(s) dict_keys(['example_dynamic_task_mapping_with_no_taskflow_operators']) retrieved from /home/qwerty/.local/lib/python3.10/site-packages/airflow/example_dags/example_dynamic_task_mapping_with_no_taskflow_operators.py
[2025-06-17T04:21:46.521+0300] {logging_mixin.py:151} INFO - [2025-06-17T04:21:46.521+0300] {dag.py:2915} INFO - Sync 1 DAGs
[2025-06-17T04:21:46.543+0300] {logging_mixin.py:151} INFO - [2025-06-17T04:21:46.543+0300] {dag.py:3696} INFO - Setting next_dagrun for example_dynamic_task_mapping_with_no_taskflow_operators to 2025-06-16T01:21:46.542406+00:00, run_after=2025-06-17T01:21:46.542406+00:00
[2025-06-17T04:21:46.571+0300] {processor.py:179} INFO - Processing /home/qwerty/.local/lib/python3.10/site-packages/airflow/example_dags/example_dynamic_task_mapping_with_no_taskflow_operators.py took 0.086 seconds
[2025-06-17T04:22:45.295+0300] {processor.py:157} INFO - Started process (PID=19768) to work on /home/qwerty/.local/lib/python3.10/site-packages/airflow/example_dags/example_dynamic_task_mapping_with_no_taskflow_operators.py
[2025-06-17T04:22:45.297+0300] {processor.py:829} INFO - Processing file /home/qwerty/.local/lib/python3.10/site-packages/airflow/example_dags/example_dynamic_task_mapping_with_no_taskflow_operators.py for tasks to queue
[2025-06-17T04:22:45.299+0300] {logging_mixin.py:151} INFO - [2025-06-17T04:22:45.298+0300] {dagbag.py:539} INFO - Filling up the DagBag from /home/qwerty/.local/lib/python3.10/site-packages/airflow/example_dags/example_dynamic_task_mapping_with_no_taskflow_operators.py
[2025-06-17T04:22:45.320+0300] {processor.py:839} INFO - DAG(s) dict_keys(['example_dynamic_task_mapping_with_no_taskflow_operators']) retrieved from /home/qwerty/.local/lib/python3.10/site-packages/airflow/example_dags/example_dynamic_task_mapping_with_no_taskflow_operators.py
[2025-06-17T04:22:45.339+0300] {logging_mixin.py:151} INFO - [2025-06-17T04:22:45.339+0300] {dag.py:2915} INFO - Sync 1 DAGs
[2025-06-17T04:22:45.361+0300] {logging_mixin.py:151} INFO - [2025-06-17T04:22:45.361+0300] {dag.py:3696} INFO - Setting next_dagrun for example_dynamic_task_mapping_with_no_taskflow_operators to 2025-06-16T01:22:45.360757+00:00, run_after=2025-06-17T01:22:45.360757+00:00
[2025-06-17T04:22:45.388+0300] {processor.py:179} INFO - Processing /home/qwerty/.local/lib/python3.10/site-packages/airflow/example_dags/example_dynamic_task_mapping_with_no_taskflow_operators.py took 0.103 seconds
[2025-06-17T04:24:11.401+0300] {processor.py:157} INFO - Started process (PID=19895) to work on /home/qwerty/.local/lib/python3.10/site-packages/airflow/example_dags/example_dynamic_task_mapping_with_no_taskflow_operators.py
[2025-06-17T04:24:11.403+0300] {processor.py:829} INFO - Processing file /home/qwerty/.local/lib/python3.10/site-packages/airflow/example_dags/example_dynamic_task_mapping_with_no_taskflow_operators.py for tasks to queue
[2025-06-17T04:24:11.405+0300] {logging_mixin.py:151} INFO - [2025-06-17T04:24:11.404+0300] {dagbag.py:539} INFO - Filling up the DagBag from /home/qwerty/.local/lib/python3.10/site-packages/airflow/example_dags/example_dynamic_task_mapping_with_no_taskflow_operators.py
[2025-06-17T04:24:11.418+0300] {processor.py:839} INFO - DAG(s) dict_keys(['example_dynamic_task_mapping_with_no_taskflow_operators']) retrieved from /home/qwerty/.local/lib/python3.10/site-packages/airflow/example_dags/example_dynamic_task_mapping_with_no_taskflow_operators.py
[2025-06-17T04:24:11.449+0300] {logging_mixin.py:151} INFO - [2025-06-17T04:24:11.448+0300] {dag.py:2915} INFO - Sync 1 DAGs
[2025-06-17T04:24:11.492+0300] {logging_mixin.py:151} INFO - [2025-06-17T04:24:11.491+0300] {dag.py:3696} INFO - Setting next_dagrun for example_dynamic_task_mapping_with_no_taskflow_operators to 2025-06-16T01:24:11.491371+00:00, run_after=2025-06-17T01:24:11.491371+00:00
[2025-06-17T04:24:11.531+0300] {processor.py:179} INFO - Processing /home/qwerty/.local/lib/python3.10/site-packages/airflow/example_dags/example_dynamic_task_mapping_with_no_taskflow_operators.py took 0.138 seconds
[2025-06-17T04:25:45.398+0300] {processor.py:157} INFO - Started process (PID=20009) to work on /home/qwerty/.local/lib/python3.10/site-packages/airflow/example_dags/example_dynamic_task_mapping_with_no_taskflow_operators.py
[2025-06-17T04:25:45.406+0300] {processor.py:829} INFO - Processing file /home/qwerty/.local/lib/python3.10/site-packages/airflow/example_dags/example_dynamic_task_mapping_with_no_taskflow_operators.py for tasks to queue
[2025-06-17T04:25:45.409+0300] {logging_mixin.py:151} INFO - [2025-06-17T04:25:45.408+0300] {dagbag.py:539} INFO - Filling up the DagBag from /home/qwerty/.local/lib/python3.10/site-packages/airflow/example_dags/example_dynamic_task_mapping_with_no_taskflow_operators.py
[2025-06-17T04:25:45.432+0300] {processor.py:839} INFO - DAG(s) dict_keys(['example_dynamic_task_mapping_with_no_taskflow_operators']) retrieved from /home/qwerty/.local/lib/python3.10/site-packages/airflow/example_dags/example_dynamic_task_mapping_with_no_taskflow_operators.py
[2025-06-17T04:25:45.457+0300] {logging_mixin.py:151} INFO - [2025-06-17T04:25:45.457+0300] {dag.py:2915} INFO - Sync 1 DAGs
[2025-06-17T04:25:45.484+0300] {logging_mixin.py:151} INFO - [2025-06-17T04:25:45.484+0300] {dag.py:3696} INFO - Setting next_dagrun for example_dynamic_task_mapping_with_no_taskflow_operators to 2025-06-16T01:25:45.483204+00:00, run_after=2025-06-17T01:25:45.483204+00:00
[2025-06-17T04:25:45.519+0300] {processor.py:179} INFO - Processing /home/qwerty/.local/lib/python3.10/site-packages/airflow/example_dags/example_dynamic_task_mapping_with_no_taskflow_operators.py took 0.128 seconds
[2025-06-17T04:27:03.285+0300] {processor.py:157} INFO - Started process (PID=20085) to work on /home/qwerty/.local/lib/python3.10/site-packages/airflow/example_dags/example_dynamic_task_mapping_with_no_taskflow_operators.py
[2025-06-17T04:27:03.288+0300] {processor.py:829} INFO - Processing file /home/qwerty/.local/lib/python3.10/site-packages/airflow/example_dags/example_dynamic_task_mapping_with_no_taskflow_operators.py for tasks to queue
[2025-06-17T04:27:03.290+0300] {logging_mixin.py:151} INFO - [2025-06-17T04:27:03.289+0300] {dagbag.py:539} INFO - Filling up the DagBag from /home/qwerty/.local/lib/python3.10/site-packages/airflow/example_dags/example_dynamic_task_mapping_with_no_taskflow_operators.py
[2025-06-17T04:27:03.307+0300] {processor.py:839} INFO - DAG(s) dict_keys(['example_dynamic_task_mapping_with_no_taskflow_operators']) retrieved from /home/qwerty/.local/lib/python3.10/site-packages/airflow/example_dags/example_dynamic_task_mapping_with_no_taskflow_operators.py
[2025-06-17T04:27:03.339+0300] {logging_mixin.py:151} INFO - [2025-06-17T04:27:03.338+0300] {dag.py:2915} INFO - Sync 1 DAGs
[2025-06-17T04:27:03.380+0300] {logging_mixin.py:151} INFO - [2025-06-17T04:27:03.379+0300] {dag.py:3696} INFO - Setting next_dagrun for example_dynamic_task_mapping_with_no_taskflow_operators to 2025-06-16T01:27:03.379156+00:00, run_after=2025-06-17T01:27:03.379156+00:00
[2025-06-17T04:27:03.434+0300] {processor.py:179} INFO - Processing /home/qwerty/.local/lib/python3.10/site-packages/airflow/example_dags/example_dynamic_task_mapping_with_no_taskflow_operators.py took 0.157 seconds
[2025-06-17T04:28:18.947+0300] {processor.py:157} INFO - Started process (PID=20188) to work on /home/qwerty/.local/lib/python3.10/site-packages/airflow/example_dags/example_dynamic_task_mapping_with_no_taskflow_operators.py
[2025-06-17T04:28:18.950+0300] {processor.py:829} INFO - Processing file /home/qwerty/.local/lib/python3.10/site-packages/airflow/example_dags/example_dynamic_task_mapping_with_no_taskflow_operators.py for tasks to queue
[2025-06-17T04:28:18.952+0300] {logging_mixin.py:151} INFO - [2025-06-17T04:28:18.951+0300] {dagbag.py:539} INFO - Filling up the DagBag from /home/qwerty/.local/lib/python3.10/site-packages/airflow/example_dags/example_dynamic_task_mapping_with_no_taskflow_operators.py
[2025-06-17T04:28:18.963+0300] {processor.py:839} INFO - DAG(s) dict_keys(['example_dynamic_task_mapping_with_no_taskflow_operators']) retrieved from /home/qwerty/.local/lib/python3.10/site-packages/airflow/example_dags/example_dynamic_task_mapping_with_no_taskflow_operators.py
[2025-06-17T04:28:18.981+0300] {logging_mixin.py:151} INFO - [2025-06-17T04:28:18.981+0300] {dag.py:2915} INFO - Sync 1 DAGs
[2025-06-17T04:28:19.005+0300] {logging_mixin.py:151} INFO - [2025-06-17T04:28:19.005+0300] {dag.py:3696} INFO - Setting next_dagrun for example_dynamic_task_mapping_with_no_taskflow_operators to 2025-06-16T01:28:19.004808+00:00, run_after=2025-06-17T01:28:19.004808+00:00
[2025-06-17T04:28:19.031+0300] {processor.py:179} INFO - Processing /home/qwerty/.local/lib/python3.10/site-packages/airflow/example_dags/example_dynamic_task_mapping_with_no_taskflow_operators.py took 0.095 seconds
[2025-06-17T04:29:45.265+0300] {processor.py:157} INFO - Started process (PID=20280) to work on /home/qwerty/.local/lib/python3.10/site-packages/airflow/example_dags/example_dynamic_task_mapping_with_no_taskflow_operators.py
[2025-06-17T04:29:45.267+0300] {processor.py:829} INFO - Processing file /home/qwerty/.local/lib/python3.10/site-packages/airflow/example_dags/example_dynamic_task_mapping_with_no_taskflow_operators.py for tasks to queue
[2025-06-17T04:29:45.268+0300] {logging_mixin.py:151} INFO - [2025-06-17T04:29:45.267+0300] {dagbag.py:539} INFO - Filling up the DagBag from /home/qwerty/.local/lib/python3.10/site-packages/airflow/example_dags/example_dynamic_task_mapping_with_no_taskflow_operators.py
[2025-06-17T04:29:45.276+0300] {processor.py:839} INFO - DAG(s) dict_keys(['example_dynamic_task_mapping_with_no_taskflow_operators']) retrieved from /home/qwerty/.local/lib/python3.10/site-packages/airflow/example_dags/example_dynamic_task_mapping_with_no_taskflow_operators.py
[2025-06-17T04:29:45.295+0300] {logging_mixin.py:151} INFO - [2025-06-17T04:29:45.295+0300] {dag.py:2915} INFO - Sync 1 DAGs
[2025-06-17T04:29:45.318+0300] {logging_mixin.py:151} INFO - [2025-06-17T04:29:45.318+0300] {dag.py:3696} INFO - Setting next_dagrun for example_dynamic_task_mapping_with_no_taskflow_operators to 2025-06-16T01:29:45.317634+00:00, run_after=2025-06-17T01:29:45.317634+00:00
[2025-06-17T04:29:45.359+0300] {processor.py:179} INFO - Processing /home/qwerty/.local/lib/python3.10/site-packages/airflow/example_dags/example_dynamic_task_mapping_with_no_taskflow_operators.py took 0.103 seconds
[2025-06-17T04:30:41.832+0300] {processor.py:157} INFO - Started process (PID=20340) to work on /home/qwerty/.local/lib/python3.10/site-packages/airflow/example_dags/example_dynamic_task_mapping_with_no_taskflow_operators.py
[2025-06-17T04:30:41.835+0300] {processor.py:829} INFO - Processing file /home/qwerty/.local/lib/python3.10/site-packages/airflow/example_dags/example_dynamic_task_mapping_with_no_taskflow_operators.py for tasks to queue
[2025-06-17T04:30:41.836+0300] {logging_mixin.py:151} INFO - [2025-06-17T04:30:41.835+0300] {dagbag.py:539} INFO - Filling up the DagBag from /home/qwerty/.local/lib/python3.10/site-packages/airflow/example_dags/example_dynamic_task_mapping_with_no_taskflow_operators.py
[2025-06-17T04:30:41.850+0300] {processor.py:839} INFO - DAG(s) dict_keys(['example_dynamic_task_mapping_with_no_taskflow_operators']) retrieved from /home/qwerty/.local/lib/python3.10/site-packages/airflow/example_dags/example_dynamic_task_mapping_with_no_taskflow_operators.py
[2025-06-17T04:30:41.879+0300] {logging_mixin.py:151} INFO - [2025-06-17T04:30:41.878+0300] {dag.py:2915} INFO - Sync 1 DAGs
[2025-06-17T04:30:41.911+0300] {logging_mixin.py:151} INFO - [2025-06-17T04:30:41.911+0300] {dag.py:3696} INFO - Setting next_dagrun for example_dynamic_task_mapping_with_no_taskflow_operators to 2025-06-16T01:30:41.910796+00:00, run_after=2025-06-17T01:30:41.910796+00:00
[2025-06-17T04:30:41.945+0300] {processor.py:179} INFO - Processing /home/qwerty/.local/lib/python3.10/site-packages/airflow/example_dags/example_dynamic_task_mapping_with_no_taskflow_operators.py took 0.120 seconds
