[2025-06-17T04:08:07.376+0300] {processor.py:157} INFO - Started process (PID=18720) to work on /home/qwerty/.local/lib/python3.10/site-packages/airflow/example_dags/example_params_ui_tutorial.py
[2025-06-17T04:08:07.378+0300] {processor.py:829} INFO - Processing file /home/qwerty/.local/lib/python3.10/site-packages/airflow/example_dags/example_params_ui_tutorial.py for tasks to queue
[2025-06-17T04:08:07.380+0300] {logging_mixin.py:151} INFO - [2025-06-17T04:08:07.379+0300] {dagbag.py:539} INFO - Filling up the DagBag from /home/qwerty/.local/lib/python3.10/site-packages/airflow/example_dags/example_params_ui_tutorial.py
[2025-06-17T04:08:07.461+0300] {processor.py:839} INFO - DAG(s) dict_keys(['example_params_ui_tutorial']) retrieved from /home/qwerty/.local/lib/python3.10/site-packages/airflow/example_dags/example_params_ui_tutorial.py
[2025-06-17T04:08:07.578+0300] {logging_mixin.py:151} INFO - [2025-06-17T04:08:07.578+0300] {dag.py:2915} INFO - Sync 1 DAGs
[2025-06-17T04:08:07.607+0300] {logging_mixin.py:151} INFO - [2025-06-17T04:08:07.606+0300] {dag.py:3696} INFO - Setting next_dagrun for example_params_ui_tutorial to None, run_after=None
[2025-06-17T04:08:07.658+0300] {processor.py:179} INFO - Processing /home/qwerty/.local/lib/python3.10/site-packages/airflow/example_dags/example_params_ui_tutorial.py took 0.288 seconds
[2025-06-17T04:09:05.476+0300] {processor.py:157} INFO - Started process (PID=18798) to work on /home/qwerty/.local/lib/python3.10/site-packages/airflow/example_dags/example_params_ui_tutorial.py
[2025-06-17T04:09:05.479+0300] {processor.py:829} INFO - Processing file /home/qwerty/.local/lib/python3.10/site-packages/airflow/example_dags/example_params_ui_tutorial.py for tasks to queue
[2025-06-17T04:09:05.481+0300] {logging_mixin.py:151} INFO - [2025-06-17T04:09:05.480+0300] {dagbag.py:539} INFO - Filling up the DagBag from /home/qwerty/.local/lib/python3.10/site-packages/airflow/example_dags/example_params_ui_tutorial.py
[2025-06-17T04:09:05.571+0300] {processor.py:839} INFO - DAG(s) dict_keys(['example_params_ui_tutorial']) retrieved from /home/qwerty/.local/lib/python3.10/site-packages/airflow/example_dags/example_params_ui_tutorial.py
[2025-06-17T04:09:05.779+0300] {logging_mixin.py:151} INFO - [2025-06-17T04:09:05.779+0300] {dag.py:2915} INFO - Sync 1 DAGs
[2025-06-17T04:09:05.830+0300] {logging_mixin.py:151} INFO - [2025-06-17T04:09:05.829+0300] {dag.py:3696} INFO - Setting next_dagrun for example_params_ui_tutorial to None, run_after=None
[2025-06-17T04:09:05.911+0300] {processor.py:179} INFO - Processing /home/qwerty/.local/lib/python3.10/site-packages/airflow/example_dags/example_params_ui_tutorial.py took 0.443 seconds
[2025-06-17T04:10:01.441+0300] {processor.py:157} INFO - Started process (PID=18849) to work on /home/qwerty/.local/lib/python3.10/site-packages/airflow/example_dags/example_params_ui_tutorial.py
[2025-06-17T04:10:01.443+0300] {processor.py:829} INFO - Processing file /home/qwerty/.local/lib/python3.10/site-packages/airflow/example_dags/example_params_ui_tutorial.py for tasks to queue
[2025-06-17T04:10:01.446+0300] {logging_mixin.py:151} INFO - [2025-06-17T04:10:01.445+0300] {dagbag.py:539} INFO - Filling up the DagBag from /home/qwerty/.local/lib/python3.10/site-packages/airflow/example_dags/example_params_ui_tutorial.py
[2025-06-17T04:10:01.533+0300] {processor.py:839} INFO - DAG(s) dict_keys(['example_params_ui_tutorial']) retrieved from /home/qwerty/.local/lib/python3.10/site-packages/airflow/example_dags/example_params_ui_tutorial.py
[2025-06-17T04:10:01.678+0300] {logging_mixin.py:151} INFO - [2025-06-17T04:10:01.677+0300] {dag.py:2915} INFO - Sync 1 DAGs
[2025-06-17T04:10:01.717+0300] {logging_mixin.py:151} INFO - [2025-06-17T04:10:01.717+0300] {dag.py:3696} INFO - Setting next_dagrun for example_params_ui_tutorial to None, run_after=None
[2025-06-17T04:10:01.811+0300] {processor.py:179} INFO - Processing /home/qwerty/.local/lib/python3.10/site-packages/airflow/example_dags/example_params_ui_tutorial.py took 0.378 seconds
[2025-06-17T04:11:00.509+0300] {processor.py:157} INFO - Started process (PID=18902) to work on /home/qwerty/.local/lib/python3.10/site-packages/airflow/example_dags/example_params_ui_tutorial.py
[2025-06-17T04:11:00.511+0300] {processor.py:829} INFO - Processing file /home/qwerty/.local/lib/python3.10/site-packages/airflow/example_dags/example_params_ui_tutorial.py for tasks to queue
[2025-06-17T04:11:00.513+0300] {logging_mixin.py:151} INFO - [2025-06-17T04:11:00.512+0300] {dagbag.py:539} INFO - Filling up the DagBag from /home/qwerty/.local/lib/python3.10/site-packages/airflow/example_dags/example_params_ui_tutorial.py
[2025-06-17T04:11:00.578+0300] {processor.py:839} INFO - DAG(s) dict_keys(['example_params_ui_tutorial']) retrieved from /home/qwerty/.local/lib/python3.10/site-packages/airflow/example_dags/example_params_ui_tutorial.py
[2025-06-17T04:11:00.670+0300] {logging_mixin.py:151} INFO - [2025-06-17T04:11:00.669+0300] {dag.py:2915} INFO - Sync 1 DAGs
[2025-06-17T04:11:00.693+0300] {logging_mixin.py:151} INFO - [2025-06-17T04:11:00.693+0300] {dag.py:3696} INFO - Setting next_dagrun for example_params_ui_tutorial to None, run_after=None
[2025-06-17T04:11:00.748+0300] {processor.py:179} INFO - Processing /home/qwerty/.local/lib/python3.10/site-packages/airflow/example_dags/example_params_ui_tutorial.py took 0.247 seconds
[2025-06-17T04:11:58.239+0300] {processor.py:157} INFO - Started process (PID=18957) to work on /home/qwerty/.local/lib/python3.10/site-packages/airflow/example_dags/example_params_ui_tutorial.py
[2025-06-17T04:11:58.242+0300] {processor.py:829} INFO - Processing file /home/qwerty/.local/lib/python3.10/site-packages/airflow/example_dags/example_params_ui_tutorial.py for tasks to queue
[2025-06-17T04:11:58.245+0300] {logging_mixin.py:151} INFO - [2025-06-17T04:11:58.244+0300] {dagbag.py:539} INFO - Filling up the DagBag from /home/qwerty/.local/lib/python3.10/site-packages/airflow/example_dags/example_params_ui_tutorial.py
[2025-06-17T04:11:58.324+0300] {processor.py:839} INFO - DAG(s) dict_keys(['example_params_ui_tutorial']) retrieved from /home/qwerty/.local/lib/python3.10/site-packages/airflow/example_dags/example_params_ui_tutorial.py
[2025-06-17T04:11:58.420+0300] {logging_mixin.py:151} INFO - [2025-06-17T04:11:58.420+0300] {dag.py:2915} INFO - Sync 1 DAGs
[2025-06-17T04:11:58.444+0300] {logging_mixin.py:151} INFO - [2025-06-17T04:11:58.443+0300] {dag.py:3696} INFO - Setting next_dagrun for example_params_ui_tutorial to None, run_after=None
[2025-06-17T04:11:58.500+0300] {processor.py:179} INFO - Processing /home/qwerty/.local/lib/python3.10/site-packages/airflow/example_dags/example_params_ui_tutorial.py took 0.268 seconds
[2025-06-17T04:12:55.970+0300] {processor.py:157} INFO - Started process (PID=19050) to work on /home/qwerty/.local/lib/python3.10/site-packages/airflow/example_dags/example_params_ui_tutorial.py
[2025-06-17T04:12:55.976+0300] {processor.py:829} INFO - Processing file /home/qwerty/.local/lib/python3.10/site-packages/airflow/example_dags/example_params_ui_tutorial.py for tasks to queue
[2025-06-17T04:12:55.979+0300] {logging_mixin.py:151} INFO - [2025-06-17T04:12:55.978+0300] {dagbag.py:539} INFO - Filling up the DagBag from /home/qwerty/.local/lib/python3.10/site-packages/airflow/example_dags/example_params_ui_tutorial.py
[2025-06-17T04:12:56.037+0300] {processor.py:839} INFO - DAG(s) dict_keys(['example_params_ui_tutorial']) retrieved from /home/qwerty/.local/lib/python3.10/site-packages/airflow/example_dags/example_params_ui_tutorial.py
[2025-06-17T04:12:56.132+0300] {logging_mixin.py:151} INFO - [2025-06-17T04:12:56.132+0300] {dag.py:2915} INFO - Sync 1 DAGs
[2025-06-17T04:12:56.157+0300] {logging_mixin.py:151} INFO - [2025-06-17T04:12:56.157+0300] {dag.py:3696} INFO - Setting next_dagrun for example_params_ui_tutorial to None, run_after=None
[2025-06-17T04:12:56.207+0300] {processor.py:179} INFO - Processing /home/qwerty/.local/lib/python3.10/site-packages/airflow/example_dags/example_params_ui_tutorial.py took 0.247 seconds
[2025-06-17T04:13:50.941+0300] {processor.py:157} INFO - Started process (PID=19099) to work on /home/qwerty/.local/lib/python3.10/site-packages/airflow/example_dags/example_params_ui_tutorial.py
[2025-06-17T04:13:50.944+0300] {processor.py:829} INFO - Processing file /home/qwerty/.local/lib/python3.10/site-packages/airflow/example_dags/example_params_ui_tutorial.py for tasks to queue
[2025-06-17T04:13:50.947+0300] {logging_mixin.py:151} INFO - [2025-06-17T04:13:50.946+0300] {dagbag.py:539} INFO - Filling up the DagBag from /home/qwerty/.local/lib/python3.10/site-packages/airflow/example_dags/example_params_ui_tutorial.py
[2025-06-17T04:13:50.992+0300] {processor.py:839} INFO - DAG(s) dict_keys(['example_params_ui_tutorial']) retrieved from /home/qwerty/.local/lib/python3.10/site-packages/airflow/example_dags/example_params_ui_tutorial.py
[2025-06-17T04:13:51.055+0300] {logging_mixin.py:151} INFO - [2025-06-17T04:13:51.054+0300] {dag.py:2915} INFO - Sync 1 DAGs
[2025-06-17T04:13:51.071+0300] {logging_mixin.py:151} INFO - [2025-06-17T04:13:51.070+0300] {dag.py:3696} INFO - Setting next_dagrun for example_params_ui_tutorial to None, run_after=None
[2025-06-17T04:13:51.107+0300] {processor.py:179} INFO - Processing /home/qwerty/.local/lib/python3.10/site-packages/airflow/example_dags/example_params_ui_tutorial.py took 0.176 seconds
[2025-06-17T04:14:52.783+0300] {processor.py:157} INFO - Started process (PID=19161) to work on /home/qwerty/.local/lib/python3.10/site-packages/airflow/example_dags/example_params_ui_tutorial.py
[2025-06-17T04:14:52.787+0300] {processor.py:829} INFO - Processing file /home/qwerty/.local/lib/python3.10/site-packages/airflow/example_dags/example_params_ui_tutorial.py for tasks to queue
[2025-06-17T04:14:52.789+0300] {logging_mixin.py:151} INFO - [2025-06-17T04:14:52.788+0300] {dagbag.py:539} INFO - Filling up the DagBag from /home/qwerty/.local/lib/python3.10/site-packages/airflow/example_dags/example_params_ui_tutorial.py
[2025-06-17T04:14:52.824+0300] {processor.py:839} INFO - DAG(s) dict_keys(['example_params_ui_tutorial']) retrieved from /home/qwerty/.local/lib/python3.10/site-packages/airflow/example_dags/example_params_ui_tutorial.py
[2025-06-17T04:14:52.880+0300] {logging_mixin.py:151} INFO - [2025-06-17T04:14:52.879+0300] {dag.py:2915} INFO - Sync 1 DAGs
[2025-06-17T04:14:52.895+0300] {logging_mixin.py:151} INFO - [2025-06-17T04:14:52.895+0300] {dag.py:3696} INFO - Setting next_dagrun for example_params_ui_tutorial to None, run_after=None
[2025-06-17T04:14:52.924+0300] {processor.py:179} INFO - Processing /home/qwerty/.local/lib/python3.10/site-packages/airflow/example_dags/example_params_ui_tutorial.py took 0.152 seconds
[2025-06-17T04:15:54.387+0300] {processor.py:157} INFO - Started process (PID=19212) to work on /home/qwerty/.local/lib/python3.10/site-packages/airflow/example_dags/example_params_ui_tutorial.py
[2025-06-17T04:15:54.392+0300] {processor.py:829} INFO - Processing file /home/qwerty/.local/lib/python3.10/site-packages/airflow/example_dags/example_params_ui_tutorial.py for tasks to queue
[2025-06-17T04:15:54.394+0300] {logging_mixin.py:151} INFO - [2025-06-17T04:15:54.393+0300] {dagbag.py:539} INFO - Filling up the DagBag from /home/qwerty/.local/lib/python3.10/site-packages/airflow/example_dags/example_params_ui_tutorial.py
[2025-06-17T04:15:54.458+0300] {processor.py:839} INFO - DAG(s) dict_keys(['example_params_ui_tutorial']) retrieved from /home/qwerty/.local/lib/python3.10/site-packages/airflow/example_dags/example_params_ui_tutorial.py
[2025-06-17T04:15:54.545+0300] {logging_mixin.py:151} INFO - [2025-06-17T04:15:54.545+0300] {dag.py:2915} INFO - Sync 1 DAGs
[2025-06-17T04:15:54.567+0300] {logging_mixin.py:151} INFO - [2025-06-17T04:15:54.567+0300] {dag.py:3696} INFO - Setting next_dagrun for example_params_ui_tutorial to None, run_after=None
[2025-06-17T04:15:54.612+0300] {processor.py:179} INFO - Processing /home/qwerty/.local/lib/python3.10/site-packages/airflow/example_dags/example_params_ui_tutorial.py took 0.235 seconds
[2025-06-17T04:16:51.151+0300] {processor.py:157} INFO - Started process (PID=19297) to work on /home/qwerty/.local/lib/python3.10/site-packages/airflow/example_dags/example_params_ui_tutorial.py
[2025-06-17T04:16:51.154+0300] {processor.py:829} INFO - Processing file /home/qwerty/.local/lib/python3.10/site-packages/airflow/example_dags/example_params_ui_tutorial.py for tasks to queue
[2025-06-17T04:16:51.156+0300] {logging_mixin.py:151} INFO - [2025-06-17T04:16:51.155+0300] {dagbag.py:539} INFO - Filling up the DagBag from /home/qwerty/.local/lib/python3.10/site-packages/airflow/example_dags/example_params_ui_tutorial.py
[2025-06-17T04:16:51.199+0300] {processor.py:839} INFO - DAG(s) dict_keys(['example_params_ui_tutorial']) retrieved from /home/qwerty/.local/lib/python3.10/site-packages/airflow/example_dags/example_params_ui_tutorial.py
[2025-06-17T04:16:51.254+0300] {logging_mixin.py:151} INFO - [2025-06-17T04:16:51.254+0300] {dag.py:2915} INFO - Sync 1 DAGs
[2025-06-17T04:16:51.268+0300] {logging_mixin.py:151} INFO - [2025-06-17T04:16:51.268+0300] {dag.py:3696} INFO - Setting next_dagrun for example_params_ui_tutorial to None, run_after=None
[2025-06-17T04:16:51.312+0300] {processor.py:179} INFO - Processing /home/qwerty/.local/lib/python3.10/site-packages/airflow/example_dags/example_params_ui_tutorial.py took 0.172 seconds
[2025-06-17T04:17:42.867+0300] {processor.py:157} INFO - Started process (PID=19351) to work on /home/qwerty/.local/lib/python3.10/site-packages/airflow/example_dags/example_params_ui_tutorial.py
[2025-06-17T04:17:42.870+0300] {processor.py:829} INFO - Processing file /home/qwerty/.local/lib/python3.10/site-packages/airflow/example_dags/example_params_ui_tutorial.py for tasks to queue
[2025-06-17T04:17:42.872+0300] {logging_mixin.py:151} INFO - [2025-06-17T04:17:42.871+0300] {dagbag.py:539} INFO - Filling up the DagBag from /home/qwerty/.local/lib/python3.10/site-packages/airflow/example_dags/example_params_ui_tutorial.py
[2025-06-17T04:17:42.933+0300] {processor.py:839} INFO - DAG(s) dict_keys(['example_params_ui_tutorial']) retrieved from /home/qwerty/.local/lib/python3.10/site-packages/airflow/example_dags/example_params_ui_tutorial.py
[2025-06-17T04:17:43.005+0300] {logging_mixin.py:151} INFO - [2025-06-17T04:17:43.005+0300] {dag.py:2915} INFO - Sync 1 DAGs
[2025-06-17T04:17:43.025+0300] {logging_mixin.py:151} INFO - [2025-06-17T04:17:43.024+0300] {dag.py:3696} INFO - Setting next_dagrun for example_params_ui_tutorial to None, run_after=None
[2025-06-17T04:17:43.066+0300] {processor.py:179} INFO - Processing /home/qwerty/.local/lib/python3.10/site-packages/airflow/example_dags/example_params_ui_tutorial.py took 0.210 seconds
[2025-06-17T04:18:40.485+0300] {processor.py:157} INFO - Started process (PID=19414) to work on /home/qwerty/.local/lib/python3.10/site-packages/airflow/example_dags/example_params_ui_tutorial.py
[2025-06-17T04:18:40.487+0300] {processor.py:829} INFO - Processing file /home/qwerty/.local/lib/python3.10/site-packages/airflow/example_dags/example_params_ui_tutorial.py for tasks to queue
[2025-06-17T04:18:40.490+0300] {logging_mixin.py:151} INFO - [2025-06-17T04:18:40.490+0300] {dagbag.py:539} INFO - Filling up the DagBag from /home/qwerty/.local/lib/python3.10/site-packages/airflow/example_dags/example_params_ui_tutorial.py
[2025-06-17T04:18:40.552+0300] {processor.py:839} INFO - DAG(s) dict_keys(['example_params_ui_tutorial']) retrieved from /home/qwerty/.local/lib/python3.10/site-packages/airflow/example_dags/example_params_ui_tutorial.py
[2025-06-17T04:18:40.662+0300] {logging_mixin.py:151} INFO - [2025-06-17T04:18:40.662+0300] {dag.py:2915} INFO - Sync 1 DAGs
[2025-06-17T04:18:40.681+0300] {logging_mixin.py:151} INFO - [2025-06-17T04:18:40.680+0300] {dag.py:3696} INFO - Setting next_dagrun for example_params_ui_tutorial to None, run_after=None
[2025-06-17T04:18:40.728+0300] {processor.py:179} INFO - Processing /home/qwerty/.local/lib/python3.10/site-packages/airflow/example_dags/example_params_ui_tutorial.py took 0.257 seconds
[2025-06-17T04:19:36.339+0300] {processor.py:157} INFO - Started process (PID=19516) to work on /home/qwerty/.local/lib/python3.10/site-packages/airflow/example_dags/example_params_ui_tutorial.py
[2025-06-17T04:19:36.342+0300] {processor.py:829} INFO - Processing file /home/qwerty/.local/lib/python3.10/site-packages/airflow/example_dags/example_params_ui_tutorial.py for tasks to queue
[2025-06-17T04:19:36.345+0300] {logging_mixin.py:151} INFO - [2025-06-17T04:19:36.343+0300] {dagbag.py:539} INFO - Filling up the DagBag from /home/qwerty/.local/lib/python3.10/site-packages/airflow/example_dags/example_params_ui_tutorial.py
[2025-06-17T04:19:36.385+0300] {processor.py:839} INFO - DAG(s) dict_keys(['example_params_ui_tutorial']) retrieved from /home/qwerty/.local/lib/python3.10/site-packages/airflow/example_dags/example_params_ui_tutorial.py
[2025-06-17T04:19:36.440+0300] {logging_mixin.py:151} INFO - [2025-06-17T04:19:36.440+0300] {dag.py:2915} INFO - Sync 1 DAGs
[2025-06-17T04:19:36.454+0300] {logging_mixin.py:151} INFO - [2025-06-17T04:19:36.453+0300] {dag.py:3696} INFO - Setting next_dagrun for example_params_ui_tutorial to None, run_after=None
[2025-06-17T04:19:36.484+0300] {processor.py:179} INFO - Processing /home/qwerty/.local/lib/python3.10/site-packages/airflow/example_dags/example_params_ui_tutorial.py took 0.156 seconds
[2025-06-17T04:20:27.022+0300] {processor.py:157} INFO - Started process (PID=19570) to work on /home/qwerty/.local/lib/python3.10/site-packages/airflow/example_dags/example_params_ui_tutorial.py
[2025-06-17T04:20:27.024+0300] {processor.py:829} INFO - Processing file /home/qwerty/.local/lib/python3.10/site-packages/airflow/example_dags/example_params_ui_tutorial.py for tasks to queue
[2025-06-17T04:20:27.025+0300] {logging_mixin.py:151} INFO - [2025-06-17T04:20:27.024+0300] {dagbag.py:539} INFO - Filling up the DagBag from /home/qwerty/.local/lib/python3.10/site-packages/airflow/example_dags/example_params_ui_tutorial.py
[2025-06-17T04:20:27.061+0300] {processor.py:839} INFO - DAG(s) dict_keys(['example_params_ui_tutorial']) retrieved from /home/qwerty/.local/lib/python3.10/site-packages/airflow/example_dags/example_params_ui_tutorial.py
[2025-06-17T04:20:27.117+0300] {logging_mixin.py:151} INFO - [2025-06-17T04:20:27.117+0300] {dag.py:2915} INFO - Sync 1 DAGs
[2025-06-17T04:20:27.131+0300] {logging_mixin.py:151} INFO - [2025-06-17T04:20:27.131+0300] {dag.py:3696} INFO - Setting next_dagrun for example_params_ui_tutorial to None, run_after=None
[2025-06-17T04:20:27.170+0300] {processor.py:179} INFO - Processing /home/qwerty/.local/lib/python3.10/site-packages/airflow/example_dags/example_params_ui_tutorial.py took 0.156 seconds
[2025-06-17T04:21:22.664+0300] {processor.py:157} INFO - Started process (PID=19652) to work on /home/qwerty/.local/lib/python3.10/site-packages/airflow/example_dags/example_params_ui_tutorial.py
[2025-06-17T04:21:22.667+0300] {processor.py:829} INFO - Processing file /home/qwerty/.local/lib/python3.10/site-packages/airflow/example_dags/example_params_ui_tutorial.py for tasks to queue
[2025-06-17T04:21:22.670+0300] {logging_mixin.py:151} INFO - [2025-06-17T04:21:22.668+0300] {dagbag.py:539} INFO - Filling up the DagBag from /home/qwerty/.local/lib/python3.10/site-packages/airflow/example_dags/example_params_ui_tutorial.py
[2025-06-17T04:21:22.711+0300] {processor.py:839} INFO - DAG(s) dict_keys(['example_params_ui_tutorial']) retrieved from /home/qwerty/.local/lib/python3.10/site-packages/airflow/example_dags/example_params_ui_tutorial.py
[2025-06-17T04:21:22.766+0300] {logging_mixin.py:151} INFO - [2025-06-17T04:21:22.765+0300] {dag.py:2915} INFO - Sync 1 DAGs
[2025-06-17T04:21:22.781+0300] {logging_mixin.py:151} INFO - [2025-06-17T04:21:22.780+0300] {dag.py:3696} INFO - Setting next_dagrun for example_params_ui_tutorial to None, run_after=None
[2025-06-17T04:21:22.825+0300] {processor.py:179} INFO - Processing /home/qwerty/.local/lib/python3.10/site-packages/airflow/example_dags/example_params_ui_tutorial.py took 0.172 seconds
[2025-06-17T04:22:22.682+0300] {processor.py:157} INFO - Started process (PID=19736) to work on /home/qwerty/.local/lib/python3.10/site-packages/airflow/example_dags/example_params_ui_tutorial.py
[2025-06-17T04:22:22.685+0300] {processor.py:829} INFO - Processing file /home/qwerty/.local/lib/python3.10/site-packages/airflow/example_dags/example_params_ui_tutorial.py for tasks to queue
[2025-06-17T04:22:22.688+0300] {logging_mixin.py:151} INFO - [2025-06-17T04:22:22.687+0300] {dagbag.py:539} INFO - Filling up the DagBag from /home/qwerty/.local/lib/python3.10/site-packages/airflow/example_dags/example_params_ui_tutorial.py
[2025-06-17T04:22:22.730+0300] {processor.py:839} INFO - DAG(s) dict_keys(['example_params_ui_tutorial']) retrieved from /home/qwerty/.local/lib/python3.10/site-packages/airflow/example_dags/example_params_ui_tutorial.py
[2025-06-17T04:22:22.784+0300] {logging_mixin.py:151} INFO - [2025-06-17T04:22:22.783+0300] {dag.py:2915} INFO - Sync 1 DAGs
[2025-06-17T04:22:22.797+0300] {logging_mixin.py:151} INFO - [2025-06-17T04:22:22.797+0300] {dag.py:3696} INFO - Setting next_dagrun for example_params_ui_tutorial to None, run_after=None
[2025-06-17T04:22:22.825+0300] {processor.py:179} INFO - Processing /home/qwerty/.local/lib/python3.10/site-packages/airflow/example_dags/example_params_ui_tutorial.py took 0.154 seconds
[2025-06-17T04:23:18.000+0300] {processor.py:157} INFO - Started process (PID=19816) to work on /home/qwerty/.local/lib/python3.10/site-packages/airflow/example_dags/example_params_ui_tutorial.py
[2025-06-17T04:23:18.005+0300] {processor.py:829} INFO - Processing file /home/qwerty/.local/lib/python3.10/site-packages/airflow/example_dags/example_params_ui_tutorial.py for tasks to queue
[2025-06-17T04:23:18.007+0300] {logging_mixin.py:151} INFO - [2025-06-17T04:23:18.006+0300] {dagbag.py:539} INFO - Filling up the DagBag from /home/qwerty/.local/lib/python3.10/site-packages/airflow/example_dags/example_params_ui_tutorial.py
[2025-06-17T04:23:18.060+0300] {processor.py:839} INFO - DAG(s) dict_keys(['example_params_ui_tutorial']) retrieved from /home/qwerty/.local/lib/python3.10/site-packages/airflow/example_dags/example_params_ui_tutorial.py
[2025-06-17T04:23:18.127+0300] {logging_mixin.py:151} INFO - [2025-06-17T04:23:18.127+0300] {dag.py:2915} INFO - Sync 1 DAGs
[2025-06-17T04:23:18.143+0300] {logging_mixin.py:151} INFO - [2025-06-17T04:23:18.142+0300] {dag.py:3696} INFO - Setting next_dagrun for example_params_ui_tutorial to None, run_after=None
[2025-06-17T04:23:18.175+0300] {processor.py:179} INFO - Processing /home/qwerty/.local/lib/python3.10/site-packages/airflow/example_dags/example_params_ui_tutorial.py took 0.186 seconds
[2025-06-17T04:24:18.299+0300] {processor.py:157} INFO - Started process (PID=19901) to work on /home/qwerty/.local/lib/python3.10/site-packages/airflow/example_dags/example_params_ui_tutorial.py
[2025-06-17T04:24:18.302+0300] {processor.py:829} INFO - Processing file /home/qwerty/.local/lib/python3.10/site-packages/airflow/example_dags/example_params_ui_tutorial.py for tasks to queue
[2025-06-17T04:24:18.305+0300] {logging_mixin.py:151} INFO - [2025-06-17T04:24:18.304+0300] {dagbag.py:539} INFO - Filling up the DagBag from /home/qwerty/.local/lib/python3.10/site-packages/airflow/example_dags/example_params_ui_tutorial.py
[2025-06-17T04:24:18.351+0300] {processor.py:839} INFO - DAG(s) dict_keys(['example_params_ui_tutorial']) retrieved from /home/qwerty/.local/lib/python3.10/site-packages/airflow/example_dags/example_params_ui_tutorial.py
[2025-06-17T04:24:18.406+0300] {logging_mixin.py:151} INFO - [2025-06-17T04:24:18.405+0300] {dag.py:2915} INFO - Sync 1 DAGs
[2025-06-17T04:24:18.420+0300] {logging_mixin.py:151} INFO - [2025-06-17T04:24:18.420+0300] {dag.py:3696} INFO - Setting next_dagrun for example_params_ui_tutorial to None, run_after=None
[2025-06-17T04:24:18.450+0300] {processor.py:179} INFO - Processing /home/qwerty/.local/lib/python3.10/site-packages/airflow/example_dags/example_params_ui_tutorial.py took 0.162 seconds
[2025-06-17T04:25:16.073+0300] {processor.py:157} INFO - Started process (PID=19984) to work on /home/qwerty/.local/lib/python3.10/site-packages/airflow/example_dags/example_params_ui_tutorial.py
[2025-06-17T04:25:16.080+0300] {processor.py:829} INFO - Processing file /home/qwerty/.local/lib/python3.10/site-packages/airflow/example_dags/example_params_ui_tutorial.py for tasks to queue
[2025-06-17T04:25:16.083+0300] {logging_mixin.py:151} INFO - [2025-06-17T04:25:16.082+0300] {dagbag.py:539} INFO - Filling up the DagBag from /home/qwerty/.local/lib/python3.10/site-packages/airflow/example_dags/example_params_ui_tutorial.py
[2025-06-17T04:25:16.173+0300] {processor.py:839} INFO - DAG(s) dict_keys(['example_params_ui_tutorial']) retrieved from /home/qwerty/.local/lib/python3.10/site-packages/airflow/example_dags/example_params_ui_tutorial.py
[2025-06-17T04:25:16.294+0300] {logging_mixin.py:151} INFO - [2025-06-17T04:25:16.294+0300] {dag.py:2915} INFO - Sync 1 DAGs
[2025-06-17T04:25:16.322+0300] {logging_mixin.py:151} INFO - [2025-06-17T04:25:16.322+0300] {dag.py:3696} INFO - Setting next_dagrun for example_params_ui_tutorial to None, run_after=None
[2025-06-17T04:25:16.387+0300] {processor.py:179} INFO - Processing /home/qwerty/.local/lib/python3.10/site-packages/airflow/example_dags/example_params_ui_tutorial.py took 0.325 seconds
[2025-06-17T04:26:02.542+0300] {processor.py:157} INFO - Started process (PID=20028) to work on /home/qwerty/.local/lib/python3.10/site-packages/airflow/example_dags/example_params_ui_tutorial.py
[2025-06-17T04:26:02.544+0300] {processor.py:829} INFO - Processing file /home/qwerty/.local/lib/python3.10/site-packages/airflow/example_dags/example_params_ui_tutorial.py for tasks to queue
[2025-06-17T04:26:02.546+0300] {logging_mixin.py:151} INFO - [2025-06-17T04:26:02.545+0300] {dagbag.py:539} INFO - Filling up the DagBag from /home/qwerty/.local/lib/python3.10/site-packages/airflow/example_dags/example_params_ui_tutorial.py
[2025-06-17T04:26:02.611+0300] {processor.py:839} INFO - DAG(s) dict_keys(['example_params_ui_tutorial']) retrieved from /home/qwerty/.local/lib/python3.10/site-packages/airflow/example_dags/example_params_ui_tutorial.py
[2025-06-17T04:26:02.698+0300] {logging_mixin.py:151} INFO - [2025-06-17T04:26:02.698+0300] {dag.py:2915} INFO - Sync 1 DAGs
[2025-06-17T04:26:02.717+0300] {logging_mixin.py:151} INFO - [2025-06-17T04:26:02.716+0300] {dag.py:3696} INFO - Setting next_dagrun for example_params_ui_tutorial to None, run_after=None
[2025-06-17T04:26:02.755+0300] {processor.py:179} INFO - Processing /home/qwerty/.local/lib/python3.10/site-packages/airflow/example_dags/example_params_ui_tutorial.py took 0.225 seconds
[2025-06-17T04:26:56.485+0300] {processor.py:157} INFO - Started process (PID=20079) to work on /home/qwerty/.local/lib/python3.10/site-packages/airflow/example_dags/example_params_ui_tutorial.py
[2025-06-17T04:26:56.489+0300] {processor.py:829} INFO - Processing file /home/qwerty/.local/lib/python3.10/site-packages/airflow/example_dags/example_params_ui_tutorial.py for tasks to queue
[2025-06-17T04:26:56.491+0300] {logging_mixin.py:151} INFO - [2025-06-17T04:26:56.490+0300] {dagbag.py:539} INFO - Filling up the DagBag from /home/qwerty/.local/lib/python3.10/site-packages/airflow/example_dags/example_params_ui_tutorial.py
[2025-06-17T04:26:56.592+0300] {processor.py:839} INFO - DAG(s) dict_keys(['example_params_ui_tutorial']) retrieved from /home/qwerty/.local/lib/python3.10/site-packages/airflow/example_dags/example_params_ui_tutorial.py
[2025-06-17T04:26:56.746+0300] {logging_mixin.py:151} INFO - [2025-06-17T04:26:56.745+0300] {dag.py:2915} INFO - Sync 1 DAGs
[2025-06-17T04:26:56.786+0300] {logging_mixin.py:151} INFO - [2025-06-17T04:26:56.786+0300] {dag.py:3696} INFO - Setting next_dagrun for example_params_ui_tutorial to None, run_after=None
[2025-06-17T04:26:56.862+0300] {processor.py:179} INFO - Processing /home/qwerty/.local/lib/python3.10/site-packages/airflow/example_dags/example_params_ui_tutorial.py took 0.388 seconds
[2025-06-17T04:27:45.376+0300] {processor.py:157} INFO - Started process (PID=20128) to work on /home/qwerty/.local/lib/python3.10/site-packages/airflow/example_dags/example_params_ui_tutorial.py
[2025-06-17T04:27:45.379+0300] {processor.py:829} INFO - Processing file /home/qwerty/.local/lib/python3.10/site-packages/airflow/example_dags/example_params_ui_tutorial.py for tasks to queue
[2025-06-17T04:27:45.381+0300] {logging_mixin.py:151} INFO - [2025-06-17T04:27:45.380+0300] {dagbag.py:539} INFO - Filling up the DagBag from /home/qwerty/.local/lib/python3.10/site-packages/airflow/example_dags/example_params_ui_tutorial.py
[2025-06-17T04:27:45.453+0300] {processor.py:839} INFO - DAG(s) dict_keys(['example_params_ui_tutorial']) retrieved from /home/qwerty/.local/lib/python3.10/site-packages/airflow/example_dags/example_params_ui_tutorial.py
[2025-06-17T04:27:45.556+0300] {logging_mixin.py:151} INFO - [2025-06-17T04:27:45.555+0300] {dag.py:2915} INFO - Sync 1 DAGs
[2025-06-17T04:27:45.583+0300] {logging_mixin.py:151} INFO - [2025-06-17T04:27:45.582+0300] {dag.py:3696} INFO - Setting next_dagrun for example_params_ui_tutorial to None, run_after=None
[2025-06-17T04:27:45.637+0300] {processor.py:179} INFO - Processing /home/qwerty/.local/lib/python3.10/site-packages/airflow/example_dags/example_params_ui_tutorial.py took 0.268 seconds
[2025-06-17T04:28:38.414+0300] {processor.py:157} INFO - Started process (PID=20209) to work on /home/qwerty/.local/lib/python3.10/site-packages/airflow/example_dags/example_params_ui_tutorial.py
[2025-06-17T04:28:38.417+0300] {processor.py:829} INFO - Processing file /home/qwerty/.local/lib/python3.10/site-packages/airflow/example_dags/example_params_ui_tutorial.py for tasks to queue
[2025-06-17T04:28:38.419+0300] {logging_mixin.py:151} INFO - [2025-06-17T04:28:38.418+0300] {dagbag.py:539} INFO - Filling up the DagBag from /home/qwerty/.local/lib/python3.10/site-packages/airflow/example_dags/example_params_ui_tutorial.py
[2025-06-17T04:28:38.486+0300] {processor.py:839} INFO - DAG(s) dict_keys(['example_params_ui_tutorial']) retrieved from /home/qwerty/.local/lib/python3.10/site-packages/airflow/example_dags/example_params_ui_tutorial.py
[2025-06-17T04:28:38.570+0300] {logging_mixin.py:151} INFO - [2025-06-17T04:28:38.570+0300] {dag.py:2915} INFO - Sync 1 DAGs
[2025-06-17T04:28:38.591+0300] {logging_mixin.py:151} INFO - [2025-06-17T04:28:38.591+0300] {dag.py:3696} INFO - Setting next_dagrun for example_params_ui_tutorial to None, run_after=None
[2025-06-17T04:28:38.643+0300] {processor.py:179} INFO - Processing /home/qwerty/.local/lib/python3.10/site-packages/airflow/example_dags/example_params_ui_tutorial.py took 0.238 seconds
[2025-06-17T04:29:31.981+0300] {processor.py:157} INFO - Started process (PID=20268) to work on /home/qwerty/.local/lib/python3.10/site-packages/airflow/example_dags/example_params_ui_tutorial.py
[2025-06-17T04:29:31.984+0300] {processor.py:829} INFO - Processing file /home/qwerty/.local/lib/python3.10/site-packages/airflow/example_dags/example_params_ui_tutorial.py for tasks to queue
[2025-06-17T04:29:31.987+0300] {logging_mixin.py:151} INFO - [2025-06-17T04:29:31.986+0300] {dagbag.py:539} INFO - Filling up the DagBag from /home/qwerty/.local/lib/python3.10/site-packages/airflow/example_dags/example_params_ui_tutorial.py
[2025-06-17T04:29:32.031+0300] {processor.py:839} INFO - DAG(s) dict_keys(['example_params_ui_tutorial']) retrieved from /home/qwerty/.local/lib/python3.10/site-packages/airflow/example_dags/example_params_ui_tutorial.py
[2025-06-17T04:29:32.087+0300] {logging_mixin.py:151} INFO - [2025-06-17T04:29:32.087+0300] {dag.py:2915} INFO - Sync 1 DAGs
[2025-06-17T04:29:32.101+0300] {logging_mixin.py:151} INFO - [2025-06-17T04:29:32.101+0300] {dag.py:3696} INFO - Setting next_dagrun for example_params_ui_tutorial to None, run_after=None
[2025-06-17T04:29:32.127+0300] {processor.py:179} INFO - Processing /home/qwerty/.local/lib/python3.10/site-packages/airflow/example_dags/example_params_ui_tutorial.py took 0.157 seconds
[2025-06-17T04:30:30.576+0300] {processor.py:157} INFO - Started process (PID=20328) to work on /home/qwerty/.local/lib/python3.10/site-packages/airflow/example_dags/example_params_ui_tutorial.py
[2025-06-17T04:30:30.579+0300] {processor.py:829} INFO - Processing file /home/qwerty/.local/lib/python3.10/site-packages/airflow/example_dags/example_params_ui_tutorial.py for tasks to queue
[2025-06-17T04:30:30.582+0300] {logging_mixin.py:151} INFO - [2025-06-17T04:30:30.580+0300] {dagbag.py:539} INFO - Filling up the DagBag from /home/qwerty/.local/lib/python3.10/site-packages/airflow/example_dags/example_params_ui_tutorial.py
[2025-06-17T04:30:30.626+0300] {processor.py:839} INFO - DAG(s) dict_keys(['example_params_ui_tutorial']) retrieved from /home/qwerty/.local/lib/python3.10/site-packages/airflow/example_dags/example_params_ui_tutorial.py
[2025-06-17T04:30:30.680+0300] {logging_mixin.py:151} INFO - [2025-06-17T04:30:30.679+0300] {dag.py:2915} INFO - Sync 1 DAGs
[2025-06-17T04:30:30.694+0300] {logging_mixin.py:151} INFO - [2025-06-17T04:30:30.693+0300] {dag.py:3696} INFO - Setting next_dagrun for example_params_ui_tutorial to None, run_after=None
[2025-06-17T04:30:30.722+0300] {processor.py:179} INFO - Processing /home/qwerty/.local/lib/python3.10/site-packages/airflow/example_dags/example_params_ui_tutorial.py took 0.157 seconds
[2025-06-17T04:31:27.350+0300] {processor.py:157} INFO - Started process (PID=20386) to work on /home/qwerty/.local/lib/python3.10/site-packages/airflow/example_dags/example_params_ui_tutorial.py
[2025-06-17T04:31:27.352+0300] {processor.py:829} INFO - Processing file /home/qwerty/.local/lib/python3.10/site-packages/airflow/example_dags/example_params_ui_tutorial.py for tasks to queue
[2025-06-17T04:31:27.354+0300] {logging_mixin.py:151} INFO - [2025-06-17T04:31:27.353+0300] {dagbag.py:539} INFO - Filling up the DagBag from /home/qwerty/.local/lib/python3.10/site-packages/airflow/example_dags/example_params_ui_tutorial.py
[2025-06-17T04:31:27.419+0300] {processor.py:839} INFO - DAG(s) dict_keys(['example_params_ui_tutorial']) retrieved from /home/qwerty/.local/lib/python3.10/site-packages/airflow/example_dags/example_params_ui_tutorial.py
[2025-06-17T04:31:27.503+0300] {logging_mixin.py:151} INFO - [2025-06-17T04:31:27.503+0300] {dag.py:2915} INFO - Sync 1 DAGs
[2025-06-17T04:31:27.524+0300] {logging_mixin.py:151} INFO - [2025-06-17T04:31:27.523+0300] {dag.py:3696} INFO - Setting next_dagrun for example_params_ui_tutorial to None, run_after=None
[2025-06-17T04:31:27.566+0300] {processor.py:179} INFO - Processing /home/qwerty/.local/lib/python3.10/site-packages/airflow/example_dags/example_params_ui_tutorial.py took 0.224 seconds
