[2025-06-17T04:07:42.024+0300] {processor.py:157} INFO - Started process (PID=18689) to work on /home/qwerty/.local/lib/python3.10/site-packages/airflow/example_dags/example_params_trigger_ui.py
[2025-06-17T04:07:42.026+0300] {processor.py:829} INFO - Processing file /home/qwerty/.local/lib/python3.10/site-packages/airflow/example_dags/example_params_trigger_ui.py for tasks to queue
[2025-06-17T04:07:42.028+0300] {logging_mixin.py:151} INFO - [2025-06-17T04:07:42.027+0300] {dagbag.py:539} INFO - Filling up the DagBag from /home/qwerty/.local/lib/python3.10/site-packages/airflow/example_dags/example_params_trigger_ui.py
[2025-06-17T04:07:42.072+0300] {processor.py:839} INFO - DAG(s) dict_keys(['example_params_trigger_ui']) retrieved from /home/qwerty/.local/lib/python3.10/site-packages/airflow/example_dags/example_params_trigger_ui.py
[2025-06-17T04:07:42.158+0300] {logging_mixin.py:151} INFO - [2025-06-17T04:07:42.157+0300] {dag.py:2915} INFO - Sync 1 DAGs
[2025-06-17T04:07:42.178+0300] {logging_mixin.py:151} INFO - [2025-06-17T04:07:42.178+0300] {dag.py:3696} INFO - Setting next_dagrun for example_params_trigger_ui to None, run_after=None
[2025-06-17T04:07:42.228+0300] {processor.py:179} INFO - Processing /home/qwerty/.local/lib/python3.10/site-packages/airflow/example_dags/example_params_trigger_ui.py took 0.210 seconds
[2025-06-17T04:08:42.118+0300] {processor.py:157} INFO - Started process (PID=18770) to work on /home/qwerty/.local/lib/python3.10/site-packages/airflow/example_dags/example_params_trigger_ui.py
[2025-06-17T04:08:42.122+0300] {processor.py:829} INFO - Processing file /home/qwerty/.local/lib/python3.10/site-packages/airflow/example_dags/example_params_trigger_ui.py for tasks to queue
[2025-06-17T04:08:42.123+0300] {logging_mixin.py:151} INFO - [2025-06-17T04:08:42.123+0300] {dagbag.py:539} INFO - Filling up the DagBag from /home/qwerty/.local/lib/python3.10/site-packages/airflow/example_dags/example_params_trigger_ui.py
[2025-06-17T04:08:42.157+0300] {processor.py:839} INFO - DAG(s) dict_keys(['example_params_trigger_ui']) retrieved from /home/qwerty/.local/lib/python3.10/site-packages/airflow/example_dags/example_params_trigger_ui.py
[2025-06-17T04:08:42.242+0300] {logging_mixin.py:151} INFO - [2025-06-17T04:08:42.242+0300] {dag.py:2915} INFO - Sync 1 DAGs
[2025-06-17T04:08:42.265+0300] {logging_mixin.py:151} INFO - [2025-06-17T04:08:42.264+0300] {dag.py:3696} INFO - Setting next_dagrun for example_params_trigger_ui to None, run_after=None
[2025-06-17T04:08:42.315+0300] {processor.py:179} INFO - Processing /home/qwerty/.local/lib/python3.10/site-packages/airflow/example_dags/example_params_trigger_ui.py took 0.203 seconds
[2025-06-17T04:09:36.494+0300] {processor.py:157} INFO - Started process (PID=18826) to work on /home/qwerty/.local/lib/python3.10/site-packages/airflow/example_dags/example_params_trigger_ui.py
[2025-06-17T04:09:36.496+0300] {processor.py:829} INFO - Processing file /home/qwerty/.local/lib/python3.10/site-packages/airflow/example_dags/example_params_trigger_ui.py for tasks to queue
[2025-06-17T04:09:36.498+0300] {logging_mixin.py:151} INFO - [2025-06-17T04:09:36.497+0300] {dagbag.py:539} INFO - Filling up the DagBag from /home/qwerty/.local/lib/python3.10/site-packages/airflow/example_dags/example_params_trigger_ui.py
[2025-06-17T04:09:36.532+0300] {processor.py:839} INFO - DAG(s) dict_keys(['example_params_trigger_ui']) retrieved from /home/qwerty/.local/lib/python3.10/site-packages/airflow/example_dags/example_params_trigger_ui.py
[2025-06-17T04:09:36.607+0300] {logging_mixin.py:151} INFO - [2025-06-17T04:09:36.606+0300] {dag.py:2915} INFO - Sync 1 DAGs
[2025-06-17T04:09:36.626+0300] {logging_mixin.py:151} INFO - [2025-06-17T04:09:36.626+0300] {dag.py:3696} INFO - Setting next_dagrun for example_params_trigger_ui to None, run_after=None
[2025-06-17T04:09:36.670+0300] {processor.py:179} INFO - Processing /home/qwerty/.local/lib/python3.10/site-packages/airflow/example_dags/example_params_trigger_ui.py took 0.183 seconds
[2025-06-17T04:10:35.477+0300] {processor.py:157} INFO - Started process (PID=18882) to work on /home/qwerty/.local/lib/python3.10/site-packages/airflow/example_dags/example_params_trigger_ui.py
[2025-06-17T04:10:35.480+0300] {processor.py:829} INFO - Processing file /home/qwerty/.local/lib/python3.10/site-packages/airflow/example_dags/example_params_trigger_ui.py for tasks to queue
[2025-06-17T04:10:35.483+0300] {logging_mixin.py:151} INFO - [2025-06-17T04:10:35.482+0300] {dagbag.py:539} INFO - Filling up the DagBag from /home/qwerty/.local/lib/python3.10/site-packages/airflow/example_dags/example_params_trigger_ui.py
[2025-06-17T04:10:35.525+0300] {processor.py:839} INFO - DAG(s) dict_keys(['example_params_trigger_ui']) retrieved from /home/qwerty/.local/lib/python3.10/site-packages/airflow/example_dags/example_params_trigger_ui.py
[2025-06-17T04:10:35.667+0300] {logging_mixin.py:151} INFO - [2025-06-17T04:10:35.666+0300] {dag.py:2915} INFO - Sync 1 DAGs
[2025-06-17T04:10:35.706+0300] {logging_mixin.py:151} INFO - [2025-06-17T04:10:35.705+0300] {dag.py:3696} INFO - Setting next_dagrun for example_params_trigger_ui to None, run_after=None
[2025-06-17T04:10:35.779+0300] {processor.py:179} INFO - Processing /home/qwerty/.local/lib/python3.10/site-packages/airflow/example_dags/example_params_trigger_ui.py took 0.311 seconds
[2025-06-17T04:11:31.469+0300] {processor.py:157} INFO - Started process (PID=18931) to work on /home/qwerty/.local/lib/python3.10/site-packages/airflow/example_dags/example_params_trigger_ui.py
[2025-06-17T04:11:31.477+0300] {processor.py:829} INFO - Processing file /home/qwerty/.local/lib/python3.10/site-packages/airflow/example_dags/example_params_trigger_ui.py for tasks to queue
[2025-06-17T04:11:31.481+0300] {logging_mixin.py:151} INFO - [2025-06-17T04:11:31.479+0300] {dagbag.py:539} INFO - Filling up the DagBag from /home/qwerty/.local/lib/python3.10/site-packages/airflow/example_dags/example_params_trigger_ui.py
[2025-06-17T04:11:31.556+0300] {processor.py:839} INFO - DAG(s) dict_keys(['example_params_trigger_ui']) retrieved from /home/qwerty/.local/lib/python3.10/site-packages/airflow/example_dags/example_params_trigger_ui.py
[2025-06-17T04:11:31.745+0300] {logging_mixin.py:151} INFO - [2025-06-17T04:11:31.745+0300] {dag.py:2915} INFO - Sync 1 DAGs
[2025-06-17T04:11:31.785+0300] {logging_mixin.py:151} INFO - [2025-06-17T04:11:31.785+0300] {dag.py:3696} INFO - Setting next_dagrun for example_params_trigger_ui to None, run_after=None
[2025-06-17T04:11:31.872+0300] {processor.py:179} INFO - Processing /home/qwerty/.local/lib/python3.10/site-packages/airflow/example_dags/example_params_trigger_ui.py took 0.415 seconds
[2025-06-17T04:12:37.028+0300] {processor.py:157} INFO - Started process (PID=19023) to work on /home/qwerty/.local/lib/python3.10/site-packages/airflow/example_dags/example_params_trigger_ui.py
[2025-06-17T04:12:37.032+0300] {processor.py:829} INFO - Processing file /home/qwerty/.local/lib/python3.10/site-packages/airflow/example_dags/example_params_trigger_ui.py for tasks to queue
[2025-06-17T04:12:37.035+0300] {logging_mixin.py:151} INFO - [2025-06-17T04:12:37.034+0300] {dagbag.py:539} INFO - Filling up the DagBag from /home/qwerty/.local/lib/python3.10/site-packages/airflow/example_dags/example_params_trigger_ui.py
[2025-06-17T04:12:37.092+0300] {processor.py:839} INFO - DAG(s) dict_keys(['example_params_trigger_ui']) retrieved from /home/qwerty/.local/lib/python3.10/site-packages/airflow/example_dags/example_params_trigger_ui.py
[2025-06-17T04:12:37.221+0300] {logging_mixin.py:151} INFO - [2025-06-17T04:12:37.221+0300] {dag.py:2915} INFO - Sync 1 DAGs
[2025-06-17T04:12:37.266+0300] {logging_mixin.py:151} INFO - [2025-06-17T04:12:37.266+0300] {dag.py:3696} INFO - Setting next_dagrun for example_params_trigger_ui to None, run_after=None
[2025-06-17T04:12:37.355+0300] {processor.py:179} INFO - Processing /home/qwerty/.local/lib/python3.10/site-packages/airflow/example_dags/example_params_trigger_ui.py took 0.339 seconds
[2025-06-17T04:13:32.808+0300] {processor.py:157} INFO - Started process (PID=19083) to work on /home/qwerty/.local/lib/python3.10/site-packages/airflow/example_dags/example_params_trigger_ui.py
[2025-06-17T04:13:32.811+0300] {processor.py:829} INFO - Processing file /home/qwerty/.local/lib/python3.10/site-packages/airflow/example_dags/example_params_trigger_ui.py for tasks to queue
[2025-06-17T04:13:32.815+0300] {logging_mixin.py:151} INFO - [2025-06-17T04:13:32.813+0300] {dagbag.py:539} INFO - Filling up the DagBag from /home/qwerty/.local/lib/python3.10/site-packages/airflow/example_dags/example_params_trigger_ui.py
[2025-06-17T04:13:32.857+0300] {processor.py:839} INFO - DAG(s) dict_keys(['example_params_trigger_ui']) retrieved from /home/qwerty/.local/lib/python3.10/site-packages/airflow/example_dags/example_params_trigger_ui.py
[2025-06-17T04:13:32.964+0300] {logging_mixin.py:151} INFO - [2025-06-17T04:13:32.963+0300] {dag.py:2915} INFO - Sync 1 DAGs
[2025-06-17T04:13:32.995+0300] {logging_mixin.py:151} INFO - [2025-06-17T04:13:32.994+0300] {dag.py:3696} INFO - Setting next_dagrun for example_params_trigger_ui to None, run_after=None
[2025-06-17T04:13:33.053+0300] {processor.py:179} INFO - Processing /home/qwerty/.local/lib/python3.10/site-packages/airflow/example_dags/example_params_trigger_ui.py took 0.252 seconds
[2025-06-17T04:14:31.563+0300] {processor.py:157} INFO - Started process (PID=19139) to work on /home/qwerty/.local/lib/python3.10/site-packages/airflow/example_dags/example_params_trigger_ui.py
[2025-06-17T04:14:31.567+0300] {processor.py:829} INFO - Processing file /home/qwerty/.local/lib/python3.10/site-packages/airflow/example_dags/example_params_trigger_ui.py for tasks to queue
[2025-06-17T04:14:31.569+0300] {logging_mixin.py:151} INFO - [2025-06-17T04:14:31.568+0300] {dagbag.py:539} INFO - Filling up the DagBag from /home/qwerty/.local/lib/python3.10/site-packages/airflow/example_dags/example_params_trigger_ui.py
[2025-06-17T04:14:31.633+0300] {processor.py:839} INFO - DAG(s) dict_keys(['example_params_trigger_ui']) retrieved from /home/qwerty/.local/lib/python3.10/site-packages/airflow/example_dags/example_params_trigger_ui.py
[2025-06-17T04:14:31.742+0300] {logging_mixin.py:151} INFO - [2025-06-17T04:14:31.741+0300] {dag.py:2915} INFO - Sync 1 DAGs
[2025-06-17T04:14:31.765+0300] {logging_mixin.py:151} INFO - [2025-06-17T04:14:31.764+0300] {dag.py:3696} INFO - Setting next_dagrun for example_params_trigger_ui to None, run_after=None
[2025-06-17T04:14:31.823+0300] {processor.py:179} INFO - Processing /home/qwerty/.local/lib/python3.10/site-packages/airflow/example_dags/example_params_trigger_ui.py took 0.271 seconds
[2025-06-17T04:15:33.130+0300] {processor.py:157} INFO - Started process (PID=19195) to work on /home/qwerty/.local/lib/python3.10/site-packages/airflow/example_dags/example_params_trigger_ui.py
[2025-06-17T04:15:33.132+0300] {processor.py:829} INFO - Processing file /home/qwerty/.local/lib/python3.10/site-packages/airflow/example_dags/example_params_trigger_ui.py for tasks to queue
[2025-06-17T04:15:33.135+0300] {logging_mixin.py:151} INFO - [2025-06-17T04:15:33.134+0300] {dagbag.py:539} INFO - Filling up the DagBag from /home/qwerty/.local/lib/python3.10/site-packages/airflow/example_dags/example_params_trigger_ui.py
[2025-06-17T04:15:33.158+0300] {processor.py:839} INFO - DAG(s) dict_keys(['example_params_trigger_ui']) retrieved from /home/qwerty/.local/lib/python3.10/site-packages/airflow/example_dags/example_params_trigger_ui.py
[2025-06-17T04:15:33.208+0300] {logging_mixin.py:151} INFO - [2025-06-17T04:15:33.208+0300] {dag.py:2915} INFO - Sync 1 DAGs
[2025-06-17T04:15:33.222+0300] {logging_mixin.py:151} INFO - [2025-06-17T04:15:33.221+0300] {dag.py:3696} INFO - Setting next_dagrun for example_params_trigger_ui to None, run_after=None
[2025-06-17T04:15:33.249+0300] {processor.py:179} INFO - Processing /home/qwerty/.local/lib/python3.10/site-packages/airflow/example_dags/example_params_trigger_ui.py took 0.130 seconds
[2025-06-17T04:16:29.290+0300] {processor.py:157} INFO - Started process (PID=19274) to work on /home/qwerty/.local/lib/python3.10/site-packages/airflow/example_dags/example_params_trigger_ui.py
[2025-06-17T04:16:29.294+0300] {processor.py:829} INFO - Processing file /home/qwerty/.local/lib/python3.10/site-packages/airflow/example_dags/example_params_trigger_ui.py for tasks to queue
[2025-06-17T04:16:29.297+0300] {logging_mixin.py:151} INFO - [2025-06-17T04:16:29.295+0300] {dagbag.py:539} INFO - Filling up the DagBag from /home/qwerty/.local/lib/python3.10/site-packages/airflow/example_dags/example_params_trigger_ui.py
[2025-06-17T04:16:29.320+0300] {processor.py:839} INFO - DAG(s) dict_keys(['example_params_trigger_ui']) retrieved from /home/qwerty/.local/lib/python3.10/site-packages/airflow/example_dags/example_params_trigger_ui.py
[2025-06-17T04:16:29.377+0300] {logging_mixin.py:151} INFO - [2025-06-17T04:16:29.377+0300] {dag.py:2915} INFO - Sync 1 DAGs
[2025-06-17T04:16:29.392+0300] {logging_mixin.py:151} INFO - [2025-06-17T04:16:29.391+0300] {dag.py:3696} INFO - Setting next_dagrun for example_params_trigger_ui to None, run_after=None
[2025-06-17T04:16:29.418+0300] {processor.py:179} INFO - Processing /home/qwerty/.local/lib/python3.10/site-packages/airflow/example_dags/example_params_trigger_ui.py took 0.139 seconds
[2025-06-17T04:17:24.807+0300] {processor.py:157} INFO - Started process (PID=19332) to work on /home/qwerty/.local/lib/python3.10/site-packages/airflow/example_dags/example_params_trigger_ui.py
[2025-06-17T04:17:24.810+0300] {processor.py:829} INFO - Processing file /home/qwerty/.local/lib/python3.10/site-packages/airflow/example_dags/example_params_trigger_ui.py for tasks to queue
[2025-06-17T04:17:24.812+0300] {logging_mixin.py:151} INFO - [2025-06-17T04:17:24.811+0300] {dagbag.py:539} INFO - Filling up the DagBag from /home/qwerty/.local/lib/python3.10/site-packages/airflow/example_dags/example_params_trigger_ui.py
[2025-06-17T04:17:24.853+0300] {processor.py:839} INFO - DAG(s) dict_keys(['example_params_trigger_ui']) retrieved from /home/qwerty/.local/lib/python3.10/site-packages/airflow/example_dags/example_params_trigger_ui.py
[2025-06-17T04:17:24.939+0300] {logging_mixin.py:151} INFO - [2025-06-17T04:17:24.939+0300] {dag.py:2915} INFO - Sync 1 DAGs
[2025-06-17T04:17:24.962+0300] {logging_mixin.py:151} INFO - [2025-06-17T04:17:24.961+0300] {dag.py:3696} INFO - Setting next_dagrun for example_params_trigger_ui to None, run_after=None
[2025-06-17T04:17:25.007+0300] {processor.py:179} INFO - Processing /home/qwerty/.local/lib/python3.10/site-packages/airflow/example_dags/example_params_trigger_ui.py took 0.208 seconds
[2025-06-17T04:18:21.521+0300] {processor.py:157} INFO - Started process (PID=19399) to work on /home/qwerty/.local/lib/python3.10/site-packages/airflow/example_dags/example_params_trigger_ui.py
[2025-06-17T04:18:21.525+0300] {processor.py:829} INFO - Processing file /home/qwerty/.local/lib/python3.10/site-packages/airflow/example_dags/example_params_trigger_ui.py for tasks to queue
[2025-06-17T04:18:21.528+0300] {logging_mixin.py:151} INFO - [2025-06-17T04:18:21.527+0300] {dagbag.py:539} INFO - Filling up the DagBag from /home/qwerty/.local/lib/python3.10/site-packages/airflow/example_dags/example_params_trigger_ui.py
[2025-06-17T04:18:21.592+0300] {processor.py:839} INFO - DAG(s) dict_keys(['example_params_trigger_ui']) retrieved from /home/qwerty/.local/lib/python3.10/site-packages/airflow/example_dags/example_params_trigger_ui.py
[2025-06-17T04:18:21.773+0300] {logging_mixin.py:151} INFO - [2025-06-17T04:18:21.772+0300] {dag.py:2915} INFO - Sync 1 DAGs
[2025-06-17T04:18:21.806+0300] {logging_mixin.py:151} INFO - [2025-06-17T04:18:21.805+0300] {dag.py:3696} INFO - Setting next_dagrun for example_params_trigger_ui to None, run_after=None
[2025-06-17T04:18:21.851+0300] {processor.py:179} INFO - Processing /home/qwerty/.local/lib/python3.10/site-packages/airflow/example_dags/example_params_trigger_ui.py took 0.339 seconds
[2025-06-17T04:19:22.599+0300] {processor.py:157} INFO - Started process (PID=19491) to work on /home/qwerty/.local/lib/python3.10/site-packages/airflow/example_dags/example_params_trigger_ui.py
[2025-06-17T04:19:22.601+0300] {processor.py:829} INFO - Processing file /home/qwerty/.local/lib/python3.10/site-packages/airflow/example_dags/example_params_trigger_ui.py for tasks to queue
[2025-06-17T04:19:22.603+0300] {logging_mixin.py:151} INFO - [2025-06-17T04:19:22.602+0300] {dagbag.py:539} INFO - Filling up the DagBag from /home/qwerty/.local/lib/python3.10/site-packages/airflow/example_dags/example_params_trigger_ui.py
[2025-06-17T04:19:22.627+0300] {processor.py:839} INFO - DAG(s) dict_keys(['example_params_trigger_ui']) retrieved from /home/qwerty/.local/lib/python3.10/site-packages/airflow/example_dags/example_params_trigger_ui.py
[2025-06-17T04:19:22.690+0300] {logging_mixin.py:151} INFO - [2025-06-17T04:19:22.689+0300] {dag.py:2915} INFO - Sync 1 DAGs
[2025-06-17T04:19:22.709+0300] {logging_mixin.py:151} INFO - [2025-06-17T04:19:22.709+0300] {dag.py:3696} INFO - Setting next_dagrun for example_params_trigger_ui to None, run_after=None
[2025-06-17T04:19:22.744+0300] {processor.py:179} INFO - Processing /home/qwerty/.local/lib/python3.10/site-packages/airflow/example_dags/example_params_trigger_ui.py took 0.150 seconds
[2025-06-17T04:20:14.653+0300] {processor.py:157} INFO - Started process (PID=19559) to work on /home/qwerty/.local/lib/python3.10/site-packages/airflow/example_dags/example_params_trigger_ui.py
[2025-06-17T04:20:14.656+0300] {processor.py:829} INFO - Processing file /home/qwerty/.local/lib/python3.10/site-packages/airflow/example_dags/example_params_trigger_ui.py for tasks to queue
[2025-06-17T04:20:14.658+0300] {logging_mixin.py:151} INFO - [2025-06-17T04:20:14.657+0300] {dagbag.py:539} INFO - Filling up the DagBag from /home/qwerty/.local/lib/python3.10/site-packages/airflow/example_dags/example_params_trigger_ui.py
[2025-06-17T04:20:14.681+0300] {processor.py:839} INFO - DAG(s) dict_keys(['example_params_trigger_ui']) retrieved from /home/qwerty/.local/lib/python3.10/site-packages/airflow/example_dags/example_params_trigger_ui.py
[2025-06-17T04:20:14.737+0300] {logging_mixin.py:151} INFO - [2025-06-17T04:20:14.736+0300] {dag.py:2915} INFO - Sync 1 DAGs
[2025-06-17T04:20:14.760+0300] {logging_mixin.py:151} INFO - [2025-06-17T04:20:14.760+0300] {dag.py:3696} INFO - Setting next_dagrun for example_params_trigger_ui to None, run_after=None
[2025-06-17T04:20:14.869+0300] {processor.py:179} INFO - Processing /home/qwerty/.local/lib/python3.10/site-packages/airflow/example_dags/example_params_trigger_ui.py took 0.227 seconds
[2025-06-17T04:21:06.440+0300] {processor.py:157} INFO - Started process (PID=19621) to work on /home/qwerty/.local/lib/python3.10/site-packages/airflow/example_dags/example_params_trigger_ui.py
[2025-06-17T04:21:06.442+0300] {processor.py:829} INFO - Processing file /home/qwerty/.local/lib/python3.10/site-packages/airflow/example_dags/example_params_trigger_ui.py for tasks to queue
[2025-06-17T04:21:06.444+0300] {logging_mixin.py:151} INFO - [2025-06-17T04:21:06.443+0300] {dagbag.py:539} INFO - Filling up the DagBag from /home/qwerty/.local/lib/python3.10/site-packages/airflow/example_dags/example_params_trigger_ui.py
[2025-06-17T04:21:06.481+0300] {processor.py:839} INFO - DAG(s) dict_keys(['example_params_trigger_ui']) retrieved from /home/qwerty/.local/lib/python3.10/site-packages/airflow/example_dags/example_params_trigger_ui.py
[2025-06-17T04:21:06.552+0300] {logging_mixin.py:151} INFO - [2025-06-17T04:21:06.552+0300] {dag.py:2915} INFO - Sync 1 DAGs
[2025-06-17T04:21:06.567+0300] {logging_mixin.py:151} INFO - [2025-06-17T04:21:06.566+0300] {dag.py:3696} INFO - Setting next_dagrun for example_params_trigger_ui to None, run_after=None
[2025-06-17T04:21:06.594+0300] {processor.py:179} INFO - Processing /home/qwerty/.local/lib/python3.10/site-packages/airflow/example_dags/example_params_trigger_ui.py took 0.164 seconds
[2025-06-17T04:22:04.870+0300] {processor.py:157} INFO - Started process (PID=19712) to work on /home/qwerty/.local/lib/python3.10/site-packages/airflow/example_dags/example_params_trigger_ui.py
[2025-06-17T04:22:04.873+0300] {processor.py:829} INFO - Processing file /home/qwerty/.local/lib/python3.10/site-packages/airflow/example_dags/example_params_trigger_ui.py for tasks to queue
[2025-06-17T04:22:04.875+0300] {logging_mixin.py:151} INFO - [2025-06-17T04:22:04.874+0300] {dagbag.py:539} INFO - Filling up the DagBag from /home/qwerty/.local/lib/python3.10/site-packages/airflow/example_dags/example_params_trigger_ui.py
[2025-06-17T04:22:04.899+0300] {processor.py:839} INFO - DAG(s) dict_keys(['example_params_trigger_ui']) retrieved from /home/qwerty/.local/lib/python3.10/site-packages/airflow/example_dags/example_params_trigger_ui.py
[2025-06-17T04:22:04.958+0300] {logging_mixin.py:151} INFO - [2025-06-17T04:22:04.957+0300] {dag.py:2915} INFO - Sync 1 DAGs
[2025-06-17T04:22:04.972+0300] {logging_mixin.py:151} INFO - [2025-06-17T04:22:04.972+0300] {dag.py:3696} INFO - Setting next_dagrun for example_params_trigger_ui to None, run_after=None
[2025-06-17T04:22:05.000+0300] {processor.py:179} INFO - Processing /home/qwerty/.local/lib/python3.10/site-packages/airflow/example_dags/example_params_trigger_ui.py took 0.141 seconds
[2025-06-17T04:22:59.638+0300] {processor.py:157} INFO - Started process (PID=19792) to work on /home/qwerty/.local/lib/python3.10/site-packages/airflow/example_dags/example_params_trigger_ui.py
[2025-06-17T04:22:59.640+0300] {processor.py:829} INFO - Processing file /home/qwerty/.local/lib/python3.10/site-packages/airflow/example_dags/example_params_trigger_ui.py for tasks to queue
[2025-06-17T04:22:59.641+0300] {logging_mixin.py:151} INFO - [2025-06-17T04:22:59.641+0300] {dagbag.py:539} INFO - Filling up the DagBag from /home/qwerty/.local/lib/python3.10/site-packages/airflow/example_dags/example_params_trigger_ui.py
[2025-06-17T04:22:59.667+0300] {processor.py:839} INFO - DAG(s) dict_keys(['example_params_trigger_ui']) retrieved from /home/qwerty/.local/lib/python3.10/site-packages/airflow/example_dags/example_params_trigger_ui.py
[2025-06-17T04:22:59.720+0300] {logging_mixin.py:151} INFO - [2025-06-17T04:22:59.719+0300] {dag.py:2915} INFO - Sync 1 DAGs
[2025-06-17T04:22:59.734+0300] {logging_mixin.py:151} INFO - [2025-06-17T04:22:59.733+0300] {dag.py:3696} INFO - Setting next_dagrun for example_params_trigger_ui to None, run_after=None
[2025-06-17T04:22:59.767+0300] {processor.py:179} INFO - Processing /home/qwerty/.local/lib/python3.10/site-packages/airflow/example_dags/example_params_trigger_ui.py took 0.136 seconds
[2025-06-17T04:23:58.500+0300] {processor.py:157} INFO - Started process (PID=19869) to work on /home/qwerty/.local/lib/python3.10/site-packages/airflow/example_dags/example_params_trigger_ui.py
[2025-06-17T04:23:58.503+0300] {processor.py:829} INFO - Processing file /home/qwerty/.local/lib/python3.10/site-packages/airflow/example_dags/example_params_trigger_ui.py for tasks to queue
[2025-06-17T04:23:58.505+0300] {logging_mixin.py:151} INFO - [2025-06-17T04:23:58.504+0300] {dagbag.py:539} INFO - Filling up the DagBag from /home/qwerty/.local/lib/python3.10/site-packages/airflow/example_dags/example_params_trigger_ui.py
[2025-06-17T04:23:58.535+0300] {processor.py:839} INFO - DAG(s) dict_keys(['example_params_trigger_ui']) retrieved from /home/qwerty/.local/lib/python3.10/site-packages/airflow/example_dags/example_params_trigger_ui.py
[2025-06-17T04:23:58.581+0300] {logging_mixin.py:151} INFO - [2025-06-17T04:23:58.581+0300] {dag.py:2915} INFO - Sync 1 DAGs
[2025-06-17T04:23:58.594+0300] {logging_mixin.py:151} INFO - [2025-06-17T04:23:58.593+0300] {dag.py:3696} INFO - Setting next_dagrun for example_params_trigger_ui to None, run_after=None
[2025-06-17T04:23:58.640+0300] {processor.py:179} INFO - Processing /home/qwerty/.local/lib/python3.10/site-packages/airflow/example_dags/example_params_trigger_ui.py took 0.150 seconds
[2025-06-17T04:25:29.637+0300] {processor.py:157} INFO - Started process (PID=19995) to work on /home/qwerty/.local/lib/python3.10/site-packages/airflow/example_dags/example_params_trigger_ui.py
[2025-06-17T04:25:29.643+0300] {processor.py:829} INFO - Processing file /home/qwerty/.local/lib/python3.10/site-packages/airflow/example_dags/example_params_trigger_ui.py for tasks to queue
[2025-06-17T04:25:29.646+0300] {logging_mixin.py:151} INFO - [2025-06-17T04:25:29.645+0300] {dagbag.py:539} INFO - Filling up the DagBag from /home/qwerty/.local/lib/python3.10/site-packages/airflow/example_dags/example_params_trigger_ui.py
[2025-06-17T04:25:29.720+0300] {processor.py:839} INFO - DAG(s) dict_keys(['example_params_trigger_ui']) retrieved from /home/qwerty/.local/lib/python3.10/site-packages/airflow/example_dags/example_params_trigger_ui.py
[2025-06-17T04:25:29.894+0300] {logging_mixin.py:151} INFO - [2025-06-17T04:25:29.894+0300] {dag.py:2915} INFO - Sync 1 DAGs
[2025-06-17T04:25:29.931+0300] {logging_mixin.py:151} INFO - [2025-06-17T04:25:29.931+0300] {dag.py:3696} INFO - Setting next_dagrun for example_params_trigger_ui to None, run_after=None
[2025-06-17T04:25:30.015+0300] {processor.py:179} INFO - Processing /home/qwerty/.local/lib/python3.10/site-packages/airflow/example_dags/example_params_trigger_ui.py took 0.394 seconds
[2025-06-17T04:26:24.542+0300] {processor.py:157} INFO - Started process (PID=20047) to work on /home/qwerty/.local/lib/python3.10/site-packages/airflow/example_dags/example_params_trigger_ui.py
[2025-06-17T04:26:24.546+0300] {processor.py:829} INFO - Processing file /home/qwerty/.local/lib/python3.10/site-packages/airflow/example_dags/example_params_trigger_ui.py for tasks to queue
[2025-06-17T04:26:24.548+0300] {logging_mixin.py:151} INFO - [2025-06-17T04:26:24.547+0300] {dagbag.py:539} INFO - Filling up the DagBag from /home/qwerty/.local/lib/python3.10/site-packages/airflow/example_dags/example_params_trigger_ui.py
[2025-06-17T04:26:24.574+0300] {processor.py:839} INFO - DAG(s) dict_keys(['example_params_trigger_ui']) retrieved from /home/qwerty/.local/lib/python3.10/site-packages/airflow/example_dags/example_params_trigger_ui.py
[2025-06-17T04:26:24.632+0300] {logging_mixin.py:151} INFO - [2025-06-17T04:26:24.632+0300] {dag.py:2915} INFO - Sync 1 DAGs
[2025-06-17T04:26:24.647+0300] {logging_mixin.py:151} INFO - [2025-06-17T04:26:24.647+0300] {dag.py:3696} INFO - Setting next_dagrun for example_params_trigger_ui to None, run_after=None
[2025-06-17T04:26:24.677+0300] {processor.py:179} INFO - Processing /home/qwerty/.local/lib/python3.10/site-packages/airflow/example_dags/example_params_trigger_ui.py took 0.145 seconds
[2025-06-17T04:27:15.987+0300] {processor.py:157} INFO - Started process (PID=20095) to work on /home/qwerty/.local/lib/python3.10/site-packages/airflow/example_dags/example_params_trigger_ui.py
[2025-06-17T04:27:15.990+0300] {processor.py:829} INFO - Processing file /home/qwerty/.local/lib/python3.10/site-packages/airflow/example_dags/example_params_trigger_ui.py for tasks to queue
[2025-06-17T04:27:15.991+0300] {logging_mixin.py:151} INFO - [2025-06-17T04:27:15.991+0300] {dagbag.py:539} INFO - Filling up the DagBag from /home/qwerty/.local/lib/python3.10/site-packages/airflow/example_dags/example_params_trigger_ui.py
[2025-06-17T04:27:16.025+0300] {processor.py:839} INFO - DAG(s) dict_keys(['example_params_trigger_ui']) retrieved from /home/qwerty/.local/lib/python3.10/site-packages/airflow/example_dags/example_params_trigger_ui.py
[2025-06-17T04:27:16.114+0300] {logging_mixin.py:151} INFO - [2025-06-17T04:27:16.114+0300] {dag.py:2915} INFO - Sync 1 DAGs
[2025-06-17T04:27:16.135+0300] {logging_mixin.py:151} INFO - [2025-06-17T04:27:16.135+0300] {dag.py:3696} INFO - Setting next_dagrun for example_params_trigger_ui to None, run_after=None
[2025-06-17T04:27:16.184+0300] {processor.py:179} INFO - Processing /home/qwerty/.local/lib/python3.10/site-packages/airflow/example_dags/example_params_trigger_ui.py took 0.205 seconds
[2025-06-17T04:28:05.987+0300] {processor.py:157} INFO - Started process (PID=20174) to work on /home/qwerty/.local/lib/python3.10/site-packages/airflow/example_dags/example_params_trigger_ui.py
[2025-06-17T04:28:05.990+0300] {processor.py:829} INFO - Processing file /home/qwerty/.local/lib/python3.10/site-packages/airflow/example_dags/example_params_trigger_ui.py for tasks to queue
[2025-06-17T04:28:05.993+0300] {logging_mixin.py:151} INFO - [2025-06-17T04:28:05.992+0300] {dagbag.py:539} INFO - Filling up the DagBag from /home/qwerty/.local/lib/python3.10/site-packages/airflow/example_dags/example_params_trigger_ui.py
[2025-06-17T04:28:06.018+0300] {processor.py:839} INFO - DAG(s) dict_keys(['example_params_trigger_ui']) retrieved from /home/qwerty/.local/lib/python3.10/site-packages/airflow/example_dags/example_params_trigger_ui.py
[2025-06-17T04:28:06.071+0300] {logging_mixin.py:151} INFO - [2025-06-17T04:28:06.070+0300] {dag.py:2915} INFO - Sync 1 DAGs
[2025-06-17T04:28:06.087+0300] {logging_mixin.py:151} INFO - [2025-06-17T04:28:06.086+0300] {dag.py:3696} INFO - Setting next_dagrun for example_params_trigger_ui to None, run_after=None
[2025-06-17T04:28:06.132+0300] {processor.py:179} INFO - Processing /home/qwerty/.local/lib/python3.10/site-packages/airflow/example_dags/example_params_trigger_ui.py took 0.155 seconds
[2025-06-17T04:28:57.437+0300] {processor.py:157} INFO - Started process (PID=20230) to work on /home/qwerty/.local/lib/python3.10/site-packages/airflow/example_dags/example_params_trigger_ui.py
[2025-06-17T04:28:57.440+0300] {processor.py:829} INFO - Processing file /home/qwerty/.local/lib/python3.10/site-packages/airflow/example_dags/example_params_trigger_ui.py for tasks to queue
[2025-06-17T04:28:57.443+0300] {logging_mixin.py:151} INFO - [2025-06-17T04:28:57.442+0300] {dagbag.py:539} INFO - Filling up the DagBag from /home/qwerty/.local/lib/python3.10/site-packages/airflow/example_dags/example_params_trigger_ui.py
[2025-06-17T04:28:57.464+0300] {processor.py:839} INFO - DAG(s) dict_keys(['example_params_trigger_ui']) retrieved from /home/qwerty/.local/lib/python3.10/site-packages/airflow/example_dags/example_params_trigger_ui.py
[2025-06-17T04:28:57.511+0300] {logging_mixin.py:151} INFO - [2025-06-17T04:28:57.511+0300] {dag.py:2915} INFO - Sync 1 DAGs
[2025-06-17T04:28:57.524+0300] {logging_mixin.py:151} INFO - [2025-06-17T04:28:57.523+0300] {dag.py:3696} INFO - Setting next_dagrun for example_params_trigger_ui to None, run_after=None
[2025-06-17T04:28:57.567+0300] {processor.py:179} INFO - Processing /home/qwerty/.local/lib/python3.10/site-packages/airflow/example_dags/example_params_trigger_ui.py took 0.141 seconds
[2025-06-17T04:29:59.334+0300] {processor.py:157} INFO - Started process (PID=20295) to work on /home/qwerty/.local/lib/python3.10/site-packages/airflow/example_dags/example_params_trigger_ui.py
[2025-06-17T04:29:59.338+0300] {processor.py:829} INFO - Processing file /home/qwerty/.local/lib/python3.10/site-packages/airflow/example_dags/example_params_trigger_ui.py for tasks to queue
[2025-06-17T04:29:59.340+0300] {logging_mixin.py:151} INFO - [2025-06-17T04:29:59.339+0300] {dagbag.py:539} INFO - Filling up the DagBag from /home/qwerty/.local/lib/python3.10/site-packages/airflow/example_dags/example_params_trigger_ui.py
[2025-06-17T04:29:59.369+0300] {processor.py:839} INFO - DAG(s) dict_keys(['example_params_trigger_ui']) retrieved from /home/qwerty/.local/lib/python3.10/site-packages/airflow/example_dags/example_params_trigger_ui.py
[2025-06-17T04:29:59.440+0300] {logging_mixin.py:151} INFO - [2025-06-17T04:29:59.439+0300] {dag.py:2915} INFO - Sync 1 DAGs
[2025-06-17T04:29:59.457+0300] {logging_mixin.py:151} INFO - [2025-06-17T04:29:59.456+0300] {dag.py:3696} INFO - Setting next_dagrun for example_params_trigger_ui to None, run_after=None
[2025-06-17T04:29:59.491+0300] {processor.py:179} INFO - Processing /home/qwerty/.local/lib/python3.10/site-packages/airflow/example_dags/example_params_trigger_ui.py took 0.163 seconds
[2025-06-17T04:30:58.159+0300] {processor.py:157} INFO - Started process (PID=20356) to work on /home/qwerty/.local/lib/python3.10/site-packages/airflow/example_dags/example_params_trigger_ui.py
[2025-06-17T04:30:58.162+0300] {processor.py:829} INFO - Processing file /home/qwerty/.local/lib/python3.10/site-packages/airflow/example_dags/example_params_trigger_ui.py for tasks to queue
[2025-06-17T04:30:58.164+0300] {logging_mixin.py:151} INFO - [2025-06-17T04:30:58.163+0300] {dagbag.py:539} INFO - Filling up the DagBag from /home/qwerty/.local/lib/python3.10/site-packages/airflow/example_dags/example_params_trigger_ui.py
[2025-06-17T04:30:58.185+0300] {processor.py:839} INFO - DAG(s) dict_keys(['example_params_trigger_ui']) retrieved from /home/qwerty/.local/lib/python3.10/site-packages/airflow/example_dags/example_params_trigger_ui.py
[2025-06-17T04:30:58.234+0300] {logging_mixin.py:151} INFO - [2025-06-17T04:30:58.234+0300] {dag.py:2915} INFO - Sync 1 DAGs
[2025-06-17T04:30:58.248+0300] {logging_mixin.py:151} INFO - [2025-06-17T04:30:58.248+0300] {dag.py:3696} INFO - Setting next_dagrun for example_params_trigger_ui to None, run_after=None
[2025-06-17T04:30:58.278+0300] {processor.py:179} INFO - Processing /home/qwerty/.local/lib/python3.10/site-packages/airflow/example_dags/example_params_trigger_ui.py took 0.130 seconds
