[2025-06-17T04:07:55.491+0300] {processor.py:157} INFO - Started process (PID=18707) to work on /home/qwerty/.local/lib/python3.10/site-packages/airflow/example_dags/example_dag_decorator.py
[2025-06-17T04:07:55.492+0300] {processor.py:829} INFO - Processing file /home/qwerty/.local/lib/python3.10/site-packages/airflow/example_dags/example_dag_decorator.py for tasks to queue
[2025-06-17T04:07:55.493+0300] {logging_mixin.py:151} INFO - [2025-06-17T04:07:55.493+0300] {dagbag.py:539} INFO - Filling up the DagBag from /home/qwerty/.local/lib/python3.10/site-packages/airflow/example_dags/example_dag_decorator.py
[2025-06-17T04:07:55.557+0300] {processor.py:839} INFO - DAG(s) dict_keys(['example_dag_decorator']) retrieved from /home/qwerty/.local/lib/python3.10/site-packages/airflow/example_dags/example_dag_decorator.py
[2025-06-17T04:07:55.698+0300] {logging_mixin.py:151} INFO - [2025-06-17T04:07:55.698+0300] {security.py:708} INFO - Not syncing DAG-level permissions for DAG 'DAG:example_dag_decorator' as access control is unset.
[2025-06-17T04:07:55.698+0300] {logging_mixin.py:151} INFO - [2025-06-17T04:07:55.698+0300] {dag.py:2915} INFO - Sync 1 DAGs
[2025-06-17T04:07:55.717+0300] {logging_mixin.py:151} INFO - [2025-06-17T04:07:55.717+0300] {dag.py:3696} INFO - Setting next_dagrun for example_dag_decorator to None, run_after=None
[2025-06-17T04:07:55.755+0300] {processor.py:179} INFO - Processing /home/qwerty/.local/lib/python3.10/site-packages/airflow/example_dags/example_dag_decorator.py took 0.271 seconds
[2025-06-17T04:08:52.652+0300] {processor.py:157} INFO - Started process (PID=18787) to work on /home/qwerty/.local/lib/python3.10/site-packages/airflow/example_dags/example_dag_decorator.py
[2025-06-17T04:08:52.657+0300] {processor.py:829} INFO - Processing file /home/qwerty/.local/lib/python3.10/site-packages/airflow/example_dags/example_dag_decorator.py for tasks to queue
[2025-06-17T04:08:52.661+0300] {logging_mixin.py:151} INFO - [2025-06-17T04:08:52.659+0300] {dagbag.py:539} INFO - Filling up the DagBag from /home/qwerty/.local/lib/python3.10/site-packages/airflow/example_dags/example_dag_decorator.py
[2025-06-17T04:08:52.789+0300] {processor.py:839} INFO - DAG(s) dict_keys(['example_dag_decorator']) retrieved from /home/qwerty/.local/lib/python3.10/site-packages/airflow/example_dags/example_dag_decorator.py
[2025-06-17T04:08:53.082+0300] {logging_mixin.py:151} INFO - [2025-06-17T04:08:53.081+0300] {security.py:708} INFO - Not syncing DAG-level permissions for DAG 'DAG:example_dag_decorator' as access control is unset.
[2025-06-17T04:08:53.083+0300] {logging_mixin.py:151} INFO - [2025-06-17T04:08:53.083+0300] {dag.py:2915} INFO - Sync 1 DAGs
[2025-06-17T04:08:53.111+0300] {logging_mixin.py:151} INFO - [2025-06-17T04:08:53.111+0300] {dag.py:3696} INFO - Setting next_dagrun for example_dag_decorator to None, run_after=None
[2025-06-17T04:08:53.166+0300] {processor.py:179} INFO - Processing /home/qwerty/.local/lib/python3.10/site-packages/airflow/example_dags/example_dag_decorator.py took 0.527 seconds
[2025-06-17T04:09:48.120+0300] {processor.py:157} INFO - Started process (PID=18838) to work on /home/qwerty/.local/lib/python3.10/site-packages/airflow/example_dags/example_dag_decorator.py
[2025-06-17T04:09:48.123+0300] {processor.py:829} INFO - Processing file /home/qwerty/.local/lib/python3.10/site-packages/airflow/example_dags/example_dag_decorator.py for tasks to queue
[2025-06-17T04:09:48.126+0300] {logging_mixin.py:151} INFO - [2025-06-17T04:09:48.124+0300] {dagbag.py:539} INFO - Filling up the DagBag from /home/qwerty/.local/lib/python3.10/site-packages/airflow/example_dags/example_dag_decorator.py
[2025-06-17T04:09:48.237+0300] {processor.py:839} INFO - DAG(s) dict_keys(['example_dag_decorator']) retrieved from /home/qwerty/.local/lib/python3.10/site-packages/airflow/example_dags/example_dag_decorator.py
[2025-06-17T04:09:48.498+0300] {logging_mixin.py:151} INFO - [2025-06-17T04:09:48.497+0300] {security.py:708} INFO - Not syncing DAG-level permissions for DAG 'DAG:example_dag_decorator' as access control is unset.
[2025-06-17T04:09:48.499+0300] {logging_mixin.py:151} INFO - [2025-06-17T04:09:48.499+0300] {dag.py:2915} INFO - Sync 1 DAGs
[2025-06-17T04:09:48.523+0300] {logging_mixin.py:151} INFO - [2025-06-17T04:09:48.523+0300] {dag.py:3696} INFO - Setting next_dagrun for example_dag_decorator to None, run_after=None
[2025-06-17T04:09:48.591+0300] {processor.py:179} INFO - Processing /home/qwerty/.local/lib/python3.10/site-packages/airflow/example_dags/example_dag_decorator.py took 0.482 seconds
[2025-06-17T04:10:47.927+0300] {processor.py:157} INFO - Started process (PID=18891) to work on /home/qwerty/.local/lib/python3.10/site-packages/airflow/example_dags/example_dag_decorator.py
[2025-06-17T04:10:47.934+0300] {processor.py:829} INFO - Processing file /home/qwerty/.local/lib/python3.10/site-packages/airflow/example_dags/example_dag_decorator.py for tasks to queue
[2025-06-17T04:10:47.936+0300] {logging_mixin.py:151} INFO - [2025-06-17T04:10:47.936+0300] {dagbag.py:539} INFO - Filling up the DagBag from /home/qwerty/.local/lib/python3.10/site-packages/airflow/example_dags/example_dag_decorator.py
[2025-06-17T04:10:48.047+0300] {processor.py:839} INFO - DAG(s) dict_keys(['example_dag_decorator']) retrieved from /home/qwerty/.local/lib/python3.10/site-packages/airflow/example_dags/example_dag_decorator.py
[2025-06-17T04:10:48.315+0300] {logging_mixin.py:151} INFO - [2025-06-17T04:10:48.315+0300] {security.py:708} INFO - Not syncing DAG-level permissions for DAG 'DAG:example_dag_decorator' as access control is unset.
[2025-06-17T04:10:48.316+0300] {logging_mixin.py:151} INFO - [2025-06-17T04:10:48.316+0300] {dag.py:2915} INFO - Sync 1 DAGs
[2025-06-17T04:10:48.333+0300] {logging_mixin.py:151} INFO - [2025-06-17T04:10:48.333+0300] {dag.py:3696} INFO - Setting next_dagrun for example_dag_decorator to None, run_after=None
[2025-06-17T04:10:48.403+0300] {processor.py:179} INFO - Processing /home/qwerty/.local/lib/python3.10/site-packages/airflow/example_dags/example_dag_decorator.py took 0.485 seconds
[2025-06-17T04:11:48.234+0300] {processor.py:157} INFO - Started process (PID=18949) to work on /home/qwerty/.local/lib/python3.10/site-packages/airflow/example_dags/example_dag_decorator.py
[2025-06-17T04:11:48.236+0300] {processor.py:829} INFO - Processing file /home/qwerty/.local/lib/python3.10/site-packages/airflow/example_dags/example_dag_decorator.py for tasks to queue
[2025-06-17T04:11:48.238+0300] {logging_mixin.py:151} INFO - [2025-06-17T04:11:48.237+0300] {dagbag.py:539} INFO - Filling up the DagBag from /home/qwerty/.local/lib/python3.10/site-packages/airflow/example_dags/example_dag_decorator.py
[2025-06-17T04:11:48.346+0300] {processor.py:839} INFO - DAG(s) dict_keys(['example_dag_decorator']) retrieved from /home/qwerty/.local/lib/python3.10/site-packages/airflow/example_dags/example_dag_decorator.py
[2025-06-17T04:11:48.584+0300] {logging_mixin.py:151} INFO - [2025-06-17T04:11:48.583+0300] {security.py:708} INFO - Not syncing DAG-level permissions for DAG 'DAG:example_dag_decorator' as access control is unset.
[2025-06-17T04:11:48.584+0300] {logging_mixin.py:151} INFO - [2025-06-17T04:11:48.584+0300] {dag.py:2915} INFO - Sync 1 DAGs
[2025-06-17T04:11:48.606+0300] {logging_mixin.py:151} INFO - [2025-06-17T04:11:48.605+0300] {dag.py:3696} INFO - Setting next_dagrun for example_dag_decorator to None, run_after=None
[2025-06-17T04:11:48.666+0300] {processor.py:179} INFO - Processing /home/qwerty/.local/lib/python3.10/site-packages/airflow/example_dags/example_dag_decorator.py took 0.440 seconds
[2025-06-17T04:12:49.467+0300] {processor.py:157} INFO - Started process (PID=19041) to work on /home/qwerty/.local/lib/python3.10/site-packages/airflow/example_dags/example_dag_decorator.py
[2025-06-17T04:12:49.472+0300] {processor.py:829} INFO - Processing file /home/qwerty/.local/lib/python3.10/site-packages/airflow/example_dags/example_dag_decorator.py for tasks to queue
[2025-06-17T04:12:49.475+0300] {logging_mixin.py:151} INFO - [2025-06-17T04:12:49.474+0300] {dagbag.py:539} INFO - Filling up the DagBag from /home/qwerty/.local/lib/python3.10/site-packages/airflow/example_dags/example_dag_decorator.py
[2025-06-17T04:12:49.588+0300] {processor.py:839} INFO - DAG(s) dict_keys(['example_dag_decorator']) retrieved from /home/qwerty/.local/lib/python3.10/site-packages/airflow/example_dags/example_dag_decorator.py
[2025-06-17T04:12:49.801+0300] {logging_mixin.py:151} INFO - [2025-06-17T04:12:49.800+0300] {security.py:708} INFO - Not syncing DAG-level permissions for DAG 'DAG:example_dag_decorator' as access control is unset.
[2025-06-17T04:12:49.801+0300] {logging_mixin.py:151} INFO - [2025-06-17T04:12:49.801+0300] {dag.py:2915} INFO - Sync 1 DAGs
[2025-06-17T04:12:49.824+0300] {logging_mixin.py:151} INFO - [2025-06-17T04:12:49.824+0300] {dag.py:3696} INFO - Setting next_dagrun for example_dag_decorator to None, run_after=None
[2025-06-17T04:12:49.873+0300] {processor.py:179} INFO - Processing /home/qwerty/.local/lib/python3.10/site-packages/airflow/example_dags/example_dag_decorator.py took 0.418 seconds
[2025-06-17T04:13:43.280+0300] {processor.py:157} INFO - Started process (PID=19092) to work on /home/qwerty/.local/lib/python3.10/site-packages/airflow/example_dags/example_dag_decorator.py
[2025-06-17T04:13:43.282+0300] {processor.py:829} INFO - Processing file /home/qwerty/.local/lib/python3.10/site-packages/airflow/example_dags/example_dag_decorator.py for tasks to queue
[2025-06-17T04:13:43.283+0300] {logging_mixin.py:151} INFO - [2025-06-17T04:13:43.282+0300] {dagbag.py:539} INFO - Filling up the DagBag from /home/qwerty/.local/lib/python3.10/site-packages/airflow/example_dags/example_dag_decorator.py
[2025-06-17T04:13:43.333+0300] {processor.py:839} INFO - DAG(s) dict_keys(['example_dag_decorator']) retrieved from /home/qwerty/.local/lib/python3.10/site-packages/airflow/example_dags/example_dag_decorator.py
[2025-06-17T04:13:43.445+0300] {logging_mixin.py:151} INFO - [2025-06-17T04:13:43.445+0300] {security.py:708} INFO - Not syncing DAG-level permissions for DAG 'DAG:example_dag_decorator' as access control is unset.
[2025-06-17T04:13:43.446+0300] {logging_mixin.py:151} INFO - [2025-06-17T04:13:43.445+0300] {dag.py:2915} INFO - Sync 1 DAGs
[2025-06-17T04:13:43.458+0300] {logging_mixin.py:151} INFO - [2025-06-17T04:13:43.458+0300] {dag.py:3696} INFO - Setting next_dagrun for example_dag_decorator to None, run_after=None
[2025-06-17T04:13:43.488+0300] {processor.py:179} INFO - Processing /home/qwerty/.local/lib/python3.10/site-packages/airflow/example_dags/example_dag_decorator.py took 0.215 seconds
[2025-06-17T04:15:10.781+0300] {processor.py:157} INFO - Started process (PID=19175) to work on /home/qwerty/.local/lib/python3.10/site-packages/airflow/example_dags/example_dag_decorator.py
[2025-06-17T04:15:10.784+0300] {processor.py:829} INFO - Processing file /home/qwerty/.local/lib/python3.10/site-packages/airflow/example_dags/example_dag_decorator.py for tasks to queue
[2025-06-17T04:15:10.786+0300] {logging_mixin.py:151} INFO - [2025-06-17T04:15:10.785+0300] {dagbag.py:539} INFO - Filling up the DagBag from /home/qwerty/.local/lib/python3.10/site-packages/airflow/example_dags/example_dag_decorator.py
[2025-06-17T04:15:10.905+0300] {processor.py:839} INFO - DAG(s) dict_keys(['example_dag_decorator']) retrieved from /home/qwerty/.local/lib/python3.10/site-packages/airflow/example_dags/example_dag_decorator.py
[2025-06-17T04:15:11.102+0300] {logging_mixin.py:151} INFO - [2025-06-17T04:15:11.102+0300] {security.py:708} INFO - Not syncing DAG-level permissions for DAG 'DAG:example_dag_decorator' as access control is unset.
[2025-06-17T04:15:11.103+0300] {logging_mixin.py:151} INFO - [2025-06-17T04:15:11.102+0300] {dag.py:2915} INFO - Sync 1 DAGs
[2025-06-17T04:15:11.116+0300] {logging_mixin.py:151} INFO - [2025-06-17T04:15:11.116+0300] {dag.py:3696} INFO - Setting next_dagrun for example_dag_decorator to None, run_after=None
[2025-06-17T04:15:11.151+0300] {processor.py:179} INFO - Processing /home/qwerty/.local/lib/python3.10/site-packages/airflow/example_dags/example_dag_decorator.py took 0.380 seconds
[2025-06-17T04:16:10.252+0300] {processor.py:157} INFO - Started process (PID=19226) to work on /home/qwerty/.local/lib/python3.10/site-packages/airflow/example_dags/example_dag_decorator.py
[2025-06-17T04:16:10.254+0300] {processor.py:829} INFO - Processing file /home/qwerty/.local/lib/python3.10/site-packages/airflow/example_dags/example_dag_decorator.py for tasks to queue
[2025-06-17T04:16:10.257+0300] {logging_mixin.py:151} INFO - [2025-06-17T04:16:10.256+0300] {dagbag.py:539} INFO - Filling up the DagBag from /home/qwerty/.local/lib/python3.10/site-packages/airflow/example_dags/example_dag_decorator.py
[2025-06-17T04:16:10.327+0300] {processor.py:839} INFO - DAG(s) dict_keys(['example_dag_decorator']) retrieved from /home/qwerty/.local/lib/python3.10/site-packages/airflow/example_dags/example_dag_decorator.py
[2025-06-17T04:16:10.491+0300] {logging_mixin.py:151} INFO - [2025-06-17T04:16:10.491+0300] {security.py:708} INFO - Not syncing DAG-level permissions for DAG 'DAG:example_dag_decorator' as access control is unset.
[2025-06-17T04:16:10.492+0300] {logging_mixin.py:151} INFO - [2025-06-17T04:16:10.492+0300] {dag.py:2915} INFO - Sync 1 DAGs
[2025-06-17T04:16:10.506+0300] {logging_mixin.py:151} INFO - [2025-06-17T04:16:10.506+0300] {dag.py:3696} INFO - Setting next_dagrun for example_dag_decorator to None, run_after=None
[2025-06-17T04:16:10.554+0300] {processor.py:179} INFO - Processing /home/qwerty/.local/lib/python3.10/site-packages/airflow/example_dags/example_dag_decorator.py took 0.307 seconds
[2025-06-17T04:17:06.212+0300] {processor.py:157} INFO - Started process (PID=19314) to work on /home/qwerty/.local/lib/python3.10/site-packages/airflow/example_dags/example_dag_decorator.py
[2025-06-17T04:17:06.214+0300] {processor.py:829} INFO - Processing file /home/qwerty/.local/lib/python3.10/site-packages/airflow/example_dags/example_dag_decorator.py for tasks to queue
[2025-06-17T04:17:06.215+0300] {logging_mixin.py:151} INFO - [2025-06-17T04:17:06.214+0300] {dagbag.py:539} INFO - Filling up the DagBag from /home/qwerty/.local/lib/python3.10/site-packages/airflow/example_dags/example_dag_decorator.py
[2025-06-17T04:17:06.273+0300] {processor.py:839} INFO - DAG(s) dict_keys(['example_dag_decorator']) retrieved from /home/qwerty/.local/lib/python3.10/site-packages/airflow/example_dags/example_dag_decorator.py
[2025-06-17T04:17:06.301+0300] {logging_mixin.py:151} INFO - [2025-06-17T04:17:06.300+0300] {dag.py:2915} INFO - Sync 1 DAGs
[2025-06-17T04:17:06.319+0300] {logging_mixin.py:151} INFO - [2025-06-17T04:17:06.318+0300] {dag.py:3696} INFO - Setting next_dagrun for example_dag_decorator to None, run_after=None
[2025-06-17T04:17:06.363+0300] {processor.py:179} INFO - Processing /home/qwerty/.local/lib/python3.10/site-packages/airflow/example_dags/example_dag_decorator.py took 0.156 seconds
[2025-06-17T04:17:58.695+0300] {processor.py:157} INFO - Started process (PID=19371) to work on /home/qwerty/.local/lib/python3.10/site-packages/airflow/example_dags/example_dag_decorator.py
[2025-06-17T04:17:58.698+0300] {processor.py:829} INFO - Processing file /home/qwerty/.local/lib/python3.10/site-packages/airflow/example_dags/example_dag_decorator.py for tasks to queue
[2025-06-17T04:17:58.701+0300] {logging_mixin.py:151} INFO - [2025-06-17T04:17:58.699+0300] {dagbag.py:539} INFO - Filling up the DagBag from /home/qwerty/.local/lib/python3.10/site-packages/airflow/example_dags/example_dag_decorator.py
[2025-06-17T04:17:58.786+0300] {processor.py:839} INFO - DAG(s) dict_keys(['example_dag_decorator']) retrieved from /home/qwerty/.local/lib/python3.10/site-packages/airflow/example_dags/example_dag_decorator.py
[2025-06-17T04:17:58.826+0300] {logging_mixin.py:151} INFO - [2025-06-17T04:17:58.825+0300] {dag.py:2915} INFO - Sync 1 DAGs
[2025-06-17T04:17:58.851+0300] {logging_mixin.py:151} INFO - [2025-06-17T04:17:58.851+0300] {dag.py:3696} INFO - Setting next_dagrun for example_dag_decorator to None, run_after=None
[2025-06-17T04:17:58.913+0300] {processor.py:179} INFO - Processing /home/qwerty/.local/lib/python3.10/site-packages/airflow/example_dags/example_dag_decorator.py took 0.224 seconds
[2025-06-17T04:18:59.886+0300] {processor.py:157} INFO - Started process (PID=19431) to work on /home/qwerty/.local/lib/python3.10/site-packages/airflow/example_dags/example_dag_decorator.py
[2025-06-17T04:18:59.895+0300] {processor.py:829} INFO - Processing file /home/qwerty/.local/lib/python3.10/site-packages/airflow/example_dags/example_dag_decorator.py for tasks to queue
[2025-06-17T04:18:59.900+0300] {logging_mixin.py:151} INFO - [2025-06-17T04:18:59.898+0300] {dagbag.py:539} INFO - Filling up the DagBag from /home/qwerty/.local/lib/python3.10/site-packages/airflow/example_dags/example_dag_decorator.py
[2025-06-17T04:19:00.021+0300] {processor.py:839} INFO - DAG(s) dict_keys(['example_dag_decorator']) retrieved from /home/qwerty/.local/lib/python3.10/site-packages/airflow/example_dags/example_dag_decorator.py
[2025-06-17T04:19:00.223+0300] {logging_mixin.py:151} INFO - [2025-06-17T04:19:00.222+0300] {security.py:708} INFO - Not syncing DAG-level permissions for DAG 'DAG:example_dag_decorator' as access control is unset.
[2025-06-17T04:19:00.223+0300] {logging_mixin.py:151} INFO - [2025-06-17T04:19:00.223+0300] {dag.py:2915} INFO - Sync 1 DAGs
[2025-06-17T04:19:00.241+0300] {logging_mixin.py:151} INFO - [2025-06-17T04:19:00.241+0300] {dag.py:3696} INFO - Setting next_dagrun for example_dag_decorator to None, run_after=None
[2025-06-17T04:19:00.319+0300] {processor.py:179} INFO - Processing /home/qwerty/.local/lib/python3.10/site-packages/airflow/example_dags/example_dag_decorator.py took 0.452 seconds
[2025-06-17T04:19:55.534+0300] {processor.py:157} INFO - Started process (PID=19541) to work on /home/qwerty/.local/lib/python3.10/site-packages/airflow/example_dags/example_dag_decorator.py
[2025-06-17T04:19:55.537+0300] {processor.py:829} INFO - Processing file /home/qwerty/.local/lib/python3.10/site-packages/airflow/example_dags/example_dag_decorator.py for tasks to queue
[2025-06-17T04:19:55.540+0300] {logging_mixin.py:151} INFO - [2025-06-17T04:19:55.539+0300] {dagbag.py:539} INFO - Filling up the DagBag from /home/qwerty/.local/lib/python3.10/site-packages/airflow/example_dags/example_dag_decorator.py
[2025-06-17T04:19:55.601+0300] {processor.py:839} INFO - DAG(s) dict_keys(['example_dag_decorator']) retrieved from /home/qwerty/.local/lib/python3.10/site-packages/airflow/example_dags/example_dag_decorator.py
[2025-06-17T04:19:55.630+0300] {logging_mixin.py:151} INFO - [2025-06-17T04:19:55.630+0300] {dag.py:2915} INFO - Sync 1 DAGs
[2025-06-17T04:19:55.649+0300] {logging_mixin.py:151} INFO - [2025-06-17T04:19:55.649+0300] {dag.py:3696} INFO - Setting next_dagrun for example_dag_decorator to None, run_after=None
[2025-06-17T04:19:55.688+0300] {processor.py:179} INFO - Processing /home/qwerty/.local/lib/python3.10/site-packages/airflow/example_dags/example_dag_decorator.py took 0.166 seconds
[2025-06-17T04:21:16.143+0300] {processor.py:157} INFO - Started process (PID=19629) to work on /home/qwerty/.local/lib/python3.10/site-packages/airflow/example_dags/example_dag_decorator.py
[2025-06-17T04:21:16.145+0300] {processor.py:829} INFO - Processing file /home/qwerty/.local/lib/python3.10/site-packages/airflow/example_dags/example_dag_decorator.py for tasks to queue
[2025-06-17T04:21:16.146+0300] {logging_mixin.py:151} INFO - [2025-06-17T04:21:16.145+0300] {dagbag.py:539} INFO - Filling up the DagBag from /home/qwerty/.local/lib/python3.10/site-packages/airflow/example_dags/example_dag_decorator.py
[2025-06-17T04:21:16.189+0300] {processor.py:839} INFO - DAG(s) dict_keys(['example_dag_decorator']) retrieved from /home/qwerty/.local/lib/python3.10/site-packages/airflow/example_dags/example_dag_decorator.py
[2025-06-17T04:21:16.288+0300] {logging_mixin.py:151} INFO - [2025-06-17T04:21:16.288+0300] {security.py:708} INFO - Not syncing DAG-level permissions for DAG 'DAG:example_dag_decorator' as access control is unset.
[2025-06-17T04:21:16.288+0300] {logging_mixin.py:151} INFO - [2025-06-17T04:21:16.288+0300] {dag.py:2915} INFO - Sync 1 DAGs
[2025-06-17T04:21:16.300+0300] {logging_mixin.py:151} INFO - [2025-06-17T04:21:16.300+0300] {dag.py:3696} INFO - Setting next_dagrun for example_dag_decorator to None, run_after=None
[2025-06-17T04:21:16.327+0300] {processor.py:179} INFO - Processing /home/qwerty/.local/lib/python3.10/site-packages/airflow/example_dags/example_dag_decorator.py took 0.188 seconds
[2025-06-17T04:22:13.719+0300] {processor.py:157} INFO - Started process (PID=19724) to work on /home/qwerty/.local/lib/python3.10/site-packages/airflow/example_dags/example_dag_decorator.py
[2025-06-17T04:22:13.722+0300] {processor.py:829} INFO - Processing file /home/qwerty/.local/lib/python3.10/site-packages/airflow/example_dags/example_dag_decorator.py for tasks to queue
[2025-06-17T04:22:13.725+0300] {logging_mixin.py:151} INFO - [2025-06-17T04:22:13.724+0300] {dagbag.py:539} INFO - Filling up the DagBag from /home/qwerty/.local/lib/python3.10/site-packages/airflow/example_dags/example_dag_decorator.py
[2025-06-17T04:22:13.777+0300] {processor.py:839} INFO - DAG(s) dict_keys(['example_dag_decorator']) retrieved from /home/qwerty/.local/lib/python3.10/site-packages/airflow/example_dags/example_dag_decorator.py
[2025-06-17T04:22:13.804+0300] {logging_mixin.py:151} INFO - [2025-06-17T04:22:13.804+0300] {dag.py:2915} INFO - Sync 1 DAGs
[2025-06-17T04:22:13.822+0300] {logging_mixin.py:151} INFO - [2025-06-17T04:22:13.822+0300] {dag.py:3696} INFO - Setting next_dagrun for example_dag_decorator to None, run_after=None
[2025-06-17T04:22:13.855+0300] {processor.py:179} INFO - Processing /home/qwerty/.local/lib/python3.10/site-packages/airflow/example_dags/example_dag_decorator.py took 0.147 seconds
[2025-06-17T04:23:10.044+0300] {processor.py:157} INFO - Started process (PID=19809) to work on /home/qwerty/.local/lib/python3.10/site-packages/airflow/example_dags/example_dag_decorator.py
[2025-06-17T04:23:10.049+0300] {processor.py:829} INFO - Processing file /home/qwerty/.local/lib/python3.10/site-packages/airflow/example_dags/example_dag_decorator.py for tasks to queue
[2025-06-17T04:23:10.051+0300] {logging_mixin.py:151} INFO - [2025-06-17T04:23:10.050+0300] {dagbag.py:539} INFO - Filling up the DagBag from /home/qwerty/.local/lib/python3.10/site-packages/airflow/example_dags/example_dag_decorator.py
[2025-06-17T04:23:10.150+0300] {processor.py:839} INFO - DAG(s) dict_keys(['example_dag_decorator']) retrieved from /home/qwerty/.local/lib/python3.10/site-packages/airflow/example_dags/example_dag_decorator.py
[2025-06-17T04:23:10.182+0300] {logging_mixin.py:151} INFO - [2025-06-17T04:23:10.182+0300] {dag.py:2915} INFO - Sync 1 DAGs
[2025-06-17T04:23:10.204+0300] {logging_mixin.py:151} INFO - [2025-06-17T04:23:10.203+0300] {dag.py:3696} INFO - Setting next_dagrun for example_dag_decorator to None, run_after=None
[2025-06-17T04:23:10.248+0300] {processor.py:179} INFO - Processing /home/qwerty/.local/lib/python3.10/site-packages/airflow/example_dags/example_dag_decorator.py took 0.211 seconds
[2025-06-17T04:24:06.955+0300] {processor.py:157} INFO - Started process (PID=19883) to work on /home/qwerty/.local/lib/python3.10/site-packages/airflow/example_dags/example_dag_decorator.py
[2025-06-17T04:24:06.958+0300] {processor.py:829} INFO - Processing file /home/qwerty/.local/lib/python3.10/site-packages/airflow/example_dags/example_dag_decorator.py for tasks to queue
[2025-06-17T04:24:06.960+0300] {logging_mixin.py:151} INFO - [2025-06-17T04:24:06.959+0300] {dagbag.py:539} INFO - Filling up the DagBag from /home/qwerty/.local/lib/python3.10/site-packages/airflow/example_dags/example_dag_decorator.py
[2025-06-17T04:24:07.020+0300] {processor.py:839} INFO - DAG(s) dict_keys(['example_dag_decorator']) retrieved from /home/qwerty/.local/lib/python3.10/site-packages/airflow/example_dags/example_dag_decorator.py
[2025-06-17T04:24:07.048+0300] {logging_mixin.py:151} INFO - [2025-06-17T04:24:07.048+0300] {dag.py:2915} INFO - Sync 1 DAGs
[2025-06-17T04:24:07.064+0300] {logging_mixin.py:151} INFO - [2025-06-17T04:24:07.064+0300] {dag.py:3696} INFO - Setting next_dagrun for example_dag_decorator to None, run_after=None
[2025-06-17T04:24:07.102+0300] {processor.py:179} INFO - Processing /home/qwerty/.local/lib/python3.10/site-packages/airflow/example_dags/example_dag_decorator.py took 0.154 seconds
[2025-06-17T04:25:40.772+0300] {processor.py:157} INFO - Started process (PID=20005) to work on /home/qwerty/.local/lib/python3.10/site-packages/airflow/example_dags/example_dag_decorator.py
[2025-06-17T04:25:40.778+0300] {processor.py:829} INFO - Processing file /home/qwerty/.local/lib/python3.10/site-packages/airflow/example_dags/example_dag_decorator.py for tasks to queue
[2025-06-17T04:25:40.780+0300] {logging_mixin.py:151} INFO - [2025-06-17T04:25:40.779+0300] {dagbag.py:539} INFO - Filling up the DagBag from /home/qwerty/.local/lib/python3.10/site-packages/airflow/example_dags/example_dag_decorator.py
[2025-06-17T04:25:40.853+0300] {processor.py:839} INFO - DAG(s) dict_keys(['example_dag_decorator']) retrieved from /home/qwerty/.local/lib/python3.10/site-packages/airflow/example_dags/example_dag_decorator.py
[2025-06-17T04:25:41.179+0300] {logging_mixin.py:151} INFO - [2025-06-17T04:25:41.178+0300] {security.py:708} INFO - Not syncing DAG-level permissions for DAG 'DAG:example_dag_decorator' as access control is unset.
[2025-06-17T04:25:41.179+0300] {logging_mixin.py:151} INFO - [2025-06-17T04:25:41.179+0300] {dag.py:2915} INFO - Sync 1 DAGs
[2025-06-17T04:25:41.197+0300] {logging_mixin.py:151} INFO - [2025-06-17T04:25:41.196+0300] {dag.py:3696} INFO - Setting next_dagrun for example_dag_decorator to None, run_after=None
[2025-06-17T04:25:41.245+0300] {processor.py:179} INFO - Processing /home/qwerty/.local/lib/python3.10/site-packages/airflow/example_dags/example_dag_decorator.py took 0.481 seconds
[2025-06-17T04:26:36.047+0300] {processor.py:157} INFO - Started process (PID=20059) to work on /home/qwerty/.local/lib/python3.10/site-packages/airflow/example_dags/example_dag_decorator.py
[2025-06-17T04:26:36.050+0300] {processor.py:829} INFO - Processing file /home/qwerty/.local/lib/python3.10/site-packages/airflow/example_dags/example_dag_decorator.py for tasks to queue
[2025-06-17T04:26:36.052+0300] {logging_mixin.py:151} INFO - [2025-06-17T04:26:36.051+0300] {dagbag.py:539} INFO - Filling up the DagBag from /home/qwerty/.local/lib/python3.10/site-packages/airflow/example_dags/example_dag_decorator.py
[2025-06-17T04:26:36.100+0300] {processor.py:839} INFO - DAG(s) dict_keys(['example_dag_decorator']) retrieved from /home/qwerty/.local/lib/python3.10/site-packages/airflow/example_dags/example_dag_decorator.py
[2025-06-17T04:26:36.124+0300] {logging_mixin.py:151} INFO - [2025-06-17T04:26:36.124+0300] {dag.py:2915} INFO - Sync 1 DAGs
[2025-06-17T04:26:36.138+0300] {logging_mixin.py:151} INFO - [2025-06-17T04:26:36.138+0300] {dag.py:3696} INFO - Setting next_dagrun for example_dag_decorator to None, run_after=None
[2025-06-17T04:26:36.176+0300] {processor.py:179} INFO - Processing /home/qwerty/.local/lib/python3.10/site-packages/airflow/example_dags/example_dag_decorator.py took 0.140 seconds
[2025-06-17T04:27:52.045+0300] {processor.py:157} INFO - Started process (PID=20142) to work on /home/qwerty/.local/lib/python3.10/site-packages/airflow/example_dags/example_dag_decorator.py
[2025-06-17T04:27:52.049+0300] {processor.py:829} INFO - Processing file /home/qwerty/.local/lib/python3.10/site-packages/airflow/example_dags/example_dag_decorator.py for tasks to queue
[2025-06-17T04:27:52.051+0300] {logging_mixin.py:151} INFO - [2025-06-17T04:27:52.050+0300] {dagbag.py:539} INFO - Filling up the DagBag from /home/qwerty/.local/lib/python3.10/site-packages/airflow/example_dags/example_dag_decorator.py
[2025-06-17T04:27:52.129+0300] {processor.py:839} INFO - DAG(s) dict_keys(['example_dag_decorator']) retrieved from /home/qwerty/.local/lib/python3.10/site-packages/airflow/example_dags/example_dag_decorator.py
[2025-06-17T04:27:52.299+0300] {logging_mixin.py:151} INFO - [2025-06-17T04:27:52.299+0300] {security.py:708} INFO - Not syncing DAG-level permissions for DAG 'DAG:example_dag_decorator' as access control is unset.
[2025-06-17T04:27:52.300+0300] {logging_mixin.py:151} INFO - [2025-06-17T04:27:52.300+0300] {dag.py:2915} INFO - Sync 1 DAGs
[2025-06-17T04:27:52.316+0300] {logging_mixin.py:151} INFO - [2025-06-17T04:27:52.316+0300] {dag.py:3696} INFO - Setting next_dagrun for example_dag_decorator to None, run_after=None
[2025-06-17T04:27:52.362+0300] {processor.py:179} INFO - Processing /home/qwerty/.local/lib/python3.10/site-packages/airflow/example_dags/example_dag_decorator.py took 0.328 seconds
[2025-06-17T04:29:09.169+0300] {processor.py:157} INFO - Started process (PID=20243) to work on /home/qwerty/.local/lib/python3.10/site-packages/airflow/example_dags/example_dag_decorator.py
[2025-06-17T04:29:09.173+0300] {processor.py:829} INFO - Processing file /home/qwerty/.local/lib/python3.10/site-packages/airflow/example_dags/example_dag_decorator.py for tasks to queue
[2025-06-17T04:29:09.175+0300] {logging_mixin.py:151} INFO - [2025-06-17T04:29:09.174+0300] {dagbag.py:539} INFO - Filling up the DagBag from /home/qwerty/.local/lib/python3.10/site-packages/airflow/example_dags/example_dag_decorator.py
[2025-06-17T04:29:09.239+0300] {processor.py:839} INFO - DAG(s) dict_keys(['example_dag_decorator']) retrieved from /home/qwerty/.local/lib/python3.10/site-packages/airflow/example_dags/example_dag_decorator.py
[2025-06-17T04:29:09.347+0300] {logging_mixin.py:151} INFO - [2025-06-17T04:29:09.347+0300] {security.py:708} INFO - Not syncing DAG-level permissions for DAG 'DAG:example_dag_decorator' as access control is unset.
[2025-06-17T04:29:09.348+0300] {logging_mixin.py:151} INFO - [2025-06-17T04:29:09.347+0300] {dag.py:2915} INFO - Sync 1 DAGs
[2025-06-17T04:29:09.361+0300] {logging_mixin.py:151} INFO - [2025-06-17T04:29:09.361+0300] {dag.py:3696} INFO - Setting next_dagrun for example_dag_decorator to None, run_after=None
[2025-06-17T04:29:09.408+0300] {processor.py:179} INFO - Processing /home/qwerty/.local/lib/python3.10/site-packages/airflow/example_dags/example_dag_decorator.py took 0.250 seconds
[2025-06-17T04:30:10.902+0300] {processor.py:157} INFO - Started process (PID=20307) to work on /home/qwerty/.local/lib/python3.10/site-packages/airflow/example_dags/example_dag_decorator.py
[2025-06-17T04:30:10.905+0300] {processor.py:829} INFO - Processing file /home/qwerty/.local/lib/python3.10/site-packages/airflow/example_dags/example_dag_decorator.py for tasks to queue
[2025-06-17T04:30:10.907+0300] {logging_mixin.py:151} INFO - [2025-06-17T04:30:10.906+0300] {dagbag.py:539} INFO - Filling up the DagBag from /home/qwerty/.local/lib/python3.10/site-packages/airflow/example_dags/example_dag_decorator.py
[2025-06-17T04:30:10.961+0300] {processor.py:839} INFO - DAG(s) dict_keys(['example_dag_decorator']) retrieved from /home/qwerty/.local/lib/python3.10/site-packages/airflow/example_dags/example_dag_decorator.py
[2025-06-17T04:30:11.082+0300] {logging_mixin.py:151} INFO - [2025-06-17T04:30:11.081+0300] {security.py:708} INFO - Not syncing DAG-level permissions for DAG 'DAG:example_dag_decorator' as access control is unset.
[2025-06-17T04:30:11.082+0300] {logging_mixin.py:151} INFO - [2025-06-17T04:30:11.082+0300] {dag.py:2915} INFO - Sync 1 DAGs
[2025-06-17T04:30:11.094+0300] {logging_mixin.py:151} INFO - [2025-06-17T04:30:11.094+0300] {dag.py:3696} INFO - Setting next_dagrun for example_dag_decorator to None, run_after=None
[2025-06-17T04:30:11.132+0300] {processor.py:179} INFO - Processing /home/qwerty/.local/lib/python3.10/site-packages/airflow/example_dags/example_dag_decorator.py took 0.241 seconds
[2025-06-17T04:31:07.343+0300] {processor.py:157} INFO - Started process (PID=20368) to work on /home/qwerty/.local/lib/python3.10/site-packages/airflow/example_dags/example_dag_decorator.py
[2025-06-17T04:31:07.346+0300] {processor.py:829} INFO - Processing file /home/qwerty/.local/lib/python3.10/site-packages/airflow/example_dags/example_dag_decorator.py for tasks to queue
[2025-06-17T04:31:07.347+0300] {logging_mixin.py:151} INFO - [2025-06-17T04:31:07.347+0300] {dagbag.py:539} INFO - Filling up the DagBag from /home/qwerty/.local/lib/python3.10/site-packages/airflow/example_dags/example_dag_decorator.py
[2025-06-17T04:31:07.417+0300] {processor.py:839} INFO - DAG(s) dict_keys(['example_dag_decorator']) retrieved from /home/qwerty/.local/lib/python3.10/site-packages/airflow/example_dags/example_dag_decorator.py
[2025-06-17T04:31:07.584+0300] {logging_mixin.py:151} INFO - [2025-06-17T04:31:07.584+0300] {security.py:708} INFO - Not syncing DAG-level permissions for DAG 'DAG:example_dag_decorator' as access control is unset.
[2025-06-17T04:31:07.584+0300] {logging_mixin.py:151} INFO - [2025-06-17T04:31:07.584+0300] {dag.py:2915} INFO - Sync 1 DAGs
[2025-06-17T04:31:07.602+0300] {logging_mixin.py:151} INFO - [2025-06-17T04:31:07.601+0300] {dag.py:3696} INFO - Setting next_dagrun for example_dag_decorator to None, run_after=None
[2025-06-17T04:31:07.639+0300] {processor.py:179} INFO - Processing /home/qwerty/.local/lib/python3.10/site-packages/airflow/example_dags/example_dag_decorator.py took 0.305 seconds
