[2025-06-17T04:07:23.406+0300] {processor.py:157} INFO - Started process (PID=18654) to work on /home/qwerty/.local/lib/python3.10/site-packages/airflow/example_dags/example_branch_labels.py
[2025-06-17T04:07:23.409+0300] {processor.py:829} INFO - Processing file /home/qwerty/.local/lib/python3.10/site-packages/airflow/example_dags/example_branch_labels.py for tasks to queue
[2025-06-17T04:07:23.411+0300] {logging_mixin.py:151} INFO - [2025-06-17T04:07:23.410+0300] {dagbag.py:539} INFO - Filling up the DagBag from /home/qwerty/.local/lib/python3.10/site-packages/airflow/example_dags/example_branch_labels.py
[2025-06-17T04:07:23.440+0300] {processor.py:839} INFO - DAG(s) dict_keys(['example_branch_labels']) retrieved from /home/qwerty/.local/lib/python3.10/site-packages/airflow/example_dags/example_branch_labels.py
[2025-06-17T04:07:23.490+0300] {logging_mixin.py:151} INFO - [2025-06-17T04:07:23.490+0300] {dag.py:2915} INFO - Sync 1 DAGs
[2025-06-17T04:07:23.552+0300] {logging_mixin.py:151} INFO - [2025-06-17T04:07:23.552+0300] {dag.py:3696} INFO - Setting next_dagrun for example_branch_labels to 2025-06-16T00:00:00+00:00, run_after=2025-06-17T00:00:00+00:00
[2025-06-17T04:07:23.619+0300] {processor.py:179} INFO - Processing /home/qwerty/.local/lib/python3.10/site-packages/airflow/example_dags/example_branch_labels.py took 0.225 seconds
[2025-06-17T04:08:22.083+0300] {processor.py:157} INFO - Started process (PID=18738) to work on /home/qwerty/.local/lib/python3.10/site-packages/airflow/example_dags/example_branch_labels.py
[2025-06-17T04:08:22.089+0300] {processor.py:829} INFO - Processing file /home/qwerty/.local/lib/python3.10/site-packages/airflow/example_dags/example_branch_labels.py for tasks to queue
[2025-06-17T04:08:22.091+0300] {logging_mixin.py:151} INFO - [2025-06-17T04:08:22.090+0300] {dagbag.py:539} INFO - Filling up the DagBag from /home/qwerty/.local/lib/python3.10/site-packages/airflow/example_dags/example_branch_labels.py
[2025-06-17T04:08:22.118+0300] {processor.py:839} INFO - DAG(s) dict_keys(['example_branch_labels']) retrieved from /home/qwerty/.local/lib/python3.10/site-packages/airflow/example_dags/example_branch_labels.py
[2025-06-17T04:08:22.150+0300] {logging_mixin.py:151} INFO - [2025-06-17T04:08:22.150+0300] {dag.py:2915} INFO - Sync 1 DAGs
[2025-06-17T04:08:22.192+0300] {logging_mixin.py:151} INFO - [2025-06-17T04:08:22.192+0300] {dag.py:3696} INFO - Setting next_dagrun for example_branch_labels to 2025-06-16T00:00:00+00:00, run_after=2025-06-17T00:00:00+00:00
[2025-06-17T04:08:22.239+0300] {processor.py:179} INFO - Processing /home/qwerty/.local/lib/python3.10/site-packages/airflow/example_dags/example_branch_labels.py took 0.164 seconds
[2025-06-17T04:09:18.762+0300] {processor.py:157} INFO - Started process (PID=18809) to work on /home/qwerty/.local/lib/python3.10/site-packages/airflow/example_dags/example_branch_labels.py
[2025-06-17T04:09:18.767+0300] {processor.py:829} INFO - Processing file /home/qwerty/.local/lib/python3.10/site-packages/airflow/example_dags/example_branch_labels.py for tasks to queue
[2025-06-17T04:09:18.770+0300] {logging_mixin.py:151} INFO - [2025-06-17T04:09:18.768+0300] {dagbag.py:539} INFO - Filling up the DagBag from /home/qwerty/.local/lib/python3.10/site-packages/airflow/example_dags/example_branch_labels.py
[2025-06-17T04:09:18.788+0300] {processor.py:839} INFO - DAG(s) dict_keys(['example_branch_labels']) retrieved from /home/qwerty/.local/lib/python3.10/site-packages/airflow/example_dags/example_branch_labels.py
[2025-06-17T04:09:18.815+0300] {logging_mixin.py:151} INFO - [2025-06-17T04:09:18.814+0300] {dag.py:2915} INFO - Sync 1 DAGs
[2025-06-17T04:09:18.850+0300] {logging_mixin.py:151} INFO - [2025-06-17T04:09:18.849+0300] {dag.py:3696} INFO - Setting next_dagrun for example_branch_labels to 2025-06-16T00:00:00+00:00, run_after=2025-06-17T00:00:00+00:00
[2025-06-17T04:09:18.898+0300] {processor.py:179} INFO - Processing /home/qwerty/.local/lib/python3.10/site-packages/airflow/example_dags/example_branch_labels.py took 0.148 seconds
[2025-06-17T04:10:15.317+0300] {processor.py:157} INFO - Started process (PID=18862) to work on /home/qwerty/.local/lib/python3.10/site-packages/airflow/example_dags/example_branch_labels.py
[2025-06-17T04:10:15.319+0300] {processor.py:829} INFO - Processing file /home/qwerty/.local/lib/python3.10/site-packages/airflow/example_dags/example_branch_labels.py for tasks to queue
[2025-06-17T04:10:15.321+0300] {logging_mixin.py:151} INFO - [2025-06-17T04:10:15.321+0300] {dagbag.py:539} INFO - Filling up the DagBag from /home/qwerty/.local/lib/python3.10/site-packages/airflow/example_dags/example_branch_labels.py
[2025-06-17T04:10:15.344+0300] {processor.py:839} INFO - DAG(s) dict_keys(['example_branch_labels']) retrieved from /home/qwerty/.local/lib/python3.10/site-packages/airflow/example_dags/example_branch_labels.py
[2025-06-17T04:10:15.383+0300] {logging_mixin.py:151} INFO - [2025-06-17T04:10:15.383+0300] {dag.py:2915} INFO - Sync 1 DAGs
[2025-06-17T04:10:15.429+0300] {logging_mixin.py:151} INFO - [2025-06-17T04:10:15.429+0300] {dag.py:3696} INFO - Setting next_dagrun for example_branch_labels to 2025-06-16T00:00:00+00:00, run_after=2025-06-17T00:00:00+00:00
[2025-06-17T04:10:15.481+0300] {processor.py:179} INFO - Processing /home/qwerty/.local/lib/python3.10/site-packages/airflow/example_dags/example_branch_labels.py took 0.178 seconds
[2025-06-17T04:11:12.856+0300] {processor.py:157} INFO - Started process (PID=18913) to work on /home/qwerty/.local/lib/python3.10/site-packages/airflow/example_dags/example_branch_labels.py
[2025-06-17T04:11:12.858+0300] {processor.py:829} INFO - Processing file /home/qwerty/.local/lib/python3.10/site-packages/airflow/example_dags/example_branch_labels.py for tasks to queue
[2025-06-17T04:11:12.861+0300] {logging_mixin.py:151} INFO - [2025-06-17T04:11:12.860+0300] {dagbag.py:539} INFO - Filling up the DagBag from /home/qwerty/.local/lib/python3.10/site-packages/airflow/example_dags/example_branch_labels.py
[2025-06-17T04:11:12.877+0300] {processor.py:839} INFO - DAG(s) dict_keys(['example_branch_labels']) retrieved from /home/qwerty/.local/lib/python3.10/site-packages/airflow/example_dags/example_branch_labels.py
[2025-06-17T04:11:12.918+0300] {logging_mixin.py:151} INFO - [2025-06-17T04:11:12.918+0300] {dag.py:2915} INFO - Sync 1 DAGs
[2025-06-17T04:11:12.955+0300] {logging_mixin.py:151} INFO - [2025-06-17T04:11:12.955+0300] {dag.py:3696} INFO - Setting next_dagrun for example_branch_labels to 2025-06-16T00:00:00+00:00, run_after=2025-06-17T00:00:00+00:00
[2025-06-17T04:11:12.990+0300] {processor.py:179} INFO - Processing /home/qwerty/.local/lib/python3.10/site-packages/airflow/example_dags/example_branch_labels.py took 0.139 seconds
[2025-06-17T04:12:09.478+0300] {processor.py:157} INFO - Started process (PID=18978) to work on /home/qwerty/.local/lib/python3.10/site-packages/airflow/example_dags/example_branch_labels.py
[2025-06-17T04:12:09.480+0300] {processor.py:829} INFO - Processing file /home/qwerty/.local/lib/python3.10/site-packages/airflow/example_dags/example_branch_labels.py for tasks to queue
[2025-06-17T04:12:09.481+0300] {logging_mixin.py:151} INFO - [2025-06-17T04:12:09.481+0300] {dagbag.py:539} INFO - Filling up the DagBag from /home/qwerty/.local/lib/python3.10/site-packages/airflow/example_dags/example_branch_labels.py
[2025-06-17T04:12:09.494+0300] {processor.py:839} INFO - DAG(s) dict_keys(['example_branch_labels']) retrieved from /home/qwerty/.local/lib/python3.10/site-packages/airflow/example_dags/example_branch_labels.py
[2025-06-17T04:12:09.526+0300] {logging_mixin.py:151} INFO - [2025-06-17T04:12:09.526+0300] {dag.py:2915} INFO - Sync 1 DAGs
[2025-06-17T04:12:09.576+0300] {logging_mixin.py:151} INFO - [2025-06-17T04:12:09.575+0300] {dag.py:3696} INFO - Setting next_dagrun for example_branch_labels to 2025-06-16T00:00:00+00:00, run_after=2025-06-17T00:00:00+00:00
[2025-06-17T04:12:09.633+0300] {processor.py:179} INFO - Processing /home/qwerty/.local/lib/python3.10/site-packages/airflow/example_dags/example_branch_labels.py took 0.161 seconds
[2025-06-17T04:13:09.016+0300] {processor.py:157} INFO - Started process (PID=19061) to work on /home/qwerty/.local/lib/python3.10/site-packages/airflow/example_dags/example_branch_labels.py
[2025-06-17T04:13:09.019+0300] {processor.py:829} INFO - Processing file /home/qwerty/.local/lib/python3.10/site-packages/airflow/example_dags/example_branch_labels.py for tasks to queue
[2025-06-17T04:13:09.020+0300] {logging_mixin.py:151} INFO - [2025-06-17T04:13:09.019+0300] {dagbag.py:539} INFO - Filling up the DagBag from /home/qwerty/.local/lib/python3.10/site-packages/airflow/example_dags/example_branch_labels.py
[2025-06-17T04:13:09.030+0300] {processor.py:839} INFO - DAG(s) dict_keys(['example_branch_labels']) retrieved from /home/qwerty/.local/lib/python3.10/site-packages/airflow/example_dags/example_branch_labels.py
[2025-06-17T04:13:09.050+0300] {logging_mixin.py:151} INFO - [2025-06-17T04:13:09.050+0300] {dag.py:2915} INFO - Sync 1 DAGs
[2025-06-17T04:13:09.075+0300] {logging_mixin.py:151} INFO - [2025-06-17T04:13:09.075+0300] {dag.py:3696} INFO - Setting next_dagrun for example_branch_labels to 2025-06-16T00:00:00+00:00, run_after=2025-06-17T00:00:00+00:00
[2025-06-17T04:13:09.102+0300] {processor.py:179} INFO - Processing /home/qwerty/.local/lib/python3.10/site-packages/airflow/example_dags/example_branch_labels.py took 0.096 seconds
[2025-06-17T04:14:05.155+0300] {processor.py:157} INFO - Started process (PID=19110) to work on /home/qwerty/.local/lib/python3.10/site-packages/airflow/example_dags/example_branch_labels.py
[2025-06-17T04:14:05.158+0300] {processor.py:829} INFO - Processing file /home/qwerty/.local/lib/python3.10/site-packages/airflow/example_dags/example_branch_labels.py for tasks to queue
[2025-06-17T04:14:05.161+0300] {logging_mixin.py:151} INFO - [2025-06-17T04:14:05.160+0300] {dagbag.py:539} INFO - Filling up the DagBag from /home/qwerty/.local/lib/python3.10/site-packages/airflow/example_dags/example_branch_labels.py
[2025-06-17T04:14:05.181+0300] {processor.py:839} INFO - DAG(s) dict_keys(['example_branch_labels']) retrieved from /home/qwerty/.local/lib/python3.10/site-packages/airflow/example_dags/example_branch_labels.py
[2025-06-17T04:14:05.202+0300] {logging_mixin.py:151} INFO - [2025-06-17T04:14:05.202+0300] {dag.py:2915} INFO - Sync 1 DAGs
[2025-06-17T04:14:05.227+0300] {logging_mixin.py:151} INFO - [2025-06-17T04:14:05.227+0300] {dag.py:3696} INFO - Setting next_dagrun for example_branch_labels to 2025-06-16T00:00:00+00:00, run_after=2025-06-17T00:00:00+00:00
[2025-06-17T04:14:05.253+0300] {processor.py:179} INFO - Processing /home/qwerty/.local/lib/python3.10/site-packages/airflow/example_dags/example_branch_labels.py took 0.109 seconds
[2025-06-17T04:15:07.209+0300] {processor.py:157} INFO - Started process (PID=19172) to work on /home/qwerty/.local/lib/python3.10/site-packages/airflow/example_dags/example_branch_labels.py
[2025-06-17T04:15:07.211+0300] {processor.py:829} INFO - Processing file /home/qwerty/.local/lib/python3.10/site-packages/airflow/example_dags/example_branch_labels.py for tasks to queue
[2025-06-17T04:15:07.213+0300] {logging_mixin.py:151} INFO - [2025-06-17T04:15:07.212+0300] {dagbag.py:539} INFO - Filling up the DagBag from /home/qwerty/.local/lib/python3.10/site-packages/airflow/example_dags/example_branch_labels.py
[2025-06-17T04:15:07.229+0300] {processor.py:839} INFO - DAG(s) dict_keys(['example_branch_labels']) retrieved from /home/qwerty/.local/lib/python3.10/site-packages/airflow/example_dags/example_branch_labels.py
[2025-06-17T04:15:07.263+0300] {logging_mixin.py:151} INFO - [2025-06-17T04:15:07.263+0300] {dag.py:2915} INFO - Sync 1 DAGs
[2025-06-17T04:15:07.303+0300] {logging_mixin.py:151} INFO - [2025-06-17T04:15:07.302+0300] {dag.py:3696} INFO - Setting next_dagrun for example_branch_labels to 2025-06-16T00:00:00+00:00, run_after=2025-06-17T00:00:00+00:00
[2025-06-17T04:15:07.345+0300] {processor.py:179} INFO - Processing /home/qwerty/.local/lib/python3.10/site-packages/airflow/example_dags/example_branch_labels.py took 0.143 seconds
[2025-06-17T04:16:07.330+0300] {processor.py:157} INFO - Started process (PID=19223) to work on /home/qwerty/.local/lib/python3.10/site-packages/airflow/example_dags/example_branch_labels.py
[2025-06-17T04:16:07.332+0300] {processor.py:829} INFO - Processing file /home/qwerty/.local/lib/python3.10/site-packages/airflow/example_dags/example_branch_labels.py for tasks to queue
[2025-06-17T04:16:07.334+0300] {logging_mixin.py:151} INFO - [2025-06-17T04:16:07.333+0300] {dagbag.py:539} INFO - Filling up the DagBag from /home/qwerty/.local/lib/python3.10/site-packages/airflow/example_dags/example_branch_labels.py
[2025-06-17T04:16:07.353+0300] {processor.py:839} INFO - DAG(s) dict_keys(['example_branch_labels']) retrieved from /home/qwerty/.local/lib/python3.10/site-packages/airflow/example_dags/example_branch_labels.py
[2025-06-17T04:16:07.384+0300] {logging_mixin.py:151} INFO - [2025-06-17T04:16:07.384+0300] {dag.py:2915} INFO - Sync 1 DAGs
[2025-06-17T04:16:07.424+0300] {logging_mixin.py:151} INFO - [2025-06-17T04:16:07.423+0300] {dag.py:3696} INFO - Setting next_dagrun for example_branch_labels to 2025-06-16T00:00:00+00:00, run_after=2025-06-17T00:00:00+00:00
[2025-06-17T04:16:07.461+0300] {processor.py:179} INFO - Processing /home/qwerty/.local/lib/python3.10/site-packages/airflow/example_dags/example_branch_labels.py took 0.137 seconds
[2025-06-17T04:17:02.838+0300] {processor.py:157} INFO - Started process (PID=19311) to work on /home/qwerty/.local/lib/python3.10/site-packages/airflow/example_dags/example_branch_labels.py
[2025-06-17T04:17:02.841+0300] {processor.py:829} INFO - Processing file /home/qwerty/.local/lib/python3.10/site-packages/airflow/example_dags/example_branch_labels.py for tasks to queue
[2025-06-17T04:17:02.842+0300] {logging_mixin.py:151} INFO - [2025-06-17T04:17:02.842+0300] {dagbag.py:539} INFO - Filling up the DagBag from /home/qwerty/.local/lib/python3.10/site-packages/airflow/example_dags/example_branch_labels.py
[2025-06-17T04:17:02.853+0300] {processor.py:839} INFO - DAG(s) dict_keys(['example_branch_labels']) retrieved from /home/qwerty/.local/lib/python3.10/site-packages/airflow/example_dags/example_branch_labels.py
[2025-06-17T04:17:02.874+0300] {logging_mixin.py:151} INFO - [2025-06-17T04:17:02.874+0300] {dag.py:2915} INFO - Sync 1 DAGs
[2025-06-17T04:17:02.899+0300] {logging_mixin.py:151} INFO - [2025-06-17T04:17:02.898+0300] {dag.py:3696} INFO - Setting next_dagrun for example_branch_labels to 2025-06-16T00:00:00+00:00, run_after=2025-06-17T00:00:00+00:00
[2025-06-17T04:17:02.923+0300] {processor.py:179} INFO - Processing /home/qwerty/.local/lib/python3.10/site-packages/airflow/example_dags/example_branch_labels.py took 0.096 seconds
[2025-06-17T04:17:54.783+0300] {processor.py:157} INFO - Started process (PID=19367) to work on /home/qwerty/.local/lib/python3.10/site-packages/airflow/example_dags/example_branch_labels.py
[2025-06-17T04:17:54.790+0300] {processor.py:829} INFO - Processing file /home/qwerty/.local/lib/python3.10/site-packages/airflow/example_dags/example_branch_labels.py for tasks to queue
[2025-06-17T04:17:54.791+0300] {logging_mixin.py:151} INFO - [2025-06-17T04:17:54.791+0300] {dagbag.py:539} INFO - Filling up the DagBag from /home/qwerty/.local/lib/python3.10/site-packages/airflow/example_dags/example_branch_labels.py
[2025-06-17T04:17:54.810+0300] {processor.py:839} INFO - DAG(s) dict_keys(['example_branch_labels']) retrieved from /home/qwerty/.local/lib/python3.10/site-packages/airflow/example_dags/example_branch_labels.py
[2025-06-17T04:17:54.845+0300] {logging_mixin.py:151} INFO - [2025-06-17T04:17:54.845+0300] {dag.py:2915} INFO - Sync 1 DAGs
[2025-06-17T04:17:54.909+0300] {logging_mixin.py:151} INFO - [2025-06-17T04:17:54.909+0300] {dag.py:3696} INFO - Setting next_dagrun for example_branch_labels to 2025-06-16T00:00:00+00:00, run_after=2025-06-17T00:00:00+00:00
[2025-06-17T04:17:54.962+0300] {processor.py:179} INFO - Processing /home/qwerty/.local/lib/python3.10/site-packages/airflow/example_dags/example_branch_labels.py took 0.187 seconds
[2025-06-17T04:18:53.630+0300] {processor.py:157} INFO - Started process (PID=19425) to work on /home/qwerty/.local/lib/python3.10/site-packages/airflow/example_dags/example_branch_labels.py
[2025-06-17T04:18:53.632+0300] {processor.py:829} INFO - Processing file /home/qwerty/.local/lib/python3.10/site-packages/airflow/example_dags/example_branch_labels.py for tasks to queue
[2025-06-17T04:18:53.633+0300] {logging_mixin.py:151} INFO - [2025-06-17T04:18:53.632+0300] {dagbag.py:539} INFO - Filling up the DagBag from /home/qwerty/.local/lib/python3.10/site-packages/airflow/example_dags/example_branch_labels.py
[2025-06-17T04:18:53.642+0300] {processor.py:839} INFO - DAG(s) dict_keys(['example_branch_labels']) retrieved from /home/qwerty/.local/lib/python3.10/site-packages/airflow/example_dags/example_branch_labels.py
[2025-06-17T04:18:53.663+0300] {logging_mixin.py:151} INFO - [2025-06-17T04:18:53.663+0300] {dag.py:2915} INFO - Sync 1 DAGs
[2025-06-17T04:18:53.687+0300] {logging_mixin.py:151} INFO - [2025-06-17T04:18:53.686+0300] {dag.py:3696} INFO - Setting next_dagrun for example_branch_labels to 2025-06-16T00:00:00+00:00, run_after=2025-06-17T00:00:00+00:00
[2025-06-17T04:18:53.726+0300] {processor.py:179} INFO - Processing /home/qwerty/.local/lib/python3.10/site-packages/airflow/example_dags/example_branch_labels.py took 0.104 seconds
[2025-06-17T04:19:49.519+0300] {processor.py:157} INFO - Started process (PID=19535) to work on /home/qwerty/.local/lib/python3.10/site-packages/airflow/example_dags/example_branch_labels.py
[2025-06-17T04:19:49.520+0300] {processor.py:829} INFO - Processing file /home/qwerty/.local/lib/python3.10/site-packages/airflow/example_dags/example_branch_labels.py for tasks to queue
[2025-06-17T04:19:49.522+0300] {logging_mixin.py:151} INFO - [2025-06-17T04:19:49.521+0300] {dagbag.py:539} INFO - Filling up the DagBag from /home/qwerty/.local/lib/python3.10/site-packages/airflow/example_dags/example_branch_labels.py
[2025-06-17T04:19:49.534+0300] {processor.py:839} INFO - DAG(s) dict_keys(['example_branch_labels']) retrieved from /home/qwerty/.local/lib/python3.10/site-packages/airflow/example_dags/example_branch_labels.py
[2025-06-17T04:19:49.559+0300] {logging_mixin.py:151} INFO - [2025-06-17T04:19:49.559+0300] {dag.py:2915} INFO - Sync 1 DAGs
[2025-06-17T04:19:49.590+0300] {logging_mixin.py:151} INFO - [2025-06-17T04:19:49.589+0300] {dag.py:3696} INFO - Setting next_dagrun for example_branch_labels to 2025-06-16T00:00:00+00:00, run_after=2025-06-17T00:00:00+00:00
[2025-06-17T04:19:49.622+0300] {processor.py:179} INFO - Processing /home/qwerty/.local/lib/python3.10/site-packages/airflow/example_dags/example_branch_labels.py took 0.109 seconds
[2025-06-17T04:20:40.777+0300] {processor.py:157} INFO - Started process (PID=19581) to work on /home/qwerty/.local/lib/python3.10/site-packages/airflow/example_dags/example_branch_labels.py
[2025-06-17T04:20:40.780+0300] {processor.py:829} INFO - Processing file /home/qwerty/.local/lib/python3.10/site-packages/airflow/example_dags/example_branch_labels.py for tasks to queue
[2025-06-17T04:20:40.784+0300] {logging_mixin.py:151} INFO - [2025-06-17T04:20:40.782+0300] {dagbag.py:539} INFO - Filling up the DagBag from /home/qwerty/.local/lib/python3.10/site-packages/airflow/example_dags/example_branch_labels.py
[2025-06-17T04:20:40.797+0300] {processor.py:839} INFO - DAG(s) dict_keys(['example_branch_labels']) retrieved from /home/qwerty/.local/lib/python3.10/site-packages/airflow/example_dags/example_branch_labels.py
[2025-06-17T04:20:40.824+0300] {logging_mixin.py:151} INFO - [2025-06-17T04:20:40.823+0300] {dag.py:2915} INFO - Sync 1 DAGs
[2025-06-17T04:20:40.855+0300] {logging_mixin.py:151} INFO - [2025-06-17T04:20:40.854+0300] {dag.py:3696} INFO - Setting next_dagrun for example_branch_labels to 2025-06-16T00:00:00+00:00, run_after=2025-06-17T00:00:00+00:00
[2025-06-17T04:20:40.899+0300] {processor.py:179} INFO - Processing /home/qwerty/.local/lib/python3.10/site-packages/airflow/example_dags/example_branch_labels.py took 0.131 seconds
[2025-06-17T04:21:35.921+0300] {processor.py:157} INFO - Started process (PID=19672) to work on /home/qwerty/.local/lib/python3.10/site-packages/airflow/example_dags/example_branch_labels.py
[2025-06-17T04:21:35.924+0300] {processor.py:829} INFO - Processing file /home/qwerty/.local/lib/python3.10/site-packages/airflow/example_dags/example_branch_labels.py for tasks to queue
[2025-06-17T04:21:35.927+0300] {logging_mixin.py:151} INFO - [2025-06-17T04:21:35.926+0300] {dagbag.py:539} INFO - Filling up the DagBag from /home/qwerty/.local/lib/python3.10/site-packages/airflow/example_dags/example_branch_labels.py
[2025-06-17T04:21:35.938+0300] {processor.py:839} INFO - DAG(s) dict_keys(['example_branch_labels']) retrieved from /home/qwerty/.local/lib/python3.10/site-packages/airflow/example_dags/example_branch_labels.py
[2025-06-17T04:21:35.959+0300] {logging_mixin.py:151} INFO - [2025-06-17T04:21:35.959+0300] {dag.py:2915} INFO - Sync 1 DAGs
[2025-06-17T04:21:35.983+0300] {logging_mixin.py:151} INFO - [2025-06-17T04:21:35.982+0300] {dag.py:3696} INFO - Setting next_dagrun for example_branch_labels to 2025-06-16T00:00:00+00:00, run_after=2025-06-17T00:00:00+00:00
[2025-06-17T04:21:36.021+0300] {processor.py:179} INFO - Processing /home/qwerty/.local/lib/python3.10/site-packages/airflow/example_dags/example_branch_labels.py took 0.110 seconds
[2025-06-17T04:22:34.192+0300] {processor.py:157} INFO - Started process (PID=19752) to work on /home/qwerty/.local/lib/python3.10/site-packages/airflow/example_dags/example_branch_labels.py
[2025-06-17T04:22:34.194+0300] {processor.py:829} INFO - Processing file /home/qwerty/.local/lib/python3.10/site-packages/airflow/example_dags/example_branch_labels.py for tasks to queue
[2025-06-17T04:22:34.195+0300] {logging_mixin.py:151} INFO - [2025-06-17T04:22:34.194+0300] {dagbag.py:539} INFO - Filling up the DagBag from /home/qwerty/.local/lib/python3.10/site-packages/airflow/example_dags/example_branch_labels.py
[2025-06-17T04:22:34.210+0300] {processor.py:839} INFO - DAG(s) dict_keys(['example_branch_labels']) retrieved from /home/qwerty/.local/lib/python3.10/site-packages/airflow/example_dags/example_branch_labels.py
[2025-06-17T04:22:34.233+0300] {logging_mixin.py:151} INFO - [2025-06-17T04:22:34.233+0300] {dag.py:2915} INFO - Sync 1 DAGs
[2025-06-17T04:22:34.260+0300] {logging_mixin.py:151} INFO - [2025-06-17T04:22:34.260+0300] {dag.py:3696} INFO - Setting next_dagrun for example_branch_labels to 2025-06-16T00:00:00+00:00, run_after=2025-06-17T00:00:00+00:00
[2025-06-17T04:22:34.308+0300] {processor.py:179} INFO - Processing /home/qwerty/.local/lib/python3.10/site-packages/airflow/example_dags/example_branch_labels.py took 0.124 seconds
[2025-06-17T04:23:31.369+0300] {processor.py:157} INFO - Started process (PID=19834) to work on /home/qwerty/.local/lib/python3.10/site-packages/airflow/example_dags/example_branch_labels.py
[2025-06-17T04:23:31.373+0300] {processor.py:829} INFO - Processing file /home/qwerty/.local/lib/python3.10/site-packages/airflow/example_dags/example_branch_labels.py for tasks to queue
[2025-06-17T04:23:31.374+0300] {logging_mixin.py:151} INFO - [2025-06-17T04:23:31.374+0300] {dagbag.py:539} INFO - Filling up the DagBag from /home/qwerty/.local/lib/python3.10/site-packages/airflow/example_dags/example_branch_labels.py
[2025-06-17T04:23:31.385+0300] {processor.py:839} INFO - DAG(s) dict_keys(['example_branch_labels']) retrieved from /home/qwerty/.local/lib/python3.10/site-packages/airflow/example_dags/example_branch_labels.py
[2025-06-17T04:23:31.406+0300] {logging_mixin.py:151} INFO - [2025-06-17T04:23:31.406+0300] {dag.py:2915} INFO - Sync 1 DAGs
[2025-06-17T04:23:31.431+0300] {logging_mixin.py:151} INFO - [2025-06-17T04:23:31.431+0300] {dag.py:3696} INFO - Setting next_dagrun for example_branch_labels to 2025-06-16T00:00:00+00:00, run_after=2025-06-17T00:00:00+00:00
[2025-06-17T04:23:31.460+0300] {processor.py:179} INFO - Processing /home/qwerty/.local/lib/python3.10/site-packages/airflow/example_dags/example_branch_labels.py took 0.102 seconds
[2025-06-17T04:24:40.254+0300] {processor.py:157} INFO - Started process (PID=19937) to work on /home/qwerty/.local/lib/python3.10/site-packages/airflow/example_dags/example_branch_labels.py
[2025-06-17T04:24:40.256+0300] {processor.py:829} INFO - Processing file /home/qwerty/.local/lib/python3.10/site-packages/airflow/example_dags/example_branch_labels.py for tasks to queue
[2025-06-17T04:24:40.258+0300] {logging_mixin.py:151} INFO - [2025-06-17T04:24:40.257+0300] {dagbag.py:539} INFO - Filling up the DagBag from /home/qwerty/.local/lib/python3.10/site-packages/airflow/example_dags/example_branch_labels.py
[2025-06-17T04:24:40.279+0300] {processor.py:839} INFO - DAG(s) dict_keys(['example_branch_labels']) retrieved from /home/qwerty/.local/lib/python3.10/site-packages/airflow/example_dags/example_branch_labels.py
[2025-06-17T04:24:40.323+0300] {logging_mixin.py:151} INFO - [2025-06-17T04:24:40.322+0300] {dag.py:2915} INFO - Sync 1 DAGs
[2025-06-17T04:24:40.376+0300] {logging_mixin.py:151} INFO - [2025-06-17T04:24:40.375+0300] {dag.py:3696} INFO - Setting next_dagrun for example_branch_labels to 2025-06-16T00:00:00+00:00, run_after=2025-06-17T00:00:00+00:00
[2025-06-17T04:24:40.434+0300] {processor.py:179} INFO - Processing /home/qwerty/.local/lib/python3.10/site-packages/airflow/example_dags/example_branch_labels.py took 0.194 seconds
[2025-06-17T04:26:04.010+0300] {processor.py:157} INFO - Started process (PID=20029) to work on /home/qwerty/.local/lib/python3.10/site-packages/airflow/example_dags/example_branch_labels.py
[2025-06-17T04:26:04.013+0300] {processor.py:829} INFO - Processing file /home/qwerty/.local/lib/python3.10/site-packages/airflow/example_dags/example_branch_labels.py for tasks to queue
[2025-06-17T04:26:04.015+0300] {logging_mixin.py:151} INFO - [2025-06-17T04:26:04.014+0300] {dagbag.py:539} INFO - Filling up the DagBag from /home/qwerty/.local/lib/python3.10/site-packages/airflow/example_dags/example_branch_labels.py
[2025-06-17T04:26:04.038+0300] {processor.py:839} INFO - DAG(s) dict_keys(['example_branch_labels']) retrieved from /home/qwerty/.local/lib/python3.10/site-packages/airflow/example_dags/example_branch_labels.py
[2025-06-17T04:26:04.090+0300] {logging_mixin.py:151} INFO - [2025-06-17T04:26:04.089+0300] {dag.py:2915} INFO - Sync 1 DAGs
[2025-06-17T04:26:04.155+0300] {logging_mixin.py:151} INFO - [2025-06-17T04:26:04.155+0300] {dag.py:3696} INFO - Setting next_dagrun for example_branch_labels to 2025-06-16T00:00:00+00:00, run_after=2025-06-17T00:00:00+00:00
[2025-06-17T04:26:04.203+0300] {processor.py:179} INFO - Processing /home/qwerty/.local/lib/python3.10/site-packages/airflow/example_dags/example_branch_labels.py took 0.202 seconds
[2025-06-17T04:26:57.403+0300] {processor.py:157} INFO - Started process (PID=20080) to work on /home/qwerty/.local/lib/python3.10/site-packages/airflow/example_dags/example_branch_labels.py
[2025-06-17T04:26:57.404+0300] {processor.py:829} INFO - Processing file /home/qwerty/.local/lib/python3.10/site-packages/airflow/example_dags/example_branch_labels.py for tasks to queue
[2025-06-17T04:26:57.406+0300] {logging_mixin.py:151} INFO - [2025-06-17T04:26:57.405+0300] {dagbag.py:539} INFO - Filling up the DagBag from /home/qwerty/.local/lib/python3.10/site-packages/airflow/example_dags/example_branch_labels.py
[2025-06-17T04:26:57.419+0300] {processor.py:839} INFO - DAG(s) dict_keys(['example_branch_labels']) retrieved from /home/qwerty/.local/lib/python3.10/site-packages/airflow/example_dags/example_branch_labels.py
[2025-06-17T04:26:57.451+0300] {logging_mixin.py:151} INFO - [2025-06-17T04:26:57.450+0300] {dag.py:2915} INFO - Sync 1 DAGs
[2025-06-17T04:26:57.511+0300] {logging_mixin.py:151} INFO - [2025-06-17T04:26:57.511+0300] {dag.py:3696} INFO - Setting next_dagrun for example_branch_labels to 2025-06-16T00:00:00+00:00, run_after=2025-06-17T00:00:00+00:00
[2025-06-17T04:26:57.576+0300] {processor.py:179} INFO - Processing /home/qwerty/.local/lib/python3.10/site-packages/airflow/example_dags/example_branch_labels.py took 0.180 seconds
[2025-06-17T04:27:46.786+0300] {processor.py:157} INFO - Started process (PID=20129) to work on /home/qwerty/.local/lib/python3.10/site-packages/airflow/example_dags/example_branch_labels.py
[2025-06-17T04:27:46.790+0300] {processor.py:829} INFO - Processing file /home/qwerty/.local/lib/python3.10/site-packages/airflow/example_dags/example_branch_labels.py for tasks to queue
[2025-06-17T04:27:46.794+0300] {logging_mixin.py:151} INFO - [2025-06-17T04:27:46.792+0300] {dagbag.py:539} INFO - Filling up the DagBag from /home/qwerty/.local/lib/python3.10/site-packages/airflow/example_dags/example_branch_labels.py
[2025-06-17T04:27:46.820+0300] {processor.py:839} INFO - DAG(s) dict_keys(['example_branch_labels']) retrieved from /home/qwerty/.local/lib/python3.10/site-packages/airflow/example_dags/example_branch_labels.py
[2025-06-17T04:27:46.877+0300] {logging_mixin.py:151} INFO - [2025-06-17T04:27:46.877+0300] {dag.py:2915} INFO - Sync 1 DAGs
[2025-06-17T04:27:46.927+0300] {logging_mixin.py:151} INFO - [2025-06-17T04:27:46.926+0300] {dag.py:3696} INFO - Setting next_dagrun for example_branch_labels to 2025-06-16T00:00:00+00:00, run_after=2025-06-17T00:00:00+00:00
[2025-06-17T04:27:46.980+0300] {processor.py:179} INFO - Processing /home/qwerty/.local/lib/python3.10/site-packages/airflow/example_dags/example_branch_labels.py took 0.209 seconds
[2025-06-17T04:28:39.818+0300] {processor.py:157} INFO - Started process (PID=20210) to work on /home/qwerty/.local/lib/python3.10/site-packages/airflow/example_dags/example_branch_labels.py
[2025-06-17T04:28:39.820+0300] {processor.py:829} INFO - Processing file /home/qwerty/.local/lib/python3.10/site-packages/airflow/example_dags/example_branch_labels.py for tasks to queue
[2025-06-17T04:28:39.823+0300] {logging_mixin.py:151} INFO - [2025-06-17T04:28:39.822+0300] {dagbag.py:539} INFO - Filling up the DagBag from /home/qwerty/.local/lib/python3.10/site-packages/airflow/example_dags/example_branch_labels.py
[2025-06-17T04:28:39.837+0300] {processor.py:839} INFO - DAG(s) dict_keys(['example_branch_labels']) retrieved from /home/qwerty/.local/lib/python3.10/site-packages/airflow/example_dags/example_branch_labels.py
[2025-06-17T04:28:39.870+0300] {logging_mixin.py:151} INFO - [2025-06-17T04:28:39.870+0300] {dag.py:2915} INFO - Sync 1 DAGs
[2025-06-17T04:28:39.910+0300] {logging_mixin.py:151} INFO - [2025-06-17T04:28:39.910+0300] {dag.py:3696} INFO - Setting next_dagrun for example_branch_labels to 2025-06-16T00:00:00+00:00, run_after=2025-06-17T00:00:00+00:00
[2025-06-17T04:28:39.946+0300] {processor.py:179} INFO - Processing /home/qwerty/.local/lib/python3.10/site-packages/airflow/example_dags/example_branch_labels.py took 0.134 seconds
[2025-06-17T04:29:34.571+0300] {processor.py:157} INFO - Started process (PID=20271) to work on /home/qwerty/.local/lib/python3.10/site-packages/airflow/example_dags/example_branch_labels.py
[2025-06-17T04:29:34.573+0300] {processor.py:829} INFO - Processing file /home/qwerty/.local/lib/python3.10/site-packages/airflow/example_dags/example_branch_labels.py for tasks to queue
[2025-06-17T04:29:34.575+0300] {logging_mixin.py:151} INFO - [2025-06-17T04:29:34.574+0300] {dagbag.py:539} INFO - Filling up the DagBag from /home/qwerty/.local/lib/python3.10/site-packages/airflow/example_dags/example_branch_labels.py
[2025-06-17T04:29:34.587+0300] {processor.py:839} INFO - DAG(s) dict_keys(['example_branch_labels']) retrieved from /home/qwerty/.local/lib/python3.10/site-packages/airflow/example_dags/example_branch_labels.py
[2025-06-17T04:29:34.626+0300] {logging_mixin.py:151} INFO - [2025-06-17T04:29:34.626+0300] {dag.py:2915} INFO - Sync 1 DAGs
[2025-06-17T04:29:34.650+0300] {logging_mixin.py:151} INFO - [2025-06-17T04:29:34.650+0300] {dag.py:3696} INFO - Setting next_dagrun for example_branch_labels to 2025-06-16T00:00:00+00:00, run_after=2025-06-17T00:00:00+00:00
[2025-06-17T04:29:34.696+0300] {processor.py:179} INFO - Processing /home/qwerty/.local/lib/python3.10/site-packages/airflow/example_dags/example_branch_labels.py took 0.136 seconds
[2025-06-17T04:30:33.137+0300] {processor.py:157} INFO - Started process (PID=20331) to work on /home/qwerty/.local/lib/python3.10/site-packages/airflow/example_dags/example_branch_labels.py
[2025-06-17T04:30:33.140+0300] {processor.py:829} INFO - Processing file /home/qwerty/.local/lib/python3.10/site-packages/airflow/example_dags/example_branch_labels.py for tasks to queue
[2025-06-17T04:30:33.143+0300] {logging_mixin.py:151} INFO - [2025-06-17T04:30:33.142+0300] {dagbag.py:539} INFO - Filling up the DagBag from /home/qwerty/.local/lib/python3.10/site-packages/airflow/example_dags/example_branch_labels.py
[2025-06-17T04:30:33.154+0300] {processor.py:839} INFO - DAG(s) dict_keys(['example_branch_labels']) retrieved from /home/qwerty/.local/lib/python3.10/site-packages/airflow/example_dags/example_branch_labels.py
[2025-06-17T04:30:33.174+0300] {logging_mixin.py:151} INFO - [2025-06-17T04:30:33.174+0300] {dag.py:2915} INFO - Sync 1 DAGs
[2025-06-17T04:30:33.199+0300] {logging_mixin.py:151} INFO - [2025-06-17T04:30:33.198+0300] {dag.py:3696} INFO - Setting next_dagrun for example_branch_labels to 2025-06-16T00:00:00+00:00, run_after=2025-06-17T00:00:00+00:00
[2025-06-17T04:30:33.239+0300] {processor.py:179} INFO - Processing /home/qwerty/.local/lib/python3.10/site-packages/airflow/example_dags/example_branch_labels.py took 0.112 seconds
[2025-06-17T04:31:30.970+0300] {processor.py:157} INFO - Started process (PID=20389) to work on /home/qwerty/.local/lib/python3.10/site-packages/airflow/example_dags/example_branch_labels.py
[2025-06-17T04:31:30.972+0300] {processor.py:829} INFO - Processing file /home/qwerty/.local/lib/python3.10/site-packages/airflow/example_dags/example_branch_labels.py for tasks to queue
[2025-06-17T04:31:30.974+0300] {logging_mixin.py:151} INFO - [2025-06-17T04:31:30.973+0300] {dagbag.py:539} INFO - Filling up the DagBag from /home/qwerty/.local/lib/python3.10/site-packages/airflow/example_dags/example_branch_labels.py
[2025-06-17T04:31:30.989+0300] {processor.py:839} INFO - DAG(s) dict_keys(['example_branch_labels']) retrieved from /home/qwerty/.local/lib/python3.10/site-packages/airflow/example_dags/example_branch_labels.py
[2025-06-17T04:31:31.022+0300] {logging_mixin.py:151} INFO - [2025-06-17T04:31:31.022+0300] {dag.py:2915} INFO - Sync 1 DAGs
[2025-06-17T04:31:31.076+0300] {logging_mixin.py:151} INFO - [2025-06-17T04:31:31.075+0300] {dag.py:3696} INFO - Setting next_dagrun for example_branch_labels to 2025-06-16T00:00:00+00:00, run_after=2025-06-17T00:00:00+00:00
[2025-06-17T04:31:31.121+0300] {processor.py:179} INFO - Processing /home/qwerty/.local/lib/python3.10/site-packages/airflow/example_dags/example_branch_labels.py took 0.159 seconds
