[2025-06-17T04:07:52.370+0300] {processor.py:157} INFO - Started process (PID=18704) to work on /home/qwerty/.local/lib/python3.10/site-packages/airflow/example_dags/example_branch_operator_decorator.py
[2025-06-17T04:07:52.371+0300] {processor.py:829} INFO - Processing file /home/qwerty/.local/lib/python3.10/site-packages/airflow/example_dags/example_branch_operator_decorator.py for tasks to queue
[2025-06-17T04:07:52.372+0300] {logging_mixin.py:151} INFO - [2025-06-17T04:07:52.372+0300] {dagbag.py:539} INFO - Filling up the DagBag from /home/qwerty/.local/lib/python3.10/site-packages/airflow/example_dags/example_branch_operator_decorator.py
[2025-06-17T04:07:52.391+0300] {processor.py:839} INFO - DAG(s) dict_keys(['example_branch_python_operator_decorator']) retrieved from /home/qwerty/.local/lib/python3.10/site-packages/airflow/example_dags/example_branch_operator_decorator.py
[2025-06-17T04:07:52.423+0300] {logging_mixin.py:151} INFO - [2025-06-17T04:07:52.423+0300] {dag.py:2915} INFO - Sync 1 DAGs
[2025-06-17T04:07:52.467+0300] {logging_mixin.py:151} INFO - [2025-06-17T04:07:52.467+0300] {dag.py:3696} INFO - Setting next_dagrun for example_branch_python_operator_decorator to 2025-06-16T00:00:00+00:00, run_after=2025-06-17T00:00:00+00:00
[2025-06-17T04:07:52.521+0300] {processor.py:179} INFO - Processing /home/qwerty/.local/lib/python3.10/site-packages/airflow/example_dags/example_branch_operator_decorator.py took 0.162 seconds
[2025-06-17T04:08:48.349+0300] {processor.py:157} INFO - Started process (PID=18776) to work on /home/qwerty/.local/lib/python3.10/site-packages/airflow/example_dags/example_branch_operator_decorator.py
[2025-06-17T04:08:48.351+0300] {processor.py:829} INFO - Processing file /home/qwerty/.local/lib/python3.10/site-packages/airflow/example_dags/example_branch_operator_decorator.py for tasks to queue
[2025-06-17T04:08:48.352+0300] {logging_mixin.py:151} INFO - [2025-06-17T04:08:48.352+0300] {dagbag.py:539} INFO - Filling up the DagBag from /home/qwerty/.local/lib/python3.10/site-packages/airflow/example_dags/example_branch_operator_decorator.py
[2025-06-17T04:08:48.371+0300] {processor.py:839} INFO - DAG(s) dict_keys(['example_branch_python_operator_decorator']) retrieved from /home/qwerty/.local/lib/python3.10/site-packages/airflow/example_dags/example_branch_operator_decorator.py
[2025-06-17T04:08:48.402+0300] {logging_mixin.py:151} INFO - [2025-06-17T04:08:48.402+0300] {dag.py:2915} INFO - Sync 1 DAGs
[2025-06-17T04:08:48.440+0300] {logging_mixin.py:151} INFO - [2025-06-17T04:08:48.439+0300] {dag.py:3696} INFO - Setting next_dagrun for example_branch_python_operator_decorator to 2025-06-16T00:00:00+00:00, run_after=2025-06-17T00:00:00+00:00
[2025-06-17T04:08:48.484+0300] {processor.py:179} INFO - Processing /home/qwerty/.local/lib/python3.10/site-packages/airflow/example_dags/example_branch_operator_decorator.py took 0.148 seconds
[2025-06-17T04:09:44.731+0300] {processor.py:157} INFO - Started process (PID=18835) to work on /home/qwerty/.local/lib/python3.10/site-packages/airflow/example_dags/example_branch_operator_decorator.py
[2025-06-17T04:09:44.739+0300] {processor.py:829} INFO - Processing file /home/qwerty/.local/lib/python3.10/site-packages/airflow/example_dags/example_branch_operator_decorator.py for tasks to queue
[2025-06-17T04:09:44.744+0300] {logging_mixin.py:151} INFO - [2025-06-17T04:09:44.742+0300] {dagbag.py:539} INFO - Filling up the DagBag from /home/qwerty/.local/lib/python3.10/site-packages/airflow/example_dags/example_branch_operator_decorator.py
[2025-06-17T04:09:44.812+0300] {processor.py:839} INFO - DAG(s) dict_keys(['example_branch_python_operator_decorator']) retrieved from /home/qwerty/.local/lib/python3.10/site-packages/airflow/example_dags/example_branch_operator_decorator.py
[2025-06-17T04:09:44.904+0300] {logging_mixin.py:151} INFO - [2025-06-17T04:09:44.904+0300] {dag.py:2915} INFO - Sync 1 DAGs
[2025-06-17T04:09:45.010+0300] {logging_mixin.py:151} INFO - [2025-06-17T04:09:45.009+0300] {dag.py:3696} INFO - Setting next_dagrun for example_branch_python_operator_decorator to 2025-06-16T00:00:00+00:00, run_after=2025-06-17T00:00:00+00:00
[2025-06-17T04:09:45.108+0300] {processor.py:179} INFO - Processing /home/qwerty/.local/lib/python3.10/site-packages/airflow/example_dags/example_branch_operator_decorator.py took 0.394 seconds
[2025-06-17T04:10:44.092+0300] {processor.py:157} INFO - Started process (PID=18888) to work on /home/qwerty/.local/lib/python3.10/site-packages/airflow/example_dags/example_branch_operator_decorator.py
[2025-06-17T04:10:44.096+0300] {processor.py:829} INFO - Processing file /home/qwerty/.local/lib/python3.10/site-packages/airflow/example_dags/example_branch_operator_decorator.py for tasks to queue
[2025-06-17T04:10:44.101+0300] {logging_mixin.py:151} INFO - [2025-06-17T04:10:44.099+0300] {dagbag.py:539} INFO - Filling up the DagBag from /home/qwerty/.local/lib/python3.10/site-packages/airflow/example_dags/example_branch_operator_decorator.py
[2025-06-17T04:10:44.150+0300] {processor.py:839} INFO - DAG(s) dict_keys(['example_branch_python_operator_decorator']) retrieved from /home/qwerty/.local/lib/python3.10/site-packages/airflow/example_dags/example_branch_operator_decorator.py
[2025-06-17T04:10:44.236+0300] {logging_mixin.py:151} INFO - [2025-06-17T04:10:44.235+0300] {dag.py:2915} INFO - Sync 1 DAGs
[2025-06-17T04:10:44.323+0300] {logging_mixin.py:151} INFO - [2025-06-17T04:10:44.322+0300] {dag.py:3696} INFO - Setting next_dagrun for example_branch_python_operator_decorator to 2025-06-16T00:00:00+00:00, run_after=2025-06-17T00:00:00+00:00
[2025-06-17T04:10:44.407+0300] {processor.py:179} INFO - Processing /home/qwerty/.local/lib/python3.10/site-packages/airflow/example_dags/example_branch_operator_decorator.py took 0.328 seconds
[2025-06-17T04:11:39.448+0300] {processor.py:157} INFO - Started process (PID=18940) to work on /home/qwerty/.local/lib/python3.10/site-packages/airflow/example_dags/example_branch_operator_decorator.py
[2025-06-17T04:11:39.451+0300] {processor.py:829} INFO - Processing file /home/qwerty/.local/lib/python3.10/site-packages/airflow/example_dags/example_branch_operator_decorator.py for tasks to queue
[2025-06-17T04:11:39.453+0300] {logging_mixin.py:151} INFO - [2025-06-17T04:11:39.452+0300] {dagbag.py:539} INFO - Filling up the DagBag from /home/qwerty/.local/lib/python3.10/site-packages/airflow/example_dags/example_branch_operator_decorator.py
[2025-06-17T04:11:39.488+0300] {processor.py:839} INFO - DAG(s) dict_keys(['example_branch_python_operator_decorator']) retrieved from /home/qwerty/.local/lib/python3.10/site-packages/airflow/example_dags/example_branch_operator_decorator.py
[2025-06-17T04:11:39.542+0300] {logging_mixin.py:151} INFO - [2025-06-17T04:11:39.542+0300] {dag.py:2915} INFO - Sync 1 DAGs
[2025-06-17T04:11:39.601+0300] {logging_mixin.py:151} INFO - [2025-06-17T04:11:39.600+0300] {dag.py:3696} INFO - Setting next_dagrun for example_branch_python_operator_decorator to 2025-06-16T00:00:00+00:00, run_after=2025-06-17T00:00:00+00:00
[2025-06-17T04:11:39.666+0300] {processor.py:179} INFO - Processing /home/qwerty/.local/lib/python3.10/site-packages/airflow/example_dags/example_branch_operator_decorator.py took 0.227 seconds
[2025-06-17T04:12:45.436+0300] {processor.py:157} INFO - Started process (PID=19038) to work on /home/qwerty/.local/lib/python3.10/site-packages/airflow/example_dags/example_branch_operator_decorator.py
[2025-06-17T04:12:45.439+0300] {processor.py:829} INFO - Processing file /home/qwerty/.local/lib/python3.10/site-packages/airflow/example_dags/example_branch_operator_decorator.py for tasks to queue
[2025-06-17T04:12:45.442+0300] {logging_mixin.py:151} INFO - [2025-06-17T04:12:45.441+0300] {dagbag.py:539} INFO - Filling up the DagBag from /home/qwerty/.local/lib/python3.10/site-packages/airflow/example_dags/example_branch_operator_decorator.py
[2025-06-17T04:12:45.482+0300] {processor.py:839} INFO - DAG(s) dict_keys(['example_branch_python_operator_decorator']) retrieved from /home/qwerty/.local/lib/python3.10/site-packages/airflow/example_dags/example_branch_operator_decorator.py
[2025-06-17T04:12:45.540+0300] {logging_mixin.py:151} INFO - [2025-06-17T04:12:45.539+0300] {dag.py:2915} INFO - Sync 1 DAGs
[2025-06-17T04:12:45.595+0300] {logging_mixin.py:151} INFO - [2025-06-17T04:12:45.594+0300] {dag.py:3696} INFO - Setting next_dagrun for example_branch_python_operator_decorator to 2025-06-16T00:00:00+00:00, run_after=2025-06-17T00:00:00+00:00
[2025-06-17T04:12:45.651+0300] {processor.py:179} INFO - Processing /home/qwerty/.local/lib/python3.10/site-packages/airflow/example_dags/example_branch_operator_decorator.py took 0.226 seconds
[2025-06-17T04:13:40.197+0300] {processor.py:157} INFO - Started process (PID=19089) to work on /home/qwerty/.local/lib/python3.10/site-packages/airflow/example_dags/example_branch_operator_decorator.py
[2025-06-17T04:13:40.198+0300] {processor.py:829} INFO - Processing file /home/qwerty/.local/lib/python3.10/site-packages/airflow/example_dags/example_branch_operator_decorator.py for tasks to queue
[2025-06-17T04:13:40.200+0300] {logging_mixin.py:151} INFO - [2025-06-17T04:13:40.199+0300] {dagbag.py:539} INFO - Filling up the DagBag from /home/qwerty/.local/lib/python3.10/site-packages/airflow/example_dags/example_branch_operator_decorator.py
[2025-06-17T04:13:40.225+0300] {processor.py:839} INFO - DAG(s) dict_keys(['example_branch_python_operator_decorator']) retrieved from /home/qwerty/.local/lib/python3.10/site-packages/airflow/example_dags/example_branch_operator_decorator.py
[2025-06-17T04:13:40.267+0300] {logging_mixin.py:151} INFO - [2025-06-17T04:13:40.267+0300] {dag.py:2915} INFO - Sync 1 DAGs
[2025-06-17T04:13:40.315+0300] {logging_mixin.py:151} INFO - [2025-06-17T04:13:40.314+0300] {dag.py:3696} INFO - Setting next_dagrun for example_branch_python_operator_decorator to 2025-06-16T00:00:00+00:00, run_after=2025-06-17T00:00:00+00:00
[2025-06-17T04:13:40.362+0300] {processor.py:179} INFO - Processing /home/qwerty/.local/lib/python3.10/site-packages/airflow/example_dags/example_branch_operator_decorator.py took 0.172 seconds
[2025-06-17T04:14:38.467+0300] {processor.py:157} INFO - Started process (PID=19148) to work on /home/qwerty/.local/lib/python3.10/site-packages/airflow/example_dags/example_branch_operator_decorator.py
[2025-06-17T04:14:38.470+0300] {processor.py:829} INFO - Processing file /home/qwerty/.local/lib/python3.10/site-packages/airflow/example_dags/example_branch_operator_decorator.py for tasks to queue
[2025-06-17T04:14:38.473+0300] {logging_mixin.py:151} INFO - [2025-06-17T04:14:38.472+0300] {dagbag.py:539} INFO - Filling up the DagBag from /home/qwerty/.local/lib/python3.10/site-packages/airflow/example_dags/example_branch_operator_decorator.py
[2025-06-17T04:14:38.489+0300] {processor.py:839} INFO - DAG(s) dict_keys(['example_branch_python_operator_decorator']) retrieved from /home/qwerty/.local/lib/python3.10/site-packages/airflow/example_dags/example_branch_operator_decorator.py
[2025-06-17T04:14:38.510+0300] {logging_mixin.py:151} INFO - [2025-06-17T04:14:38.510+0300] {dag.py:2915} INFO - Sync 1 DAGs
[2025-06-17T04:14:38.536+0300] {logging_mixin.py:151} INFO - [2025-06-17T04:14:38.536+0300] {dag.py:3696} INFO - Setting next_dagrun for example_branch_python_operator_decorator to 2025-06-16T00:00:00+00:00, run_after=2025-06-17T00:00:00+00:00
[2025-06-17T04:14:38.586+0300] {processor.py:179} INFO - Processing /home/qwerty/.local/lib/python3.10/site-packages/airflow/example_dags/example_branch_operator_decorator.py took 0.129 seconds
[2025-06-17T04:15:40.091+0300] {processor.py:157} INFO - Started process (PID=19201) to work on /home/qwerty/.local/lib/python3.10/site-packages/airflow/example_dags/example_branch_operator_decorator.py
[2025-06-17T04:15:40.094+0300] {processor.py:829} INFO - Processing file /home/qwerty/.local/lib/python3.10/site-packages/airflow/example_dags/example_branch_operator_decorator.py for tasks to queue
[2025-06-17T04:15:40.097+0300] {logging_mixin.py:151} INFO - [2025-06-17T04:15:40.096+0300] {dagbag.py:539} INFO - Filling up the DagBag from /home/qwerty/.local/lib/python3.10/site-packages/airflow/example_dags/example_branch_operator_decorator.py
[2025-06-17T04:15:40.110+0300] {processor.py:839} INFO - DAG(s) dict_keys(['example_branch_python_operator_decorator']) retrieved from /home/qwerty/.local/lib/python3.10/site-packages/airflow/example_dags/example_branch_operator_decorator.py
[2025-06-17T04:15:40.131+0300] {logging_mixin.py:151} INFO - [2025-06-17T04:15:40.131+0300] {dag.py:2915} INFO - Sync 1 DAGs
[2025-06-17T04:15:40.159+0300] {logging_mixin.py:151} INFO - [2025-06-17T04:15:40.159+0300] {dag.py:3696} INFO - Setting next_dagrun for example_branch_python_operator_decorator to 2025-06-16T00:00:00+00:00, run_after=2025-06-17T00:00:00+00:00
[2025-06-17T04:15:40.188+0300] {processor.py:179} INFO - Processing /home/qwerty/.local/lib/python3.10/site-packages/airflow/example_dags/example_branch_operator_decorator.py took 0.107 seconds
[2025-06-17T04:16:36.868+0300] {processor.py:157} INFO - Started process (PID=19286) to work on /home/qwerty/.local/lib/python3.10/site-packages/airflow/example_dags/example_branch_operator_decorator.py
[2025-06-17T04:16:36.870+0300] {processor.py:829} INFO - Processing file /home/qwerty/.local/lib/python3.10/site-packages/airflow/example_dags/example_branch_operator_decorator.py for tasks to queue
[2025-06-17T04:16:36.871+0300] {logging_mixin.py:151} INFO - [2025-06-17T04:16:36.871+0300] {dagbag.py:539} INFO - Filling up the DagBag from /home/qwerty/.local/lib/python3.10/site-packages/airflow/example_dags/example_branch_operator_decorator.py
[2025-06-17T04:16:36.895+0300] {processor.py:839} INFO - DAG(s) dict_keys(['example_branch_python_operator_decorator']) retrieved from /home/qwerty/.local/lib/python3.10/site-packages/airflow/example_dags/example_branch_operator_decorator.py
[2025-06-17T04:16:36.943+0300] {logging_mixin.py:151} INFO - [2025-06-17T04:16:36.943+0300] {dag.py:2915} INFO - Sync 1 DAGs
[2025-06-17T04:16:37.013+0300] {logging_mixin.py:151} INFO - [2025-06-17T04:16:37.012+0300] {dag.py:3696} INFO - Setting next_dagrun for example_branch_python_operator_decorator to 2025-06-16T00:00:00+00:00, run_after=2025-06-17T00:00:00+00:00
[2025-06-17T04:16:37.075+0300] {processor.py:179} INFO - Processing /home/qwerty/.local/lib/python3.10/site-packages/airflow/example_dags/example_branch_operator_decorator.py took 0.215 seconds
[2025-06-17T04:17:31.368+0300] {processor.py:157} INFO - Started process (PID=19338) to work on /home/qwerty/.local/lib/python3.10/site-packages/airflow/example_dags/example_branch_operator_decorator.py
[2025-06-17T04:17:31.370+0300] {processor.py:829} INFO - Processing file /home/qwerty/.local/lib/python3.10/site-packages/airflow/example_dags/example_branch_operator_decorator.py for tasks to queue
[2025-06-17T04:17:31.372+0300] {logging_mixin.py:151} INFO - [2025-06-17T04:17:31.371+0300] {dagbag.py:539} INFO - Filling up the DagBag from /home/qwerty/.local/lib/python3.10/site-packages/airflow/example_dags/example_branch_operator_decorator.py
[2025-06-17T04:17:31.393+0300] {processor.py:839} INFO - DAG(s) dict_keys(['example_branch_python_operator_decorator']) retrieved from /home/qwerty/.local/lib/python3.10/site-packages/airflow/example_dags/example_branch_operator_decorator.py
[2025-06-17T04:17:31.427+0300] {logging_mixin.py:151} INFO - [2025-06-17T04:17:31.426+0300] {dag.py:2915} INFO - Sync 1 DAGs
[2025-06-17T04:17:31.468+0300] {logging_mixin.py:151} INFO - [2025-06-17T04:17:31.467+0300] {dag.py:3696} INFO - Setting next_dagrun for example_branch_python_operator_decorator to 2025-06-16T00:00:00+00:00, run_after=2025-06-17T00:00:00+00:00
[2025-06-17T04:17:31.510+0300] {processor.py:179} INFO - Processing /home/qwerty/.local/lib/python3.10/site-packages/airflow/example_dags/example_branch_operator_decorator.py took 0.149 seconds
[2025-06-17T04:18:29.374+0300] {processor.py:157} INFO - Started process (PID=19405) to work on /home/qwerty/.local/lib/python3.10/site-packages/airflow/example_dags/example_branch_operator_decorator.py
[2025-06-17T04:18:29.376+0300] {processor.py:829} INFO - Processing file /home/qwerty/.local/lib/python3.10/site-packages/airflow/example_dags/example_branch_operator_decorator.py for tasks to queue
[2025-06-17T04:18:29.377+0300] {logging_mixin.py:151} INFO - [2025-06-17T04:18:29.376+0300] {dagbag.py:539} INFO - Filling up the DagBag from /home/qwerty/.local/lib/python3.10/site-packages/airflow/example_dags/example_branch_operator_decorator.py
[2025-06-17T04:18:29.391+0300] {processor.py:839} INFO - DAG(s) dict_keys(['example_branch_python_operator_decorator']) retrieved from /home/qwerty/.local/lib/python3.10/site-packages/airflow/example_dags/example_branch_operator_decorator.py
[2025-06-17T04:18:29.422+0300] {logging_mixin.py:151} INFO - [2025-06-17T04:18:29.422+0300] {dag.py:2915} INFO - Sync 1 DAGs
[2025-06-17T04:18:29.450+0300] {logging_mixin.py:151} INFO - [2025-06-17T04:18:29.450+0300] {dag.py:3696} INFO - Setting next_dagrun for example_branch_python_operator_decorator to 2025-06-16T00:00:00+00:00, run_after=2025-06-17T00:00:00+00:00
[2025-06-17T04:18:29.496+0300] {processor.py:179} INFO - Processing /home/qwerty/.local/lib/python3.10/site-packages/airflow/example_dags/example_branch_operator_decorator.py took 0.129 seconds
[2025-06-17T04:19:28.850+0300] {processor.py:157} INFO - Started process (PID=19505) to work on /home/qwerty/.local/lib/python3.10/site-packages/airflow/example_dags/example_branch_operator_decorator.py
[2025-06-17T04:19:28.852+0300] {processor.py:829} INFO - Processing file /home/qwerty/.local/lib/python3.10/site-packages/airflow/example_dags/example_branch_operator_decorator.py for tasks to queue
[2025-06-17T04:19:28.853+0300] {logging_mixin.py:151} INFO - [2025-06-17T04:19:28.853+0300] {dagbag.py:539} INFO - Filling up the DagBag from /home/qwerty/.local/lib/python3.10/site-packages/airflow/example_dags/example_branch_operator_decorator.py
[2025-06-17T04:19:28.865+0300] {processor.py:839} INFO - DAG(s) dict_keys(['example_branch_python_operator_decorator']) retrieved from /home/qwerty/.local/lib/python3.10/site-packages/airflow/example_dags/example_branch_operator_decorator.py
[2025-06-17T04:19:28.888+0300] {logging_mixin.py:151} INFO - [2025-06-17T04:19:28.888+0300] {dag.py:2915} INFO - Sync 1 DAGs
[2025-06-17T04:19:28.915+0300] {logging_mixin.py:151} INFO - [2025-06-17T04:19:28.915+0300] {dag.py:3696} INFO - Setting next_dagrun for example_branch_python_operator_decorator to 2025-06-16T00:00:00+00:00, run_after=2025-06-17T00:00:00+00:00
[2025-06-17T04:19:28.945+0300] {processor.py:179} INFO - Processing /home/qwerty/.local/lib/python3.10/site-packages/airflow/example_dags/example_branch_operator_decorator.py took 0.105 seconds
[2025-06-17T04:20:43.426+0300] {processor.py:157} INFO - Started process (PID=19583) to work on /home/qwerty/.local/lib/python3.10/site-packages/airflow/example_dags/example_branch_operator_decorator.py
[2025-06-17T04:20:43.430+0300] {processor.py:829} INFO - Processing file /home/qwerty/.local/lib/python3.10/site-packages/airflow/example_dags/example_branch_operator_decorator.py for tasks to queue
[2025-06-17T04:20:43.433+0300] {logging_mixin.py:151} INFO - [2025-06-17T04:20:43.432+0300] {dagbag.py:539} INFO - Filling up the DagBag from /home/qwerty/.local/lib/python3.10/site-packages/airflow/example_dags/example_branch_operator_decorator.py
[2025-06-17T04:20:43.462+0300] {processor.py:839} INFO - DAG(s) dict_keys(['example_branch_python_operator_decorator']) retrieved from /home/qwerty/.local/lib/python3.10/site-packages/airflow/example_dags/example_branch_operator_decorator.py
[2025-06-17T04:20:43.486+0300] {logging_mixin.py:151} INFO - [2025-06-17T04:20:43.486+0300] {dag.py:2915} INFO - Sync 1 DAGs
[2025-06-17T04:20:43.512+0300] {logging_mixin.py:151} INFO - [2025-06-17T04:20:43.512+0300] {dag.py:3696} INFO - Setting next_dagrun for example_branch_python_operator_decorator to 2025-06-16T00:00:00+00:00, run_after=2025-06-17T00:00:00+00:00
[2025-06-17T04:20:43.552+0300] {processor.py:179} INFO - Processing /home/qwerty/.local/lib/python3.10/site-packages/airflow/example_dags/example_branch_operator_decorator.py took 0.136 seconds
[2025-06-17T04:21:38.615+0300] {processor.py:157} INFO - Started process (PID=19675) to work on /home/qwerty/.local/lib/python3.10/site-packages/airflow/example_dags/example_branch_operator_decorator.py
[2025-06-17T04:21:38.618+0300] {processor.py:829} INFO - Processing file /home/qwerty/.local/lib/python3.10/site-packages/airflow/example_dags/example_branch_operator_decorator.py for tasks to queue
[2025-06-17T04:21:38.620+0300] {logging_mixin.py:151} INFO - [2025-06-17T04:21:38.619+0300] {dagbag.py:539} INFO - Filling up the DagBag from /home/qwerty/.local/lib/python3.10/site-packages/airflow/example_dags/example_branch_operator_decorator.py
[2025-06-17T04:21:38.638+0300] {processor.py:839} INFO - DAG(s) dict_keys(['example_branch_python_operator_decorator']) retrieved from /home/qwerty/.local/lib/python3.10/site-packages/airflow/example_dags/example_branch_operator_decorator.py
[2025-06-17T04:21:38.660+0300] {logging_mixin.py:151} INFO - [2025-06-17T04:21:38.659+0300] {dag.py:2915} INFO - Sync 1 DAGs
[2025-06-17T04:21:38.684+0300] {logging_mixin.py:151} INFO - [2025-06-17T04:21:38.684+0300] {dag.py:3696} INFO - Setting next_dagrun for example_branch_python_operator_decorator to 2025-06-16T00:00:00+00:00, run_after=2025-06-17T00:00:00+00:00
[2025-06-17T04:21:38.714+0300] {processor.py:179} INFO - Processing /home/qwerty/.local/lib/python3.10/site-packages/airflow/example_dags/example_branch_operator_decorator.py took 0.110 seconds
[2025-06-17T04:22:36.983+0300] {processor.py:157} INFO - Started process (PID=19755) to work on /home/qwerty/.local/lib/python3.10/site-packages/airflow/example_dags/example_branch_operator_decorator.py
[2025-06-17T04:22:36.984+0300] {processor.py:829} INFO - Processing file /home/qwerty/.local/lib/python3.10/site-packages/airflow/example_dags/example_branch_operator_decorator.py for tasks to queue
[2025-06-17T04:22:36.986+0300] {logging_mixin.py:151} INFO - [2025-06-17T04:22:36.985+0300] {dagbag.py:539} INFO - Filling up the DagBag from /home/qwerty/.local/lib/python3.10/site-packages/airflow/example_dags/example_branch_operator_decorator.py
[2025-06-17T04:22:36.998+0300] {processor.py:839} INFO - DAG(s) dict_keys(['example_branch_python_operator_decorator']) retrieved from /home/qwerty/.local/lib/python3.10/site-packages/airflow/example_dags/example_branch_operator_decorator.py
[2025-06-17T04:22:37.021+0300] {logging_mixin.py:151} INFO - [2025-06-17T04:22:37.021+0300] {dag.py:2915} INFO - Sync 1 DAGs
[2025-06-17T04:22:37.049+0300] {logging_mixin.py:151} INFO - [2025-06-17T04:22:37.048+0300] {dag.py:3696} INFO - Setting next_dagrun for example_branch_python_operator_decorator to 2025-06-16T00:00:00+00:00, run_after=2025-06-17T00:00:00+00:00
[2025-06-17T04:22:37.084+0300] {processor.py:179} INFO - Processing /home/qwerty/.local/lib/python3.10/site-packages/airflow/example_dags/example_branch_operator_decorator.py took 0.110 seconds
[2025-06-17T04:23:33.971+0300] {processor.py:157} INFO - Started process (PID=19838) to work on /home/qwerty/.local/lib/python3.10/site-packages/airflow/example_dags/example_branch_operator_decorator.py
[2025-06-17T04:23:33.975+0300] {processor.py:829} INFO - Processing file /home/qwerty/.local/lib/python3.10/site-packages/airflow/example_dags/example_branch_operator_decorator.py for tasks to queue
[2025-06-17T04:23:33.977+0300] {logging_mixin.py:151} INFO - [2025-06-17T04:23:33.976+0300] {dagbag.py:539} INFO - Filling up the DagBag from /home/qwerty/.local/lib/python3.10/site-packages/airflow/example_dags/example_branch_operator_decorator.py
[2025-06-17T04:23:33.991+0300] {processor.py:839} INFO - DAG(s) dict_keys(['example_branch_python_operator_decorator']) retrieved from /home/qwerty/.local/lib/python3.10/site-packages/airflow/example_dags/example_branch_operator_decorator.py
[2025-06-17T04:23:34.012+0300] {logging_mixin.py:151} INFO - [2025-06-17T04:23:34.012+0300] {dag.py:2915} INFO - Sync 1 DAGs
[2025-06-17T04:23:34.037+0300] {logging_mixin.py:151} INFO - [2025-06-17T04:23:34.037+0300] {dag.py:3696} INFO - Setting next_dagrun for example_branch_python_operator_decorator to 2025-06-16T00:00:00+00:00, run_after=2025-06-17T00:00:00+00:00
[2025-06-17T04:23:34.064+0300] {processor.py:179} INFO - Processing /home/qwerty/.local/lib/python3.10/site-packages/airflow/example_dags/example_branch_operator_decorator.py took 0.104 seconds
[2025-06-17T04:24:50.872+0300] {processor.py:157} INFO - Started process (PID=19954) to work on /home/qwerty/.local/lib/python3.10/site-packages/airflow/example_dags/example_branch_operator_decorator.py
[2025-06-17T04:24:50.874+0300] {processor.py:829} INFO - Processing file /home/qwerty/.local/lib/python3.10/site-packages/airflow/example_dags/example_branch_operator_decorator.py for tasks to queue
[2025-06-17T04:24:50.877+0300] {logging_mixin.py:151} INFO - [2025-06-17T04:24:50.876+0300] {dagbag.py:539} INFO - Filling up the DagBag from /home/qwerty/.local/lib/python3.10/site-packages/airflow/example_dags/example_branch_operator_decorator.py
[2025-06-17T04:24:50.904+0300] {processor.py:839} INFO - DAG(s) dict_keys(['example_branch_python_operator_decorator']) retrieved from /home/qwerty/.local/lib/python3.10/site-packages/airflow/example_dags/example_branch_operator_decorator.py
[2025-06-17T04:24:50.927+0300] {logging_mixin.py:151} INFO - [2025-06-17T04:24:50.927+0300] {dag.py:2915} INFO - Sync 1 DAGs
[2025-06-17T04:24:50.953+0300] {logging_mixin.py:151} INFO - [2025-06-17T04:24:50.953+0300] {dag.py:3696} INFO - Setting next_dagrun for example_branch_python_operator_decorator to 2025-06-16T00:00:00+00:00, run_after=2025-06-17T00:00:00+00:00
[2025-06-17T04:24:50.998+0300] {processor.py:179} INFO - Processing /home/qwerty/.local/lib/python3.10/site-packages/airflow/example_dags/example_branch_operator_decorator.py took 0.132 seconds
[2025-06-17T04:26:07.028+0300] {processor.py:157} INFO - Started process (PID=20031) to work on /home/qwerty/.local/lib/python3.10/site-packages/airflow/example_dags/example_branch_operator_decorator.py
[2025-06-17T04:26:07.033+0300] {processor.py:829} INFO - Processing file /home/qwerty/.local/lib/python3.10/site-packages/airflow/example_dags/example_branch_operator_decorator.py for tasks to queue
[2025-06-17T04:26:07.037+0300] {logging_mixin.py:151} INFO - [2025-06-17T04:26:07.036+0300] {dagbag.py:539} INFO - Filling up the DagBag from /home/qwerty/.local/lib/python3.10/site-packages/airflow/example_dags/example_branch_operator_decorator.py
[2025-06-17T04:26:07.081+0300] {processor.py:839} INFO - DAG(s) dict_keys(['example_branch_python_operator_decorator']) retrieved from /home/qwerty/.local/lib/python3.10/site-packages/airflow/example_dags/example_branch_operator_decorator.py
[2025-06-17T04:26:07.156+0300] {logging_mixin.py:151} INFO - [2025-06-17T04:26:07.156+0300] {dag.py:2915} INFO - Sync 1 DAGs
[2025-06-17T04:26:07.235+0300] {logging_mixin.py:151} INFO - [2025-06-17T04:26:07.234+0300] {dag.py:3696} INFO - Setting next_dagrun for example_branch_python_operator_decorator to 2025-06-16T00:00:00+00:00, run_after=2025-06-17T00:00:00+00:00
[2025-06-17T04:26:07.320+0300] {processor.py:179} INFO - Processing /home/qwerty/.local/lib/python3.10/site-packages/airflow/example_dags/example_branch_operator_decorator.py took 0.307 seconds
[2025-06-17T04:26:59.305+0300] {processor.py:157} INFO - Started process (PID=20082) to work on /home/qwerty/.local/lib/python3.10/site-packages/airflow/example_dags/example_branch_operator_decorator.py
[2025-06-17T04:26:59.310+0300] {processor.py:829} INFO - Processing file /home/qwerty/.local/lib/python3.10/site-packages/airflow/example_dags/example_branch_operator_decorator.py for tasks to queue
[2025-06-17T04:26:59.312+0300] {logging_mixin.py:151} INFO - [2025-06-17T04:26:59.312+0300] {dagbag.py:539} INFO - Filling up the DagBag from /home/qwerty/.local/lib/python3.10/site-packages/airflow/example_dags/example_branch_operator_decorator.py
[2025-06-17T04:26:59.350+0300] {processor.py:839} INFO - DAG(s) dict_keys(['example_branch_python_operator_decorator']) retrieved from /home/qwerty/.local/lib/python3.10/site-packages/airflow/example_dags/example_branch_operator_decorator.py
[2025-06-17T04:26:59.404+0300] {logging_mixin.py:151} INFO - [2025-06-17T04:26:59.404+0300] {dag.py:2915} INFO - Sync 1 DAGs
[2025-06-17T04:26:59.468+0300] {logging_mixin.py:151} INFO - [2025-06-17T04:26:59.467+0300] {dag.py:3696} INFO - Setting next_dagrun for example_branch_python_operator_decorator to 2025-06-16T00:00:00+00:00, run_after=2025-06-17T00:00:00+00:00
[2025-06-17T04:26:59.541+0300] {processor.py:179} INFO - Processing /home/qwerty/.local/lib/python3.10/site-packages/airflow/example_dags/example_branch_operator_decorator.py took 0.249 seconds
[2025-06-17T04:27:49.477+0300] {processor.py:157} INFO - Started process (PID=20135) to work on /home/qwerty/.local/lib/python3.10/site-packages/airflow/example_dags/example_branch_operator_decorator.py
[2025-06-17T04:27:49.484+0300] {processor.py:829} INFO - Processing file /home/qwerty/.local/lib/python3.10/site-packages/airflow/example_dags/example_branch_operator_decorator.py for tasks to queue
[2025-06-17T04:27:49.486+0300] {logging_mixin.py:151} INFO - [2025-06-17T04:27:49.485+0300] {dagbag.py:539} INFO - Filling up the DagBag from /home/qwerty/.local/lib/python3.10/site-packages/airflow/example_dags/example_branch_operator_decorator.py
[2025-06-17T04:27:49.511+0300] {processor.py:839} INFO - DAG(s) dict_keys(['example_branch_python_operator_decorator']) retrieved from /home/qwerty/.local/lib/python3.10/site-packages/airflow/example_dags/example_branch_operator_decorator.py
[2025-06-17T04:27:49.545+0300] {logging_mixin.py:151} INFO - [2025-06-17T04:27:49.545+0300] {dag.py:2915} INFO - Sync 1 DAGs
[2025-06-17T04:27:49.589+0300] {logging_mixin.py:151} INFO - [2025-06-17T04:27:49.588+0300] {dag.py:3696} INFO - Setting next_dagrun for example_branch_python_operator_decorator to 2025-06-16T00:00:00+00:00, run_after=2025-06-17T00:00:00+00:00
[2025-06-17T04:27:49.644+0300] {processor.py:179} INFO - Processing /home/qwerty/.local/lib/python3.10/site-packages/airflow/example_dags/example_branch_operator_decorator.py took 0.174 seconds
[2025-06-17T04:28:41.261+0300] {processor.py:157} INFO - Started process (PID=20212) to work on /home/qwerty/.local/lib/python3.10/site-packages/airflow/example_dags/example_branch_operator_decorator.py
[2025-06-17T04:28:41.263+0300] {processor.py:829} INFO - Processing file /home/qwerty/.local/lib/python3.10/site-packages/airflow/example_dags/example_branch_operator_decorator.py for tasks to queue
[2025-06-17T04:28:41.266+0300] {logging_mixin.py:151} INFO - [2025-06-17T04:28:41.265+0300] {dagbag.py:539} INFO - Filling up the DagBag from /home/qwerty/.local/lib/python3.10/site-packages/airflow/example_dags/example_branch_operator_decorator.py
[2025-06-17T04:28:41.289+0300] {processor.py:839} INFO - DAG(s) dict_keys(['example_branch_python_operator_decorator']) retrieved from /home/qwerty/.local/lib/python3.10/site-packages/airflow/example_dags/example_branch_operator_decorator.py
[2025-06-17T04:28:41.319+0300] {logging_mixin.py:151} INFO - [2025-06-17T04:28:41.319+0300] {dag.py:2915} INFO - Sync 1 DAGs
[2025-06-17T04:28:41.352+0300] {logging_mixin.py:151} INFO - [2025-06-17T04:28:41.352+0300] {dag.py:3696} INFO - Setting next_dagrun for example_branch_python_operator_decorator to 2025-06-16T00:00:00+00:00, run_after=2025-06-17T00:00:00+00:00
[2025-06-17T04:28:41.395+0300] {processor.py:179} INFO - Processing /home/qwerty/.local/lib/python3.10/site-packages/airflow/example_dags/example_branch_operator_decorator.py took 0.142 seconds
[2025-06-17T04:29:37.443+0300] {processor.py:157} INFO - Started process (PID=20273) to work on /home/qwerty/.local/lib/python3.10/site-packages/airflow/example_dags/example_branch_operator_decorator.py
[2025-06-17T04:29:37.446+0300] {processor.py:829} INFO - Processing file /home/qwerty/.local/lib/python3.10/site-packages/airflow/example_dags/example_branch_operator_decorator.py for tasks to queue
[2025-06-17T04:29:37.447+0300] {logging_mixin.py:151} INFO - [2025-06-17T04:29:37.447+0300] {dagbag.py:539} INFO - Filling up the DagBag from /home/qwerty/.local/lib/python3.10/site-packages/airflow/example_dags/example_branch_operator_decorator.py
[2025-06-17T04:29:37.463+0300] {processor.py:839} INFO - DAG(s) dict_keys(['example_branch_python_operator_decorator']) retrieved from /home/qwerty/.local/lib/python3.10/site-packages/airflow/example_dags/example_branch_operator_decorator.py
[2025-06-17T04:29:37.487+0300] {logging_mixin.py:151} INFO - [2025-06-17T04:29:37.486+0300] {dag.py:2915} INFO - Sync 1 DAGs
[2025-06-17T04:29:37.515+0300] {logging_mixin.py:151} INFO - [2025-06-17T04:29:37.515+0300] {dag.py:3696} INFO - Setting next_dagrun for example_branch_python_operator_decorator to 2025-06-16T00:00:00+00:00, run_after=2025-06-17T00:00:00+00:00
[2025-06-17T04:29:37.557+0300] {processor.py:179} INFO - Processing /home/qwerty/.local/lib/python3.10/site-packages/airflow/example_dags/example_branch_operator_decorator.py took 0.118 seconds
[2025-06-17T04:30:35.779+0300] {processor.py:157} INFO - Started process (PID=20333) to work on /home/qwerty/.local/lib/python3.10/site-packages/airflow/example_dags/example_branch_operator_decorator.py
[2025-06-17T04:30:35.782+0300] {processor.py:829} INFO - Processing file /home/qwerty/.local/lib/python3.10/site-packages/airflow/example_dags/example_branch_operator_decorator.py for tasks to queue
[2025-06-17T04:30:35.785+0300] {logging_mixin.py:151} INFO - [2025-06-17T04:30:35.784+0300] {dagbag.py:539} INFO - Filling up the DagBag from /home/qwerty/.local/lib/python3.10/site-packages/airflow/example_dags/example_branch_operator_decorator.py
[2025-06-17T04:30:35.797+0300] {processor.py:839} INFO - DAG(s) dict_keys(['example_branch_python_operator_decorator']) retrieved from /home/qwerty/.local/lib/python3.10/site-packages/airflow/example_dags/example_branch_operator_decorator.py
[2025-06-17T04:30:35.819+0300] {logging_mixin.py:151} INFO - [2025-06-17T04:30:35.819+0300] {dag.py:2915} INFO - Sync 1 DAGs
[2025-06-17T04:30:35.843+0300] {logging_mixin.py:151} INFO - [2025-06-17T04:30:35.843+0300] {dag.py:3696} INFO - Setting next_dagrun for example_branch_python_operator_decorator to 2025-06-16T00:00:00+00:00, run_after=2025-06-17T00:00:00+00:00
[2025-06-17T04:30:35.888+0300] {processor.py:179} INFO - Processing /home/qwerty/.local/lib/python3.10/site-packages/airflow/example_dags/example_branch_operator_decorator.py took 0.120 seconds
[2025-06-17T04:31:33.273+0300] {processor.py:157} INFO - Started process (PID=20391) to work on /home/qwerty/.local/lib/python3.10/site-packages/airflow/example_dags/example_branch_operator_decorator.py
[2025-06-17T04:31:33.282+0300] {processor.py:829} INFO - Processing file /home/qwerty/.local/lib/python3.10/site-packages/airflow/example_dags/example_branch_operator_decorator.py for tasks to queue
[2025-06-17T04:31:33.284+0300] {logging_mixin.py:151} INFO - [2025-06-17T04:31:33.284+0300] {dagbag.py:539} INFO - Filling up the DagBag from /home/qwerty/.local/lib/python3.10/site-packages/airflow/example_dags/example_branch_operator_decorator.py
[2025-06-17T04:31:33.308+0300] {processor.py:839} INFO - DAG(s) dict_keys(['example_branch_python_operator_decorator']) retrieved from /home/qwerty/.local/lib/python3.10/site-packages/airflow/example_dags/example_branch_operator_decorator.py
[2025-06-17T04:31:33.342+0300] {logging_mixin.py:151} INFO - [2025-06-17T04:31:33.342+0300] {dag.py:2915} INFO - Sync 1 DAGs
[2025-06-17T04:31:33.382+0300] {logging_mixin.py:151} INFO - [2025-06-17T04:31:33.382+0300] {dag.py:3696} INFO - Setting next_dagrun for example_branch_python_operator_decorator to 2025-06-16T00:00:00+00:00, run_after=2025-06-17T00:00:00+00:00
[2025-06-17T04:31:33.422+0300] {processor.py:179} INFO - Processing /home/qwerty/.local/lib/python3.10/site-packages/airflow/example_dags/example_branch_operator_decorator.py took 0.157 seconds
