[2025-06-17T04:08:10.121+0300] {processor.py:157} INFO - Started process (PID=18723) to work on /home/qwerty/.local/lib/python3.10/site-packages/airflow/example_dags/example_setup_teardown.py
[2025-06-17T04:08:10.123+0300] {processor.py:829} INFO - Processing file /home/qwerty/.local/lib/python3.10/site-packages/airflow/example_dags/example_setup_teardown.py for tasks to queue
[2025-06-17T04:08:10.125+0300] {logging_mixin.py:151} INFO - [2025-06-17T04:08:10.124+0300] {dagbag.py:539} INFO - Filling up the DagBag from /home/qwerty/.local/lib/python3.10/site-packages/airflow/example_dags/example_setup_teardown.py
[2025-06-17T04:08:10.144+0300] {processor.py:839} INFO - DAG(s) dict_keys(['example_setup_teardown']) retrieved from /home/qwerty/.local/lib/python3.10/site-packages/airflow/example_dags/example_setup_teardown.py
[2025-06-17T04:08:10.185+0300] {logging_mixin.py:151} INFO - [2025-06-17T04:08:10.185+0300] {dag.py:2915} INFO - Sync 1 DAGs
[2025-06-17T04:08:10.232+0300] {logging_mixin.py:151} INFO - [2025-06-17T04:08:10.231+0300] {dag.py:3696} INFO - Setting next_dagrun for example_setup_teardown to 2025-06-16T01:08:10.230576+00:00, run_after=2025-06-17T01:08:10.230576+00:00
[2025-06-17T04:08:10.318+0300] {processor.py:179} INFO - Processing /home/qwerty/.local/lib/python3.10/site-packages/airflow/example_dags/example_setup_teardown.py took 0.206 seconds
[2025-06-17T04:09:08.460+0300] {processor.py:157} INFO - Started process (PID=18800) to work on /home/qwerty/.local/lib/python3.10/site-packages/airflow/example_dags/example_setup_teardown.py
[2025-06-17T04:09:08.462+0300] {processor.py:829} INFO - Processing file /home/qwerty/.local/lib/python3.10/site-packages/airflow/example_dags/example_setup_teardown.py for tasks to queue
[2025-06-17T04:09:08.465+0300] {logging_mixin.py:151} INFO - [2025-06-17T04:09:08.464+0300] {dagbag.py:539} INFO - Filling up the DagBag from /home/qwerty/.local/lib/python3.10/site-packages/airflow/example_dags/example_setup_teardown.py
[2025-06-17T04:09:08.485+0300] {processor.py:839} INFO - DAG(s) dict_keys(['example_setup_teardown']) retrieved from /home/qwerty/.local/lib/python3.10/site-packages/airflow/example_dags/example_setup_teardown.py
[2025-06-17T04:09:08.533+0300] {logging_mixin.py:151} INFO - [2025-06-17T04:09:08.533+0300] {dag.py:2915} INFO - Sync 1 DAGs
[2025-06-17T04:09:08.597+0300] {logging_mixin.py:151} INFO - [2025-06-17T04:09:08.596+0300] {dag.py:3696} INFO - Setting next_dagrun for example_setup_teardown to 2025-06-16T01:09:08.595984+00:00, run_after=2025-06-17T01:09:08.595984+00:00
[2025-06-17T04:09:08.663+0300] {processor.py:179} INFO - Processing /home/qwerty/.local/lib/python3.10/site-packages/airflow/example_dags/example_setup_teardown.py took 0.213 seconds
[2025-06-17T04:10:04.476+0300] {processor.py:157} INFO - Started process (PID=18851) to work on /home/qwerty/.local/lib/python3.10/site-packages/airflow/example_dags/example_setup_teardown.py
[2025-06-17T04:10:04.483+0300] {processor.py:829} INFO - Processing file /home/qwerty/.local/lib/python3.10/site-packages/airflow/example_dags/example_setup_teardown.py for tasks to queue
[2025-06-17T04:10:04.486+0300] {logging_mixin.py:151} INFO - [2025-06-17T04:10:04.485+0300] {dagbag.py:539} INFO - Filling up the DagBag from /home/qwerty/.local/lib/python3.10/site-packages/airflow/example_dags/example_setup_teardown.py
[2025-06-17T04:10:04.508+0300] {processor.py:839} INFO - DAG(s) dict_keys(['example_setup_teardown']) retrieved from /home/qwerty/.local/lib/python3.10/site-packages/airflow/example_dags/example_setup_teardown.py
[2025-06-17T04:10:04.551+0300] {logging_mixin.py:151} INFO - [2025-06-17T04:10:04.550+0300] {dag.py:2915} INFO - Sync 1 DAGs
[2025-06-17T04:10:04.614+0300] {logging_mixin.py:151} INFO - [2025-06-17T04:10:04.614+0300] {dag.py:3696} INFO - Setting next_dagrun for example_setup_teardown to 2025-06-16T01:10:04.613312+00:00, run_after=2025-06-17T01:10:04.613312+00:00
[2025-06-17T04:10:04.710+0300] {processor.py:179} INFO - Processing /home/qwerty/.local/lib/python3.10/site-packages/airflow/example_dags/example_setup_teardown.py took 0.247 seconds
[2025-06-17T04:11:02.344+0300] {processor.py:157} INFO - Started process (PID=18904) to work on /home/qwerty/.local/lib/python3.10/site-packages/airflow/example_dags/example_setup_teardown.py
[2025-06-17T04:11:02.346+0300] {processor.py:829} INFO - Processing file /home/qwerty/.local/lib/python3.10/site-packages/airflow/example_dags/example_setup_teardown.py for tasks to queue
[2025-06-17T04:11:02.347+0300] {logging_mixin.py:151} INFO - [2025-06-17T04:11:02.346+0300] {dagbag.py:539} INFO - Filling up the DagBag from /home/qwerty/.local/lib/python3.10/site-packages/airflow/example_dags/example_setup_teardown.py
[2025-06-17T04:11:02.359+0300] {processor.py:839} INFO - DAG(s) dict_keys(['example_setup_teardown']) retrieved from /home/qwerty/.local/lib/python3.10/site-packages/airflow/example_dags/example_setup_teardown.py
[2025-06-17T04:11:02.394+0300] {logging_mixin.py:151} INFO - [2025-06-17T04:11:02.393+0300] {dag.py:2915} INFO - Sync 1 DAGs
[2025-06-17T04:11:02.442+0300] {logging_mixin.py:151} INFO - [2025-06-17T04:11:02.441+0300] {dag.py:3696} INFO - Setting next_dagrun for example_setup_teardown to 2025-06-16T01:11:02.440890+00:00, run_after=2025-06-17T01:11:02.440890+00:00
[2025-06-17T04:11:02.490+0300] {processor.py:179} INFO - Processing /home/qwerty/.local/lib/python3.10/site-packages/airflow/example_dags/example_setup_teardown.py took 0.153 seconds
[2025-06-17T04:12:00.166+0300] {processor.py:157} INFO - Started process (PID=18959) to work on /home/qwerty/.local/lib/python3.10/site-packages/airflow/example_dags/example_setup_teardown.py
[2025-06-17T04:12:00.169+0300] {processor.py:829} INFO - Processing file /home/qwerty/.local/lib/python3.10/site-packages/airflow/example_dags/example_setup_teardown.py for tasks to queue
[2025-06-17T04:12:00.171+0300] {logging_mixin.py:151} INFO - [2025-06-17T04:12:00.170+0300] {dagbag.py:539} INFO - Filling up the DagBag from /home/qwerty/.local/lib/python3.10/site-packages/airflow/example_dags/example_setup_teardown.py
[2025-06-17T04:12:00.182+0300] {processor.py:839} INFO - DAG(s) dict_keys(['example_setup_teardown']) retrieved from /home/qwerty/.local/lib/python3.10/site-packages/airflow/example_dags/example_setup_teardown.py
[2025-06-17T04:12:00.206+0300] {logging_mixin.py:151} INFO - [2025-06-17T04:12:00.206+0300] {dag.py:2915} INFO - Sync 1 DAGs
[2025-06-17T04:12:00.240+0300] {logging_mixin.py:151} INFO - [2025-06-17T04:12:00.239+0300] {dag.py:3696} INFO - Setting next_dagrun for example_setup_teardown to 2025-06-16T01:12:00.239378+00:00, run_after=2025-06-17T01:12:00.239378+00:00
[2025-06-17T04:12:00.273+0300] {processor.py:179} INFO - Processing /home/qwerty/.local/lib/python3.10/site-packages/airflow/example_dags/example_setup_teardown.py took 0.118 seconds
[2025-06-17T04:12:58.671+0300] {processor.py:157} INFO - Started process (PID=19052) to work on /home/qwerty/.local/lib/python3.10/site-packages/airflow/example_dags/example_setup_teardown.py
[2025-06-17T04:12:58.673+0300] {processor.py:829} INFO - Processing file /home/qwerty/.local/lib/python3.10/site-packages/airflow/example_dags/example_setup_teardown.py for tasks to queue
[2025-06-17T04:12:58.674+0300] {logging_mixin.py:151} INFO - [2025-06-17T04:12:58.673+0300] {dagbag.py:539} INFO - Filling up the DagBag from /home/qwerty/.local/lib/python3.10/site-packages/airflow/example_dags/example_setup_teardown.py
[2025-06-17T04:12:58.687+0300] {processor.py:839} INFO - DAG(s) dict_keys(['example_setup_teardown']) retrieved from /home/qwerty/.local/lib/python3.10/site-packages/airflow/example_dags/example_setup_teardown.py
[2025-06-17T04:12:58.718+0300] {logging_mixin.py:151} INFO - [2025-06-17T04:12:58.718+0300] {dag.py:2915} INFO - Sync 1 DAGs
[2025-06-17T04:12:58.745+0300] {logging_mixin.py:151} INFO - [2025-06-17T04:12:58.745+0300] {dag.py:3696} INFO - Setting next_dagrun for example_setup_teardown to 2025-06-16T01:12:58.745222+00:00, run_after=2025-06-17T01:12:58.745222+00:00
[2025-06-17T04:12:58.789+0300] {processor.py:179} INFO - Processing /home/qwerty/.local/lib/python3.10/site-packages/airflow/example_dags/example_setup_teardown.py took 0.123 seconds
[2025-06-17T04:13:53.358+0300] {processor.py:157} INFO - Started process (PID=19101) to work on /home/qwerty/.local/lib/python3.10/site-packages/airflow/example_dags/example_setup_teardown.py
[2025-06-17T04:13:53.360+0300] {processor.py:829} INFO - Processing file /home/qwerty/.local/lib/python3.10/site-packages/airflow/example_dags/example_setup_teardown.py for tasks to queue
[2025-06-17T04:13:53.361+0300] {logging_mixin.py:151} INFO - [2025-06-17T04:13:53.361+0300] {dagbag.py:539} INFO - Filling up the DagBag from /home/qwerty/.local/lib/python3.10/site-packages/airflow/example_dags/example_setup_teardown.py
[2025-06-17T04:13:53.370+0300] {processor.py:839} INFO - DAG(s) dict_keys(['example_setup_teardown']) retrieved from /home/qwerty/.local/lib/python3.10/site-packages/airflow/example_dags/example_setup_teardown.py
[2025-06-17T04:13:53.390+0300] {logging_mixin.py:151} INFO - [2025-06-17T04:13:53.390+0300] {dag.py:2915} INFO - Sync 1 DAGs
[2025-06-17T04:13:53.413+0300] {logging_mixin.py:151} INFO - [2025-06-17T04:13:53.413+0300] {dag.py:3696} INFO - Setting next_dagrun for example_setup_teardown to 2025-06-16T01:13:53.412872+00:00, run_after=2025-06-17T01:13:53.412872+00:00
[2025-06-17T04:13:53.440+0300] {processor.py:179} INFO - Processing /home/qwerty/.local/lib/python3.10/site-packages/airflow/example_dags/example_setup_teardown.py took 0.093 seconds
[2025-06-17T04:14:55.461+0300] {processor.py:157} INFO - Started process (PID=19163) to work on /home/qwerty/.local/lib/python3.10/site-packages/airflow/example_dags/example_setup_teardown.py
[2025-06-17T04:14:55.462+0300] {processor.py:829} INFO - Processing file /home/qwerty/.local/lib/python3.10/site-packages/airflow/example_dags/example_setup_teardown.py for tasks to queue
[2025-06-17T04:14:55.463+0300] {logging_mixin.py:151} INFO - [2025-06-17T04:14:55.463+0300] {dagbag.py:539} INFO - Filling up the DagBag from /home/qwerty/.local/lib/python3.10/site-packages/airflow/example_dags/example_setup_teardown.py
[2025-06-17T04:14:55.472+0300] {processor.py:839} INFO - DAG(s) dict_keys(['example_setup_teardown']) retrieved from /home/qwerty/.local/lib/python3.10/site-packages/airflow/example_dags/example_setup_teardown.py
[2025-06-17T04:14:55.492+0300] {logging_mixin.py:151} INFO - [2025-06-17T04:14:55.492+0300] {dag.py:2915} INFO - Sync 1 DAGs
[2025-06-17T04:14:55.516+0300] {logging_mixin.py:151} INFO - [2025-06-17T04:14:55.515+0300] {dag.py:3696} INFO - Setting next_dagrun for example_setup_teardown to 2025-06-16T01:14:55.515649+00:00, run_after=2025-06-17T01:14:55.515649+00:00
[2025-06-17T04:14:55.559+0300] {processor.py:179} INFO - Processing /home/qwerty/.local/lib/python3.10/site-packages/airflow/example_dags/example_setup_teardown.py took 0.106 seconds
[2025-06-17T04:15:56.686+0300] {processor.py:157} INFO - Started process (PID=19214) to work on /home/qwerty/.local/lib/python3.10/site-packages/airflow/example_dags/example_setup_teardown.py
[2025-06-17T04:15:56.689+0300] {processor.py:829} INFO - Processing file /home/qwerty/.local/lib/python3.10/site-packages/airflow/example_dags/example_setup_teardown.py for tasks to queue
[2025-06-17T04:15:56.691+0300] {logging_mixin.py:151} INFO - [2025-06-17T04:15:56.690+0300] {dagbag.py:539} INFO - Filling up the DagBag from /home/qwerty/.local/lib/python3.10/site-packages/airflow/example_dags/example_setup_teardown.py
[2025-06-17T04:15:56.705+0300] {processor.py:839} INFO - DAG(s) dict_keys(['example_setup_teardown']) retrieved from /home/qwerty/.local/lib/python3.10/site-packages/airflow/example_dags/example_setup_teardown.py
[2025-06-17T04:15:56.738+0300] {logging_mixin.py:151} INFO - [2025-06-17T04:15:56.737+0300] {dag.py:2915} INFO - Sync 1 DAGs
[2025-06-17T04:15:56.770+0300] {logging_mixin.py:151} INFO - [2025-06-17T04:15:56.770+0300] {dag.py:3696} INFO - Setting next_dagrun for example_setup_teardown to 2025-06-16T01:15:56.770058+00:00, run_after=2025-06-17T01:15:56.770058+00:00
[2025-06-17T04:15:56.807+0300] {processor.py:179} INFO - Processing /home/qwerty/.local/lib/python3.10/site-packages/airflow/example_dags/example_setup_teardown.py took 0.132 seconds
[2025-06-17T04:16:52.892+0300] {processor.py:157} INFO - Started process (PID=19299) to work on /home/qwerty/.local/lib/python3.10/site-packages/airflow/example_dags/example_setup_teardown.py
[2025-06-17T04:16:52.895+0300] {processor.py:829} INFO - Processing file /home/qwerty/.local/lib/python3.10/site-packages/airflow/example_dags/example_setup_teardown.py for tasks to queue
[2025-06-17T04:16:52.896+0300] {logging_mixin.py:151} INFO - [2025-06-17T04:16:52.896+0300] {dagbag.py:539} INFO - Filling up the DagBag from /home/qwerty/.local/lib/python3.10/site-packages/airflow/example_dags/example_setup_teardown.py
[2025-06-17T04:16:52.907+0300] {processor.py:839} INFO - DAG(s) dict_keys(['example_setup_teardown']) retrieved from /home/qwerty/.local/lib/python3.10/site-packages/airflow/example_dags/example_setup_teardown.py
[2025-06-17T04:16:52.927+0300] {logging_mixin.py:151} INFO - [2025-06-17T04:16:52.927+0300] {dag.py:2915} INFO - Sync 1 DAGs
[2025-06-17T04:16:52.950+0300] {logging_mixin.py:151} INFO - [2025-06-17T04:16:52.950+0300] {dag.py:3696} INFO - Setting next_dagrun for example_setup_teardown to 2025-06-16T01:16:52.950179+00:00, run_after=2025-06-17T01:16:52.950179+00:00
[2025-06-17T04:16:52.978+0300] {processor.py:179} INFO - Processing /home/qwerty/.local/lib/python3.10/site-packages/airflow/example_dags/example_setup_teardown.py took 0.097 seconds
[2025-06-17T04:17:44.806+0300] {processor.py:157} INFO - Started process (PID=19356) to work on /home/qwerty/.local/lib/python3.10/site-packages/airflow/example_dags/example_setup_teardown.py
[2025-06-17T04:17:44.808+0300] {processor.py:829} INFO - Processing file /home/qwerty/.local/lib/python3.10/site-packages/airflow/example_dags/example_setup_teardown.py for tasks to queue
[2025-06-17T04:17:44.810+0300] {logging_mixin.py:151} INFO - [2025-06-17T04:17:44.809+0300] {dagbag.py:539} INFO - Filling up the DagBag from /home/qwerty/.local/lib/python3.10/site-packages/airflow/example_dags/example_setup_teardown.py
[2025-06-17T04:17:44.826+0300] {processor.py:839} INFO - DAG(s) dict_keys(['example_setup_teardown']) retrieved from /home/qwerty/.local/lib/python3.10/site-packages/airflow/example_dags/example_setup_teardown.py
[2025-06-17T04:17:44.863+0300] {logging_mixin.py:151} INFO - [2025-06-17T04:17:44.862+0300] {dag.py:2915} INFO - Sync 1 DAGs
[2025-06-17T04:17:44.903+0300] {logging_mixin.py:151} INFO - [2025-06-17T04:17:44.902+0300] {dag.py:3696} INFO - Setting next_dagrun for example_setup_teardown to 2025-06-16T01:17:44.901758+00:00, run_after=2025-06-17T01:17:44.901758+00:00
[2025-06-17T04:17:44.947+0300] {processor.py:179} INFO - Processing /home/qwerty/.local/lib/python3.10/site-packages/airflow/example_dags/example_setup_teardown.py took 0.150 seconds
[2025-06-17T04:18:42.297+0300] {processor.py:157} INFO - Started process (PID=19416) to work on /home/qwerty/.local/lib/python3.10/site-packages/airflow/example_dags/example_setup_teardown.py
[2025-06-17T04:18:42.300+0300] {processor.py:829} INFO - Processing file /home/qwerty/.local/lib/python3.10/site-packages/airflow/example_dags/example_setup_teardown.py for tasks to queue
[2025-06-17T04:18:42.302+0300] {logging_mixin.py:151} INFO - [2025-06-17T04:18:42.301+0300] {dagbag.py:539} INFO - Filling up the DagBag from /home/qwerty/.local/lib/python3.10/site-packages/airflow/example_dags/example_setup_teardown.py
[2025-06-17T04:18:42.315+0300] {processor.py:839} INFO - DAG(s) dict_keys(['example_setup_teardown']) retrieved from /home/qwerty/.local/lib/python3.10/site-packages/airflow/example_dags/example_setup_teardown.py
[2025-06-17T04:18:42.342+0300] {logging_mixin.py:151} INFO - [2025-06-17T04:18:42.342+0300] {dag.py:2915} INFO - Sync 1 DAGs
[2025-06-17T04:18:42.378+0300] {logging_mixin.py:151} INFO - [2025-06-17T04:18:42.378+0300] {dag.py:3696} INFO - Setting next_dagrun for example_setup_teardown to 2025-06-16T01:18:42.377467+00:00, run_after=2025-06-17T01:18:42.377467+00:00
[2025-06-17T04:18:42.416+0300] {processor.py:179} INFO - Processing /home/qwerty/.local/lib/python3.10/site-packages/airflow/example_dags/example_setup_teardown.py took 0.124 seconds
[2025-06-17T04:19:38.579+0300] {processor.py:157} INFO - Started process (PID=19518) to work on /home/qwerty/.local/lib/python3.10/site-packages/airflow/example_dags/example_setup_teardown.py
[2025-06-17T04:19:38.583+0300] {processor.py:829} INFO - Processing file /home/qwerty/.local/lib/python3.10/site-packages/airflow/example_dags/example_setup_teardown.py for tasks to queue
[2025-06-17T04:19:38.584+0300] {logging_mixin.py:151} INFO - [2025-06-17T04:19:38.584+0300] {dagbag.py:539} INFO - Filling up the DagBag from /home/qwerty/.local/lib/python3.10/site-packages/airflow/example_dags/example_setup_teardown.py
[2025-06-17T04:19:38.601+0300] {processor.py:839} INFO - DAG(s) dict_keys(['example_setup_teardown']) retrieved from /home/qwerty/.local/lib/python3.10/site-packages/airflow/example_dags/example_setup_teardown.py
[2025-06-17T04:19:38.642+0300] {logging_mixin.py:151} INFO - [2025-06-17T04:19:38.642+0300] {dag.py:2915} INFO - Sync 1 DAGs
[2025-06-17T04:19:38.673+0300] {logging_mixin.py:151} INFO - [2025-06-17T04:19:38.673+0300] {dag.py:3696} INFO - Setting next_dagrun for example_setup_teardown to 2025-06-16T01:19:38.673138+00:00, run_after=2025-06-17T01:19:38.673138+00:00
[2025-06-17T04:19:38.719+0300] {processor.py:179} INFO - Processing /home/qwerty/.local/lib/python3.10/site-packages/airflow/example_dags/example_setup_teardown.py took 0.147 seconds
[2025-06-17T04:20:29.151+0300] {processor.py:157} INFO - Started process (PID=19572) to work on /home/qwerty/.local/lib/python3.10/site-packages/airflow/example_dags/example_setup_teardown.py
[2025-06-17T04:20:29.153+0300] {processor.py:829} INFO - Processing file /home/qwerty/.local/lib/python3.10/site-packages/airflow/example_dags/example_setup_teardown.py for tasks to queue
[2025-06-17T04:20:29.154+0300] {logging_mixin.py:151} INFO - [2025-06-17T04:20:29.154+0300] {dagbag.py:539} INFO - Filling up the DagBag from /home/qwerty/.local/lib/python3.10/site-packages/airflow/example_dags/example_setup_teardown.py
[2025-06-17T04:20:29.170+0300] {processor.py:839} INFO - DAG(s) dict_keys(['example_setup_teardown']) retrieved from /home/qwerty/.local/lib/python3.10/site-packages/airflow/example_dags/example_setup_teardown.py
[2025-06-17T04:20:29.197+0300] {logging_mixin.py:151} INFO - [2025-06-17T04:20:29.197+0300] {dag.py:2915} INFO - Sync 1 DAGs
[2025-06-17T04:20:29.228+0300] {logging_mixin.py:151} INFO - [2025-06-17T04:20:29.228+0300] {dag.py:3696} INFO - Setting next_dagrun for example_setup_teardown to 2025-06-16T01:20:29.228244+00:00, run_after=2025-06-17T01:20:29.228244+00:00
[2025-06-17T04:20:29.262+0300] {processor.py:179} INFO - Processing /home/qwerty/.local/lib/python3.10/site-packages/airflow/example_dags/example_setup_teardown.py took 0.121 seconds
[2025-06-17T04:21:25.317+0300] {processor.py:157} INFO - Started process (PID=19659) to work on /home/qwerty/.local/lib/python3.10/site-packages/airflow/example_dags/example_setup_teardown.py
[2025-06-17T04:21:25.321+0300] {processor.py:829} INFO - Processing file /home/qwerty/.local/lib/python3.10/site-packages/airflow/example_dags/example_setup_teardown.py for tasks to queue
[2025-06-17T04:21:25.326+0300] {logging_mixin.py:151} INFO - [2025-06-17T04:21:25.325+0300] {dagbag.py:539} INFO - Filling up the DagBag from /home/qwerty/.local/lib/python3.10/site-packages/airflow/example_dags/example_setup_teardown.py
[2025-06-17T04:21:25.344+0300] {processor.py:839} INFO - DAG(s) dict_keys(['example_setup_teardown']) retrieved from /home/qwerty/.local/lib/python3.10/site-packages/airflow/example_dags/example_setup_teardown.py
[2025-06-17T04:21:25.364+0300] {logging_mixin.py:151} INFO - [2025-06-17T04:21:25.364+0300] {dag.py:2915} INFO - Sync 1 DAGs
[2025-06-17T04:21:25.388+0300] {logging_mixin.py:151} INFO - [2025-06-17T04:21:25.388+0300] {dag.py:3696} INFO - Setting next_dagrun for example_setup_teardown to 2025-06-16T01:21:25.387682+00:00, run_after=2025-06-17T01:21:25.387682+00:00
[2025-06-17T04:21:25.419+0300] {processor.py:179} INFO - Processing /home/qwerty/.local/lib/python3.10/site-packages/airflow/example_dags/example_setup_teardown.py took 0.113 seconds
[2025-06-17T04:22:24.749+0300] {processor.py:157} INFO - Started process (PID=19739) to work on /home/qwerty/.local/lib/python3.10/site-packages/airflow/example_dags/example_setup_teardown.py
[2025-06-17T04:22:24.752+0300] {processor.py:829} INFO - Processing file /home/qwerty/.local/lib/python3.10/site-packages/airflow/example_dags/example_setup_teardown.py for tasks to queue
[2025-06-17T04:22:24.755+0300] {logging_mixin.py:151} INFO - [2025-06-17T04:22:24.754+0300] {dagbag.py:539} INFO - Filling up the DagBag from /home/qwerty/.local/lib/python3.10/site-packages/airflow/example_dags/example_setup_teardown.py
[2025-06-17T04:22:24.773+0300] {processor.py:839} INFO - DAG(s) dict_keys(['example_setup_teardown']) retrieved from /home/qwerty/.local/lib/python3.10/site-packages/airflow/example_dags/example_setup_teardown.py
[2025-06-17T04:22:24.793+0300] {logging_mixin.py:151} INFO - [2025-06-17T04:22:24.793+0300] {dag.py:2915} INFO - Sync 1 DAGs
[2025-06-17T04:22:24.814+0300] {logging_mixin.py:151} INFO - [2025-06-17T04:22:24.814+0300] {dag.py:3696} INFO - Setting next_dagrun for example_setup_teardown to 2025-06-16T01:22:24.814141+00:00, run_after=2025-06-17T01:22:24.814141+00:00
[2025-06-17T04:22:24.857+0300] {processor.py:179} INFO - Processing /home/qwerty/.local/lib/python3.10/site-packages/airflow/example_dags/example_setup_teardown.py took 0.118 seconds
[2025-06-17T04:23:19.905+0300] {processor.py:157} INFO - Started process (PID=19821) to work on /home/qwerty/.local/lib/python3.10/site-packages/airflow/example_dags/example_setup_teardown.py
[2025-06-17T04:23:19.909+0300] {processor.py:829} INFO - Processing file /home/qwerty/.local/lib/python3.10/site-packages/airflow/example_dags/example_setup_teardown.py for tasks to queue
[2025-06-17T04:23:19.912+0300] {logging_mixin.py:151} INFO - [2025-06-17T04:23:19.911+0300] {dagbag.py:539} INFO - Filling up the DagBag from /home/qwerty/.local/lib/python3.10/site-packages/airflow/example_dags/example_setup_teardown.py
[2025-06-17T04:23:19.924+0300] {processor.py:839} INFO - DAG(s) dict_keys(['example_setup_teardown']) retrieved from /home/qwerty/.local/lib/python3.10/site-packages/airflow/example_dags/example_setup_teardown.py
[2025-06-17T04:23:19.952+0300] {logging_mixin.py:151} INFO - [2025-06-17T04:23:19.951+0300] {dag.py:2915} INFO - Sync 1 DAGs
[2025-06-17T04:23:19.987+0300] {logging_mixin.py:151} INFO - [2025-06-17T04:23:19.987+0300] {dag.py:3696} INFO - Setting next_dagrun for example_setup_teardown to 2025-06-16T01:23:19.986521+00:00, run_after=2025-06-17T01:23:19.986521+00:00
[2025-06-17T04:23:20.026+0300] {processor.py:179} INFO - Processing /home/qwerty/.local/lib/python3.10/site-packages/airflow/example_dags/example_setup_teardown.py took 0.131 seconds
[2025-06-17T04:24:20.865+0300] {processor.py:157} INFO - Started process (PID=19903) to work on /home/qwerty/.local/lib/python3.10/site-packages/airflow/example_dags/example_setup_teardown.py
[2025-06-17T04:24:20.867+0300] {processor.py:829} INFO - Processing file /home/qwerty/.local/lib/python3.10/site-packages/airflow/example_dags/example_setup_teardown.py for tasks to queue
[2025-06-17T04:24:20.869+0300] {logging_mixin.py:151} INFO - [2025-06-17T04:24:20.868+0300] {dagbag.py:539} INFO - Filling up the DagBag from /home/qwerty/.local/lib/python3.10/site-packages/airflow/example_dags/example_setup_teardown.py
[2025-06-17T04:24:20.883+0300] {processor.py:839} INFO - DAG(s) dict_keys(['example_setup_teardown']) retrieved from /home/qwerty/.local/lib/python3.10/site-packages/airflow/example_dags/example_setup_teardown.py
[2025-06-17T04:24:20.921+0300] {logging_mixin.py:151} INFO - [2025-06-17T04:24:20.921+0300] {dag.py:2915} INFO - Sync 1 DAGs
[2025-06-17T04:24:20.964+0300] {logging_mixin.py:151} INFO - [2025-06-17T04:24:20.964+0300] {dag.py:3696} INFO - Setting next_dagrun for example_setup_teardown to 2025-06-16T01:24:20.963808+00:00, run_after=2025-06-17T01:24:20.963808+00:00
[2025-06-17T04:24:21.011+0300] {processor.py:179} INFO - Processing /home/qwerty/.local/lib/python3.10/site-packages/airflow/example_dags/example_setup_teardown.py took 0.152 seconds
[2025-06-17T04:25:18.992+0300] {processor.py:157} INFO - Started process (PID=19986) to work on /home/qwerty/.local/lib/python3.10/site-packages/airflow/example_dags/example_setup_teardown.py
[2025-06-17T04:25:18.996+0300] {processor.py:829} INFO - Processing file /home/qwerty/.local/lib/python3.10/site-packages/airflow/example_dags/example_setup_teardown.py for tasks to queue
[2025-06-17T04:25:18.998+0300] {logging_mixin.py:151} INFO - [2025-06-17T04:25:18.997+0300] {dagbag.py:539} INFO - Filling up the DagBag from /home/qwerty/.local/lib/python3.10/site-packages/airflow/example_dags/example_setup_teardown.py
[2025-06-17T04:25:19.012+0300] {processor.py:839} INFO - DAG(s) dict_keys(['example_setup_teardown']) retrieved from /home/qwerty/.local/lib/python3.10/site-packages/airflow/example_dags/example_setup_teardown.py
[2025-06-17T04:25:19.047+0300] {logging_mixin.py:151} INFO - [2025-06-17T04:25:19.047+0300] {dag.py:2915} INFO - Sync 1 DAGs
[2025-06-17T04:25:19.081+0300] {logging_mixin.py:151} INFO - [2025-06-17T04:25:19.080+0300] {dag.py:3696} INFO - Setting next_dagrun for example_setup_teardown to 2025-06-16T01:25:19.080249+00:00, run_after=2025-06-17T01:25:19.080249+00:00
[2025-06-17T04:25:19.118+0300] {processor.py:179} INFO - Processing /home/qwerty/.local/lib/python3.10/site-packages/airflow/example_dags/example_setup_teardown.py took 0.133 seconds
[2025-06-17T04:26:14.908+0300] {processor.py:157} INFO - Started process (PID=20038) to work on /home/qwerty/.local/lib/python3.10/site-packages/airflow/example_dags/example_setup_teardown.py
[2025-06-17T04:26:14.910+0300] {processor.py:829} INFO - Processing file /home/qwerty/.local/lib/python3.10/site-packages/airflow/example_dags/example_setup_teardown.py for tasks to queue
[2025-06-17T04:26:14.912+0300] {logging_mixin.py:151} INFO - [2025-06-17T04:26:14.912+0300] {dagbag.py:539} INFO - Filling up the DagBag from /home/qwerty/.local/lib/python3.10/site-packages/airflow/example_dags/example_setup_teardown.py
[2025-06-17T04:26:14.926+0300] {processor.py:839} INFO - DAG(s) dict_keys(['example_setup_teardown']) retrieved from /home/qwerty/.local/lib/python3.10/site-packages/airflow/example_dags/example_setup_teardown.py
[2025-06-17T04:26:14.957+0300] {logging_mixin.py:151} INFO - [2025-06-17T04:26:14.956+0300] {dag.py:2915} INFO - Sync 1 DAGs
[2025-06-17T04:26:14.991+0300] {logging_mixin.py:151} INFO - [2025-06-17T04:26:14.990+0300] {dag.py:3696} INFO - Setting next_dagrun for example_setup_teardown to 2025-06-16T01:26:14.990218+00:00, run_after=2025-06-17T01:26:14.990218+00:00
[2025-06-17T04:26:15.033+0300] {processor.py:179} INFO - Processing /home/qwerty/.local/lib/python3.10/site-packages/airflow/example_dags/example_setup_teardown.py took 0.135 seconds
[2025-06-17T04:27:05.706+0300] {processor.py:157} INFO - Started process (PID=20087) to work on /home/qwerty/.local/lib/python3.10/site-packages/airflow/example_dags/example_setup_teardown.py
[2025-06-17T04:27:05.708+0300] {processor.py:829} INFO - Processing file /home/qwerty/.local/lib/python3.10/site-packages/airflow/example_dags/example_setup_teardown.py for tasks to queue
[2025-06-17T04:27:05.710+0300] {logging_mixin.py:151} INFO - [2025-06-17T04:27:05.709+0300] {dagbag.py:539} INFO - Filling up the DagBag from /home/qwerty/.local/lib/python3.10/site-packages/airflow/example_dags/example_setup_teardown.py
[2025-06-17T04:27:05.727+0300] {processor.py:839} INFO - DAG(s) dict_keys(['example_setup_teardown']) retrieved from /home/qwerty/.local/lib/python3.10/site-packages/airflow/example_dags/example_setup_teardown.py
[2025-06-17T04:27:05.779+0300] {logging_mixin.py:151} INFO - [2025-06-17T04:27:05.778+0300] {dag.py:2915} INFO - Sync 1 DAGs
[2025-06-17T04:27:05.832+0300] {logging_mixin.py:151} INFO - [2025-06-17T04:27:05.831+0300] {dag.py:3696} INFO - Setting next_dagrun for example_setup_teardown to 2025-06-16T01:27:05.830748+00:00, run_after=2025-06-17T01:27:05.830748+00:00
[2025-06-17T04:27:05.894+0300] {processor.py:179} INFO - Processing /home/qwerty/.local/lib/python3.10/site-packages/airflow/example_dags/example_setup_teardown.py took 0.200 seconds
[2025-06-17T04:27:57.484+0300] {processor.py:157} INFO - Started process (PID=20155) to work on /home/qwerty/.local/lib/python3.10/site-packages/airflow/example_dags/example_setup_teardown.py
[2025-06-17T04:27:57.490+0300] {processor.py:829} INFO - Processing file /home/qwerty/.local/lib/python3.10/site-packages/airflow/example_dags/example_setup_teardown.py for tasks to queue
[2025-06-17T04:27:57.492+0300] {logging_mixin.py:151} INFO - [2025-06-17T04:27:57.491+0300] {dagbag.py:539} INFO - Filling up the DagBag from /home/qwerty/.local/lib/python3.10/site-packages/airflow/example_dags/example_setup_teardown.py
[2025-06-17T04:27:57.514+0300] {processor.py:839} INFO - DAG(s) dict_keys(['example_setup_teardown']) retrieved from /home/qwerty/.local/lib/python3.10/site-packages/airflow/example_dags/example_setup_teardown.py
[2025-06-17T04:27:57.558+0300] {logging_mixin.py:151} INFO - [2025-06-17T04:27:57.557+0300] {dag.py:2915} INFO - Sync 1 DAGs
[2025-06-17T04:27:57.606+0300] {logging_mixin.py:151} INFO - [2025-06-17T04:27:57.606+0300] {dag.py:3696} INFO - Setting next_dagrun for example_setup_teardown to 2025-06-16T01:27:57.605678+00:00, run_after=2025-06-17T01:27:57.605678+00:00
[2025-06-17T04:27:57.670+0300] {processor.py:179} INFO - Processing /home/qwerty/.local/lib/python3.10/site-packages/airflow/example_dags/example_setup_teardown.py took 0.192 seconds
[2025-06-17T04:28:47.237+0300] {processor.py:157} INFO - Started process (PID=20219) to work on /home/qwerty/.local/lib/python3.10/site-packages/airflow/example_dags/example_setup_teardown.py
[2025-06-17T04:28:47.241+0300] {processor.py:829} INFO - Processing file /home/qwerty/.local/lib/python3.10/site-packages/airflow/example_dags/example_setup_teardown.py for tasks to queue
[2025-06-17T04:28:47.244+0300] {logging_mixin.py:151} INFO - [2025-06-17T04:28:47.243+0300] {dagbag.py:539} INFO - Filling up the DagBag from /home/qwerty/.local/lib/python3.10/site-packages/airflow/example_dags/example_setup_teardown.py
[2025-06-17T04:28:47.254+0300] {processor.py:839} INFO - DAG(s) dict_keys(['example_setup_teardown']) retrieved from /home/qwerty/.local/lib/python3.10/site-packages/airflow/example_dags/example_setup_teardown.py
[2025-06-17T04:28:47.277+0300] {logging_mixin.py:151} INFO - [2025-06-17T04:28:47.277+0300] {dag.py:2915} INFO - Sync 1 DAGs
[2025-06-17T04:28:47.302+0300] {logging_mixin.py:151} INFO - [2025-06-17T04:28:47.302+0300] {dag.py:3696} INFO - Setting next_dagrun for example_setup_teardown to 2025-06-16T01:28:47.301736+00:00, run_after=2025-06-17T01:28:47.301736+00:00
[2025-06-17T04:28:47.329+0300] {processor.py:179} INFO - Processing /home/qwerty/.local/lib/python3.10/site-packages/airflow/example_dags/example_setup_teardown.py took 0.102 seconds
[2025-06-17T04:29:50.364+0300] {processor.py:157} INFO - Started process (PID=20285) to work on /home/qwerty/.local/lib/python3.10/site-packages/airflow/example_dags/example_setup_teardown.py
[2025-06-17T04:29:50.366+0300] {processor.py:829} INFO - Processing file /home/qwerty/.local/lib/python3.10/site-packages/airflow/example_dags/example_setup_teardown.py for tasks to queue
[2025-06-17T04:29:50.367+0300] {logging_mixin.py:151} INFO - [2025-06-17T04:29:50.366+0300] {dagbag.py:539} INFO - Filling up the DagBag from /home/qwerty/.local/lib/python3.10/site-packages/airflow/example_dags/example_setup_teardown.py
[2025-06-17T04:29:50.376+0300] {processor.py:839} INFO - DAG(s) dict_keys(['example_setup_teardown']) retrieved from /home/qwerty/.local/lib/python3.10/site-packages/airflow/example_dags/example_setup_teardown.py
[2025-06-17T04:29:50.395+0300] {logging_mixin.py:151} INFO - [2025-06-17T04:29:50.394+0300] {dag.py:2915} INFO - Sync 1 DAGs
[2025-06-17T04:29:50.417+0300] {logging_mixin.py:151} INFO - [2025-06-17T04:29:50.417+0300] {dag.py:3696} INFO - Setting next_dagrun for example_setup_teardown to 2025-06-16T01:29:50.416942+00:00, run_after=2025-06-17T01:29:50.416942+00:00
[2025-06-17T04:29:50.442+0300] {processor.py:179} INFO - Processing /home/qwerty/.local/lib/python3.10/site-packages/airflow/example_dags/example_setup_teardown.py took 0.088 seconds
[2025-06-17T04:30:47.138+0300] {processor.py:157} INFO - Started process (PID=20346) to work on /home/qwerty/.local/lib/python3.10/site-packages/airflow/example_dags/example_setup_teardown.py
[2025-06-17T04:30:47.141+0300] {processor.py:829} INFO - Processing file /home/qwerty/.local/lib/python3.10/site-packages/airflow/example_dags/example_setup_teardown.py for tasks to queue
[2025-06-17T04:30:47.144+0300] {logging_mixin.py:151} INFO - [2025-06-17T04:30:47.143+0300] {dagbag.py:539} INFO - Filling up the DagBag from /home/qwerty/.local/lib/python3.10/site-packages/airflow/example_dags/example_setup_teardown.py
[2025-06-17T04:30:47.162+0300] {processor.py:839} INFO - DAG(s) dict_keys(['example_setup_teardown']) retrieved from /home/qwerty/.local/lib/python3.10/site-packages/airflow/example_dags/example_setup_teardown.py
[2025-06-17T04:30:47.190+0300] {logging_mixin.py:151} INFO - [2025-06-17T04:30:47.190+0300] {dag.py:2915} INFO - Sync 1 DAGs
[2025-06-17T04:30:47.225+0300] {logging_mixin.py:151} INFO - [2025-06-17T04:30:47.224+0300] {dag.py:3696} INFO - Setting next_dagrun for example_setup_teardown to 2025-06-16T01:30:47.224413+00:00, run_after=2025-06-17T01:30:47.224413+00:00
[2025-06-17T04:30:47.267+0300] {processor.py:179} INFO - Processing /home/qwerty/.local/lib/python3.10/site-packages/airflow/example_dags/example_setup_teardown.py took 0.140 seconds
