[2025-06-17T04:07:26.265+0300] {processor.py:157} INFO - Started process (PID=18659) to work on /home/qwerty/.local/lib/python3.10/site-packages/airflow/example_dags/example_bash_operator.py
[2025-06-17T04:07:26.268+0300] {processor.py:829} INFO - Processing file /home/qwerty/.local/lib/python3.10/site-packages/airflow/example_dags/example_bash_operator.py for tasks to queue
[2025-06-17T04:07:26.269+0300] {logging_mixin.py:151} INFO - [2025-06-17T04:07:26.269+0300] {dagbag.py:539} INFO - Filling up the DagBag from /home/qwerty/.local/lib/python3.10/site-packages/airflow/example_dags/example_bash_operator.py
[2025-06-17T04:07:26.295+0300] {processor.py:839} INFO - DAG(s) dict_keys(['example_bash_operator']) retrieved from /home/qwerty/.local/lib/python3.10/site-packages/airflow/example_dags/example_bash_operator.py
[2025-06-17T04:07:26.367+0300] {logging_mixin.py:151} INFO - [2025-06-17T04:07:26.367+0300] {dag.py:2915} INFO - Sync 1 DAGs
[2025-06-17T04:07:26.425+0300] {logging_mixin.py:151} INFO - [2025-06-17T04:07:26.425+0300] {dag.py:3696} INFO - Setting next_dagrun for example_bash_operator to 2025-06-16T00:00:00+00:00, run_after=2025-06-17T00:00:00+00:00
[2025-06-17T04:07:26.484+0300] {processor.py:179} INFO - Processing /home/qwerty/.local/lib/python3.10/site-packages/airflow/example_dags/example_bash_operator.py took 0.227 seconds
[2025-06-17T04:08:26.688+0300] {processor.py:157} INFO - Started process (PID=18748) to work on /home/qwerty/.local/lib/python3.10/site-packages/airflow/example_dags/example_bash_operator.py
[2025-06-17T04:08:26.691+0300] {processor.py:829} INFO - Processing file /home/qwerty/.local/lib/python3.10/site-packages/airflow/example_dags/example_bash_operator.py for tasks to queue
[2025-06-17T04:08:26.693+0300] {logging_mixin.py:151} INFO - [2025-06-17T04:08:26.692+0300] {dagbag.py:539} INFO - Filling up the DagBag from /home/qwerty/.local/lib/python3.10/site-packages/airflow/example_dags/example_bash_operator.py
[2025-06-17T04:08:26.725+0300] {processor.py:839} INFO - DAG(s) dict_keys(['example_bash_operator']) retrieved from /home/qwerty/.local/lib/python3.10/site-packages/airflow/example_dags/example_bash_operator.py
[2025-06-17T04:08:26.800+0300] {logging_mixin.py:151} INFO - [2025-06-17T04:08:26.799+0300] {dag.py:2915} INFO - Sync 1 DAGs
[2025-06-17T04:08:26.859+0300] {logging_mixin.py:151} INFO - [2025-06-17T04:08:26.858+0300] {dag.py:3696} INFO - Setting next_dagrun for example_bash_operator to 2025-06-16T00:00:00+00:00, run_after=2025-06-17T00:00:00+00:00
[2025-06-17T04:08:26.912+0300] {processor.py:179} INFO - Processing /home/qwerty/.local/lib/python3.10/site-packages/airflow/example_dags/example_bash_operator.py took 0.231 seconds
[2025-06-17T04:09:23.941+0300] {processor.py:157} INFO - Started process (PID=18813) to work on /home/qwerty/.local/lib/python3.10/site-packages/airflow/example_dags/example_bash_operator.py
[2025-06-17T04:09:23.946+0300] {processor.py:829} INFO - Processing file /home/qwerty/.local/lib/python3.10/site-packages/airflow/example_dags/example_bash_operator.py for tasks to queue
[2025-06-17T04:09:23.948+0300] {logging_mixin.py:151} INFO - [2025-06-17T04:09:23.947+0300] {dagbag.py:539} INFO - Filling up the DagBag from /home/qwerty/.local/lib/python3.10/site-packages/airflow/example_dags/example_bash_operator.py
[2025-06-17T04:09:23.972+0300] {processor.py:839} INFO - DAG(s) dict_keys(['example_bash_operator']) retrieved from /home/qwerty/.local/lib/python3.10/site-packages/airflow/example_dags/example_bash_operator.py
[2025-06-17T04:09:24.016+0300] {logging_mixin.py:151} INFO - [2025-06-17T04:09:24.016+0300] {dag.py:2915} INFO - Sync 1 DAGs
[2025-06-17T04:09:24.054+0300] {logging_mixin.py:151} INFO - [2025-06-17T04:09:24.054+0300] {dag.py:3696} INFO - Setting next_dagrun for example_bash_operator to 2025-06-16T00:00:00+00:00, run_after=2025-06-17T00:00:00+00:00
[2025-06-17T04:09:24.092+0300] {processor.py:179} INFO - Processing /home/qwerty/.local/lib/python3.10/site-packages/airflow/example_dags/example_bash_operator.py took 0.157 seconds
[2025-06-17T04:10:50.101+0300] {processor.py:157} INFO - Started process (PID=18893) to work on /home/qwerty/.local/lib/python3.10/site-packages/airflow/example_dags/example_bash_operator.py
[2025-06-17T04:10:50.104+0300] {processor.py:829} INFO - Processing file /home/qwerty/.local/lib/python3.10/site-packages/airflow/example_dags/example_bash_operator.py for tasks to queue
[2025-06-17T04:10:50.107+0300] {logging_mixin.py:151} INFO - [2025-06-17T04:10:50.106+0300] {dagbag.py:539} INFO - Filling up the DagBag from /home/qwerty/.local/lib/python3.10/site-packages/airflow/example_dags/example_bash_operator.py
[2025-06-17T04:10:50.138+0300] {processor.py:839} INFO - DAG(s) dict_keys(['example_bash_operator']) retrieved from /home/qwerty/.local/lib/python3.10/site-packages/airflow/example_dags/example_bash_operator.py
[2025-06-17T04:10:50.205+0300] {logging_mixin.py:151} INFO - [2025-06-17T04:10:50.205+0300] {dag.py:2915} INFO - Sync 1 DAGs
[2025-06-17T04:10:50.258+0300] {logging_mixin.py:151} INFO - [2025-06-17T04:10:50.258+0300] {dag.py:3696} INFO - Setting next_dagrun for example_bash_operator to 2025-06-16T00:00:00+00:00, run_after=2025-06-17T00:00:00+00:00
[2025-06-17T04:10:50.309+0300] {processor.py:179} INFO - Processing /home/qwerty/.local/lib/python3.10/site-packages/airflow/example_dags/example_bash_operator.py took 0.217 seconds
[2025-06-17T04:12:16.077+0300] {processor.py:157} INFO - Started process (PID=19002) to work on /home/qwerty/.local/lib/python3.10/site-packages/airflow/example_dags/example_bash_operator.py
[2025-06-17T04:12:16.080+0300] {processor.py:829} INFO - Processing file /home/qwerty/.local/lib/python3.10/site-packages/airflow/example_dags/example_bash_operator.py for tasks to queue
[2025-06-17T04:12:16.081+0300] {logging_mixin.py:151} INFO - [2025-06-17T04:12:16.081+0300] {dagbag.py:539} INFO - Filling up the DagBag from /home/qwerty/.local/lib/python3.10/site-packages/airflow/example_dags/example_bash_operator.py
[2025-06-17T04:12:16.104+0300] {processor.py:839} INFO - DAG(s) dict_keys(['example_bash_operator']) retrieved from /home/qwerty/.local/lib/python3.10/site-packages/airflow/example_dags/example_bash_operator.py
[2025-06-17T04:12:16.156+0300] {logging_mixin.py:151} INFO - [2025-06-17T04:12:16.156+0300] {dag.py:2915} INFO - Sync 1 DAGs
[2025-06-17T04:12:16.196+0300] {logging_mixin.py:151} INFO - [2025-06-17T04:12:16.196+0300] {dag.py:3696} INFO - Setting next_dagrun for example_bash_operator to 2025-06-16T00:00:00+00:00, run_after=2025-06-17T00:00:00+00:00
[2025-06-17T04:12:16.235+0300] {processor.py:179} INFO - Processing /home/qwerty/.local/lib/python3.10/site-packages/airflow/example_dags/example_bash_operator.py took 0.165 seconds
[2025-06-17T04:13:14.691+0300] {processor.py:157} INFO - Started process (PID=19066) to work on /home/qwerty/.local/lib/python3.10/site-packages/airflow/example_dags/example_bash_operator.py
[2025-06-17T04:13:14.693+0300] {processor.py:829} INFO - Processing file /home/qwerty/.local/lib/python3.10/site-packages/airflow/example_dags/example_bash_operator.py for tasks to queue
[2025-06-17T04:13:14.694+0300] {logging_mixin.py:151} INFO - [2025-06-17T04:13:14.693+0300] {dagbag.py:539} INFO - Filling up the DagBag from /home/qwerty/.local/lib/python3.10/site-packages/airflow/example_dags/example_bash_operator.py
[2025-06-17T04:13:14.707+0300] {processor.py:839} INFO - DAG(s) dict_keys(['example_bash_operator']) retrieved from /home/qwerty/.local/lib/python3.10/site-packages/airflow/example_dags/example_bash_operator.py
[2025-06-17T04:13:14.737+0300] {logging_mixin.py:151} INFO - [2025-06-17T04:13:14.736+0300] {dag.py:2915} INFO - Sync 1 DAGs
[2025-06-17T04:13:14.762+0300] {logging_mixin.py:151} INFO - [2025-06-17T04:13:14.761+0300] {dag.py:3696} INFO - Setting next_dagrun for example_bash_operator to 2025-06-16T00:00:00+00:00, run_after=2025-06-17T00:00:00+00:00
[2025-06-17T04:13:14.799+0300] {processor.py:179} INFO - Processing /home/qwerty/.local/lib/python3.10/site-packages/airflow/example_dags/example_bash_operator.py took 0.115 seconds
[2025-06-17T04:14:11.449+0300] {processor.py:157} INFO - Started process (PID=19116) to work on /home/qwerty/.local/lib/python3.10/site-packages/airflow/example_dags/example_bash_operator.py
[2025-06-17T04:14:11.452+0300] {processor.py:829} INFO - Processing file /home/qwerty/.local/lib/python3.10/site-packages/airflow/example_dags/example_bash_operator.py for tasks to queue
[2025-06-17T04:14:11.455+0300] {logging_mixin.py:151} INFO - [2025-06-17T04:14:11.453+0300] {dagbag.py:539} INFO - Filling up the DagBag from /home/qwerty/.local/lib/python3.10/site-packages/airflow/example_dags/example_bash_operator.py
[2025-06-17T04:14:11.492+0300] {processor.py:839} INFO - DAG(s) dict_keys(['example_bash_operator']) retrieved from /home/qwerty/.local/lib/python3.10/site-packages/airflow/example_dags/example_bash_operator.py
[2025-06-17T04:14:11.550+0300] {logging_mixin.py:151} INFO - [2025-06-17T04:14:11.550+0300] {dag.py:2915} INFO - Sync 1 DAGs
[2025-06-17T04:14:11.592+0300] {logging_mixin.py:151} INFO - [2025-06-17T04:14:11.592+0300] {dag.py:3696} INFO - Setting next_dagrun for example_bash_operator to 2025-06-16T00:00:00+00:00, run_after=2025-06-17T00:00:00+00:00
[2025-06-17T04:14:11.645+0300] {processor.py:179} INFO - Processing /home/qwerty/.local/lib/python3.10/site-packages/airflow/example_dags/example_bash_operator.py took 0.204 seconds
[2025-06-17T04:15:14.971+0300] {processor.py:157} INFO - Started process (PID=19178) to work on /home/qwerty/.local/lib/python3.10/site-packages/airflow/example_dags/example_bash_operator.py
[2025-06-17T04:15:14.975+0300] {processor.py:829} INFO - Processing file /home/qwerty/.local/lib/python3.10/site-packages/airflow/example_dags/example_bash_operator.py for tasks to queue
[2025-06-17T04:15:14.977+0300] {logging_mixin.py:151} INFO - [2025-06-17T04:15:14.976+0300] {dagbag.py:539} INFO - Filling up the DagBag from /home/qwerty/.local/lib/python3.10/site-packages/airflow/example_dags/example_bash_operator.py
[2025-06-17T04:15:15.003+0300] {processor.py:839} INFO - DAG(s) dict_keys(['example_bash_operator']) retrieved from /home/qwerty/.local/lib/python3.10/site-packages/airflow/example_dags/example_bash_operator.py
[2025-06-17T04:15:15.060+0300] {logging_mixin.py:151} INFO - [2025-06-17T04:15:15.059+0300] {dag.py:2915} INFO - Sync 1 DAGs
[2025-06-17T04:15:15.115+0300] {logging_mixin.py:151} INFO - [2025-06-17T04:15:15.115+0300] {dag.py:3696} INFO - Setting next_dagrun for example_bash_operator to 2025-06-16T00:00:00+00:00, run_after=2025-06-17T00:00:00+00:00
[2025-06-17T04:15:15.166+0300] {processor.py:179} INFO - Processing /home/qwerty/.local/lib/python3.10/site-packages/airflow/example_dags/example_bash_operator.py took 0.204 seconds
[2025-06-17T04:16:14.401+0300] {processor.py:157} INFO - Started process (PID=19231) to work on /home/qwerty/.local/lib/python3.10/site-packages/airflow/example_dags/example_bash_operator.py
[2025-06-17T04:16:14.404+0300] {processor.py:829} INFO - Processing file /home/qwerty/.local/lib/python3.10/site-packages/airflow/example_dags/example_bash_operator.py for tasks to queue
[2025-06-17T04:16:14.407+0300] {logging_mixin.py:151} INFO - [2025-06-17T04:16:14.406+0300] {dagbag.py:539} INFO - Filling up the DagBag from /home/qwerty/.local/lib/python3.10/site-packages/airflow/example_dags/example_bash_operator.py
[2025-06-17T04:16:14.432+0300] {processor.py:839} INFO - DAG(s) dict_keys(['example_bash_operator']) retrieved from /home/qwerty/.local/lib/python3.10/site-packages/airflow/example_dags/example_bash_operator.py
[2025-06-17T04:16:14.472+0300] {logging_mixin.py:151} INFO - [2025-06-17T04:16:14.472+0300] {dag.py:2915} INFO - Sync 1 DAGs
[2025-06-17T04:16:14.509+0300] {logging_mixin.py:151} INFO - [2025-06-17T04:16:14.509+0300] {dag.py:3696} INFO - Setting next_dagrun for example_bash_operator to 2025-06-16T00:00:00+00:00, run_after=2025-06-17T00:00:00+00:00
[2025-06-17T04:16:14.551+0300] {processor.py:179} INFO - Processing /home/qwerty/.local/lib/python3.10/site-packages/airflow/example_dags/example_bash_operator.py took 0.157 seconds
[2025-06-17T04:17:09.294+0300] {processor.py:157} INFO - Started process (PID=19318) to work on /home/qwerty/.local/lib/python3.10/site-packages/airflow/example_dags/example_bash_operator.py
[2025-06-17T04:17:09.297+0300] {processor.py:829} INFO - Processing file /home/qwerty/.local/lib/python3.10/site-packages/airflow/example_dags/example_bash_operator.py for tasks to queue
[2025-06-17T04:17:09.300+0300] {logging_mixin.py:151} INFO - [2025-06-17T04:17:09.299+0300] {dagbag.py:539} INFO - Filling up the DagBag from /home/qwerty/.local/lib/python3.10/site-packages/airflow/example_dags/example_bash_operator.py
[2025-06-17T04:17:09.326+0300] {processor.py:839} INFO - DAG(s) dict_keys(['example_bash_operator']) retrieved from /home/qwerty/.local/lib/python3.10/site-packages/airflow/example_dags/example_bash_operator.py
[2025-06-17T04:17:09.365+0300] {logging_mixin.py:151} INFO - [2025-06-17T04:17:09.365+0300] {dag.py:2915} INFO - Sync 1 DAGs
[2025-06-17T04:17:09.400+0300] {logging_mixin.py:151} INFO - [2025-06-17T04:17:09.400+0300] {dag.py:3696} INFO - Setting next_dagrun for example_bash_operator to 2025-06-16T00:00:00+00:00, run_after=2025-06-17T00:00:00+00:00
[2025-06-17T04:17:09.431+0300] {processor.py:179} INFO - Processing /home/qwerty/.local/lib/python3.10/site-packages/airflow/example_dags/example_bash_operator.py took 0.147 seconds
[2025-06-17T04:18:33.310+0300] {processor.py:157} INFO - Started process (PID=19408) to work on /home/qwerty/.local/lib/python3.10/site-packages/airflow/example_dags/example_bash_operator.py
[2025-06-17T04:18:33.316+0300] {processor.py:829} INFO - Processing file /home/qwerty/.local/lib/python3.10/site-packages/airflow/example_dags/example_bash_operator.py for tasks to queue
[2025-06-17T04:18:33.320+0300] {logging_mixin.py:151} INFO - [2025-06-17T04:18:33.318+0300] {dagbag.py:539} INFO - Filling up the DagBag from /home/qwerty/.local/lib/python3.10/site-packages/airflow/example_dags/example_bash_operator.py
[2025-06-17T04:18:33.361+0300] {processor.py:839} INFO - DAG(s) dict_keys(['example_bash_operator']) retrieved from /home/qwerty/.local/lib/python3.10/site-packages/airflow/example_dags/example_bash_operator.py
[2025-06-17T04:18:33.420+0300] {logging_mixin.py:151} INFO - [2025-06-17T04:18:33.420+0300] {dag.py:2915} INFO - Sync 1 DAGs
[2025-06-17T04:18:33.458+0300] {logging_mixin.py:151} INFO - [2025-06-17T04:18:33.458+0300] {dag.py:3696} INFO - Setting next_dagrun for example_bash_operator to 2025-06-16T00:00:00+00:00, run_after=2025-06-17T00:00:00+00:00
[2025-06-17T04:18:33.503+0300] {processor.py:179} INFO - Processing /home/qwerty/.local/lib/python3.10/site-packages/airflow/example_dags/example_bash_operator.py took 0.207 seconds
[2025-06-17T04:19:31.909+0300] {processor.py:157} INFO - Started process (PID=19512) to work on /home/qwerty/.local/lib/python3.10/site-packages/airflow/example_dags/example_bash_operator.py
[2025-06-17T04:19:31.911+0300] {processor.py:829} INFO - Processing file /home/qwerty/.local/lib/python3.10/site-packages/airflow/example_dags/example_bash_operator.py for tasks to queue
[2025-06-17T04:19:31.914+0300] {logging_mixin.py:151} INFO - [2025-06-17T04:19:31.913+0300] {dagbag.py:539} INFO - Filling up the DagBag from /home/qwerty/.local/lib/python3.10/site-packages/airflow/example_dags/example_bash_operator.py
[2025-06-17T04:19:31.944+0300] {processor.py:839} INFO - DAG(s) dict_keys(['example_bash_operator']) retrieved from /home/qwerty/.local/lib/python3.10/site-packages/airflow/example_dags/example_bash_operator.py
[2025-06-17T04:19:31.972+0300] {logging_mixin.py:151} INFO - [2025-06-17T04:19:31.972+0300] {dag.py:2915} INFO - Sync 1 DAGs
[2025-06-17T04:19:31.999+0300] {logging_mixin.py:151} INFO - [2025-06-17T04:19:31.998+0300] {dag.py:3696} INFO - Setting next_dagrun for example_bash_operator to 2025-06-16T00:00:00+00:00, run_after=2025-06-17T00:00:00+00:00
[2025-06-17T04:19:32.029+0300] {processor.py:179} INFO - Processing /home/qwerty/.local/lib/python3.10/site-packages/airflow/example_dags/example_bash_operator.py took 0.125 seconds
[2025-06-17T04:20:49.787+0300] {processor.py:157} INFO - Started process (PID=19599) to work on /home/qwerty/.local/lib/python3.10/site-packages/airflow/example_dags/example_bash_operator.py
[2025-06-17T04:20:49.790+0300] {processor.py:829} INFO - Processing file /home/qwerty/.local/lib/python3.10/site-packages/airflow/example_dags/example_bash_operator.py for tasks to queue
[2025-06-17T04:20:49.792+0300] {logging_mixin.py:151} INFO - [2025-06-17T04:20:49.791+0300] {dagbag.py:539} INFO - Filling up the DagBag from /home/qwerty/.local/lib/python3.10/site-packages/airflow/example_dags/example_bash_operator.py
[2025-06-17T04:20:49.810+0300] {processor.py:839} INFO - DAG(s) dict_keys(['example_bash_operator']) retrieved from /home/qwerty/.local/lib/python3.10/site-packages/airflow/example_dags/example_bash_operator.py
[2025-06-17T04:20:49.841+0300] {logging_mixin.py:151} INFO - [2025-06-17T04:20:49.841+0300] {dag.py:2915} INFO - Sync 1 DAGs
[2025-06-17T04:20:49.866+0300] {logging_mixin.py:151} INFO - [2025-06-17T04:20:49.865+0300] {dag.py:3696} INFO - Setting next_dagrun for example_bash_operator to 2025-06-16T00:00:00+00:00, run_after=2025-06-17T00:00:00+00:00
[2025-06-17T04:20:49.895+0300] {processor.py:179} INFO - Processing /home/qwerty/.local/lib/python3.10/site-packages/airflow/example_dags/example_bash_operator.py took 0.119 seconds
[2025-06-17T04:22:15.022+0300] {processor.py:157} INFO - Started process (PID=19726) to work on /home/qwerty/.local/lib/python3.10/site-packages/airflow/example_dags/example_bash_operator.py
[2025-06-17T04:22:15.026+0300] {processor.py:829} INFO - Processing file /home/qwerty/.local/lib/python3.10/site-packages/airflow/example_dags/example_bash_operator.py for tasks to queue
[2025-06-17T04:22:15.029+0300] {logging_mixin.py:151} INFO - [2025-06-17T04:22:15.028+0300] {dagbag.py:539} INFO - Filling up the DagBag from /home/qwerty/.local/lib/python3.10/site-packages/airflow/example_dags/example_bash_operator.py
[2025-06-17T04:22:15.056+0300] {processor.py:839} INFO - DAG(s) dict_keys(['example_bash_operator']) retrieved from /home/qwerty/.local/lib/python3.10/site-packages/airflow/example_dags/example_bash_operator.py
[2025-06-17T04:22:15.099+0300] {logging_mixin.py:151} INFO - [2025-06-17T04:22:15.099+0300] {dag.py:2915} INFO - Sync 1 DAGs
[2025-06-17T04:22:15.122+0300] {logging_mixin.py:151} INFO - [2025-06-17T04:22:15.122+0300] {dag.py:3696} INFO - Setting next_dagrun for example_bash_operator to 2025-06-16T00:00:00+00:00, run_after=2025-06-17T00:00:00+00:00
[2025-06-17T04:22:15.149+0300] {processor.py:179} INFO - Processing /home/qwerty/.local/lib/python3.10/site-packages/airflow/example_dags/example_bash_operator.py took 0.135 seconds
[2025-06-17T04:23:11.468+0300] {processor.py:157} INFO - Started process (PID=19810) to work on /home/qwerty/.local/lib/python3.10/site-packages/airflow/example_dags/example_bash_operator.py
[2025-06-17T04:23:11.472+0300] {processor.py:829} INFO - Processing file /home/qwerty/.local/lib/python3.10/site-packages/airflow/example_dags/example_bash_operator.py for tasks to queue
[2025-06-17T04:23:11.474+0300] {logging_mixin.py:151} INFO - [2025-06-17T04:23:11.473+0300] {dagbag.py:539} INFO - Filling up the DagBag from /home/qwerty/.local/lib/python3.10/site-packages/airflow/example_dags/example_bash_operator.py
[2025-06-17T04:23:11.499+0300] {processor.py:839} INFO - DAG(s) dict_keys(['example_bash_operator']) retrieved from /home/qwerty/.local/lib/python3.10/site-packages/airflow/example_dags/example_bash_operator.py
[2025-06-17T04:23:11.564+0300] {logging_mixin.py:151} INFO - [2025-06-17T04:23:11.564+0300] {dag.py:2915} INFO - Sync 1 DAGs
[2025-06-17T04:23:11.670+0300] {logging_mixin.py:151} INFO - [2025-06-17T04:23:11.657+0300] {dag.py:3696} INFO - Setting next_dagrun for example_bash_operator to 2025-06-16T00:00:00+00:00, run_after=2025-06-17T00:00:00+00:00
[2025-06-17T04:23:11.829+0300] {processor.py:179} INFO - Processing /home/qwerty/.local/lib/python3.10/site-packages/airflow/example_dags/example_bash_operator.py took 0.367 seconds
[2025-06-17T04:24:08.235+0300] {processor.py:157} INFO - Started process (PID=19892) to work on /home/qwerty/.local/lib/python3.10/site-packages/airflow/example_dags/example_bash_operator.py
[2025-06-17T04:24:08.242+0300] {processor.py:829} INFO - Processing file /home/qwerty/.local/lib/python3.10/site-packages/airflow/example_dags/example_bash_operator.py for tasks to queue
[2025-06-17T04:24:08.244+0300] {logging_mixin.py:151} INFO - [2025-06-17T04:24:08.243+0300] {dagbag.py:539} INFO - Filling up the DagBag from /home/qwerty/.local/lib/python3.10/site-packages/airflow/example_dags/example_bash_operator.py
[2025-06-17T04:24:08.267+0300] {processor.py:839} INFO - DAG(s) dict_keys(['example_bash_operator']) retrieved from /home/qwerty/.local/lib/python3.10/site-packages/airflow/example_dags/example_bash_operator.py
[2025-06-17T04:24:08.299+0300] {logging_mixin.py:151} INFO - [2025-06-17T04:24:08.298+0300] {dag.py:2915} INFO - Sync 1 DAGs
[2025-06-17T04:24:08.328+0300] {logging_mixin.py:151} INFO - [2025-06-17T04:24:08.327+0300] {dag.py:3696} INFO - Setting next_dagrun for example_bash_operator to 2025-06-16T00:00:00+00:00, run_after=2025-06-17T00:00:00+00:00
[2025-06-17T04:24:08.363+0300] {processor.py:179} INFO - Processing /home/qwerty/.local/lib/python3.10/site-packages/airflow/example_dags/example_bash_operator.py took 0.138 seconds
[2025-06-17T04:25:42.070+0300] {processor.py:157} INFO - Started process (PID=20006) to work on /home/qwerty/.local/lib/python3.10/site-packages/airflow/example_dags/example_bash_operator.py
[2025-06-17T04:25:42.074+0300] {processor.py:829} INFO - Processing file /home/qwerty/.local/lib/python3.10/site-packages/airflow/example_dags/example_bash_operator.py for tasks to queue
[2025-06-17T04:25:42.076+0300] {logging_mixin.py:151} INFO - [2025-06-17T04:25:42.076+0300] {dagbag.py:539} INFO - Filling up the DagBag from /home/qwerty/.local/lib/python3.10/site-packages/airflow/example_dags/example_bash_operator.py
[2025-06-17T04:25:42.100+0300] {processor.py:839} INFO - DAG(s) dict_keys(['example_bash_operator']) retrieved from /home/qwerty/.local/lib/python3.10/site-packages/airflow/example_dags/example_bash_operator.py
[2025-06-17T04:25:42.148+0300] {logging_mixin.py:151} INFO - [2025-06-17T04:25:42.147+0300] {dag.py:2915} INFO - Sync 1 DAGs
[2025-06-17T04:25:42.189+0300] {logging_mixin.py:151} INFO - [2025-06-17T04:25:42.188+0300] {dag.py:3696} INFO - Setting next_dagrun for example_bash_operator to 2025-06-16T00:00:00+00:00, run_after=2025-06-17T00:00:00+00:00
[2025-06-17T04:25:42.238+0300] {processor.py:179} INFO - Processing /home/qwerty/.local/lib/python3.10/site-packages/airflow/example_dags/example_bash_operator.py took 0.177 seconds
[2025-06-17T04:26:37.381+0300] {processor.py:157} INFO - Started process (PID=20060) to work on /home/qwerty/.local/lib/python3.10/site-packages/airflow/example_dags/example_bash_operator.py
[2025-06-17T04:26:37.386+0300] {processor.py:829} INFO - Processing file /home/qwerty/.local/lib/python3.10/site-packages/airflow/example_dags/example_bash_operator.py for tasks to queue
[2025-06-17T04:26:37.389+0300] {logging_mixin.py:151} INFO - [2025-06-17T04:26:37.388+0300] {dagbag.py:539} INFO - Filling up the DagBag from /home/qwerty/.local/lib/python3.10/site-packages/airflow/example_dags/example_bash_operator.py
[2025-06-17T04:26:37.411+0300] {processor.py:839} INFO - DAG(s) dict_keys(['example_bash_operator']) retrieved from /home/qwerty/.local/lib/python3.10/site-packages/airflow/example_dags/example_bash_operator.py
[2025-06-17T04:26:37.461+0300] {logging_mixin.py:151} INFO - [2025-06-17T04:26:37.461+0300] {dag.py:2915} INFO - Sync 1 DAGs
[2025-06-17T04:26:37.487+0300] {logging_mixin.py:151} INFO - [2025-06-17T04:26:37.487+0300] {dag.py:3696} INFO - Setting next_dagrun for example_bash_operator to 2025-06-16T00:00:00+00:00, run_after=2025-06-17T00:00:00+00:00
[2025-06-17T04:26:37.525+0300] {processor.py:179} INFO - Processing /home/qwerty/.local/lib/python3.10/site-packages/airflow/example_dags/example_bash_operator.py took 0.156 seconds
[2025-06-17T04:27:53.535+0300] {processor.py:157} INFO - Started process (PID=20143) to work on /home/qwerty/.local/lib/python3.10/site-packages/airflow/example_dags/example_bash_operator.py
[2025-06-17T04:27:53.538+0300] {processor.py:829} INFO - Processing file /home/qwerty/.local/lib/python3.10/site-packages/airflow/example_dags/example_bash_operator.py for tasks to queue
[2025-06-17T04:27:53.541+0300] {logging_mixin.py:151} INFO - [2025-06-17T04:27:53.540+0300] {dagbag.py:539} INFO - Filling up the DagBag from /home/qwerty/.local/lib/python3.10/site-packages/airflow/example_dags/example_bash_operator.py
[2025-06-17T04:27:53.560+0300] {processor.py:839} INFO - DAG(s) dict_keys(['example_bash_operator']) retrieved from /home/qwerty/.local/lib/python3.10/site-packages/airflow/example_dags/example_bash_operator.py
[2025-06-17T04:27:53.598+0300] {logging_mixin.py:151} INFO - [2025-06-17T04:27:53.598+0300] {dag.py:2915} INFO - Sync 1 DAGs
[2025-06-17T04:27:53.646+0300] {logging_mixin.py:151} INFO - [2025-06-17T04:27:53.646+0300] {dag.py:3696} INFO - Setting next_dagrun for example_bash_operator to 2025-06-16T00:00:00+00:00, run_after=2025-06-17T00:00:00+00:00
[2025-06-17T04:27:53.701+0300] {processor.py:179} INFO - Processing /home/qwerty/.local/lib/python3.10/site-packages/airflow/example_dags/example_bash_operator.py took 0.179 seconds
[2025-06-17T04:29:10.650+0300] {processor.py:157} INFO - Started process (PID=20244) to work on /home/qwerty/.local/lib/python3.10/site-packages/airflow/example_dags/example_bash_operator.py
[2025-06-17T04:29:10.654+0300] {processor.py:829} INFO - Processing file /home/qwerty/.local/lib/python3.10/site-packages/airflow/example_dags/example_bash_operator.py for tasks to queue
[2025-06-17T04:29:10.656+0300] {logging_mixin.py:151} INFO - [2025-06-17T04:29:10.655+0300] {dagbag.py:539} INFO - Filling up the DagBag from /home/qwerty/.local/lib/python3.10/site-packages/airflow/example_dags/example_bash_operator.py
[2025-06-17T04:29:10.673+0300] {processor.py:839} INFO - DAG(s) dict_keys(['example_bash_operator']) retrieved from /home/qwerty/.local/lib/python3.10/site-packages/airflow/example_dags/example_bash_operator.py
[2025-06-17T04:29:10.703+0300] {logging_mixin.py:151} INFO - [2025-06-17T04:29:10.703+0300] {dag.py:2915} INFO - Sync 1 DAGs
[2025-06-17T04:29:10.728+0300] {logging_mixin.py:151} INFO - [2025-06-17T04:29:10.728+0300] {dag.py:3696} INFO - Setting next_dagrun for example_bash_operator to 2025-06-16T00:00:00+00:00, run_after=2025-06-17T00:00:00+00:00
[2025-06-17T04:29:10.756+0300] {processor.py:179} INFO - Processing /home/qwerty/.local/lib/python3.10/site-packages/airflow/example_dags/example_bash_operator.py took 0.110 seconds
[2025-06-17T04:30:12.461+0300] {processor.py:157} INFO - Started process (PID=20309) to work on /home/qwerty/.local/lib/python3.10/site-packages/airflow/example_dags/example_bash_operator.py
[2025-06-17T04:30:12.464+0300] {processor.py:829} INFO - Processing file /home/qwerty/.local/lib/python3.10/site-packages/airflow/example_dags/example_bash_operator.py for tasks to queue
[2025-06-17T04:30:12.467+0300] {logging_mixin.py:151} INFO - [2025-06-17T04:30:12.466+0300] {dagbag.py:539} INFO - Filling up the DagBag from /home/qwerty/.local/lib/python3.10/site-packages/airflow/example_dags/example_bash_operator.py
[2025-06-17T04:30:12.502+0300] {processor.py:839} INFO - DAG(s) dict_keys(['example_bash_operator']) retrieved from /home/qwerty/.local/lib/python3.10/site-packages/airflow/example_dags/example_bash_operator.py
[2025-06-17T04:30:12.533+0300] {logging_mixin.py:151} INFO - [2025-06-17T04:30:12.532+0300] {dag.py:2915} INFO - Sync 1 DAGs
[2025-06-17T04:30:12.564+0300] {logging_mixin.py:151} INFO - [2025-06-17T04:30:12.563+0300] {dag.py:3696} INFO - Setting next_dagrun for example_bash_operator to 2025-06-16T00:00:00+00:00, run_after=2025-06-17T00:00:00+00:00
[2025-06-17T04:30:12.613+0300] {processor.py:179} INFO - Processing /home/qwerty/.local/lib/python3.10/site-packages/airflow/example_dags/example_bash_operator.py took 0.163 seconds
[2025-06-17T04:31:08.733+0300] {processor.py:157} INFO - Started process (PID=20370) to work on /home/qwerty/.local/lib/python3.10/site-packages/airflow/example_dags/example_bash_operator.py
[2025-06-17T04:31:08.735+0300] {processor.py:829} INFO - Processing file /home/qwerty/.local/lib/python3.10/site-packages/airflow/example_dags/example_bash_operator.py for tasks to queue
[2025-06-17T04:31:08.737+0300] {logging_mixin.py:151} INFO - [2025-06-17T04:31:08.736+0300] {dagbag.py:539} INFO - Filling up the DagBag from /home/qwerty/.local/lib/python3.10/site-packages/airflow/example_dags/example_bash_operator.py
[2025-06-17T04:31:08.759+0300] {processor.py:839} INFO - DAG(s) dict_keys(['example_bash_operator']) retrieved from /home/qwerty/.local/lib/python3.10/site-packages/airflow/example_dags/example_bash_operator.py
[2025-06-17T04:31:08.800+0300] {logging_mixin.py:151} INFO - [2025-06-17T04:31:08.799+0300] {dag.py:2915} INFO - Sync 1 DAGs
[2025-06-17T04:31:08.839+0300] {logging_mixin.py:151} INFO - [2025-06-17T04:31:08.839+0300] {dag.py:3696} INFO - Setting next_dagrun for example_bash_operator to 2025-06-16T00:00:00+00:00, run_after=2025-06-17T00:00:00+00:00
[2025-06-17T04:31:08.882+0300] {processor.py:179} INFO - Processing /home/qwerty/.local/lib/python3.10/site-packages/airflow/example_dags/example_bash_operator.py took 0.156 seconds
