[2025-06-17T04:07:50.903+0300] {processor.py:157} INFO - Started process (PID=18703) to work on /home/qwerty/.local/lib/python3.10/site-packages/airflow/example_dags/example_datasets.py
[2025-06-17T04:07:50.905+0300] {processor.py:829} INFO - Processing file /home/qwerty/.local/lib/python3.10/site-packages/airflow/example_dags/example_datasets.py for tasks to queue
[2025-06-17T04:07:50.908+0300] {logging_mixin.py:151} INFO - [2025-06-17T04:07:50.906+0300] {dagbag.py:539} INFO - Filling up the DagBag from /home/qwerty/.local/lib/python3.10/site-packages/airflow/example_dags/example_datasets.py
[2025-06-17T04:07:50.929+0300] {processor.py:839} INFO - DAG(s) dict_keys(['dataset_consumes_1_never_scheduled', 'dataset_consumes_1_and_2', 'dataset_produces_1', 'dataset_consumes_unknown_never_scheduled', 'dataset_consumes_1', 'dataset_produces_2']) retrieved from /home/qwerty/.local/lib/python3.10/site-packages/airflow/example_dags/example_datasets.py
[2025-06-17T04:07:50.986+0300] {logging_mixin.py:151} INFO - [2025-06-17T04:07:50.985+0300] {dag.py:2915} INFO - Sync 6 DAGs
[2025-06-17T04:07:51.031+0300] {logging_mixin.py:151} INFO - [2025-06-17T04:07:51.031+0300] {dag.py:3696} INFO - Setting next_dagrun for dataset_consumes_1 to None, run_after=None
[2025-06-17T04:07:51.038+0300] {logging_mixin.py:151} INFO - [2025-06-17T04:07:51.038+0300] {dag.py:3696} INFO - Setting next_dagrun for dataset_consumes_1_and_2 to None, run_after=None
[2025-06-17T04:07:51.040+0300] {logging_mixin.py:151} INFO - [2025-06-17T04:07:51.040+0300] {dag.py:3696} INFO - Setting next_dagrun for dataset_consumes_1_never_scheduled to None, run_after=None
[2025-06-17T04:07:51.042+0300] {logging_mixin.py:151} INFO - [2025-06-17T04:07:51.041+0300] {dag.py:3696} INFO - Setting next_dagrun for dataset_consumes_unknown_never_scheduled to None, run_after=None
[2025-06-17T04:07:51.047+0300] {logging_mixin.py:151} INFO - [2025-06-17T04:07:51.047+0300] {dag.py:3696} INFO - Setting next_dagrun for dataset_produces_1 to 2025-06-16T00:00:00+00:00, run_after=2025-06-17T00:00:00+00:00
[2025-06-17T04:07:51.050+0300] {logging_mixin.py:151} INFO - [2025-06-17T04:07:51.049+0300] {dag.py:3696} INFO - Setting next_dagrun for dataset_produces_2 to None, run_after=None
[2025-06-17T04:07:51.118+0300] {processor.py:179} INFO - Processing /home/qwerty/.local/lib/python3.10/site-packages/airflow/example_dags/example_datasets.py took 0.223 seconds
[2025-06-17T04:08:47.626+0300] {processor.py:157} INFO - Started process (PID=18775) to work on /home/qwerty/.local/lib/python3.10/site-packages/airflow/example_dags/example_datasets.py
[2025-06-17T04:08:47.630+0300] {processor.py:829} INFO - Processing file /home/qwerty/.local/lib/python3.10/site-packages/airflow/example_dags/example_datasets.py for tasks to queue
[2025-06-17T04:08:47.633+0300] {logging_mixin.py:151} INFO - [2025-06-17T04:08:47.632+0300] {dagbag.py:539} INFO - Filling up the DagBag from /home/qwerty/.local/lib/python3.10/site-packages/airflow/example_dags/example_datasets.py
[2025-06-17T04:08:47.651+0300] {processor.py:839} INFO - DAG(s) dict_keys(['dataset_produces_2', 'dataset_consumes_unknown_never_scheduled', 'dataset_produces_1', 'dataset_consumes_1', 'dataset_consumes_1_and_2', 'dataset_consumes_1_never_scheduled']) retrieved from /home/qwerty/.local/lib/python3.10/site-packages/airflow/example_dags/example_datasets.py
[2025-06-17T04:08:47.705+0300] {logging_mixin.py:151} INFO - [2025-06-17T04:08:47.705+0300] {dag.py:2915} INFO - Sync 6 DAGs
[2025-06-17T04:08:47.746+0300] {logging_mixin.py:151} INFO - [2025-06-17T04:08:47.745+0300] {dag.py:3696} INFO - Setting next_dagrun for dataset_consumes_1 to None, run_after=None
[2025-06-17T04:08:47.751+0300] {logging_mixin.py:151} INFO - [2025-06-17T04:08:47.750+0300] {dag.py:3696} INFO - Setting next_dagrun for dataset_consumes_1_and_2 to None, run_after=None
[2025-06-17T04:08:47.752+0300] {logging_mixin.py:151} INFO - [2025-06-17T04:08:47.752+0300] {dag.py:3696} INFO - Setting next_dagrun for dataset_consumes_1_never_scheduled to None, run_after=None
[2025-06-17T04:08:47.754+0300] {logging_mixin.py:151} INFO - [2025-06-17T04:08:47.753+0300] {dag.py:3696} INFO - Setting next_dagrun for dataset_consumes_unknown_never_scheduled to None, run_after=None
[2025-06-17T04:08:47.760+0300] {logging_mixin.py:151} INFO - [2025-06-17T04:08:47.759+0300] {dag.py:3696} INFO - Setting next_dagrun for dataset_produces_1 to 2025-06-16T00:00:00+00:00, run_after=2025-06-17T00:00:00+00:00
[2025-06-17T04:08:47.763+0300] {logging_mixin.py:151} INFO - [2025-06-17T04:08:47.763+0300] {dag.py:3696} INFO - Setting next_dagrun for dataset_produces_2 to None, run_after=None
[2025-06-17T04:08:47.819+0300] {processor.py:179} INFO - Processing /home/qwerty/.local/lib/python3.10/site-packages/airflow/example_dags/example_datasets.py took 0.204 seconds
[2025-06-17T04:09:43.272+0300] {processor.py:157} INFO - Started process (PID=18834) to work on /home/qwerty/.local/lib/python3.10/site-packages/airflow/example_dags/example_datasets.py
[2025-06-17T04:09:43.277+0300] {processor.py:829} INFO - Processing file /home/qwerty/.local/lib/python3.10/site-packages/airflow/example_dags/example_datasets.py for tasks to queue
[2025-06-17T04:09:43.280+0300] {logging_mixin.py:151} INFO - [2025-06-17T04:09:43.279+0300] {dagbag.py:539} INFO - Filling up the DagBag from /home/qwerty/.local/lib/python3.10/site-packages/airflow/example_dags/example_datasets.py
[2025-06-17T04:09:43.310+0300] {processor.py:839} INFO - DAG(s) dict_keys(['dataset_consumes_1', 'dataset_consumes_1_never_scheduled', 'dataset_produces_2', 'dataset_produces_1', 'dataset_consumes_1_and_2', 'dataset_consumes_unknown_never_scheduled']) retrieved from /home/qwerty/.local/lib/python3.10/site-packages/airflow/example_dags/example_datasets.py
[2025-06-17T04:09:43.386+0300] {logging_mixin.py:151} INFO - [2025-06-17T04:09:43.385+0300] {dag.py:2915} INFO - Sync 6 DAGs
[2025-06-17T04:09:43.435+0300] {logging_mixin.py:151} INFO - [2025-06-17T04:09:43.435+0300] {dag.py:3696} INFO - Setting next_dagrun for dataset_consumes_1 to None, run_after=None
[2025-06-17T04:09:43.442+0300] {logging_mixin.py:151} INFO - [2025-06-17T04:09:43.442+0300] {dag.py:3696} INFO - Setting next_dagrun for dataset_consumes_1_and_2 to None, run_after=None
[2025-06-17T04:09:43.444+0300] {logging_mixin.py:151} INFO - [2025-06-17T04:09:43.444+0300] {dag.py:3696} INFO - Setting next_dagrun for dataset_consumes_1_never_scheduled to None, run_after=None
[2025-06-17T04:09:43.446+0300] {logging_mixin.py:151} INFO - [2025-06-17T04:09:43.446+0300] {dag.py:3696} INFO - Setting next_dagrun for dataset_consumes_unknown_never_scheduled to None, run_after=None
[2025-06-17T04:09:43.454+0300] {logging_mixin.py:151} INFO - [2025-06-17T04:09:43.453+0300] {dag.py:3696} INFO - Setting next_dagrun for dataset_produces_1 to 2025-06-16T00:00:00+00:00, run_after=2025-06-17T00:00:00+00:00
[2025-06-17T04:09:43.458+0300] {logging_mixin.py:151} INFO - [2025-06-17T04:09:43.457+0300] {dag.py:3696} INFO - Setting next_dagrun for dataset_produces_2 to None, run_after=None
[2025-06-17T04:09:43.533+0300] {processor.py:179} INFO - Processing /home/qwerty/.local/lib/python3.10/site-packages/airflow/example_dags/example_datasets.py took 0.274 seconds
[2025-06-17T04:10:42.499+0300] {processor.py:157} INFO - Started process (PID=18887) to work on /home/qwerty/.local/lib/python3.10/site-packages/airflow/example_dags/example_datasets.py
[2025-06-17T04:10:42.503+0300] {processor.py:829} INFO - Processing file /home/qwerty/.local/lib/python3.10/site-packages/airflow/example_dags/example_datasets.py for tasks to queue
[2025-06-17T04:10:42.507+0300] {logging_mixin.py:151} INFO - [2025-06-17T04:10:42.506+0300] {dagbag.py:539} INFO - Filling up the DagBag from /home/qwerty/.local/lib/python3.10/site-packages/airflow/example_dags/example_datasets.py
[2025-06-17T04:10:42.546+0300] {processor.py:839} INFO - DAG(s) dict_keys(['dataset_consumes_1_and_2', 'dataset_consumes_unknown_never_scheduled', 'dataset_produces_2', 'dataset_consumes_1_never_scheduled', 'dataset_produces_1', 'dataset_consumes_1']) retrieved from /home/qwerty/.local/lib/python3.10/site-packages/airflow/example_dags/example_datasets.py
[2025-06-17T04:10:42.660+0300] {logging_mixin.py:151} INFO - [2025-06-17T04:10:42.660+0300] {dag.py:2915} INFO - Sync 6 DAGs
[2025-06-17T04:10:42.734+0300] {logging_mixin.py:151} INFO - [2025-06-17T04:10:42.734+0300] {dag.py:3696} INFO - Setting next_dagrun for dataset_consumes_1 to None, run_after=None
[2025-06-17T04:10:42.746+0300] {logging_mixin.py:151} INFO - [2025-06-17T04:10:42.745+0300] {dag.py:3696} INFO - Setting next_dagrun for dataset_consumes_1_and_2 to None, run_after=None
[2025-06-17T04:10:42.750+0300] {logging_mixin.py:151} INFO - [2025-06-17T04:10:42.750+0300] {dag.py:3696} INFO - Setting next_dagrun for dataset_consumes_1_never_scheduled to None, run_after=None
[2025-06-17T04:10:42.753+0300] {logging_mixin.py:151} INFO - [2025-06-17T04:10:42.753+0300] {dag.py:3696} INFO - Setting next_dagrun for dataset_consumes_unknown_never_scheduled to None, run_after=None
[2025-06-17T04:10:42.763+0300] {logging_mixin.py:151} INFO - [2025-06-17T04:10:42.762+0300] {dag.py:3696} INFO - Setting next_dagrun for dataset_produces_1 to 2025-06-16T00:00:00+00:00, run_after=2025-06-17T00:00:00+00:00
[2025-06-17T04:10:42.766+0300] {logging_mixin.py:151} INFO - [2025-06-17T04:10:42.766+0300] {dag.py:3696} INFO - Setting next_dagrun for dataset_produces_2 to None, run_after=None
[2025-06-17T04:10:42.865+0300] {processor.py:179} INFO - Processing /home/qwerty/.local/lib/python3.10/site-packages/airflow/example_dags/example_datasets.py took 0.381 seconds
[2025-06-17T04:11:38.407+0300] {processor.py:157} INFO - Started process (PID=18939) to work on /home/qwerty/.local/lib/python3.10/site-packages/airflow/example_dags/example_datasets.py
[2025-06-17T04:11:38.413+0300] {processor.py:829} INFO - Processing file /home/qwerty/.local/lib/python3.10/site-packages/airflow/example_dags/example_datasets.py for tasks to queue
[2025-06-17T04:11:38.417+0300] {logging_mixin.py:151} INFO - [2025-06-17T04:11:38.415+0300] {dagbag.py:539} INFO - Filling up the DagBag from /home/qwerty/.local/lib/python3.10/site-packages/airflow/example_dags/example_datasets.py
[2025-06-17T04:11:38.450+0300] {processor.py:839} INFO - DAG(s) dict_keys(['dataset_produces_1', 'dataset_consumes_1_and_2', 'dataset_consumes_1_never_scheduled', 'dataset_produces_2', 'dataset_consumes_unknown_never_scheduled', 'dataset_consumes_1']) retrieved from /home/qwerty/.local/lib/python3.10/site-packages/airflow/example_dags/example_datasets.py
[2025-06-17T04:11:38.539+0300] {logging_mixin.py:151} INFO - [2025-06-17T04:11:38.538+0300] {dag.py:2915} INFO - Sync 6 DAGs
[2025-06-17T04:11:38.611+0300] {logging_mixin.py:151} INFO - [2025-06-17T04:11:38.610+0300] {dag.py:3696} INFO - Setting next_dagrun for dataset_consumes_1 to None, run_after=None
[2025-06-17T04:11:38.625+0300] {logging_mixin.py:151} INFO - [2025-06-17T04:11:38.625+0300] {dag.py:3696} INFO - Setting next_dagrun for dataset_consumes_1_and_2 to None, run_after=None
[2025-06-17T04:11:38.629+0300] {logging_mixin.py:151} INFO - [2025-06-17T04:11:38.629+0300] {dag.py:3696} INFO - Setting next_dagrun for dataset_consumes_1_never_scheduled to None, run_after=None
[2025-06-17T04:11:38.632+0300] {logging_mixin.py:151} INFO - [2025-06-17T04:11:38.632+0300] {dag.py:3696} INFO - Setting next_dagrun for dataset_consumes_unknown_never_scheduled to None, run_after=None
[2025-06-17T04:11:38.643+0300] {logging_mixin.py:151} INFO - [2025-06-17T04:11:38.642+0300] {dag.py:3696} INFO - Setting next_dagrun for dataset_produces_1 to 2025-06-16T00:00:00+00:00, run_after=2025-06-17T00:00:00+00:00
[2025-06-17T04:11:38.648+0300] {logging_mixin.py:151} INFO - [2025-06-17T04:11:38.647+0300] {dag.py:3696} INFO - Setting next_dagrun for dataset_produces_2 to None, run_after=None
[2025-06-17T04:11:38.756+0300] {processor.py:179} INFO - Processing /home/qwerty/.local/lib/python3.10/site-packages/airflow/example_dags/example_datasets.py took 0.362 seconds
[2025-06-17T04:12:44.009+0300] {processor.py:157} INFO - Started process (PID=19037) to work on /home/qwerty/.local/lib/python3.10/site-packages/airflow/example_dags/example_datasets.py
[2025-06-17T04:12:44.015+0300] {processor.py:829} INFO - Processing file /home/qwerty/.local/lib/python3.10/site-packages/airflow/example_dags/example_datasets.py for tasks to queue
[2025-06-17T04:12:44.017+0300] {logging_mixin.py:151} INFO - [2025-06-17T04:12:44.016+0300] {dagbag.py:539} INFO - Filling up the DagBag from /home/qwerty/.local/lib/python3.10/site-packages/airflow/example_dags/example_datasets.py
[2025-06-17T04:12:44.038+0300] {processor.py:839} INFO - DAG(s) dict_keys(['dataset_consumes_1', 'dataset_consumes_1_and_2', 'dataset_produces_1', 'dataset_produces_2', 'dataset_consumes_1_never_scheduled', 'dataset_consumes_unknown_never_scheduled']) retrieved from /home/qwerty/.local/lib/python3.10/site-packages/airflow/example_dags/example_datasets.py
[2025-06-17T04:12:44.105+0300] {logging_mixin.py:151} INFO - [2025-06-17T04:12:44.105+0300] {dag.py:2915} INFO - Sync 6 DAGs
[2025-06-17T04:12:44.144+0300] {logging_mixin.py:151} INFO - [2025-06-17T04:12:44.143+0300] {dag.py:3696} INFO - Setting next_dagrun for dataset_consumes_1 to None, run_after=None
[2025-06-17T04:12:44.149+0300] {logging_mixin.py:151} INFO - [2025-06-17T04:12:44.149+0300] {dag.py:3696} INFO - Setting next_dagrun for dataset_consumes_1_and_2 to None, run_after=None
[2025-06-17T04:12:44.151+0300] {logging_mixin.py:151} INFO - [2025-06-17T04:12:44.151+0300] {dag.py:3696} INFO - Setting next_dagrun for dataset_consumes_1_never_scheduled to None, run_after=None
[2025-06-17T04:12:44.153+0300] {logging_mixin.py:151} INFO - [2025-06-17T04:12:44.153+0300] {dag.py:3696} INFO - Setting next_dagrun for dataset_consumes_unknown_never_scheduled to None, run_after=None
[2025-06-17T04:12:44.159+0300] {logging_mixin.py:151} INFO - [2025-06-17T04:12:44.158+0300] {dag.py:3696} INFO - Setting next_dagrun for dataset_produces_1 to 2025-06-16T00:00:00+00:00, run_after=2025-06-17T00:00:00+00:00
[2025-06-17T04:12:44.161+0300] {logging_mixin.py:151} INFO - [2025-06-17T04:12:44.161+0300] {dag.py:3696} INFO - Setting next_dagrun for dataset_produces_2 to None, run_after=None
[2025-06-17T04:12:44.237+0300] {processor.py:179} INFO - Processing /home/qwerty/.local/lib/python3.10/site-packages/airflow/example_dags/example_datasets.py took 0.236 seconds
[2025-06-17T04:13:38.869+0300] {processor.py:157} INFO - Started process (PID=19088) to work on /home/qwerty/.local/lib/python3.10/site-packages/airflow/example_dags/example_datasets.py
[2025-06-17T04:13:38.870+0300] {processor.py:829} INFO - Processing file /home/qwerty/.local/lib/python3.10/site-packages/airflow/example_dags/example_datasets.py for tasks to queue
[2025-06-17T04:13:38.872+0300] {logging_mixin.py:151} INFO - [2025-06-17T04:13:38.871+0300] {dagbag.py:539} INFO - Filling up the DagBag from /home/qwerty/.local/lib/python3.10/site-packages/airflow/example_dags/example_datasets.py
[2025-06-17T04:13:38.886+0300] {processor.py:839} INFO - DAG(s) dict_keys(['dataset_consumes_unknown_never_scheduled', 'dataset_produces_1', 'dataset_consumes_1_never_scheduled', 'dataset_produces_2', 'dataset_consumes_1', 'dataset_consumes_1_and_2']) retrieved from /home/qwerty/.local/lib/python3.10/site-packages/airflow/example_dags/example_datasets.py
[2025-06-17T04:13:38.930+0300] {logging_mixin.py:151} INFO - [2025-06-17T04:13:38.930+0300] {dag.py:2915} INFO - Sync 6 DAGs
[2025-06-17T04:13:38.961+0300] {logging_mixin.py:151} INFO - [2025-06-17T04:13:38.961+0300] {dag.py:3696} INFO - Setting next_dagrun for dataset_consumes_1 to None, run_after=None
[2025-06-17T04:13:38.968+0300] {logging_mixin.py:151} INFO - [2025-06-17T04:13:38.967+0300] {dag.py:3696} INFO - Setting next_dagrun for dataset_consumes_1_and_2 to None, run_after=None
[2025-06-17T04:13:38.971+0300] {logging_mixin.py:151} INFO - [2025-06-17T04:13:38.970+0300] {dag.py:3696} INFO - Setting next_dagrun for dataset_consumes_1_never_scheduled to None, run_after=None
[2025-06-17T04:13:38.973+0300] {logging_mixin.py:151} INFO - [2025-06-17T04:13:38.973+0300] {dag.py:3696} INFO - Setting next_dagrun for dataset_consumes_unknown_never_scheduled to None, run_after=None
[2025-06-17T04:13:38.980+0300] {logging_mixin.py:151} INFO - [2025-06-17T04:13:38.979+0300] {dag.py:3696} INFO - Setting next_dagrun for dataset_produces_1 to 2025-06-16T00:00:00+00:00, run_after=2025-06-17T00:00:00+00:00
[2025-06-17T04:13:38.982+0300] {logging_mixin.py:151} INFO - [2025-06-17T04:13:38.981+0300] {dag.py:3696} INFO - Setting next_dagrun for dataset_produces_2 to None, run_after=None
[2025-06-17T04:13:39.057+0300] {processor.py:179} INFO - Processing /home/qwerty/.local/lib/python3.10/site-packages/airflow/example_dags/example_datasets.py took 0.197 seconds
[2025-06-17T04:14:37.024+0300] {processor.py:157} INFO - Started process (PID=19145) to work on /home/qwerty/.local/lib/python3.10/site-packages/airflow/example_dags/example_datasets.py
[2025-06-17T04:14:37.032+0300] {processor.py:829} INFO - Processing file /home/qwerty/.local/lib/python3.10/site-packages/airflow/example_dags/example_datasets.py for tasks to queue
[2025-06-17T04:14:37.033+0300] {logging_mixin.py:151} INFO - [2025-06-17T04:14:37.032+0300] {dagbag.py:539} INFO - Filling up the DagBag from /home/qwerty/.local/lib/python3.10/site-packages/airflow/example_dags/example_datasets.py
[2025-06-17T04:14:37.050+0300] {processor.py:839} INFO - DAG(s) dict_keys(['dataset_produces_1', 'dataset_produces_2', 'dataset_consumes_unknown_never_scheduled', 'dataset_consumes_1_never_scheduled', 'dataset_consumes_1_and_2', 'dataset_consumes_1']) retrieved from /home/qwerty/.local/lib/python3.10/site-packages/airflow/example_dags/example_datasets.py
[2025-06-17T04:14:37.112+0300] {logging_mixin.py:151} INFO - [2025-06-17T04:14:37.111+0300] {dag.py:2915} INFO - Sync 6 DAGs
[2025-06-17T04:14:37.154+0300] {logging_mixin.py:151} INFO - [2025-06-17T04:14:37.153+0300] {dag.py:3696} INFO - Setting next_dagrun for dataset_consumes_1 to None, run_after=None
[2025-06-17T04:14:37.160+0300] {logging_mixin.py:151} INFO - [2025-06-17T04:14:37.159+0300] {dag.py:3696} INFO - Setting next_dagrun for dataset_consumes_1_and_2 to None, run_after=None
[2025-06-17T04:14:37.162+0300] {logging_mixin.py:151} INFO - [2025-06-17T04:14:37.161+0300] {dag.py:3696} INFO - Setting next_dagrun for dataset_consumes_1_never_scheduled to None, run_after=None
[2025-06-17T04:14:37.163+0300] {logging_mixin.py:151} INFO - [2025-06-17T04:14:37.163+0300] {dag.py:3696} INFO - Setting next_dagrun for dataset_consumes_unknown_never_scheduled to None, run_after=None
[2025-06-17T04:14:37.168+0300] {logging_mixin.py:151} INFO - [2025-06-17T04:14:37.168+0300] {dag.py:3696} INFO - Setting next_dagrun for dataset_produces_1 to 2025-06-16T00:00:00+00:00, run_after=2025-06-17T00:00:00+00:00
[2025-06-17T04:14:37.170+0300] {logging_mixin.py:151} INFO - [2025-06-17T04:14:37.170+0300] {dag.py:3696} INFO - Setting next_dagrun for dataset_produces_2 to None, run_after=None
[2025-06-17T04:14:37.241+0300] {processor.py:179} INFO - Processing /home/qwerty/.local/lib/python3.10/site-packages/airflow/example_dags/example_datasets.py took 0.222 seconds
[2025-06-17T04:15:38.667+0300] {processor.py:157} INFO - Started process (PID=19200) to work on /home/qwerty/.local/lib/python3.10/site-packages/airflow/example_dags/example_datasets.py
[2025-06-17T04:15:38.671+0300] {processor.py:829} INFO - Processing file /home/qwerty/.local/lib/python3.10/site-packages/airflow/example_dags/example_datasets.py for tasks to queue
[2025-06-17T04:15:38.674+0300] {logging_mixin.py:151} INFO - [2025-06-17T04:15:38.673+0300] {dagbag.py:539} INFO - Filling up the DagBag from /home/qwerty/.local/lib/python3.10/site-packages/airflow/example_dags/example_datasets.py
[2025-06-17T04:15:38.692+0300] {processor.py:839} INFO - DAG(s) dict_keys(['dataset_consumes_1_and_2', 'dataset_produces_2', 'dataset_consumes_unknown_never_scheduled', 'dataset_consumes_1', 'dataset_consumes_1_never_scheduled', 'dataset_produces_1']) retrieved from /home/qwerty/.local/lib/python3.10/site-packages/airflow/example_dags/example_datasets.py
[2025-06-17T04:15:38.741+0300] {logging_mixin.py:151} INFO - [2025-06-17T04:15:38.741+0300] {dag.py:2915} INFO - Sync 6 DAGs
[2025-06-17T04:15:38.774+0300] {logging_mixin.py:151} INFO - [2025-06-17T04:15:38.773+0300] {dag.py:3696} INFO - Setting next_dagrun for dataset_consumes_1 to None, run_after=None
[2025-06-17T04:15:38.781+0300] {logging_mixin.py:151} INFO - [2025-06-17T04:15:38.781+0300] {dag.py:3696} INFO - Setting next_dagrun for dataset_consumes_1_and_2 to None, run_after=None
[2025-06-17T04:15:38.783+0300] {logging_mixin.py:151} INFO - [2025-06-17T04:15:38.783+0300] {dag.py:3696} INFO - Setting next_dagrun for dataset_consumes_1_never_scheduled to None, run_after=None
[2025-06-17T04:15:38.787+0300] {logging_mixin.py:151} INFO - [2025-06-17T04:15:38.786+0300] {dag.py:3696} INFO - Setting next_dagrun for dataset_consumes_unknown_never_scheduled to None, run_after=None
[2025-06-17T04:15:38.793+0300] {logging_mixin.py:151} INFO - [2025-06-17T04:15:38.792+0300] {dag.py:3696} INFO - Setting next_dagrun for dataset_produces_1 to 2025-06-16T00:00:00+00:00, run_after=2025-06-17T00:00:00+00:00
[2025-06-17T04:15:38.796+0300] {logging_mixin.py:151} INFO - [2025-06-17T04:15:38.796+0300] {dag.py:3696} INFO - Setting next_dagrun for dataset_produces_2 to None, run_after=None
[2025-06-17T04:15:38.864+0300] {processor.py:179} INFO - Processing /home/qwerty/.local/lib/python3.10/site-packages/airflow/example_dags/example_datasets.py took 0.203 seconds
[2025-06-17T04:16:35.530+0300] {processor.py:157} INFO - Started process (PID=19285) to work on /home/qwerty/.local/lib/python3.10/site-packages/airflow/example_dags/example_datasets.py
[2025-06-17T04:16:35.533+0300] {processor.py:829} INFO - Processing file /home/qwerty/.local/lib/python3.10/site-packages/airflow/example_dags/example_datasets.py for tasks to queue
[2025-06-17T04:16:35.537+0300] {logging_mixin.py:151} INFO - [2025-06-17T04:16:35.535+0300] {dagbag.py:539} INFO - Filling up the DagBag from /home/qwerty/.local/lib/python3.10/site-packages/airflow/example_dags/example_datasets.py
[2025-06-17T04:16:35.550+0300] {processor.py:839} INFO - DAG(s) dict_keys(['dataset_consumes_unknown_never_scheduled', 'dataset_consumes_1_and_2', 'dataset_consumes_1_never_scheduled', 'dataset_consumes_1', 'dataset_produces_1', 'dataset_produces_2']) retrieved from /home/qwerty/.local/lib/python3.10/site-packages/airflow/example_dags/example_datasets.py
[2025-06-17T04:16:35.583+0300] {logging_mixin.py:151} INFO - [2025-06-17T04:16:35.583+0300] {dag.py:2915} INFO - Sync 6 DAGs
[2025-06-17T04:16:35.609+0300] {logging_mixin.py:151} INFO - [2025-06-17T04:16:35.609+0300] {dag.py:3696} INFO - Setting next_dagrun for dataset_consumes_1 to None, run_after=None
[2025-06-17T04:16:35.614+0300] {logging_mixin.py:151} INFO - [2025-06-17T04:16:35.614+0300] {dag.py:3696} INFO - Setting next_dagrun for dataset_consumes_1_and_2 to None, run_after=None
[2025-06-17T04:16:35.618+0300] {logging_mixin.py:151} INFO - [2025-06-17T04:16:35.617+0300] {dag.py:3696} INFO - Setting next_dagrun for dataset_consumes_1_never_scheduled to None, run_after=None
[2025-06-17T04:16:35.621+0300] {logging_mixin.py:151} INFO - [2025-06-17T04:16:35.621+0300] {dag.py:3696} INFO - Setting next_dagrun for dataset_consumes_unknown_never_scheduled to None, run_after=None
[2025-06-17T04:16:35.630+0300] {logging_mixin.py:151} INFO - [2025-06-17T04:16:35.630+0300] {dag.py:3696} INFO - Setting next_dagrun for dataset_produces_1 to 2025-06-16T00:00:00+00:00, run_after=2025-06-17T00:00:00+00:00
[2025-06-17T04:16:35.633+0300] {logging_mixin.py:151} INFO - [2025-06-17T04:16:35.633+0300] {dag.py:3696} INFO - Setting next_dagrun for dataset_produces_2 to None, run_after=None
[2025-06-17T04:16:35.702+0300] {processor.py:179} INFO - Processing /home/qwerty/.local/lib/python3.10/site-packages/airflow/example_dags/example_datasets.py took 0.182 seconds
[2025-06-17T04:17:29.928+0300] {processor.py:157} INFO - Started process (PID=19337) to work on /home/qwerty/.local/lib/python3.10/site-packages/airflow/example_dags/example_datasets.py
[2025-06-17T04:17:29.930+0300] {processor.py:829} INFO - Processing file /home/qwerty/.local/lib/python3.10/site-packages/airflow/example_dags/example_datasets.py for tasks to queue
[2025-06-17T04:17:29.932+0300] {logging_mixin.py:151} INFO - [2025-06-17T04:17:29.931+0300] {dagbag.py:539} INFO - Filling up the DagBag from /home/qwerty/.local/lib/python3.10/site-packages/airflow/example_dags/example_datasets.py
[2025-06-17T04:17:29.956+0300] {processor.py:839} INFO - DAG(s) dict_keys(['dataset_consumes_1', 'dataset_produces_1', 'dataset_consumes_1_never_scheduled', 'dataset_consumes_unknown_never_scheduled', 'dataset_consumes_1_and_2', 'dataset_produces_2']) retrieved from /home/qwerty/.local/lib/python3.10/site-packages/airflow/example_dags/example_datasets.py
[2025-06-17T04:17:30.027+0300] {logging_mixin.py:151} INFO - [2025-06-17T04:17:30.027+0300] {dag.py:2915} INFO - Sync 6 DAGs
[2025-06-17T04:17:30.077+0300] {logging_mixin.py:151} INFO - [2025-06-17T04:17:30.076+0300] {dag.py:3696} INFO - Setting next_dagrun for dataset_consumes_1 to None, run_after=None
[2025-06-17T04:17:30.085+0300] {logging_mixin.py:151} INFO - [2025-06-17T04:17:30.084+0300] {dag.py:3696} INFO - Setting next_dagrun for dataset_consumes_1_and_2 to None, run_after=None
[2025-06-17T04:17:30.087+0300] {logging_mixin.py:151} INFO - [2025-06-17T04:17:30.087+0300] {dag.py:3696} INFO - Setting next_dagrun for dataset_consumes_1_never_scheduled to None, run_after=None
[2025-06-17T04:17:30.090+0300] {logging_mixin.py:151} INFO - [2025-06-17T04:17:30.089+0300] {dag.py:3696} INFO - Setting next_dagrun for dataset_consumes_unknown_never_scheduled to None, run_after=None
[2025-06-17T04:17:30.098+0300] {logging_mixin.py:151} INFO - [2025-06-17T04:17:30.098+0300] {dag.py:3696} INFO - Setting next_dagrun for dataset_produces_1 to 2025-06-16T00:00:00+00:00, run_after=2025-06-17T00:00:00+00:00
[2025-06-17T04:17:30.102+0300] {logging_mixin.py:151} INFO - [2025-06-17T04:17:30.101+0300] {dag.py:3696} INFO - Setting next_dagrun for dataset_produces_2 to None, run_after=None
[2025-06-17T04:17:30.184+0300] {processor.py:179} INFO - Processing /home/qwerty/.local/lib/python3.10/site-packages/airflow/example_dags/example_datasets.py took 0.264 seconds
[2025-06-17T04:18:28.441+0300] {processor.py:157} INFO - Started process (PID=19404) to work on /home/qwerty/.local/lib/python3.10/site-packages/airflow/example_dags/example_datasets.py
[2025-06-17T04:18:28.446+0300] {processor.py:829} INFO - Processing file /home/qwerty/.local/lib/python3.10/site-packages/airflow/example_dags/example_datasets.py for tasks to queue
[2025-06-17T04:18:28.448+0300] {logging_mixin.py:151} INFO - [2025-06-17T04:18:28.447+0300] {dagbag.py:539} INFO - Filling up the DagBag from /home/qwerty/.local/lib/python3.10/site-packages/airflow/example_dags/example_datasets.py
[2025-06-17T04:18:28.469+0300] {processor.py:839} INFO - DAG(s) dict_keys(['dataset_consumes_1', 'dataset_consumes_1_and_2', 'dataset_produces_1', 'dataset_consumes_unknown_never_scheduled', 'dataset_produces_2', 'dataset_consumes_1_never_scheduled']) retrieved from /home/qwerty/.local/lib/python3.10/site-packages/airflow/example_dags/example_datasets.py
[2025-06-17T04:18:28.525+0300] {logging_mixin.py:151} INFO - [2025-06-17T04:18:28.524+0300] {dag.py:2915} INFO - Sync 6 DAGs
[2025-06-17T04:18:28.560+0300] {logging_mixin.py:151} INFO - [2025-06-17T04:18:28.560+0300] {dag.py:3696} INFO - Setting next_dagrun for dataset_consumes_1 to None, run_after=None
[2025-06-17T04:18:28.567+0300] {logging_mixin.py:151} INFO - [2025-06-17T04:18:28.567+0300] {dag.py:3696} INFO - Setting next_dagrun for dataset_consumes_1_and_2 to None, run_after=None
[2025-06-17T04:18:28.569+0300] {logging_mixin.py:151} INFO - [2025-06-17T04:18:28.569+0300] {dag.py:3696} INFO - Setting next_dagrun for dataset_consumes_1_never_scheduled to None, run_after=None
[2025-06-17T04:18:28.571+0300] {logging_mixin.py:151} INFO - [2025-06-17T04:18:28.570+0300] {dag.py:3696} INFO - Setting next_dagrun for dataset_consumes_unknown_never_scheduled to None, run_after=None
[2025-06-17T04:18:28.575+0300] {logging_mixin.py:151} INFO - [2025-06-17T04:18:28.574+0300] {dag.py:3696} INFO - Setting next_dagrun for dataset_produces_1 to 2025-06-16T00:00:00+00:00, run_after=2025-06-17T00:00:00+00:00
[2025-06-17T04:18:28.576+0300] {logging_mixin.py:151} INFO - [2025-06-17T04:18:28.576+0300] {dag.py:3696} INFO - Setting next_dagrun for dataset_produces_2 to None, run_after=None
[2025-06-17T04:18:28.630+0300] {processor.py:179} INFO - Processing /home/qwerty/.local/lib/python3.10/site-packages/airflow/example_dags/example_datasets.py took 0.195 seconds
[2025-06-17T04:19:27.921+0300] {processor.py:157} INFO - Started process (PID=19504) to work on /home/qwerty/.local/lib/python3.10/site-packages/airflow/example_dags/example_datasets.py
[2025-06-17T04:19:27.922+0300] {processor.py:829} INFO - Processing file /home/qwerty/.local/lib/python3.10/site-packages/airflow/example_dags/example_datasets.py for tasks to queue
[2025-06-17T04:19:27.924+0300] {logging_mixin.py:151} INFO - [2025-06-17T04:19:27.923+0300] {dagbag.py:539} INFO - Filling up the DagBag from /home/qwerty/.local/lib/python3.10/site-packages/airflow/example_dags/example_datasets.py
[2025-06-17T04:19:27.941+0300] {processor.py:839} INFO - DAG(s) dict_keys(['dataset_produces_1', 'dataset_consumes_unknown_never_scheduled', 'dataset_consumes_1', 'dataset_produces_2', 'dataset_consumes_1_never_scheduled', 'dataset_consumes_1_and_2']) retrieved from /home/qwerty/.local/lib/python3.10/site-packages/airflow/example_dags/example_datasets.py
[2025-06-17T04:19:27.986+0300] {logging_mixin.py:151} INFO - [2025-06-17T04:19:27.986+0300] {dag.py:2915} INFO - Sync 6 DAGs
[2025-06-17T04:19:28.011+0300] {logging_mixin.py:151} INFO - [2025-06-17T04:19:28.011+0300] {dag.py:3696} INFO - Setting next_dagrun for dataset_consumes_1 to None, run_after=None
[2025-06-17T04:19:28.016+0300] {logging_mixin.py:151} INFO - [2025-06-17T04:19:28.015+0300] {dag.py:3696} INFO - Setting next_dagrun for dataset_consumes_1_and_2 to None, run_after=None
[2025-06-17T04:19:28.017+0300] {logging_mixin.py:151} INFO - [2025-06-17T04:19:28.017+0300] {dag.py:3696} INFO - Setting next_dagrun for dataset_consumes_1_never_scheduled to None, run_after=None
[2025-06-17T04:19:28.019+0300] {logging_mixin.py:151} INFO - [2025-06-17T04:19:28.019+0300] {dag.py:3696} INFO - Setting next_dagrun for dataset_consumes_unknown_never_scheduled to None, run_after=None
[2025-06-17T04:19:28.023+0300] {logging_mixin.py:151} INFO - [2025-06-17T04:19:28.022+0300] {dag.py:3696} INFO - Setting next_dagrun for dataset_produces_1 to 2025-06-16T00:00:00+00:00, run_after=2025-06-17T00:00:00+00:00
[2025-06-17T04:19:28.024+0300] {logging_mixin.py:151} INFO - [2025-06-17T04:19:28.024+0300] {dag.py:3696} INFO - Setting next_dagrun for dataset_produces_2 to None, run_after=None
[2025-06-17T04:19:28.072+0300] {processor.py:179} INFO - Processing /home/qwerty/.local/lib/python3.10/site-packages/airflow/example_dags/example_datasets.py took 0.156 seconds
[2025-06-17T04:20:20.265+0300] {processor.py:157} INFO - Started process (PID=19564) to work on /home/qwerty/.local/lib/python3.10/site-packages/airflow/example_dags/example_datasets.py
[2025-06-17T04:20:20.268+0300] {processor.py:829} INFO - Processing file /home/qwerty/.local/lib/python3.10/site-packages/airflow/example_dags/example_datasets.py for tasks to queue
[2025-06-17T04:20:20.271+0300] {logging_mixin.py:151} INFO - [2025-06-17T04:20:20.270+0300] {dagbag.py:539} INFO - Filling up the DagBag from /home/qwerty/.local/lib/python3.10/site-packages/airflow/example_dags/example_datasets.py
[2025-06-17T04:20:20.283+0300] {processor.py:839} INFO - DAG(s) dict_keys(['dataset_produces_1', 'dataset_consumes_1_never_scheduled', 'dataset_consumes_1_and_2', 'dataset_consumes_1', 'dataset_consumes_unknown_never_scheduled', 'dataset_produces_2']) retrieved from /home/qwerty/.local/lib/python3.10/site-packages/airflow/example_dags/example_datasets.py
[2025-06-17T04:20:20.321+0300] {logging_mixin.py:151} INFO - [2025-06-17T04:20:20.321+0300] {dag.py:2915} INFO - Sync 6 DAGs
[2025-06-17T04:20:20.348+0300] {logging_mixin.py:151} INFO - [2025-06-17T04:20:20.348+0300] {dag.py:3696} INFO - Setting next_dagrun for dataset_consumes_1 to None, run_after=None
[2025-06-17T04:20:20.353+0300] {logging_mixin.py:151} INFO - [2025-06-17T04:20:20.352+0300] {dag.py:3696} INFO - Setting next_dagrun for dataset_consumes_1_and_2 to None, run_after=None
[2025-06-17T04:20:20.354+0300] {logging_mixin.py:151} INFO - [2025-06-17T04:20:20.354+0300] {dag.py:3696} INFO - Setting next_dagrun for dataset_consumes_1_never_scheduled to None, run_after=None
[2025-06-17T04:20:20.356+0300] {logging_mixin.py:151} INFO - [2025-06-17T04:20:20.356+0300] {dag.py:3696} INFO - Setting next_dagrun for dataset_consumes_unknown_never_scheduled to None, run_after=None
[2025-06-17T04:20:20.360+0300] {logging_mixin.py:151} INFO - [2025-06-17T04:20:20.360+0300] {dag.py:3696} INFO - Setting next_dagrun for dataset_produces_1 to 2025-06-16T00:00:00+00:00, run_after=2025-06-17T00:00:00+00:00
[2025-06-17T04:20:20.362+0300] {logging_mixin.py:151} INFO - [2025-06-17T04:20:20.361+0300] {dag.py:3696} INFO - Setting next_dagrun for dataset_produces_2 to None, run_after=None
[2025-06-17T04:20:20.418+0300] {processor.py:179} INFO - Processing /home/qwerty/.local/lib/python3.10/site-packages/airflow/example_dags/example_datasets.py took 0.162 seconds
[2025-06-17T04:21:13.543+0300] {processor.py:157} INFO - Started process (PID=19627) to work on /home/qwerty/.local/lib/python3.10/site-packages/airflow/example_dags/example_datasets.py
[2025-06-17T04:21:13.545+0300] {processor.py:829} INFO - Processing file /home/qwerty/.local/lib/python3.10/site-packages/airflow/example_dags/example_datasets.py for tasks to queue
[2025-06-17T04:21:13.546+0300] {logging_mixin.py:151} INFO - [2025-06-17T04:21:13.546+0300] {dagbag.py:539} INFO - Filling up the DagBag from /home/qwerty/.local/lib/python3.10/site-packages/airflow/example_dags/example_datasets.py
[2025-06-17T04:21:13.563+0300] {processor.py:839} INFO - DAG(s) dict_keys(['dataset_consumes_1', 'dataset_consumes_unknown_never_scheduled', 'dataset_consumes_1_never_scheduled', 'dataset_produces_1', 'dataset_produces_2', 'dataset_consumes_1_and_2']) retrieved from /home/qwerty/.local/lib/python3.10/site-packages/airflow/example_dags/example_datasets.py
[2025-06-17T04:21:13.599+0300] {logging_mixin.py:151} INFO - [2025-06-17T04:21:13.598+0300] {dag.py:2915} INFO - Sync 6 DAGs
[2025-06-17T04:21:13.622+0300] {logging_mixin.py:151} INFO - [2025-06-17T04:21:13.622+0300] {dag.py:3696} INFO - Setting next_dagrun for dataset_consumes_1 to None, run_after=None
[2025-06-17T04:21:13.626+0300] {logging_mixin.py:151} INFO - [2025-06-17T04:21:13.626+0300] {dag.py:3696} INFO - Setting next_dagrun for dataset_consumes_1_and_2 to None, run_after=None
[2025-06-17T04:21:13.627+0300] {logging_mixin.py:151} INFO - [2025-06-17T04:21:13.627+0300] {dag.py:3696} INFO - Setting next_dagrun for dataset_consumes_1_never_scheduled to None, run_after=None
[2025-06-17T04:21:13.628+0300] {logging_mixin.py:151} INFO - [2025-06-17T04:21:13.628+0300] {dag.py:3696} INFO - Setting next_dagrun for dataset_consumes_unknown_never_scheduled to None, run_after=None
[2025-06-17T04:21:13.631+0300] {logging_mixin.py:151} INFO - [2025-06-17T04:21:13.631+0300] {dag.py:3696} INFO - Setting next_dagrun for dataset_produces_1 to 2025-06-16T00:00:00+00:00, run_after=2025-06-17T00:00:00+00:00
[2025-06-17T04:21:13.633+0300] {logging_mixin.py:151} INFO - [2025-06-17T04:21:13.632+0300] {dag.py:3696} INFO - Setting next_dagrun for dataset_produces_2 to None, run_after=None
[2025-06-17T04:21:13.676+0300] {processor.py:179} INFO - Processing /home/qwerty/.local/lib/python3.10/site-packages/airflow/example_dags/example_datasets.py took 0.142 seconds
[2025-06-17T04:22:10.603+0300] {processor.py:157} INFO - Started process (PID=19721) to work on /home/qwerty/.local/lib/python3.10/site-packages/airflow/example_dags/example_datasets.py
[2025-06-17T04:22:10.606+0300] {processor.py:829} INFO - Processing file /home/qwerty/.local/lib/python3.10/site-packages/airflow/example_dags/example_datasets.py for tasks to queue
[2025-06-17T04:22:10.609+0300] {logging_mixin.py:151} INFO - [2025-06-17T04:22:10.608+0300] {dagbag.py:539} INFO - Filling up the DagBag from /home/qwerty/.local/lib/python3.10/site-packages/airflow/example_dags/example_datasets.py
[2025-06-17T04:22:10.622+0300] {processor.py:839} INFO - DAG(s) dict_keys(['dataset_produces_2', 'dataset_consumes_1_and_2', 'dataset_consumes_unknown_never_scheduled', 'dataset_consumes_1_never_scheduled', 'dataset_produces_1', 'dataset_consumes_1']) retrieved from /home/qwerty/.local/lib/python3.10/site-packages/airflow/example_dags/example_datasets.py
[2025-06-17T04:22:10.656+0300] {logging_mixin.py:151} INFO - [2025-06-17T04:22:10.656+0300] {dag.py:2915} INFO - Sync 6 DAGs
[2025-06-17T04:22:10.679+0300] {logging_mixin.py:151} INFO - [2025-06-17T04:22:10.679+0300] {dag.py:3696} INFO - Setting next_dagrun for dataset_consumes_1 to None, run_after=None
[2025-06-17T04:22:10.683+0300] {logging_mixin.py:151} INFO - [2025-06-17T04:22:10.683+0300] {dag.py:3696} INFO - Setting next_dagrun for dataset_consumes_1_and_2 to None, run_after=None
[2025-06-17T04:22:10.684+0300] {logging_mixin.py:151} INFO - [2025-06-17T04:22:10.684+0300] {dag.py:3696} INFO - Setting next_dagrun for dataset_consumes_1_never_scheduled to None, run_after=None
[2025-06-17T04:22:10.685+0300] {logging_mixin.py:151} INFO - [2025-06-17T04:22:10.685+0300] {dag.py:3696} INFO - Setting next_dagrun for dataset_consumes_unknown_never_scheduled to None, run_after=None
[2025-06-17T04:22:10.688+0300] {logging_mixin.py:151} INFO - [2025-06-17T04:22:10.688+0300] {dag.py:3696} INFO - Setting next_dagrun for dataset_produces_1 to 2025-06-16T00:00:00+00:00, run_after=2025-06-17T00:00:00+00:00
[2025-06-17T04:22:10.689+0300] {logging_mixin.py:151} INFO - [2025-06-17T04:22:10.689+0300] {dag.py:3696} INFO - Setting next_dagrun for dataset_produces_2 to None, run_after=None
[2025-06-17T04:22:10.726+0300] {processor.py:179} INFO - Processing /home/qwerty/.local/lib/python3.10/site-packages/airflow/example_dags/example_datasets.py took 0.135 seconds
[2025-06-17T04:23:08.952+0300] {processor.py:157} INFO - Started process (PID=19806) to work on /home/qwerty/.local/lib/python3.10/site-packages/airflow/example_dags/example_datasets.py
[2025-06-17T04:23:08.956+0300] {processor.py:829} INFO - Processing file /home/qwerty/.local/lib/python3.10/site-packages/airflow/example_dags/example_datasets.py for tasks to queue
[2025-06-17T04:23:08.958+0300] {logging_mixin.py:151} INFO - [2025-06-17T04:23:08.957+0300] {dagbag.py:539} INFO - Filling up the DagBag from /home/qwerty/.local/lib/python3.10/site-packages/airflow/example_dags/example_datasets.py
[2025-06-17T04:23:08.971+0300] {processor.py:839} INFO - DAG(s) dict_keys(['dataset_consumes_unknown_never_scheduled', 'dataset_consumes_1_never_scheduled', 'dataset_produces_1', 'dataset_consumes_1', 'dataset_produces_2', 'dataset_consumes_1_and_2']) retrieved from /home/qwerty/.local/lib/python3.10/site-packages/airflow/example_dags/example_datasets.py
[2025-06-17T04:23:09.006+0300] {logging_mixin.py:151} INFO - [2025-06-17T04:23:09.006+0300] {dag.py:2915} INFO - Sync 6 DAGs
[2025-06-17T04:23:09.038+0300] {logging_mixin.py:151} INFO - [2025-06-17T04:23:09.037+0300] {dag.py:3696} INFO - Setting next_dagrun for dataset_consumes_1 to None, run_after=None
[2025-06-17T04:23:09.042+0300] {logging_mixin.py:151} INFO - [2025-06-17T04:23:09.042+0300] {dag.py:3696} INFO - Setting next_dagrun for dataset_consumes_1_and_2 to None, run_after=None
[2025-06-17T04:23:09.044+0300] {logging_mixin.py:151} INFO - [2025-06-17T04:23:09.043+0300] {dag.py:3696} INFO - Setting next_dagrun for dataset_consumes_1_never_scheduled to None, run_after=None
[2025-06-17T04:23:09.045+0300] {logging_mixin.py:151} INFO - [2025-06-17T04:23:09.045+0300] {dag.py:3696} INFO - Setting next_dagrun for dataset_consumes_unknown_never_scheduled to None, run_after=None
[2025-06-17T04:23:09.049+0300] {logging_mixin.py:151} INFO - [2025-06-17T04:23:09.049+0300] {dag.py:3696} INFO - Setting next_dagrun for dataset_produces_1 to 2025-06-16T00:00:00+00:00, run_after=2025-06-17T00:00:00+00:00
[2025-06-17T04:23:09.051+0300] {logging_mixin.py:151} INFO - [2025-06-17T04:23:09.051+0300] {dag.py:3696} INFO - Setting next_dagrun for dataset_produces_2 to None, run_after=None
[2025-06-17T04:23:09.120+0300] {processor.py:179} INFO - Processing /home/qwerty/.local/lib/python3.10/site-packages/airflow/example_dags/example_datasets.py took 0.178 seconds
[2025-06-17T04:24:05.140+0300] {processor.py:157} INFO - Started process (PID=19880) to work on /home/qwerty/.local/lib/python3.10/site-packages/airflow/example_dags/example_datasets.py
[2025-06-17T04:24:05.143+0300] {processor.py:829} INFO - Processing file /home/qwerty/.local/lib/python3.10/site-packages/airflow/example_dags/example_datasets.py for tasks to queue
[2025-06-17T04:24:05.144+0300] {logging_mixin.py:151} INFO - [2025-06-17T04:24:05.144+0300] {dagbag.py:539} INFO - Filling up the DagBag from /home/qwerty/.local/lib/python3.10/site-packages/airflow/example_dags/example_datasets.py
[2025-06-17T04:24:05.159+0300] {processor.py:839} INFO - DAG(s) dict_keys(['dataset_consumes_1_never_scheduled', 'dataset_consumes_unknown_never_scheduled', 'dataset_produces_1', 'dataset_consumes_1_and_2', 'dataset_produces_2', 'dataset_consumes_1']) retrieved from /home/qwerty/.local/lib/python3.10/site-packages/airflow/example_dags/example_datasets.py
[2025-06-17T04:24:05.198+0300] {logging_mixin.py:151} INFO - [2025-06-17T04:24:05.197+0300] {dag.py:2915} INFO - Sync 6 DAGs
[2025-06-17T04:24:05.223+0300] {logging_mixin.py:151} INFO - [2025-06-17T04:24:05.223+0300] {dag.py:3696} INFO - Setting next_dagrun for dataset_consumes_1 to None, run_after=None
[2025-06-17T04:24:05.228+0300] {logging_mixin.py:151} INFO - [2025-06-17T04:24:05.227+0300] {dag.py:3696} INFO - Setting next_dagrun for dataset_consumes_1_and_2 to None, run_after=None
[2025-06-17T04:24:05.229+0300] {logging_mixin.py:151} INFO - [2025-06-17T04:24:05.229+0300] {dag.py:3696} INFO - Setting next_dagrun for dataset_consumes_1_never_scheduled to None, run_after=None
[2025-06-17T04:24:05.231+0300] {logging_mixin.py:151} INFO - [2025-06-17T04:24:05.230+0300] {dag.py:3696} INFO - Setting next_dagrun for dataset_consumes_unknown_never_scheduled to None, run_after=None
[2025-06-17T04:24:05.234+0300] {logging_mixin.py:151} INFO - [2025-06-17T04:24:05.234+0300] {dag.py:3696} INFO - Setting next_dagrun for dataset_produces_1 to 2025-06-16T00:00:00+00:00, run_after=2025-06-17T00:00:00+00:00
[2025-06-17T04:24:05.236+0300] {logging_mixin.py:151} INFO - [2025-06-17T04:24:05.235+0300] {dag.py:3696} INFO - Setting next_dagrun for dataset_produces_2 to None, run_after=None
[2025-06-17T04:24:05.278+0300] {processor.py:179} INFO - Processing /home/qwerty/.local/lib/python3.10/site-packages/airflow/example_dags/example_datasets.py took 0.143 seconds
[2025-06-17T04:25:38.838+0300] {processor.py:157} INFO - Started process (PID=20003) to work on /home/qwerty/.local/lib/python3.10/site-packages/airflow/example_dags/example_datasets.py
[2025-06-17T04:25:38.843+0300] {processor.py:829} INFO - Processing file /home/qwerty/.local/lib/python3.10/site-packages/airflow/example_dags/example_datasets.py for tasks to queue
[2025-06-17T04:25:38.845+0300] {logging_mixin.py:151} INFO - [2025-06-17T04:25:38.844+0300] {dagbag.py:539} INFO - Filling up the DagBag from /home/qwerty/.local/lib/python3.10/site-packages/airflow/example_dags/example_datasets.py
[2025-06-17T04:25:38.866+0300] {processor.py:839} INFO - DAG(s) dict_keys(['dataset_consumes_1', 'dataset_produces_1', 'dataset_produces_2', 'dataset_consumes_1_never_scheduled', 'dataset_consumes_1_and_2', 'dataset_consumes_unknown_never_scheduled']) retrieved from /home/qwerty/.local/lib/python3.10/site-packages/airflow/example_dags/example_datasets.py
[2025-06-17T04:25:38.919+0300] {logging_mixin.py:151} INFO - [2025-06-17T04:25:38.918+0300] {dag.py:2915} INFO - Sync 6 DAGs
[2025-06-17T04:25:38.960+0300] {logging_mixin.py:151} INFO - [2025-06-17T04:25:38.960+0300] {dag.py:3696} INFO - Setting next_dagrun for dataset_consumes_1 to None, run_after=None
[2025-06-17T04:25:38.969+0300] {logging_mixin.py:151} INFO - [2025-06-17T04:25:38.969+0300] {dag.py:3696} INFO - Setting next_dagrun for dataset_consumes_1_and_2 to None, run_after=None
[2025-06-17T04:25:38.972+0300] {logging_mixin.py:151} INFO - [2025-06-17T04:25:38.971+0300] {dag.py:3696} INFO - Setting next_dagrun for dataset_consumes_1_never_scheduled to None, run_after=None
[2025-06-17T04:25:38.975+0300] {logging_mixin.py:151} INFO - [2025-06-17T04:25:38.974+0300] {dag.py:3696} INFO - Setting next_dagrun for dataset_consumes_unknown_never_scheduled to None, run_after=None
[2025-06-17T04:25:38.984+0300] {logging_mixin.py:151} INFO - [2025-06-17T04:25:38.983+0300] {dag.py:3696} INFO - Setting next_dagrun for dataset_produces_1 to 2025-06-16T00:00:00+00:00, run_after=2025-06-17T00:00:00+00:00
[2025-06-17T04:25:38.988+0300] {logging_mixin.py:151} INFO - [2025-06-17T04:25:38.988+0300] {dag.py:3696} INFO - Setting next_dagrun for dataset_produces_2 to None, run_after=None
[2025-06-17T04:25:39.087+0300] {processor.py:179} INFO - Processing /home/qwerty/.local/lib/python3.10/site-packages/airflow/example_dags/example_datasets.py took 0.263 seconds
[2025-06-17T04:26:33.531+0300] {processor.py:157} INFO - Started process (PID=20056) to work on /home/qwerty/.local/lib/python3.10/site-packages/airflow/example_dags/example_datasets.py
[2025-06-17T04:26:33.535+0300] {processor.py:829} INFO - Processing file /home/qwerty/.local/lib/python3.10/site-packages/airflow/example_dags/example_datasets.py for tasks to queue
[2025-06-17T04:26:33.536+0300] {logging_mixin.py:151} INFO - [2025-06-17T04:26:33.536+0300] {dagbag.py:539} INFO - Filling up the DagBag from /home/qwerty/.local/lib/python3.10/site-packages/airflow/example_dags/example_datasets.py
[2025-06-17T04:26:33.548+0300] {processor.py:839} INFO - DAG(s) dict_keys(['dataset_consumes_1_and_2', 'dataset_produces_2', 'dataset_consumes_unknown_never_scheduled', 'dataset_produces_1', 'dataset_consumes_1', 'dataset_consumes_1_never_scheduled']) retrieved from /home/qwerty/.local/lib/python3.10/site-packages/airflow/example_dags/example_datasets.py
[2025-06-17T04:26:33.584+0300] {logging_mixin.py:151} INFO - [2025-06-17T04:26:33.584+0300] {dag.py:2915} INFO - Sync 6 DAGs
[2025-06-17T04:26:33.610+0300] {logging_mixin.py:151} INFO - [2025-06-17T04:26:33.610+0300] {dag.py:3696} INFO - Setting next_dagrun for dataset_consumes_1 to None, run_after=None
[2025-06-17T04:26:33.615+0300] {logging_mixin.py:151} INFO - [2025-06-17T04:26:33.615+0300] {dag.py:3696} INFO - Setting next_dagrun for dataset_consumes_1_and_2 to None, run_after=None
[2025-06-17T04:26:33.617+0300] {logging_mixin.py:151} INFO - [2025-06-17T04:26:33.616+0300] {dag.py:3696} INFO - Setting next_dagrun for dataset_consumes_1_never_scheduled to None, run_after=None
[2025-06-17T04:26:33.618+0300] {logging_mixin.py:151} INFO - [2025-06-17T04:26:33.618+0300] {dag.py:3696} INFO - Setting next_dagrun for dataset_consumes_unknown_never_scheduled to None, run_after=None
[2025-06-17T04:26:33.622+0300] {logging_mixin.py:151} INFO - [2025-06-17T04:26:33.622+0300] {dag.py:3696} INFO - Setting next_dagrun for dataset_produces_1 to 2025-06-16T00:00:00+00:00, run_after=2025-06-17T00:00:00+00:00
[2025-06-17T04:26:33.624+0300] {logging_mixin.py:151} INFO - [2025-06-17T04:26:33.623+0300] {dag.py:3696} INFO - Setting next_dagrun for dataset_produces_2 to None, run_after=None
[2025-06-17T04:26:33.661+0300] {processor.py:179} INFO - Processing /home/qwerty/.local/lib/python3.10/site-packages/airflow/example_dags/example_datasets.py took 0.141 seconds
[2025-06-17T04:27:25.017+0300] {processor.py:157} INFO - Started process (PID=20103) to work on /home/qwerty/.local/lib/python3.10/site-packages/airflow/example_dags/example_datasets.py
[2025-06-17T04:27:25.018+0300] {processor.py:829} INFO - Processing file /home/qwerty/.local/lib/python3.10/site-packages/airflow/example_dags/example_datasets.py for tasks to queue
[2025-06-17T04:27:25.019+0300] {logging_mixin.py:151} INFO - [2025-06-17T04:27:25.019+0300] {dagbag.py:539} INFO - Filling up the DagBag from /home/qwerty/.local/lib/python3.10/site-packages/airflow/example_dags/example_datasets.py
[2025-06-17T04:27:25.034+0300] {processor.py:839} INFO - DAG(s) dict_keys(['dataset_consumes_1_never_scheduled', 'dataset_produces_1', 'dataset_consumes_1', 'dataset_produces_2', 'dataset_consumes_1_and_2', 'dataset_consumes_unknown_never_scheduled']) retrieved from /home/qwerty/.local/lib/python3.10/site-packages/airflow/example_dags/example_datasets.py
[2025-06-17T04:27:25.080+0300] {logging_mixin.py:151} INFO - [2025-06-17T04:27:25.079+0300] {dag.py:2915} INFO - Sync 6 DAGs
[2025-06-17T04:27:25.112+0300] {logging_mixin.py:151} INFO - [2025-06-17T04:27:25.112+0300] {dag.py:3696} INFO - Setting next_dagrun for dataset_consumes_1 to None, run_after=None
[2025-06-17T04:27:25.117+0300] {logging_mixin.py:151} INFO - [2025-06-17T04:27:25.117+0300] {dag.py:3696} INFO - Setting next_dagrun for dataset_consumes_1_and_2 to None, run_after=None
[2025-06-17T04:27:25.119+0300] {logging_mixin.py:151} INFO - [2025-06-17T04:27:25.118+0300] {dag.py:3696} INFO - Setting next_dagrun for dataset_consumes_1_never_scheduled to None, run_after=None
[2025-06-17T04:27:25.120+0300] {logging_mixin.py:151} INFO - [2025-06-17T04:27:25.120+0300] {dag.py:3696} INFO - Setting next_dagrun for dataset_consumes_unknown_never_scheduled to None, run_after=None
[2025-06-17T04:27:25.126+0300] {logging_mixin.py:151} INFO - [2025-06-17T04:27:25.126+0300] {dag.py:3696} INFO - Setting next_dagrun for dataset_produces_1 to 2025-06-16T00:00:00+00:00, run_after=2025-06-17T00:00:00+00:00
[2025-06-17T04:27:25.128+0300] {logging_mixin.py:151} INFO - [2025-06-17T04:27:25.127+0300] {dag.py:3696} INFO - Setting next_dagrun for dataset_produces_2 to None, run_after=None
[2025-06-17T04:27:25.166+0300] {processor.py:179} INFO - Processing /home/qwerty/.local/lib/python3.10/site-packages/airflow/example_dags/example_datasets.py took 0.156 seconds
[2025-06-17T04:28:15.633+0300] {processor.py:157} INFO - Started process (PID=20184) to work on /home/qwerty/.local/lib/python3.10/site-packages/airflow/example_dags/example_datasets.py
[2025-06-17T04:28:15.634+0300] {processor.py:829} INFO - Processing file /home/qwerty/.local/lib/python3.10/site-packages/airflow/example_dags/example_datasets.py for tasks to queue
[2025-06-17T04:28:15.636+0300] {logging_mixin.py:151} INFO - [2025-06-17T04:28:15.635+0300] {dagbag.py:539} INFO - Filling up the DagBag from /home/qwerty/.local/lib/python3.10/site-packages/airflow/example_dags/example_datasets.py
[2025-06-17T04:28:15.650+0300] {processor.py:839} INFO - DAG(s) dict_keys(['dataset_produces_1', 'dataset_consumes_1', 'dataset_consumes_unknown_never_scheduled', 'dataset_consumes_1_and_2', 'dataset_produces_2', 'dataset_consumes_1_never_scheduled']) retrieved from /home/qwerty/.local/lib/python3.10/site-packages/airflow/example_dags/example_datasets.py
[2025-06-17T04:28:15.691+0300] {logging_mixin.py:151} INFO - [2025-06-17T04:28:15.691+0300] {dag.py:2915} INFO - Sync 6 DAGs
[2025-06-17T04:28:15.717+0300] {logging_mixin.py:151} INFO - [2025-06-17T04:28:15.717+0300] {dag.py:3696} INFO - Setting next_dagrun for dataset_consumes_1 to None, run_after=None
[2025-06-17T04:28:15.722+0300] {logging_mixin.py:151} INFO - [2025-06-17T04:28:15.721+0300] {dag.py:3696} INFO - Setting next_dagrun for dataset_consumes_1_and_2 to None, run_after=None
[2025-06-17T04:28:15.723+0300] {logging_mixin.py:151} INFO - [2025-06-17T04:28:15.723+0300] {dag.py:3696} INFO - Setting next_dagrun for dataset_consumes_1_never_scheduled to None, run_after=None
[2025-06-17T04:28:15.725+0300] {logging_mixin.py:151} INFO - [2025-06-17T04:28:15.724+0300] {dag.py:3696} INFO - Setting next_dagrun for dataset_consumes_unknown_never_scheduled to None, run_after=None
[2025-06-17T04:28:15.728+0300] {logging_mixin.py:151} INFO - [2025-06-17T04:28:15.728+0300] {dag.py:3696} INFO - Setting next_dagrun for dataset_produces_1 to 2025-06-16T00:00:00+00:00, run_after=2025-06-17T00:00:00+00:00
[2025-06-17T04:28:15.730+0300] {logging_mixin.py:151} INFO - [2025-06-17T04:28:15.730+0300] {dag.py:3696} INFO - Setting next_dagrun for dataset_produces_2 to None, run_after=None
[2025-06-17T04:28:15.773+0300] {processor.py:179} INFO - Processing /home/qwerty/.local/lib/python3.10/site-packages/airflow/example_dags/example_datasets.py took 0.145 seconds
[2025-06-17T04:29:33.310+0300] {processor.py:157} INFO - Started process (PID=20270) to work on /home/qwerty/.local/lib/python3.10/site-packages/airflow/example_dags/example_datasets.py
[2025-06-17T04:29:33.314+0300] {processor.py:829} INFO - Processing file /home/qwerty/.local/lib/python3.10/site-packages/airflow/example_dags/example_datasets.py for tasks to queue
[2025-06-17T04:29:33.315+0300] {logging_mixin.py:151} INFO - [2025-06-17T04:29:33.315+0300] {dagbag.py:539} INFO - Filling up the DagBag from /home/qwerty/.local/lib/python3.10/site-packages/airflow/example_dags/example_datasets.py
[2025-06-17T04:29:33.337+0300] {processor.py:839} INFO - DAG(s) dict_keys(['dataset_produces_1', 'dataset_consumes_1_and_2', 'dataset_consumes_unknown_never_scheduled', 'dataset_produces_2', 'dataset_consumes_1', 'dataset_consumes_1_never_scheduled']) retrieved from /home/qwerty/.local/lib/python3.10/site-packages/airflow/example_dags/example_datasets.py
[2025-06-17T04:29:33.388+0300] {logging_mixin.py:151} INFO - [2025-06-17T04:29:33.388+0300] {dag.py:2915} INFO - Sync 6 DAGs
[2025-06-17T04:29:33.422+0300] {logging_mixin.py:151} INFO - [2025-06-17T04:29:33.422+0300] {dag.py:3696} INFO - Setting next_dagrun for dataset_consumes_1 to None, run_after=None
[2025-06-17T04:29:33.427+0300] {logging_mixin.py:151} INFO - [2025-06-17T04:29:33.427+0300] {dag.py:3696} INFO - Setting next_dagrun for dataset_consumes_1_and_2 to None, run_after=None
[2025-06-17T04:29:33.428+0300] {logging_mixin.py:151} INFO - [2025-06-17T04:29:33.428+0300] {dag.py:3696} INFO - Setting next_dagrun for dataset_consumes_1_never_scheduled to None, run_after=None
[2025-06-17T04:29:33.430+0300] {logging_mixin.py:151} INFO - [2025-06-17T04:29:33.430+0300] {dag.py:3696} INFO - Setting next_dagrun for dataset_consumes_unknown_never_scheduled to None, run_after=None
[2025-06-17T04:29:33.434+0300] {logging_mixin.py:151} INFO - [2025-06-17T04:29:33.434+0300] {dag.py:3696} INFO - Setting next_dagrun for dataset_produces_1 to 2025-06-16T00:00:00+00:00, run_after=2025-06-17T00:00:00+00:00
[2025-06-17T04:29:33.437+0300] {logging_mixin.py:151} INFO - [2025-06-17T04:29:33.437+0300] {dag.py:3696} INFO - Setting next_dagrun for dataset_produces_2 to None, run_after=None
[2025-06-17T04:29:33.476+0300] {processor.py:179} INFO - Processing /home/qwerty/.local/lib/python3.10/site-packages/airflow/example_dags/example_datasets.py took 0.178 seconds
[2025-06-17T04:30:31.859+0300] {processor.py:157} INFO - Started process (PID=20330) to work on /home/qwerty/.local/lib/python3.10/site-packages/airflow/example_dags/example_datasets.py
[2025-06-17T04:30:31.862+0300] {processor.py:829} INFO - Processing file /home/qwerty/.local/lib/python3.10/site-packages/airflow/example_dags/example_datasets.py for tasks to queue
[2025-06-17T04:30:31.865+0300] {logging_mixin.py:151} INFO - [2025-06-17T04:30:31.864+0300] {dagbag.py:539} INFO - Filling up the DagBag from /home/qwerty/.local/lib/python3.10/site-packages/airflow/example_dags/example_datasets.py
[2025-06-17T04:30:31.888+0300] {processor.py:839} INFO - DAG(s) dict_keys(['dataset_produces_2', 'dataset_consumes_1', 'dataset_produces_1', 'dataset_consumes_unknown_never_scheduled', 'dataset_consumes_1_and_2', 'dataset_consumes_1_never_scheduled']) retrieved from /home/qwerty/.local/lib/python3.10/site-packages/airflow/example_dags/example_datasets.py
[2025-06-17T04:30:31.923+0300] {logging_mixin.py:151} INFO - [2025-06-17T04:30:31.923+0300] {dag.py:2915} INFO - Sync 6 DAGs
[2025-06-17T04:30:31.946+0300] {logging_mixin.py:151} INFO - [2025-06-17T04:30:31.946+0300] {dag.py:3696} INFO - Setting next_dagrun for dataset_consumes_1 to None, run_after=None
[2025-06-17T04:30:31.950+0300] {logging_mixin.py:151} INFO - [2025-06-17T04:30:31.949+0300] {dag.py:3696} INFO - Setting next_dagrun for dataset_consumes_1_and_2 to None, run_after=None
[2025-06-17T04:30:31.951+0300] {logging_mixin.py:151} INFO - [2025-06-17T04:30:31.951+0300] {dag.py:3696} INFO - Setting next_dagrun for dataset_consumes_1_never_scheduled to None, run_after=None
[2025-06-17T04:30:31.952+0300] {logging_mixin.py:151} INFO - [2025-06-17T04:30:31.952+0300] {dag.py:3696} INFO - Setting next_dagrun for dataset_consumes_unknown_never_scheduled to None, run_after=None
[2025-06-17T04:30:31.955+0300] {logging_mixin.py:151} INFO - [2025-06-17T04:30:31.955+0300] {dag.py:3696} INFO - Setting next_dagrun for dataset_produces_1 to 2025-06-16T00:00:00+00:00, run_after=2025-06-17T00:00:00+00:00
[2025-06-17T04:30:31.957+0300] {logging_mixin.py:151} INFO - [2025-06-17T04:30:31.957+0300] {dag.py:3696} INFO - Setting next_dagrun for dataset_produces_2 to None, run_after=None
[2025-06-17T04:30:32.007+0300] {processor.py:179} INFO - Processing /home/qwerty/.local/lib/python3.10/site-packages/airflow/example_dags/example_datasets.py took 0.158 seconds
[2025-06-17T04:31:29.058+0300] {processor.py:157} INFO - Started process (PID=20387) to work on /home/qwerty/.local/lib/python3.10/site-packages/airflow/example_dags/example_datasets.py
[2025-06-17T04:31:29.067+0300] {processor.py:829} INFO - Processing file /home/qwerty/.local/lib/python3.10/site-packages/airflow/example_dags/example_datasets.py for tasks to queue
[2025-06-17T04:31:29.069+0300] {logging_mixin.py:151} INFO - [2025-06-17T04:31:29.068+0300] {dagbag.py:539} INFO - Filling up the DagBag from /home/qwerty/.local/lib/python3.10/site-packages/airflow/example_dags/example_datasets.py
[2025-06-17T04:31:29.094+0300] {processor.py:839} INFO - DAG(s) dict_keys(['dataset_produces_1', 'dataset_consumes_1_never_scheduled', 'dataset_consumes_unknown_never_scheduled', 'dataset_produces_2', 'dataset_consumes_1', 'dataset_consumes_1_and_2']) retrieved from /home/qwerty/.local/lib/python3.10/site-packages/airflow/example_dags/example_datasets.py
[2025-06-17T04:31:29.149+0300] {logging_mixin.py:151} INFO - [2025-06-17T04:31:29.149+0300] {dag.py:2915} INFO - Sync 6 DAGs
[2025-06-17T04:31:29.189+0300] {logging_mixin.py:151} INFO - [2025-06-17T04:31:29.189+0300] {dag.py:3696} INFO - Setting next_dagrun for dataset_consumes_1 to None, run_after=None
[2025-06-17T04:31:29.195+0300] {logging_mixin.py:151} INFO - [2025-06-17T04:31:29.195+0300] {dag.py:3696} INFO - Setting next_dagrun for dataset_consumes_1_and_2 to None, run_after=None
[2025-06-17T04:31:29.197+0300] {logging_mixin.py:151} INFO - [2025-06-17T04:31:29.197+0300] {dag.py:3696} INFO - Setting next_dagrun for dataset_consumes_1_never_scheduled to None, run_after=None
[2025-06-17T04:31:29.199+0300] {logging_mixin.py:151} INFO - [2025-06-17T04:31:29.199+0300] {dag.py:3696} INFO - Setting next_dagrun for dataset_consumes_unknown_never_scheduled to None, run_after=None
[2025-06-17T04:31:29.205+0300] {logging_mixin.py:151} INFO - [2025-06-17T04:31:29.204+0300] {dag.py:3696} INFO - Setting next_dagrun for dataset_produces_1 to 2025-06-16T00:00:00+00:00, run_after=2025-06-17T00:00:00+00:00
[2025-06-17T04:31:29.207+0300] {logging_mixin.py:151} INFO - [2025-06-17T04:31:29.206+0300] {dag.py:3696} INFO - Setting next_dagrun for dataset_produces_2 to None, run_after=None
[2025-06-17T04:31:29.266+0300] {processor.py:179} INFO - Processing /home/qwerty/.local/lib/python3.10/site-packages/airflow/example_dags/example_datasets.py took 0.217 seconds
