[2025-06-17T04:07:45.181+0300] {processor.py:157} INFO - Started process (PID=18693) to work on /home/qwerty/.local/lib/python3.10/site-packages/airflow/example_dags/example_short_circuit_decorator.py
[2025-06-17T04:07:45.183+0300] {processor.py:829} INFO - Processing file /home/qwerty/.local/lib/python3.10/site-packages/airflow/example_dags/example_short_circuit_decorator.py for tasks to queue
[2025-06-17T04:07:45.185+0300] {logging_mixin.py:151} INFO - [2025-06-17T04:07:45.184+0300] {dagbag.py:539} INFO - Filling up the DagBag from /home/qwerty/.local/lib/python3.10/site-packages/airflow/example_dags/example_short_circuit_decorator.py
[2025-06-17T04:07:45.202+0300] {processor.py:839} INFO - DAG(s) dict_keys(['example_short_circuit_decorator']) retrieved from /home/qwerty/.local/lib/python3.10/site-packages/airflow/example_dags/example_short_circuit_decorator.py
[2025-06-17T04:07:45.247+0300] {logging_mixin.py:151} INFO - [2025-06-17T04:07:45.247+0300] {dag.py:2915} INFO - Sync 1 DAGs
[2025-06-17T04:07:45.291+0300] {logging_mixin.py:151} INFO - [2025-06-17T04:07:45.290+0300] {dag.py:3696} INFO - Setting next_dagrun for example_short_circuit_decorator to 2025-06-16T01:07:45.289499+00:00, run_after=2025-06-17T01:07:45.289499+00:00
[2025-06-17T04:07:45.355+0300] {processor.py:179} INFO - Processing /home/qwerty/.local/lib/python3.10/site-packages/airflow/example_dags/example_short_circuit_decorator.py took 0.181 seconds
[2025-06-17T04:08:45.627+0300] {processor.py:157} INFO - Started process (PID=18773) to work on /home/qwerty/.local/lib/python3.10/site-packages/airflow/example_dags/example_short_circuit_decorator.py
[2025-06-17T04:08:45.632+0300] {processor.py:829} INFO - Processing file /home/qwerty/.local/lib/python3.10/site-packages/airflow/example_dags/example_short_circuit_decorator.py for tasks to queue
[2025-06-17T04:08:45.635+0300] {logging_mixin.py:151} INFO - [2025-06-17T04:08:45.634+0300] {dagbag.py:539} INFO - Filling up the DagBag from /home/qwerty/.local/lib/python3.10/site-packages/airflow/example_dags/example_short_circuit_decorator.py
[2025-06-17T04:08:45.653+0300] {processor.py:839} INFO - DAG(s) dict_keys(['example_short_circuit_decorator']) retrieved from /home/qwerty/.local/lib/python3.10/site-packages/airflow/example_dags/example_short_circuit_decorator.py
[2025-06-17T04:08:45.684+0300] {logging_mixin.py:151} INFO - [2025-06-17T04:08:45.684+0300] {dag.py:2915} INFO - Sync 1 DAGs
[2025-06-17T04:08:45.720+0300] {logging_mixin.py:151} INFO - [2025-06-17T04:08:45.720+0300] {dag.py:3696} INFO - Setting next_dagrun for example_short_circuit_decorator to 2025-06-16T01:08:45.718120+00:00, run_after=2025-06-17T01:08:45.718120+00:00
[2025-06-17T04:08:45.760+0300] {processor.py:179} INFO - Processing /home/qwerty/.local/lib/python3.10/site-packages/airflow/example_dags/example_short_circuit_decorator.py took 0.138 seconds
[2025-06-17T04:09:40.476+0300] {processor.py:157} INFO - Started process (PID=18829) to work on /home/qwerty/.local/lib/python3.10/site-packages/airflow/example_dags/example_short_circuit_decorator.py
[2025-06-17T04:09:40.478+0300] {processor.py:829} INFO - Processing file /home/qwerty/.local/lib/python3.10/site-packages/airflow/example_dags/example_short_circuit_decorator.py for tasks to queue
[2025-06-17T04:09:40.480+0300] {logging_mixin.py:151} INFO - [2025-06-17T04:09:40.479+0300] {dagbag.py:539} INFO - Filling up the DagBag from /home/qwerty/.local/lib/python3.10/site-packages/airflow/example_dags/example_short_circuit_decorator.py
[2025-06-17T04:09:40.497+0300] {processor.py:839} INFO - DAG(s) dict_keys(['example_short_circuit_decorator']) retrieved from /home/qwerty/.local/lib/python3.10/site-packages/airflow/example_dags/example_short_circuit_decorator.py
[2025-06-17T04:09:40.529+0300] {logging_mixin.py:151} INFO - [2025-06-17T04:09:40.529+0300] {dag.py:2915} INFO - Sync 1 DAGs
[2025-06-17T04:09:40.563+0300] {logging_mixin.py:151} INFO - [2025-06-17T04:09:40.563+0300] {dag.py:3696} INFO - Setting next_dagrun for example_short_circuit_decorator to 2025-06-16T01:09:40.563005+00:00, run_after=2025-06-17T01:09:40.563005+00:00
[2025-06-17T04:09:40.601+0300] {processor.py:179} INFO - Processing /home/qwerty/.local/lib/python3.10/site-packages/airflow/example_dags/example_short_circuit_decorator.py took 0.131 seconds
[2025-06-17T04:10:39.634+0300] {processor.py:157} INFO - Started process (PID=18885) to work on /home/qwerty/.local/lib/python3.10/site-packages/airflow/example_dags/example_short_circuit_decorator.py
[2025-06-17T04:10:39.637+0300] {processor.py:829} INFO - Processing file /home/qwerty/.local/lib/python3.10/site-packages/airflow/example_dags/example_short_circuit_decorator.py for tasks to queue
[2025-06-17T04:10:39.640+0300] {logging_mixin.py:151} INFO - [2025-06-17T04:10:39.639+0300] {dagbag.py:539} INFO - Filling up the DagBag from /home/qwerty/.local/lib/python3.10/site-packages/airflow/example_dags/example_short_circuit_decorator.py
[2025-06-17T04:10:39.668+0300] {processor.py:839} INFO - DAG(s) dict_keys(['example_short_circuit_decorator']) retrieved from /home/qwerty/.local/lib/python3.10/site-packages/airflow/example_dags/example_short_circuit_decorator.py
[2025-06-17T04:10:39.715+0300] {logging_mixin.py:151} INFO - [2025-06-17T04:10:39.715+0300] {dag.py:2915} INFO - Sync 1 DAGs
[2025-06-17T04:10:39.782+0300] {logging_mixin.py:151} INFO - [2025-06-17T04:10:39.782+0300] {dag.py:3696} INFO - Setting next_dagrun for example_short_circuit_decorator to 2025-06-16T01:10:39.780766+00:00, run_after=2025-06-17T01:10:39.780766+00:00
[2025-06-17T04:10:39.866+0300] {processor.py:179} INFO - Processing /home/qwerty/.local/lib/python3.10/site-packages/airflow/example_dags/example_short_circuit_decorator.py took 0.243 seconds
[2025-06-17T04:11:35.462+0300] {processor.py:157} INFO - Started process (PID=18934) to work on /home/qwerty/.local/lib/python3.10/site-packages/airflow/example_dags/example_short_circuit_decorator.py
[2025-06-17T04:11:35.467+0300] {processor.py:829} INFO - Processing file /home/qwerty/.local/lib/python3.10/site-packages/airflow/example_dags/example_short_circuit_decorator.py for tasks to queue
[2025-06-17T04:11:35.471+0300] {logging_mixin.py:151} INFO - [2025-06-17T04:11:35.469+0300] {dagbag.py:539} INFO - Filling up the DagBag from /home/qwerty/.local/lib/python3.10/site-packages/airflow/example_dags/example_short_circuit_decorator.py
[2025-06-17T04:11:35.509+0300] {processor.py:839} INFO - DAG(s) dict_keys(['example_short_circuit_decorator']) retrieved from /home/qwerty/.local/lib/python3.10/site-packages/airflow/example_dags/example_short_circuit_decorator.py
[2025-06-17T04:11:35.576+0300] {logging_mixin.py:151} INFO - [2025-06-17T04:11:35.575+0300] {dag.py:2915} INFO - Sync 1 DAGs
[2025-06-17T04:11:35.647+0300] {logging_mixin.py:151} INFO - [2025-06-17T04:11:35.646+0300] {dag.py:3696} INFO - Setting next_dagrun for example_short_circuit_decorator to 2025-06-16T01:11:35.645303+00:00, run_after=2025-06-17T01:11:35.645303+00:00
[2025-06-17T04:11:35.727+0300] {processor.py:179} INFO - Processing /home/qwerty/.local/lib/python3.10/site-packages/airflow/example_dags/example_short_circuit_decorator.py took 0.279 seconds
[2025-06-17T04:12:41.127+0300] {processor.py:157} INFO - Started process (PID=19029) to work on /home/qwerty/.local/lib/python3.10/site-packages/airflow/example_dags/example_short_circuit_decorator.py
[2025-06-17T04:12:41.130+0300] {processor.py:829} INFO - Processing file /home/qwerty/.local/lib/python3.10/site-packages/airflow/example_dags/example_short_circuit_decorator.py for tasks to queue
[2025-06-17T04:12:41.132+0300] {logging_mixin.py:151} INFO - [2025-06-17T04:12:41.131+0300] {dagbag.py:539} INFO - Filling up the DagBag from /home/qwerty/.local/lib/python3.10/site-packages/airflow/example_dags/example_short_circuit_decorator.py
[2025-06-17T04:12:41.157+0300] {processor.py:839} INFO - DAG(s) dict_keys(['example_short_circuit_decorator']) retrieved from /home/qwerty/.local/lib/python3.10/site-packages/airflow/example_dags/example_short_circuit_decorator.py
[2025-06-17T04:12:41.209+0300] {logging_mixin.py:151} INFO - [2025-06-17T04:12:41.208+0300] {dag.py:2915} INFO - Sync 1 DAGs
[2025-06-17T04:12:41.281+0300] {logging_mixin.py:151} INFO - [2025-06-17T04:12:41.280+0300] {dag.py:3696} INFO - Setting next_dagrun for example_short_circuit_decorator to 2025-06-16T01:12:41.279876+00:00, run_after=2025-06-17T01:12:41.279876+00:00
[2025-06-17T04:12:41.359+0300] {processor.py:179} INFO - Processing /home/qwerty/.local/lib/python3.10/site-packages/airflow/example_dags/example_short_circuit_decorator.py took 0.241 seconds
[2025-06-17T04:13:36.096+0300] {processor.py:157} INFO - Started process (PID=19086) to work on /home/qwerty/.local/lib/python3.10/site-packages/airflow/example_dags/example_short_circuit_decorator.py
[2025-06-17T04:13:36.098+0300] {processor.py:829} INFO - Processing file /home/qwerty/.local/lib/python3.10/site-packages/airflow/example_dags/example_short_circuit_decorator.py for tasks to queue
[2025-06-17T04:13:36.100+0300] {logging_mixin.py:151} INFO - [2025-06-17T04:13:36.099+0300] {dagbag.py:539} INFO - Filling up the DagBag from /home/qwerty/.local/lib/python3.10/site-packages/airflow/example_dags/example_short_circuit_decorator.py
[2025-06-17T04:13:36.120+0300] {processor.py:839} INFO - DAG(s) dict_keys(['example_short_circuit_decorator']) retrieved from /home/qwerty/.local/lib/python3.10/site-packages/airflow/example_dags/example_short_circuit_decorator.py
[2025-06-17T04:13:36.159+0300] {logging_mixin.py:151} INFO - [2025-06-17T04:13:36.159+0300] {dag.py:2915} INFO - Sync 1 DAGs
[2025-06-17T04:13:36.204+0300] {logging_mixin.py:151} INFO - [2025-06-17T04:13:36.204+0300] {dag.py:3696} INFO - Setting next_dagrun for example_short_circuit_decorator to 2025-06-16T01:13:36.203338+00:00, run_after=2025-06-17T01:13:36.203338+00:00
[2025-06-17T04:13:36.248+0300] {processor.py:179} INFO - Processing /home/qwerty/.local/lib/python3.10/site-packages/airflow/example_dags/example_short_circuit_decorator.py took 0.160 seconds
[2025-06-17T04:14:35.162+0300] {processor.py:157} INFO - Started process (PID=19143) to work on /home/qwerty/.local/lib/python3.10/site-packages/airflow/example_dags/example_short_circuit_decorator.py
[2025-06-17T04:14:35.170+0300] {processor.py:829} INFO - Processing file /home/qwerty/.local/lib/python3.10/site-packages/airflow/example_dags/example_short_circuit_decorator.py for tasks to queue
[2025-06-17T04:14:35.172+0300] {logging_mixin.py:151} INFO - [2025-06-17T04:14:35.171+0300] {dagbag.py:539} INFO - Filling up the DagBag from /home/qwerty/.local/lib/python3.10/site-packages/airflow/example_dags/example_short_circuit_decorator.py
[2025-06-17T04:14:35.194+0300] {processor.py:839} INFO - DAG(s) dict_keys(['example_short_circuit_decorator']) retrieved from /home/qwerty/.local/lib/python3.10/site-packages/airflow/example_dags/example_short_circuit_decorator.py
[2025-06-17T04:14:35.240+0300] {logging_mixin.py:151} INFO - [2025-06-17T04:14:35.239+0300] {dag.py:2915} INFO - Sync 1 DAGs
[2025-06-17T04:14:35.277+0300] {logging_mixin.py:151} INFO - [2025-06-17T04:14:35.277+0300] {dag.py:3696} INFO - Setting next_dagrun for example_short_circuit_decorator to 2025-06-16T01:14:35.276790+00:00, run_after=2025-06-17T01:14:35.276790+00:00
[2025-06-17T04:14:35.325+0300] {processor.py:179} INFO - Processing /home/qwerty/.local/lib/python3.10/site-packages/airflow/example_dags/example_short_circuit_decorator.py took 0.170 seconds
[2025-06-17T04:15:36.595+0300] {processor.py:157} INFO - Started process (PID=19198) to work on /home/qwerty/.local/lib/python3.10/site-packages/airflow/example_dags/example_short_circuit_decorator.py
[2025-06-17T04:15:36.598+0300] {processor.py:829} INFO - Processing file /home/qwerty/.local/lib/python3.10/site-packages/airflow/example_dags/example_short_circuit_decorator.py for tasks to queue
[2025-06-17T04:15:36.601+0300] {logging_mixin.py:151} INFO - [2025-06-17T04:15:36.600+0300] {dagbag.py:539} INFO - Filling up the DagBag from /home/qwerty/.local/lib/python3.10/site-packages/airflow/example_dags/example_short_circuit_decorator.py
[2025-06-17T04:15:36.624+0300] {processor.py:839} INFO - DAG(s) dict_keys(['example_short_circuit_decorator']) retrieved from /home/qwerty/.local/lib/python3.10/site-packages/airflow/example_dags/example_short_circuit_decorator.py
[2025-06-17T04:15:36.646+0300] {logging_mixin.py:151} INFO - [2025-06-17T04:15:36.646+0300] {dag.py:2915} INFO - Sync 1 DAGs
[2025-06-17T04:15:36.670+0300] {logging_mixin.py:151} INFO - [2025-06-17T04:15:36.670+0300] {dag.py:3696} INFO - Setting next_dagrun for example_short_circuit_decorator to 2025-06-16T01:15:36.669877+00:00, run_after=2025-06-17T01:15:36.669877+00:00
[2025-06-17T04:15:36.710+0300] {processor.py:179} INFO - Processing /home/qwerty/.local/lib/python3.10/site-packages/airflow/example_dags/example_short_circuit_decorator.py took 0.126 seconds
[2025-06-17T04:16:32.864+0300] {processor.py:157} INFO - Started process (PID=19282) to work on /home/qwerty/.local/lib/python3.10/site-packages/airflow/example_dags/example_short_circuit_decorator.py
[2025-06-17T04:16:32.869+0300] {processor.py:829} INFO - Processing file /home/qwerty/.local/lib/python3.10/site-packages/airflow/example_dags/example_short_circuit_decorator.py for tasks to queue
[2025-06-17T04:16:32.871+0300] {logging_mixin.py:151} INFO - [2025-06-17T04:16:32.870+0300] {dagbag.py:539} INFO - Filling up the DagBag from /home/qwerty/.local/lib/python3.10/site-packages/airflow/example_dags/example_short_circuit_decorator.py
[2025-06-17T04:16:32.893+0300] {processor.py:839} INFO - DAG(s) dict_keys(['example_short_circuit_decorator']) retrieved from /home/qwerty/.local/lib/python3.10/site-packages/airflow/example_dags/example_short_circuit_decorator.py
[2025-06-17T04:16:32.928+0300] {logging_mixin.py:151} INFO - [2025-06-17T04:16:32.928+0300] {dag.py:2915} INFO - Sync 1 DAGs
[2025-06-17T04:16:32.963+0300] {logging_mixin.py:151} INFO - [2025-06-17T04:16:32.963+0300] {dag.py:3696} INFO - Setting next_dagrun for example_short_circuit_decorator to 2025-06-16T01:16:32.963062+00:00, run_after=2025-06-17T01:16:32.963062+00:00
[2025-06-17T04:16:33.022+0300] {processor.py:179} INFO - Processing /home/qwerty/.local/lib/python3.10/site-packages/airflow/example_dags/example_short_circuit_decorator.py took 0.164 seconds
[2025-06-17T04:17:28.158+0300] {processor.py:157} INFO - Started process (PID=19335) to work on /home/qwerty/.local/lib/python3.10/site-packages/airflow/example_dags/example_short_circuit_decorator.py
[2025-06-17T04:17:28.160+0300] {processor.py:829} INFO - Processing file /home/qwerty/.local/lib/python3.10/site-packages/airflow/example_dags/example_short_circuit_decorator.py for tasks to queue
[2025-06-17T04:17:28.163+0300] {logging_mixin.py:151} INFO - [2025-06-17T04:17:28.162+0300] {dagbag.py:539} INFO - Filling up the DagBag from /home/qwerty/.local/lib/python3.10/site-packages/airflow/example_dags/example_short_circuit_decorator.py
[2025-06-17T04:17:28.182+0300] {processor.py:839} INFO - DAG(s) dict_keys(['example_short_circuit_decorator']) retrieved from /home/qwerty/.local/lib/python3.10/site-packages/airflow/example_dags/example_short_circuit_decorator.py
[2025-06-17T04:17:28.215+0300] {logging_mixin.py:151} INFO - [2025-06-17T04:17:28.215+0300] {dag.py:2915} INFO - Sync 1 DAGs
[2025-06-17T04:17:28.243+0300] {logging_mixin.py:151} INFO - [2025-06-17T04:17:28.242+0300] {dag.py:3696} INFO - Setting next_dagrun for example_short_circuit_decorator to 2025-06-16T01:17:28.242440+00:00, run_after=2025-06-17T01:17:28.242440+00:00
[2025-06-17T04:17:28.278+0300] {processor.py:179} INFO - Processing /home/qwerty/.local/lib/python3.10/site-packages/airflow/example_dags/example_short_circuit_decorator.py took 0.128 seconds
[2025-06-17T04:18:25.920+0300] {processor.py:157} INFO - Started process (PID=19402) to work on /home/qwerty/.local/lib/python3.10/site-packages/airflow/example_dags/example_short_circuit_decorator.py
[2025-06-17T04:18:25.922+0300] {processor.py:829} INFO - Processing file /home/qwerty/.local/lib/python3.10/site-packages/airflow/example_dags/example_short_circuit_decorator.py for tasks to queue
[2025-06-17T04:18:25.924+0300] {logging_mixin.py:151} INFO - [2025-06-17T04:18:25.923+0300] {dagbag.py:539} INFO - Filling up the DagBag from /home/qwerty/.local/lib/python3.10/site-packages/airflow/example_dags/example_short_circuit_decorator.py
[2025-06-17T04:18:25.945+0300] {processor.py:839} INFO - DAG(s) dict_keys(['example_short_circuit_decorator']) retrieved from /home/qwerty/.local/lib/python3.10/site-packages/airflow/example_dags/example_short_circuit_decorator.py
[2025-06-17T04:18:25.990+0300] {logging_mixin.py:151} INFO - [2025-06-17T04:18:25.989+0300] {dag.py:2915} INFO - Sync 1 DAGs
[2025-06-17T04:18:26.036+0300] {logging_mixin.py:151} INFO - [2025-06-17T04:18:26.035+0300] {dag.py:3696} INFO - Setting next_dagrun for example_short_circuit_decorator to 2025-06-16T01:18:26.034990+00:00, run_after=2025-06-17T01:18:26.034990+00:00
[2025-06-17T04:18:26.076+0300] {processor.py:179} INFO - Processing /home/qwerty/.local/lib/python3.10/site-packages/airflow/example_dags/example_short_circuit_decorator.py took 0.163 seconds
[2025-06-17T04:19:25.797+0300] {processor.py:157} INFO - Started process (PID=19495) to work on /home/qwerty/.local/lib/python3.10/site-packages/airflow/example_dags/example_short_circuit_decorator.py
[2025-06-17T04:19:25.799+0300] {processor.py:829} INFO - Processing file /home/qwerty/.local/lib/python3.10/site-packages/airflow/example_dags/example_short_circuit_decorator.py for tasks to queue
[2025-06-17T04:19:25.800+0300] {logging_mixin.py:151} INFO - [2025-06-17T04:19:25.799+0300] {dagbag.py:539} INFO - Filling up the DagBag from /home/qwerty/.local/lib/python3.10/site-packages/airflow/example_dags/example_short_circuit_decorator.py
[2025-06-17T04:19:25.816+0300] {processor.py:839} INFO - DAG(s) dict_keys(['example_short_circuit_decorator']) retrieved from /home/qwerty/.local/lib/python3.10/site-packages/airflow/example_dags/example_short_circuit_decorator.py
[2025-06-17T04:19:25.846+0300] {logging_mixin.py:151} INFO - [2025-06-17T04:19:25.845+0300] {dag.py:2915} INFO - Sync 1 DAGs
[2025-06-17T04:19:25.881+0300] {logging_mixin.py:151} INFO - [2025-06-17T04:19:25.880+0300] {dag.py:3696} INFO - Setting next_dagrun for example_short_circuit_decorator to 2025-06-16T01:19:25.880128+00:00, run_after=2025-06-17T01:19:25.880128+00:00
[2025-06-17T04:19:25.917+0300] {processor.py:179} INFO - Processing /home/qwerty/.local/lib/python3.10/site-packages/airflow/example_dags/example_short_circuit_decorator.py took 0.126 seconds
[2025-06-17T04:20:18.098+0300] {processor.py:157} INFO - Started process (PID=19562) to work on /home/qwerty/.local/lib/python3.10/site-packages/airflow/example_dags/example_short_circuit_decorator.py
[2025-06-17T04:20:18.101+0300] {processor.py:829} INFO - Processing file /home/qwerty/.local/lib/python3.10/site-packages/airflow/example_dags/example_short_circuit_decorator.py for tasks to queue
[2025-06-17T04:20:18.103+0300] {logging_mixin.py:151} INFO - [2025-06-17T04:20:18.102+0300] {dagbag.py:539} INFO - Filling up the DagBag from /home/qwerty/.local/lib/python3.10/site-packages/airflow/example_dags/example_short_circuit_decorator.py
[2025-06-17T04:20:18.118+0300] {processor.py:839} INFO - DAG(s) dict_keys(['example_short_circuit_decorator']) retrieved from /home/qwerty/.local/lib/python3.10/site-packages/airflow/example_dags/example_short_circuit_decorator.py
[2025-06-17T04:20:18.139+0300] {logging_mixin.py:151} INFO - [2025-06-17T04:20:18.139+0300] {dag.py:2915} INFO - Sync 1 DAGs
[2025-06-17T04:20:18.163+0300] {logging_mixin.py:151} INFO - [2025-06-17T04:20:18.163+0300] {dag.py:3696} INFO - Setting next_dagrun for example_short_circuit_decorator to 2025-06-16T01:20:18.163118+00:00, run_after=2025-06-17T01:20:18.163118+00:00
[2025-06-17T04:20:18.192+0300] {processor.py:179} INFO - Processing /home/qwerty/.local/lib/python3.10/site-packages/airflow/example_dags/example_short_circuit_decorator.py took 0.108 seconds
[2025-06-17T04:21:11.010+0300] {processor.py:157} INFO - Started process (PID=19624) to work on /home/qwerty/.local/lib/python3.10/site-packages/airflow/example_dags/example_short_circuit_decorator.py
[2025-06-17T04:21:11.013+0300] {processor.py:829} INFO - Processing file /home/qwerty/.local/lib/python3.10/site-packages/airflow/example_dags/example_short_circuit_decorator.py for tasks to queue
[2025-06-17T04:21:11.016+0300] {logging_mixin.py:151} INFO - [2025-06-17T04:21:11.014+0300] {dagbag.py:539} INFO - Filling up the DagBag from /home/qwerty/.local/lib/python3.10/site-packages/airflow/example_dags/example_short_circuit_decorator.py
[2025-06-17T04:21:11.036+0300] {processor.py:839} INFO - DAG(s) dict_keys(['example_short_circuit_decorator']) retrieved from /home/qwerty/.local/lib/python3.10/site-packages/airflow/example_dags/example_short_circuit_decorator.py
[2025-06-17T04:21:11.057+0300] {logging_mixin.py:151} INFO - [2025-06-17T04:21:11.057+0300] {dag.py:2915} INFO - Sync 1 DAGs
[2025-06-17T04:21:11.080+0300] {logging_mixin.py:151} INFO - [2025-06-17T04:21:11.079+0300] {dag.py:3696} INFO - Setting next_dagrun for example_short_circuit_decorator to 2025-06-16T01:21:11.079320+00:00, run_after=2025-06-17T01:21:11.079320+00:00
[2025-06-17T04:21:11.121+0300] {processor.py:179} INFO - Processing /home/qwerty/.local/lib/python3.10/site-packages/airflow/example_dags/example_short_circuit_decorator.py took 0.123 seconds
[2025-06-17T04:22:07.969+0300] {processor.py:157} INFO - Started process (PID=19719) to work on /home/qwerty/.local/lib/python3.10/site-packages/airflow/example_dags/example_short_circuit_decorator.py
[2025-06-17T04:22:07.970+0300] {processor.py:829} INFO - Processing file /home/qwerty/.local/lib/python3.10/site-packages/airflow/example_dags/example_short_circuit_decorator.py for tasks to queue
[2025-06-17T04:22:07.971+0300] {logging_mixin.py:151} INFO - [2025-06-17T04:22:07.971+0300] {dagbag.py:539} INFO - Filling up the DagBag from /home/qwerty/.local/lib/python3.10/site-packages/airflow/example_dags/example_short_circuit_decorator.py
[2025-06-17T04:22:07.984+0300] {processor.py:839} INFO - DAG(s) dict_keys(['example_short_circuit_decorator']) retrieved from /home/qwerty/.local/lib/python3.10/site-packages/airflow/example_dags/example_short_circuit_decorator.py
[2025-06-17T04:22:08.010+0300] {logging_mixin.py:151} INFO - [2025-06-17T04:22:08.009+0300] {dag.py:2915} INFO - Sync 1 DAGs
[2025-06-17T04:22:08.040+0300] {logging_mixin.py:151} INFO - [2025-06-17T04:22:08.040+0300] {dag.py:3696} INFO - Setting next_dagrun for example_short_circuit_decorator to 2025-06-16T01:22:08.039745+00:00, run_after=2025-06-17T01:22:08.039745+00:00
[2025-06-17T04:22:08.071+0300] {processor.py:179} INFO - Processing /home/qwerty/.local/lib/python3.10/site-packages/airflow/example_dags/example_short_circuit_decorator.py took 0.107 seconds
[2025-06-17T04:23:06.227+0300] {processor.py:157} INFO - Started process (PID=19803) to work on /home/qwerty/.local/lib/python3.10/site-packages/airflow/example_dags/example_short_circuit_decorator.py
[2025-06-17T04:23:06.231+0300] {processor.py:829} INFO - Processing file /home/qwerty/.local/lib/python3.10/site-packages/airflow/example_dags/example_short_circuit_decorator.py for tasks to queue
[2025-06-17T04:23:06.234+0300] {logging_mixin.py:151} INFO - [2025-06-17T04:23:06.233+0300] {dagbag.py:539} INFO - Filling up the DagBag from /home/qwerty/.local/lib/python3.10/site-packages/airflow/example_dags/example_short_circuit_decorator.py
[2025-06-17T04:23:06.258+0300] {processor.py:839} INFO - DAG(s) dict_keys(['example_short_circuit_decorator']) retrieved from /home/qwerty/.local/lib/python3.10/site-packages/airflow/example_dags/example_short_circuit_decorator.py
[2025-06-17T04:23:06.315+0300] {logging_mixin.py:151} INFO - [2025-06-17T04:23:06.314+0300] {dag.py:2915} INFO - Sync 1 DAGs
[2025-06-17T04:23:06.359+0300] {logging_mixin.py:151} INFO - [2025-06-17T04:23:06.359+0300] {dag.py:3696} INFO - Setting next_dagrun for example_short_circuit_decorator to 2025-06-16T01:23:06.357216+00:00, run_after=2025-06-17T01:23:06.357216+00:00
[2025-06-17T04:23:06.416+0300] {processor.py:179} INFO - Processing /home/qwerty/.local/lib/python3.10/site-packages/airflow/example_dags/example_short_circuit_decorator.py took 0.200 seconds
[2025-06-17T04:24:02.414+0300] {processor.py:157} INFO - Started process (PID=19874) to work on /home/qwerty/.local/lib/python3.10/site-packages/airflow/example_dags/example_short_circuit_decorator.py
[2025-06-17T04:24:02.417+0300] {processor.py:829} INFO - Processing file /home/qwerty/.local/lib/python3.10/site-packages/airflow/example_dags/example_short_circuit_decorator.py for tasks to queue
[2025-06-17T04:24:02.420+0300] {logging_mixin.py:151} INFO - [2025-06-17T04:24:02.419+0300] {dagbag.py:539} INFO - Filling up the DagBag from /home/qwerty/.local/lib/python3.10/site-packages/airflow/example_dags/example_short_circuit_decorator.py
[2025-06-17T04:24:02.432+0300] {processor.py:839} INFO - DAG(s) dict_keys(['example_short_circuit_decorator']) retrieved from /home/qwerty/.local/lib/python3.10/site-packages/airflow/example_dags/example_short_circuit_decorator.py
[2025-06-17T04:24:02.454+0300] {logging_mixin.py:151} INFO - [2025-06-17T04:24:02.453+0300] {dag.py:2915} INFO - Sync 1 DAGs
[2025-06-17T04:24:02.476+0300] {logging_mixin.py:151} INFO - [2025-06-17T04:24:02.476+0300] {dag.py:3696} INFO - Setting next_dagrun for example_short_circuit_decorator to 2025-06-16T01:24:02.476069+00:00, run_after=2025-06-17T01:24:02.476069+00:00
[2025-06-17T04:24:02.514+0300] {processor.py:179} INFO - Processing /home/qwerty/.local/lib/python3.10/site-packages/airflow/example_dags/example_short_circuit_decorator.py took 0.111 seconds
[2025-06-17T04:25:32.349+0300] {processor.py:157} INFO - Started process (PID=19998) to work on /home/qwerty/.local/lib/python3.10/site-packages/airflow/example_dags/example_short_circuit_decorator.py
[2025-06-17T04:25:32.354+0300] {processor.py:829} INFO - Processing file /home/qwerty/.local/lib/python3.10/site-packages/airflow/example_dags/example_short_circuit_decorator.py for tasks to queue
[2025-06-17T04:25:32.357+0300] {logging_mixin.py:151} INFO - [2025-06-17T04:25:32.355+0300] {dagbag.py:539} INFO - Filling up the DagBag from /home/qwerty/.local/lib/python3.10/site-packages/airflow/example_dags/example_short_circuit_decorator.py
[2025-06-17T04:25:32.384+0300] {processor.py:839} INFO - DAG(s) dict_keys(['example_short_circuit_decorator']) retrieved from /home/qwerty/.local/lib/python3.10/site-packages/airflow/example_dags/example_short_circuit_decorator.py
[2025-06-17T04:25:32.417+0300] {logging_mixin.py:151} INFO - [2025-06-17T04:25:32.416+0300] {dag.py:2915} INFO - Sync 1 DAGs
[2025-06-17T04:25:32.452+0300] {logging_mixin.py:151} INFO - [2025-06-17T04:25:32.452+0300] {dag.py:3696} INFO - Setting next_dagrun for example_short_circuit_decorator to 2025-06-16T01:25:32.451755+00:00, run_after=2025-06-17T01:25:32.451755+00:00
[2025-06-17T04:25:32.498+0300] {processor.py:179} INFO - Processing /home/qwerty/.local/lib/python3.10/site-packages/airflow/example_dags/example_short_circuit_decorator.py took 0.155 seconds
[2025-06-17T04:26:28.108+0300] {processor.py:157} INFO - Started process (PID=20050) to work on /home/qwerty/.local/lib/python3.10/site-packages/airflow/example_dags/example_short_circuit_decorator.py
[2025-06-17T04:26:28.110+0300] {processor.py:829} INFO - Processing file /home/qwerty/.local/lib/python3.10/site-packages/airflow/example_dags/example_short_circuit_decorator.py for tasks to queue
[2025-06-17T04:26:28.112+0300] {logging_mixin.py:151} INFO - [2025-06-17T04:26:28.112+0300] {dagbag.py:539} INFO - Filling up the DagBag from /home/qwerty/.local/lib/python3.10/site-packages/airflow/example_dags/example_short_circuit_decorator.py
[2025-06-17T04:26:28.135+0300] {processor.py:839} INFO - DAG(s) dict_keys(['example_short_circuit_decorator']) retrieved from /home/qwerty/.local/lib/python3.10/site-packages/airflow/example_dags/example_short_circuit_decorator.py
[2025-06-17T04:26:28.175+0300] {logging_mixin.py:151} INFO - [2025-06-17T04:26:28.175+0300] {dag.py:2915} INFO - Sync 1 DAGs
[2025-06-17T04:26:28.213+0300] {logging_mixin.py:151} INFO - [2025-06-17T04:26:28.212+0300] {dag.py:3696} INFO - Setting next_dagrun for example_short_circuit_decorator to 2025-06-16T01:26:28.212200+00:00, run_after=2025-06-17T01:26:28.212200+00:00
[2025-06-17T04:26:28.257+0300] {processor.py:179} INFO - Processing /home/qwerty/.local/lib/python3.10/site-packages/airflow/example_dags/example_short_circuit_decorator.py took 0.159 seconds
[2025-06-17T04:27:19.211+0300] {processor.py:157} INFO - Started process (PID=20098) to work on /home/qwerty/.local/lib/python3.10/site-packages/airflow/example_dags/example_short_circuit_decorator.py
[2025-06-17T04:27:19.215+0300] {processor.py:829} INFO - Processing file /home/qwerty/.local/lib/python3.10/site-packages/airflow/example_dags/example_short_circuit_decorator.py for tasks to queue
[2025-06-17T04:27:19.218+0300] {logging_mixin.py:151} INFO - [2025-06-17T04:27:19.216+0300] {dagbag.py:539} INFO - Filling up the DagBag from /home/qwerty/.local/lib/python3.10/site-packages/airflow/example_dags/example_short_circuit_decorator.py
[2025-06-17T04:27:19.243+0300] {processor.py:839} INFO - DAG(s) dict_keys(['example_short_circuit_decorator']) retrieved from /home/qwerty/.local/lib/python3.10/site-packages/airflow/example_dags/example_short_circuit_decorator.py
[2025-06-17T04:27:19.301+0300] {logging_mixin.py:151} INFO - [2025-06-17T04:27:19.301+0300] {dag.py:2915} INFO - Sync 1 DAGs
[2025-06-17T04:27:19.371+0300] {logging_mixin.py:151} INFO - [2025-06-17T04:27:19.370+0300] {dag.py:3696} INFO - Setting next_dagrun for example_short_circuit_decorator to 2025-06-16T01:27:19.370135+00:00, run_after=2025-06-17T01:27:19.370135+00:00
[2025-06-17T04:27:19.431+0300] {processor.py:179} INFO - Processing /home/qwerty/.local/lib/python3.10/site-packages/airflow/example_dags/example_short_circuit_decorator.py took 0.227 seconds
[2025-06-17T04:28:08.901+0300] {processor.py:157} INFO - Started process (PID=20178) to work on /home/qwerty/.local/lib/python3.10/site-packages/airflow/example_dags/example_short_circuit_decorator.py
[2025-06-17T04:28:08.904+0300] {processor.py:829} INFO - Processing file /home/qwerty/.local/lib/python3.10/site-packages/airflow/example_dags/example_short_circuit_decorator.py for tasks to queue
[2025-06-17T04:28:08.906+0300] {logging_mixin.py:151} INFO - [2025-06-17T04:28:08.905+0300] {dagbag.py:539} INFO - Filling up the DagBag from /home/qwerty/.local/lib/python3.10/site-packages/airflow/example_dags/example_short_circuit_decorator.py
[2025-06-17T04:28:08.936+0300] {processor.py:839} INFO - DAG(s) dict_keys(['example_short_circuit_decorator']) retrieved from /home/qwerty/.local/lib/python3.10/site-packages/airflow/example_dags/example_short_circuit_decorator.py
[2025-06-17T04:28:08.958+0300] {logging_mixin.py:151} INFO - [2025-06-17T04:28:08.958+0300] {dag.py:2915} INFO - Sync 1 DAGs
[2025-06-17T04:28:08.983+0300] {logging_mixin.py:151} INFO - [2025-06-17T04:28:08.982+0300] {dag.py:3696} INFO - Setting next_dagrun for example_short_circuit_decorator to 2025-06-16T01:28:08.982552+00:00, run_after=2025-06-17T01:28:08.982552+00:00
[2025-06-17T04:28:09.029+0300] {processor.py:179} INFO - Processing /home/qwerty/.local/lib/python3.10/site-packages/airflow/example_dags/example_short_circuit_decorator.py took 0.139 seconds
[2025-06-17T04:29:01.486+0300] {processor.py:157} INFO - Started process (PID=20234) to work on /home/qwerty/.local/lib/python3.10/site-packages/airflow/example_dags/example_short_circuit_decorator.py
[2025-06-17T04:29:01.489+0300] {processor.py:829} INFO - Processing file /home/qwerty/.local/lib/python3.10/site-packages/airflow/example_dags/example_short_circuit_decorator.py for tasks to queue
[2025-06-17T04:29:01.491+0300] {logging_mixin.py:151} INFO - [2025-06-17T04:29:01.490+0300] {dagbag.py:539} INFO - Filling up the DagBag from /home/qwerty/.local/lib/python3.10/site-packages/airflow/example_dags/example_short_circuit_decorator.py
[2025-06-17T04:29:01.505+0300] {processor.py:839} INFO - DAG(s) dict_keys(['example_short_circuit_decorator']) retrieved from /home/qwerty/.local/lib/python3.10/site-packages/airflow/example_dags/example_short_circuit_decorator.py
[2025-06-17T04:29:01.527+0300] {logging_mixin.py:151} INFO - [2025-06-17T04:29:01.527+0300] {dag.py:2915} INFO - Sync 1 DAGs
[2025-06-17T04:29:01.553+0300] {logging_mixin.py:151} INFO - [2025-06-17T04:29:01.553+0300] {dag.py:3696} INFO - Setting next_dagrun for example_short_circuit_decorator to 2025-06-16T01:29:01.552871+00:00, run_after=2025-06-17T01:29:01.552871+00:00
[2025-06-17T04:29:01.591+0300] {processor.py:179} INFO - Processing /home/qwerty/.local/lib/python3.10/site-packages/airflow/example_dags/example_short_circuit_decorator.py took 0.117 seconds
[2025-06-17T04:30:03.652+0300] {processor.py:157} INFO - Started process (PID=20299) to work on /home/qwerty/.local/lib/python3.10/site-packages/airflow/example_dags/example_short_circuit_decorator.py
[2025-06-17T04:30:03.654+0300] {processor.py:829} INFO - Processing file /home/qwerty/.local/lib/python3.10/site-packages/airflow/example_dags/example_short_circuit_decorator.py for tasks to queue
[2025-06-17T04:30:03.655+0300] {logging_mixin.py:151} INFO - [2025-06-17T04:30:03.655+0300] {dagbag.py:539} INFO - Filling up the DagBag from /home/qwerty/.local/lib/python3.10/site-packages/airflow/example_dags/example_short_circuit_decorator.py
[2025-06-17T04:30:03.668+0300] {processor.py:839} INFO - DAG(s) dict_keys(['example_short_circuit_decorator']) retrieved from /home/qwerty/.local/lib/python3.10/site-packages/airflow/example_dags/example_short_circuit_decorator.py
[2025-06-17T04:30:03.691+0300] {logging_mixin.py:151} INFO - [2025-06-17T04:30:03.691+0300] {dag.py:2915} INFO - Sync 1 DAGs
[2025-06-17T04:30:03.716+0300] {logging_mixin.py:151} INFO - [2025-06-17T04:30:03.715+0300] {dag.py:3696} INFO - Setting next_dagrun for example_short_circuit_decorator to 2025-06-16T01:30:03.715254+00:00, run_after=2025-06-17T01:30:03.715254+00:00
[2025-06-17T04:30:03.747+0300] {processor.py:179} INFO - Processing /home/qwerty/.local/lib/python3.10/site-packages/airflow/example_dags/example_short_circuit_decorator.py took 0.100 seconds
[2025-06-17T04:31:01.511+0300] {processor.py:157} INFO - Started process (PID=20360) to work on /home/qwerty/.local/lib/python3.10/site-packages/airflow/example_dags/example_short_circuit_decorator.py
[2025-06-17T04:31:01.516+0300] {processor.py:829} INFO - Processing file /home/qwerty/.local/lib/python3.10/site-packages/airflow/example_dags/example_short_circuit_decorator.py for tasks to queue
[2025-06-17T04:31:01.519+0300] {logging_mixin.py:151} INFO - [2025-06-17T04:31:01.518+0300] {dagbag.py:539} INFO - Filling up the DagBag from /home/qwerty/.local/lib/python3.10/site-packages/airflow/example_dags/example_short_circuit_decorator.py
[2025-06-17T04:31:01.549+0300] {processor.py:839} INFO - DAG(s) dict_keys(['example_short_circuit_decorator']) retrieved from /home/qwerty/.local/lib/python3.10/site-packages/airflow/example_dags/example_short_circuit_decorator.py
[2025-06-17T04:31:01.574+0300] {logging_mixin.py:151} INFO - [2025-06-17T04:31:01.574+0300] {dag.py:2915} INFO - Sync 1 DAGs
[2025-06-17T04:31:01.599+0300] {logging_mixin.py:151} INFO - [2025-06-17T04:31:01.598+0300] {dag.py:3696} INFO - Setting next_dagrun for example_short_circuit_decorator to 2025-06-16T01:31:01.597738+00:00, run_after=2025-06-17T01:31:01.597738+00:00
[2025-06-17T04:31:01.646+0300] {processor.py:179} INFO - Processing /home/qwerty/.local/lib/python3.10/site-packages/airflow/example_dags/example_short_circuit_decorator.py took 0.144 seconds
