[2025-06-17T04:07:25.221+0300] {processor.py:157} INFO - Started process (PID=18658) to work on /home/qwerty/.local/lib/python3.10/site-packages/airflow/example_dags/example_latest_only.py
[2025-06-17T04:07:25.223+0300] {processor.py:829} INFO - Processing file /home/qwerty/.local/lib/python3.10/site-packages/airflow/example_dags/example_latest_only.py for tasks to queue
[2025-06-17T04:07:25.227+0300] {logging_mixin.py:151} INFO - [2025-06-17T04:07:25.225+0300] {dagbag.py:539} INFO - Filling up the DagBag from /home/qwerty/.local/lib/python3.10/site-packages/airflow/example_dags/example_latest_only.py
[2025-06-17T04:07:25.243+0300] {processor.py:839} INFO - DAG(s) dict_keys(['latest_only']) retrieved from /home/qwerty/.local/lib/python3.10/site-packages/airflow/example_dags/example_latest_only.py
[2025-06-17T04:07:25.299+0300] {logging_mixin.py:151} INFO - [2025-06-17T04:07:25.299+0300] {dag.py:2915} INFO - Sync 1 DAGs
[2025-06-17T04:07:25.369+0300] {logging_mixin.py:151} INFO - [2025-06-17T04:07:25.368+0300] {dag.py:3696} INFO - Setting next_dagrun for latest_only to 2025-06-16T21:07:25.368155+00:00, run_after=2025-06-17T01:07:25.368155+00:00
[2025-06-17T04:07:25.437+0300] {processor.py:179} INFO - Processing /home/qwerty/.local/lib/python3.10/site-packages/airflow/example_dags/example_latest_only.py took 0.226 seconds
[2025-06-17T04:08:24.214+0300] {processor.py:157} INFO - Started process (PID=18741) to work on /home/qwerty/.local/lib/python3.10/site-packages/airflow/example_dags/example_latest_only.py
[2025-06-17T04:08:24.218+0300] {processor.py:829} INFO - Processing file /home/qwerty/.local/lib/python3.10/site-packages/airflow/example_dags/example_latest_only.py for tasks to queue
[2025-06-17T04:08:24.220+0300] {logging_mixin.py:151} INFO - [2025-06-17T04:08:24.219+0300] {dagbag.py:539} INFO - Filling up the DagBag from /home/qwerty/.local/lib/python3.10/site-packages/airflow/example_dags/example_latest_only.py
[2025-06-17T04:08:24.231+0300] {processor.py:839} INFO - DAG(s) dict_keys(['latest_only']) retrieved from /home/qwerty/.local/lib/python3.10/site-packages/airflow/example_dags/example_latest_only.py
[2025-06-17T04:08:24.263+0300] {logging_mixin.py:151} INFO - [2025-06-17T04:08:24.263+0300] {dag.py:2915} INFO - Sync 1 DAGs
[2025-06-17T04:08:24.312+0300] {logging_mixin.py:151} INFO - [2025-06-17T04:08:24.311+0300] {dag.py:3696} INFO - Setting next_dagrun for latest_only to 2025-06-16T21:08:24.310929+00:00, run_after=2025-06-17T01:08:24.310929+00:00
[2025-06-17T04:08:24.391+0300] {processor.py:179} INFO - Processing /home/qwerty/.local/lib/python3.10/site-packages/airflow/example_dags/example_latest_only.py took 0.186 seconds
[2025-06-17T04:09:21.351+0300] {processor.py:157} INFO - Started process (PID=18811) to work on /home/qwerty/.local/lib/python3.10/site-packages/airflow/example_dags/example_latest_only.py
[2025-06-17T04:09:21.354+0300] {processor.py:829} INFO - Processing file /home/qwerty/.local/lib/python3.10/site-packages/airflow/example_dags/example_latest_only.py for tasks to queue
[2025-06-17T04:09:21.356+0300] {logging_mixin.py:151} INFO - [2025-06-17T04:09:21.355+0300] {dagbag.py:539} INFO - Filling up the DagBag from /home/qwerty/.local/lib/python3.10/site-packages/airflow/example_dags/example_latest_only.py
[2025-06-17T04:09:21.376+0300] {processor.py:839} INFO - DAG(s) dict_keys(['latest_only']) retrieved from /home/qwerty/.local/lib/python3.10/site-packages/airflow/example_dags/example_latest_only.py
[2025-06-17T04:09:21.404+0300] {logging_mixin.py:151} INFO - [2025-06-17T04:09:21.404+0300] {dag.py:2915} INFO - Sync 1 DAGs
[2025-06-17T04:09:21.439+0300] {logging_mixin.py:151} INFO - [2025-06-17T04:09:21.439+0300] {dag.py:3696} INFO - Setting next_dagrun for latest_only to 2025-06-16T21:09:21.438741+00:00, run_after=2025-06-17T01:09:21.438741+00:00
[2025-06-17T04:09:21.477+0300] {processor.py:179} INFO - Processing /home/qwerty/.local/lib/python3.10/site-packages/airflow/example_dags/example_latest_only.py took 0.132 seconds
[2025-06-17T04:10:17.955+0300] {processor.py:157} INFO - Started process (PID=18864) to work on /home/qwerty/.local/lib/python3.10/site-packages/airflow/example_dags/example_latest_only.py
[2025-06-17T04:10:17.958+0300] {processor.py:829} INFO - Processing file /home/qwerty/.local/lib/python3.10/site-packages/airflow/example_dags/example_latest_only.py for tasks to queue
[2025-06-17T04:10:17.962+0300] {logging_mixin.py:151} INFO - [2025-06-17T04:10:17.960+0300] {dagbag.py:539} INFO - Filling up the DagBag from /home/qwerty/.local/lib/python3.10/site-packages/airflow/example_dags/example_latest_only.py
[2025-06-17T04:10:17.972+0300] {processor.py:839} INFO - DAG(s) dict_keys(['latest_only']) retrieved from /home/qwerty/.local/lib/python3.10/site-packages/airflow/example_dags/example_latest_only.py
[2025-06-17T04:10:18.003+0300] {logging_mixin.py:151} INFO - [2025-06-17T04:10:18.002+0300] {dag.py:2915} INFO - Sync 1 DAGs
[2025-06-17T04:10:18.045+0300] {logging_mixin.py:151} INFO - [2025-06-17T04:10:18.045+0300] {dag.py:3696} INFO - Setting next_dagrun for latest_only to 2025-06-16T21:10:18.044896+00:00, run_after=2025-06-17T01:10:18.044896+00:00
[2025-06-17T04:10:18.098+0300] {processor.py:179} INFO - Processing /home/qwerty/.local/lib/python3.10/site-packages/airflow/example_dags/example_latest_only.py took 0.154 seconds
[2025-06-17T04:11:14.884+0300] {processor.py:157} INFO - Started process (PID=18915) to work on /home/qwerty/.local/lib/python3.10/site-packages/airflow/example_dags/example_latest_only.py
[2025-06-17T04:11:14.885+0300] {processor.py:829} INFO - Processing file /home/qwerty/.local/lib/python3.10/site-packages/airflow/example_dags/example_latest_only.py for tasks to queue
[2025-06-17T04:11:14.886+0300] {logging_mixin.py:151} INFO - [2025-06-17T04:11:14.886+0300] {dagbag.py:539} INFO - Filling up the DagBag from /home/qwerty/.local/lib/python3.10/site-packages/airflow/example_dags/example_latest_only.py
[2025-06-17T04:11:14.897+0300] {processor.py:839} INFO - DAG(s) dict_keys(['latest_only']) retrieved from /home/qwerty/.local/lib/python3.10/site-packages/airflow/example_dags/example_latest_only.py
[2025-06-17T04:11:14.927+0300] {logging_mixin.py:151} INFO - [2025-06-17T04:11:14.927+0300] {dag.py:2915} INFO - Sync 1 DAGs
[2025-06-17T04:11:14.969+0300] {logging_mixin.py:151} INFO - [2025-06-17T04:11:14.968+0300] {dag.py:3696} INFO - Setting next_dagrun for latest_only to 2025-06-16T21:11:14.968458+00:00, run_after=2025-06-17T01:11:14.968458+00:00
[2025-06-17T04:11:15.017+0300] {processor.py:179} INFO - Processing /home/qwerty/.local/lib/python3.10/site-packages/airflow/example_dags/example_latest_only.py took 0.138 seconds
[2025-06-17T04:12:12.134+0300] {processor.py:157} INFO - Started process (PID=18982) to work on /home/qwerty/.local/lib/python3.10/site-packages/airflow/example_dags/example_latest_only.py
[2025-06-17T04:12:12.138+0300] {processor.py:829} INFO - Processing file /home/qwerty/.local/lib/python3.10/site-packages/airflow/example_dags/example_latest_only.py for tasks to queue
[2025-06-17T04:12:12.139+0300] {logging_mixin.py:151} INFO - [2025-06-17T04:12:12.139+0300] {dagbag.py:539} INFO - Filling up the DagBag from /home/qwerty/.local/lib/python3.10/site-packages/airflow/example_dags/example_latest_only.py
[2025-06-17T04:12:12.146+0300] {processor.py:839} INFO - DAG(s) dict_keys(['latest_only']) retrieved from /home/qwerty/.local/lib/python3.10/site-packages/airflow/example_dags/example_latest_only.py
[2025-06-17T04:12:12.172+0300] {logging_mixin.py:151} INFO - [2025-06-17T04:12:12.171+0300] {dag.py:2915} INFO - Sync 1 DAGs
[2025-06-17T04:12:12.203+0300] {logging_mixin.py:151} INFO - [2025-06-17T04:12:12.203+0300] {dag.py:3696} INFO - Setting next_dagrun for latest_only to 2025-06-16T21:12:12.202368+00:00, run_after=2025-06-17T01:12:12.202368+00:00
[2025-06-17T04:12:12.242+0300] {processor.py:179} INFO - Processing /home/qwerty/.local/lib/python3.10/site-packages/airflow/example_dags/example_latest_only.py took 0.119 seconds
[2025-06-17T04:13:10.839+0300] {processor.py:157} INFO - Started process (PID=19063) to work on /home/qwerty/.local/lib/python3.10/site-packages/airflow/example_dags/example_latest_only.py
[2025-06-17T04:13:10.842+0300] {processor.py:829} INFO - Processing file /home/qwerty/.local/lib/python3.10/site-packages/airflow/example_dags/example_latest_only.py for tasks to queue
[2025-06-17T04:13:10.845+0300] {logging_mixin.py:151} INFO - [2025-06-17T04:13:10.844+0300] {dagbag.py:539} INFO - Filling up the DagBag from /home/qwerty/.local/lib/python3.10/site-packages/airflow/example_dags/example_latest_only.py
[2025-06-17T04:13:10.863+0300] {processor.py:839} INFO - DAG(s) dict_keys(['latest_only']) retrieved from /home/qwerty/.local/lib/python3.10/site-packages/airflow/example_dags/example_latest_only.py
[2025-06-17T04:13:10.893+0300] {logging_mixin.py:151} INFO - [2025-06-17T04:13:10.893+0300] {dag.py:2915} INFO - Sync 1 DAGs
[2025-06-17T04:13:10.917+0300] {logging_mixin.py:151} INFO - [2025-06-17T04:13:10.917+0300] {dag.py:3696} INFO - Setting next_dagrun for latest_only to 2025-06-16T21:13:10.916825+00:00, run_after=2025-06-17T01:13:10.916825+00:00
[2025-06-17T04:13:10.962+0300] {processor.py:179} INFO - Processing /home/qwerty/.local/lib/python3.10/site-packages/airflow/example_dags/example_latest_only.py took 0.134 seconds
[2025-06-17T04:14:07.562+0300] {processor.py:157} INFO - Started process (PID=19112) to work on /home/qwerty/.local/lib/python3.10/site-packages/airflow/example_dags/example_latest_only.py
[2025-06-17T04:14:07.564+0300] {processor.py:829} INFO - Processing file /home/qwerty/.local/lib/python3.10/site-packages/airflow/example_dags/example_latest_only.py for tasks to queue
[2025-06-17T04:14:07.565+0300] {logging_mixin.py:151} INFO - [2025-06-17T04:14:07.565+0300] {dagbag.py:539} INFO - Filling up the DagBag from /home/qwerty/.local/lib/python3.10/site-packages/airflow/example_dags/example_latest_only.py
[2025-06-17T04:14:07.572+0300] {processor.py:839} INFO - DAG(s) dict_keys(['latest_only']) retrieved from /home/qwerty/.local/lib/python3.10/site-packages/airflow/example_dags/example_latest_only.py
[2025-06-17T04:14:07.592+0300] {logging_mixin.py:151} INFO - [2025-06-17T04:14:07.592+0300] {dag.py:2915} INFO - Sync 1 DAGs
[2025-06-17T04:14:07.614+0300] {logging_mixin.py:151} INFO - [2025-06-17T04:14:07.614+0300] {dag.py:3696} INFO - Setting next_dagrun for latest_only to 2025-06-16T21:14:07.614370+00:00, run_after=2025-06-17T01:14:07.614370+00:00
[2025-06-17T04:14:07.642+0300] {processor.py:179} INFO - Processing /home/qwerty/.local/lib/python3.10/site-packages/airflow/example_dags/example_latest_only.py took 0.084 seconds
[2025-06-17T04:15:09.951+0300] {processor.py:157} INFO - Started process (PID=19174) to work on /home/qwerty/.local/lib/python3.10/site-packages/airflow/example_dags/example_latest_only.py
[2025-06-17T04:15:09.954+0300] {processor.py:829} INFO - Processing file /home/qwerty/.local/lib/python3.10/site-packages/airflow/example_dags/example_latest_only.py for tasks to queue
[2025-06-17T04:15:09.956+0300] {logging_mixin.py:151} INFO - [2025-06-17T04:15:09.955+0300] {dagbag.py:539} INFO - Filling up the DagBag from /home/qwerty/.local/lib/python3.10/site-packages/airflow/example_dags/example_latest_only.py
[2025-06-17T04:15:09.970+0300] {processor.py:839} INFO - DAG(s) dict_keys(['latest_only']) retrieved from /home/qwerty/.local/lib/python3.10/site-packages/airflow/example_dags/example_latest_only.py
[2025-06-17T04:15:10.004+0300] {logging_mixin.py:151} INFO - [2025-06-17T04:15:10.004+0300] {dag.py:2915} INFO - Sync 1 DAGs
[2025-06-17T04:15:10.048+0300] {logging_mixin.py:151} INFO - [2025-06-17T04:15:10.048+0300] {dag.py:3696} INFO - Setting next_dagrun for latest_only to 2025-06-16T21:15:10.048075+00:00, run_after=2025-06-17T01:15:10.048075+00:00
[2025-06-17T04:15:10.109+0300] {processor.py:179} INFO - Processing /home/qwerty/.local/lib/python3.10/site-packages/airflow/example_dags/example_latest_only.py took 0.166 seconds
[2025-06-17T04:16:09.927+0300] {processor.py:157} INFO - Started process (PID=19225) to work on /home/qwerty/.local/lib/python3.10/site-packages/airflow/example_dags/example_latest_only.py
[2025-06-17T04:16:09.929+0300] {processor.py:829} INFO - Processing file /home/qwerty/.local/lib/python3.10/site-packages/airflow/example_dags/example_latest_only.py for tasks to queue
[2025-06-17T04:16:09.932+0300] {logging_mixin.py:151} INFO - [2025-06-17T04:16:09.931+0300] {dagbag.py:539} INFO - Filling up the DagBag from /home/qwerty/.local/lib/python3.10/site-packages/airflow/example_dags/example_latest_only.py
[2025-06-17T04:16:09.948+0300] {processor.py:839} INFO - DAG(s) dict_keys(['latest_only']) retrieved from /home/qwerty/.local/lib/python3.10/site-packages/airflow/example_dags/example_latest_only.py
[2025-06-17T04:16:09.971+0300] {logging_mixin.py:151} INFO - [2025-06-17T04:16:09.970+0300] {dag.py:2915} INFO - Sync 1 DAGs
[2025-06-17T04:16:09.999+0300] {logging_mixin.py:151} INFO - [2025-06-17T04:16:09.999+0300] {dag.py:3696} INFO - Setting next_dagrun for latest_only to 2025-06-16T21:16:09.998793+00:00, run_after=2025-06-17T01:16:09.998793+00:00
[2025-06-17T04:16:10.036+0300] {processor.py:179} INFO - Processing /home/qwerty/.local/lib/python3.10/site-packages/airflow/example_dags/example_latest_only.py took 0.114 seconds
[2025-06-17T04:17:04.941+0300] {processor.py:157} INFO - Started process (PID=19313) to work on /home/qwerty/.local/lib/python3.10/site-packages/airflow/example_dags/example_latest_only.py
[2025-06-17T04:17:04.943+0300] {processor.py:829} INFO - Processing file /home/qwerty/.local/lib/python3.10/site-packages/airflow/example_dags/example_latest_only.py for tasks to queue
[2025-06-17T04:17:04.945+0300] {logging_mixin.py:151} INFO - [2025-06-17T04:17:04.944+0300] {dagbag.py:539} INFO - Filling up the DagBag from /home/qwerty/.local/lib/python3.10/site-packages/airflow/example_dags/example_latest_only.py
[2025-06-17T04:17:04.955+0300] {processor.py:839} INFO - DAG(s) dict_keys(['latest_only']) retrieved from /home/qwerty/.local/lib/python3.10/site-packages/airflow/example_dags/example_latest_only.py
[2025-06-17T04:17:04.980+0300] {logging_mixin.py:151} INFO - [2025-06-17T04:17:04.979+0300] {dag.py:2915} INFO - Sync 1 DAGs
[2025-06-17T04:17:05.008+0300] {logging_mixin.py:151} INFO - [2025-06-17T04:17:05.008+0300] {dag.py:3696} INFO - Setting next_dagrun for latest_only to 2025-06-16T21:17:05.008340+00:00, run_after=2025-06-17T01:17:05.008340+00:00
[2025-06-17T04:17:05.044+0300] {processor.py:179} INFO - Processing /home/qwerty/.local/lib/python3.10/site-packages/airflow/example_dags/example_latest_only.py took 0.109 seconds
[2025-06-17T04:17:57.409+0300] {processor.py:157} INFO - Started process (PID=19370) to work on /home/qwerty/.local/lib/python3.10/site-packages/airflow/example_dags/example_latest_only.py
[2025-06-17T04:17:57.412+0300] {processor.py:829} INFO - Processing file /home/qwerty/.local/lib/python3.10/site-packages/airflow/example_dags/example_latest_only.py for tasks to queue
[2025-06-17T04:17:57.414+0300] {logging_mixin.py:151} INFO - [2025-06-17T04:17:57.413+0300] {dagbag.py:539} INFO - Filling up the DagBag from /home/qwerty/.local/lib/python3.10/site-packages/airflow/example_dags/example_latest_only.py
[2025-06-17T04:17:57.429+0300] {processor.py:839} INFO - DAG(s) dict_keys(['latest_only']) retrieved from /home/qwerty/.local/lib/python3.10/site-packages/airflow/example_dags/example_latest_only.py
[2025-06-17T04:17:57.465+0300] {logging_mixin.py:151} INFO - [2025-06-17T04:17:57.464+0300] {dag.py:2915} INFO - Sync 1 DAGs
[2025-06-17T04:17:57.506+0300] {logging_mixin.py:151} INFO - [2025-06-17T04:17:57.505+0300] {dag.py:3696} INFO - Setting next_dagrun for latest_only to 2025-06-16T21:17:57.504129+00:00, run_after=2025-06-17T01:17:57.504129+00:00
[2025-06-17T04:17:57.554+0300] {processor.py:179} INFO - Processing /home/qwerty/.local/lib/python3.10/site-packages/airflow/example_dags/example_latest_only.py took 0.155 seconds
[2025-06-17T04:18:58.919+0300] {processor.py:157} INFO - Started process (PID=19430) to work on /home/qwerty/.local/lib/python3.10/site-packages/airflow/example_dags/example_latest_only.py
[2025-06-17T04:18:58.922+0300] {processor.py:829} INFO - Processing file /home/qwerty/.local/lib/python3.10/site-packages/airflow/example_dags/example_latest_only.py for tasks to queue
[2025-06-17T04:18:58.925+0300] {logging_mixin.py:151} INFO - [2025-06-17T04:18:58.924+0300] {dagbag.py:539} INFO - Filling up the DagBag from /home/qwerty/.local/lib/python3.10/site-packages/airflow/example_dags/example_latest_only.py
[2025-06-17T04:18:58.943+0300] {processor.py:839} INFO - DAG(s) dict_keys(['latest_only']) retrieved from /home/qwerty/.local/lib/python3.10/site-packages/airflow/example_dags/example_latest_only.py
[2025-06-17T04:18:58.975+0300] {logging_mixin.py:151} INFO - [2025-06-17T04:18:58.975+0300] {dag.py:2915} INFO - Sync 1 DAGs
[2025-06-17T04:18:59.003+0300] {logging_mixin.py:151} INFO - [2025-06-17T04:18:59.003+0300] {dag.py:3696} INFO - Setting next_dagrun for latest_only to 2025-06-16T21:18:59.002713+00:00, run_after=2025-06-17T01:18:59.002713+00:00
[2025-06-17T04:18:59.058+0300] {processor.py:179} INFO - Processing /home/qwerty/.local/lib/python3.10/site-packages/airflow/example_dags/example_latest_only.py took 0.149 seconds
[2025-06-17T04:19:54.210+0300] {processor.py:157} INFO - Started process (PID=19540) to work on /home/qwerty/.local/lib/python3.10/site-packages/airflow/example_dags/example_latest_only.py
[2025-06-17T04:19:54.212+0300] {processor.py:829} INFO - Processing file /home/qwerty/.local/lib/python3.10/site-packages/airflow/example_dags/example_latest_only.py for tasks to queue
[2025-06-17T04:19:54.214+0300] {logging_mixin.py:151} INFO - [2025-06-17T04:19:54.213+0300] {dagbag.py:539} INFO - Filling up the DagBag from /home/qwerty/.local/lib/python3.10/site-packages/airflow/example_dags/example_latest_only.py
[2025-06-17T04:19:54.226+0300] {processor.py:839} INFO - DAG(s) dict_keys(['latest_only']) retrieved from /home/qwerty/.local/lib/python3.10/site-packages/airflow/example_dags/example_latest_only.py
[2025-06-17T04:19:54.266+0300] {logging_mixin.py:151} INFO - [2025-06-17T04:19:54.265+0300] {dag.py:2915} INFO - Sync 1 DAGs
[2025-06-17T04:19:54.306+0300] {logging_mixin.py:151} INFO - [2025-06-17T04:19:54.306+0300] {dag.py:3696} INFO - Setting next_dagrun for latest_only to 2025-06-16T21:19:54.305999+00:00, run_after=2025-06-17T01:19:54.305999+00:00
[2025-06-17T04:19:54.355+0300] {processor.py:179} INFO - Processing /home/qwerty/.local/lib/python3.10/site-packages/airflow/example_dags/example_latest_only.py took 0.154 seconds
[2025-06-17T04:21:14.857+0300] {processor.py:157} INFO - Started process (PID=19628) to work on /home/qwerty/.local/lib/python3.10/site-packages/airflow/example_dags/example_latest_only.py
[2025-06-17T04:21:14.860+0300] {processor.py:829} INFO - Processing file /home/qwerty/.local/lib/python3.10/site-packages/airflow/example_dags/example_latest_only.py for tasks to queue
[2025-06-17T04:21:14.861+0300] {logging_mixin.py:151} INFO - [2025-06-17T04:21:14.861+0300] {dagbag.py:539} INFO - Filling up the DagBag from /home/qwerty/.local/lib/python3.10/site-packages/airflow/example_dags/example_latest_only.py
[2025-06-17T04:21:14.869+0300] {processor.py:839} INFO - DAG(s) dict_keys(['latest_only']) retrieved from /home/qwerty/.local/lib/python3.10/site-packages/airflow/example_dags/example_latest_only.py
[2025-06-17T04:21:14.908+0300] {logging_mixin.py:151} INFO - [2025-06-17T04:21:14.908+0300] {dag.py:2915} INFO - Sync 1 DAGs
[2025-06-17T04:21:14.931+0300] {logging_mixin.py:151} INFO - [2025-06-17T04:21:14.930+0300] {dag.py:3696} INFO - Setting next_dagrun for latest_only to 2025-06-16T21:21:14.930550+00:00, run_after=2025-06-17T01:21:14.930550+00:00
[2025-06-17T04:21:14.974+0300] {processor.py:179} INFO - Processing /home/qwerty/.local/lib/python3.10/site-packages/airflow/example_dags/example_latest_only.py took 0.128 seconds
[2025-06-17T04:22:12.380+0300] {processor.py:157} INFO - Started process (PID=19722) to work on /home/qwerty/.local/lib/python3.10/site-packages/airflow/example_dags/example_latest_only.py
[2025-06-17T04:22:12.382+0300] {processor.py:829} INFO - Processing file /home/qwerty/.local/lib/python3.10/site-packages/airflow/example_dags/example_latest_only.py for tasks to queue
[2025-06-17T04:22:12.383+0300] {logging_mixin.py:151} INFO - [2025-06-17T04:22:12.383+0300] {dagbag.py:539} INFO - Filling up the DagBag from /home/qwerty/.local/lib/python3.10/site-packages/airflow/example_dags/example_latest_only.py
[2025-06-17T04:22:12.390+0300] {processor.py:839} INFO - DAG(s) dict_keys(['latest_only']) retrieved from /home/qwerty/.local/lib/python3.10/site-packages/airflow/example_dags/example_latest_only.py
[2025-06-17T04:22:12.435+0300] {logging_mixin.py:151} INFO - [2025-06-17T04:22:12.434+0300] {dag.py:2915} INFO - Sync 1 DAGs
[2025-06-17T04:22:12.460+0300] {logging_mixin.py:151} INFO - [2025-06-17T04:22:12.460+0300] {dag.py:3696} INFO - Setting next_dagrun for latest_only to 2025-06-16T21:22:12.459829+00:00, run_after=2025-06-17T01:22:12.459829+00:00
[2025-06-17T04:22:12.506+0300] {processor.py:179} INFO - Processing /home/qwerty/.local/lib/python3.10/site-packages/airflow/example_dags/example_latest_only.py took 0.136 seconds
[2025-06-17T04:23:09.627+0300] {processor.py:157} INFO - Started process (PID=19808) to work on /home/qwerty/.local/lib/python3.10/site-packages/airflow/example_dags/example_latest_only.py
[2025-06-17T04:23:09.629+0300] {processor.py:829} INFO - Processing file /home/qwerty/.local/lib/python3.10/site-packages/airflow/example_dags/example_latest_only.py for tasks to queue
[2025-06-17T04:23:09.631+0300] {logging_mixin.py:151} INFO - [2025-06-17T04:23:09.630+0300] {dagbag.py:539} INFO - Filling up the DagBag from /home/qwerty/.local/lib/python3.10/site-packages/airflow/example_dags/example_latest_only.py
[2025-06-17T04:23:09.639+0300] {processor.py:839} INFO - DAG(s) dict_keys(['latest_only']) retrieved from /home/qwerty/.local/lib/python3.10/site-packages/airflow/example_dags/example_latest_only.py
[2025-06-17T04:23:09.659+0300] {logging_mixin.py:151} INFO - [2025-06-17T04:23:09.658+0300] {dag.py:2915} INFO - Sync 1 DAGs
[2025-06-17T04:23:09.684+0300] {logging_mixin.py:151} INFO - [2025-06-17T04:23:09.683+0300] {dag.py:3696} INFO - Setting next_dagrun for latest_only to 2025-06-16T21:23:09.682790+00:00, run_after=2025-06-17T01:23:09.682790+00:00
[2025-06-17T04:23:09.725+0300] {processor.py:179} INFO - Processing /home/qwerty/.local/lib/python3.10/site-packages/airflow/example_dags/example_latest_only.py took 0.109 seconds
[2025-06-17T04:24:05.753+0300] {processor.py:157} INFO - Started process (PID=19882) to work on /home/qwerty/.local/lib/python3.10/site-packages/airflow/example_dags/example_latest_only.py
[2025-06-17T04:24:05.755+0300] {processor.py:829} INFO - Processing file /home/qwerty/.local/lib/python3.10/site-packages/airflow/example_dags/example_latest_only.py for tasks to queue
[2025-06-17T04:24:05.756+0300] {logging_mixin.py:151} INFO - [2025-06-17T04:24:05.755+0300] {dagbag.py:539} INFO - Filling up the DagBag from /home/qwerty/.local/lib/python3.10/site-packages/airflow/example_dags/example_latest_only.py
[2025-06-17T04:24:05.762+0300] {processor.py:839} INFO - DAG(s) dict_keys(['latest_only']) retrieved from /home/qwerty/.local/lib/python3.10/site-packages/airflow/example_dags/example_latest_only.py
[2025-06-17T04:24:05.782+0300] {logging_mixin.py:151} INFO - [2025-06-17T04:24:05.782+0300] {dag.py:2915} INFO - Sync 1 DAGs
[2025-06-17T04:24:05.805+0300] {logging_mixin.py:151} INFO - [2025-06-17T04:24:05.805+0300] {dag.py:3696} INFO - Setting next_dagrun for latest_only to 2025-06-16T21:24:05.804955+00:00, run_after=2025-06-17T01:24:05.804955+00:00
[2025-06-17T04:24:05.832+0300] {processor.py:179} INFO - Processing /home/qwerty/.local/lib/python3.10/site-packages/airflow/example_dags/example_latest_only.py took 0.087 seconds
[2025-06-17T04:25:40.218+0300] {processor.py:157} INFO - Started process (PID=20004) to work on /home/qwerty/.local/lib/python3.10/site-packages/airflow/example_dags/example_latest_only.py
[2025-06-17T04:25:40.220+0300] {processor.py:829} INFO - Processing file /home/qwerty/.local/lib/python3.10/site-packages/airflow/example_dags/example_latest_only.py for tasks to queue
[2025-06-17T04:25:40.222+0300] {logging_mixin.py:151} INFO - [2025-06-17T04:25:40.221+0300] {dagbag.py:539} INFO - Filling up the DagBag from /home/qwerty/.local/lib/python3.10/site-packages/airflow/example_dags/example_latest_only.py
[2025-06-17T04:25:40.234+0300] {processor.py:839} INFO - DAG(s) dict_keys(['latest_only']) retrieved from /home/qwerty/.local/lib/python3.10/site-packages/airflow/example_dags/example_latest_only.py
[2025-06-17T04:25:40.264+0300] {logging_mixin.py:151} INFO - [2025-06-17T04:25:40.264+0300] {dag.py:2915} INFO - Sync 1 DAGs
[2025-06-17T04:25:40.301+0300] {logging_mixin.py:151} INFO - [2025-06-17T04:25:40.301+0300] {dag.py:3696} INFO - Setting next_dagrun for latest_only to 2025-06-16T21:25:40.300699+00:00, run_after=2025-06-17T01:25:40.300699+00:00
[2025-06-17T04:25:40.350+0300] {processor.py:179} INFO - Processing /home/qwerty/.local/lib/python3.10/site-packages/airflow/example_dags/example_latest_only.py took 0.141 seconds
[2025-06-17T04:26:34.839+0300] {processor.py:157} INFO - Started process (PID=20058) to work on /home/qwerty/.local/lib/python3.10/site-packages/airflow/example_dags/example_latest_only.py
[2025-06-17T04:26:34.842+0300] {processor.py:829} INFO - Processing file /home/qwerty/.local/lib/python3.10/site-packages/airflow/example_dags/example_latest_only.py for tasks to queue
[2025-06-17T04:26:34.843+0300] {logging_mixin.py:151} INFO - [2025-06-17T04:26:34.843+0300] {dagbag.py:539} INFO - Filling up the DagBag from /home/qwerty/.local/lib/python3.10/site-packages/airflow/example_dags/example_latest_only.py
[2025-06-17T04:26:34.853+0300] {processor.py:839} INFO - DAG(s) dict_keys(['latest_only']) retrieved from /home/qwerty/.local/lib/python3.10/site-packages/airflow/example_dags/example_latest_only.py
[2025-06-17T04:26:34.879+0300] {logging_mixin.py:151} INFO - [2025-06-17T04:26:34.879+0300] {dag.py:2915} INFO - Sync 1 DAGs
[2025-06-17T04:26:34.903+0300] {logging_mixin.py:151} INFO - [2025-06-17T04:26:34.903+0300] {dag.py:3696} INFO - Setting next_dagrun for latest_only to 2025-06-16T21:26:34.902828+00:00, run_after=2025-06-17T01:26:34.902828+00:00
[2025-06-17T04:26:34.931+0300] {processor.py:179} INFO - Processing /home/qwerty/.local/lib/python3.10/site-packages/airflow/example_dags/example_latest_only.py took 0.102 seconds
[2025-06-17T04:27:50.752+0300] {processor.py:157} INFO - Started process (PID=20141) to work on /home/qwerty/.local/lib/python3.10/site-packages/airflow/example_dags/example_latest_only.py
[2025-06-17T04:27:50.755+0300] {processor.py:829} INFO - Processing file /home/qwerty/.local/lib/python3.10/site-packages/airflow/example_dags/example_latest_only.py for tasks to queue
[2025-06-17T04:27:50.759+0300] {logging_mixin.py:151} INFO - [2025-06-17T04:27:50.758+0300] {dagbag.py:539} INFO - Filling up the DagBag from /home/qwerty/.local/lib/python3.10/site-packages/airflow/example_dags/example_latest_only.py
[2025-06-17T04:27:50.771+0300] {processor.py:839} INFO - DAG(s) dict_keys(['latest_only']) retrieved from /home/qwerty/.local/lib/python3.10/site-packages/airflow/example_dags/example_latest_only.py
[2025-06-17T04:27:50.810+0300] {logging_mixin.py:151} INFO - [2025-06-17T04:27:50.810+0300] {dag.py:2915} INFO - Sync 1 DAGs
[2025-06-17T04:27:50.858+0300] {logging_mixin.py:151} INFO - [2025-06-17T04:27:50.857+0300] {dag.py:3696} INFO - Setting next_dagrun for latest_only to 2025-06-16T21:27:50.857106+00:00, run_after=2025-06-17T01:27:50.857106+00:00
[2025-06-17T04:27:50.925+0300] {processor.py:179} INFO - Processing /home/qwerty/.local/lib/python3.10/site-packages/airflow/example_dags/example_latest_only.py took 0.180 seconds
[2025-06-17T04:29:07.701+0300] {processor.py:157} INFO - Started process (PID=20242) to work on /home/qwerty/.local/lib/python3.10/site-packages/airflow/example_dags/example_latest_only.py
[2025-06-17T04:29:07.704+0300] {processor.py:829} INFO - Processing file /home/qwerty/.local/lib/python3.10/site-packages/airflow/example_dags/example_latest_only.py for tasks to queue
[2025-06-17T04:29:07.706+0300] {logging_mixin.py:151} INFO - [2025-06-17T04:29:07.706+0300] {dagbag.py:539} INFO - Filling up the DagBag from /home/qwerty/.local/lib/python3.10/site-packages/airflow/example_dags/example_latest_only.py
[2025-06-17T04:29:07.719+0300] {processor.py:839} INFO - DAG(s) dict_keys(['latest_only']) retrieved from /home/qwerty/.local/lib/python3.10/site-packages/airflow/example_dags/example_latest_only.py
[2025-06-17T04:29:07.740+0300] {logging_mixin.py:151} INFO - [2025-06-17T04:29:07.739+0300] {dag.py:2915} INFO - Sync 1 DAGs
[2025-06-17T04:29:07.764+0300] {logging_mixin.py:151} INFO - [2025-06-17T04:29:07.764+0300] {dag.py:3696} INFO - Setting next_dagrun for latest_only to 2025-06-16T21:29:07.763980+00:00, run_after=2025-06-17T01:29:07.763980+00:00
[2025-06-17T04:29:07.812+0300] {processor.py:179} INFO - Processing /home/qwerty/.local/lib/python3.10/site-packages/airflow/example_dags/example_latest_only.py took 0.121 seconds
[2025-06-17T04:30:09.600+0300] {processor.py:157} INFO - Started process (PID=20305) to work on /home/qwerty/.local/lib/python3.10/site-packages/airflow/example_dags/example_latest_only.py
[2025-06-17T04:30:09.610+0300] {processor.py:829} INFO - Processing file /home/qwerty/.local/lib/python3.10/site-packages/airflow/example_dags/example_latest_only.py for tasks to queue
[2025-06-17T04:30:09.612+0300] {logging_mixin.py:151} INFO - [2025-06-17T04:30:09.611+0300] {dagbag.py:539} INFO - Filling up the DagBag from /home/qwerty/.local/lib/python3.10/site-packages/airflow/example_dags/example_latest_only.py
[2025-06-17T04:30:09.630+0300] {processor.py:839} INFO - DAG(s) dict_keys(['latest_only']) retrieved from /home/qwerty/.local/lib/python3.10/site-packages/airflow/example_dags/example_latest_only.py
[2025-06-17T04:30:09.666+0300] {logging_mixin.py:151} INFO - [2025-06-17T04:30:09.666+0300] {dag.py:2915} INFO - Sync 1 DAGs
[2025-06-17T04:30:09.703+0300] {logging_mixin.py:151} INFO - [2025-06-17T04:30:09.702+0300] {dag.py:3696} INFO - Setting next_dagrun for latest_only to 2025-06-16T21:30:09.702542+00:00, run_after=2025-06-17T01:30:09.702542+00:00
[2025-06-17T04:30:09.742+0300] {processor.py:179} INFO - Processing /home/qwerty/.local/lib/python3.10/site-packages/airflow/example_dags/example_latest_only.py took 0.155 seconds
[2025-06-17T04:31:06.842+0300] {processor.py:157} INFO - Started process (PID=20366) to work on /home/qwerty/.local/lib/python3.10/site-packages/airflow/example_dags/example_latest_only.py
[2025-06-17T04:31:06.846+0300] {processor.py:829} INFO - Processing file /home/qwerty/.local/lib/python3.10/site-packages/airflow/example_dags/example_latest_only.py for tasks to queue
[2025-06-17T04:31:06.848+0300] {logging_mixin.py:151} INFO - [2025-06-17T04:31:06.847+0300] {dagbag.py:539} INFO - Filling up the DagBag from /home/qwerty/.local/lib/python3.10/site-packages/airflow/example_dags/example_latest_only.py
[2025-06-17T04:31:06.865+0300] {processor.py:839} INFO - DAG(s) dict_keys(['latest_only']) retrieved from /home/qwerty/.local/lib/python3.10/site-packages/airflow/example_dags/example_latest_only.py
[2025-06-17T04:31:06.892+0300] {logging_mixin.py:151} INFO - [2025-06-17T04:31:06.891+0300] {dag.py:2915} INFO - Sync 1 DAGs
[2025-06-17T04:31:06.919+0300] {logging_mixin.py:151} INFO - [2025-06-17T04:31:06.918+0300] {dag.py:3696} INFO - Setting next_dagrun for latest_only to 2025-06-16T21:31:06.918424+00:00, run_after=2025-06-17T01:31:06.918424+00:00
[2025-06-17T04:31:06.972+0300] {processor.py:179} INFO - Processing /home/qwerty/.local/lib/python3.10/site-packages/airflow/example_dags/example_latest_only.py took 0.139 seconds
