[2025-06-17T04:08:20.855+0300] {processor.py:157} INFO - Started process (PID=18737) to work on /home/qwerty/.local/lib/python3.10/site-packages/airflow/example_dags/example_branch_python_dop_operator_3.py
[2025-06-17T04:08:20.859+0300] {processor.py:829} INFO - Processing file /home/qwerty/.local/lib/python3.10/site-packages/airflow/example_dags/example_branch_python_dop_operator_3.py for tasks to queue
[2025-06-17T04:08:20.862+0300] {logging_mixin.py:151} INFO - [2025-06-17T04:08:20.861+0300] {dagbag.py:539} INFO - Filling up the DagBag from /home/qwerty/.local/lib/python3.10/site-packages/airflow/example_dags/example_branch_python_dop_operator_3.py
[2025-06-17T04:08:20.892+0300] {processor.py:839} INFO - DAG(s) dict_keys(['example_branch_dop_operator_v3']) retrieved from /home/qwerty/.local/lib/python3.10/site-packages/airflow/example_dags/example_branch_python_dop_operator_3.py
[2025-06-17T04:08:20.943+0300] {logging_mixin.py:151} INFO - [2025-06-17T04:08:20.942+0300] {dag.py:2915} INFO - Sync 1 DAGs
[2025-06-17T04:08:21.053+0300] {logging_mixin.py:151} INFO - [2025-06-17T04:08:21.052+0300] {dag.py:3696} INFO - Setting next_dagrun for example_branch_dop_operator_v3 to 2025-06-17T01:07:00+00:00, run_after=2025-06-17T01:08:00+00:00
[2025-06-17T04:08:21.128+0300] {processor.py:179} INFO - Processing /home/qwerty/.local/lib/python3.10/site-packages/airflow/example_dags/example_branch_python_dop_operator_3.py took 0.284 seconds
[2025-06-17T04:09:17.420+0300] {processor.py:157} INFO - Started process (PID=18808) to work on /home/qwerty/.local/lib/python3.10/site-packages/airflow/example_dags/example_branch_python_dop_operator_3.py
[2025-06-17T04:09:17.423+0300] {processor.py:829} INFO - Processing file /home/qwerty/.local/lib/python3.10/site-packages/airflow/example_dags/example_branch_python_dop_operator_3.py for tasks to queue
[2025-06-17T04:09:17.426+0300] {logging_mixin.py:151} INFO - [2025-06-17T04:09:17.425+0300] {dagbag.py:539} INFO - Filling up the DagBag from /home/qwerty/.local/lib/python3.10/site-packages/airflow/example_dags/example_branch_python_dop_operator_3.py
[2025-06-17T04:09:17.453+0300] {processor.py:839} INFO - DAG(s) dict_keys(['example_branch_dop_operator_v3']) retrieved from /home/qwerty/.local/lib/python3.10/site-packages/airflow/example_dags/example_branch_python_dop_operator_3.py
[2025-06-17T04:09:17.474+0300] {logging_mixin.py:151} INFO - [2025-06-17T04:09:17.474+0300] {dag.py:2915} INFO - Sync 1 DAGs
[2025-06-17T04:09:17.516+0300] {logging_mixin.py:151} INFO - [2025-06-17T04:09:17.516+0300] {dag.py:3696} INFO - Setting next_dagrun for example_branch_dop_operator_v3 to 2025-06-17T01:08:00+00:00, run_after=2025-06-17T01:09:00+00:00
[2025-06-17T04:09:17.568+0300] {processor.py:179} INFO - Processing /home/qwerty/.local/lib/python3.10/site-packages/airflow/example_dags/example_branch_python_dop_operator_3.py took 0.152 seconds
[2025-06-17T04:10:13.969+0300] {processor.py:157} INFO - Started process (PID=18861) to work on /home/qwerty/.local/lib/python3.10/site-packages/airflow/example_dags/example_branch_python_dop_operator_3.py
[2025-06-17T04:10:13.972+0300] {processor.py:829} INFO - Processing file /home/qwerty/.local/lib/python3.10/site-packages/airflow/example_dags/example_branch_python_dop_operator_3.py for tasks to queue
[2025-06-17T04:10:13.974+0300] {logging_mixin.py:151} INFO - [2025-06-17T04:10:13.973+0300] {dagbag.py:539} INFO - Filling up the DagBag from /home/qwerty/.local/lib/python3.10/site-packages/airflow/example_dags/example_branch_python_dop_operator_3.py
[2025-06-17T04:10:13.998+0300] {processor.py:839} INFO - DAG(s) dict_keys(['example_branch_dop_operator_v3']) retrieved from /home/qwerty/.local/lib/python3.10/site-packages/airflow/example_dags/example_branch_python_dop_operator_3.py
[2025-06-17T04:10:14.033+0300] {logging_mixin.py:151} INFO - [2025-06-17T04:10:14.032+0300] {dag.py:2915} INFO - Sync 1 DAGs
[2025-06-17T04:10:14.084+0300] {logging_mixin.py:151} INFO - [2025-06-17T04:10:14.083+0300] {dag.py:3696} INFO - Setting next_dagrun for example_branch_dop_operator_v3 to 2025-06-17T01:09:00+00:00, run_after=2025-06-17T01:10:00+00:00
[2025-06-17T04:10:14.138+0300] {processor.py:179} INFO - Processing /home/qwerty/.local/lib/python3.10/site-packages/airflow/example_dags/example_branch_python_dop_operator_3.py took 0.177 seconds
[2025-06-17T04:11:12.309+0300] {processor.py:157} INFO - Started process (PID=18912) to work on /home/qwerty/.local/lib/python3.10/site-packages/airflow/example_dags/example_branch_python_dop_operator_3.py
[2025-06-17T04:11:12.312+0300] {processor.py:829} INFO - Processing file /home/qwerty/.local/lib/python3.10/site-packages/airflow/example_dags/example_branch_python_dop_operator_3.py for tasks to queue
[2025-06-17T04:11:12.315+0300] {logging_mixin.py:151} INFO - [2025-06-17T04:11:12.314+0300] {dagbag.py:539} INFO - Filling up the DagBag from /home/qwerty/.local/lib/python3.10/site-packages/airflow/example_dags/example_branch_python_dop_operator_3.py
[2025-06-17T04:11:12.338+0300] {processor.py:839} INFO - DAG(s) dict_keys(['example_branch_dop_operator_v3']) retrieved from /home/qwerty/.local/lib/python3.10/site-packages/airflow/example_dags/example_branch_python_dop_operator_3.py
[2025-06-17T04:11:12.378+0300] {logging_mixin.py:151} INFO - [2025-06-17T04:11:12.378+0300] {dag.py:2915} INFO - Sync 1 DAGs
[2025-06-17T04:11:12.444+0300] {logging_mixin.py:151} INFO - [2025-06-17T04:11:12.443+0300] {dag.py:3696} INFO - Setting next_dagrun for example_branch_dop_operator_v3 to 2025-06-17T01:10:00+00:00, run_after=2025-06-17T01:11:00+00:00
[2025-06-17T04:11:12.491+0300] {processor.py:179} INFO - Processing /home/qwerty/.local/lib/python3.10/site-packages/airflow/example_dags/example_branch_python_dop_operator_3.py took 0.192 seconds
[2025-06-17T04:12:08.688+0300] {processor.py:157} INFO - Started process (PID=18977) to work on /home/qwerty/.local/lib/python3.10/site-packages/airflow/example_dags/example_branch_python_dop_operator_3.py
[2025-06-17T04:12:08.692+0300] {processor.py:829} INFO - Processing file /home/qwerty/.local/lib/python3.10/site-packages/airflow/example_dags/example_branch_python_dop_operator_3.py for tasks to queue
[2025-06-17T04:12:08.694+0300] {logging_mixin.py:151} INFO - [2025-06-17T04:12:08.693+0300] {dagbag.py:539} INFO - Filling up the DagBag from /home/qwerty/.local/lib/python3.10/site-packages/airflow/example_dags/example_branch_python_dop_operator_3.py
[2025-06-17T04:12:08.713+0300] {processor.py:839} INFO - DAG(s) dict_keys(['example_branch_dop_operator_v3']) retrieved from /home/qwerty/.local/lib/python3.10/site-packages/airflow/example_dags/example_branch_python_dop_operator_3.py
[2025-06-17T04:12:08.744+0300] {logging_mixin.py:151} INFO - [2025-06-17T04:12:08.744+0300] {dag.py:2915} INFO - Sync 1 DAGs
[2025-06-17T04:12:08.792+0300] {logging_mixin.py:151} INFO - [2025-06-17T04:12:08.792+0300] {dag.py:3696} INFO - Setting next_dagrun for example_branch_dop_operator_v3 to 2025-06-17T01:11:00+00:00, run_after=2025-06-17T01:12:00+00:00
[2025-06-17T04:12:08.843+0300] {processor.py:179} INFO - Processing /home/qwerty/.local/lib/python3.10/site-packages/airflow/example_dags/example_branch_python_dop_operator_3.py took 0.165 seconds
[2025-06-17T04:13:07.729+0300] {processor.py:157} INFO - Started process (PID=19060) to work on /home/qwerty/.local/lib/python3.10/site-packages/airflow/example_dags/example_branch_python_dop_operator_3.py
[2025-06-17T04:13:07.731+0300] {processor.py:829} INFO - Processing file /home/qwerty/.local/lib/python3.10/site-packages/airflow/example_dags/example_branch_python_dop_operator_3.py for tasks to queue
[2025-06-17T04:13:07.734+0300] {logging_mixin.py:151} INFO - [2025-06-17T04:13:07.733+0300] {dagbag.py:539} INFO - Filling up the DagBag from /home/qwerty/.local/lib/python3.10/site-packages/airflow/example_dags/example_branch_python_dop_operator_3.py
[2025-06-17T04:13:07.761+0300] {processor.py:839} INFO - DAG(s) dict_keys(['example_branch_dop_operator_v3']) retrieved from /home/qwerty/.local/lib/python3.10/site-packages/airflow/example_dags/example_branch_python_dop_operator_3.py
[2025-06-17T04:13:07.786+0300] {logging_mixin.py:151} INFO - [2025-06-17T04:13:07.786+0300] {dag.py:2915} INFO - Sync 1 DAGs
[2025-06-17T04:13:07.821+0300] {logging_mixin.py:151} INFO - [2025-06-17T04:13:07.821+0300] {dag.py:3696} INFO - Setting next_dagrun for example_branch_dop_operator_v3 to 2025-06-17T01:12:00+00:00, run_after=2025-06-17T01:13:00+00:00
[2025-06-17T04:13:07.853+0300] {processor.py:179} INFO - Processing /home/qwerty/.local/lib/python3.10/site-packages/airflow/example_dags/example_branch_python_dop_operator_3.py took 0.132 seconds
[2025-06-17T04:14:03.569+0300] {processor.py:157} INFO - Started process (PID=19109) to work on /home/qwerty/.local/lib/python3.10/site-packages/airflow/example_dags/example_branch_python_dop_operator_3.py
[2025-06-17T04:14:03.572+0300] {processor.py:829} INFO - Processing file /home/qwerty/.local/lib/python3.10/site-packages/airflow/example_dags/example_branch_python_dop_operator_3.py for tasks to queue
[2025-06-17T04:14:03.575+0300] {logging_mixin.py:151} INFO - [2025-06-17T04:14:03.574+0300] {dagbag.py:539} INFO - Filling up the DagBag from /home/qwerty/.local/lib/python3.10/site-packages/airflow/example_dags/example_branch_python_dop_operator_3.py
[2025-06-17T04:14:03.594+0300] {processor.py:839} INFO - DAG(s) dict_keys(['example_branch_dop_operator_v3']) retrieved from /home/qwerty/.local/lib/python3.10/site-packages/airflow/example_dags/example_branch_python_dop_operator_3.py
[2025-06-17T04:14:03.613+0300] {logging_mixin.py:151} INFO - [2025-06-17T04:14:03.613+0300] {dag.py:2915} INFO - Sync 1 DAGs
[2025-06-17T04:14:03.641+0300] {logging_mixin.py:151} INFO - [2025-06-17T04:14:03.641+0300] {dag.py:3696} INFO - Setting next_dagrun for example_branch_dop_operator_v3 to 2025-06-17T01:13:00+00:00, run_after=2025-06-17T01:14:00+00:00
[2025-06-17T04:14:03.667+0300] {processor.py:179} INFO - Processing /home/qwerty/.local/lib/python3.10/site-packages/airflow/example_dags/example_branch_python_dop_operator_3.py took 0.109 seconds
[2025-06-17T04:15:05.799+0300] {processor.py:157} INFO - Started process (PID=19171) to work on /home/qwerty/.local/lib/python3.10/site-packages/airflow/example_dags/example_branch_python_dop_operator_3.py
[2025-06-17T04:15:05.803+0300] {processor.py:829} INFO - Processing file /home/qwerty/.local/lib/python3.10/site-packages/airflow/example_dags/example_branch_python_dop_operator_3.py for tasks to queue
[2025-06-17T04:15:05.806+0300] {logging_mixin.py:151} INFO - [2025-06-17T04:15:05.805+0300] {dagbag.py:539} INFO - Filling up the DagBag from /home/qwerty/.local/lib/python3.10/site-packages/airflow/example_dags/example_branch_python_dop_operator_3.py
[2025-06-17T04:15:05.842+0300] {processor.py:839} INFO - DAG(s) dict_keys(['example_branch_dop_operator_v3']) retrieved from /home/qwerty/.local/lib/python3.10/site-packages/airflow/example_dags/example_branch_python_dop_operator_3.py
[2025-06-17T04:15:05.904+0300] {logging_mixin.py:151} INFO - [2025-06-17T04:15:05.903+0300] {dag.py:2915} INFO - Sync 1 DAGs
[2025-06-17T04:15:05.990+0300] {logging_mixin.py:151} INFO - [2025-06-17T04:15:05.989+0300] {dag.py:3696} INFO - Setting next_dagrun for example_branch_dop_operator_v3 to 2025-06-17T01:14:00+00:00, run_after=2025-06-17T01:15:00+00:00
[2025-06-17T04:15:06.053+0300] {processor.py:179} INFO - Processing /home/qwerty/.local/lib/python3.10/site-packages/airflow/example_dags/example_branch_python_dop_operator_3.py took 0.267 seconds
[2025-06-17T04:16:06.270+0300] {processor.py:157} INFO - Started process (PID=19222) to work on /home/qwerty/.local/lib/python3.10/site-packages/airflow/example_dags/example_branch_python_dop_operator_3.py
[2025-06-17T04:16:06.274+0300] {processor.py:829} INFO - Processing file /home/qwerty/.local/lib/python3.10/site-packages/airflow/example_dags/example_branch_python_dop_operator_3.py for tasks to queue
[2025-06-17T04:16:06.276+0300] {logging_mixin.py:151} INFO - [2025-06-17T04:16:06.275+0300] {dagbag.py:539} INFO - Filling up the DagBag from /home/qwerty/.local/lib/python3.10/site-packages/airflow/example_dags/example_branch_python_dop_operator_3.py
[2025-06-17T04:16:06.296+0300] {processor.py:839} INFO - DAG(s) dict_keys(['example_branch_dop_operator_v3']) retrieved from /home/qwerty/.local/lib/python3.10/site-packages/airflow/example_dags/example_branch_python_dop_operator_3.py
[2025-06-17T04:16:06.316+0300] {logging_mixin.py:151} INFO - [2025-06-17T04:16:06.316+0300] {dag.py:2915} INFO - Sync 1 DAGs
[2025-06-17T04:16:06.352+0300] {logging_mixin.py:151} INFO - [2025-06-17T04:16:06.352+0300] {dag.py:3696} INFO - Setting next_dagrun for example_branch_dop_operator_v3 to 2025-06-17T01:15:00+00:00, run_after=2025-06-17T01:16:00+00:00
[2025-06-17T04:16:06.381+0300] {processor.py:179} INFO - Processing /home/qwerty/.local/lib/python3.10/site-packages/airflow/example_dags/example_branch_python_dop_operator_3.py took 0.122 seconds
[2025-06-17T04:17:01.503+0300] {processor.py:157} INFO - Started process (PID=19310) to work on /home/qwerty/.local/lib/python3.10/site-packages/airflow/example_dags/example_branch_python_dop_operator_3.py
[2025-06-17T04:17:01.507+0300] {processor.py:829} INFO - Processing file /home/qwerty/.local/lib/python3.10/site-packages/airflow/example_dags/example_branch_python_dop_operator_3.py for tasks to queue
[2025-06-17T04:17:01.509+0300] {logging_mixin.py:151} INFO - [2025-06-17T04:17:01.509+0300] {dagbag.py:539} INFO - Filling up the DagBag from /home/qwerty/.local/lib/python3.10/site-packages/airflow/example_dags/example_branch_python_dop_operator_3.py
[2025-06-17T04:17:01.522+0300] {processor.py:839} INFO - DAG(s) dict_keys(['example_branch_dop_operator_v3']) retrieved from /home/qwerty/.local/lib/python3.10/site-packages/airflow/example_dags/example_branch_python_dop_operator_3.py
[2025-06-17T04:17:01.541+0300] {logging_mixin.py:151} INFO - [2025-06-17T04:17:01.541+0300] {dag.py:2915} INFO - Sync 1 DAGs
[2025-06-17T04:17:01.570+0300] {logging_mixin.py:151} INFO - [2025-06-17T04:17:01.570+0300] {dag.py:3696} INFO - Setting next_dagrun for example_branch_dop_operator_v3 to 2025-06-17T01:16:00+00:00, run_after=2025-06-17T01:17:00+00:00
[2025-06-17T04:17:01.600+0300] {processor.py:179} INFO - Processing /home/qwerty/.local/lib/python3.10/site-packages/airflow/example_dags/example_branch_python_dop_operator_3.py took 0.101 seconds
[2025-06-17T04:17:53.494+0300] {processor.py:157} INFO - Started process (PID=19366) to work on /home/qwerty/.local/lib/python3.10/site-packages/airflow/example_dags/example_branch_python_dop_operator_3.py
[2025-06-17T04:17:53.497+0300] {processor.py:829} INFO - Processing file /home/qwerty/.local/lib/python3.10/site-packages/airflow/example_dags/example_branch_python_dop_operator_3.py for tasks to queue
[2025-06-17T04:17:53.499+0300] {logging_mixin.py:151} INFO - [2025-06-17T04:17:53.498+0300] {dagbag.py:539} INFO - Filling up the DagBag from /home/qwerty/.local/lib/python3.10/site-packages/airflow/example_dags/example_branch_python_dop_operator_3.py
[2025-06-17T04:17:53.517+0300] {processor.py:839} INFO - DAG(s) dict_keys(['example_branch_dop_operator_v3']) retrieved from /home/qwerty/.local/lib/python3.10/site-packages/airflow/example_dags/example_branch_python_dop_operator_3.py
[2025-06-17T04:17:53.537+0300] {logging_mixin.py:151} INFO - [2025-06-17T04:17:53.537+0300] {dag.py:2915} INFO - Sync 1 DAGs
[2025-06-17T04:17:53.572+0300] {logging_mixin.py:151} INFO - [2025-06-17T04:17:53.571+0300] {dag.py:3696} INFO - Setting next_dagrun for example_branch_dop_operator_v3 to 2025-06-17T01:16:00+00:00, run_after=2025-06-17T01:17:00+00:00
[2025-06-17T04:17:53.628+0300] {processor.py:179} INFO - Processing /home/qwerty/.local/lib/python3.10/site-packages/airflow/example_dags/example_branch_python_dop_operator_3.py took 0.145 seconds
[2025-06-17T04:18:52.302+0300] {processor.py:157} INFO - Started process (PID=19424) to work on /home/qwerty/.local/lib/python3.10/site-packages/airflow/example_dags/example_branch_python_dop_operator_3.py
[2025-06-17T04:18:52.305+0300] {processor.py:829} INFO - Processing file /home/qwerty/.local/lib/python3.10/site-packages/airflow/example_dags/example_branch_python_dop_operator_3.py for tasks to queue
[2025-06-17T04:18:52.308+0300] {logging_mixin.py:151} INFO - [2025-06-17T04:18:52.307+0300] {dagbag.py:539} INFO - Filling up the DagBag from /home/qwerty/.local/lib/python3.10/site-packages/airflow/example_dags/example_branch_python_dop_operator_3.py
[2025-06-17T04:18:52.320+0300] {processor.py:839} INFO - DAG(s) dict_keys(['example_branch_dop_operator_v3']) retrieved from /home/qwerty/.local/lib/python3.10/site-packages/airflow/example_dags/example_branch_python_dop_operator_3.py
[2025-06-17T04:18:52.340+0300] {logging_mixin.py:151} INFO - [2025-06-17T04:18:52.340+0300] {dag.py:2915} INFO - Sync 1 DAGs
[2025-06-17T04:18:52.370+0300] {logging_mixin.py:151} INFO - [2025-06-17T04:18:52.370+0300] {dag.py:3696} INFO - Setting next_dagrun for example_branch_dop_operator_v3 to 2025-06-17T01:17:00+00:00, run_after=2025-06-17T01:18:00+00:00
[2025-06-17T04:18:52.400+0300] {processor.py:179} INFO - Processing /home/qwerty/.local/lib/python3.10/site-packages/airflow/example_dags/example_branch_python_dop_operator_3.py took 0.109 seconds
[2025-06-17T04:19:48.232+0300] {processor.py:157} INFO - Started process (PID=19531) to work on /home/qwerty/.local/lib/python3.10/site-packages/airflow/example_dags/example_branch_python_dop_operator_3.py
[2025-06-17T04:19:48.234+0300] {processor.py:829} INFO - Processing file /home/qwerty/.local/lib/python3.10/site-packages/airflow/example_dags/example_branch_python_dop_operator_3.py for tasks to queue
[2025-06-17T04:19:48.236+0300] {logging_mixin.py:151} INFO - [2025-06-17T04:19:48.235+0300] {dagbag.py:539} INFO - Filling up the DagBag from /home/qwerty/.local/lib/python3.10/site-packages/airflow/example_dags/example_branch_python_dop_operator_3.py
[2025-06-17T04:19:48.250+0300] {processor.py:839} INFO - DAG(s) dict_keys(['example_branch_dop_operator_v3']) retrieved from /home/qwerty/.local/lib/python3.10/site-packages/airflow/example_dags/example_branch_python_dop_operator_3.py
[2025-06-17T04:19:48.272+0300] {logging_mixin.py:151} INFO - [2025-06-17T04:19:48.271+0300] {dag.py:2915} INFO - Sync 1 DAGs
[2025-06-17T04:19:48.308+0300] {logging_mixin.py:151} INFO - [2025-06-17T04:19:48.307+0300] {dag.py:3696} INFO - Setting next_dagrun for example_branch_dop_operator_v3 to 2025-06-17T01:18:00+00:00, run_after=2025-06-17T01:19:00+00:00
[2025-06-17T04:19:48.347+0300] {processor.py:179} INFO - Processing /home/qwerty/.local/lib/python3.10/site-packages/airflow/example_dags/example_branch_python_dop_operator_3.py took 0.124 seconds
[2025-06-17T04:20:39.451+0300] {processor.py:157} INFO - Started process (PID=19580) to work on /home/qwerty/.local/lib/python3.10/site-packages/airflow/example_dags/example_branch_python_dop_operator_3.py
[2025-06-17T04:20:39.454+0300] {processor.py:829} INFO - Processing file /home/qwerty/.local/lib/python3.10/site-packages/airflow/example_dags/example_branch_python_dop_operator_3.py for tasks to queue
[2025-06-17T04:20:39.456+0300] {logging_mixin.py:151} INFO - [2025-06-17T04:20:39.455+0300] {dagbag.py:539} INFO - Filling up the DagBag from /home/qwerty/.local/lib/python3.10/site-packages/airflow/example_dags/example_branch_python_dop_operator_3.py
[2025-06-17T04:20:39.470+0300] {processor.py:839} INFO - DAG(s) dict_keys(['example_branch_dop_operator_v3']) retrieved from /home/qwerty/.local/lib/python3.10/site-packages/airflow/example_dags/example_branch_python_dop_operator_3.py
[2025-06-17T04:20:39.493+0300] {logging_mixin.py:151} INFO - [2025-06-17T04:20:39.492+0300] {dag.py:2915} INFO - Sync 1 DAGs
[2025-06-17T04:20:39.523+0300] {logging_mixin.py:151} INFO - [2025-06-17T04:20:39.522+0300] {dag.py:3696} INFO - Setting next_dagrun for example_branch_dop_operator_v3 to 2025-06-17T01:19:00+00:00, run_after=2025-06-17T01:20:00+00:00
[2025-06-17T04:20:39.554+0300] {processor.py:179} INFO - Processing /home/qwerty/.local/lib/python3.10/site-packages/airflow/example_dags/example_branch_python_dop_operator_3.py took 0.110 seconds
[2025-06-17T04:21:34.562+0300] {processor.py:157} INFO - Started process (PID=19670) to work on /home/qwerty/.local/lib/python3.10/site-packages/airflow/example_dags/example_branch_python_dop_operator_3.py
[2025-06-17T04:21:34.565+0300] {processor.py:829} INFO - Processing file /home/qwerty/.local/lib/python3.10/site-packages/airflow/example_dags/example_branch_python_dop_operator_3.py for tasks to queue
[2025-06-17T04:21:34.568+0300] {logging_mixin.py:151} INFO - [2025-06-17T04:21:34.567+0300] {dagbag.py:539} INFO - Filling up the DagBag from /home/qwerty/.local/lib/python3.10/site-packages/airflow/example_dags/example_branch_python_dop_operator_3.py
[2025-06-17T04:21:34.596+0300] {processor.py:839} INFO - DAG(s) dict_keys(['example_branch_dop_operator_v3']) retrieved from /home/qwerty/.local/lib/python3.10/site-packages/airflow/example_dags/example_branch_python_dop_operator_3.py
[2025-06-17T04:21:34.642+0300] {logging_mixin.py:151} INFO - [2025-06-17T04:21:34.641+0300] {dag.py:2915} INFO - Sync 1 DAGs
[2025-06-17T04:21:34.668+0300] {logging_mixin.py:151} INFO - [2025-06-17T04:21:34.668+0300] {dag.py:3696} INFO - Setting next_dagrun for example_branch_dop_operator_v3 to 2025-06-17T01:20:00+00:00, run_after=2025-06-17T01:21:00+00:00
[2025-06-17T04:21:34.704+0300] {processor.py:179} INFO - Processing /home/qwerty/.local/lib/python3.10/site-packages/airflow/example_dags/example_branch_python_dop_operator_3.py took 0.153 seconds
[2025-06-17T04:22:33.680+0300] {processor.py:157} INFO - Started process (PID=19750) to work on /home/qwerty/.local/lib/python3.10/site-packages/airflow/example_dags/example_branch_python_dop_operator_3.py
[2025-06-17T04:22:33.682+0300] {processor.py:829} INFO - Processing file /home/qwerty/.local/lib/python3.10/site-packages/airflow/example_dags/example_branch_python_dop_operator_3.py for tasks to queue
[2025-06-17T04:22:33.683+0300] {logging_mixin.py:151} INFO - [2025-06-17T04:22:33.682+0300] {dagbag.py:539} INFO - Filling up the DagBag from /home/qwerty/.local/lib/python3.10/site-packages/airflow/example_dags/example_branch_python_dop_operator_3.py
[2025-06-17T04:22:33.694+0300] {processor.py:839} INFO - DAG(s) dict_keys(['example_branch_dop_operator_v3']) retrieved from /home/qwerty/.local/lib/python3.10/site-packages/airflow/example_dags/example_branch_python_dop_operator_3.py
[2025-06-17T04:22:33.715+0300] {logging_mixin.py:151} INFO - [2025-06-17T04:22:33.715+0300] {dag.py:2915} INFO - Sync 1 DAGs
[2025-06-17T04:22:33.747+0300] {logging_mixin.py:151} INFO - [2025-06-17T04:22:33.747+0300] {dag.py:3696} INFO - Setting next_dagrun for example_branch_dop_operator_v3 to 2025-06-17T01:21:00+00:00, run_after=2025-06-17T01:22:00+00:00
[2025-06-17T04:22:33.799+0300] {processor.py:179} INFO - Processing /home/qwerty/.local/lib/python3.10/site-packages/airflow/example_dags/example_branch_python_dop_operator_3.py took 0.129 seconds
[2025-06-17T04:23:29.954+0300] {processor.py:157} INFO - Started process (PID=19833) to work on /home/qwerty/.local/lib/python3.10/site-packages/airflow/example_dags/example_branch_python_dop_operator_3.py
[2025-06-17T04:23:29.958+0300] {processor.py:829} INFO - Processing file /home/qwerty/.local/lib/python3.10/site-packages/airflow/example_dags/example_branch_python_dop_operator_3.py for tasks to queue
[2025-06-17T04:23:29.961+0300] {logging_mixin.py:151} INFO - [2025-06-17T04:23:29.960+0300] {dagbag.py:539} INFO - Filling up the DagBag from /home/qwerty/.local/lib/python3.10/site-packages/airflow/example_dags/example_branch_python_dop_operator_3.py
[2025-06-17T04:23:29.975+0300] {processor.py:839} INFO - DAG(s) dict_keys(['example_branch_dop_operator_v3']) retrieved from /home/qwerty/.local/lib/python3.10/site-packages/airflow/example_dags/example_branch_python_dop_operator_3.py
[2025-06-17T04:23:29.997+0300] {logging_mixin.py:151} INFO - [2025-06-17T04:23:29.997+0300] {dag.py:2915} INFO - Sync 1 DAGs
[2025-06-17T04:23:30.047+0300] {logging_mixin.py:151} INFO - [2025-06-17T04:23:30.047+0300] {dag.py:3696} INFO - Setting next_dagrun for example_branch_dop_operator_v3 to 2025-06-17T01:22:00+00:00, run_after=2025-06-17T01:23:00+00:00
[2025-06-17T04:23:30.079+0300] {processor.py:179} INFO - Processing /home/qwerty/.local/lib/python3.10/site-packages/airflow/example_dags/example_branch_python_dop_operator_3.py took 0.136 seconds
[2025-06-17T04:24:30.257+0300] {processor.py:157} INFO - Started process (PID=19914) to work on /home/qwerty/.local/lib/python3.10/site-packages/airflow/example_dags/example_branch_python_dop_operator_3.py
[2025-06-17T04:24:30.262+0300] {processor.py:829} INFO - Processing file /home/qwerty/.local/lib/python3.10/site-packages/airflow/example_dags/example_branch_python_dop_operator_3.py for tasks to queue
[2025-06-17T04:24:30.264+0300] {logging_mixin.py:151} INFO - [2025-06-17T04:24:30.264+0300] {dagbag.py:539} INFO - Filling up the DagBag from /home/qwerty/.local/lib/python3.10/site-packages/airflow/example_dags/example_branch_python_dop_operator_3.py
[2025-06-17T04:24:30.295+0300] {processor.py:839} INFO - DAG(s) dict_keys(['example_branch_dop_operator_v3']) retrieved from /home/qwerty/.local/lib/python3.10/site-packages/airflow/example_dags/example_branch_python_dop_operator_3.py
[2025-06-17T04:24:30.342+0300] {logging_mixin.py:151} INFO - [2025-06-17T04:24:30.342+0300] {dag.py:2915} INFO - Sync 1 DAGs
[2025-06-17T04:24:30.420+0300] {logging_mixin.py:151} INFO - [2025-06-17T04:24:30.420+0300] {dag.py:3696} INFO - Setting next_dagrun for example_branch_dop_operator_v3 to 2025-06-17T01:23:00+00:00, run_after=2025-06-17T01:24:00+00:00
[2025-06-17T04:24:30.481+0300] {processor.py:179} INFO - Processing /home/qwerty/.local/lib/python3.10/site-packages/airflow/example_dags/example_branch_python_dop_operator_3.py took 0.236 seconds
[2025-06-17T04:25:37.483+0300] {processor.py:157} INFO - Started process (PID=20002) to work on /home/qwerty/.local/lib/python3.10/site-packages/airflow/example_dags/example_branch_python_dop_operator_3.py
[2025-06-17T04:25:37.485+0300] {processor.py:829} INFO - Processing file /home/qwerty/.local/lib/python3.10/site-packages/airflow/example_dags/example_branch_python_dop_operator_3.py for tasks to queue
[2025-06-17T04:25:37.487+0300] {logging_mixin.py:151} INFO - [2025-06-17T04:25:37.486+0300] {dagbag.py:539} INFO - Filling up the DagBag from /home/qwerty/.local/lib/python3.10/site-packages/airflow/example_dags/example_branch_python_dop_operator_3.py
[2025-06-17T04:25:37.501+0300] {processor.py:839} INFO - DAG(s) dict_keys(['example_branch_dop_operator_v3']) retrieved from /home/qwerty/.local/lib/python3.10/site-packages/airflow/example_dags/example_branch_python_dop_operator_3.py
[2025-06-17T04:25:37.530+0300] {logging_mixin.py:151} INFO - [2025-06-17T04:25:37.530+0300] {dag.py:2915} INFO - Sync 1 DAGs
[2025-06-17T04:25:37.573+0300] {logging_mixin.py:151} INFO - [2025-06-17T04:25:37.572+0300] {dag.py:3696} INFO - Setting next_dagrun for example_branch_dop_operator_v3 to 2025-06-17T01:24:00+00:00, run_after=2025-06-17T01:25:00+00:00
[2025-06-17T04:25:37.617+0300] {processor.py:179} INFO - Processing /home/qwerty/.local/lib/python3.10/site-packages/airflow/example_dags/example_branch_python_dop_operator_3.py took 0.142 seconds
[2025-06-17T04:26:33.232+0300] {processor.py:157} INFO - Started process (PID=20055) to work on /home/qwerty/.local/lib/python3.10/site-packages/airflow/example_dags/example_branch_python_dop_operator_3.py
[2025-06-17T04:26:33.234+0300] {processor.py:829} INFO - Processing file /home/qwerty/.local/lib/python3.10/site-packages/airflow/example_dags/example_branch_python_dop_operator_3.py for tasks to queue
[2025-06-17T04:26:33.235+0300] {logging_mixin.py:151} INFO - [2025-06-17T04:26:33.234+0300] {dagbag.py:539} INFO - Filling up the DagBag from /home/qwerty/.local/lib/python3.10/site-packages/airflow/example_dags/example_branch_python_dop_operator_3.py
[2025-06-17T04:26:33.245+0300] {processor.py:839} INFO - DAG(s) dict_keys(['example_branch_dop_operator_v3']) retrieved from /home/qwerty/.local/lib/python3.10/site-packages/airflow/example_dags/example_branch_python_dop_operator_3.py
[2025-06-17T04:26:33.265+0300] {logging_mixin.py:151} INFO - [2025-06-17T04:26:33.265+0300] {dag.py:2915} INFO - Sync 1 DAGs
[2025-06-17T04:26:33.296+0300] {logging_mixin.py:151} INFO - [2025-06-17T04:26:33.295+0300] {dag.py:3696} INFO - Setting next_dagrun for example_branch_dop_operator_v3 to 2025-06-17T01:25:00+00:00, run_after=2025-06-17T01:26:00+00:00
[2025-06-17T04:26:33.323+0300] {processor.py:179} INFO - Processing /home/qwerty/.local/lib/python3.10/site-packages/airflow/example_dags/example_branch_python_dop_operator_3.py took 0.101 seconds
[2025-06-17T04:27:24.456+0300] {processor.py:157} INFO - Started process (PID=20102) to work on /home/qwerty/.local/lib/python3.10/site-packages/airflow/example_dags/example_branch_python_dop_operator_3.py
[2025-06-17T04:27:24.459+0300] {processor.py:829} INFO - Processing file /home/qwerty/.local/lib/python3.10/site-packages/airflow/example_dags/example_branch_python_dop_operator_3.py for tasks to queue
[2025-06-17T04:27:24.461+0300] {logging_mixin.py:151} INFO - [2025-06-17T04:27:24.460+0300] {dagbag.py:539} INFO - Filling up the DagBag from /home/qwerty/.local/lib/python3.10/site-packages/airflow/example_dags/example_branch_python_dop_operator_3.py
[2025-06-17T04:27:24.480+0300] {processor.py:839} INFO - DAG(s) dict_keys(['example_branch_dop_operator_v3']) retrieved from /home/qwerty/.local/lib/python3.10/site-packages/airflow/example_dags/example_branch_python_dop_operator_3.py
[2025-06-17T04:27:24.502+0300] {logging_mixin.py:151} INFO - [2025-06-17T04:27:24.502+0300] {dag.py:2915} INFO - Sync 1 DAGs
[2025-06-17T04:27:24.540+0300] {logging_mixin.py:151} INFO - [2025-06-17T04:27:24.539+0300] {dag.py:3696} INFO - Setting next_dagrun for example_branch_dop_operator_v3 to 2025-06-17T01:26:00+00:00, run_after=2025-06-17T01:27:00+00:00
[2025-06-17T04:27:24.574+0300] {processor.py:179} INFO - Processing /home/qwerty/.local/lib/python3.10/site-packages/airflow/example_dags/example_branch_python_dop_operator_3.py took 0.126 seconds
[2025-06-17T04:28:13.833+0300] {processor.py:157} INFO - Started process (PID=20183) to work on /home/qwerty/.local/lib/python3.10/site-packages/airflow/example_dags/example_branch_python_dop_operator_3.py
[2025-06-17T04:28:13.835+0300] {processor.py:829} INFO - Processing file /home/qwerty/.local/lib/python3.10/site-packages/airflow/example_dags/example_branch_python_dop_operator_3.py for tasks to queue
[2025-06-17T04:28:13.836+0300] {logging_mixin.py:151} INFO - [2025-06-17T04:28:13.836+0300] {dagbag.py:539} INFO - Filling up the DagBag from /home/qwerty/.local/lib/python3.10/site-packages/airflow/example_dags/example_branch_python_dop_operator_3.py
[2025-06-17T04:28:13.853+0300] {processor.py:839} INFO - DAG(s) dict_keys(['example_branch_dop_operator_v3']) retrieved from /home/qwerty/.local/lib/python3.10/site-packages/airflow/example_dags/example_branch_python_dop_operator_3.py
[2025-06-17T04:28:13.877+0300] {logging_mixin.py:151} INFO - [2025-06-17T04:28:13.877+0300] {dag.py:2915} INFO - Sync 1 DAGs
[2025-06-17T04:28:13.907+0300] {logging_mixin.py:151} INFO - [2025-06-17T04:28:13.906+0300] {dag.py:3696} INFO - Setting next_dagrun for example_branch_dop_operator_v3 to 2025-06-17T01:27:00+00:00, run_after=2025-06-17T01:28:00+00:00
[2025-06-17T04:28:13.934+0300] {processor.py:179} INFO - Processing /home/qwerty/.local/lib/python3.10/site-packages/airflow/example_dags/example_branch_python_dop_operator_3.py took 0.107 seconds
[2025-06-17T04:29:06.392+0300] {processor.py:157} INFO - Started process (PID=20241) to work on /home/qwerty/.local/lib/python3.10/site-packages/airflow/example_dags/example_branch_python_dop_operator_3.py
[2025-06-17T04:29:06.395+0300] {processor.py:829} INFO - Processing file /home/qwerty/.local/lib/python3.10/site-packages/airflow/example_dags/example_branch_python_dop_operator_3.py for tasks to queue
[2025-06-17T04:29:06.396+0300] {logging_mixin.py:151} INFO - [2025-06-17T04:29:06.396+0300] {dagbag.py:539} INFO - Filling up the DagBag from /home/qwerty/.local/lib/python3.10/site-packages/airflow/example_dags/example_branch_python_dop_operator_3.py
[2025-06-17T04:29:06.410+0300] {processor.py:839} INFO - DAG(s) dict_keys(['example_branch_dop_operator_v3']) retrieved from /home/qwerty/.local/lib/python3.10/site-packages/airflow/example_dags/example_branch_python_dop_operator_3.py
[2025-06-17T04:29:06.429+0300] {logging_mixin.py:151} INFO - [2025-06-17T04:29:06.429+0300] {dag.py:2915} INFO - Sync 1 DAGs
[2025-06-17T04:29:06.457+0300] {logging_mixin.py:151} INFO - [2025-06-17T04:29:06.457+0300] {dag.py:3696} INFO - Setting next_dagrun for example_branch_dop_operator_v3 to 2025-06-17T01:28:00+00:00, run_after=2025-06-17T01:29:00+00:00
[2025-06-17T04:29:06.502+0300] {processor.py:179} INFO - Processing /home/qwerty/.local/lib/python3.10/site-packages/airflow/example_dags/example_branch_python_dop_operator_3.py took 0.121 seconds
[2025-06-17T04:30:08.299+0300] {processor.py:157} INFO - Started process (PID=20304) to work on /home/qwerty/.local/lib/python3.10/site-packages/airflow/example_dags/example_branch_python_dop_operator_3.py
[2025-06-17T04:30:08.302+0300] {processor.py:829} INFO - Processing file /home/qwerty/.local/lib/python3.10/site-packages/airflow/example_dags/example_branch_python_dop_operator_3.py for tasks to queue
[2025-06-17T04:30:08.303+0300] {logging_mixin.py:151} INFO - [2025-06-17T04:30:08.303+0300] {dagbag.py:539} INFO - Filling up the DagBag from /home/qwerty/.local/lib/python3.10/site-packages/airflow/example_dags/example_branch_python_dop_operator_3.py
[2025-06-17T04:30:08.320+0300] {processor.py:839} INFO - DAG(s) dict_keys(['example_branch_dop_operator_v3']) retrieved from /home/qwerty/.local/lib/python3.10/site-packages/airflow/example_dags/example_branch_python_dop_operator_3.py
[2025-06-17T04:30:08.351+0300] {logging_mixin.py:151} INFO - [2025-06-17T04:30:08.351+0300] {dag.py:2915} INFO - Sync 1 DAGs
[2025-06-17T04:30:08.401+0300] {logging_mixin.py:151} INFO - [2025-06-17T04:30:08.401+0300] {dag.py:3696} INFO - Setting next_dagrun for example_branch_dop_operator_v3 to 2025-06-17T01:29:00+00:00, run_after=2025-06-17T01:30:00+00:00
[2025-06-17T04:30:08.441+0300] {processor.py:179} INFO - Processing /home/qwerty/.local/lib/python3.10/site-packages/airflow/example_dags/example_branch_python_dop_operator_3.py took 0.153 seconds
[2025-06-17T04:31:05.560+0300] {processor.py:157} INFO - Started process (PID=20364) to work on /home/qwerty/.local/lib/python3.10/site-packages/airflow/example_dags/example_branch_python_dop_operator_3.py
[2025-06-17T04:31:05.562+0300] {processor.py:829} INFO - Processing file /home/qwerty/.local/lib/python3.10/site-packages/airflow/example_dags/example_branch_python_dop_operator_3.py for tasks to queue
[2025-06-17T04:31:05.564+0300] {logging_mixin.py:151} INFO - [2025-06-17T04:31:05.563+0300] {dagbag.py:539} INFO - Filling up the DagBag from /home/qwerty/.local/lib/python3.10/site-packages/airflow/example_dags/example_branch_python_dop_operator_3.py
[2025-06-17T04:31:05.582+0300] {processor.py:839} INFO - DAG(s) dict_keys(['example_branch_dop_operator_v3']) retrieved from /home/qwerty/.local/lib/python3.10/site-packages/airflow/example_dags/example_branch_python_dop_operator_3.py
[2025-06-17T04:31:05.614+0300] {logging_mixin.py:151} INFO - [2025-06-17T04:31:05.614+0300] {dag.py:2915} INFO - Sync 1 DAGs
[2025-06-17T04:31:05.664+0300] {logging_mixin.py:151} INFO - [2025-06-17T04:31:05.663+0300] {dag.py:3696} INFO - Setting next_dagrun for example_branch_dop_operator_v3 to 2025-06-17T01:30:00+00:00, run_after=2025-06-17T01:31:00+00:00
[2025-06-17T04:31:05.699+0300] {processor.py:179} INFO - Processing /home/qwerty/.local/lib/python3.10/site-packages/airflow/example_dags/example_branch_python_dop_operator_3.py took 0.146 seconds
