[2025-06-17T04:07:27.696+0300] {processor.py:157} INFO - Started process (PID=18661) to work on /home/qwerty/.local/lib/python3.10/site-packages/airflow/example_dags/example_complex.py
[2025-06-17T04:07:27.698+0300] {processor.py:829} INFO - Processing file /home/qwerty/.local/lib/python3.10/site-packages/airflow/example_dags/example_complex.py for tasks to queue
[2025-06-17T04:07:27.699+0300] {logging_mixin.py:151} INFO - [2025-06-17T04:07:27.698+0300] {dagbag.py:539} INFO - Filling up the DagBag from /home/qwerty/.local/lib/python3.10/site-packages/airflow/example_dags/example_complex.py
[2025-06-17T04:07:27.714+0300] {processor.py:839} INFO - DAG(s) dict_keys(['example_complex']) retrieved from /home/qwerty/.local/lib/python3.10/site-packages/airflow/example_dags/example_complex.py
[2025-06-17T04:07:27.755+0300] {logging_mixin.py:151} INFO - [2025-06-17T04:07:27.755+0300] {dag.py:2915} INFO - Sync 1 DAGs
[2025-06-17T04:07:27.775+0300] {logging_mixin.py:151} INFO - [2025-06-17T04:07:27.775+0300] {dag.py:3696} INFO - Setting next_dagrun for example_complex to None, run_after=None
[2025-06-17T04:07:27.832+0300] {processor.py:179} INFO - Processing /home/qwerty/.local/lib/python3.10/site-packages/airflow/example_dags/example_complex.py took 0.142 seconds
[2025-06-17T04:08:27.469+0300] {processor.py:157} INFO - Started process (PID=18749) to work on /home/qwerty/.local/lib/python3.10/site-packages/airflow/example_dags/example_complex.py
[2025-06-17T04:08:27.474+0300] {processor.py:829} INFO - Processing file /home/qwerty/.local/lib/python3.10/site-packages/airflow/example_dags/example_complex.py for tasks to queue
[2025-06-17T04:08:27.478+0300] {logging_mixin.py:151} INFO - [2025-06-17T04:08:27.476+0300] {dagbag.py:539} INFO - Filling up the DagBag from /home/qwerty/.local/lib/python3.10/site-packages/airflow/example_dags/example_complex.py
[2025-06-17T04:08:27.517+0300] {processor.py:839} INFO - DAG(s) dict_keys(['example_complex']) retrieved from /home/qwerty/.local/lib/python3.10/site-packages/airflow/example_dags/example_complex.py
[2025-06-17T04:08:27.634+0300] {logging_mixin.py:151} INFO - [2025-06-17T04:08:27.633+0300] {dag.py:2915} INFO - Sync 1 DAGs
[2025-06-17T04:08:27.672+0300] {logging_mixin.py:151} INFO - [2025-06-17T04:08:27.671+0300] {dag.py:3696} INFO - Setting next_dagrun for example_complex to None, run_after=None
[2025-06-17T04:08:27.744+0300] {processor.py:179} INFO - Processing /home/qwerty/.local/lib/python3.10/site-packages/airflow/example_dags/example_complex.py took 0.287 seconds
[2025-06-17T04:09:51.219+0300] {processor.py:157} INFO - Started process (PID=18840) to work on /home/qwerty/.local/lib/python3.10/site-packages/airflow/example_dags/example_complex.py
[2025-06-17T04:09:51.227+0300] {processor.py:829} INFO - Processing file /home/qwerty/.local/lib/python3.10/site-packages/airflow/example_dags/example_complex.py for tasks to queue
[2025-06-17T04:09:51.229+0300] {logging_mixin.py:151} INFO - [2025-06-17T04:09:51.228+0300] {dagbag.py:539} INFO - Filling up the DagBag from /home/qwerty/.local/lib/python3.10/site-packages/airflow/example_dags/example_complex.py
[2025-06-17T04:09:51.267+0300] {processor.py:839} INFO - DAG(s) dict_keys(['example_complex']) retrieved from /home/qwerty/.local/lib/python3.10/site-packages/airflow/example_dags/example_complex.py
[2025-06-17T04:09:51.348+0300] {logging_mixin.py:151} INFO - [2025-06-17T04:09:51.348+0300] {dag.py:2915} INFO - Sync 1 DAGs
[2025-06-17T04:09:51.380+0300] {logging_mixin.py:151} INFO - [2025-06-17T04:09:51.379+0300] {dag.py:3696} INFO - Setting next_dagrun for example_complex to None, run_after=None
[2025-06-17T04:09:51.436+0300] {processor.py:179} INFO - Processing /home/qwerty/.local/lib/python3.10/site-packages/airflow/example_dags/example_complex.py took 0.229 seconds
[2025-06-17T04:10:51.519+0300] {processor.py:157} INFO - Started process (PID=18894) to work on /home/qwerty/.local/lib/python3.10/site-packages/airflow/example_dags/example_complex.py
[2025-06-17T04:10:51.521+0300] {processor.py:829} INFO - Processing file /home/qwerty/.local/lib/python3.10/site-packages/airflow/example_dags/example_complex.py for tasks to queue
[2025-06-17T04:10:51.523+0300] {logging_mixin.py:151} INFO - [2025-06-17T04:10:51.522+0300] {dagbag.py:539} INFO - Filling up the DagBag from /home/qwerty/.local/lib/python3.10/site-packages/airflow/example_dags/example_complex.py
[2025-06-17T04:10:51.551+0300] {processor.py:839} INFO - DAG(s) dict_keys(['example_complex']) retrieved from /home/qwerty/.local/lib/python3.10/site-packages/airflow/example_dags/example_complex.py
[2025-06-17T04:10:51.616+0300] {logging_mixin.py:151} INFO - [2025-06-17T04:10:51.615+0300] {dag.py:2915} INFO - Sync 1 DAGs
[2025-06-17T04:10:51.642+0300] {logging_mixin.py:151} INFO - [2025-06-17T04:10:51.642+0300] {dag.py:3696} INFO - Setting next_dagrun for example_complex to None, run_after=None
[2025-06-17T04:10:51.698+0300] {processor.py:179} INFO - Processing /home/qwerty/.local/lib/python3.10/site-packages/airflow/example_dags/example_complex.py took 0.190 seconds
[2025-06-17T04:12:17.381+0300] {processor.py:157} INFO - Started process (PID=19003) to work on /home/qwerty/.local/lib/python3.10/site-packages/airflow/example_dags/example_complex.py
[2025-06-17T04:12:17.384+0300] {processor.py:829} INFO - Processing file /home/qwerty/.local/lib/python3.10/site-packages/airflow/example_dags/example_complex.py for tasks to queue
[2025-06-17T04:12:17.387+0300] {logging_mixin.py:151} INFO - [2025-06-17T04:12:17.386+0300] {dagbag.py:539} INFO - Filling up the DagBag from /home/qwerty/.local/lib/python3.10/site-packages/airflow/example_dags/example_complex.py
[2025-06-17T04:12:17.407+0300] {processor.py:839} INFO - DAG(s) dict_keys(['example_complex']) retrieved from /home/qwerty/.local/lib/python3.10/site-packages/airflow/example_dags/example_complex.py
[2025-06-17T04:12:17.454+0300] {logging_mixin.py:151} INFO - [2025-06-17T04:12:17.454+0300] {dag.py:2915} INFO - Sync 1 DAGs
[2025-06-17T04:12:17.479+0300] {logging_mixin.py:151} INFO - [2025-06-17T04:12:17.479+0300] {dag.py:3696} INFO - Setting next_dagrun for example_complex to None, run_after=None
[2025-06-17T04:12:17.524+0300] {processor.py:179} INFO - Processing /home/qwerty/.local/lib/python3.10/site-packages/airflow/example_dags/example_complex.py took 0.154 seconds
[2025-06-17T04:13:16.047+0300] {processor.py:157} INFO - Started process (PID=19067) to work on /home/qwerty/.local/lib/python3.10/site-packages/airflow/example_dags/example_complex.py
[2025-06-17T04:13:16.050+0300] {processor.py:829} INFO - Processing file /home/qwerty/.local/lib/python3.10/site-packages/airflow/example_dags/example_complex.py for tasks to queue
[2025-06-17T04:13:16.053+0300] {logging_mixin.py:151} INFO - [2025-06-17T04:13:16.052+0300] {dagbag.py:539} INFO - Filling up the DagBag from /home/qwerty/.local/lib/python3.10/site-packages/airflow/example_dags/example_complex.py
[2025-06-17T04:13:16.070+0300] {processor.py:839} INFO - DAG(s) dict_keys(['example_complex']) retrieved from /home/qwerty/.local/lib/python3.10/site-packages/airflow/example_dags/example_complex.py
[2025-06-17T04:13:16.103+0300] {logging_mixin.py:151} INFO - [2025-06-17T04:13:16.102+0300] {dag.py:2915} INFO - Sync 1 DAGs
[2025-06-17T04:13:16.117+0300] {logging_mixin.py:151} INFO - [2025-06-17T04:13:16.117+0300] {dag.py:3696} INFO - Setting next_dagrun for example_complex to None, run_after=None
[2025-06-17T04:13:16.160+0300] {processor.py:179} INFO - Processing /home/qwerty/.local/lib/python3.10/site-packages/airflow/example_dags/example_complex.py took 0.120 seconds
[2025-06-17T04:14:40.984+0300] {processor.py:157} INFO - Started process (PID=19151) to work on /home/qwerty/.local/lib/python3.10/site-packages/airflow/example_dags/example_complex.py
[2025-06-17T04:14:40.987+0300] {processor.py:829} INFO - Processing file /home/qwerty/.local/lib/python3.10/site-packages/airflow/example_dags/example_complex.py for tasks to queue
[2025-06-17T04:14:40.990+0300] {logging_mixin.py:151} INFO - [2025-06-17T04:14:40.988+0300] {dagbag.py:539} INFO - Filling up the DagBag from /home/qwerty/.local/lib/python3.10/site-packages/airflow/example_dags/example_complex.py
[2025-06-17T04:14:41.006+0300] {processor.py:839} INFO - DAG(s) dict_keys(['example_complex']) retrieved from /home/qwerty/.local/lib/python3.10/site-packages/airflow/example_dags/example_complex.py
[2025-06-17T04:14:41.038+0300] {logging_mixin.py:151} INFO - [2025-06-17T04:14:41.038+0300] {dag.py:2915} INFO - Sync 1 DAGs
[2025-06-17T04:14:41.052+0300] {logging_mixin.py:151} INFO - [2025-06-17T04:14:41.052+0300] {dag.py:3696} INFO - Setting next_dagrun for example_complex to None, run_after=None
[2025-06-17T04:14:41.093+0300] {processor.py:179} INFO - Processing /home/qwerty/.local/lib/python3.10/site-packages/airflow/example_dags/example_complex.py took 0.120 seconds
[2025-06-17T04:15:44.029+0300] {processor.py:157} INFO - Started process (PID=19204) to work on /home/qwerty/.local/lib/python3.10/site-packages/airflow/example_dags/example_complex.py
[2025-06-17T04:15:44.032+0300] {processor.py:829} INFO - Processing file /home/qwerty/.local/lib/python3.10/site-packages/airflow/example_dags/example_complex.py for tasks to queue
[2025-06-17T04:15:44.033+0300] {logging_mixin.py:151} INFO - [2025-06-17T04:15:44.032+0300] {dagbag.py:539} INFO - Filling up the DagBag from /home/qwerty/.local/lib/python3.10/site-packages/airflow/example_dags/example_complex.py
[2025-06-17T04:15:44.045+0300] {processor.py:839} INFO - DAG(s) dict_keys(['example_complex']) retrieved from /home/qwerty/.local/lib/python3.10/site-packages/airflow/example_dags/example_complex.py
[2025-06-17T04:15:44.074+0300] {logging_mixin.py:151} INFO - [2025-06-17T04:15:44.073+0300] {dag.py:2915} INFO - Sync 1 DAGs
[2025-06-17T04:15:44.087+0300] {logging_mixin.py:151} INFO - [2025-06-17T04:15:44.086+0300] {dag.py:3696} INFO - Setting next_dagrun for example_complex to None, run_after=None
[2025-06-17T04:15:44.113+0300] {processor.py:179} INFO - Processing /home/qwerty/.local/lib/python3.10/site-packages/airflow/example_dags/example_complex.py took 0.093 seconds
[2025-06-17T04:16:41.051+0300] {processor.py:157} INFO - Started process (PID=19289) to work on /home/qwerty/.local/lib/python3.10/site-packages/airflow/example_dags/example_complex.py
[2025-06-17T04:16:41.054+0300] {processor.py:829} INFO - Processing file /home/qwerty/.local/lib/python3.10/site-packages/airflow/example_dags/example_complex.py for tasks to queue
[2025-06-17T04:16:41.058+0300] {logging_mixin.py:151} INFO - [2025-06-17T04:16:41.056+0300] {dagbag.py:539} INFO - Filling up the DagBag from /home/qwerty/.local/lib/python3.10/site-packages/airflow/example_dags/example_complex.py
[2025-06-17T04:16:41.072+0300] {processor.py:839} INFO - DAG(s) dict_keys(['example_complex']) retrieved from /home/qwerty/.local/lib/python3.10/site-packages/airflow/example_dags/example_complex.py
[2025-06-17T04:16:41.117+0300] {logging_mixin.py:151} INFO - [2025-06-17T04:16:41.117+0300] {dag.py:2915} INFO - Sync 1 DAGs
[2025-06-17T04:16:41.144+0300] {logging_mixin.py:151} INFO - [2025-06-17T04:16:41.143+0300] {dag.py:3696} INFO - Setting next_dagrun for example_complex to None, run_after=None
[2025-06-17T04:16:41.187+0300] {processor.py:179} INFO - Processing /home/qwerty/.local/lib/python3.10/site-packages/airflow/example_dags/example_complex.py took 0.148 seconds
[2025-06-17T04:18:00.132+0300] {processor.py:157} INFO - Started process (PID=19372) to work on /home/qwerty/.local/lib/python3.10/site-packages/airflow/example_dags/example_complex.py
[2025-06-17T04:18:00.135+0300] {processor.py:829} INFO - Processing file /home/qwerty/.local/lib/python3.10/site-packages/airflow/example_dags/example_complex.py for tasks to queue
[2025-06-17T04:18:00.138+0300] {logging_mixin.py:151} INFO - [2025-06-17T04:18:00.137+0300] {dagbag.py:539} INFO - Filling up the DagBag from /home/qwerty/.local/lib/python3.10/site-packages/airflow/example_dags/example_complex.py
[2025-06-17T04:18:00.151+0300] {processor.py:839} INFO - DAG(s) dict_keys(['example_complex']) retrieved from /home/qwerty/.local/lib/python3.10/site-packages/airflow/example_dags/example_complex.py
[2025-06-17T04:18:00.189+0300] {logging_mixin.py:151} INFO - [2025-06-17T04:18:00.189+0300] {dag.py:2915} INFO - Sync 1 DAGs
[2025-06-17T04:18:00.207+0300] {logging_mixin.py:151} INFO - [2025-06-17T04:18:00.207+0300] {dag.py:3696} INFO - Setting next_dagrun for example_complex to None, run_after=None
[2025-06-17T04:18:00.249+0300] {processor.py:179} INFO - Processing /home/qwerty/.local/lib/python3.10/site-packages/airflow/example_dags/example_complex.py took 0.128 seconds
[2025-06-17T04:19:01.565+0300] {processor.py:157} INFO - Started process (PID=19432) to work on /home/qwerty/.local/lib/python3.10/site-packages/airflow/example_dags/example_complex.py
[2025-06-17T04:19:01.567+0300] {processor.py:829} INFO - Processing file /home/qwerty/.local/lib/python3.10/site-packages/airflow/example_dags/example_complex.py for tasks to queue
[2025-06-17T04:19:01.569+0300] {logging_mixin.py:151} INFO - [2025-06-17T04:19:01.568+0300] {dagbag.py:539} INFO - Filling up the DagBag from /home/qwerty/.local/lib/python3.10/site-packages/airflow/example_dags/example_complex.py
[2025-06-17T04:19:01.589+0300] {processor.py:839} INFO - DAG(s) dict_keys(['example_complex']) retrieved from /home/qwerty/.local/lib/python3.10/site-packages/airflow/example_dags/example_complex.py
[2025-06-17T04:19:01.638+0300] {logging_mixin.py:151} INFO - [2025-06-17T04:19:01.638+0300] {dag.py:2915} INFO - Sync 1 DAGs
[2025-06-17T04:19:01.660+0300] {logging_mixin.py:151} INFO - [2025-06-17T04:19:01.660+0300] {dag.py:3696} INFO - Setting next_dagrun for example_complex to None, run_after=None
[2025-06-17T04:19:01.707+0300] {processor.py:179} INFO - Processing /home/qwerty/.local/lib/python3.10/site-packages/airflow/example_dags/example_complex.py took 0.148 seconds
[2025-06-17T04:19:56.817+0300] {processor.py:157} INFO - Started process (PID=19542) to work on /home/qwerty/.local/lib/python3.10/site-packages/airflow/example_dags/example_complex.py
[2025-06-17T04:19:56.819+0300] {processor.py:829} INFO - Processing file /home/qwerty/.local/lib/python3.10/site-packages/airflow/example_dags/example_complex.py for tasks to queue
[2025-06-17T04:19:56.821+0300] {logging_mixin.py:151} INFO - [2025-06-17T04:19:56.821+0300] {dagbag.py:539} INFO - Filling up the DagBag from /home/qwerty/.local/lib/python3.10/site-packages/airflow/example_dags/example_complex.py
[2025-06-17T04:19:56.843+0300] {processor.py:839} INFO - DAG(s) dict_keys(['example_complex']) retrieved from /home/qwerty/.local/lib/python3.10/site-packages/airflow/example_dags/example_complex.py
[2025-06-17T04:19:56.883+0300] {logging_mixin.py:151} INFO - [2025-06-17T04:19:56.883+0300] {dag.py:2915} INFO - Sync 1 DAGs
[2025-06-17T04:19:56.905+0300] {logging_mixin.py:151} INFO - [2025-06-17T04:19:56.904+0300] {dag.py:3696} INFO - Setting next_dagrun for example_complex to None, run_after=None
[2025-06-17T04:19:56.951+0300] {processor.py:179} INFO - Processing /home/qwerty/.local/lib/python3.10/site-packages/airflow/example_dags/example_complex.py took 0.142 seconds
[2025-06-17T04:21:16.856+0300] {processor.py:157} INFO - Started process (PID=19630) to work on /home/qwerty/.local/lib/python3.10/site-packages/airflow/example_dags/example_complex.py
[2025-06-17T04:21:16.858+0300] {processor.py:829} INFO - Processing file /home/qwerty/.local/lib/python3.10/site-packages/airflow/example_dags/example_complex.py for tasks to queue
[2025-06-17T04:21:16.860+0300] {logging_mixin.py:151} INFO - [2025-06-17T04:21:16.859+0300] {dagbag.py:539} INFO - Filling up the DagBag from /home/qwerty/.local/lib/python3.10/site-packages/airflow/example_dags/example_complex.py
[2025-06-17T04:21:16.873+0300] {processor.py:839} INFO - DAG(s) dict_keys(['example_complex']) retrieved from /home/qwerty/.local/lib/python3.10/site-packages/airflow/example_dags/example_complex.py
[2025-06-17T04:21:16.905+0300] {logging_mixin.py:151} INFO - [2025-06-17T04:21:16.905+0300] {dag.py:2915} INFO - Sync 1 DAGs
[2025-06-17T04:21:16.918+0300] {logging_mixin.py:151} INFO - [2025-06-17T04:21:16.917+0300] {dag.py:3696} INFO - Setting next_dagrun for example_complex to None, run_after=None
[2025-06-17T04:21:16.943+0300] {processor.py:179} INFO - Processing /home/qwerty/.local/lib/python3.10/site-packages/airflow/example_dags/example_complex.py took 0.095 seconds
[2025-06-17T04:22:16.385+0300] {processor.py:157} INFO - Started process (PID=19728) to work on /home/qwerty/.local/lib/python3.10/site-packages/airflow/example_dags/example_complex.py
[2025-06-17T04:22:16.388+0300] {processor.py:829} INFO - Processing file /home/qwerty/.local/lib/python3.10/site-packages/airflow/example_dags/example_complex.py for tasks to queue
[2025-06-17T04:22:16.391+0300] {logging_mixin.py:151} INFO - [2025-06-17T04:22:16.390+0300] {dagbag.py:539} INFO - Filling up the DagBag from /home/qwerty/.local/lib/python3.10/site-packages/airflow/example_dags/example_complex.py
[2025-06-17T04:22:16.420+0300] {processor.py:839} INFO - DAG(s) dict_keys(['example_complex']) retrieved from /home/qwerty/.local/lib/python3.10/site-packages/airflow/example_dags/example_complex.py
[2025-06-17T04:22:16.456+0300] {logging_mixin.py:151} INFO - [2025-06-17T04:22:16.455+0300] {dag.py:2915} INFO - Sync 1 DAGs
[2025-06-17T04:22:16.468+0300] {logging_mixin.py:151} INFO - [2025-06-17T04:22:16.468+0300] {dag.py:3696} INFO - Setting next_dagrun for example_complex to None, run_after=None
[2025-06-17T04:22:16.500+0300] {processor.py:179} INFO - Processing /home/qwerty/.local/lib/python3.10/site-packages/airflow/example_dags/example_complex.py took 0.126 seconds
[2025-06-17T04:23:41.657+0300] {processor.py:157} INFO - Started process (PID=19846) to work on /home/qwerty/.local/lib/python3.10/site-packages/airflow/example_dags/example_complex.py
[2025-06-17T04:23:41.662+0300] {processor.py:829} INFO - Processing file /home/qwerty/.local/lib/python3.10/site-packages/airflow/example_dags/example_complex.py for tasks to queue
[2025-06-17T04:23:41.663+0300] {logging_mixin.py:151} INFO - [2025-06-17T04:23:41.663+0300] {dagbag.py:539} INFO - Filling up the DagBag from /home/qwerty/.local/lib/python3.10/site-packages/airflow/example_dags/example_complex.py
[2025-06-17T04:23:41.676+0300] {processor.py:839} INFO - DAG(s) dict_keys(['example_complex']) retrieved from /home/qwerty/.local/lib/python3.10/site-packages/airflow/example_dags/example_complex.py
[2025-06-17T04:23:41.705+0300] {logging_mixin.py:151} INFO - [2025-06-17T04:23:41.705+0300] {dag.py:2915} INFO - Sync 1 DAGs
[2025-06-17T04:23:41.718+0300] {logging_mixin.py:151} INFO - [2025-06-17T04:23:41.718+0300] {dag.py:3696} INFO - Setting next_dagrun for example_complex to None, run_after=None
[2025-06-17T04:23:41.745+0300] {processor.py:179} INFO - Processing /home/qwerty/.local/lib/python3.10/site-packages/airflow/example_dags/example_complex.py took 0.100 seconds
[2025-06-17T04:25:00.157+0300] {processor.py:157} INFO - Started process (PID=19966) to work on /home/qwerty/.local/lib/python3.10/site-packages/airflow/example_dags/example_complex.py
[2025-06-17T04:25:00.160+0300] {processor.py:829} INFO - Processing file /home/qwerty/.local/lib/python3.10/site-packages/airflow/example_dags/example_complex.py for tasks to queue
[2025-06-17T04:25:00.161+0300] {logging_mixin.py:151} INFO - [2025-06-17T04:25:00.161+0300] {dagbag.py:539} INFO - Filling up the DagBag from /home/qwerty/.local/lib/python3.10/site-packages/airflow/example_dags/example_complex.py
[2025-06-17T04:25:00.175+0300] {processor.py:839} INFO - DAG(s) dict_keys(['example_complex']) retrieved from /home/qwerty/.local/lib/python3.10/site-packages/airflow/example_dags/example_complex.py
[2025-06-17T04:25:00.207+0300] {logging_mixin.py:151} INFO - [2025-06-17T04:25:00.206+0300] {dag.py:2915} INFO - Sync 1 DAGs
[2025-06-17T04:25:00.221+0300] {logging_mixin.py:151} INFO - [2025-06-17T04:25:00.220+0300] {dag.py:3696} INFO - Setting next_dagrun for example_complex to None, run_after=None
[2025-06-17T04:25:00.249+0300] {processor.py:179} INFO - Processing /home/qwerty/.local/lib/python3.10/site-packages/airflow/example_dags/example_complex.py took 0.103 seconds
[2025-06-17T04:26:12.870+0300] {processor.py:157} INFO - Started process (PID=20036) to work on /home/qwerty/.local/lib/python3.10/site-packages/airflow/example_dags/example_complex.py
[2025-06-17T04:26:12.879+0300] {processor.py:829} INFO - Processing file /home/qwerty/.local/lib/python3.10/site-packages/airflow/example_dags/example_complex.py for tasks to queue
[2025-06-17T04:26:12.882+0300] {logging_mixin.py:151} INFO - [2025-06-17T04:26:12.881+0300] {dagbag.py:539} INFO - Filling up the DagBag from /home/qwerty/.local/lib/python3.10/site-packages/airflow/example_dags/example_complex.py
[2025-06-17T04:26:12.904+0300] {processor.py:839} INFO - DAG(s) dict_keys(['example_complex']) retrieved from /home/qwerty/.local/lib/python3.10/site-packages/airflow/example_dags/example_complex.py
[2025-06-17T04:26:12.943+0300] {logging_mixin.py:151} INFO - [2025-06-17T04:26:12.942+0300] {dag.py:2915} INFO - Sync 1 DAGs
[2025-06-17T04:26:12.963+0300] {logging_mixin.py:151} INFO - [2025-06-17T04:26:12.963+0300] {dag.py:3696} INFO - Setting next_dagrun for example_complex to None, run_after=None
[2025-06-17T04:26:13.073+0300] {processor.py:179} INFO - Processing /home/qwerty/.local/lib/python3.10/site-packages/airflow/example_dags/example_complex.py took 0.213 seconds
[2025-06-17T04:27:29.013+0300] {processor.py:157} INFO - Started process (PID=20106) to work on /home/qwerty/.local/lib/python3.10/site-packages/airflow/example_dags/example_complex.py
[2025-06-17T04:27:29.016+0300] {processor.py:829} INFO - Processing file /home/qwerty/.local/lib/python3.10/site-packages/airflow/example_dags/example_complex.py for tasks to queue
[2025-06-17T04:27:29.019+0300] {logging_mixin.py:151} INFO - [2025-06-17T04:27:29.018+0300] {dagbag.py:539} INFO - Filling up the DagBag from /home/qwerty/.local/lib/python3.10/site-packages/airflow/example_dags/example_complex.py
[2025-06-17T04:27:29.039+0300] {processor.py:839} INFO - DAG(s) dict_keys(['example_complex']) retrieved from /home/qwerty/.local/lib/python3.10/site-packages/airflow/example_dags/example_complex.py
[2025-06-17T04:27:29.069+0300] {logging_mixin.py:151} INFO - [2025-06-17T04:27:29.069+0300] {dag.py:2915} INFO - Sync 1 DAGs
[2025-06-17T04:27:29.083+0300] {logging_mixin.py:151} INFO - [2025-06-17T04:27:29.083+0300] {dag.py:3696} INFO - Setting next_dagrun for example_complex to None, run_after=None
[2025-06-17T04:27:29.111+0300] {processor.py:179} INFO - Processing /home/qwerty/.local/lib/python3.10/site-packages/airflow/example_dags/example_complex.py took 0.109 seconds
[2025-06-17T04:28:44.429+0300] {processor.py:157} INFO - Started process (PID=20216) to work on /home/qwerty/.local/lib/python3.10/site-packages/airflow/example_dags/example_complex.py
[2025-06-17T04:28:44.430+0300] {processor.py:829} INFO - Processing file /home/qwerty/.local/lib/python3.10/site-packages/airflow/example_dags/example_complex.py for tasks to queue
[2025-06-17T04:28:44.432+0300] {logging_mixin.py:151} INFO - [2025-06-17T04:28:44.431+0300] {dagbag.py:539} INFO - Filling up the DagBag from /home/qwerty/.local/lib/python3.10/site-packages/airflow/example_dags/example_complex.py
[2025-06-17T04:28:44.446+0300] {processor.py:839} INFO - DAG(s) dict_keys(['example_complex']) retrieved from /home/qwerty/.local/lib/python3.10/site-packages/airflow/example_dags/example_complex.py
[2025-06-17T04:28:44.478+0300] {logging_mixin.py:151} INFO - [2025-06-17T04:28:44.477+0300] {dag.py:2915} INFO - Sync 1 DAGs
[2025-06-17T04:28:44.492+0300] {logging_mixin.py:151} INFO - [2025-06-17T04:28:44.492+0300] {dag.py:3696} INFO - Setting next_dagrun for example_complex to None, run_after=None
[2025-06-17T04:28:44.520+0300] {processor.py:179} INFO - Processing /home/qwerty/.local/lib/python3.10/site-packages/airflow/example_dags/example_complex.py took 0.096 seconds
[2025-06-17T04:29:44.074+0300] {processor.py:157} INFO - Started process (PID=20278) to work on /home/qwerty/.local/lib/python3.10/site-packages/airflow/example_dags/example_complex.py
[2025-06-17T04:29:44.078+0300] {processor.py:829} INFO - Processing file /home/qwerty/.local/lib/python3.10/site-packages/airflow/example_dags/example_complex.py for tasks to queue
[2025-06-17T04:29:44.080+0300] {logging_mixin.py:151} INFO - [2025-06-17T04:29:44.079+0300] {dagbag.py:539} INFO - Filling up the DagBag from /home/qwerty/.local/lib/python3.10/site-packages/airflow/example_dags/example_complex.py
[2025-06-17T04:29:44.101+0300] {processor.py:839} INFO - DAG(s) dict_keys(['example_complex']) retrieved from /home/qwerty/.local/lib/python3.10/site-packages/airflow/example_dags/example_complex.py
[2025-06-17T04:29:44.130+0300] {logging_mixin.py:151} INFO - [2025-06-17T04:29:44.130+0300] {dag.py:2915} INFO - Sync 1 DAGs
[2025-06-17T04:29:44.143+0300] {logging_mixin.py:151} INFO - [2025-06-17T04:29:44.143+0300] {dag.py:3696} INFO - Setting next_dagrun for example_complex to None, run_after=None
[2025-06-17T04:29:44.171+0300] {processor.py:179} INFO - Processing /home/qwerty/.local/lib/python3.10/site-packages/airflow/example_dags/example_complex.py took 0.110 seconds
[2025-06-17T04:30:41.075+0300] {processor.py:157} INFO - Started process (PID=20339) to work on /home/qwerty/.local/lib/python3.10/site-packages/airflow/example_dags/example_complex.py
[2025-06-17T04:30:41.078+0300] {processor.py:829} INFO - Processing file /home/qwerty/.local/lib/python3.10/site-packages/airflow/example_dags/example_complex.py for tasks to queue
[2025-06-17T04:30:41.080+0300] {logging_mixin.py:151} INFO - [2025-06-17T04:30:41.079+0300] {dagbag.py:539} INFO - Filling up the DagBag from /home/qwerty/.local/lib/python3.10/site-packages/airflow/example_dags/example_complex.py
[2025-06-17T04:30:41.106+0300] {processor.py:839} INFO - DAG(s) dict_keys(['example_complex']) retrieved from /home/qwerty/.local/lib/python3.10/site-packages/airflow/example_dags/example_complex.py
[2025-06-17T04:30:41.159+0300] {logging_mixin.py:151} INFO - [2025-06-17T04:30:41.159+0300] {dag.py:2915} INFO - Sync 1 DAGs
[2025-06-17T04:30:41.187+0300] {logging_mixin.py:151} INFO - [2025-06-17T04:30:41.187+0300] {dag.py:3696} INFO - Setting next_dagrun for example_complex to None, run_after=None
[2025-06-17T04:30:41.240+0300] {processor.py:179} INFO - Processing /home/qwerty/.local/lib/python3.10/site-packages/airflow/example_dags/example_complex.py took 0.172 seconds
