[2025-06-17T04:08:25.610+0300] {processor.py:157} INFO - Started process (PID=18746) to work on /home/qwerty/.local/lib/python3.10/site-packages/airflow/example_dags/example_dynamic_task_mapping.py
[2025-06-17T04:08:25.612+0300] {processor.py:829} INFO - Processing file /home/qwerty/.local/lib/python3.10/site-packages/airflow/example_dags/example_dynamic_task_mapping.py for tasks to queue
[2025-06-17T04:08:25.617+0300] {logging_mixin.py:151} INFO - [2025-06-17T04:08:25.613+0300] {dagbag.py:539} INFO - Filling up the DagBag from /home/qwerty/.local/lib/python3.10/site-packages/airflow/example_dags/example_dynamic_task_mapping.py
[2025-06-17T04:08:25.638+0300] {processor.py:839} INFO - DAG(s) dict_keys(['example_dynamic_task_mapping']) retrieved from /home/qwerty/.local/lib/python3.10/site-packages/airflow/example_dags/example_dynamic_task_mapping.py
[2025-06-17T04:08:25.681+0300] {logging_mixin.py:151} INFO - [2025-06-17T04:08:25.680+0300] {dag.py:2915} INFO - Sync 1 DAGs
[2025-06-17T04:08:25.768+0300] {logging_mixin.py:151} INFO - [2025-06-17T04:08:25.767+0300] {dag.py:3696} INFO - Setting next_dagrun for example_dynamic_task_mapping to 2022-03-04T00:00:00+00:00, run_after=2022-03-05T00:00:00+00:00
[2025-06-17T04:08:25.832+0300] {processor.py:179} INFO - Processing /home/qwerty/.local/lib/python3.10/site-packages/airflow/example_dags/example_dynamic_task_mapping.py took 0.236 seconds
[2025-06-17T04:09:22.644+0300] {processor.py:157} INFO - Started process (PID=18812) to work on /home/qwerty/.local/lib/python3.10/site-packages/airflow/example_dags/example_dynamic_task_mapping.py
[2025-06-17T04:09:22.646+0300] {processor.py:829} INFO - Processing file /home/qwerty/.local/lib/python3.10/site-packages/airflow/example_dags/example_dynamic_task_mapping.py for tasks to queue
[2025-06-17T04:09:22.647+0300] {logging_mixin.py:151} INFO - [2025-06-17T04:09:22.647+0300] {dagbag.py:539} INFO - Filling up the DagBag from /home/qwerty/.local/lib/python3.10/site-packages/airflow/example_dags/example_dynamic_task_mapping.py
[2025-06-17T04:09:22.659+0300] {processor.py:839} INFO - DAG(s) dict_keys(['example_dynamic_task_mapping']) retrieved from /home/qwerty/.local/lib/python3.10/site-packages/airflow/example_dags/example_dynamic_task_mapping.py
[2025-06-17T04:09:22.683+0300] {logging_mixin.py:151} INFO - [2025-06-17T04:09:22.683+0300] {dag.py:2915} INFO - Sync 1 DAGs
[2025-06-17T04:09:22.715+0300] {logging_mixin.py:151} INFO - [2025-06-17T04:09:22.715+0300] {dag.py:3696} INFO - Setting next_dagrun for example_dynamic_task_mapping to 2022-03-04T00:00:00+00:00, run_after=2022-03-05T00:00:00+00:00
[2025-06-17T04:09:22.753+0300] {processor.py:179} INFO - Processing /home/qwerty/.local/lib/python3.10/site-packages/airflow/example_dags/example_dynamic_task_mapping.py took 0.115 seconds
[2025-06-17T04:10:19.256+0300] {processor.py:157} INFO - Started process (PID=18866) to work on /home/qwerty/.local/lib/python3.10/site-packages/airflow/example_dags/example_dynamic_task_mapping.py
[2025-06-17T04:10:19.262+0300] {processor.py:829} INFO - Processing file /home/qwerty/.local/lib/python3.10/site-packages/airflow/example_dags/example_dynamic_task_mapping.py for tasks to queue
[2025-06-17T04:10:19.264+0300] {logging_mixin.py:151} INFO - [2025-06-17T04:10:19.263+0300] {dagbag.py:539} INFO - Filling up the DagBag from /home/qwerty/.local/lib/python3.10/site-packages/airflow/example_dags/example_dynamic_task_mapping.py
[2025-06-17T04:10:19.278+0300] {processor.py:839} INFO - DAG(s) dict_keys(['example_dynamic_task_mapping']) retrieved from /home/qwerty/.local/lib/python3.10/site-packages/airflow/example_dags/example_dynamic_task_mapping.py
[2025-06-17T04:10:19.315+0300] {logging_mixin.py:151} INFO - [2025-06-17T04:10:19.315+0300] {dag.py:2915} INFO - Sync 1 DAGs
[2025-06-17T04:10:19.358+0300] {logging_mixin.py:151} INFO - [2025-06-17T04:10:19.358+0300] {dag.py:3696} INFO - Setting next_dagrun for example_dynamic_task_mapping to 2022-03-04T00:00:00+00:00, run_after=2022-03-05T00:00:00+00:00
[2025-06-17T04:10:19.402+0300] {processor.py:179} INFO - Processing /home/qwerty/.local/lib/python3.10/site-packages/airflow/example_dags/example_dynamic_task_mapping.py took 0.153 seconds
[2025-06-17T04:11:16.185+0300] {processor.py:157} INFO - Started process (PID=18916) to work on /home/qwerty/.local/lib/python3.10/site-packages/airflow/example_dags/example_dynamic_task_mapping.py
[2025-06-17T04:11:16.190+0300] {processor.py:829} INFO - Processing file /home/qwerty/.local/lib/python3.10/site-packages/airflow/example_dags/example_dynamic_task_mapping.py for tasks to queue
[2025-06-17T04:11:16.192+0300] {logging_mixin.py:151} INFO - [2025-06-17T04:11:16.191+0300] {dagbag.py:539} INFO - Filling up the DagBag from /home/qwerty/.local/lib/python3.10/site-packages/airflow/example_dags/example_dynamic_task_mapping.py
[2025-06-17T04:11:16.206+0300] {processor.py:839} INFO - DAG(s) dict_keys(['example_dynamic_task_mapping']) retrieved from /home/qwerty/.local/lib/python3.10/site-packages/airflow/example_dags/example_dynamic_task_mapping.py
[2025-06-17T04:11:16.233+0300] {logging_mixin.py:151} INFO - [2025-06-17T04:11:16.232+0300] {dag.py:2915} INFO - Sync 1 DAGs
[2025-06-17T04:11:16.266+0300] {logging_mixin.py:151} INFO - [2025-06-17T04:11:16.266+0300] {dag.py:3696} INFO - Setting next_dagrun for example_dynamic_task_mapping to 2022-03-04T00:00:00+00:00, run_after=2022-03-05T00:00:00+00:00
[2025-06-17T04:11:16.307+0300] {processor.py:179} INFO - Processing /home/qwerty/.local/lib/python3.10/site-packages/airflow/example_dags/example_dynamic_task_mapping.py took 0.132 seconds
[2025-06-17T04:12:14.770+0300] {processor.py:157} INFO - Started process (PID=18995) to work on /home/qwerty/.local/lib/python3.10/site-packages/airflow/example_dags/example_dynamic_task_mapping.py
[2025-06-17T04:12:14.773+0300] {processor.py:829} INFO - Processing file /home/qwerty/.local/lib/python3.10/site-packages/airflow/example_dags/example_dynamic_task_mapping.py for tasks to queue
[2025-06-17T04:12:14.777+0300] {logging_mixin.py:151} INFO - [2025-06-17T04:12:14.776+0300] {dagbag.py:539} INFO - Filling up the DagBag from /home/qwerty/.local/lib/python3.10/site-packages/airflow/example_dags/example_dynamic_task_mapping.py
[2025-06-17T04:12:14.787+0300] {processor.py:839} INFO - DAG(s) dict_keys(['example_dynamic_task_mapping']) retrieved from /home/qwerty/.local/lib/python3.10/site-packages/airflow/example_dags/example_dynamic_task_mapping.py
[2025-06-17T04:12:14.813+0300] {logging_mixin.py:151} INFO - [2025-06-17T04:12:14.813+0300] {dag.py:2915} INFO - Sync 1 DAGs
[2025-06-17T04:12:14.848+0300] {logging_mixin.py:151} INFO - [2025-06-17T04:12:14.848+0300] {dag.py:3696} INFO - Setting next_dagrun for example_dynamic_task_mapping to 2022-03-04T00:00:00+00:00, run_after=2022-03-05T00:00:00+00:00
[2025-06-17T04:12:14.904+0300] {processor.py:179} INFO - Processing /home/qwerty/.local/lib/python3.10/site-packages/airflow/example_dags/example_dynamic_task_mapping.py took 0.146 seconds
[2025-06-17T04:13:13.373+0300] {processor.py:157} INFO - Started process (PID=19065) to work on /home/qwerty/.local/lib/python3.10/site-packages/airflow/example_dags/example_dynamic_task_mapping.py
[2025-06-17T04:13:13.374+0300] {processor.py:829} INFO - Processing file /home/qwerty/.local/lib/python3.10/site-packages/airflow/example_dags/example_dynamic_task_mapping.py for tasks to queue
[2025-06-17T04:13:13.375+0300] {logging_mixin.py:151} INFO - [2025-06-17T04:13:13.375+0300] {dagbag.py:539} INFO - Filling up the DagBag from /home/qwerty/.local/lib/python3.10/site-packages/airflow/example_dags/example_dynamic_task_mapping.py
[2025-06-17T04:13:13.385+0300] {processor.py:839} INFO - DAG(s) dict_keys(['example_dynamic_task_mapping']) retrieved from /home/qwerty/.local/lib/python3.10/site-packages/airflow/example_dags/example_dynamic_task_mapping.py
[2025-06-17T04:13:13.407+0300] {logging_mixin.py:151} INFO - [2025-06-17T04:13:13.407+0300] {dag.py:2915} INFO - Sync 1 DAGs
[2025-06-17T04:13:13.436+0300] {logging_mixin.py:151} INFO - [2025-06-17T04:13:13.436+0300] {dag.py:3696} INFO - Setting next_dagrun for example_dynamic_task_mapping to 2022-03-04T00:00:00+00:00, run_after=2022-03-05T00:00:00+00:00
[2025-06-17T04:13:13.470+0300] {processor.py:179} INFO - Processing /home/qwerty/.local/lib/python3.10/site-packages/airflow/example_dags/example_dynamic_task_mapping.py took 0.103 seconds
[2025-06-17T04:14:10.162+0300] {processor.py:157} INFO - Started process (PID=19115) to work on /home/qwerty/.local/lib/python3.10/site-packages/airflow/example_dags/example_dynamic_task_mapping.py
[2025-06-17T04:14:10.166+0300] {processor.py:829} INFO - Processing file /home/qwerty/.local/lib/python3.10/site-packages/airflow/example_dags/example_dynamic_task_mapping.py for tasks to queue
[2025-06-17T04:14:10.168+0300] {logging_mixin.py:151} INFO - [2025-06-17T04:14:10.167+0300] {dagbag.py:539} INFO - Filling up the DagBag from /home/qwerty/.local/lib/python3.10/site-packages/airflow/example_dags/example_dynamic_task_mapping.py
[2025-06-17T04:14:10.178+0300] {processor.py:839} INFO - DAG(s) dict_keys(['example_dynamic_task_mapping']) retrieved from /home/qwerty/.local/lib/python3.10/site-packages/airflow/example_dags/example_dynamic_task_mapping.py
[2025-06-17T04:14:10.206+0300] {logging_mixin.py:151} INFO - [2025-06-17T04:14:10.206+0300] {dag.py:2915} INFO - Sync 1 DAGs
[2025-06-17T04:14:10.239+0300] {logging_mixin.py:151} INFO - [2025-06-17T04:14:10.238+0300] {dag.py:3696} INFO - Setting next_dagrun for example_dynamic_task_mapping to 2022-03-04T00:00:00+00:00, run_after=2022-03-05T00:00:00+00:00
[2025-06-17T04:14:10.280+0300] {processor.py:179} INFO - Processing /home/qwerty/.local/lib/python3.10/site-packages/airflow/example_dags/example_dynamic_task_mapping.py took 0.125 seconds
[2025-06-17T04:15:13.679+0300] {processor.py:157} INFO - Started process (PID=19177) to work on /home/qwerty/.local/lib/python3.10/site-packages/airflow/example_dags/example_dynamic_task_mapping.py
[2025-06-17T04:15:13.686+0300] {processor.py:829} INFO - Processing file /home/qwerty/.local/lib/python3.10/site-packages/airflow/example_dags/example_dynamic_task_mapping.py for tasks to queue
[2025-06-17T04:15:13.688+0300] {logging_mixin.py:151} INFO - [2025-06-17T04:15:13.688+0300] {dagbag.py:539} INFO - Filling up the DagBag from /home/qwerty/.local/lib/python3.10/site-packages/airflow/example_dags/example_dynamic_task_mapping.py
[2025-06-17T04:15:13.708+0300] {processor.py:839} INFO - DAG(s) dict_keys(['example_dynamic_task_mapping']) retrieved from /home/qwerty/.local/lib/python3.10/site-packages/airflow/example_dags/example_dynamic_task_mapping.py
[2025-06-17T04:15:13.738+0300] {logging_mixin.py:151} INFO - [2025-06-17T04:15:13.738+0300] {dag.py:2915} INFO - Sync 1 DAGs
[2025-06-17T04:15:13.772+0300] {logging_mixin.py:151} INFO - [2025-06-17T04:15:13.772+0300] {dag.py:3696} INFO - Setting next_dagrun for example_dynamic_task_mapping to 2022-03-04T00:00:00+00:00, run_after=2022-03-05T00:00:00+00:00
[2025-06-17T04:15:13.812+0300] {processor.py:179} INFO - Processing /home/qwerty/.local/lib/python3.10/site-packages/airflow/example_dags/example_dynamic_task_mapping.py took 0.141 seconds
[2025-06-17T04:16:13.081+0300] {processor.py:157} INFO - Started process (PID=19230) to work on /home/qwerty/.local/lib/python3.10/site-packages/airflow/example_dags/example_dynamic_task_mapping.py
[2025-06-17T04:16:13.086+0300] {processor.py:829} INFO - Processing file /home/qwerty/.local/lib/python3.10/site-packages/airflow/example_dags/example_dynamic_task_mapping.py for tasks to queue
[2025-06-17T04:16:13.088+0300] {logging_mixin.py:151} INFO - [2025-06-17T04:16:13.087+0300] {dagbag.py:539} INFO - Filling up the DagBag from /home/qwerty/.local/lib/python3.10/site-packages/airflow/example_dags/example_dynamic_task_mapping.py
[2025-06-17T04:16:13.104+0300] {processor.py:839} INFO - DAG(s) dict_keys(['example_dynamic_task_mapping']) retrieved from /home/qwerty/.local/lib/python3.10/site-packages/airflow/example_dags/example_dynamic_task_mapping.py
[2025-06-17T04:16:13.142+0300] {logging_mixin.py:151} INFO - [2025-06-17T04:16:13.142+0300] {dag.py:2915} INFO - Sync 1 DAGs
[2025-06-17T04:16:13.196+0300] {logging_mixin.py:151} INFO - [2025-06-17T04:16:13.195+0300] {dag.py:3696} INFO - Setting next_dagrun for example_dynamic_task_mapping to 2022-03-04T00:00:00+00:00, run_after=2022-03-05T00:00:00+00:00
[2025-06-17T04:16:13.253+0300] {processor.py:179} INFO - Processing /home/qwerty/.local/lib/python3.10/site-packages/airflow/example_dags/example_dynamic_task_mapping.py took 0.179 seconds
[2025-06-17T04:17:08.682+0300] {processor.py:157} INFO - Started process (PID=19317) to work on /home/qwerty/.local/lib/python3.10/site-packages/airflow/example_dags/example_dynamic_task_mapping.py
[2025-06-17T04:17:08.687+0300] {processor.py:829} INFO - Processing file /home/qwerty/.local/lib/python3.10/site-packages/airflow/example_dags/example_dynamic_task_mapping.py for tasks to queue
[2025-06-17T04:17:08.689+0300] {logging_mixin.py:151} INFO - [2025-06-17T04:17:08.688+0300] {dagbag.py:539} INFO - Filling up the DagBag from /home/qwerty/.local/lib/python3.10/site-packages/airflow/example_dags/example_dynamic_task_mapping.py
[2025-06-17T04:17:08.698+0300] {processor.py:839} INFO - DAG(s) dict_keys(['example_dynamic_task_mapping']) retrieved from /home/qwerty/.local/lib/python3.10/site-packages/airflow/example_dags/example_dynamic_task_mapping.py
[2025-06-17T04:17:08.717+0300] {logging_mixin.py:151} INFO - [2025-06-17T04:17:08.717+0300] {dag.py:2915} INFO - Sync 1 DAGs
[2025-06-17T04:17:08.742+0300] {logging_mixin.py:151} INFO - [2025-06-17T04:17:08.742+0300] {dag.py:3696} INFO - Setting next_dagrun for example_dynamic_task_mapping to 2022-03-04T00:00:00+00:00, run_after=2022-03-05T00:00:00+00:00
[2025-06-17T04:17:08.781+0300] {processor.py:179} INFO - Processing /home/qwerty/.local/lib/python3.10/site-packages/airflow/example_dags/example_dynamic_task_mapping.py took 0.110 seconds
[2025-06-17T04:18:32.014+0300] {processor.py:157} INFO - Started process (PID=19407) to work on /home/qwerty/.local/lib/python3.10/site-packages/airflow/example_dags/example_dynamic_task_mapping.py
[2025-06-17T04:18:32.017+0300] {processor.py:829} INFO - Processing file /home/qwerty/.local/lib/python3.10/site-packages/airflow/example_dags/example_dynamic_task_mapping.py for tasks to queue
[2025-06-17T04:18:32.019+0300] {logging_mixin.py:151} INFO - [2025-06-17T04:18:32.018+0300] {dagbag.py:539} INFO - Filling up the DagBag from /home/qwerty/.local/lib/python3.10/site-packages/airflow/example_dags/example_dynamic_task_mapping.py
[2025-06-17T04:18:32.034+0300] {processor.py:839} INFO - DAG(s) dict_keys(['example_dynamic_task_mapping']) retrieved from /home/qwerty/.local/lib/python3.10/site-packages/airflow/example_dags/example_dynamic_task_mapping.py
[2025-06-17T04:18:32.053+0300] {logging_mixin.py:151} INFO - [2025-06-17T04:18:32.052+0300] {dag.py:2915} INFO - Sync 1 DAGs
[2025-06-17T04:18:32.078+0300] {logging_mixin.py:151} INFO - [2025-06-17T04:18:32.078+0300] {dag.py:3696} INFO - Setting next_dagrun for example_dynamic_task_mapping to 2022-03-04T00:00:00+00:00, run_after=2022-03-05T00:00:00+00:00
[2025-06-17T04:18:32.108+0300] {processor.py:179} INFO - Processing /home/qwerty/.local/lib/python3.10/site-packages/airflow/example_dags/example_dynamic_task_mapping.py took 0.105 seconds
[2025-06-17T04:19:30.894+0300] {processor.py:157} INFO - Started process (PID=19511) to work on /home/qwerty/.local/lib/python3.10/site-packages/airflow/example_dags/example_dynamic_task_mapping.py
[2025-06-17T04:19:30.895+0300] {processor.py:829} INFO - Processing file /home/qwerty/.local/lib/python3.10/site-packages/airflow/example_dags/example_dynamic_task_mapping.py for tasks to queue
[2025-06-17T04:19:30.897+0300] {logging_mixin.py:151} INFO - [2025-06-17T04:19:30.897+0300] {dagbag.py:539} INFO - Filling up the DagBag from /home/qwerty/.local/lib/python3.10/site-packages/airflow/example_dags/example_dynamic_task_mapping.py
[2025-06-17T04:19:30.912+0300] {processor.py:839} INFO - DAG(s) dict_keys(['example_dynamic_task_mapping']) retrieved from /home/qwerty/.local/lib/python3.10/site-packages/airflow/example_dags/example_dynamic_task_mapping.py
[2025-06-17T04:19:30.938+0300] {logging_mixin.py:151} INFO - [2025-06-17T04:19:30.938+0300] {dag.py:2915} INFO - Sync 1 DAGs
[2025-06-17T04:19:30.975+0300] {logging_mixin.py:151} INFO - [2025-06-17T04:19:30.975+0300] {dag.py:3696} INFO - Setting next_dagrun for example_dynamic_task_mapping to 2022-03-04T00:00:00+00:00, run_after=2022-03-05T00:00:00+00:00
[2025-06-17T04:19:31.013+0300] {processor.py:179} INFO - Processing /home/qwerty/.local/lib/python3.10/site-packages/airflow/example_dags/example_dynamic_task_mapping.py took 0.126 seconds
[2025-06-17T04:20:48.481+0300] {processor.py:157} INFO - Started process (PID=19594) to work on /home/qwerty/.local/lib/python3.10/site-packages/airflow/example_dags/example_dynamic_task_mapping.py
[2025-06-17T04:20:48.485+0300] {processor.py:829} INFO - Processing file /home/qwerty/.local/lib/python3.10/site-packages/airflow/example_dags/example_dynamic_task_mapping.py for tasks to queue
[2025-06-17T04:20:48.488+0300] {logging_mixin.py:151} INFO - [2025-06-17T04:20:48.486+0300] {dagbag.py:539} INFO - Filling up the DagBag from /home/qwerty/.local/lib/python3.10/site-packages/airflow/example_dags/example_dynamic_task_mapping.py
[2025-06-17T04:20:48.512+0300] {processor.py:839} INFO - DAG(s) dict_keys(['example_dynamic_task_mapping']) retrieved from /home/qwerty/.local/lib/python3.10/site-packages/airflow/example_dags/example_dynamic_task_mapping.py
[2025-06-17T04:20:48.543+0300] {logging_mixin.py:151} INFO - [2025-06-17T04:20:48.543+0300] {dag.py:2915} INFO - Sync 1 DAGs
[2025-06-17T04:20:48.566+0300] {logging_mixin.py:151} INFO - [2025-06-17T04:20:48.566+0300] {dag.py:3696} INFO - Setting next_dagrun for example_dynamic_task_mapping to 2022-03-04T00:00:00+00:00, run_after=2022-03-05T00:00:00+00:00
[2025-06-17T04:20:48.608+0300] {processor.py:179} INFO - Processing /home/qwerty/.local/lib/python3.10/site-packages/airflow/example_dags/example_dynamic_task_mapping.py took 0.138 seconds
[2025-06-17T04:21:44.006+0300] {processor.py:157} INFO - Started process (PID=19682) to work on /home/qwerty/.local/lib/python3.10/site-packages/airflow/example_dags/example_dynamic_task_mapping.py
[2025-06-17T04:21:44.007+0300] {processor.py:829} INFO - Processing file /home/qwerty/.local/lib/python3.10/site-packages/airflow/example_dags/example_dynamic_task_mapping.py for tasks to queue
[2025-06-17T04:21:44.009+0300] {logging_mixin.py:151} INFO - [2025-06-17T04:21:44.008+0300] {dagbag.py:539} INFO - Filling up the DagBag from /home/qwerty/.local/lib/python3.10/site-packages/airflow/example_dags/example_dynamic_task_mapping.py
[2025-06-17T04:21:44.020+0300] {processor.py:839} INFO - DAG(s) dict_keys(['example_dynamic_task_mapping']) retrieved from /home/qwerty/.local/lib/python3.10/site-packages/airflow/example_dags/example_dynamic_task_mapping.py
[2025-06-17T04:21:44.045+0300] {logging_mixin.py:151} INFO - [2025-06-17T04:21:44.045+0300] {dag.py:2915} INFO - Sync 1 DAGs
[2025-06-17T04:21:44.070+0300] {logging_mixin.py:151} INFO - [2025-06-17T04:21:44.070+0300] {dag.py:3696} INFO - Setting next_dagrun for example_dynamic_task_mapping to 2022-03-04T00:00:00+00:00, run_after=2022-03-05T00:00:00+00:00
[2025-06-17T04:21:44.102+0300] {processor.py:179} INFO - Processing /home/qwerty/.local/lib/python3.10/site-packages/airflow/example_dags/example_dynamic_task_mapping.py took 0.101 seconds
[2025-06-17T04:22:41.820+0300] {processor.py:157} INFO - Started process (PID=19764) to work on /home/qwerty/.local/lib/python3.10/site-packages/airflow/example_dags/example_dynamic_task_mapping.py
[2025-06-17T04:22:41.821+0300] {processor.py:829} INFO - Processing file /home/qwerty/.local/lib/python3.10/site-packages/airflow/example_dags/example_dynamic_task_mapping.py for tasks to queue
[2025-06-17T04:22:41.823+0300] {logging_mixin.py:151} INFO - [2025-06-17T04:22:41.822+0300] {dagbag.py:539} INFO - Filling up the DagBag from /home/qwerty/.local/lib/python3.10/site-packages/airflow/example_dags/example_dynamic_task_mapping.py
[2025-06-17T04:22:41.835+0300] {processor.py:839} INFO - DAG(s) dict_keys(['example_dynamic_task_mapping']) retrieved from /home/qwerty/.local/lib/python3.10/site-packages/airflow/example_dags/example_dynamic_task_mapping.py
[2025-06-17T04:22:41.861+0300] {logging_mixin.py:151} INFO - [2025-06-17T04:22:41.860+0300] {dag.py:2915} INFO - Sync 1 DAGs
[2025-06-17T04:22:41.884+0300] {logging_mixin.py:151} INFO - [2025-06-17T04:22:41.883+0300] {dag.py:3696} INFO - Setting next_dagrun for example_dynamic_task_mapping to 2022-03-04T00:00:00+00:00, run_after=2022-03-05T00:00:00+00:00
[2025-06-17T04:22:41.910+0300] {processor.py:179} INFO - Processing /home/qwerty/.local/lib/python3.10/site-packages/airflow/example_dags/example_dynamic_task_mapping.py took 0.096 seconds
[2025-06-17T04:23:39.706+0300] {processor.py:157} INFO - Started process (PID=19844) to work on /home/qwerty/.local/lib/python3.10/site-packages/airflow/example_dags/example_dynamic_task_mapping.py
[2025-06-17T04:23:39.709+0300] {processor.py:829} INFO - Processing file /home/qwerty/.local/lib/python3.10/site-packages/airflow/example_dags/example_dynamic_task_mapping.py for tasks to queue
[2025-06-17T04:23:39.710+0300] {logging_mixin.py:151} INFO - [2025-06-17T04:23:39.710+0300] {dagbag.py:539} INFO - Filling up the DagBag from /home/qwerty/.local/lib/python3.10/site-packages/airflow/example_dags/example_dynamic_task_mapping.py
[2025-06-17T04:23:39.732+0300] {processor.py:839} INFO - DAG(s) dict_keys(['example_dynamic_task_mapping']) retrieved from /home/qwerty/.local/lib/python3.10/site-packages/airflow/example_dags/example_dynamic_task_mapping.py
[2025-06-17T04:23:39.756+0300] {logging_mixin.py:151} INFO - [2025-06-17T04:23:39.756+0300] {dag.py:2915} INFO - Sync 1 DAGs
[2025-06-17T04:23:39.779+0300] {logging_mixin.py:151} INFO - [2025-06-17T04:23:39.779+0300] {dag.py:3696} INFO - Setting next_dagrun for example_dynamic_task_mapping to 2022-03-04T00:00:00+00:00, run_after=2022-03-05T00:00:00+00:00
[2025-06-17T04:23:39.820+0300] {processor.py:179} INFO - Processing /home/qwerty/.local/lib/python3.10/site-packages/airflow/example_dags/example_dynamic_task_mapping.py took 0.125 seconds
[2025-06-17T04:24:59.024+0300] {processor.py:157} INFO - Started process (PID=19965) to work on /home/qwerty/.local/lib/python3.10/site-packages/airflow/example_dags/example_dynamic_task_mapping.py
[2025-06-17T04:24:59.029+0300] {processor.py:829} INFO - Processing file /home/qwerty/.local/lib/python3.10/site-packages/airflow/example_dags/example_dynamic_task_mapping.py for tasks to queue
[2025-06-17T04:24:59.032+0300] {logging_mixin.py:151} INFO - [2025-06-17T04:24:59.031+0300] {dagbag.py:539} INFO - Filling up the DagBag from /home/qwerty/.local/lib/python3.10/site-packages/airflow/example_dags/example_dynamic_task_mapping.py
[2025-06-17T04:24:59.056+0300] {processor.py:839} INFO - DAG(s) dict_keys(['example_dynamic_task_mapping']) retrieved from /home/qwerty/.local/lib/python3.10/site-packages/airflow/example_dags/example_dynamic_task_mapping.py
[2025-06-17T04:24:59.079+0300] {logging_mixin.py:151} INFO - [2025-06-17T04:24:59.079+0300] {dag.py:2915} INFO - Sync 1 DAGs
[2025-06-17T04:24:59.103+0300] {logging_mixin.py:151} INFO - [2025-06-17T04:24:59.102+0300] {dag.py:3696} INFO - Setting next_dagrun for example_dynamic_task_mapping to 2022-03-04T00:00:00+00:00, run_after=2022-03-05T00:00:00+00:00
[2025-06-17T04:24:59.148+0300] {processor.py:179} INFO - Processing /home/qwerty/.local/lib/python3.10/site-packages/airflow/example_dags/example_dynamic_task_mapping.py took 0.135 seconds
[2025-06-17T04:26:11.658+0300] {processor.py:157} INFO - Started process (PID=20035) to work on /home/qwerty/.local/lib/python3.10/site-packages/airflow/example_dags/example_dynamic_task_mapping.py
[2025-06-17T04:26:11.661+0300] {processor.py:829} INFO - Processing file /home/qwerty/.local/lib/python3.10/site-packages/airflow/example_dags/example_dynamic_task_mapping.py for tasks to queue
[2025-06-17T04:26:11.663+0300] {logging_mixin.py:151} INFO - [2025-06-17T04:26:11.662+0300] {dagbag.py:539} INFO - Filling up the DagBag from /home/qwerty/.local/lib/python3.10/site-packages/airflow/example_dags/example_dynamic_task_mapping.py
[2025-06-17T04:26:11.680+0300] {processor.py:839} INFO - DAG(s) dict_keys(['example_dynamic_task_mapping']) retrieved from /home/qwerty/.local/lib/python3.10/site-packages/airflow/example_dags/example_dynamic_task_mapping.py
[2025-06-17T04:26:11.714+0300] {logging_mixin.py:151} INFO - [2025-06-17T04:26:11.714+0300] {dag.py:2915} INFO - Sync 1 DAGs
[2025-06-17T04:26:11.750+0300] {logging_mixin.py:151} INFO - [2025-06-17T04:26:11.750+0300] {dag.py:3696} INFO - Setting next_dagrun for example_dynamic_task_mapping to 2022-03-04T00:00:00+00:00, run_after=2022-03-05T00:00:00+00:00
[2025-06-17T04:26:11.804+0300] {processor.py:179} INFO - Processing /home/qwerty/.local/lib/python3.10/site-packages/airflow/example_dags/example_dynamic_task_mapping.py took 0.154 seconds
[2025-06-17T04:27:27.630+0300] {processor.py:157} INFO - Started process (PID=20105) to work on /home/qwerty/.local/lib/python3.10/site-packages/airflow/example_dags/example_dynamic_task_mapping.py
[2025-06-17T04:27:27.634+0300] {processor.py:829} INFO - Processing file /home/qwerty/.local/lib/python3.10/site-packages/airflow/example_dags/example_dynamic_task_mapping.py for tasks to queue
[2025-06-17T04:27:27.637+0300] {logging_mixin.py:151} INFO - [2025-06-17T04:27:27.636+0300] {dagbag.py:539} INFO - Filling up the DagBag from /home/qwerty/.local/lib/python3.10/site-packages/airflow/example_dags/example_dynamic_task_mapping.py
[2025-06-17T04:27:27.656+0300] {processor.py:839} INFO - DAG(s) dict_keys(['example_dynamic_task_mapping']) retrieved from /home/qwerty/.local/lib/python3.10/site-packages/airflow/example_dags/example_dynamic_task_mapping.py
[2025-06-17T04:27:27.674+0300] {logging_mixin.py:151} INFO - [2025-06-17T04:27:27.674+0300] {dag.py:2915} INFO - Sync 1 DAGs
[2025-06-17T04:27:27.700+0300] {logging_mixin.py:151} INFO - [2025-06-17T04:27:27.700+0300] {dag.py:3696} INFO - Setting next_dagrun for example_dynamic_task_mapping to 2022-03-04T00:00:00+00:00, run_after=2022-03-05T00:00:00+00:00
[2025-06-17T04:27:27.727+0300] {processor.py:179} INFO - Processing /home/qwerty/.local/lib/python3.10/site-packages/airflow/example_dags/example_dynamic_task_mapping.py took 0.109 seconds
[2025-06-17T04:28:43.878+0300] {processor.py:157} INFO - Started process (PID=20215) to work on /home/qwerty/.local/lib/python3.10/site-packages/airflow/example_dags/example_dynamic_task_mapping.py
[2025-06-17T04:28:43.881+0300] {processor.py:829} INFO - Processing file /home/qwerty/.local/lib/python3.10/site-packages/airflow/example_dags/example_dynamic_task_mapping.py for tasks to queue
[2025-06-17T04:28:43.883+0300] {logging_mixin.py:151} INFO - [2025-06-17T04:28:43.882+0300] {dagbag.py:539} INFO - Filling up the DagBag from /home/qwerty/.local/lib/python3.10/site-packages/airflow/example_dags/example_dynamic_task_mapping.py
[2025-06-17T04:28:43.893+0300] {processor.py:839} INFO - DAG(s) dict_keys(['example_dynamic_task_mapping']) retrieved from /home/qwerty/.local/lib/python3.10/site-packages/airflow/example_dags/example_dynamic_task_mapping.py
[2025-06-17T04:28:43.911+0300] {logging_mixin.py:151} INFO - [2025-06-17T04:28:43.911+0300] {dag.py:2915} INFO - Sync 1 DAGs
[2025-06-17T04:28:43.935+0300] {logging_mixin.py:151} INFO - [2025-06-17T04:28:43.934+0300] {dag.py:3696} INFO - Setting next_dagrun for example_dynamic_task_mapping to 2022-03-04T00:00:00+00:00, run_after=2022-03-05T00:00:00+00:00
[2025-06-17T04:28:43.962+0300] {processor.py:179} INFO - Processing /home/qwerty/.local/lib/python3.10/site-packages/airflow/example_dags/example_dynamic_task_mapping.py took 0.096 seconds
[2025-06-17T04:29:42.758+0300] {processor.py:157} INFO - Started process (PID=20277) to work on /home/qwerty/.local/lib/python3.10/site-packages/airflow/example_dags/example_dynamic_task_mapping.py
[2025-06-17T04:29:42.761+0300] {processor.py:829} INFO - Processing file /home/qwerty/.local/lib/python3.10/site-packages/airflow/example_dags/example_dynamic_task_mapping.py for tasks to queue
[2025-06-17T04:29:42.764+0300] {logging_mixin.py:151} INFO - [2025-06-17T04:29:42.763+0300] {dagbag.py:539} INFO - Filling up the DagBag from /home/qwerty/.local/lib/python3.10/site-packages/airflow/example_dags/example_dynamic_task_mapping.py
[2025-06-17T04:29:42.780+0300] {processor.py:839} INFO - DAG(s) dict_keys(['example_dynamic_task_mapping']) retrieved from /home/qwerty/.local/lib/python3.10/site-packages/airflow/example_dags/example_dynamic_task_mapping.py
[2025-06-17T04:29:42.798+0300] {logging_mixin.py:151} INFO - [2025-06-17T04:29:42.798+0300] {dag.py:2915} INFO - Sync 1 DAGs
[2025-06-17T04:29:42.820+0300] {logging_mixin.py:151} INFO - [2025-06-17T04:29:42.820+0300] {dag.py:3696} INFO - Setting next_dagrun for example_dynamic_task_mapping to 2022-03-04T00:00:00+00:00, run_after=2022-03-05T00:00:00+00:00
[2025-06-17T04:29:42.864+0300] {processor.py:179} INFO - Processing /home/qwerty/.local/lib/python3.10/site-packages/airflow/example_dags/example_dynamic_task_mapping.py took 0.117 seconds
[2025-06-17T04:30:40.695+0300] {processor.py:157} INFO - Started process (PID=20338) to work on /home/qwerty/.local/lib/python3.10/site-packages/airflow/example_dags/example_dynamic_task_mapping.py
[2025-06-17T04:30:40.701+0300] {processor.py:829} INFO - Processing file /home/qwerty/.local/lib/python3.10/site-packages/airflow/example_dags/example_dynamic_task_mapping.py for tasks to queue
[2025-06-17T04:30:40.704+0300] {logging_mixin.py:151} INFO - [2025-06-17T04:30:40.702+0300] {dagbag.py:539} INFO - Filling up the DagBag from /home/qwerty/.local/lib/python3.10/site-packages/airflow/example_dags/example_dynamic_task_mapping.py
[2025-06-17T04:30:40.720+0300] {processor.py:839} INFO - DAG(s) dict_keys(['example_dynamic_task_mapping']) retrieved from /home/qwerty/.local/lib/python3.10/site-packages/airflow/example_dags/example_dynamic_task_mapping.py
[2025-06-17T04:30:40.752+0300] {logging_mixin.py:151} INFO - [2025-06-17T04:30:40.752+0300] {dag.py:2915} INFO - Sync 1 DAGs
[2025-06-17T04:30:40.788+0300] {logging_mixin.py:151} INFO - [2025-06-17T04:30:40.788+0300] {dag.py:3696} INFO - Setting next_dagrun for example_dynamic_task_mapping to 2022-03-04T00:00:00+00:00, run_after=2022-03-05T00:00:00+00:00
[2025-06-17T04:30:40.820+0300] {processor.py:179} INFO - Processing /home/qwerty/.local/lib/python3.10/site-packages/airflow/example_dags/example_dynamic_task_mapping.py took 0.133 seconds
