[2025-06-17T04:07:42.590+0300] {processor.py:157} INFO - Started process (PID=18691) to work on /home/qwerty/.local/lib/python3.10/site-packages/airflow/example_dags/example_sensors.py
[2025-06-17T04:07:42.592+0300] {processor.py:829} INFO - Processing file /home/qwerty/.local/lib/python3.10/site-packages/airflow/example_dags/example_sensors.py for tasks to queue
[2025-06-17T04:07:42.594+0300] {logging_mixin.py:151} INFO - [2025-06-17T04:07:42.593+0300] {dagbag.py:539} INFO - Filling up the DagBag from /home/qwerty/.local/lib/python3.10/site-packages/airflow/example_dags/example_sensors.py
[2025-06-17T04:07:42.611+0300] {processor.py:839} INFO - DAG(s) dict_keys(['example_sensors']) retrieved from /home/qwerty/.local/lib/python3.10/site-packages/airflow/example_dags/example_sensors.py
[2025-06-17T04:07:42.658+0300] {logging_mixin.py:151} INFO - [2025-06-17T04:07:42.658+0300] {dag.py:2915} INFO - Sync 1 DAGs
[2025-06-17T04:07:42.681+0300] {logging_mixin.py:151} INFO - [2025-06-17T04:07:42.681+0300] {dag.py:3696} INFO - Setting next_dagrun for example_sensors to None, run_after=None
[2025-06-17T04:07:42.743+0300] {processor.py:179} INFO - Processing /home/qwerty/.local/lib/python3.10/site-packages/airflow/example_dags/example_sensors.py took 0.160 seconds
[2025-06-17T04:08:43.022+0300] {processor.py:157} INFO - Started process (PID=18771) to work on /home/qwerty/.local/lib/python3.10/site-packages/airflow/example_dags/example_sensors.py
[2025-06-17T04:08:43.027+0300] {processor.py:829} INFO - Processing file /home/qwerty/.local/lib/python3.10/site-packages/airflow/example_dags/example_sensors.py for tasks to queue
[2025-06-17T04:08:43.030+0300] {logging_mixin.py:151} INFO - [2025-06-17T04:08:43.029+0300] {dagbag.py:539} INFO - Filling up the DagBag from /home/qwerty/.local/lib/python3.10/site-packages/airflow/example_dags/example_sensors.py
[2025-06-17T04:08:43.054+0300] {processor.py:839} INFO - DAG(s) dict_keys(['example_sensors']) retrieved from /home/qwerty/.local/lib/python3.10/site-packages/airflow/example_dags/example_sensors.py
[2025-06-17T04:08:43.099+0300] {logging_mixin.py:151} INFO - [2025-06-17T04:08:43.099+0300] {dag.py:2915} INFO - Sync 1 DAGs
[2025-06-17T04:08:43.122+0300] {logging_mixin.py:151} INFO - [2025-06-17T04:08:43.121+0300] {dag.py:3696} INFO - Setting next_dagrun for example_sensors to None, run_after=None
[2025-06-17T04:08:43.162+0300] {processor.py:179} INFO - Processing /home/qwerty/.local/lib/python3.10/site-packages/airflow/example_dags/example_sensors.py took 0.146 seconds
[2025-06-17T04:09:37.817+0300] {processor.py:157} INFO - Started process (PID=18827) to work on /home/qwerty/.local/lib/python3.10/site-packages/airflow/example_dags/example_sensors.py
[2025-06-17T04:09:37.821+0300] {processor.py:829} INFO - Processing file /home/qwerty/.local/lib/python3.10/site-packages/airflow/example_dags/example_sensors.py for tasks to queue
[2025-06-17T04:09:37.824+0300] {logging_mixin.py:151} INFO - [2025-06-17T04:09:37.823+0300] {dagbag.py:539} INFO - Filling up the DagBag from /home/qwerty/.local/lib/python3.10/site-packages/airflow/example_dags/example_sensors.py
[2025-06-17T04:09:37.854+0300] {processor.py:839} INFO - DAG(s) dict_keys(['example_sensors']) retrieved from /home/qwerty/.local/lib/python3.10/site-packages/airflow/example_dags/example_sensors.py
[2025-06-17T04:09:37.889+0300] {logging_mixin.py:151} INFO - [2025-06-17T04:09:37.888+0300] {dag.py:2915} INFO - Sync 1 DAGs
[2025-06-17T04:09:37.909+0300] {logging_mixin.py:151} INFO - [2025-06-17T04:09:37.908+0300] {dag.py:3696} INFO - Setting next_dagrun for example_sensors to None, run_after=None
[2025-06-17T04:09:37.965+0300] {processor.py:179} INFO - Processing /home/qwerty/.local/lib/python3.10/site-packages/airflow/example_dags/example_sensors.py took 0.159 seconds
[2025-06-17T04:10:37.024+0300] {processor.py:157} INFO - Started process (PID=18883) to work on /home/qwerty/.local/lib/python3.10/site-packages/airflow/example_dags/example_sensors.py
[2025-06-17T04:10:37.028+0300] {processor.py:829} INFO - Processing file /home/qwerty/.local/lib/python3.10/site-packages/airflow/example_dags/example_sensors.py for tasks to queue
[2025-06-17T04:10:37.029+0300] {logging_mixin.py:151} INFO - [2025-06-17T04:10:37.029+0300] {dagbag.py:539} INFO - Filling up the DagBag from /home/qwerty/.local/lib/python3.10/site-packages/airflow/example_dags/example_sensors.py
[2025-06-17T04:10:37.048+0300] {processor.py:839} INFO - DAG(s) dict_keys(['example_sensors']) retrieved from /home/qwerty/.local/lib/python3.10/site-packages/airflow/example_dags/example_sensors.py
[2025-06-17T04:10:37.088+0300] {logging_mixin.py:151} INFO - [2025-06-17T04:10:37.087+0300] {dag.py:2915} INFO - Sync 1 DAGs
[2025-06-17T04:10:37.108+0300] {logging_mixin.py:151} INFO - [2025-06-17T04:10:37.107+0300] {dag.py:3696} INFO - Setting next_dagrun for example_sensors to None, run_after=None
[2025-06-17T04:10:37.149+0300] {processor.py:179} INFO - Processing /home/qwerty/.local/lib/python3.10/site-packages/airflow/example_dags/example_sensors.py took 0.133 seconds
[2025-06-17T04:11:33.151+0300] {processor.py:157} INFO - Started process (PID=18932) to work on /home/qwerty/.local/lib/python3.10/site-packages/airflow/example_dags/example_sensors.py
[2025-06-17T04:11:33.156+0300] {processor.py:829} INFO - Processing file /home/qwerty/.local/lib/python3.10/site-packages/airflow/example_dags/example_sensors.py for tasks to queue
[2025-06-17T04:11:33.160+0300] {logging_mixin.py:151} INFO - [2025-06-17T04:11:33.158+0300] {dagbag.py:539} INFO - Filling up the DagBag from /home/qwerty/.local/lib/python3.10/site-packages/airflow/example_dags/example_sensors.py
[2025-06-17T04:11:33.196+0300] {processor.py:839} INFO - DAG(s) dict_keys(['example_sensors']) retrieved from /home/qwerty/.local/lib/python3.10/site-packages/airflow/example_dags/example_sensors.py
[2025-06-17T04:11:33.265+0300] {logging_mixin.py:151} INFO - [2025-06-17T04:11:33.265+0300] {dag.py:2915} INFO - Sync 1 DAGs
[2025-06-17T04:11:33.301+0300] {logging_mixin.py:151} INFO - [2025-06-17T04:11:33.300+0300] {dag.py:3696} INFO - Setting next_dagrun for example_sensors to None, run_after=None
[2025-06-17T04:11:33.361+0300] {processor.py:179} INFO - Processing /home/qwerty/.local/lib/python3.10/site-packages/airflow/example_dags/example_sensors.py took 0.220 seconds
[2025-06-17T04:12:38.573+0300] {processor.py:157} INFO - Started process (PID=19027) to work on /home/qwerty/.local/lib/python3.10/site-packages/airflow/example_dags/example_sensors.py
[2025-06-17T04:12:38.578+0300] {processor.py:829} INFO - Processing file /home/qwerty/.local/lib/python3.10/site-packages/airflow/example_dags/example_sensors.py for tasks to queue
[2025-06-17T04:12:38.581+0300] {logging_mixin.py:151} INFO - [2025-06-17T04:12:38.579+0300] {dagbag.py:539} INFO - Filling up the DagBag from /home/qwerty/.local/lib/python3.10/site-packages/airflow/example_dags/example_sensors.py
[2025-06-17T04:12:38.629+0300] {processor.py:839} INFO - DAG(s) dict_keys(['example_sensors']) retrieved from /home/qwerty/.local/lib/python3.10/site-packages/airflow/example_dags/example_sensors.py
[2025-06-17T04:12:38.708+0300] {logging_mixin.py:151} INFO - [2025-06-17T04:12:38.707+0300] {dag.py:2915} INFO - Sync 1 DAGs
[2025-06-17T04:12:38.749+0300] {logging_mixin.py:151} INFO - [2025-06-17T04:12:38.749+0300] {dag.py:3696} INFO - Setting next_dagrun for example_sensors to None, run_after=None
[2025-06-17T04:12:38.826+0300] {processor.py:179} INFO - Processing /home/qwerty/.local/lib/python3.10/site-packages/airflow/example_dags/example_sensors.py took 0.266 seconds
[2025-06-17T04:13:34.354+0300] {processor.py:157} INFO - Started process (PID=19084) to work on /home/qwerty/.local/lib/python3.10/site-packages/airflow/example_dags/example_sensors.py
[2025-06-17T04:13:34.357+0300] {processor.py:829} INFO - Processing file /home/qwerty/.local/lib/python3.10/site-packages/airflow/example_dags/example_sensors.py for tasks to queue
[2025-06-17T04:13:34.360+0300] {logging_mixin.py:151} INFO - [2025-06-17T04:13:34.358+0300] {dagbag.py:539} INFO - Filling up the DagBag from /home/qwerty/.local/lib/python3.10/site-packages/airflow/example_dags/example_sensors.py
[2025-06-17T04:13:34.377+0300] {processor.py:839} INFO - DAG(s) dict_keys(['example_sensors']) retrieved from /home/qwerty/.local/lib/python3.10/site-packages/airflow/example_dags/example_sensors.py
[2025-06-17T04:13:34.406+0300] {logging_mixin.py:151} INFO - [2025-06-17T04:13:34.405+0300] {dag.py:2915} INFO - Sync 1 DAGs
[2025-06-17T04:13:34.422+0300] {logging_mixin.py:151} INFO - [2025-06-17T04:13:34.422+0300] {dag.py:3696} INFO - Setting next_dagrun for example_sensors to None, run_after=None
[2025-06-17T04:13:34.461+0300] {processor.py:179} INFO - Processing /home/qwerty/.local/lib/python3.10/site-packages/airflow/example_dags/example_sensors.py took 0.118 seconds
[2025-06-17T04:14:32.997+0300] {processor.py:157} INFO - Started process (PID=19140) to work on /home/qwerty/.local/lib/python3.10/site-packages/airflow/example_dags/example_sensors.py
[2025-06-17T04:14:33.001+0300] {processor.py:829} INFO - Processing file /home/qwerty/.local/lib/python3.10/site-packages/airflow/example_dags/example_sensors.py for tasks to queue
[2025-06-17T04:14:33.003+0300] {logging_mixin.py:151} INFO - [2025-06-17T04:14:33.002+0300] {dagbag.py:539} INFO - Filling up the DagBag from /home/qwerty/.local/lib/python3.10/site-packages/airflow/example_dags/example_sensors.py
[2025-06-17T04:14:33.024+0300] {processor.py:839} INFO - DAG(s) dict_keys(['example_sensors']) retrieved from /home/qwerty/.local/lib/python3.10/site-packages/airflow/example_dags/example_sensors.py
[2025-06-17T04:14:33.062+0300] {logging_mixin.py:151} INFO - [2025-06-17T04:14:33.062+0300] {dag.py:2915} INFO - Sync 1 DAGs
[2025-06-17T04:14:33.083+0300] {logging_mixin.py:151} INFO - [2025-06-17T04:14:33.082+0300] {dag.py:3696} INFO - Setting next_dagrun for example_sensors to None, run_after=None
[2025-06-17T04:14:33.395+0300] {processor.py:179} INFO - Processing /home/qwerty/.local/lib/python3.10/site-packages/airflow/example_dags/example_sensors.py took 0.405 seconds
[2025-06-17T04:15:34.691+0300] {processor.py:157} INFO - Started process (PID=19196) to work on /home/qwerty/.local/lib/python3.10/site-packages/airflow/example_dags/example_sensors.py
[2025-06-17T04:15:34.696+0300] {processor.py:829} INFO - Processing file /home/qwerty/.local/lib/python3.10/site-packages/airflow/example_dags/example_sensors.py for tasks to queue
[2025-06-17T04:15:34.699+0300] {logging_mixin.py:151} INFO - [2025-06-17T04:15:34.697+0300] {dagbag.py:539} INFO - Filling up the DagBag from /home/qwerty/.local/lib/python3.10/site-packages/airflow/example_dags/example_sensors.py
[2025-06-17T04:15:34.710+0300] {processor.py:839} INFO - DAG(s) dict_keys(['example_sensors']) retrieved from /home/qwerty/.local/lib/python3.10/site-packages/airflow/example_dags/example_sensors.py
[2025-06-17T04:15:34.734+0300] {logging_mixin.py:151} INFO - [2025-06-17T04:15:34.733+0300] {dag.py:2915} INFO - Sync 1 DAGs
[2025-06-17T04:15:34.747+0300] {logging_mixin.py:151} INFO - [2025-06-17T04:15:34.747+0300] {dag.py:3696} INFO - Setting next_dagrun for example_sensors to None, run_after=None
[2025-06-17T04:15:34.790+0300] {processor.py:179} INFO - Processing /home/qwerty/.local/lib/python3.10/site-packages/airflow/example_dags/example_sensors.py took 0.111 seconds
[2025-06-17T04:16:30.606+0300] {processor.py:157} INFO - Started process (PID=19279) to work on /home/qwerty/.local/lib/python3.10/site-packages/airflow/example_dags/example_sensors.py
[2025-06-17T04:16:30.609+0300] {processor.py:829} INFO - Processing file /home/qwerty/.local/lib/python3.10/site-packages/airflow/example_dags/example_sensors.py for tasks to queue
[2025-06-17T04:16:30.612+0300] {logging_mixin.py:151} INFO - [2025-06-17T04:16:30.611+0300] {dagbag.py:539} INFO - Filling up the DagBag from /home/qwerty/.local/lib/python3.10/site-packages/airflow/example_dags/example_sensors.py
[2025-06-17T04:16:30.628+0300] {processor.py:839} INFO - DAG(s) dict_keys(['example_sensors']) retrieved from /home/qwerty/.local/lib/python3.10/site-packages/airflow/example_dags/example_sensors.py
[2025-06-17T04:16:30.653+0300] {logging_mixin.py:151} INFO - [2025-06-17T04:16:30.653+0300] {dag.py:2915} INFO - Sync 1 DAGs
[2025-06-17T04:16:30.668+0300] {logging_mixin.py:151} INFO - [2025-06-17T04:16:30.668+0300] {dag.py:3696} INFO - Setting next_dagrun for example_sensors to None, run_after=None
[2025-06-17T04:16:30.710+0300] {processor.py:179} INFO - Processing /home/qwerty/.local/lib/python3.10/site-packages/airflow/example_dags/example_sensors.py took 0.115 seconds
[2025-06-17T04:17:26.227+0300] {processor.py:157} INFO - Started process (PID=19333) to work on /home/qwerty/.local/lib/python3.10/site-packages/airflow/example_dags/example_sensors.py
[2025-06-17T04:17:26.229+0300] {processor.py:829} INFO - Processing file /home/qwerty/.local/lib/python3.10/site-packages/airflow/example_dags/example_sensors.py for tasks to queue
[2025-06-17T04:17:26.231+0300] {logging_mixin.py:151} INFO - [2025-06-17T04:17:26.231+0300] {dagbag.py:539} INFO - Filling up the DagBag from /home/qwerty/.local/lib/python3.10/site-packages/airflow/example_dags/example_sensors.py
[2025-06-17T04:17:26.263+0300] {processor.py:839} INFO - DAG(s) dict_keys(['example_sensors']) retrieved from /home/qwerty/.local/lib/python3.10/site-packages/airflow/example_dags/example_sensors.py
[2025-06-17T04:17:26.335+0300] {logging_mixin.py:151} INFO - [2025-06-17T04:17:26.335+0300] {dag.py:2915} INFO - Sync 1 DAGs
[2025-06-17T04:17:26.374+0300] {logging_mixin.py:151} INFO - [2025-06-17T04:17:26.373+0300] {dag.py:3696} INFO - Setting next_dagrun for example_sensors to None, run_after=None
[2025-06-17T04:17:26.428+0300] {processor.py:179} INFO - Processing /home/qwerty/.local/lib/python3.10/site-packages/airflow/example_dags/example_sensors.py took 0.211 seconds
[2025-06-17T04:18:23.091+0300] {processor.py:157} INFO - Started process (PID=19400) to work on /home/qwerty/.local/lib/python3.10/site-packages/airflow/example_dags/example_sensors.py
[2025-06-17T04:18:23.093+0300] {processor.py:829} INFO - Processing file /home/qwerty/.local/lib/python3.10/site-packages/airflow/example_dags/example_sensors.py for tasks to queue
[2025-06-17T04:18:23.095+0300] {logging_mixin.py:151} INFO - [2025-06-17T04:18:23.094+0300] {dagbag.py:539} INFO - Filling up the DagBag from /home/qwerty/.local/lib/python3.10/site-packages/airflow/example_dags/example_sensors.py
[2025-06-17T04:18:23.115+0300] {processor.py:839} INFO - DAG(s) dict_keys(['example_sensors']) retrieved from /home/qwerty/.local/lib/python3.10/site-packages/airflow/example_dags/example_sensors.py
[2025-06-17T04:18:23.158+0300] {logging_mixin.py:151} INFO - [2025-06-17T04:18:23.158+0300] {dag.py:2915} INFO - Sync 1 DAGs
[2025-06-17T04:18:23.186+0300] {logging_mixin.py:151} INFO - [2025-06-17T04:18:23.186+0300] {dag.py:3696} INFO - Setting next_dagrun for example_sensors to None, run_after=None
[2025-06-17T04:18:23.231+0300] {processor.py:179} INFO - Processing /home/qwerty/.local/lib/python3.10/site-packages/airflow/example_dags/example_sensors.py took 0.147 seconds
[2025-06-17T04:19:23.168+0300] {processor.py:157} INFO - Started process (PID=19493) to work on /home/qwerty/.local/lib/python3.10/site-packages/airflow/example_dags/example_sensors.py
[2025-06-17T04:19:23.171+0300] {processor.py:829} INFO - Processing file /home/qwerty/.local/lib/python3.10/site-packages/airflow/example_dags/example_sensors.py for tasks to queue
[2025-06-17T04:19:23.174+0300] {logging_mixin.py:151} INFO - [2025-06-17T04:19:23.173+0300] {dagbag.py:539} INFO - Filling up the DagBag from /home/qwerty/.local/lib/python3.10/site-packages/airflow/example_dags/example_sensors.py
[2025-06-17T04:19:23.189+0300] {processor.py:839} INFO - DAG(s) dict_keys(['example_sensors']) retrieved from /home/qwerty/.local/lib/python3.10/site-packages/airflow/example_dags/example_sensors.py
[2025-06-17T04:19:23.213+0300] {logging_mixin.py:151} INFO - [2025-06-17T04:19:23.213+0300] {dag.py:2915} INFO - Sync 1 DAGs
[2025-06-17T04:19:23.227+0300] {logging_mixin.py:151} INFO - [2025-06-17T04:19:23.227+0300] {dag.py:3696} INFO - Setting next_dagrun for example_sensors to None, run_after=None
[2025-06-17T04:19:23.271+0300] {processor.py:179} INFO - Processing /home/qwerty/.local/lib/python3.10/site-packages/airflow/example_dags/example_sensors.py took 0.114 seconds
[2025-06-17T04:20:16.274+0300] {processor.py:157} INFO - Started process (PID=19560) to work on /home/qwerty/.local/lib/python3.10/site-packages/airflow/example_dags/example_sensors.py
[2025-06-17T04:20:16.275+0300] {processor.py:829} INFO - Processing file /home/qwerty/.local/lib/python3.10/site-packages/airflow/example_dags/example_sensors.py for tasks to queue
[2025-06-17T04:20:16.278+0300] {logging_mixin.py:151} INFO - [2025-06-17T04:20:16.277+0300] {dagbag.py:539} INFO - Filling up the DagBag from /home/qwerty/.local/lib/python3.10/site-packages/airflow/example_dags/example_sensors.py
[2025-06-17T04:20:16.294+0300] {processor.py:839} INFO - DAG(s) dict_keys(['example_sensors']) retrieved from /home/qwerty/.local/lib/python3.10/site-packages/airflow/example_dags/example_sensors.py
[2025-06-17T04:20:16.330+0300] {logging_mixin.py:151} INFO - [2025-06-17T04:20:16.329+0300] {dag.py:2915} INFO - Sync 1 DAGs
[2025-06-17T04:20:16.359+0300] {logging_mixin.py:151} INFO - [2025-06-17T04:20:16.358+0300] {dag.py:3696} INFO - Setting next_dagrun for example_sensors to None, run_after=None
[2025-06-17T04:20:16.413+0300] {processor.py:179} INFO - Processing /home/qwerty/.local/lib/python3.10/site-packages/airflow/example_dags/example_sensors.py took 0.146 seconds
[2025-06-17T04:21:08.202+0300] {processor.py:157} INFO - Started process (PID=19622) to work on /home/qwerty/.local/lib/python3.10/site-packages/airflow/example_dags/example_sensors.py
[2025-06-17T04:21:08.206+0300] {processor.py:829} INFO - Processing file /home/qwerty/.local/lib/python3.10/site-packages/airflow/example_dags/example_sensors.py for tasks to queue
[2025-06-17T04:21:08.208+0300] {logging_mixin.py:151} INFO - [2025-06-17T04:21:08.207+0300] {dagbag.py:539} INFO - Filling up the DagBag from /home/qwerty/.local/lib/python3.10/site-packages/airflow/example_dags/example_sensors.py
[2025-06-17T04:21:08.223+0300] {processor.py:839} INFO - DAG(s) dict_keys(['example_sensors']) retrieved from /home/qwerty/.local/lib/python3.10/site-packages/airflow/example_dags/example_sensors.py
[2025-06-17T04:21:08.250+0300] {logging_mixin.py:151} INFO - [2025-06-17T04:21:08.250+0300] {dag.py:2915} INFO - Sync 1 DAGs
[2025-06-17T04:21:08.264+0300] {logging_mixin.py:151} INFO - [2025-06-17T04:21:08.264+0300] {dag.py:3696} INFO - Setting next_dagrun for example_sensors to None, run_after=None
[2025-06-17T04:21:08.301+0300] {processor.py:179} INFO - Processing /home/qwerty/.local/lib/python3.10/site-packages/airflow/example_dags/example_sensors.py took 0.104 seconds
[2025-06-17T04:22:06.156+0300] {processor.py:157} INFO - Started process (PID=19714) to work on /home/qwerty/.local/lib/python3.10/site-packages/airflow/example_dags/example_sensors.py
[2025-06-17T04:22:06.159+0300] {processor.py:829} INFO - Processing file /home/qwerty/.local/lib/python3.10/site-packages/airflow/example_dags/example_sensors.py for tasks to queue
[2025-06-17T04:22:06.162+0300] {logging_mixin.py:151} INFO - [2025-06-17T04:22:06.160+0300] {dagbag.py:539} INFO - Filling up the DagBag from /home/qwerty/.local/lib/python3.10/site-packages/airflow/example_dags/example_sensors.py
[2025-06-17T04:22:06.178+0300] {processor.py:839} INFO - DAG(s) dict_keys(['example_sensors']) retrieved from /home/qwerty/.local/lib/python3.10/site-packages/airflow/example_dags/example_sensors.py
[2025-06-17T04:22:06.201+0300] {logging_mixin.py:151} INFO - [2025-06-17T04:22:06.201+0300] {dag.py:2915} INFO - Sync 1 DAGs
[2025-06-17T04:22:06.215+0300] {logging_mixin.py:151} INFO - [2025-06-17T04:22:06.214+0300] {dag.py:3696} INFO - Setting next_dagrun for example_sensors to None, run_after=None
[2025-06-17T04:22:06.260+0300] {processor.py:179} INFO - Processing /home/qwerty/.local/lib/python3.10/site-packages/airflow/example_dags/example_sensors.py took 0.115 seconds
[2025-06-17T04:23:00.950+0300] {processor.py:157} INFO - Started process (PID=19794) to work on /home/qwerty/.local/lib/python3.10/site-packages/airflow/example_dags/example_sensors.py
[2025-06-17T04:23:00.954+0300] {processor.py:829} INFO - Processing file /home/qwerty/.local/lib/python3.10/site-packages/airflow/example_dags/example_sensors.py for tasks to queue
[2025-06-17T04:23:00.955+0300] {logging_mixin.py:151} INFO - [2025-06-17T04:23:00.955+0300] {dagbag.py:539} INFO - Filling up the DagBag from /home/qwerty/.local/lib/python3.10/site-packages/airflow/example_dags/example_sensors.py
[2025-06-17T04:23:00.974+0300] {processor.py:839} INFO - DAG(s) dict_keys(['example_sensors']) retrieved from /home/qwerty/.local/lib/python3.10/site-packages/airflow/example_dags/example_sensors.py
[2025-06-17T04:23:01.008+0300] {logging_mixin.py:151} INFO - [2025-06-17T04:23:01.008+0300] {dag.py:2915} INFO - Sync 1 DAGs
[2025-06-17T04:23:01.031+0300] {logging_mixin.py:151} INFO - [2025-06-17T04:23:01.031+0300] {dag.py:3696} INFO - Setting next_dagrun for example_sensors to None, run_after=None
[2025-06-17T04:23:01.079+0300] {processor.py:179} INFO - Processing /home/qwerty/.local/lib/python3.10/site-packages/airflow/example_dags/example_sensors.py took 0.136 seconds
[2025-06-17T04:23:59.865+0300] {processor.py:157} INFO - Started process (PID=19871) to work on /home/qwerty/.local/lib/python3.10/site-packages/airflow/example_dags/example_sensors.py
[2025-06-17T04:23:59.868+0300] {processor.py:829} INFO - Processing file /home/qwerty/.local/lib/python3.10/site-packages/airflow/example_dags/example_sensors.py for tasks to queue
[2025-06-17T04:23:59.870+0300] {logging_mixin.py:151} INFO - [2025-06-17T04:23:59.869+0300] {dagbag.py:539} INFO - Filling up the DagBag from /home/qwerty/.local/lib/python3.10/site-packages/airflow/example_dags/example_sensors.py
[2025-06-17T04:23:59.882+0300] {processor.py:839} INFO - DAG(s) dict_keys(['example_sensors']) retrieved from /home/qwerty/.local/lib/python3.10/site-packages/airflow/example_dags/example_sensors.py
[2025-06-17T04:23:59.905+0300] {logging_mixin.py:151} INFO - [2025-06-17T04:23:59.905+0300] {dag.py:2915} INFO - Sync 1 DAGs
[2025-06-17T04:23:59.918+0300] {logging_mixin.py:151} INFO - [2025-06-17T04:23:59.918+0300] {dag.py:3696} INFO - Setting next_dagrun for example_sensors to None, run_after=None
[2025-06-17T04:23:59.966+0300] {processor.py:179} INFO - Processing /home/qwerty/.local/lib/python3.10/site-packages/airflow/example_dags/example_sensors.py took 0.112 seconds
[2025-06-17T04:25:31.192+0300] {processor.py:157} INFO - Started process (PID=19996) to work on /home/qwerty/.local/lib/python3.10/site-packages/airflow/example_dags/example_sensors.py
[2025-06-17T04:25:31.197+0300] {processor.py:829} INFO - Processing file /home/qwerty/.local/lib/python3.10/site-packages/airflow/example_dags/example_sensors.py for tasks to queue
[2025-06-17T04:25:31.199+0300] {logging_mixin.py:151} INFO - [2025-06-17T04:25:31.198+0300] {dagbag.py:539} INFO - Filling up the DagBag from /home/qwerty/.local/lib/python3.10/site-packages/airflow/example_dags/example_sensors.py
[2025-06-17T04:25:31.227+0300] {processor.py:839} INFO - DAG(s) dict_keys(['example_sensors']) retrieved from /home/qwerty/.local/lib/python3.10/site-packages/airflow/example_dags/example_sensors.py
[2025-06-17T04:25:31.288+0300] {logging_mixin.py:151} INFO - [2025-06-17T04:25:31.288+0300] {dag.py:2915} INFO - Sync 1 DAGs
[2025-06-17T04:25:31.340+0300] {logging_mixin.py:151} INFO - [2025-06-17T04:25:31.339+0300] {dag.py:3696} INFO - Setting next_dagrun for example_sensors to None, run_after=None
[2025-06-17T04:25:31.399+0300] {processor.py:179} INFO - Processing /home/qwerty/.local/lib/python3.10/site-packages/airflow/example_dags/example_sensors.py took 0.214 seconds
[2025-06-17T04:26:25.529+0300] {processor.py:157} INFO - Started process (PID=20048) to work on /home/qwerty/.local/lib/python3.10/site-packages/airflow/example_dags/example_sensors.py
[2025-06-17T04:26:25.532+0300] {processor.py:829} INFO - Processing file /home/qwerty/.local/lib/python3.10/site-packages/airflow/example_dags/example_sensors.py for tasks to queue
[2025-06-17T04:26:25.535+0300] {logging_mixin.py:151} INFO - [2025-06-17T04:26:25.534+0300] {dagbag.py:539} INFO - Filling up the DagBag from /home/qwerty/.local/lib/python3.10/site-packages/airflow/example_dags/example_sensors.py
[2025-06-17T04:26:25.557+0300] {processor.py:839} INFO - DAG(s) dict_keys(['example_sensors']) retrieved from /home/qwerty/.local/lib/python3.10/site-packages/airflow/example_dags/example_sensors.py
[2025-06-17T04:26:25.582+0300] {logging_mixin.py:151} INFO - [2025-06-17T04:26:25.582+0300] {dag.py:2915} INFO - Sync 1 DAGs
[2025-06-17T04:26:25.597+0300] {logging_mixin.py:151} INFO - [2025-06-17T04:26:25.597+0300] {dag.py:3696} INFO - Setting next_dagrun for example_sensors to None, run_after=None
[2025-06-17T04:26:25.644+0300] {processor.py:179} INFO - Processing /home/qwerty/.local/lib/python3.10/site-packages/airflow/example_dags/example_sensors.py took 0.125 seconds
[2025-06-17T04:27:17.374+0300] {processor.py:157} INFO - Started process (PID=20096) to work on /home/qwerty/.local/lib/python3.10/site-packages/airflow/example_dags/example_sensors.py
[2025-06-17T04:27:17.378+0300] {processor.py:829} INFO - Processing file /home/qwerty/.local/lib/python3.10/site-packages/airflow/example_dags/example_sensors.py for tasks to queue
[2025-06-17T04:27:17.379+0300] {logging_mixin.py:151} INFO - [2025-06-17T04:27:17.379+0300] {dagbag.py:539} INFO - Filling up the DagBag from /home/qwerty/.local/lib/python3.10/site-packages/airflow/example_dags/example_sensors.py
[2025-06-17T04:27:17.393+0300] {processor.py:839} INFO - DAG(s) dict_keys(['example_sensors']) retrieved from /home/qwerty/.local/lib/python3.10/site-packages/airflow/example_dags/example_sensors.py
[2025-06-17T04:27:17.417+0300] {logging_mixin.py:151} INFO - [2025-06-17T04:27:17.416+0300] {dag.py:2915} INFO - Sync 1 DAGs
[2025-06-17T04:27:17.431+0300] {logging_mixin.py:151} INFO - [2025-06-17T04:27:17.431+0300] {dag.py:3696} INFO - Setting next_dagrun for example_sensors to None, run_after=None
[2025-06-17T04:27:17.478+0300] {processor.py:179} INFO - Processing /home/qwerty/.local/lib/python3.10/site-packages/airflow/example_dags/example_sensors.py took 0.114 seconds
[2025-06-17T04:28:06.993+0300] {processor.py:157} INFO - Started process (PID=20175) to work on /home/qwerty/.local/lib/python3.10/site-packages/airflow/example_dags/example_sensors.py
[2025-06-17T04:28:06.996+0300] {processor.py:829} INFO - Processing file /home/qwerty/.local/lib/python3.10/site-packages/airflow/example_dags/example_sensors.py for tasks to queue
[2025-06-17T04:28:06.998+0300] {logging_mixin.py:151} INFO - [2025-06-17T04:28:06.997+0300] {dagbag.py:539} INFO - Filling up the DagBag from /home/qwerty/.local/lib/python3.10/site-packages/airflow/example_dags/example_sensors.py
[2025-06-17T04:28:07.019+0300] {processor.py:839} INFO - DAG(s) dict_keys(['example_sensors']) retrieved from /home/qwerty/.local/lib/python3.10/site-packages/airflow/example_dags/example_sensors.py
[2025-06-17T04:28:07.042+0300] {logging_mixin.py:151} INFO - [2025-06-17T04:28:07.042+0300] {dag.py:2915} INFO - Sync 1 DAGs
[2025-06-17T04:28:07.058+0300] {logging_mixin.py:151} INFO - [2025-06-17T04:28:07.057+0300] {dag.py:3696} INFO - Setting next_dagrun for example_sensors to None, run_after=None
[2025-06-17T04:28:07.104+0300] {processor.py:179} INFO - Processing /home/qwerty/.local/lib/python3.10/site-packages/airflow/example_dags/example_sensors.py took 0.122 seconds
[2025-06-17T04:28:58.755+0300] {processor.py:157} INFO - Started process (PID=20232) to work on /home/qwerty/.local/lib/python3.10/site-packages/airflow/example_dags/example_sensors.py
[2025-06-17T04:28:58.758+0300] {processor.py:829} INFO - Processing file /home/qwerty/.local/lib/python3.10/site-packages/airflow/example_dags/example_sensors.py for tasks to queue
[2025-06-17T04:28:58.761+0300] {logging_mixin.py:151} INFO - [2025-06-17T04:28:58.760+0300] {dagbag.py:539} INFO - Filling up the DagBag from /home/qwerty/.local/lib/python3.10/site-packages/airflow/example_dags/example_sensors.py
[2025-06-17T04:28:58.775+0300] {processor.py:839} INFO - DAG(s) dict_keys(['example_sensors']) retrieved from /home/qwerty/.local/lib/python3.10/site-packages/airflow/example_dags/example_sensors.py
[2025-06-17T04:28:58.799+0300] {logging_mixin.py:151} INFO - [2025-06-17T04:28:58.799+0300] {dag.py:2915} INFO - Sync 1 DAGs
[2025-06-17T04:28:58.812+0300] {logging_mixin.py:151} INFO - [2025-06-17T04:28:58.812+0300] {dag.py:3696} INFO - Setting next_dagrun for example_sensors to None, run_after=None
[2025-06-17T04:28:58.839+0300] {processor.py:179} INFO - Processing /home/qwerty/.local/lib/python3.10/site-packages/airflow/example_dags/example_sensors.py took 0.096 seconds
[2025-06-17T04:30:00.830+0300] {processor.py:157} INFO - Started process (PID=20297) to work on /home/qwerty/.local/lib/python3.10/site-packages/airflow/example_dags/example_sensors.py
[2025-06-17T04:30:00.835+0300] {processor.py:829} INFO - Processing file /home/qwerty/.local/lib/python3.10/site-packages/airflow/example_dags/example_sensors.py for tasks to queue
[2025-06-17T04:30:00.836+0300] {logging_mixin.py:151} INFO - [2025-06-17T04:30:00.836+0300] {dagbag.py:539} INFO - Filling up the DagBag from /home/qwerty/.local/lib/python3.10/site-packages/airflow/example_dags/example_sensors.py
[2025-06-17T04:30:00.849+0300] {processor.py:839} INFO - DAG(s) dict_keys(['example_sensors']) retrieved from /home/qwerty/.local/lib/python3.10/site-packages/airflow/example_dags/example_sensors.py
[2025-06-17T04:30:00.874+0300] {logging_mixin.py:151} INFO - [2025-06-17T04:30:00.874+0300] {dag.py:2915} INFO - Sync 1 DAGs
[2025-06-17T04:30:00.889+0300] {logging_mixin.py:151} INFO - [2025-06-17T04:30:00.889+0300] {dag.py:3696} INFO - Setting next_dagrun for example_sensors to None, run_after=None
[2025-06-17T04:30:00.920+0300] {processor.py:179} INFO - Processing /home/qwerty/.local/lib/python3.10/site-packages/airflow/example_dags/example_sensors.py took 0.102 seconds
[2025-06-17T04:30:59.628+0300] {processor.py:157} INFO - Started process (PID=20357) to work on /home/qwerty/.local/lib/python3.10/site-packages/airflow/example_dags/example_sensors.py
[2025-06-17T04:30:59.631+0300] {processor.py:829} INFO - Processing file /home/qwerty/.local/lib/python3.10/site-packages/airflow/example_dags/example_sensors.py for tasks to queue
[2025-06-17T04:30:59.633+0300] {logging_mixin.py:151} INFO - [2025-06-17T04:30:59.632+0300] {dagbag.py:539} INFO - Filling up the DagBag from /home/qwerty/.local/lib/python3.10/site-packages/airflow/example_dags/example_sensors.py
[2025-06-17T04:30:59.646+0300] {processor.py:839} INFO - DAG(s) dict_keys(['example_sensors']) retrieved from /home/qwerty/.local/lib/python3.10/site-packages/airflow/example_dags/example_sensors.py
[2025-06-17T04:30:59.670+0300] {logging_mixin.py:151} INFO - [2025-06-17T04:30:59.670+0300] {dag.py:2915} INFO - Sync 1 DAGs
[2025-06-17T04:30:59.684+0300] {logging_mixin.py:151} INFO - [2025-06-17T04:30:59.684+0300] {dag.py:3696} INFO - Setting next_dagrun for example_sensors to None, run_after=None
[2025-06-17T04:30:59.727+0300] {processor.py:179} INFO - Processing /home/qwerty/.local/lib/python3.10/site-packages/airflow/example_dags/example_sensors.py took 0.111 seconds
