[2025-06-17T04:07:39.798+0300] {processor.py:157} INFO - Started process (PID=18687) to work on /home/qwerty/.local/lib/python3.10/site-packages/airflow/example_dags/example_sla_dag.py
[2025-06-17T04:07:39.800+0300] {processor.py:829} INFO - Processing file /home/qwerty/.local/lib/python3.10/site-packages/airflow/example_dags/example_sla_dag.py for tasks to queue
[2025-06-17T04:07:39.802+0300] {logging_mixin.py:151} INFO - [2025-06-17T04:07:39.801+0300] {dagbag.py:539} INFO - Filling up the DagBag from /home/qwerty/.local/lib/python3.10/site-packages/airflow/example_dags/example_sla_dag.py
[2025-06-17T04:07:39.822+0300] {processor.py:839} INFO - DAG(s) dict_keys(['example_sla_dag']) retrieved from /home/qwerty/.local/lib/python3.10/site-packages/airflow/example_dags/example_sla_dag.py
[2025-06-17T04:07:39.858+0300] {logging_mixin.py:151} INFO - [2025-06-17T04:07:39.857+0300] {dag.py:2915} INFO - Sync 1 DAGs
[2025-06-17T04:07:39.903+0300] {logging_mixin.py:151} INFO - [2025-06-17T04:07:39.902+0300] {dag.py:3696} INFO - Setting next_dagrun for example_sla_dag to 2025-06-17T01:04:00+00:00, run_after=2025-06-17T01:06:00+00:00
[2025-06-17T04:07:39.967+0300] {processor.py:179} INFO - Processing /home/qwerty/.local/lib/python3.10/site-packages/airflow/example_dags/example_sla_dag.py took 0.176 seconds
[2025-06-17T04:08:39.872+0300] {processor.py:157} INFO - Started process (PID=18768) to work on /home/qwerty/.local/lib/python3.10/site-packages/airflow/example_dags/example_sla_dag.py
[2025-06-17T04:08:39.878+0300] {processor.py:829} INFO - Processing file /home/qwerty/.local/lib/python3.10/site-packages/airflow/example_dags/example_sla_dag.py for tasks to queue
[2025-06-17T04:08:39.880+0300] {logging_mixin.py:151} INFO - [2025-06-17T04:08:39.879+0300] {dagbag.py:539} INFO - Filling up the DagBag from /home/qwerty/.local/lib/python3.10/site-packages/airflow/example_dags/example_sla_dag.py
[2025-06-17T04:08:39.896+0300] {processor.py:839} INFO - DAG(s) dict_keys(['example_sla_dag']) retrieved from /home/qwerty/.local/lib/python3.10/site-packages/airflow/example_dags/example_sla_dag.py
[2025-06-17T04:08:39.932+0300] {logging_mixin.py:151} INFO - [2025-06-17T04:08:39.931+0300] {dag.py:2915} INFO - Sync 1 DAGs
[2025-06-17T04:08:39.983+0300] {logging_mixin.py:151} INFO - [2025-06-17T04:08:39.982+0300] {dag.py:3696} INFO - Setting next_dagrun for example_sla_dag to 2025-06-17T01:06:00+00:00, run_after=2025-06-17T01:08:00+00:00
[2025-06-17T04:08:40.027+0300] {processor.py:179} INFO - Processing /home/qwerty/.local/lib/python3.10/site-packages/airflow/example_dags/example_sla_dag.py took 0.163 seconds
[2025-06-17T04:09:33.813+0300] {processor.py:157} INFO - Started process (PID=18824) to work on /home/qwerty/.local/lib/python3.10/site-packages/airflow/example_dags/example_sla_dag.py
[2025-06-17T04:09:33.818+0300] {processor.py:829} INFO - Processing file /home/qwerty/.local/lib/python3.10/site-packages/airflow/example_dags/example_sla_dag.py for tasks to queue
[2025-06-17T04:09:33.821+0300] {logging_mixin.py:151} INFO - [2025-06-17T04:09:33.820+0300] {dagbag.py:539} INFO - Filling up the DagBag from /home/qwerty/.local/lib/python3.10/site-packages/airflow/example_dags/example_sla_dag.py
[2025-06-17T04:09:33.849+0300] {processor.py:839} INFO - DAG(s) dict_keys(['example_sla_dag']) retrieved from /home/qwerty/.local/lib/python3.10/site-packages/airflow/example_dags/example_sla_dag.py
[2025-06-17T04:09:33.894+0300] {logging_mixin.py:151} INFO - [2025-06-17T04:09:33.893+0300] {dag.py:2915} INFO - Sync 1 DAGs
[2025-06-17T04:09:33.971+0300] {logging_mixin.py:151} INFO - [2025-06-17T04:09:33.970+0300] {dag.py:3696} INFO - Setting next_dagrun for example_sla_dag to 2025-06-17T01:06:00+00:00, run_after=2025-06-17T01:08:00+00:00
[2025-06-17T04:09:34.026+0300] {processor.py:179} INFO - Processing /home/qwerty/.local/lib/python3.10/site-packages/airflow/example_dags/example_sla_dag.py took 0.225 seconds
[2025-06-17T04:10:32.856+0300] {processor.py:157} INFO - Started process (PID=18880) to work on /home/qwerty/.local/lib/python3.10/site-packages/airflow/example_dags/example_sla_dag.py
[2025-06-17T04:10:32.860+0300] {processor.py:829} INFO - Processing file /home/qwerty/.local/lib/python3.10/site-packages/airflow/example_dags/example_sla_dag.py for tasks to queue
[2025-06-17T04:10:32.863+0300] {logging_mixin.py:151} INFO - [2025-06-17T04:10:32.862+0300] {dagbag.py:539} INFO - Filling up the DagBag from /home/qwerty/.local/lib/python3.10/site-packages/airflow/example_dags/example_sla_dag.py
[2025-06-17T04:10:32.879+0300] {processor.py:839} INFO - DAG(s) dict_keys(['example_sla_dag']) retrieved from /home/qwerty/.local/lib/python3.10/site-packages/airflow/example_dags/example_sla_dag.py
[2025-06-17T04:10:32.908+0300] {logging_mixin.py:151} INFO - [2025-06-17T04:10:32.908+0300] {dag.py:2915} INFO - Sync 1 DAGs
[2025-06-17T04:10:32.951+0300] {logging_mixin.py:151} INFO - [2025-06-17T04:10:32.950+0300] {dag.py:3696} INFO - Setting next_dagrun for example_sla_dag to 2025-06-17T01:08:00+00:00, run_after=2025-06-17T01:10:00+00:00
[2025-06-17T04:10:32.998+0300] {processor.py:179} INFO - Processing /home/qwerty/.local/lib/python3.10/site-packages/airflow/example_dags/example_sla_dag.py took 0.150 seconds
[2025-06-17T04:11:28.792+0300] {processor.py:157} INFO - Started process (PID=18929) to work on /home/qwerty/.local/lib/python3.10/site-packages/airflow/example_dags/example_sla_dag.py
[2025-06-17T04:11:28.797+0300] {processor.py:829} INFO - Processing file /home/qwerty/.local/lib/python3.10/site-packages/airflow/example_dags/example_sla_dag.py for tasks to queue
[2025-06-17T04:11:28.799+0300] {logging_mixin.py:151} INFO - [2025-06-17T04:11:28.798+0300] {dagbag.py:539} INFO - Filling up the DagBag from /home/qwerty/.local/lib/python3.10/site-packages/airflow/example_dags/example_sla_dag.py
[2025-06-17T04:11:28.824+0300] {processor.py:839} INFO - DAG(s) dict_keys(['example_sla_dag']) retrieved from /home/qwerty/.local/lib/python3.10/site-packages/airflow/example_dags/example_sla_dag.py
[2025-06-17T04:11:28.847+0300] {logging_mixin.py:151} INFO - [2025-06-17T04:11:28.847+0300] {dag.py:2915} INFO - Sync 1 DAGs
[2025-06-17T04:11:28.889+0300] {logging_mixin.py:151} INFO - [2025-06-17T04:11:28.888+0300] {dag.py:3696} INFO - Setting next_dagrun for example_sla_dag to 2025-06-17T01:08:00+00:00, run_after=2025-06-17T01:10:00+00:00
[2025-06-17T04:11:28.926+0300] {processor.py:179} INFO - Processing /home/qwerty/.local/lib/python3.10/site-packages/airflow/example_dags/example_sla_dag.py took 0.143 seconds
[2025-06-17T04:12:34.011+0300] {processor.py:157} INFO - Started process (PID=19021) to work on /home/qwerty/.local/lib/python3.10/site-packages/airflow/example_dags/example_sla_dag.py
[2025-06-17T04:12:34.015+0300] {processor.py:829} INFO - Processing file /home/qwerty/.local/lib/python3.10/site-packages/airflow/example_dags/example_sla_dag.py for tasks to queue
[2025-06-17T04:12:34.020+0300] {logging_mixin.py:151} INFO - [2025-06-17T04:12:34.018+0300] {dagbag.py:539} INFO - Filling up the DagBag from /home/qwerty/.local/lib/python3.10/site-packages/airflow/example_dags/example_sla_dag.py
[2025-06-17T04:12:34.053+0300] {processor.py:839} INFO - DAG(s) dict_keys(['example_sla_dag']) retrieved from /home/qwerty/.local/lib/python3.10/site-packages/airflow/example_dags/example_sla_dag.py
[2025-06-17T04:12:34.118+0300] {logging_mixin.py:151} INFO - [2025-06-17T04:12:34.117+0300] {dag.py:2915} INFO - Sync 1 DAGs
[2025-06-17T04:12:34.218+0300] {logging_mixin.py:151} INFO - [2025-06-17T04:12:34.217+0300] {dag.py:3696} INFO - Setting next_dagrun for example_sla_dag to 2025-06-17T01:10:00+00:00, run_after=2025-06-17T01:12:00+00:00
[2025-06-17T04:12:34.341+0300] {processor.py:179} INFO - Processing /home/qwerty/.local/lib/python3.10/site-packages/airflow/example_dags/example_sla_dag.py took 0.349 seconds
[2025-06-17T04:13:30.794+0300] {processor.py:157} INFO - Started process (PID=19081) to work on /home/qwerty/.local/lib/python3.10/site-packages/airflow/example_dags/example_sla_dag.py
[2025-06-17T04:13:30.796+0300] {processor.py:829} INFO - Processing file /home/qwerty/.local/lib/python3.10/site-packages/airflow/example_dags/example_sla_dag.py for tasks to queue
[2025-06-17T04:13:30.798+0300] {logging_mixin.py:151} INFO - [2025-06-17T04:13:30.797+0300] {dagbag.py:539} INFO - Filling up the DagBag from /home/qwerty/.local/lib/python3.10/site-packages/airflow/example_dags/example_sla_dag.py
[2025-06-17T04:13:30.823+0300] {processor.py:839} INFO - DAG(s) dict_keys(['example_sla_dag']) retrieved from /home/qwerty/.local/lib/python3.10/site-packages/airflow/example_dags/example_sla_dag.py
[2025-06-17T04:13:30.857+0300] {logging_mixin.py:151} INFO - [2025-06-17T04:13:30.856+0300] {dag.py:2915} INFO - Sync 1 DAGs
[2025-06-17T04:13:30.914+0300] {logging_mixin.py:151} INFO - [2025-06-17T04:13:30.914+0300] {dag.py:3696} INFO - Setting next_dagrun for example_sla_dag to 2025-06-17T01:10:00+00:00, run_after=2025-06-17T01:12:00+00:00
[2025-06-17T04:13:30.962+0300] {processor.py:179} INFO - Processing /home/qwerty/.local/lib/python3.10/site-packages/airflow/example_dags/example_sla_dag.py took 0.178 seconds
[2025-06-17T04:14:29.758+0300] {processor.py:157} INFO - Started process (PID=19137) to work on /home/qwerty/.local/lib/python3.10/site-packages/airflow/example_dags/example_sla_dag.py
[2025-06-17T04:14:29.762+0300] {processor.py:829} INFO - Processing file /home/qwerty/.local/lib/python3.10/site-packages/airflow/example_dags/example_sla_dag.py for tasks to queue
[2025-06-17T04:14:29.764+0300] {logging_mixin.py:151} INFO - [2025-06-17T04:14:29.763+0300] {dagbag.py:539} INFO - Filling up the DagBag from /home/qwerty/.local/lib/python3.10/site-packages/airflow/example_dags/example_sla_dag.py
[2025-06-17T04:14:29.780+0300] {processor.py:839} INFO - DAG(s) dict_keys(['example_sla_dag']) retrieved from /home/qwerty/.local/lib/python3.10/site-packages/airflow/example_dags/example_sla_dag.py
[2025-06-17T04:14:29.809+0300] {logging_mixin.py:151} INFO - [2025-06-17T04:14:29.809+0300] {dag.py:2915} INFO - Sync 1 DAGs
[2025-06-17T04:14:29.850+0300] {logging_mixin.py:151} INFO - [2025-06-17T04:14:29.849+0300] {dag.py:3696} INFO - Setting next_dagrun for example_sla_dag to 2025-06-17T01:12:00+00:00, run_after=2025-06-17T01:14:00+00:00
[2025-06-17T04:14:29.886+0300] {processor.py:179} INFO - Processing /home/qwerty/.local/lib/python3.10/site-packages/airflow/example_dags/example_sla_dag.py took 0.134 seconds
[2025-06-17T04:15:30.514+0300] {processor.py:157} INFO - Started process (PID=19193) to work on /home/qwerty/.local/lib/python3.10/site-packages/airflow/example_dags/example_sla_dag.py
[2025-06-17T04:15:30.518+0300] {processor.py:829} INFO - Processing file /home/qwerty/.local/lib/python3.10/site-packages/airflow/example_dags/example_sla_dag.py for tasks to queue
[2025-06-17T04:15:30.521+0300] {logging_mixin.py:151} INFO - [2025-06-17T04:15:30.520+0300] {dagbag.py:539} INFO - Filling up the DagBag from /home/qwerty/.local/lib/python3.10/site-packages/airflow/example_dags/example_sla_dag.py
[2025-06-17T04:15:30.536+0300] {processor.py:839} INFO - DAG(s) dict_keys(['example_sla_dag']) retrieved from /home/qwerty/.local/lib/python3.10/site-packages/airflow/example_dags/example_sla_dag.py
[2025-06-17T04:15:30.556+0300] {logging_mixin.py:151} INFO - [2025-06-17T04:15:30.555+0300] {dag.py:2915} INFO - Sync 1 DAGs
[2025-06-17T04:15:30.583+0300] {logging_mixin.py:151} INFO - [2025-06-17T04:15:30.582+0300] {dag.py:3696} INFO - Setting next_dagrun for example_sla_dag to 2025-06-17T01:12:00+00:00, run_after=2025-06-17T01:14:00+00:00
[2025-06-17T04:15:30.608+0300] {processor.py:179} INFO - Processing /home/qwerty/.local/lib/python3.10/site-packages/airflow/example_dags/example_sla_dag.py took 0.105 seconds
[2025-06-17T04:16:27.069+0300] {processor.py:157} INFO - Started process (PID=19261) to work on /home/qwerty/.local/lib/python3.10/site-packages/airflow/example_dags/example_sla_dag.py
[2025-06-17T04:16:27.079+0300] {processor.py:829} INFO - Processing file /home/qwerty/.local/lib/python3.10/site-packages/airflow/example_dags/example_sla_dag.py for tasks to queue
[2025-06-17T04:16:27.082+0300] {logging_mixin.py:151} INFO - [2025-06-17T04:16:27.081+0300] {dagbag.py:539} INFO - Filling up the DagBag from /home/qwerty/.local/lib/python3.10/site-packages/airflow/example_dags/example_sla_dag.py
[2025-06-17T04:16:27.099+0300] {processor.py:839} INFO - DAG(s) dict_keys(['example_sla_dag']) retrieved from /home/qwerty/.local/lib/python3.10/site-packages/airflow/example_dags/example_sla_dag.py
[2025-06-17T04:16:27.131+0300] {logging_mixin.py:151} INFO - [2025-06-17T04:16:27.131+0300] {dag.py:2915} INFO - Sync 1 DAGs
[2025-06-17T04:16:27.175+0300] {logging_mixin.py:151} INFO - [2025-06-17T04:16:27.175+0300] {dag.py:3696} INFO - Setting next_dagrun for example_sla_dag to 2025-06-17T01:14:00+00:00, run_after=2025-06-17T01:16:00+00:00
[2025-06-17T04:16:27.216+0300] {processor.py:179} INFO - Processing /home/qwerty/.local/lib/python3.10/site-packages/airflow/example_dags/example_sla_dag.py took 0.152 seconds
[2025-06-17T04:17:22.140+0300] {processor.py:157} INFO - Started process (PID=19330) to work on /home/qwerty/.local/lib/python3.10/site-packages/airflow/example_dags/example_sla_dag.py
[2025-06-17T04:17:22.145+0300] {processor.py:829} INFO - Processing file /home/qwerty/.local/lib/python3.10/site-packages/airflow/example_dags/example_sla_dag.py for tasks to queue
[2025-06-17T04:17:22.147+0300] {logging_mixin.py:151} INFO - [2025-06-17T04:17:22.146+0300] {dagbag.py:539} INFO - Filling up the DagBag from /home/qwerty/.local/lib/python3.10/site-packages/airflow/example_dags/example_sla_dag.py
[2025-06-17T04:17:22.166+0300] {processor.py:839} INFO - DAG(s) dict_keys(['example_sla_dag']) retrieved from /home/qwerty/.local/lib/python3.10/site-packages/airflow/example_dags/example_sla_dag.py
[2025-06-17T04:17:22.193+0300] {logging_mixin.py:151} INFO - [2025-06-17T04:17:22.193+0300] {dag.py:2915} INFO - Sync 1 DAGs
[2025-06-17T04:17:22.230+0300] {logging_mixin.py:151} INFO - [2025-06-17T04:17:22.229+0300] {dag.py:3696} INFO - Setting next_dagrun for example_sla_dag to 2025-06-17T01:14:00+00:00, run_after=2025-06-17T01:16:00+00:00
[2025-06-17T04:17:22.263+0300] {processor.py:179} INFO - Processing /home/qwerty/.local/lib/python3.10/site-packages/airflow/example_dags/example_sla_dag.py took 0.131 seconds
[2025-06-17T04:18:19.268+0300] {processor.py:157} INFO - Started process (PID=19397) to work on /home/qwerty/.local/lib/python3.10/site-packages/airflow/example_dags/example_sla_dag.py
[2025-06-17T04:18:19.271+0300] {processor.py:829} INFO - Processing file /home/qwerty/.local/lib/python3.10/site-packages/airflow/example_dags/example_sla_dag.py for tasks to queue
[2025-06-17T04:18:19.273+0300] {logging_mixin.py:151} INFO - [2025-06-17T04:18:19.272+0300] {dagbag.py:539} INFO - Filling up the DagBag from /home/qwerty/.local/lib/python3.10/site-packages/airflow/example_dags/example_sla_dag.py
[2025-06-17T04:18:19.294+0300] {processor.py:839} INFO - DAG(s) dict_keys(['example_sla_dag']) retrieved from /home/qwerty/.local/lib/python3.10/site-packages/airflow/example_dags/example_sla_dag.py
[2025-06-17T04:18:19.331+0300] {logging_mixin.py:151} INFO - [2025-06-17T04:18:19.331+0300] {dag.py:2915} INFO - Sync 1 DAGs
[2025-06-17T04:18:19.379+0300] {logging_mixin.py:151} INFO - [2025-06-17T04:18:19.378+0300] {dag.py:3696} INFO - Setting next_dagrun for example_sla_dag to 2025-06-17T01:16:00+00:00, run_after=2025-06-17T01:18:00+00:00
[2025-06-17T04:18:19.433+0300] {processor.py:179} INFO - Processing /home/qwerty/.local/lib/python3.10/site-packages/airflow/example_dags/example_sla_dag.py took 0.175 seconds
[2025-06-17T04:19:20.348+0300] {processor.py:157} INFO - Started process (PID=19484) to work on /home/qwerty/.local/lib/python3.10/site-packages/airflow/example_dags/example_sla_dag.py
[2025-06-17T04:19:20.350+0300] {processor.py:829} INFO - Processing file /home/qwerty/.local/lib/python3.10/site-packages/airflow/example_dags/example_sla_dag.py for tasks to queue
[2025-06-17T04:19:20.353+0300] {logging_mixin.py:151} INFO - [2025-06-17T04:19:20.352+0300] {dagbag.py:539} INFO - Filling up the DagBag from /home/qwerty/.local/lib/python3.10/site-packages/airflow/example_dags/example_sla_dag.py
[2025-06-17T04:19:20.372+0300] {processor.py:839} INFO - DAG(s) dict_keys(['example_sla_dag']) retrieved from /home/qwerty/.local/lib/python3.10/site-packages/airflow/example_dags/example_sla_dag.py
[2025-06-17T04:19:20.400+0300] {logging_mixin.py:151} INFO - [2025-06-17T04:19:20.399+0300] {dag.py:2915} INFO - Sync 1 DAGs
[2025-06-17T04:19:20.440+0300] {logging_mixin.py:151} INFO - [2025-06-17T04:19:20.440+0300] {dag.py:3696} INFO - Setting next_dagrun for example_sla_dag to 2025-06-17T01:16:00+00:00, run_after=2025-06-17T01:18:00+00:00
[2025-06-17T04:19:20.487+0300] {processor.py:179} INFO - Processing /home/qwerty/.local/lib/python3.10/site-packages/airflow/example_dags/example_sla_dag.py took 0.146 seconds
[2025-06-17T04:20:12.243+0300] {processor.py:157} INFO - Started process (PID=19557) to work on /home/qwerty/.local/lib/python3.10/site-packages/airflow/example_dags/example_sla_dag.py
[2025-06-17T04:20:12.246+0300] {processor.py:829} INFO - Processing file /home/qwerty/.local/lib/python3.10/site-packages/airflow/example_dags/example_sla_dag.py for tasks to queue
[2025-06-17T04:20:12.249+0300] {logging_mixin.py:151} INFO - [2025-06-17T04:20:12.248+0300] {dagbag.py:539} INFO - Filling up the DagBag from /home/qwerty/.local/lib/python3.10/site-packages/airflow/example_dags/example_sla_dag.py
[2025-06-17T04:20:12.267+0300] {processor.py:839} INFO - DAG(s) dict_keys(['example_sla_dag']) retrieved from /home/qwerty/.local/lib/python3.10/site-packages/airflow/example_dags/example_sla_dag.py
[2025-06-17T04:20:12.287+0300] {logging_mixin.py:151} INFO - [2025-06-17T04:20:12.287+0300] {dag.py:2915} INFO - Sync 1 DAGs
[2025-06-17T04:20:12.316+0300] {logging_mixin.py:151} INFO - [2025-06-17T04:20:12.315+0300] {dag.py:3696} INFO - Setting next_dagrun for example_sla_dag to 2025-06-17T01:18:00+00:00, run_after=2025-06-17T01:20:00+00:00
[2025-06-17T04:20:12.362+0300] {processor.py:179} INFO - Processing /home/qwerty/.local/lib/python3.10/site-packages/airflow/example_dags/example_sla_dag.py took 0.130 seconds
[2025-06-17T04:21:04.828+0300] {processor.py:157} INFO - Started process (PID=19619) to work on /home/qwerty/.local/lib/python3.10/site-packages/airflow/example_dags/example_sla_dag.py
[2025-06-17T04:21:04.831+0300] {processor.py:829} INFO - Processing file /home/qwerty/.local/lib/python3.10/site-packages/airflow/example_dags/example_sla_dag.py for tasks to queue
[2025-06-17T04:21:04.833+0300] {logging_mixin.py:151} INFO - [2025-06-17T04:21:04.832+0300] {dagbag.py:539} INFO - Filling up the DagBag from /home/qwerty/.local/lib/python3.10/site-packages/airflow/example_dags/example_sla_dag.py
[2025-06-17T04:21:04.854+0300] {processor.py:839} INFO - DAG(s) dict_keys(['example_sla_dag']) retrieved from /home/qwerty/.local/lib/python3.10/site-packages/airflow/example_dags/example_sla_dag.py
[2025-06-17T04:21:04.873+0300] {logging_mixin.py:151} INFO - [2025-06-17T04:21:04.873+0300] {dag.py:2915} INFO - Sync 1 DAGs
[2025-06-17T04:21:04.897+0300] {logging_mixin.py:151} INFO - [2025-06-17T04:21:04.897+0300] {dag.py:3696} INFO - Setting next_dagrun for example_sla_dag to 2025-06-17T01:18:00+00:00, run_after=2025-06-17T01:20:00+00:00
[2025-06-17T04:21:04.937+0300] {processor.py:179} INFO - Processing /home/qwerty/.local/lib/python3.10/site-packages/airflow/example_dags/example_sla_dag.py took 0.121 seconds
[2025-06-17T04:22:02.139+0300] {processor.py:157} INFO - Started process (PID=19710) to work on /home/qwerty/.local/lib/python3.10/site-packages/airflow/example_dags/example_sla_dag.py
[2025-06-17T04:22:02.142+0300] {processor.py:829} INFO - Processing file /home/qwerty/.local/lib/python3.10/site-packages/airflow/example_dags/example_sla_dag.py for tasks to queue
[2025-06-17T04:22:02.145+0300] {logging_mixin.py:151} INFO - [2025-06-17T04:22:02.144+0300] {dagbag.py:539} INFO - Filling up the DagBag from /home/qwerty/.local/lib/python3.10/site-packages/airflow/example_dags/example_sla_dag.py
[2025-06-17T04:22:02.159+0300] {processor.py:839} INFO - DAG(s) dict_keys(['example_sla_dag']) retrieved from /home/qwerty/.local/lib/python3.10/site-packages/airflow/example_dags/example_sla_dag.py
[2025-06-17T04:22:02.177+0300] {logging_mixin.py:151} INFO - [2025-06-17T04:22:02.177+0300] {dag.py:2915} INFO - Sync 1 DAGs
[2025-06-17T04:22:02.204+0300] {logging_mixin.py:151} INFO - [2025-06-17T04:22:02.204+0300] {dag.py:3696} INFO - Setting next_dagrun for example_sla_dag to 2025-06-17T01:20:00+00:00, run_after=2025-06-17T01:22:00+00:00
[2025-06-17T04:22:02.247+0300] {processor.py:179} INFO - Processing /home/qwerty/.local/lib/python3.10/site-packages/airflow/example_dags/example_sla_dag.py took 0.119 seconds
[2025-06-17T04:22:58.625+0300] {processor.py:157} INFO - Started process (PID=19790) to work on /home/qwerty/.local/lib/python3.10/site-packages/airflow/example_dags/example_sla_dag.py
[2025-06-17T04:22:58.627+0300] {processor.py:829} INFO - Processing file /home/qwerty/.local/lib/python3.10/site-packages/airflow/example_dags/example_sla_dag.py for tasks to queue
[2025-06-17T04:22:58.629+0300] {logging_mixin.py:151} INFO - [2025-06-17T04:22:58.628+0300] {dagbag.py:539} INFO - Filling up the DagBag from /home/qwerty/.local/lib/python3.10/site-packages/airflow/example_dags/example_sla_dag.py
[2025-06-17T04:22:58.644+0300] {processor.py:839} INFO - DAG(s) dict_keys(['example_sla_dag']) retrieved from /home/qwerty/.local/lib/python3.10/site-packages/airflow/example_dags/example_sla_dag.py
[2025-06-17T04:22:58.672+0300] {logging_mixin.py:151} INFO - [2025-06-17T04:22:58.672+0300] {dag.py:2915} INFO - Sync 1 DAGs
[2025-06-17T04:22:58.709+0300] {logging_mixin.py:151} INFO - [2025-06-17T04:22:58.708+0300] {dag.py:3696} INFO - Setting next_dagrun for example_sla_dag to 2025-06-17T01:20:00+00:00, run_after=2025-06-17T01:22:00+00:00
[2025-06-17T04:22:58.745+0300] {processor.py:179} INFO - Processing /home/qwerty/.local/lib/python3.10/site-packages/airflow/example_dags/example_sla_dag.py took 0.126 seconds
[2025-06-17T04:23:55.687+0300] {processor.py:157} INFO - Started process (PID=19866) to work on /home/qwerty/.local/lib/python3.10/site-packages/airflow/example_dags/example_sla_dag.py
[2025-06-17T04:23:55.688+0300] {processor.py:829} INFO - Processing file /home/qwerty/.local/lib/python3.10/site-packages/airflow/example_dags/example_sla_dag.py for tasks to queue
[2025-06-17T04:23:55.690+0300] {logging_mixin.py:151} INFO - [2025-06-17T04:23:55.689+0300] {dagbag.py:539} INFO - Filling up the DagBag from /home/qwerty/.local/lib/python3.10/site-packages/airflow/example_dags/example_sla_dag.py
[2025-06-17T04:23:55.703+0300] {processor.py:839} INFO - DAG(s) dict_keys(['example_sla_dag']) retrieved from /home/qwerty/.local/lib/python3.10/site-packages/airflow/example_dags/example_sla_dag.py
[2025-06-17T04:23:55.731+0300] {logging_mixin.py:151} INFO - [2025-06-17T04:23:55.731+0300] {dag.py:2915} INFO - Sync 1 DAGs
[2025-06-17T04:23:55.764+0300] {logging_mixin.py:151} INFO - [2025-06-17T04:23:55.764+0300] {dag.py:3696} INFO - Setting next_dagrun for example_sla_dag to 2025-06-17T01:20:00+00:00, run_after=2025-06-17T01:22:00+00:00
[2025-06-17T04:23:55.795+0300] {processor.py:179} INFO - Processing /home/qwerty/.local/lib/python3.10/site-packages/airflow/example_dags/example_sla_dag.py took 0.115 seconds
[2025-06-17T04:25:26.761+0300] {processor.py:157} INFO - Started process (PID=19993) to work on /home/qwerty/.local/lib/python3.10/site-packages/airflow/example_dags/example_sla_dag.py
[2025-06-17T04:25:26.767+0300] {processor.py:829} INFO - Processing file /home/qwerty/.local/lib/python3.10/site-packages/airflow/example_dags/example_sla_dag.py for tasks to queue
[2025-06-17T04:25:26.769+0300] {logging_mixin.py:151} INFO - [2025-06-17T04:25:26.768+0300] {dagbag.py:539} INFO - Filling up the DagBag from /home/qwerty/.local/lib/python3.10/site-packages/airflow/example_dags/example_sla_dag.py
[2025-06-17T04:25:26.792+0300] {processor.py:839} INFO - DAG(s) dict_keys(['example_sla_dag']) retrieved from /home/qwerty/.local/lib/python3.10/site-packages/airflow/example_dags/example_sla_dag.py
[2025-06-17T04:25:26.837+0300] {logging_mixin.py:151} INFO - [2025-06-17T04:25:26.837+0300] {dag.py:2915} INFO - Sync 1 DAGs
[2025-06-17T04:25:26.910+0300] {logging_mixin.py:151} INFO - [2025-06-17T04:25:26.910+0300] {dag.py:3696} INFO - Setting next_dagrun for example_sla_dag to 2025-06-17T01:22:00+00:00, run_after=2025-06-17T01:24:00+00:00
[2025-06-17T04:25:26.975+0300] {processor.py:179} INFO - Processing /home/qwerty/.local/lib/python3.10/site-packages/airflow/example_dags/example_sla_dag.py took 0.224 seconds
[2025-06-17T04:26:22.823+0300] {processor.py:157} INFO - Started process (PID=20045) to work on /home/qwerty/.local/lib/python3.10/site-packages/airflow/example_dags/example_sla_dag.py
[2025-06-17T04:26:22.825+0300] {processor.py:829} INFO - Processing file /home/qwerty/.local/lib/python3.10/site-packages/airflow/example_dags/example_sla_dag.py for tasks to queue
[2025-06-17T04:26:22.826+0300] {logging_mixin.py:151} INFO - [2025-06-17T04:26:22.826+0300] {dagbag.py:539} INFO - Filling up the DagBag from /home/qwerty/.local/lib/python3.10/site-packages/airflow/example_dags/example_sla_dag.py
[2025-06-17T04:26:22.837+0300] {processor.py:839} INFO - DAG(s) dict_keys(['example_sla_dag']) retrieved from /home/qwerty/.local/lib/python3.10/site-packages/airflow/example_dags/example_sla_dag.py
[2025-06-17T04:26:22.857+0300] {logging_mixin.py:151} INFO - [2025-06-17T04:26:22.857+0300] {dag.py:2915} INFO - Sync 1 DAGs
[2025-06-17T04:26:22.914+0300] {logging_mixin.py:151} INFO - [2025-06-17T04:26:22.914+0300] {dag.py:3696} INFO - Setting next_dagrun for example_sla_dag to 2025-06-17T01:24:00+00:00, run_after=2025-06-17T01:26:00+00:00
[2025-06-17T04:26:22.958+0300] {processor.py:179} INFO - Processing /home/qwerty/.local/lib/python3.10/site-packages/airflow/example_dags/example_sla_dag.py took 0.145 seconds
[2025-06-17T04:27:13.812+0300] {processor.py:157} INFO - Started process (PID=20093) to work on /home/qwerty/.local/lib/python3.10/site-packages/airflow/example_dags/example_sla_dag.py
[2025-06-17T04:27:13.818+0300] {processor.py:829} INFO - Processing file /home/qwerty/.local/lib/python3.10/site-packages/airflow/example_dags/example_sla_dag.py for tasks to queue
[2025-06-17T04:27:13.820+0300] {logging_mixin.py:151} INFO - [2025-06-17T04:27:13.819+0300] {dagbag.py:539} INFO - Filling up the DagBag from /home/qwerty/.local/lib/python3.10/site-packages/airflow/example_dags/example_sla_dag.py
[2025-06-17T04:27:13.845+0300] {processor.py:839} INFO - DAG(s) dict_keys(['example_sla_dag']) retrieved from /home/qwerty/.local/lib/python3.10/site-packages/airflow/example_dags/example_sla_dag.py
[2025-06-17T04:27:13.885+0300] {logging_mixin.py:151} INFO - [2025-06-17T04:27:13.885+0300] {dag.py:2915} INFO - Sync 1 DAGs
[2025-06-17T04:27:13.949+0300] {logging_mixin.py:151} INFO - [2025-06-17T04:27:13.948+0300] {dag.py:3696} INFO - Setting next_dagrun for example_sla_dag to 2025-06-17T01:24:00+00:00, run_after=2025-06-17T01:26:00+00:00
[2025-06-17T04:27:14.001+0300] {processor.py:179} INFO - Processing /home/qwerty/.local/lib/python3.10/site-packages/airflow/example_dags/example_sla_dag.py took 0.197 seconds
[2025-06-17T04:28:04.315+0300] {processor.py:157} INFO - Started process (PID=20172) to work on /home/qwerty/.local/lib/python3.10/site-packages/airflow/example_dags/example_sla_dag.py
[2025-06-17T04:28:04.317+0300] {processor.py:829} INFO - Processing file /home/qwerty/.local/lib/python3.10/site-packages/airflow/example_dags/example_sla_dag.py for tasks to queue
[2025-06-17T04:28:04.319+0300] {logging_mixin.py:151} INFO - [2025-06-17T04:28:04.319+0300] {dagbag.py:539} INFO - Filling up the DagBag from /home/qwerty/.local/lib/python3.10/site-packages/airflow/example_dags/example_sla_dag.py
[2025-06-17T04:28:04.346+0300] {processor.py:839} INFO - DAG(s) dict_keys(['example_sla_dag']) retrieved from /home/qwerty/.local/lib/python3.10/site-packages/airflow/example_dags/example_sla_dag.py
[2025-06-17T04:28:04.366+0300] {logging_mixin.py:151} INFO - [2025-06-17T04:28:04.366+0300] {dag.py:2915} INFO - Sync 1 DAGs
[2025-06-17T04:28:04.396+0300] {logging_mixin.py:151} INFO - [2025-06-17T04:28:04.396+0300] {dag.py:3696} INFO - Setting next_dagrun for example_sla_dag to 2025-06-17T01:26:00+00:00, run_after=2025-06-17T01:28:00+00:00
[2025-06-17T04:28:04.430+0300] {processor.py:179} INFO - Processing /home/qwerty/.local/lib/python3.10/site-packages/airflow/example_dags/example_sla_dag.py took 0.124 seconds
[2025-06-17T04:28:54.477+0300] {processor.py:157} INFO - Started process (PID=20226) to work on /home/qwerty/.local/lib/python3.10/site-packages/airflow/example_dags/example_sla_dag.py
[2025-06-17T04:28:54.480+0300] {processor.py:829} INFO - Processing file /home/qwerty/.local/lib/python3.10/site-packages/airflow/example_dags/example_sla_dag.py for tasks to queue
[2025-06-17T04:28:54.483+0300] {logging_mixin.py:151} INFO - [2025-06-17T04:28:54.481+0300] {dagbag.py:539} INFO - Filling up the DagBag from /home/qwerty/.local/lib/python3.10/site-packages/airflow/example_dags/example_sla_dag.py
[2025-06-17T04:28:54.508+0300] {processor.py:839} INFO - DAG(s) dict_keys(['example_sla_dag']) retrieved from /home/qwerty/.local/lib/python3.10/site-packages/airflow/example_dags/example_sla_dag.py
[2025-06-17T04:28:54.527+0300] {logging_mixin.py:151} INFO - [2025-06-17T04:28:54.527+0300] {dag.py:2915} INFO - Sync 1 DAGs
[2025-06-17T04:28:54.555+0300] {logging_mixin.py:151} INFO - [2025-06-17T04:28:54.555+0300] {dag.py:3696} INFO - Setting next_dagrun for example_sla_dag to 2025-06-17T01:26:00+00:00, run_after=2025-06-17T01:28:00+00:00
[2025-06-17T04:28:54.596+0300] {processor.py:179} INFO - Processing /home/qwerty/.local/lib/python3.10/site-packages/airflow/example_dags/example_sla_dag.py took 0.131 seconds
[2025-06-17T04:29:57.913+0300] {processor.py:157} INFO - Started process (PID=20293) to work on /home/qwerty/.local/lib/python3.10/site-packages/airflow/example_dags/example_sla_dag.py
[2025-06-17T04:29:57.915+0300] {processor.py:829} INFO - Processing file /home/qwerty/.local/lib/python3.10/site-packages/airflow/example_dags/example_sla_dag.py for tasks to queue
[2025-06-17T04:29:57.917+0300] {logging_mixin.py:151} INFO - [2025-06-17T04:29:57.916+0300] {dagbag.py:539} INFO - Filling up the DagBag from /home/qwerty/.local/lib/python3.10/site-packages/airflow/example_dags/example_sla_dag.py
[2025-06-17T04:29:57.933+0300] {processor.py:839} INFO - DAG(s) dict_keys(['example_sla_dag']) retrieved from /home/qwerty/.local/lib/python3.10/site-packages/airflow/example_dags/example_sla_dag.py
[2025-06-17T04:29:57.960+0300] {logging_mixin.py:151} INFO - [2025-06-17T04:29:57.959+0300] {dag.py:2915} INFO - Sync 1 DAGs
[2025-06-17T04:29:58.006+0300] {logging_mixin.py:151} INFO - [2025-06-17T04:29:58.005+0300] {dag.py:3696} INFO - Setting next_dagrun for example_sla_dag to 2025-06-17T01:26:00+00:00, run_after=2025-06-17T01:28:00+00:00
[2025-06-17T04:29:58.040+0300] {processor.py:179} INFO - Processing /home/qwerty/.local/lib/python3.10/site-packages/airflow/example_dags/example_sla_dag.py took 0.133 seconds
[2025-06-17T04:30:55.144+0300] {processor.py:157} INFO - Started process (PID=20353) to work on /home/qwerty/.local/lib/python3.10/site-packages/airflow/example_dags/example_sla_dag.py
[2025-06-17T04:30:55.147+0300] {processor.py:829} INFO - Processing file /home/qwerty/.local/lib/python3.10/site-packages/airflow/example_dags/example_sla_dag.py for tasks to queue
[2025-06-17T04:30:55.150+0300] {logging_mixin.py:151} INFO - [2025-06-17T04:30:55.149+0300] {dagbag.py:539} INFO - Filling up the DagBag from /home/qwerty/.local/lib/python3.10/site-packages/airflow/example_dags/example_sla_dag.py
[2025-06-17T04:30:55.170+0300] {processor.py:839} INFO - DAG(s) dict_keys(['example_sla_dag']) retrieved from /home/qwerty/.local/lib/python3.10/site-packages/airflow/example_dags/example_sla_dag.py
[2025-06-17T04:30:55.189+0300] {logging_mixin.py:151} INFO - [2025-06-17T04:30:55.189+0300] {dag.py:2915} INFO - Sync 1 DAGs
[2025-06-17T04:30:55.216+0300] {logging_mixin.py:151} INFO - [2025-06-17T04:30:55.216+0300] {dag.py:3696} INFO - Setting next_dagrun for example_sla_dag to 2025-06-17T01:28:00+00:00, run_after=2025-06-17T01:30:00+00:00
[2025-06-17T04:30:55.257+0300] {processor.py:179} INFO - Processing /home/qwerty/.local/lib/python3.10/site-packages/airflow/example_dags/example_sla_dag.py took 0.125 seconds
