[2025-06-17T04:08:14.056+0300] {processor.py:157} INFO - Started process (PID=18727) to work on /home/qwerty/.local/lib/python3.10/site-packages/airflow/example_dags/example_task_group_decorator.py
[2025-06-17T04:08:14.059+0300] {processor.py:829} INFO - Processing file /home/qwerty/.local/lib/python3.10/site-packages/airflow/example_dags/example_task_group_decorator.py for tasks to queue
[2025-06-17T04:08:14.062+0300] {logging_mixin.py:151} INFO - [2025-06-17T04:08:14.060+0300] {dagbag.py:539} INFO - Filling up the DagBag from /home/qwerty/.local/lib/python3.10/site-packages/airflow/example_dags/example_task_group_decorator.py
[2025-06-17T04:08:14.127+0300] {processor.py:839} INFO - DAG(s) dict_keys(['example_task_group_decorator']) retrieved from /home/qwerty/.local/lib/python3.10/site-packages/airflow/example_dags/example_task_group_decorator.py
[2025-06-17T04:08:14.200+0300] {logging_mixin.py:151} INFO - [2025-06-17T04:08:14.199+0300] {dag.py:2915} INFO - Sync 1 DAGs
[2025-06-17T04:08:14.259+0300] {logging_mixin.py:151} INFO - [2025-06-17T04:08:14.258+0300] {dag.py:3696} INFO - Setting next_dagrun for example_task_group_decorator to 2025-06-16T01:08:14.258014+00:00, run_after=2025-06-17T01:08:14.258014+00:00
[2025-06-17T04:08:14.314+0300] {processor.py:179} INFO - Processing /home/qwerty/.local/lib/python3.10/site-packages/airflow/example_dags/example_task_group_decorator.py took 0.270 seconds
[2025-06-17T04:09:12.260+0300] {processor.py:157} INFO - Started process (PID=18803) to work on /home/qwerty/.local/lib/python3.10/site-packages/airflow/example_dags/example_task_group_decorator.py
[2025-06-17T04:09:12.262+0300] {processor.py:829} INFO - Processing file /home/qwerty/.local/lib/python3.10/site-packages/airflow/example_dags/example_task_group_decorator.py for tasks to queue
[2025-06-17T04:09:12.264+0300] {logging_mixin.py:151} INFO - [2025-06-17T04:09:12.263+0300] {dagbag.py:539} INFO - Filling up the DagBag from /home/qwerty/.local/lib/python3.10/site-packages/airflow/example_dags/example_task_group_decorator.py
[2025-06-17T04:09:12.291+0300] {processor.py:839} INFO - DAG(s) dict_keys(['example_task_group_decorator']) retrieved from /home/qwerty/.local/lib/python3.10/site-packages/airflow/example_dags/example_task_group_decorator.py
[2025-06-17T04:09:12.325+0300] {logging_mixin.py:151} INFO - [2025-06-17T04:09:12.325+0300] {dag.py:2915} INFO - Sync 1 DAGs
[2025-06-17T04:09:12.365+0300] {logging_mixin.py:151} INFO - [2025-06-17T04:09:12.365+0300] {dag.py:3696} INFO - Setting next_dagrun for example_task_group_decorator to 2025-06-16T01:09:12.364654+00:00, run_after=2025-06-17T01:09:12.364654+00:00
[2025-06-17T04:09:12.410+0300] {processor.py:179} INFO - Processing /home/qwerty/.local/lib/python3.10/site-packages/airflow/example_dags/example_task_group_decorator.py took 0.158 seconds
[2025-06-17T04:10:08.492+0300] {processor.py:157} INFO - Started process (PID=18854) to work on /home/qwerty/.local/lib/python3.10/site-packages/airflow/example_dags/example_task_group_decorator.py
[2025-06-17T04:10:08.497+0300] {processor.py:829} INFO - Processing file /home/qwerty/.local/lib/python3.10/site-packages/airflow/example_dags/example_task_group_decorator.py for tasks to queue
[2025-06-17T04:10:08.500+0300] {logging_mixin.py:151} INFO - [2025-06-17T04:10:08.499+0300] {dagbag.py:539} INFO - Filling up the DagBag from /home/qwerty/.local/lib/python3.10/site-packages/airflow/example_dags/example_task_group_decorator.py
[2025-06-17T04:10:08.547+0300] {processor.py:839} INFO - DAG(s) dict_keys(['example_task_group_decorator']) retrieved from /home/qwerty/.local/lib/python3.10/site-packages/airflow/example_dags/example_task_group_decorator.py
[2025-06-17T04:10:08.603+0300] {logging_mixin.py:151} INFO - [2025-06-17T04:10:08.603+0300] {dag.py:2915} INFO - Sync 1 DAGs
[2025-06-17T04:10:08.653+0300] {logging_mixin.py:151} INFO - [2025-06-17T04:10:08.652+0300] {dag.py:3696} INFO - Setting next_dagrun for example_task_group_decorator to 2025-06-16T01:10:08.652159+00:00, run_after=2025-06-17T01:10:08.652159+00:00
[2025-06-17T04:10:08.717+0300] {processor.py:179} INFO - Processing /home/qwerty/.local/lib/python3.10/site-packages/airflow/example_dags/example_task_group_decorator.py took 0.236 seconds
[2025-06-17T04:11:06.253+0300] {processor.py:157} INFO - Started process (PID=18907) to work on /home/qwerty/.local/lib/python3.10/site-packages/airflow/example_dags/example_task_group_decorator.py
[2025-06-17T04:11:06.257+0300] {processor.py:829} INFO - Processing file /home/qwerty/.local/lib/python3.10/site-packages/airflow/example_dags/example_task_group_decorator.py for tasks to queue
[2025-06-17T04:11:06.260+0300] {logging_mixin.py:151} INFO - [2025-06-17T04:11:06.258+0300] {dagbag.py:539} INFO - Filling up the DagBag from /home/qwerty/.local/lib/python3.10/site-packages/airflow/example_dags/example_task_group_decorator.py
[2025-06-17T04:11:06.294+0300] {processor.py:839} INFO - DAG(s) dict_keys(['example_task_group_decorator']) retrieved from /home/qwerty/.local/lib/python3.10/site-packages/airflow/example_dags/example_task_group_decorator.py
[2025-06-17T04:11:06.335+0300] {logging_mixin.py:151} INFO - [2025-06-17T04:11:06.335+0300] {dag.py:2915} INFO - Sync 1 DAGs
[2025-06-17T04:11:06.380+0300] {logging_mixin.py:151} INFO - [2025-06-17T04:11:06.380+0300] {dag.py:3696} INFO - Setting next_dagrun for example_task_group_decorator to 2025-06-16T01:11:06.379861+00:00, run_after=2025-06-17T01:11:06.379861+00:00
[2025-06-17T04:11:06.422+0300] {processor.py:179} INFO - Processing /home/qwerty/.local/lib/python3.10/site-packages/airflow/example_dags/example_task_group_decorator.py took 0.175 seconds
[2025-06-17T04:12:03.243+0300] {processor.py:157} INFO - Started process (PID=18963) to work on /home/qwerty/.local/lib/python3.10/site-packages/airflow/example_dags/example_task_group_decorator.py
[2025-06-17T04:12:03.245+0300] {processor.py:829} INFO - Processing file /home/qwerty/.local/lib/python3.10/site-packages/airflow/example_dags/example_task_group_decorator.py for tasks to queue
[2025-06-17T04:12:03.247+0300] {logging_mixin.py:151} INFO - [2025-06-17T04:12:03.246+0300] {dagbag.py:539} INFO - Filling up the DagBag from /home/qwerty/.local/lib/python3.10/site-packages/airflow/example_dags/example_task_group_decorator.py
[2025-06-17T04:12:03.299+0300] {processor.py:839} INFO - DAG(s) dict_keys(['example_task_group_decorator']) retrieved from /home/qwerty/.local/lib/python3.10/site-packages/airflow/example_dags/example_task_group_decorator.py
[2025-06-17T04:12:03.355+0300] {logging_mixin.py:151} INFO - [2025-06-17T04:12:03.354+0300] {dag.py:2915} INFO - Sync 1 DAGs
[2025-06-17T04:12:03.409+0300] {logging_mixin.py:151} INFO - [2025-06-17T04:12:03.409+0300] {dag.py:3696} INFO - Setting next_dagrun for example_task_group_decorator to 2025-06-16T01:12:03.408829+00:00, run_after=2025-06-17T01:12:03.408829+00:00
[2025-06-17T04:12:03.458+0300] {processor.py:179} INFO - Processing /home/qwerty/.local/lib/python3.10/site-packages/airflow/example_dags/example_task_group_decorator.py took 0.223 seconds
[2025-06-17T04:13:01.835+0300] {processor.py:157} INFO - Started process (PID=19055) to work on /home/qwerty/.local/lib/python3.10/site-packages/airflow/example_dags/example_task_group_decorator.py
[2025-06-17T04:13:01.838+0300] {processor.py:829} INFO - Processing file /home/qwerty/.local/lib/python3.10/site-packages/airflow/example_dags/example_task_group_decorator.py for tasks to queue
[2025-06-17T04:13:01.839+0300] {logging_mixin.py:151} INFO - [2025-06-17T04:13:01.839+0300] {dagbag.py:539} INFO - Filling up the DagBag from /home/qwerty/.local/lib/python3.10/site-packages/airflow/example_dags/example_task_group_decorator.py
[2025-06-17T04:13:01.870+0300] {processor.py:839} INFO - DAG(s) dict_keys(['example_task_group_decorator']) retrieved from /home/qwerty/.local/lib/python3.10/site-packages/airflow/example_dags/example_task_group_decorator.py
[2025-06-17T04:13:01.910+0300] {logging_mixin.py:151} INFO - [2025-06-17T04:13:01.910+0300] {dag.py:2915} INFO - Sync 1 DAGs
[2025-06-17T04:13:01.952+0300] {logging_mixin.py:151} INFO - [2025-06-17T04:13:01.951+0300] {dag.py:3696} INFO - Setting next_dagrun for example_task_group_decorator to 2025-06-16T01:13:01.951009+00:00, run_after=2025-06-17T01:13:01.951009+00:00
[2025-06-17T04:13:02.007+0300] {processor.py:179} INFO - Processing /home/qwerty/.local/lib/python3.10/site-packages/airflow/example_dags/example_task_group_decorator.py took 0.186 seconds
[2025-06-17T04:13:57.176+0300] {processor.py:157} INFO - Started process (PID=19104) to work on /home/qwerty/.local/lib/python3.10/site-packages/airflow/example_dags/example_task_group_decorator.py
[2025-06-17T04:13:57.178+0300] {processor.py:829} INFO - Processing file /home/qwerty/.local/lib/python3.10/site-packages/airflow/example_dags/example_task_group_decorator.py for tasks to queue
[2025-06-17T04:13:57.181+0300] {logging_mixin.py:151} INFO - [2025-06-17T04:13:57.180+0300] {dagbag.py:539} INFO - Filling up the DagBag from /home/qwerty/.local/lib/python3.10/site-packages/airflow/example_dags/example_task_group_decorator.py
[2025-06-17T04:13:57.212+0300] {processor.py:839} INFO - DAG(s) dict_keys(['example_task_group_decorator']) retrieved from /home/qwerty/.local/lib/python3.10/site-packages/airflow/example_dags/example_task_group_decorator.py
[2025-06-17T04:13:57.251+0300] {logging_mixin.py:151} INFO - [2025-06-17T04:13:57.250+0300] {dag.py:2915} INFO - Sync 1 DAGs
[2025-06-17T04:13:57.289+0300] {logging_mixin.py:151} INFO - [2025-06-17T04:13:57.288+0300] {dag.py:3696} INFO - Setting next_dagrun for example_task_group_decorator to 2025-06-16T01:13:57.288260+00:00, run_after=2025-06-17T01:13:57.288260+00:00
[2025-06-17T04:13:57.327+0300] {processor.py:179} INFO - Processing /home/qwerty/.local/lib/python3.10/site-packages/airflow/example_dags/example_task_group_decorator.py took 0.156 seconds
[2025-06-17T04:14:59.512+0300] {processor.py:157} INFO - Started process (PID=19166) to work on /home/qwerty/.local/lib/python3.10/site-packages/airflow/example_dags/example_task_group_decorator.py
[2025-06-17T04:14:59.515+0300] {processor.py:829} INFO - Processing file /home/qwerty/.local/lib/python3.10/site-packages/airflow/example_dags/example_task_group_decorator.py for tasks to queue
[2025-06-17T04:14:59.516+0300] {logging_mixin.py:151} INFO - [2025-06-17T04:14:59.516+0300] {dagbag.py:539} INFO - Filling up the DagBag from /home/qwerty/.local/lib/python3.10/site-packages/airflow/example_dags/example_task_group_decorator.py
[2025-06-17T04:14:59.539+0300] {processor.py:839} INFO - DAG(s) dict_keys(['example_task_group_decorator']) retrieved from /home/qwerty/.local/lib/python3.10/site-packages/airflow/example_dags/example_task_group_decorator.py
[2025-06-17T04:14:59.589+0300] {logging_mixin.py:151} INFO - [2025-06-17T04:14:59.589+0300] {dag.py:2915} INFO - Sync 1 DAGs
[2025-06-17T04:14:59.632+0300] {logging_mixin.py:151} INFO - [2025-06-17T04:14:59.631+0300] {dag.py:3696} INFO - Setting next_dagrun for example_task_group_decorator to 2025-06-16T01:14:59.631518+00:00, run_after=2025-06-17T01:14:59.631518+00:00
[2025-06-17T04:14:59.674+0300] {processor.py:179} INFO - Processing /home/qwerty/.local/lib/python3.10/site-packages/airflow/example_dags/example_task_group_decorator.py took 0.170 seconds
[2025-06-17T04:15:59.743+0300] {processor.py:157} INFO - Started process (PID=19217) to work on /home/qwerty/.local/lib/python3.10/site-packages/airflow/example_dags/example_task_group_decorator.py
[2025-06-17T04:15:59.747+0300] {processor.py:829} INFO - Processing file /home/qwerty/.local/lib/python3.10/site-packages/airflow/example_dags/example_task_group_decorator.py for tasks to queue
[2025-06-17T04:15:59.749+0300] {logging_mixin.py:151} INFO - [2025-06-17T04:15:59.748+0300] {dagbag.py:539} INFO - Filling up the DagBag from /home/qwerty/.local/lib/python3.10/site-packages/airflow/example_dags/example_task_group_decorator.py
[2025-06-17T04:15:59.776+0300] {processor.py:839} INFO - DAG(s) dict_keys(['example_task_group_decorator']) retrieved from /home/qwerty/.local/lib/python3.10/site-packages/airflow/example_dags/example_task_group_decorator.py
[2025-06-17T04:15:59.811+0300] {logging_mixin.py:151} INFO - [2025-06-17T04:15:59.810+0300] {dag.py:2915} INFO - Sync 1 DAGs
[2025-06-17T04:15:59.847+0300] {logging_mixin.py:151} INFO - [2025-06-17T04:15:59.847+0300] {dag.py:3696} INFO - Setting next_dagrun for example_task_group_decorator to 2025-06-16T01:15:59.846513+00:00, run_after=2025-06-17T01:15:59.846513+00:00
[2025-06-17T04:15:59.890+0300] {processor.py:179} INFO - Processing /home/qwerty/.local/lib/python3.10/site-packages/airflow/example_dags/example_task_group_decorator.py took 0.158 seconds
[2025-06-17T04:16:56.807+0300] {processor.py:157} INFO - Started process (PID=19302) to work on /home/qwerty/.local/lib/python3.10/site-packages/airflow/example_dags/example_task_group_decorator.py
[2025-06-17T04:16:56.811+0300] {processor.py:829} INFO - Processing file /home/qwerty/.local/lib/python3.10/site-packages/airflow/example_dags/example_task_group_decorator.py for tasks to queue
[2025-06-17T04:16:56.812+0300] {logging_mixin.py:151} INFO - [2025-06-17T04:16:56.811+0300] {dagbag.py:539} INFO - Filling up the DagBag from /home/qwerty/.local/lib/python3.10/site-packages/airflow/example_dags/example_task_group_decorator.py
[2025-06-17T04:16:56.828+0300] {processor.py:839} INFO - DAG(s) dict_keys(['example_task_group_decorator']) retrieved from /home/qwerty/.local/lib/python3.10/site-packages/airflow/example_dags/example_task_group_decorator.py
[2025-06-17T04:16:56.852+0300] {logging_mixin.py:151} INFO - [2025-06-17T04:16:56.851+0300] {dag.py:2915} INFO - Sync 1 DAGs
[2025-06-17T04:16:56.875+0300] {logging_mixin.py:151} INFO - [2025-06-17T04:16:56.875+0300] {dag.py:3696} INFO - Setting next_dagrun for example_task_group_decorator to 2025-06-16T01:16:56.874990+00:00, run_after=2025-06-17T01:16:56.874990+00:00
[2025-06-17T04:16:56.923+0300] {processor.py:179} INFO - Processing /home/qwerty/.local/lib/python3.10/site-packages/airflow/example_dags/example_task_group_decorator.py took 0.126 seconds
[2025-06-17T04:17:48.281+0300] {processor.py:157} INFO - Started process (PID=19359) to work on /home/qwerty/.local/lib/python3.10/site-packages/airflow/example_dags/example_task_group_decorator.py
[2025-06-17T04:17:48.285+0300] {processor.py:829} INFO - Processing file /home/qwerty/.local/lib/python3.10/site-packages/airflow/example_dags/example_task_group_decorator.py for tasks to queue
[2025-06-17T04:17:48.288+0300] {logging_mixin.py:151} INFO - [2025-06-17T04:17:48.287+0300] {dagbag.py:539} INFO - Filling up the DagBag from /home/qwerty/.local/lib/python3.10/site-packages/airflow/example_dags/example_task_group_decorator.py
[2025-06-17T04:17:48.305+0300] {processor.py:839} INFO - DAG(s) dict_keys(['example_task_group_decorator']) retrieved from /home/qwerty/.local/lib/python3.10/site-packages/airflow/example_dags/example_task_group_decorator.py
[2025-06-17T04:17:48.330+0300] {logging_mixin.py:151} INFO - [2025-06-17T04:17:48.329+0300] {dag.py:2915} INFO - Sync 1 DAGs
[2025-06-17T04:17:48.359+0300] {logging_mixin.py:151} INFO - [2025-06-17T04:17:48.358+0300] {dag.py:3696} INFO - Setting next_dagrun for example_task_group_decorator to 2025-06-16T01:17:48.358506+00:00, run_after=2025-06-17T01:17:48.358506+00:00
[2025-06-17T04:17:48.388+0300] {processor.py:179} INFO - Processing /home/qwerty/.local/lib/python3.10/site-packages/airflow/example_dags/example_task_group_decorator.py took 0.118 seconds
[2025-06-17T04:18:45.849+0300] {processor.py:157} INFO - Started process (PID=19419) to work on /home/qwerty/.local/lib/python3.10/site-packages/airflow/example_dags/example_task_group_decorator.py
[2025-06-17T04:18:45.852+0300] {processor.py:829} INFO - Processing file /home/qwerty/.local/lib/python3.10/site-packages/airflow/example_dags/example_task_group_decorator.py for tasks to queue
[2025-06-17T04:18:45.854+0300] {logging_mixin.py:151} INFO - [2025-06-17T04:18:45.853+0300] {dagbag.py:539} INFO - Filling up the DagBag from /home/qwerty/.local/lib/python3.10/site-packages/airflow/example_dags/example_task_group_decorator.py
[2025-06-17T04:18:45.874+0300] {processor.py:839} INFO - DAG(s) dict_keys(['example_task_group_decorator']) retrieved from /home/qwerty/.local/lib/python3.10/site-packages/airflow/example_dags/example_task_group_decorator.py
[2025-06-17T04:18:45.897+0300] {logging_mixin.py:151} INFO - [2025-06-17T04:18:45.897+0300] {dag.py:2915} INFO - Sync 1 DAGs
[2025-06-17T04:18:45.921+0300] {logging_mixin.py:151} INFO - [2025-06-17T04:18:45.921+0300] {dag.py:3696} INFO - Setting next_dagrun for example_task_group_decorator to 2025-06-16T01:18:45.920872+00:00, run_after=2025-06-17T01:18:45.920872+00:00
[2025-06-17T04:18:45.968+0300] {processor.py:179} INFO - Processing /home/qwerty/.local/lib/python3.10/site-packages/airflow/example_dags/example_task_group_decorator.py took 0.131 seconds
[2025-06-17T04:19:42.606+0300] {processor.py:157} INFO - Started process (PID=19521) to work on /home/qwerty/.local/lib/python3.10/site-packages/airflow/example_dags/example_task_group_decorator.py
[2025-06-17T04:19:42.609+0300] {processor.py:829} INFO - Processing file /home/qwerty/.local/lib/python3.10/site-packages/airflow/example_dags/example_task_group_decorator.py for tasks to queue
[2025-06-17T04:19:42.612+0300] {logging_mixin.py:151} INFO - [2025-06-17T04:19:42.611+0300] {dagbag.py:539} INFO - Filling up the DagBag from /home/qwerty/.local/lib/python3.10/site-packages/airflow/example_dags/example_task_group_decorator.py
[2025-06-17T04:19:42.633+0300] {processor.py:839} INFO - DAG(s) dict_keys(['example_task_group_decorator']) retrieved from /home/qwerty/.local/lib/python3.10/site-packages/airflow/example_dags/example_task_group_decorator.py
[2025-06-17T04:19:42.665+0300] {logging_mixin.py:151} INFO - [2025-06-17T04:19:42.665+0300] {dag.py:2915} INFO - Sync 1 DAGs
[2025-06-17T04:19:42.688+0300] {logging_mixin.py:151} INFO - [2025-06-17T04:19:42.688+0300] {dag.py:3696} INFO - Setting next_dagrun for example_task_group_decorator to 2025-06-16T01:19:42.687850+00:00, run_after=2025-06-17T01:19:42.687850+00:00
[2025-06-17T04:19:42.734+0300] {processor.py:179} INFO - Processing /home/qwerty/.local/lib/python3.10/site-packages/airflow/example_dags/example_task_group_decorator.py took 0.138 seconds
[2025-06-17T04:20:33.471+0300] {processor.py:157} INFO - Started process (PID=19575) to work on /home/qwerty/.local/lib/python3.10/site-packages/airflow/example_dags/example_task_group_decorator.py
[2025-06-17T04:20:33.472+0300] {processor.py:829} INFO - Processing file /home/qwerty/.local/lib/python3.10/site-packages/airflow/example_dags/example_task_group_decorator.py for tasks to queue
[2025-06-17T04:20:33.473+0300] {logging_mixin.py:151} INFO - [2025-06-17T04:20:33.473+0300] {dagbag.py:539} INFO - Filling up the DagBag from /home/qwerty/.local/lib/python3.10/site-packages/airflow/example_dags/example_task_group_decorator.py
[2025-06-17T04:20:33.507+0300] {processor.py:839} INFO - DAG(s) dict_keys(['example_task_group_decorator']) retrieved from /home/qwerty/.local/lib/python3.10/site-packages/airflow/example_dags/example_task_group_decorator.py
[2025-06-17T04:20:33.543+0300] {logging_mixin.py:151} INFO - [2025-06-17T04:20:33.543+0300] {dag.py:2915} INFO - Sync 1 DAGs
[2025-06-17T04:20:33.567+0300] {logging_mixin.py:151} INFO - [2025-06-17T04:20:33.567+0300] {dag.py:3696} INFO - Setting next_dagrun for example_task_group_decorator to 2025-06-16T01:20:33.566807+00:00, run_after=2025-06-17T01:20:33.566807+00:00
[2025-06-17T04:20:33.594+0300] {processor.py:179} INFO - Processing /home/qwerty/.local/lib/python3.10/site-packages/airflow/example_dags/example_task_group_decorator.py took 0.133 seconds
[2025-06-17T04:21:28.425+0300] {processor.py:157} INFO - Started process (PID=19664) to work on /home/qwerty/.local/lib/python3.10/site-packages/airflow/example_dags/example_task_group_decorator.py
[2025-06-17T04:21:28.427+0300] {processor.py:829} INFO - Processing file /home/qwerty/.local/lib/python3.10/site-packages/airflow/example_dags/example_task_group_decorator.py for tasks to queue
[2025-06-17T04:21:28.428+0300] {logging_mixin.py:151} INFO - [2025-06-17T04:21:28.428+0300] {dagbag.py:539} INFO - Filling up the DagBag from /home/qwerty/.local/lib/python3.10/site-packages/airflow/example_dags/example_task_group_decorator.py
[2025-06-17T04:21:28.459+0300] {processor.py:839} INFO - DAG(s) dict_keys(['example_task_group_decorator']) retrieved from /home/qwerty/.local/lib/python3.10/site-packages/airflow/example_dags/example_task_group_decorator.py
[2025-06-17T04:21:28.488+0300] {logging_mixin.py:151} INFO - [2025-06-17T04:21:28.488+0300] {dag.py:2915} INFO - Sync 1 DAGs
[2025-06-17T04:21:28.512+0300] {logging_mixin.py:151} INFO - [2025-06-17T04:21:28.512+0300] {dag.py:3696} INFO - Setting next_dagrun for example_task_group_decorator to 2025-06-16T01:21:28.511784+00:00, run_after=2025-06-17T01:21:28.511784+00:00
[2025-06-17T04:21:28.541+0300] {processor.py:179} INFO - Processing /home/qwerty/.local/lib/python3.10/site-packages/airflow/example_dags/example_task_group_decorator.py took 0.124 seconds
[2025-06-17T04:22:28.379+0300] {processor.py:157} INFO - Started process (PID=19744) to work on /home/qwerty/.local/lib/python3.10/site-packages/airflow/example_dags/example_task_group_decorator.py
[2025-06-17T04:22:28.381+0300] {processor.py:829} INFO - Processing file /home/qwerty/.local/lib/python3.10/site-packages/airflow/example_dags/example_task_group_decorator.py for tasks to queue
[2025-06-17T04:22:28.382+0300] {logging_mixin.py:151} INFO - [2025-06-17T04:22:28.381+0300] {dagbag.py:539} INFO - Filling up the DagBag from /home/qwerty/.local/lib/python3.10/site-packages/airflow/example_dags/example_task_group_decorator.py
[2025-06-17T04:22:28.409+0300] {processor.py:839} INFO - DAG(s) dict_keys(['example_task_group_decorator']) retrieved from /home/qwerty/.local/lib/python3.10/site-packages/airflow/example_dags/example_task_group_decorator.py
[2025-06-17T04:22:28.442+0300] {logging_mixin.py:151} INFO - [2025-06-17T04:22:28.442+0300] {dag.py:2915} INFO - Sync 1 DAGs
[2025-06-17T04:22:28.472+0300] {logging_mixin.py:151} INFO - [2025-06-17T04:22:28.471+0300] {dag.py:3696} INFO - Setting next_dagrun for example_task_group_decorator to 2025-06-16T01:22:28.471257+00:00, run_after=2025-06-17T01:22:28.471257+00:00
[2025-06-17T04:22:28.518+0300] {processor.py:179} INFO - Processing /home/qwerty/.local/lib/python3.10/site-packages/airflow/example_dags/example_task_group_decorator.py took 0.145 seconds
[2025-06-17T04:23:23.453+0300] {processor.py:157} INFO - Started process (PID=19826) to work on /home/qwerty/.local/lib/python3.10/site-packages/airflow/example_dags/example_task_group_decorator.py
[2025-06-17T04:23:23.456+0300] {processor.py:829} INFO - Processing file /home/qwerty/.local/lib/python3.10/site-packages/airflow/example_dags/example_task_group_decorator.py for tasks to queue
[2025-06-17T04:23:23.458+0300] {logging_mixin.py:151} INFO - [2025-06-17T04:23:23.457+0300] {dagbag.py:539} INFO - Filling up the DagBag from /home/qwerty/.local/lib/python3.10/site-packages/airflow/example_dags/example_task_group_decorator.py
[2025-06-17T04:23:23.491+0300] {processor.py:839} INFO - DAG(s) dict_keys(['example_task_group_decorator']) retrieved from /home/qwerty/.local/lib/python3.10/site-packages/airflow/example_dags/example_task_group_decorator.py
[2025-06-17T04:23:23.526+0300] {logging_mixin.py:151} INFO - [2025-06-17T04:23:23.525+0300] {dag.py:2915} INFO - Sync 1 DAGs
[2025-06-17T04:23:23.562+0300] {logging_mixin.py:151} INFO - [2025-06-17T04:23:23.561+0300] {dag.py:3696} INFO - Setting next_dagrun for example_task_group_decorator to 2025-06-16T01:23:23.561398+00:00, run_after=2025-06-17T01:23:23.561398+00:00
[2025-06-17T04:23:23.600+0300] {processor.py:179} INFO - Processing /home/qwerty/.local/lib/python3.10/site-packages/airflow/example_dags/example_task_group_decorator.py took 0.154 seconds
[2025-06-17T04:24:24.306+0300] {processor.py:157} INFO - Started process (PID=19908) to work on /home/qwerty/.local/lib/python3.10/site-packages/airflow/example_dags/example_task_group_decorator.py
[2025-06-17T04:24:24.308+0300] {processor.py:829} INFO - Processing file /home/qwerty/.local/lib/python3.10/site-packages/airflow/example_dags/example_task_group_decorator.py for tasks to queue
[2025-06-17T04:24:24.310+0300] {logging_mixin.py:151} INFO - [2025-06-17T04:24:24.309+0300] {dagbag.py:539} INFO - Filling up the DagBag from /home/qwerty/.local/lib/python3.10/site-packages/airflow/example_dags/example_task_group_decorator.py
[2025-06-17T04:24:24.335+0300] {processor.py:839} INFO - DAG(s) dict_keys(['example_task_group_decorator']) retrieved from /home/qwerty/.local/lib/python3.10/site-packages/airflow/example_dags/example_task_group_decorator.py
[2025-06-17T04:24:24.367+0300] {logging_mixin.py:151} INFO - [2025-06-17T04:24:24.367+0300] {dag.py:2915} INFO - Sync 1 DAGs
[2025-06-17T04:24:24.398+0300] {logging_mixin.py:151} INFO - [2025-06-17T04:24:24.398+0300] {dag.py:3696} INFO - Setting next_dagrun for example_task_group_decorator to 2025-06-16T01:24:24.397706+00:00, run_after=2025-06-17T01:24:24.397706+00:00
[2025-06-17T04:24:24.434+0300] {processor.py:179} INFO - Processing /home/qwerty/.local/lib/python3.10/site-packages/airflow/example_dags/example_task_group_decorator.py took 0.135 seconds
[2025-06-17T04:25:22.757+0300] {processor.py:157} INFO - Started process (PID=19989) to work on /home/qwerty/.local/lib/python3.10/site-packages/airflow/example_dags/example_task_group_decorator.py
[2025-06-17T04:25:22.759+0300] {processor.py:829} INFO - Processing file /home/qwerty/.local/lib/python3.10/site-packages/airflow/example_dags/example_task_group_decorator.py for tasks to queue
[2025-06-17T04:25:22.761+0300] {logging_mixin.py:151} INFO - [2025-06-17T04:25:22.760+0300] {dagbag.py:539} INFO - Filling up the DagBag from /home/qwerty/.local/lib/python3.10/site-packages/airflow/example_dags/example_task_group_decorator.py
[2025-06-17T04:25:22.794+0300] {processor.py:839} INFO - DAG(s) dict_keys(['example_task_group_decorator']) retrieved from /home/qwerty/.local/lib/python3.10/site-packages/airflow/example_dags/example_task_group_decorator.py
[2025-06-17T04:25:22.835+0300] {logging_mixin.py:151} INFO - [2025-06-17T04:25:22.835+0300] {dag.py:2915} INFO - Sync 1 DAGs
[2025-06-17T04:25:22.876+0300] {logging_mixin.py:151} INFO - [2025-06-17T04:25:22.875+0300] {dag.py:3696} INFO - Setting next_dagrun for example_task_group_decorator to 2025-06-16T01:25:22.875129+00:00, run_after=2025-06-17T01:25:22.875129+00:00
[2025-06-17T04:25:22.932+0300] {processor.py:179} INFO - Processing /home/qwerty/.local/lib/python3.10/site-packages/airflow/example_dags/example_task_group_decorator.py took 0.182 seconds
[2025-06-17T04:26:19.052+0300] {processor.py:157} INFO - Started process (PID=20041) to work on /home/qwerty/.local/lib/python3.10/site-packages/airflow/example_dags/example_task_group_decorator.py
[2025-06-17T04:26:19.055+0300] {processor.py:829} INFO - Processing file /home/qwerty/.local/lib/python3.10/site-packages/airflow/example_dags/example_task_group_decorator.py for tasks to queue
[2025-06-17T04:26:19.058+0300] {logging_mixin.py:151} INFO - [2025-06-17T04:26:19.057+0300] {dagbag.py:539} INFO - Filling up the DagBag from /home/qwerty/.local/lib/python3.10/site-packages/airflow/example_dags/example_task_group_decorator.py
[2025-06-17T04:26:19.098+0300] {processor.py:839} INFO - DAG(s) dict_keys(['example_task_group_decorator']) retrieved from /home/qwerty/.local/lib/python3.10/site-packages/airflow/example_dags/example_task_group_decorator.py
[2025-06-17T04:26:19.141+0300] {logging_mixin.py:151} INFO - [2025-06-17T04:26:19.141+0300] {dag.py:2915} INFO - Sync 1 DAGs
[2025-06-17T04:26:19.182+0300] {logging_mixin.py:151} INFO - [2025-06-17T04:26:19.182+0300] {dag.py:3696} INFO - Setting next_dagrun for example_task_group_decorator to 2025-06-16T01:26:19.181902+00:00, run_after=2025-06-17T01:26:19.181902+00:00
[2025-06-17T04:26:19.236+0300] {processor.py:179} INFO - Processing /home/qwerty/.local/lib/python3.10/site-packages/airflow/example_dags/example_task_group_decorator.py took 0.192 seconds
[2025-06-17T04:27:09.978+0300] {processor.py:157} INFO - Started process (PID=20090) to work on /home/qwerty/.local/lib/python3.10/site-packages/airflow/example_dags/example_task_group_decorator.py
[2025-06-17T04:27:09.980+0300] {processor.py:829} INFO - Processing file /home/qwerty/.local/lib/python3.10/site-packages/airflow/example_dags/example_task_group_decorator.py for tasks to queue
[2025-06-17T04:27:09.982+0300] {logging_mixin.py:151} INFO - [2025-06-17T04:27:09.981+0300] {dagbag.py:539} INFO - Filling up the DagBag from /home/qwerty/.local/lib/python3.10/site-packages/airflow/example_dags/example_task_group_decorator.py
[2025-06-17T04:27:10.011+0300] {processor.py:839} INFO - DAG(s) dict_keys(['example_task_group_decorator']) retrieved from /home/qwerty/.local/lib/python3.10/site-packages/airflow/example_dags/example_task_group_decorator.py
[2025-06-17T04:27:10.062+0300] {logging_mixin.py:151} INFO - [2025-06-17T04:27:10.061+0300] {dag.py:2915} INFO - Sync 1 DAGs
[2025-06-17T04:27:10.112+0300] {logging_mixin.py:151} INFO - [2025-06-17T04:27:10.111+0300] {dag.py:3696} INFO - Setting next_dagrun for example_task_group_decorator to 2025-06-16T01:27:10.111240+00:00, run_after=2025-06-17T01:27:10.111240+00:00
[2025-06-17T04:27:10.156+0300] {processor.py:179} INFO - Processing /home/qwerty/.local/lib/python3.10/site-packages/airflow/example_dags/example_task_group_decorator.py took 0.187 seconds
[2025-06-17T04:28:00.880+0300] {processor.py:157} INFO - Started process (PID=20167) to work on /home/qwerty/.local/lib/python3.10/site-packages/airflow/example_dags/example_task_group_decorator.py
[2025-06-17T04:28:00.885+0300] {processor.py:829} INFO - Processing file /home/qwerty/.local/lib/python3.10/site-packages/airflow/example_dags/example_task_group_decorator.py for tasks to queue
[2025-06-17T04:28:00.888+0300] {logging_mixin.py:151} INFO - [2025-06-17T04:28:00.887+0300] {dagbag.py:539} INFO - Filling up the DagBag from /home/qwerty/.local/lib/python3.10/site-packages/airflow/example_dags/example_task_group_decorator.py
[2025-06-17T04:28:00.909+0300] {processor.py:839} INFO - DAG(s) dict_keys(['example_task_group_decorator']) retrieved from /home/qwerty/.local/lib/python3.10/site-packages/airflow/example_dags/example_task_group_decorator.py
[2025-06-17T04:28:00.933+0300] {logging_mixin.py:151} INFO - [2025-06-17T04:28:00.932+0300] {dag.py:2915} INFO - Sync 1 DAGs
[2025-06-17T04:28:00.960+0300] {logging_mixin.py:151} INFO - [2025-06-17T04:28:00.959+0300] {dag.py:3696} INFO - Setting next_dagrun for example_task_group_decorator to 2025-06-16T01:28:00.959439+00:00, run_after=2025-06-17T01:28:00.959439+00:00
[2025-06-17T04:28:00.987+0300] {processor.py:179} INFO - Processing /home/qwerty/.local/lib/python3.10/site-packages/airflow/example_dags/example_task_group_decorator.py took 0.117 seconds
[2025-06-17T04:28:50.906+0300] {processor.py:157} INFO - Started process (PID=20222) to work on /home/qwerty/.local/lib/python3.10/site-packages/airflow/example_dags/example_task_group_decorator.py
[2025-06-17T04:28:50.908+0300] {processor.py:829} INFO - Processing file /home/qwerty/.local/lib/python3.10/site-packages/airflow/example_dags/example_task_group_decorator.py for tasks to queue
[2025-06-17T04:28:50.909+0300] {logging_mixin.py:151} INFO - [2025-06-17T04:28:50.909+0300] {dagbag.py:539} INFO - Filling up the DagBag from /home/qwerty/.local/lib/python3.10/site-packages/airflow/example_dags/example_task_group_decorator.py
[2025-06-17T04:28:50.929+0300] {processor.py:839} INFO - DAG(s) dict_keys(['example_task_group_decorator']) retrieved from /home/qwerty/.local/lib/python3.10/site-packages/airflow/example_dags/example_task_group_decorator.py
[2025-06-17T04:28:50.954+0300] {logging_mixin.py:151} INFO - [2025-06-17T04:28:50.954+0300] {dag.py:2915} INFO - Sync 1 DAGs
[2025-06-17T04:28:50.978+0300] {logging_mixin.py:151} INFO - [2025-06-17T04:28:50.978+0300] {dag.py:3696} INFO - Setting next_dagrun for example_task_group_decorator to 2025-06-16T01:28:50.978104+00:00, run_after=2025-06-17T01:28:50.978104+00:00
[2025-06-17T04:28:51.011+0300] {processor.py:179} INFO - Processing /home/qwerty/.local/lib/python3.10/site-packages/airflow/example_dags/example_task_group_decorator.py took 0.117 seconds
[2025-06-17T04:29:53.588+0300] {processor.py:157} INFO - Started process (PID=20288) to work on /home/qwerty/.local/lib/python3.10/site-packages/airflow/example_dags/example_task_group_decorator.py
[2025-06-17T04:29:53.591+0300] {processor.py:829} INFO - Processing file /home/qwerty/.local/lib/python3.10/site-packages/airflow/example_dags/example_task_group_decorator.py for tasks to queue
[2025-06-17T04:29:53.592+0300] {logging_mixin.py:151} INFO - [2025-06-17T04:29:53.591+0300] {dagbag.py:539} INFO - Filling up the DagBag from /home/qwerty/.local/lib/python3.10/site-packages/airflow/example_dags/example_task_group_decorator.py
[2025-06-17T04:29:53.612+0300] {processor.py:839} INFO - DAG(s) dict_keys(['example_task_group_decorator']) retrieved from /home/qwerty/.local/lib/python3.10/site-packages/airflow/example_dags/example_task_group_decorator.py
[2025-06-17T04:29:53.636+0300] {logging_mixin.py:151} INFO - [2025-06-17T04:29:53.636+0300] {dag.py:2915} INFO - Sync 1 DAGs
[2025-06-17T04:29:53.661+0300] {logging_mixin.py:151} INFO - [2025-06-17T04:29:53.661+0300] {dag.py:3696} INFO - Setting next_dagrun for example_task_group_decorator to 2025-06-16T01:29:53.660765+00:00, run_after=2025-06-17T01:29:53.660765+00:00
[2025-06-17T04:29:53.689+0300] {processor.py:179} INFO - Processing /home/qwerty/.local/lib/python3.10/site-packages/airflow/example_dags/example_task_group_decorator.py took 0.106 seconds
[2025-06-17T04:30:51.145+0300] {processor.py:157} INFO - Started process (PID=20349) to work on /home/qwerty/.local/lib/python3.10/site-packages/airflow/example_dags/example_task_group_decorator.py
[2025-06-17T04:30:51.147+0300] {processor.py:829} INFO - Processing file /home/qwerty/.local/lib/python3.10/site-packages/airflow/example_dags/example_task_group_decorator.py for tasks to queue
[2025-06-17T04:30:51.150+0300] {logging_mixin.py:151} INFO - [2025-06-17T04:30:51.149+0300] {dagbag.py:539} INFO - Filling up the DagBag from /home/qwerty/.local/lib/python3.10/site-packages/airflow/example_dags/example_task_group_decorator.py
[2025-06-17T04:30:51.181+0300] {processor.py:839} INFO - DAG(s) dict_keys(['example_task_group_decorator']) retrieved from /home/qwerty/.local/lib/python3.10/site-packages/airflow/example_dags/example_task_group_decorator.py
[2025-06-17T04:30:51.218+0300] {logging_mixin.py:151} INFO - [2025-06-17T04:30:51.218+0300] {dag.py:2915} INFO - Sync 1 DAGs
[2025-06-17T04:30:51.253+0300] {logging_mixin.py:151} INFO - [2025-06-17T04:30:51.253+0300] {dag.py:3696} INFO - Setting next_dagrun for example_task_group_decorator to 2025-06-16T01:30:51.253044+00:00, run_after=2025-06-17T01:30:51.253044+00:00
[2025-06-17T04:30:51.301+0300] {processor.py:179} INFO - Processing /home/qwerty/.local/lib/python3.10/site-packages/airflow/example_dags/example_task_group_decorator.py took 0.164 seconds
