[2025-06-17T04:07:53.663+0300] {processor.py:157} INFO - Started process (PID=18705) to work on /home/qwerty/.local/lib/python3.10/site-packages/airflow/example_dags/example_branch_day_of_week_operator.py
[2025-06-17T04:07:53.664+0300] {processor.py:829} INFO - Processing file /home/qwerty/.local/lib/python3.10/site-packages/airflow/example_dags/example_branch_day_of_week_operator.py for tasks to queue
[2025-06-17T04:07:53.666+0300] {logging_mixin.py:151} INFO - [2025-06-17T04:07:53.666+0300] {dagbag.py:539} INFO - Filling up the DagBag from /home/qwerty/.local/lib/python3.10/site-packages/airflow/example_dags/example_branch_day_of_week_operator.py
[2025-06-17T04:07:53.676+0300] {processor.py:839} INFO - DAG(s) dict_keys(['example_weekday_branch_operator']) retrieved from /home/qwerty/.local/lib/python3.10/site-packages/airflow/example_dags/example_branch_day_of_week_operator.py
[2025-06-17T04:07:53.702+0300] {logging_mixin.py:151} INFO - [2025-06-17T04:07:53.702+0300] {dag.py:2915} INFO - Sync 1 DAGs
[2025-06-17T04:07:53.730+0300] {logging_mixin.py:151} INFO - [2025-06-17T04:07:53.730+0300] {dag.py:3696} INFO - Setting next_dagrun for example_weekday_branch_operator to 2025-06-16T00:00:00+00:00, run_after=2025-06-17T00:00:00+00:00
[2025-06-17T04:07:53.771+0300] {processor.py:179} INFO - Processing /home/qwerty/.local/lib/python3.10/site-packages/airflow/example_dags/example_branch_day_of_week_operator.py took 0.117 seconds
[2025-06-17T04:08:49.667+0300] {processor.py:157} INFO - Started process (PID=18785) to work on /home/qwerty/.local/lib/python3.10/site-packages/airflow/example_dags/example_branch_day_of_week_operator.py
[2025-06-17T04:08:49.670+0300] {processor.py:829} INFO - Processing file /home/qwerty/.local/lib/python3.10/site-packages/airflow/example_dags/example_branch_day_of_week_operator.py for tasks to queue
[2025-06-17T04:08:49.671+0300] {logging_mixin.py:151} INFO - [2025-06-17T04:08:49.671+0300] {dagbag.py:539} INFO - Filling up the DagBag from /home/qwerty/.local/lib/python3.10/site-packages/airflow/example_dags/example_branch_day_of_week_operator.py
[2025-06-17T04:08:49.684+0300] {processor.py:839} INFO - DAG(s) dict_keys(['example_weekday_branch_operator']) retrieved from /home/qwerty/.local/lib/python3.10/site-packages/airflow/example_dags/example_branch_day_of_week_operator.py
[2025-06-17T04:08:49.718+0300] {logging_mixin.py:151} INFO - [2025-06-17T04:08:49.718+0300] {dag.py:2915} INFO - Sync 1 DAGs
[2025-06-17T04:08:49.765+0300] {logging_mixin.py:151} INFO - [2025-06-17T04:08:49.764+0300] {dag.py:3696} INFO - Setting next_dagrun for example_weekday_branch_operator to 2025-06-16T00:00:00+00:00, run_after=2025-06-17T00:00:00+00:00
[2025-06-17T04:08:49.848+0300] {processor.py:179} INFO - Processing /home/qwerty/.local/lib/python3.10/site-packages/airflow/example_dags/example_branch_day_of_week_operator.py took 0.192 seconds
[2025-06-17T04:09:46.360+0300] {processor.py:157} INFO - Started process (PID=18836) to work on /home/qwerty/.local/lib/python3.10/site-packages/airflow/example_dags/example_branch_day_of_week_operator.py
[2025-06-17T04:09:46.365+0300] {processor.py:829} INFO - Processing file /home/qwerty/.local/lib/python3.10/site-packages/airflow/example_dags/example_branch_day_of_week_operator.py for tasks to queue
[2025-06-17T04:09:46.368+0300] {logging_mixin.py:151} INFO - [2025-06-17T04:09:46.366+0300] {dagbag.py:539} INFO - Filling up the DagBag from /home/qwerty/.local/lib/python3.10/site-packages/airflow/example_dags/example_branch_day_of_week_operator.py
[2025-06-17T04:09:46.398+0300] {processor.py:839} INFO - DAG(s) dict_keys(['example_weekday_branch_operator']) retrieved from /home/qwerty/.local/lib/python3.10/site-packages/airflow/example_dags/example_branch_day_of_week_operator.py
[2025-06-17T04:09:46.469+0300] {logging_mixin.py:151} INFO - [2025-06-17T04:09:46.469+0300] {dag.py:2915} INFO - Sync 1 DAGs
[2025-06-17T04:09:46.557+0300] {logging_mixin.py:151} INFO - [2025-06-17T04:09:46.556+0300] {dag.py:3696} INFO - Setting next_dagrun for example_weekday_branch_operator to 2025-06-16T00:00:00+00:00, run_after=2025-06-17T00:00:00+00:00
[2025-06-17T04:09:46.648+0300] {processor.py:179} INFO - Processing /home/qwerty/.local/lib/python3.10/site-packages/airflow/example_dags/example_branch_day_of_week_operator.py took 0.300 seconds
[2025-06-17T04:10:45.654+0300] {processor.py:157} INFO - Started process (PID=18889) to work on /home/qwerty/.local/lib/python3.10/site-packages/airflow/example_dags/example_branch_day_of_week_operator.py
[2025-06-17T04:10:45.658+0300] {processor.py:829} INFO - Processing file /home/qwerty/.local/lib/python3.10/site-packages/airflow/example_dags/example_branch_day_of_week_operator.py for tasks to queue
[2025-06-17T04:10:45.661+0300] {logging_mixin.py:151} INFO - [2025-06-17T04:10:45.660+0300] {dagbag.py:539} INFO - Filling up the DagBag from /home/qwerty/.local/lib/python3.10/site-packages/airflow/example_dags/example_branch_day_of_week_operator.py
[2025-06-17T04:10:45.683+0300] {processor.py:839} INFO - DAG(s) dict_keys(['example_weekday_branch_operator']) retrieved from /home/qwerty/.local/lib/python3.10/site-packages/airflow/example_dags/example_branch_day_of_week_operator.py
[2025-06-17T04:10:45.731+0300] {logging_mixin.py:151} INFO - [2025-06-17T04:10:45.731+0300] {dag.py:2915} INFO - Sync 1 DAGs
[2025-06-17T04:10:45.780+0300] {logging_mixin.py:151} INFO - [2025-06-17T04:10:45.779+0300] {dag.py:3696} INFO - Setting next_dagrun for example_weekday_branch_operator to 2025-06-16T00:00:00+00:00, run_after=2025-06-17T00:00:00+00:00
[2025-06-17T04:10:45.825+0300] {processor.py:179} INFO - Processing /home/qwerty/.local/lib/python3.10/site-packages/airflow/example_dags/example_branch_day_of_week_operator.py took 0.181 seconds
[2025-06-17T04:11:40.901+0300] {processor.py:157} INFO - Started process (PID=18941) to work on /home/qwerty/.local/lib/python3.10/site-packages/airflow/example_dags/example_branch_day_of_week_operator.py
[2025-06-17T04:11:40.906+0300] {processor.py:829} INFO - Processing file /home/qwerty/.local/lib/python3.10/site-packages/airflow/example_dags/example_branch_day_of_week_operator.py for tasks to queue
[2025-06-17T04:11:40.909+0300] {logging_mixin.py:151} INFO - [2025-06-17T04:11:40.908+0300] {dagbag.py:539} INFO - Filling up the DagBag from /home/qwerty/.local/lib/python3.10/site-packages/airflow/example_dags/example_branch_day_of_week_operator.py
[2025-06-17T04:11:40.931+0300] {processor.py:839} INFO - DAG(s) dict_keys(['example_weekday_branch_operator']) retrieved from /home/qwerty/.local/lib/python3.10/site-packages/airflow/example_dags/example_branch_day_of_week_operator.py
[2025-06-17T04:11:40.972+0300] {logging_mixin.py:151} INFO - [2025-06-17T04:11:40.971+0300] {dag.py:2915} INFO - Sync 1 DAGs
[2025-06-17T04:11:41.029+0300] {logging_mixin.py:151} INFO - [2025-06-17T04:11:41.029+0300] {dag.py:3696} INFO - Setting next_dagrun for example_weekday_branch_operator to 2025-06-16T00:00:00+00:00, run_after=2025-06-17T00:00:00+00:00
[2025-06-17T04:11:41.098+0300] {processor.py:179} INFO - Processing /home/qwerty/.local/lib/python3.10/site-packages/airflow/example_dags/example_branch_day_of_week_operator.py took 0.205 seconds
[2025-06-17T04:12:46.858+0300] {processor.py:157} INFO - Started process (PID=19039) to work on /home/qwerty/.local/lib/python3.10/site-packages/airflow/example_dags/example_branch_day_of_week_operator.py
[2025-06-17T04:12:46.863+0300] {processor.py:829} INFO - Processing file /home/qwerty/.local/lib/python3.10/site-packages/airflow/example_dags/example_branch_day_of_week_operator.py for tasks to queue
[2025-06-17T04:12:46.865+0300] {logging_mixin.py:151} INFO - [2025-06-17T04:12:46.864+0300] {dagbag.py:539} INFO - Filling up the DagBag from /home/qwerty/.local/lib/python3.10/site-packages/airflow/example_dags/example_branch_day_of_week_operator.py
[2025-06-17T04:12:46.889+0300] {processor.py:839} INFO - DAG(s) dict_keys(['example_weekday_branch_operator']) retrieved from /home/qwerty/.local/lib/python3.10/site-packages/airflow/example_dags/example_branch_day_of_week_operator.py
[2025-06-17T04:12:46.941+0300] {logging_mixin.py:151} INFO - [2025-06-17T04:12:46.940+0300] {dag.py:2915} INFO - Sync 1 DAGs
[2025-06-17T04:12:47.009+0300] {logging_mixin.py:151} INFO - [2025-06-17T04:12:47.008+0300] {dag.py:3696} INFO - Setting next_dagrun for example_weekday_branch_operator to 2025-06-16T00:00:00+00:00, run_after=2025-06-17T00:00:00+00:00
[2025-06-17T04:12:47.073+0300] {processor.py:179} INFO - Processing /home/qwerty/.local/lib/python3.10/site-packages/airflow/example_dags/example_branch_day_of_week_operator.py took 0.224 seconds
[2025-06-17T04:13:41.409+0300] {processor.py:157} INFO - Started process (PID=19090) to work on /home/qwerty/.local/lib/python3.10/site-packages/airflow/example_dags/example_branch_day_of_week_operator.py
[2025-06-17T04:13:41.414+0300] {processor.py:829} INFO - Processing file /home/qwerty/.local/lib/python3.10/site-packages/airflow/example_dags/example_branch_day_of_week_operator.py for tasks to queue
[2025-06-17T04:13:41.416+0300] {logging_mixin.py:151} INFO - [2025-06-17T04:13:41.415+0300] {dagbag.py:539} INFO - Filling up the DagBag from /home/qwerty/.local/lib/python3.10/site-packages/airflow/example_dags/example_branch_day_of_week_operator.py
[2025-06-17T04:13:41.431+0300] {processor.py:839} INFO - DAG(s) dict_keys(['example_weekday_branch_operator']) retrieved from /home/qwerty/.local/lib/python3.10/site-packages/airflow/example_dags/example_branch_day_of_week_operator.py
[2025-06-17T04:13:41.466+0300] {logging_mixin.py:151} INFO - [2025-06-17T04:13:41.465+0300] {dag.py:2915} INFO - Sync 1 DAGs
[2025-06-17T04:13:41.504+0300] {logging_mixin.py:151} INFO - [2025-06-17T04:13:41.503+0300] {dag.py:3696} INFO - Setting next_dagrun for example_weekday_branch_operator to 2025-06-16T00:00:00+00:00, run_after=2025-06-17T00:00:00+00:00
[2025-06-17T04:13:41.543+0300] {processor.py:179} INFO - Processing /home/qwerty/.local/lib/python3.10/site-packages/airflow/example_dags/example_branch_day_of_week_operator.py took 0.141 seconds
[2025-06-17T04:14:39.769+0300] {processor.py:157} INFO - Started process (PID=19149) to work on /home/qwerty/.local/lib/python3.10/site-packages/airflow/example_dags/example_branch_day_of_week_operator.py
[2025-06-17T04:14:39.771+0300] {processor.py:829} INFO - Processing file /home/qwerty/.local/lib/python3.10/site-packages/airflow/example_dags/example_branch_day_of_week_operator.py for tasks to queue
[2025-06-17T04:14:39.772+0300] {logging_mixin.py:151} INFO - [2025-06-17T04:14:39.771+0300] {dagbag.py:539} INFO - Filling up the DagBag from /home/qwerty/.local/lib/python3.10/site-packages/airflow/example_dags/example_branch_day_of_week_operator.py
[2025-06-17T04:14:39.781+0300] {processor.py:839} INFO - DAG(s) dict_keys(['example_weekday_branch_operator']) retrieved from /home/qwerty/.local/lib/python3.10/site-packages/airflow/example_dags/example_branch_day_of_week_operator.py
[2025-06-17T04:14:39.802+0300] {logging_mixin.py:151} INFO - [2025-06-17T04:14:39.802+0300] {dag.py:2915} INFO - Sync 1 DAGs
[2025-06-17T04:14:39.829+0300] {logging_mixin.py:151} INFO - [2025-06-17T04:14:39.829+0300] {dag.py:3696} INFO - Setting next_dagrun for example_weekday_branch_operator to 2025-06-16T00:00:00+00:00, run_after=2025-06-17T00:00:00+00:00
[2025-06-17T04:14:39.870+0300] {processor.py:179} INFO - Processing /home/qwerty/.local/lib/python3.10/site-packages/airflow/example_dags/example_branch_day_of_week_operator.py took 0.110 seconds
[2025-06-17T04:15:41.380+0300] {processor.py:157} INFO - Started process (PID=19202) to work on /home/qwerty/.local/lib/python3.10/site-packages/airflow/example_dags/example_branch_day_of_week_operator.py
[2025-06-17T04:15:41.381+0300] {processor.py:829} INFO - Processing file /home/qwerty/.local/lib/python3.10/site-packages/airflow/example_dags/example_branch_day_of_week_operator.py for tasks to queue
[2025-06-17T04:15:41.383+0300] {logging_mixin.py:151} INFO - [2025-06-17T04:15:41.382+0300] {dagbag.py:539} INFO - Filling up the DagBag from /home/qwerty/.local/lib/python3.10/site-packages/airflow/example_dags/example_branch_day_of_week_operator.py
[2025-06-17T04:15:41.395+0300] {processor.py:839} INFO - DAG(s) dict_keys(['example_weekday_branch_operator']) retrieved from /home/qwerty/.local/lib/python3.10/site-packages/airflow/example_dags/example_branch_day_of_week_operator.py
[2025-06-17T04:15:41.423+0300] {logging_mixin.py:151} INFO - [2025-06-17T04:15:41.422+0300] {dag.py:2915} INFO - Sync 1 DAGs
[2025-06-17T04:15:41.456+0300] {logging_mixin.py:151} INFO - [2025-06-17T04:15:41.455+0300] {dag.py:3696} INFO - Setting next_dagrun for example_weekday_branch_operator to 2025-06-16T00:00:00+00:00, run_after=2025-06-17T00:00:00+00:00
[2025-06-17T04:15:41.492+0300] {processor.py:179} INFO - Processing /home/qwerty/.local/lib/python3.10/site-packages/airflow/example_dags/example_branch_day_of_week_operator.py took 0.116 seconds
[2025-06-17T04:16:38.257+0300] {processor.py:157} INFO - Started process (PID=19287) to work on /home/qwerty/.local/lib/python3.10/site-packages/airflow/example_dags/example_branch_day_of_week_operator.py
[2025-06-17T04:16:38.261+0300] {processor.py:829} INFO - Processing file /home/qwerty/.local/lib/python3.10/site-packages/airflow/example_dags/example_branch_day_of_week_operator.py for tasks to queue
[2025-06-17T04:16:38.263+0300] {logging_mixin.py:151} INFO - [2025-06-17T04:16:38.262+0300] {dagbag.py:539} INFO - Filling up the DagBag from /home/qwerty/.local/lib/python3.10/site-packages/airflow/example_dags/example_branch_day_of_week_operator.py
[2025-06-17T04:16:38.284+0300] {processor.py:839} INFO - DAG(s) dict_keys(['example_weekday_branch_operator']) retrieved from /home/qwerty/.local/lib/python3.10/site-packages/airflow/example_dags/example_branch_day_of_week_operator.py
[2025-06-17T04:16:38.317+0300] {logging_mixin.py:151} INFO - [2025-06-17T04:16:38.317+0300] {dag.py:2915} INFO - Sync 1 DAGs
[2025-06-17T04:16:38.357+0300] {logging_mixin.py:151} INFO - [2025-06-17T04:16:38.357+0300] {dag.py:3696} INFO - Setting next_dagrun for example_weekday_branch_operator to 2025-06-16T00:00:00+00:00, run_after=2025-06-17T00:00:00+00:00
[2025-06-17T04:16:38.395+0300] {processor.py:179} INFO - Processing /home/qwerty/.local/lib/python3.10/site-packages/airflow/example_dags/example_branch_day_of_week_operator.py took 0.145 seconds
[2025-06-17T04:17:32.671+0300] {processor.py:157} INFO - Started process (PID=19339) to work on /home/qwerty/.local/lib/python3.10/site-packages/airflow/example_dags/example_branch_day_of_week_operator.py
[2025-06-17T04:17:32.673+0300] {processor.py:829} INFO - Processing file /home/qwerty/.local/lib/python3.10/site-packages/airflow/example_dags/example_branch_day_of_week_operator.py for tasks to queue
[2025-06-17T04:17:32.675+0300] {logging_mixin.py:151} INFO - [2025-06-17T04:17:32.674+0300] {dagbag.py:539} INFO - Filling up the DagBag from /home/qwerty/.local/lib/python3.10/site-packages/airflow/example_dags/example_branch_day_of_week_operator.py
[2025-06-17T04:17:32.690+0300] {processor.py:839} INFO - DAG(s) dict_keys(['example_weekday_branch_operator']) retrieved from /home/qwerty/.local/lib/python3.10/site-packages/airflow/example_dags/example_branch_day_of_week_operator.py
[2025-06-17T04:17:32.723+0300] {logging_mixin.py:151} INFO - [2025-06-17T04:17:32.722+0300] {dag.py:2915} INFO - Sync 1 DAGs
[2025-06-17T04:17:32.767+0300] {logging_mixin.py:151} INFO - [2025-06-17T04:17:32.766+0300] {dag.py:3696} INFO - Setting next_dagrun for example_weekday_branch_operator to 2025-06-16T00:00:00+00:00, run_after=2025-06-17T00:00:00+00:00
[2025-06-17T04:17:32.813+0300] {processor.py:179} INFO - Processing /home/qwerty/.local/lib/python3.10/site-packages/airflow/example_dags/example_branch_day_of_week_operator.py took 0.149 seconds
[2025-06-17T04:18:56.258+0300] {processor.py:157} INFO - Started process (PID=19427) to work on /home/qwerty/.local/lib/python3.10/site-packages/airflow/example_dags/example_branch_day_of_week_operator.py
[2025-06-17T04:18:56.265+0300] {processor.py:829} INFO - Processing file /home/qwerty/.local/lib/python3.10/site-packages/airflow/example_dags/example_branch_day_of_week_operator.py for tasks to queue
[2025-06-17T04:18:56.268+0300] {logging_mixin.py:151} INFO - [2025-06-17T04:18:56.267+0300] {dagbag.py:539} INFO - Filling up the DagBag from /home/qwerty/.local/lib/python3.10/site-packages/airflow/example_dags/example_branch_day_of_week_operator.py
[2025-06-17T04:18:56.285+0300] {processor.py:839} INFO - DAG(s) dict_keys(['example_weekday_branch_operator']) retrieved from /home/qwerty/.local/lib/python3.10/site-packages/airflow/example_dags/example_branch_day_of_week_operator.py
[2025-06-17T04:18:56.324+0300] {logging_mixin.py:151} INFO - [2025-06-17T04:18:56.324+0300] {dag.py:2915} INFO - Sync 1 DAGs
[2025-06-17T04:18:56.371+0300] {logging_mixin.py:151} INFO - [2025-06-17T04:18:56.371+0300] {dag.py:3696} INFO - Setting next_dagrun for example_weekday_branch_operator to 2025-06-16T00:00:00+00:00, run_after=2025-06-17T00:00:00+00:00
[2025-06-17T04:18:56.416+0300] {processor.py:179} INFO - Processing /home/qwerty/.local/lib/python3.10/site-packages/airflow/example_dags/example_branch_day_of_week_operator.py took 0.163 seconds
[2025-06-17T04:19:52.197+0300] {processor.py:157} INFO - Started process (PID=19537) to work on /home/qwerty/.local/lib/python3.10/site-packages/airflow/example_dags/example_branch_day_of_week_operator.py
[2025-06-17T04:19:52.200+0300] {processor.py:829} INFO - Processing file /home/qwerty/.local/lib/python3.10/site-packages/airflow/example_dags/example_branch_day_of_week_operator.py for tasks to queue
[2025-06-17T04:19:52.204+0300] {logging_mixin.py:151} INFO - [2025-06-17T04:19:52.202+0300] {dagbag.py:539} INFO - Filling up the DagBag from /home/qwerty/.local/lib/python3.10/site-packages/airflow/example_dags/example_branch_day_of_week_operator.py
[2025-06-17T04:19:52.227+0300] {processor.py:839} INFO - DAG(s) dict_keys(['example_weekday_branch_operator']) retrieved from /home/qwerty/.local/lib/python3.10/site-packages/airflow/example_dags/example_branch_day_of_week_operator.py
[2025-06-17T04:19:52.270+0300] {logging_mixin.py:151} INFO - [2025-06-17T04:19:52.269+0300] {dag.py:2915} INFO - Sync 1 DAGs
[2025-06-17T04:19:52.323+0300] {logging_mixin.py:151} INFO - [2025-06-17T04:19:52.322+0300] {dag.py:3696} INFO - Setting next_dagrun for example_weekday_branch_operator to 2025-06-16T00:00:00+00:00, run_after=2025-06-17T00:00:00+00:00
[2025-06-17T04:19:52.372+0300] {processor.py:179} INFO - Processing /home/qwerty/.local/lib/python3.10/site-packages/airflow/example_dags/example_branch_day_of_week_operator.py took 0.185 seconds
[2025-06-17T04:20:44.822+0300] {processor.py:157} INFO - Started process (PID=19587) to work on /home/qwerty/.local/lib/python3.10/site-packages/airflow/example_dags/example_branch_day_of_week_operator.py
[2025-06-17T04:20:44.825+0300] {processor.py:829} INFO - Processing file /home/qwerty/.local/lib/python3.10/site-packages/airflow/example_dags/example_branch_day_of_week_operator.py for tasks to queue
[2025-06-17T04:20:44.827+0300] {logging_mixin.py:151} INFO - [2025-06-17T04:20:44.826+0300] {dagbag.py:539} INFO - Filling up the DagBag from /home/qwerty/.local/lib/python3.10/site-packages/airflow/example_dags/example_branch_day_of_week_operator.py
[2025-06-17T04:20:44.844+0300] {processor.py:839} INFO - DAG(s) dict_keys(['example_weekday_branch_operator']) retrieved from /home/qwerty/.local/lib/python3.10/site-packages/airflow/example_dags/example_branch_day_of_week_operator.py
[2025-06-17T04:20:44.865+0300] {logging_mixin.py:151} INFO - [2025-06-17T04:20:44.865+0300] {dag.py:2915} INFO - Sync 1 DAGs
[2025-06-17T04:20:44.889+0300] {logging_mixin.py:151} INFO - [2025-06-17T04:20:44.889+0300] {dag.py:3696} INFO - Setting next_dagrun for example_weekday_branch_operator to 2025-06-16T00:00:00+00:00, run_after=2025-06-17T00:00:00+00:00
[2025-06-17T04:20:44.916+0300] {processor.py:179} INFO - Processing /home/qwerty/.local/lib/python3.10/site-packages/airflow/example_dags/example_branch_day_of_week_operator.py took 0.105 seconds
[2025-06-17T04:21:39.914+0300] {processor.py:157} INFO - Started process (PID=19676) to work on /home/qwerty/.local/lib/python3.10/site-packages/airflow/example_dags/example_branch_day_of_week_operator.py
[2025-06-17T04:21:39.917+0300] {processor.py:829} INFO - Processing file /home/qwerty/.local/lib/python3.10/site-packages/airflow/example_dags/example_branch_day_of_week_operator.py for tasks to queue
[2025-06-17T04:21:39.919+0300] {logging_mixin.py:151} INFO - [2025-06-17T04:21:39.918+0300] {dagbag.py:539} INFO - Filling up the DagBag from /home/qwerty/.local/lib/python3.10/site-packages/airflow/example_dags/example_branch_day_of_week_operator.py
[2025-06-17T04:21:39.929+0300] {processor.py:839} INFO - DAG(s) dict_keys(['example_weekday_branch_operator']) retrieved from /home/qwerty/.local/lib/python3.10/site-packages/airflow/example_dags/example_branch_day_of_week_operator.py
[2025-06-17T04:21:39.950+0300] {logging_mixin.py:151} INFO - [2025-06-17T04:21:39.950+0300] {dag.py:2915} INFO - Sync 1 DAGs
[2025-06-17T04:21:39.974+0300] {logging_mixin.py:151} INFO - [2025-06-17T04:21:39.974+0300] {dag.py:3696} INFO - Setting next_dagrun for example_weekday_branch_operator to 2025-06-16T00:00:00+00:00, run_after=2025-06-17T00:00:00+00:00
[2025-06-17T04:21:40.008+0300] {processor.py:179} INFO - Processing /home/qwerty/.local/lib/python3.10/site-packages/airflow/example_dags/example_branch_day_of_week_operator.py took 0.105 seconds
[2025-06-17T04:22:38.299+0300] {processor.py:157} INFO - Started process (PID=19756) to work on /home/qwerty/.local/lib/python3.10/site-packages/airflow/example_dags/example_branch_day_of_week_operator.py
[2025-06-17T04:22:38.302+0300] {processor.py:829} INFO - Processing file /home/qwerty/.local/lib/python3.10/site-packages/airflow/example_dags/example_branch_day_of_week_operator.py for tasks to queue
[2025-06-17T04:22:38.303+0300] {logging_mixin.py:151} INFO - [2025-06-17T04:22:38.303+0300] {dagbag.py:539} INFO - Filling up the DagBag from /home/qwerty/.local/lib/python3.10/site-packages/airflow/example_dags/example_branch_day_of_week_operator.py
[2025-06-17T04:22:38.312+0300] {processor.py:839} INFO - DAG(s) dict_keys(['example_weekday_branch_operator']) retrieved from /home/qwerty/.local/lib/python3.10/site-packages/airflow/example_dags/example_branch_day_of_week_operator.py
[2025-06-17T04:22:38.334+0300] {logging_mixin.py:151} INFO - [2025-06-17T04:22:38.334+0300] {dag.py:2915} INFO - Sync 1 DAGs
[2025-06-17T04:22:38.358+0300] {logging_mixin.py:151} INFO - [2025-06-17T04:22:38.358+0300] {dag.py:3696} INFO - Setting next_dagrun for example_weekday_branch_operator to 2025-06-16T00:00:00+00:00, run_after=2025-06-17T00:00:00+00:00
[2025-06-17T04:22:38.388+0300] {processor.py:179} INFO - Processing /home/qwerty/.local/lib/python3.10/site-packages/airflow/example_dags/example_branch_day_of_week_operator.py took 0.100 seconds
[2025-06-17T04:23:35.223+0300] {processor.py:157} INFO - Started process (PID=19840) to work on /home/qwerty/.local/lib/python3.10/site-packages/airflow/example_dags/example_branch_day_of_week_operator.py
[2025-06-17T04:23:35.224+0300] {processor.py:829} INFO - Processing file /home/qwerty/.local/lib/python3.10/site-packages/airflow/example_dags/example_branch_day_of_week_operator.py for tasks to queue
[2025-06-17T04:23:35.226+0300] {logging_mixin.py:151} INFO - [2025-06-17T04:23:35.225+0300] {dagbag.py:539} INFO - Filling up the DagBag from /home/qwerty/.local/lib/python3.10/site-packages/airflow/example_dags/example_branch_day_of_week_operator.py
[2025-06-17T04:23:35.238+0300] {processor.py:839} INFO - DAG(s) dict_keys(['example_weekday_branch_operator']) retrieved from /home/qwerty/.local/lib/python3.10/site-packages/airflow/example_dags/example_branch_day_of_week_operator.py
[2025-06-17T04:23:35.263+0300] {logging_mixin.py:151} INFO - [2025-06-17T04:23:35.262+0300] {dag.py:2915} INFO - Sync 1 DAGs
[2025-06-17T04:23:35.288+0300] {logging_mixin.py:151} INFO - [2025-06-17T04:23:35.287+0300] {dag.py:3696} INFO - Setting next_dagrun for example_weekday_branch_operator to 2025-06-16T00:00:00+00:00, run_after=2025-06-17T00:00:00+00:00
[2025-06-17T04:23:35.322+0300] {processor.py:179} INFO - Processing /home/qwerty/.local/lib/python3.10/site-packages/airflow/example_dags/example_branch_day_of_week_operator.py took 0.104 seconds
[2025-06-17T04:24:55.135+0300] {processor.py:157} INFO - Started process (PID=19962) to work on /home/qwerty/.local/lib/python3.10/site-packages/airflow/example_dags/example_branch_day_of_week_operator.py
[2025-06-17T04:24:55.137+0300] {processor.py:829} INFO - Processing file /home/qwerty/.local/lib/python3.10/site-packages/airflow/example_dags/example_branch_day_of_week_operator.py for tasks to queue
[2025-06-17T04:24:55.140+0300] {logging_mixin.py:151} INFO - [2025-06-17T04:24:55.139+0300] {dagbag.py:539} INFO - Filling up the DagBag from /home/qwerty/.local/lib/python3.10/site-packages/airflow/example_dags/example_branch_day_of_week_operator.py
[2025-06-17T04:24:55.163+0300] {processor.py:839} INFO - DAG(s) dict_keys(['example_weekday_branch_operator']) retrieved from /home/qwerty/.local/lib/python3.10/site-packages/airflow/example_dags/example_branch_day_of_week_operator.py
[2025-06-17T04:24:55.186+0300] {logging_mixin.py:151} INFO - [2025-06-17T04:24:55.186+0300] {dag.py:2915} INFO - Sync 1 DAGs
[2025-06-17T04:24:55.215+0300] {logging_mixin.py:151} INFO - [2025-06-17T04:24:55.214+0300] {dag.py:3696} INFO - Setting next_dagrun for example_weekday_branch_operator to 2025-06-16T00:00:00+00:00, run_after=2025-06-17T00:00:00+00:00
[2025-06-17T04:24:55.245+0300] {processor.py:179} INFO - Processing /home/qwerty/.local/lib/python3.10/site-packages/airflow/example_dags/example_branch_day_of_week_operator.py took 0.116 seconds
[2025-06-17T04:26:08.484+0300] {processor.py:157} INFO - Started process (PID=20032) to work on /home/qwerty/.local/lib/python3.10/site-packages/airflow/example_dags/example_branch_day_of_week_operator.py
[2025-06-17T04:26:08.487+0300] {processor.py:829} INFO - Processing file /home/qwerty/.local/lib/python3.10/site-packages/airflow/example_dags/example_branch_day_of_week_operator.py for tasks to queue
[2025-06-17T04:26:08.491+0300] {logging_mixin.py:151} INFO - [2025-06-17T04:26:08.489+0300] {dagbag.py:539} INFO - Filling up the DagBag from /home/qwerty/.local/lib/python3.10/site-packages/airflow/example_dags/example_branch_day_of_week_operator.py
[2025-06-17T04:26:08.516+0300] {processor.py:839} INFO - DAG(s) dict_keys(['example_weekday_branch_operator']) retrieved from /home/qwerty/.local/lib/python3.10/site-packages/airflow/example_dags/example_branch_day_of_week_operator.py
[2025-06-17T04:26:08.570+0300] {logging_mixin.py:151} INFO - [2025-06-17T04:26:08.569+0300] {dag.py:2915} INFO - Sync 1 DAGs
[2025-06-17T04:26:08.636+0300] {logging_mixin.py:151} INFO - [2025-06-17T04:26:08.635+0300] {dag.py:3696} INFO - Setting next_dagrun for example_weekday_branch_operator to 2025-06-16T00:00:00+00:00, run_after=2025-06-17T00:00:00+00:00
[2025-06-17T04:26:08.700+0300] {processor.py:179} INFO - Processing /home/qwerty/.local/lib/python3.10/site-packages/airflow/example_dags/example_branch_day_of_week_operator.py took 0.226 seconds
[2025-06-17T04:27:00.782+0300] {processor.py:157} INFO - Started process (PID=20083) to work on /home/qwerty/.local/lib/python3.10/site-packages/airflow/example_dags/example_branch_day_of_week_operator.py
[2025-06-17T04:27:00.787+0300] {processor.py:829} INFO - Processing file /home/qwerty/.local/lib/python3.10/site-packages/airflow/example_dags/example_branch_day_of_week_operator.py for tasks to queue
[2025-06-17T04:27:00.789+0300] {logging_mixin.py:151} INFO - [2025-06-17T04:27:00.788+0300] {dagbag.py:539} INFO - Filling up the DagBag from /home/qwerty/.local/lib/python3.10/site-packages/airflow/example_dags/example_branch_day_of_week_operator.py
[2025-06-17T04:27:00.815+0300] {processor.py:839} INFO - DAG(s) dict_keys(['example_weekday_branch_operator']) retrieved from /home/qwerty/.local/lib/python3.10/site-packages/airflow/example_dags/example_branch_day_of_week_operator.py
[2025-06-17T04:27:00.881+0300] {logging_mixin.py:151} INFO - [2025-06-17T04:27:00.881+0300] {dag.py:2915} INFO - Sync 1 DAGs
[2025-06-17T04:27:00.951+0300] {logging_mixin.py:151} INFO - [2025-06-17T04:27:00.950+0300] {dag.py:3696} INFO - Setting next_dagrun for example_weekday_branch_operator to 2025-06-16T00:00:00+00:00, run_after=2025-06-17T00:00:00+00:00
[2025-06-17T04:27:01.006+0300] {processor.py:179} INFO - Processing /home/qwerty/.local/lib/python3.10/site-packages/airflow/example_dags/example_branch_day_of_week_operator.py took 0.241 seconds
[2025-06-17T04:28:16.308+0300] {processor.py:157} INFO - Started process (PID=20185) to work on /home/qwerty/.local/lib/python3.10/site-packages/airflow/example_dags/example_branch_day_of_week_operator.py
[2025-06-17T04:28:16.311+0300] {processor.py:829} INFO - Processing file /home/qwerty/.local/lib/python3.10/site-packages/airflow/example_dags/example_branch_day_of_week_operator.py for tasks to queue
[2025-06-17T04:28:16.313+0300] {logging_mixin.py:151} INFO - [2025-06-17T04:28:16.312+0300] {dagbag.py:539} INFO - Filling up the DagBag from /home/qwerty/.local/lib/python3.10/site-packages/airflow/example_dags/example_branch_day_of_week_operator.py
[2025-06-17T04:28:16.322+0300] {processor.py:839} INFO - DAG(s) dict_keys(['example_weekday_branch_operator']) retrieved from /home/qwerty/.local/lib/python3.10/site-packages/airflow/example_dags/example_branch_day_of_week_operator.py
[2025-06-17T04:28:16.345+0300] {logging_mixin.py:151} INFO - [2025-06-17T04:28:16.345+0300] {dag.py:2915} INFO - Sync 1 DAGs
[2025-06-17T04:28:16.373+0300] {logging_mixin.py:151} INFO - [2025-06-17T04:28:16.373+0300] {dag.py:3696} INFO - Setting next_dagrun for example_weekday_branch_operator to 2025-06-16T00:00:00+00:00, run_after=2025-06-17T00:00:00+00:00
[2025-06-17T04:28:16.401+0300] {processor.py:179} INFO - Processing /home/qwerty/.local/lib/python3.10/site-packages/airflow/example_dags/example_branch_day_of_week_operator.py took 0.105 seconds
[2025-06-17T04:29:38.756+0300] {processor.py:157} INFO - Started process (PID=20274) to work on /home/qwerty/.local/lib/python3.10/site-packages/airflow/example_dags/example_branch_day_of_week_operator.py
[2025-06-17T04:29:38.758+0300] {processor.py:829} INFO - Processing file /home/qwerty/.local/lib/python3.10/site-packages/airflow/example_dags/example_branch_day_of_week_operator.py for tasks to queue
[2025-06-17T04:29:38.760+0300] {logging_mixin.py:151} INFO - [2025-06-17T04:29:38.759+0300] {dagbag.py:539} INFO - Filling up the DagBag from /home/qwerty/.local/lib/python3.10/site-packages/airflow/example_dags/example_branch_day_of_week_operator.py
[2025-06-17T04:29:38.784+0300] {processor.py:839} INFO - DAG(s) dict_keys(['example_weekday_branch_operator']) retrieved from /home/qwerty/.local/lib/python3.10/site-packages/airflow/example_dags/example_branch_day_of_week_operator.py
[2025-06-17T04:29:38.806+0300] {logging_mixin.py:151} INFO - [2025-06-17T04:29:38.806+0300] {dag.py:2915} INFO - Sync 1 DAGs
[2025-06-17T04:29:38.838+0300] {logging_mixin.py:151} INFO - [2025-06-17T04:29:38.838+0300] {dag.py:3696} INFO - Setting next_dagrun for example_weekday_branch_operator to 2025-06-16T00:00:00+00:00, run_after=2025-06-17T00:00:00+00:00
[2025-06-17T04:29:38.884+0300] {processor.py:179} INFO - Processing /home/qwerty/.local/lib/python3.10/site-packages/airflow/example_dags/example_branch_day_of_week_operator.py took 0.137 seconds
[2025-06-17T04:30:37.371+0300] {processor.py:157} INFO - Started process (PID=20334) to work on /home/qwerty/.local/lib/python3.10/site-packages/airflow/example_dags/example_branch_day_of_week_operator.py
[2025-06-17T04:30:37.374+0300] {processor.py:829} INFO - Processing file /home/qwerty/.local/lib/python3.10/site-packages/airflow/example_dags/example_branch_day_of_week_operator.py for tasks to queue
[2025-06-17T04:30:37.376+0300] {logging_mixin.py:151} INFO - [2025-06-17T04:30:37.375+0300] {dagbag.py:539} INFO - Filling up the DagBag from /home/qwerty/.local/lib/python3.10/site-packages/airflow/example_dags/example_branch_day_of_week_operator.py
[2025-06-17T04:30:37.385+0300] {processor.py:839} INFO - DAG(s) dict_keys(['example_weekday_branch_operator']) retrieved from /home/qwerty/.local/lib/python3.10/site-packages/airflow/example_dags/example_branch_day_of_week_operator.py
[2025-06-17T04:30:37.406+0300] {logging_mixin.py:151} INFO - [2025-06-17T04:30:37.406+0300] {dag.py:2915} INFO - Sync 1 DAGs
[2025-06-17T04:30:37.430+0300] {logging_mixin.py:151} INFO - [2025-06-17T04:30:37.429+0300] {dag.py:3696} INFO - Setting next_dagrun for example_weekday_branch_operator to 2025-06-16T00:00:00+00:00, run_after=2025-06-17T00:00:00+00:00
[2025-06-17T04:30:37.469+0300] {processor.py:179} INFO - Processing /home/qwerty/.local/lib/python3.10/site-packages/airflow/example_dags/example_branch_day_of_week_operator.py took 0.109 seconds
[2025-06-17T04:31:34.513+0300] {processor.py:157} INFO - Started process (PID=20392) to work on /home/qwerty/.local/lib/python3.10/site-packages/airflow/example_dags/example_branch_day_of_week_operator.py
[2025-06-17T04:31:34.515+0300] {processor.py:829} INFO - Processing file /home/qwerty/.local/lib/python3.10/site-packages/airflow/example_dags/example_branch_day_of_week_operator.py for tasks to queue
[2025-06-17T04:31:34.517+0300] {logging_mixin.py:151} INFO - [2025-06-17T04:31:34.516+0300] {dagbag.py:539} INFO - Filling up the DagBag from /home/qwerty/.local/lib/python3.10/site-packages/airflow/example_dags/example_branch_day_of_week_operator.py
[2025-06-17T04:31:34.533+0300] {processor.py:839} INFO - DAG(s) dict_keys(['example_weekday_branch_operator']) retrieved from /home/qwerty/.local/lib/python3.10/site-packages/airflow/example_dags/example_branch_day_of_week_operator.py
[2025-06-17T04:31:34.569+0300] {logging_mixin.py:151} INFO - [2025-06-17T04:31:34.569+0300] {dag.py:2915} INFO - Sync 1 DAGs
[2025-06-17T04:31:34.607+0300] {logging_mixin.py:151} INFO - [2025-06-17T04:31:34.606+0300] {dag.py:3696} INFO - Setting next_dagrun for example_weekday_branch_operator to 2025-06-16T00:00:00+00:00, run_after=2025-06-17T00:00:00+00:00
[2025-06-17T04:31:34.652+0300] {processor.py:179} INFO - Processing /home/qwerty/.local/lib/python3.10/site-packages/airflow/example_dags/example_branch_day_of_week_operator.py took 0.147 seconds
