[2025-06-17T04:07:46.455+0300] {processor.py:157} INFO - Started process (PID=18694) to work on /home/qwerty/.local/lib/python3.10/site-packages/airflow/example_dags/example_setup_teardown_taskflow.py
[2025-06-17T04:07:46.457+0300] {processor.py:829} INFO - Processing file /home/qwerty/.local/lib/python3.10/site-packages/airflow/example_dags/example_setup_teardown_taskflow.py for tasks to queue
[2025-06-17T04:07:46.459+0300] {logging_mixin.py:151} INFO - [2025-06-17T04:07:46.458+0300] {dagbag.py:539} INFO - Filling up the DagBag from /home/qwerty/.local/lib/python3.10/site-packages/airflow/example_dags/example_setup_teardown_taskflow.py
[2025-06-17T04:07:46.478+0300] {processor.py:839} INFO - DAG(s) dict_keys(['example_setup_teardown_taskflow']) retrieved from /home/qwerty/.local/lib/python3.10/site-packages/airflow/example_dags/example_setup_teardown_taskflow.py
[2025-06-17T04:07:46.511+0300] {logging_mixin.py:151} INFO - [2025-06-17T04:07:46.511+0300] {dag.py:2915} INFO - Sync 1 DAGs
[2025-06-17T04:07:46.552+0300] {logging_mixin.py:151} INFO - [2025-06-17T04:07:46.551+0300] {dag.py:3696} INFO - Setting next_dagrun for example_setup_teardown_taskflow to 2025-06-16T01:07:46.551331+00:00, run_after=2025-06-17T01:07:46.551331+00:00
[2025-06-17T04:07:46.598+0300] {processor.py:179} INFO - Processing /home/qwerty/.local/lib/python3.10/site-packages/airflow/example_dags/example_setup_teardown_taskflow.py took 0.151 seconds
[2025-06-17T04:08:46.307+0300] {processor.py:157} INFO - Started process (PID=18774) to work on /home/qwerty/.local/lib/python3.10/site-packages/airflow/example_dags/example_setup_teardown_taskflow.py
[2025-06-17T04:08:46.310+0300] {processor.py:829} INFO - Processing file /home/qwerty/.local/lib/python3.10/site-packages/airflow/example_dags/example_setup_teardown_taskflow.py for tasks to queue
[2025-06-17T04:08:46.312+0300] {logging_mixin.py:151} INFO - [2025-06-17T04:08:46.311+0300] {dagbag.py:539} INFO - Filling up the DagBag from /home/qwerty/.local/lib/python3.10/site-packages/airflow/example_dags/example_setup_teardown_taskflow.py
[2025-06-17T04:08:46.331+0300] {processor.py:839} INFO - DAG(s) dict_keys(['example_setup_teardown_taskflow']) retrieved from /home/qwerty/.local/lib/python3.10/site-packages/airflow/example_dags/example_setup_teardown_taskflow.py
[2025-06-17T04:08:46.366+0300] {logging_mixin.py:151} INFO - [2025-06-17T04:08:46.366+0300] {dag.py:2915} INFO - Sync 1 DAGs
[2025-06-17T04:08:46.406+0300] {logging_mixin.py:151} INFO - [2025-06-17T04:08:46.405+0300] {dag.py:3696} INFO - Setting next_dagrun for example_setup_teardown_taskflow to 2025-06-16T01:08:46.405331+00:00, run_after=2025-06-17T01:08:46.405331+00:00
[2025-06-17T04:08:46.446+0300] {processor.py:179} INFO - Processing /home/qwerty/.local/lib/python3.10/site-packages/airflow/example_dags/example_setup_teardown_taskflow.py took 0.151 seconds
[2025-06-17T04:09:41.801+0300] {processor.py:157} INFO - Started process (PID=18830) to work on /home/qwerty/.local/lib/python3.10/site-packages/airflow/example_dags/example_setup_teardown_taskflow.py
[2025-06-17T04:09:41.805+0300] {processor.py:829} INFO - Processing file /home/qwerty/.local/lib/python3.10/site-packages/airflow/example_dags/example_setup_teardown_taskflow.py for tasks to queue
[2025-06-17T04:09:41.807+0300] {logging_mixin.py:151} INFO - [2025-06-17T04:09:41.806+0300] {dagbag.py:539} INFO - Filling up the DagBag from /home/qwerty/.local/lib/python3.10/site-packages/airflow/example_dags/example_setup_teardown_taskflow.py
[2025-06-17T04:09:41.841+0300] {processor.py:839} INFO - DAG(s) dict_keys(['example_setup_teardown_taskflow']) retrieved from /home/qwerty/.local/lib/python3.10/site-packages/airflow/example_dags/example_setup_teardown_taskflow.py
[2025-06-17T04:09:41.900+0300] {logging_mixin.py:151} INFO - [2025-06-17T04:09:41.899+0300] {dag.py:2915} INFO - Sync 1 DAGs
[2025-06-17T04:09:41.951+0300] {logging_mixin.py:151} INFO - [2025-06-17T04:09:41.951+0300] {dag.py:3696} INFO - Setting next_dagrun for example_setup_teardown_taskflow to 2025-06-16T01:09:41.950990+00:00, run_after=2025-06-17T01:09:41.950990+00:00
[2025-06-17T04:09:42.011+0300] {processor.py:179} INFO - Processing /home/qwerty/.local/lib/python3.10/site-packages/airflow/example_dags/example_setup_teardown_taskflow.py took 0.222 seconds
[2025-06-17T04:10:41.051+0300] {processor.py:157} INFO - Started process (PID=18886) to work on /home/qwerty/.local/lib/python3.10/site-packages/airflow/example_dags/example_setup_teardown_taskflow.py
[2025-06-17T04:10:41.056+0300] {processor.py:829} INFO - Processing file /home/qwerty/.local/lib/python3.10/site-packages/airflow/example_dags/example_setup_teardown_taskflow.py for tasks to queue
[2025-06-17T04:10:41.060+0300] {logging_mixin.py:151} INFO - [2025-06-17T04:10:41.058+0300] {dagbag.py:539} INFO - Filling up the DagBag from /home/qwerty/.local/lib/python3.10/site-packages/airflow/example_dags/example_setup_teardown_taskflow.py
[2025-06-17T04:10:41.097+0300] {processor.py:839} INFO - DAG(s) dict_keys(['example_setup_teardown_taskflow']) retrieved from /home/qwerty/.local/lib/python3.10/site-packages/airflow/example_dags/example_setup_teardown_taskflow.py
[2025-06-17T04:10:41.165+0300] {logging_mixin.py:151} INFO - [2025-06-17T04:10:41.165+0300] {dag.py:2915} INFO - Sync 1 DAGs
[2025-06-17T04:10:41.232+0300] {logging_mixin.py:151} INFO - [2025-06-17T04:10:41.231+0300] {dag.py:3696} INFO - Setting next_dagrun for example_setup_teardown_taskflow to 2025-06-16T01:10:41.230662+00:00, run_after=2025-06-17T01:10:41.230662+00:00
[2025-06-17T04:10:41.293+0300] {processor.py:179} INFO - Processing /home/qwerty/.local/lib/python3.10/site-packages/airflow/example_dags/example_setup_teardown_taskflow.py took 0.254 seconds
[2025-06-17T04:11:36.950+0300] {processor.py:157} INFO - Started process (PID=18938) to work on /home/qwerty/.local/lib/python3.10/site-packages/airflow/example_dags/example_setup_teardown_taskflow.py
[2025-06-17T04:11:36.958+0300] {processor.py:829} INFO - Processing file /home/qwerty/.local/lib/python3.10/site-packages/airflow/example_dags/example_setup_teardown_taskflow.py for tasks to queue
[2025-06-17T04:11:36.962+0300] {logging_mixin.py:151} INFO - [2025-06-17T04:11:36.960+0300] {dagbag.py:539} INFO - Filling up the DagBag from /home/qwerty/.local/lib/python3.10/site-packages/airflow/example_dags/example_setup_teardown_taskflow.py
[2025-06-17T04:11:36.990+0300] {processor.py:839} INFO - DAG(s) dict_keys(['example_setup_teardown_taskflow']) retrieved from /home/qwerty/.local/lib/python3.10/site-packages/airflow/example_dags/example_setup_teardown_taskflow.py
[2025-06-17T04:11:37.036+0300] {logging_mixin.py:151} INFO - [2025-06-17T04:11:37.036+0300] {dag.py:2915} INFO - Sync 1 DAGs
[2025-06-17T04:11:37.090+0300] {logging_mixin.py:151} INFO - [2025-06-17T04:11:37.089+0300] {dag.py:3696} INFO - Setting next_dagrun for example_setup_teardown_taskflow to 2025-06-16T01:11:37.089113+00:00, run_after=2025-06-17T01:11:37.089113+00:00
[2025-06-17T04:11:37.148+0300] {processor.py:179} INFO - Processing /home/qwerty/.local/lib/python3.10/site-packages/airflow/example_dags/example_setup_teardown_taskflow.py took 0.209 seconds
[2025-06-17T04:12:42.545+0300] {processor.py:157} INFO - Started process (PID=19030) to work on /home/qwerty/.local/lib/python3.10/site-packages/airflow/example_dags/example_setup_teardown_taskflow.py
[2025-06-17T04:12:42.548+0300] {processor.py:829} INFO - Processing file /home/qwerty/.local/lib/python3.10/site-packages/airflow/example_dags/example_setup_teardown_taskflow.py for tasks to queue
[2025-06-17T04:12:42.551+0300] {logging_mixin.py:151} INFO - [2025-06-17T04:12:42.550+0300] {dagbag.py:539} INFO - Filling up the DagBag from /home/qwerty/.local/lib/python3.10/site-packages/airflow/example_dags/example_setup_teardown_taskflow.py
[2025-06-17T04:12:42.580+0300] {processor.py:839} INFO - DAG(s) dict_keys(['example_setup_teardown_taskflow']) retrieved from /home/qwerty/.local/lib/python3.10/site-packages/airflow/example_dags/example_setup_teardown_taskflow.py
[2025-06-17T04:12:42.629+0300] {logging_mixin.py:151} INFO - [2025-06-17T04:12:42.628+0300] {dag.py:2915} INFO - Sync 1 DAGs
[2025-06-17T04:12:42.685+0300] {logging_mixin.py:151} INFO - [2025-06-17T04:12:42.685+0300] {dag.py:3696} INFO - Setting next_dagrun for example_setup_teardown_taskflow to 2025-06-16T01:12:42.684484+00:00, run_after=2025-06-17T01:12:42.684484+00:00
[2025-06-17T04:12:42.742+0300] {processor.py:179} INFO - Processing /home/qwerty/.local/lib/python3.10/site-packages/airflow/example_dags/example_setup_teardown_taskflow.py took 0.209 seconds
[2025-06-17T04:13:37.452+0300] {processor.py:157} INFO - Started process (PID=19087) to work on /home/qwerty/.local/lib/python3.10/site-packages/airflow/example_dags/example_setup_teardown_taskflow.py
[2025-06-17T04:13:37.457+0300] {processor.py:829} INFO - Processing file /home/qwerty/.local/lib/python3.10/site-packages/airflow/example_dags/example_setup_teardown_taskflow.py for tasks to queue
[2025-06-17T04:13:37.459+0300] {logging_mixin.py:151} INFO - [2025-06-17T04:13:37.458+0300] {dagbag.py:539} INFO - Filling up the DagBag from /home/qwerty/.local/lib/python3.10/site-packages/airflow/example_dags/example_setup_teardown_taskflow.py
[2025-06-17T04:13:37.481+0300] {processor.py:839} INFO - DAG(s) dict_keys(['example_setup_teardown_taskflow']) retrieved from /home/qwerty/.local/lib/python3.10/site-packages/airflow/example_dags/example_setup_teardown_taskflow.py
[2025-06-17T04:13:37.513+0300] {logging_mixin.py:151} INFO - [2025-06-17T04:13:37.513+0300] {dag.py:2915} INFO - Sync 1 DAGs
[2025-06-17T04:13:37.549+0300] {logging_mixin.py:151} INFO - [2025-06-17T04:13:37.549+0300] {dag.py:3696} INFO - Setting next_dagrun for example_setup_teardown_taskflow to 2025-06-16T01:13:37.548955+00:00, run_after=2025-06-17T01:13:37.548955+00:00
[2025-06-17T04:13:37.591+0300] {processor.py:179} INFO - Processing /home/qwerty/.local/lib/python3.10/site-packages/airflow/example_dags/example_setup_teardown_taskflow.py took 0.147 seconds
[2025-06-17T04:14:35.559+0300] {processor.py:157} INFO - Started process (PID=19144) to work on /home/qwerty/.local/lib/python3.10/site-packages/airflow/example_dags/example_setup_teardown_taskflow.py
[2025-06-17T04:14:35.567+0300] {processor.py:829} INFO - Processing file /home/qwerty/.local/lib/python3.10/site-packages/airflow/example_dags/example_setup_teardown_taskflow.py for tasks to queue
[2025-06-17T04:14:35.570+0300] {logging_mixin.py:151} INFO - [2025-06-17T04:14:35.568+0300] {dagbag.py:539} INFO - Filling up the DagBag from /home/qwerty/.local/lib/python3.10/site-packages/airflow/example_dags/example_setup_teardown_taskflow.py
[2025-06-17T04:14:35.599+0300] {processor.py:839} INFO - DAG(s) dict_keys(['example_setup_teardown_taskflow']) retrieved from /home/qwerty/.local/lib/python3.10/site-packages/airflow/example_dags/example_setup_teardown_taskflow.py
[2025-06-17T04:14:35.660+0300] {logging_mixin.py:151} INFO - [2025-06-17T04:14:35.659+0300] {dag.py:2915} INFO - Sync 1 DAGs
[2025-06-17T04:14:35.703+0300] {logging_mixin.py:151} INFO - [2025-06-17T04:14:35.703+0300] {dag.py:3696} INFO - Setting next_dagrun for example_setup_teardown_taskflow to 2025-06-16T01:14:35.702897+00:00, run_after=2025-06-17T01:14:35.702897+00:00
[2025-06-17T04:14:35.757+0300] {processor.py:179} INFO - Processing /home/qwerty/.local/lib/python3.10/site-packages/airflow/example_dags/example_setup_teardown_taskflow.py took 0.210 seconds
[2025-06-17T04:15:37.906+0300] {processor.py:157} INFO - Started process (PID=19199) to work on /home/qwerty/.local/lib/python3.10/site-packages/airflow/example_dags/example_setup_teardown_taskflow.py
[2025-06-17T04:15:37.909+0300] {processor.py:829} INFO - Processing file /home/qwerty/.local/lib/python3.10/site-packages/airflow/example_dags/example_setup_teardown_taskflow.py for tasks to queue
[2025-06-17T04:15:37.910+0300] {logging_mixin.py:151} INFO - [2025-06-17T04:15:37.910+0300] {dagbag.py:539} INFO - Filling up the DagBag from /home/qwerty/.local/lib/python3.10/site-packages/airflow/example_dags/example_setup_teardown_taskflow.py
[2025-06-17T04:15:37.922+0300] {processor.py:839} INFO - DAG(s) dict_keys(['example_setup_teardown_taskflow']) retrieved from /home/qwerty/.local/lib/python3.10/site-packages/airflow/example_dags/example_setup_teardown_taskflow.py
[2025-06-17T04:15:37.943+0300] {logging_mixin.py:151} INFO - [2025-06-17T04:15:37.943+0300] {dag.py:2915} INFO - Sync 1 DAGs
[2025-06-17T04:15:37.967+0300] {logging_mixin.py:151} INFO - [2025-06-17T04:15:37.967+0300] {dag.py:3696} INFO - Setting next_dagrun for example_setup_teardown_taskflow to 2025-06-16T01:15:37.966683+00:00, run_after=2025-06-17T01:15:37.966683+00:00
[2025-06-17T04:15:37.994+0300] {processor.py:179} INFO - Processing /home/qwerty/.local/lib/python3.10/site-packages/airflow/example_dags/example_setup_teardown_taskflow.py took 0.100 seconds
[2025-06-17T04:16:34.160+0300] {processor.py:157} INFO - Started process (PID=19283) to work on /home/qwerty/.local/lib/python3.10/site-packages/airflow/example_dags/example_setup_teardown_taskflow.py
[2025-06-17T04:16:34.162+0300] {processor.py:829} INFO - Processing file /home/qwerty/.local/lib/python3.10/site-packages/airflow/example_dags/example_setup_teardown_taskflow.py for tasks to queue
[2025-06-17T04:16:34.165+0300] {logging_mixin.py:151} INFO - [2025-06-17T04:16:34.163+0300] {dagbag.py:539} INFO - Filling up the DagBag from /home/qwerty/.local/lib/python3.10/site-packages/airflow/example_dags/example_setup_teardown_taskflow.py
[2025-06-17T04:16:34.186+0300] {processor.py:839} INFO - DAG(s) dict_keys(['example_setup_teardown_taskflow']) retrieved from /home/qwerty/.local/lib/python3.10/site-packages/airflow/example_dags/example_setup_teardown_taskflow.py
[2025-06-17T04:16:34.215+0300] {logging_mixin.py:151} INFO - [2025-06-17T04:16:34.214+0300] {dag.py:2915} INFO - Sync 1 DAGs
[2025-06-17T04:16:34.251+0300] {logging_mixin.py:151} INFO - [2025-06-17T04:16:34.250+0300] {dag.py:3696} INFO - Setting next_dagrun for example_setup_teardown_taskflow to 2025-06-16T01:16:34.249732+00:00, run_after=2025-06-17T01:16:34.249732+00:00
[2025-06-17T04:16:34.294+0300] {processor.py:179} INFO - Processing /home/qwerty/.local/lib/python3.10/site-packages/airflow/example_dags/example_setup_teardown_taskflow.py took 0.140 seconds
[2025-06-17T04:17:29.509+0300] {processor.py:157} INFO - Started process (PID=19336) to work on /home/qwerty/.local/lib/python3.10/site-packages/airflow/example_dags/example_setup_teardown_taskflow.py
[2025-06-17T04:17:29.511+0300] {processor.py:829} INFO - Processing file /home/qwerty/.local/lib/python3.10/site-packages/airflow/example_dags/example_setup_teardown_taskflow.py for tasks to queue
[2025-06-17T04:17:29.513+0300] {logging_mixin.py:151} INFO - [2025-06-17T04:17:29.512+0300] {dagbag.py:539} INFO - Filling up the DagBag from /home/qwerty/.local/lib/python3.10/site-packages/airflow/example_dags/example_setup_teardown_taskflow.py
[2025-06-17T04:17:29.543+0300] {processor.py:839} INFO - DAG(s) dict_keys(['example_setup_teardown_taskflow']) retrieved from /home/qwerty/.local/lib/python3.10/site-packages/airflow/example_dags/example_setup_teardown_taskflow.py
[2025-06-17T04:17:29.581+0300] {logging_mixin.py:151} INFO - [2025-06-17T04:17:29.580+0300] {dag.py:2915} INFO - Sync 1 DAGs
[2025-06-17T04:17:29.614+0300] {logging_mixin.py:151} INFO - [2025-06-17T04:17:29.614+0300] {dag.py:3696} INFO - Setting next_dagrun for example_setup_teardown_taskflow to 2025-06-16T01:17:29.613828+00:00, run_after=2025-06-17T01:17:29.613828+00:00
[2025-06-17T04:17:29.673+0300] {processor.py:179} INFO - Processing /home/qwerty/.local/lib/python3.10/site-packages/airflow/example_dags/example_setup_teardown_taskflow.py took 0.175 seconds
[2025-06-17T04:18:27.289+0300] {processor.py:157} INFO - Started process (PID=19403) to work on /home/qwerty/.local/lib/python3.10/site-packages/airflow/example_dags/example_setup_teardown_taskflow.py
[2025-06-17T04:18:27.291+0300] {processor.py:829} INFO - Processing file /home/qwerty/.local/lib/python3.10/site-packages/airflow/example_dags/example_setup_teardown_taskflow.py for tasks to queue
[2025-06-17T04:18:27.292+0300] {logging_mixin.py:151} INFO - [2025-06-17T04:18:27.292+0300] {dagbag.py:539} INFO - Filling up the DagBag from /home/qwerty/.local/lib/python3.10/site-packages/airflow/example_dags/example_setup_teardown_taskflow.py
[2025-06-17T04:18:27.309+0300] {processor.py:839} INFO - DAG(s) dict_keys(['example_setup_teardown_taskflow']) retrieved from /home/qwerty/.local/lib/python3.10/site-packages/airflow/example_dags/example_setup_teardown_taskflow.py
[2025-06-17T04:18:27.352+0300] {logging_mixin.py:151} INFO - [2025-06-17T04:18:27.352+0300] {dag.py:2915} INFO - Sync 1 DAGs
[2025-06-17T04:18:27.391+0300] {logging_mixin.py:151} INFO - [2025-06-17T04:18:27.390+0300] {dag.py:3696} INFO - Setting next_dagrun for example_setup_teardown_taskflow to 2025-06-16T01:18:27.390402+00:00, run_after=2025-06-17T01:18:27.390402+00:00
[2025-06-17T04:18:27.434+0300] {processor.py:179} INFO - Processing /home/qwerty/.local/lib/python3.10/site-packages/airflow/example_dags/example_setup_teardown_taskflow.py took 0.158 seconds
[2025-06-17T04:19:26.612+0300] {processor.py:157} INFO - Started process (PID=19499) to work on /home/qwerty/.local/lib/python3.10/site-packages/airflow/example_dags/example_setup_teardown_taskflow.py
[2025-06-17T04:19:26.614+0300] {processor.py:829} INFO - Processing file /home/qwerty/.local/lib/python3.10/site-packages/airflow/example_dags/example_setup_teardown_taskflow.py for tasks to queue
[2025-06-17T04:19:26.615+0300] {logging_mixin.py:151} INFO - [2025-06-17T04:19:26.615+0300] {dagbag.py:539} INFO - Filling up the DagBag from /home/qwerty/.local/lib/python3.10/site-packages/airflow/example_dags/example_setup_teardown_taskflow.py
[2025-06-17T04:19:26.627+0300] {processor.py:839} INFO - DAG(s) dict_keys(['example_setup_teardown_taskflow']) retrieved from /home/qwerty/.local/lib/python3.10/site-packages/airflow/example_dags/example_setup_teardown_taskflow.py
[2025-06-17T04:19:26.651+0300] {logging_mixin.py:151} INFO - [2025-06-17T04:19:26.650+0300] {dag.py:2915} INFO - Sync 1 DAGs
[2025-06-17T04:19:26.676+0300] {logging_mixin.py:151} INFO - [2025-06-17T04:19:26.676+0300] {dag.py:3696} INFO - Setting next_dagrun for example_setup_teardown_taskflow to 2025-06-16T01:19:26.675951+00:00, run_after=2025-06-17T01:19:26.675951+00:00
[2025-06-17T04:19:26.719+0300] {processor.py:179} INFO - Processing /home/qwerty/.local/lib/python3.10/site-packages/airflow/example_dags/example_setup_teardown_taskflow.py took 0.118 seconds
[2025-06-17T04:20:19.572+0300] {processor.py:157} INFO - Started process (PID=19563) to work on /home/qwerty/.local/lib/python3.10/site-packages/airflow/example_dags/example_setup_teardown_taskflow.py
[2025-06-17T04:20:19.575+0300] {processor.py:829} INFO - Processing file /home/qwerty/.local/lib/python3.10/site-packages/airflow/example_dags/example_setup_teardown_taskflow.py for tasks to queue
[2025-06-17T04:20:19.578+0300] {logging_mixin.py:151} INFO - [2025-06-17T04:20:19.577+0300] {dagbag.py:539} INFO - Filling up the DagBag from /home/qwerty/.local/lib/python3.10/site-packages/airflow/example_dags/example_setup_teardown_taskflow.py
[2025-06-17T04:20:19.591+0300] {processor.py:839} INFO - DAG(s) dict_keys(['example_setup_teardown_taskflow']) retrieved from /home/qwerty/.local/lib/python3.10/site-packages/airflow/example_dags/example_setup_teardown_taskflow.py
[2025-06-17T04:20:19.612+0300] {logging_mixin.py:151} INFO - [2025-06-17T04:20:19.612+0300] {dag.py:2915} INFO - Sync 1 DAGs
[2025-06-17T04:20:19.637+0300] {logging_mixin.py:151} INFO - [2025-06-17T04:20:19.636+0300] {dag.py:3696} INFO - Setting next_dagrun for example_setup_teardown_taskflow to 2025-06-16T01:20:19.636565+00:00, run_after=2025-06-17T01:20:19.636565+00:00
[2025-06-17T04:20:19.675+0300] {processor.py:179} INFO - Processing /home/qwerty/.local/lib/python3.10/site-packages/airflow/example_dags/example_setup_teardown_taskflow.py took 0.115 seconds
[2025-06-17T04:21:12.323+0300] {processor.py:157} INFO - Started process (PID=19626) to work on /home/qwerty/.local/lib/python3.10/site-packages/airflow/example_dags/example_setup_teardown_taskflow.py
[2025-06-17T04:21:12.325+0300] {processor.py:829} INFO - Processing file /home/qwerty/.local/lib/python3.10/site-packages/airflow/example_dags/example_setup_teardown_taskflow.py for tasks to queue
[2025-06-17T04:21:12.326+0300] {logging_mixin.py:151} INFO - [2025-06-17T04:21:12.325+0300] {dagbag.py:539} INFO - Filling up the DagBag from /home/qwerty/.local/lib/python3.10/site-packages/airflow/example_dags/example_setup_teardown_taskflow.py
[2025-06-17T04:21:12.340+0300] {processor.py:839} INFO - DAG(s) dict_keys(['example_setup_teardown_taskflow']) retrieved from /home/qwerty/.local/lib/python3.10/site-packages/airflow/example_dags/example_setup_teardown_taskflow.py
[2025-06-17T04:21:12.362+0300] {logging_mixin.py:151} INFO - [2025-06-17T04:21:12.362+0300] {dag.py:2915} INFO - Sync 1 DAGs
[2025-06-17T04:21:12.386+0300] {logging_mixin.py:151} INFO - [2025-06-17T04:21:12.386+0300] {dag.py:3696} INFO - Setting next_dagrun for example_setup_teardown_taskflow to 2025-06-16T01:21:12.385647+00:00, run_after=2025-06-17T01:21:12.385647+00:00
[2025-06-17T04:21:12.412+0300] {processor.py:179} INFO - Processing /home/qwerty/.local/lib/python3.10/site-packages/airflow/example_dags/example_setup_teardown_taskflow.py took 0.096 seconds
[2025-06-17T04:22:09.295+0300] {processor.py:157} INFO - Started process (PID=19720) to work on /home/qwerty/.local/lib/python3.10/site-packages/airflow/example_dags/example_setup_teardown_taskflow.py
[2025-06-17T04:22:09.296+0300] {processor.py:829} INFO - Processing file /home/qwerty/.local/lib/python3.10/site-packages/airflow/example_dags/example_setup_teardown_taskflow.py for tasks to queue
[2025-06-17T04:22:09.297+0300] {logging_mixin.py:151} INFO - [2025-06-17T04:22:09.296+0300] {dagbag.py:539} INFO - Filling up the DagBag from /home/qwerty/.local/lib/python3.10/site-packages/airflow/example_dags/example_setup_teardown_taskflow.py
[2025-06-17T04:22:09.309+0300] {processor.py:839} INFO - DAG(s) dict_keys(['example_setup_teardown_taskflow']) retrieved from /home/qwerty/.local/lib/python3.10/site-packages/airflow/example_dags/example_setup_teardown_taskflow.py
[2025-06-17T04:22:09.329+0300] {logging_mixin.py:151} INFO - [2025-06-17T04:22:09.329+0300] {dag.py:2915} INFO - Sync 1 DAGs
[2025-06-17T04:22:09.353+0300] {logging_mixin.py:151} INFO - [2025-06-17T04:22:09.353+0300] {dag.py:3696} INFO - Setting next_dagrun for example_setup_teardown_taskflow to 2025-06-16T01:22:09.353242+00:00, run_after=2025-06-17T01:22:09.353242+00:00
[2025-06-17T04:22:09.388+0300] {processor.py:179} INFO - Processing /home/qwerty/.local/lib/python3.10/site-packages/airflow/example_dags/example_setup_teardown_taskflow.py took 0.099 seconds
[2025-06-17T04:23:07.645+0300] {processor.py:157} INFO - Started process (PID=19804) to work on /home/qwerty/.local/lib/python3.10/site-packages/airflow/example_dags/example_setup_teardown_taskflow.py
[2025-06-17T04:23:07.648+0300] {processor.py:829} INFO - Processing file /home/qwerty/.local/lib/python3.10/site-packages/airflow/example_dags/example_setup_teardown_taskflow.py for tasks to queue
[2025-06-17T04:23:07.650+0300] {logging_mixin.py:151} INFO - [2025-06-17T04:23:07.649+0300] {dagbag.py:539} INFO - Filling up the DagBag from /home/qwerty/.local/lib/python3.10/site-packages/airflow/example_dags/example_setup_teardown_taskflow.py
[2025-06-17T04:23:07.674+0300] {processor.py:839} INFO - DAG(s) dict_keys(['example_setup_teardown_taskflow']) retrieved from /home/qwerty/.local/lib/python3.10/site-packages/airflow/example_dags/example_setup_teardown_taskflow.py
[2025-06-17T04:23:07.694+0300] {logging_mixin.py:151} INFO - [2025-06-17T04:23:07.693+0300] {dag.py:2915} INFO - Sync 1 DAGs
[2025-06-17T04:23:07.717+0300] {logging_mixin.py:151} INFO - [2025-06-17T04:23:07.717+0300] {dag.py:3696} INFO - Setting next_dagrun for example_setup_teardown_taskflow to 2025-06-16T01:23:07.715685+00:00, run_after=2025-06-17T01:23:07.715685+00:00
[2025-06-17T04:23:07.759+0300] {processor.py:179} INFO - Processing /home/qwerty/.local/lib/python3.10/site-packages/airflow/example_dags/example_setup_teardown_taskflow.py took 0.125 seconds
[2025-06-17T04:24:03.735+0300] {processor.py:157} INFO - Started process (PID=19876) to work on /home/qwerty/.local/lib/python3.10/site-packages/airflow/example_dags/example_setup_teardown_taskflow.py
[2025-06-17T04:24:03.738+0300] {processor.py:829} INFO - Processing file /home/qwerty/.local/lib/python3.10/site-packages/airflow/example_dags/example_setup_teardown_taskflow.py for tasks to queue
[2025-06-17T04:24:03.741+0300] {logging_mixin.py:151} INFO - [2025-06-17T04:24:03.740+0300] {dagbag.py:539} INFO - Filling up the DagBag from /home/qwerty/.local/lib/python3.10/site-packages/airflow/example_dags/example_setup_teardown_taskflow.py
[2025-06-17T04:24:03.754+0300] {processor.py:839} INFO - DAG(s) dict_keys(['example_setup_teardown_taskflow']) retrieved from /home/qwerty/.local/lib/python3.10/site-packages/airflow/example_dags/example_setup_teardown_taskflow.py
[2025-06-17T04:24:03.774+0300] {logging_mixin.py:151} INFO - [2025-06-17T04:24:03.773+0300] {dag.py:2915} INFO - Sync 1 DAGs
[2025-06-17T04:24:03.795+0300] {logging_mixin.py:151} INFO - [2025-06-17T04:24:03.795+0300] {dag.py:3696} INFO - Setting next_dagrun for example_setup_teardown_taskflow to 2025-06-16T01:24:03.794930+00:00, run_after=2025-06-17T01:24:03.794930+00:00
[2025-06-17T04:24:03.835+0300] {processor.py:179} INFO - Processing /home/qwerty/.local/lib/python3.10/site-packages/airflow/example_dags/example_setup_teardown_taskflow.py took 0.111 seconds
[2025-06-17T04:25:33.671+0300] {processor.py:157} INFO - Started process (PID=19999) to work on /home/qwerty/.local/lib/python3.10/site-packages/airflow/example_dags/example_setup_teardown_taskflow.py
[2025-06-17T04:25:33.676+0300] {processor.py:829} INFO - Processing file /home/qwerty/.local/lib/python3.10/site-packages/airflow/example_dags/example_setup_teardown_taskflow.py for tasks to queue
[2025-06-17T04:25:33.679+0300] {logging_mixin.py:151} INFO - [2025-06-17T04:25:33.678+0300] {dagbag.py:539} INFO - Filling up the DagBag from /home/qwerty/.local/lib/python3.10/site-packages/airflow/example_dags/example_setup_teardown_taskflow.py
[2025-06-17T04:25:33.703+0300] {processor.py:839} INFO - DAG(s) dict_keys(['example_setup_teardown_taskflow']) retrieved from /home/qwerty/.local/lib/python3.10/site-packages/airflow/example_dags/example_setup_teardown_taskflow.py
[2025-06-17T04:25:33.730+0300] {logging_mixin.py:151} INFO - [2025-06-17T04:25:33.729+0300] {dag.py:2915} INFO - Sync 1 DAGs
[2025-06-17T04:25:33.764+0300] {logging_mixin.py:151} INFO - [2025-06-17T04:25:33.764+0300] {dag.py:3696} INFO - Setting next_dagrun for example_setup_teardown_taskflow to 2025-06-16T01:25:33.763643+00:00, run_after=2025-06-17T01:25:33.763643+00:00
[2025-06-17T04:25:33.812+0300] {processor.py:179} INFO - Processing /home/qwerty/.local/lib/python3.10/site-packages/airflow/example_dags/example_setup_teardown_taskflow.py took 0.153 seconds
[2025-06-17T04:26:29.374+0300] {processor.py:157} INFO - Started process (PID=20051) to work on /home/qwerty/.local/lib/python3.10/site-packages/airflow/example_dags/example_setup_teardown_taskflow.py
[2025-06-17T04:26:29.383+0300] {processor.py:829} INFO - Processing file /home/qwerty/.local/lib/python3.10/site-packages/airflow/example_dags/example_setup_teardown_taskflow.py for tasks to queue
[2025-06-17T04:26:29.386+0300] {logging_mixin.py:151} INFO - [2025-06-17T04:26:29.384+0300] {dagbag.py:539} INFO - Filling up the DagBag from /home/qwerty/.local/lib/python3.10/site-packages/airflow/example_dags/example_setup_teardown_taskflow.py
[2025-06-17T04:26:29.406+0300] {processor.py:839} INFO - DAG(s) dict_keys(['example_setup_teardown_taskflow']) retrieved from /home/qwerty/.local/lib/python3.10/site-packages/airflow/example_dags/example_setup_teardown_taskflow.py
[2025-06-17T04:26:29.443+0300] {logging_mixin.py:151} INFO - [2025-06-17T04:26:29.442+0300] {dag.py:2915} INFO - Sync 1 DAGs
[2025-06-17T04:26:29.485+0300] {logging_mixin.py:151} INFO - [2025-06-17T04:26:29.484+0300] {dag.py:3696} INFO - Setting next_dagrun for example_setup_teardown_taskflow to 2025-06-16T01:26:29.484386+00:00, run_after=2025-06-17T01:26:29.484386+00:00
[2025-06-17T04:26:29.534+0300] {processor.py:179} INFO - Processing /home/qwerty/.local/lib/python3.10/site-packages/airflow/example_dags/example_setup_teardown_taskflow.py took 0.168 seconds
[2025-06-17T04:27:20.621+0300] {processor.py:157} INFO - Started process (PID=20099) to work on /home/qwerty/.local/lib/python3.10/site-packages/airflow/example_dags/example_setup_teardown_taskflow.py
[2025-06-17T04:27:20.624+0300] {processor.py:829} INFO - Processing file /home/qwerty/.local/lib/python3.10/site-packages/airflow/example_dags/example_setup_teardown_taskflow.py for tasks to queue
[2025-06-17T04:27:20.626+0300] {logging_mixin.py:151} INFO - [2025-06-17T04:27:20.625+0300] {dagbag.py:539} INFO - Filling up the DagBag from /home/qwerty/.local/lib/python3.10/site-packages/airflow/example_dags/example_setup_teardown_taskflow.py
[2025-06-17T04:27:20.653+0300] {processor.py:839} INFO - DAG(s) dict_keys(['example_setup_teardown_taskflow']) retrieved from /home/qwerty/.local/lib/python3.10/site-packages/airflow/example_dags/example_setup_teardown_taskflow.py
[2025-06-17T04:27:20.690+0300] {logging_mixin.py:151} INFO - [2025-06-17T04:27:20.690+0300] {dag.py:2915} INFO - Sync 1 DAGs
[2025-06-17T04:27:20.724+0300] {logging_mixin.py:151} INFO - [2025-06-17T04:27:20.723+0300] {dag.py:3696} INFO - Setting next_dagrun for example_setup_teardown_taskflow to 2025-06-16T01:27:20.723406+00:00, run_after=2025-06-17T01:27:20.723406+00:00
[2025-06-17T04:27:20.765+0300] {processor.py:179} INFO - Processing /home/qwerty/.local/lib/python3.10/site-packages/airflow/example_dags/example_setup_teardown_taskflow.py took 0.154 seconds
[2025-06-17T04:28:10.284+0300] {processor.py:157} INFO - Started process (PID=20180) to work on /home/qwerty/.local/lib/python3.10/site-packages/airflow/example_dags/example_setup_teardown_taskflow.py
[2025-06-17T04:28:10.286+0300] {processor.py:829} INFO - Processing file /home/qwerty/.local/lib/python3.10/site-packages/airflow/example_dags/example_setup_teardown_taskflow.py for tasks to queue
[2025-06-17T04:28:10.287+0300] {logging_mixin.py:151} INFO - [2025-06-17T04:28:10.287+0300] {dagbag.py:539} INFO - Filling up the DagBag from /home/qwerty/.local/lib/python3.10/site-packages/airflow/example_dags/example_setup_teardown_taskflow.py
[2025-06-17T04:28:10.299+0300] {processor.py:839} INFO - DAG(s) dict_keys(['example_setup_teardown_taskflow']) retrieved from /home/qwerty/.local/lib/python3.10/site-packages/airflow/example_dags/example_setup_teardown_taskflow.py
[2025-06-17T04:28:10.348+0300] {logging_mixin.py:151} INFO - [2025-06-17T04:28:10.348+0300] {dag.py:2915} INFO - Sync 1 DAGs
[2025-06-17T04:28:10.372+0300] {logging_mixin.py:151} INFO - [2025-06-17T04:28:10.372+0300] {dag.py:3696} INFO - Setting next_dagrun for example_setup_teardown_taskflow to 2025-06-16T01:28:10.372083+00:00, run_after=2025-06-17T01:28:10.372083+00:00
[2025-06-17T04:28:10.399+0300] {processor.py:179} INFO - Processing /home/qwerty/.local/lib/python3.10/site-packages/airflow/example_dags/example_setup_teardown_taskflow.py took 0.126 seconds
[2025-06-17T04:29:02.770+0300] {processor.py:157} INFO - Started process (PID=20235) to work on /home/qwerty/.local/lib/python3.10/site-packages/airflow/example_dags/example_setup_teardown_taskflow.py
[2025-06-17T04:29:02.773+0300] {processor.py:829} INFO - Processing file /home/qwerty/.local/lib/python3.10/site-packages/airflow/example_dags/example_setup_teardown_taskflow.py for tasks to queue
[2025-06-17T04:29:02.776+0300] {logging_mixin.py:151} INFO - [2025-06-17T04:29:02.775+0300] {dagbag.py:539} INFO - Filling up the DagBag from /home/qwerty/.local/lib/python3.10/site-packages/airflow/example_dags/example_setup_teardown_taskflow.py
[2025-06-17T04:29:02.793+0300] {processor.py:839} INFO - DAG(s) dict_keys(['example_setup_teardown_taskflow']) retrieved from /home/qwerty/.local/lib/python3.10/site-packages/airflow/example_dags/example_setup_teardown_taskflow.py
[2025-06-17T04:29:02.814+0300] {logging_mixin.py:151} INFO - [2025-06-17T04:29:02.813+0300] {dag.py:2915} INFO - Sync 1 DAGs
[2025-06-17T04:29:02.836+0300] {logging_mixin.py:151} INFO - [2025-06-17T04:29:02.836+0300] {dag.py:3696} INFO - Setting next_dagrun for example_setup_teardown_taskflow to 2025-06-16T01:29:02.835684+00:00, run_after=2025-06-17T01:29:02.835684+00:00
[2025-06-17T04:29:02.876+0300] {processor.py:179} INFO - Processing /home/qwerty/.local/lib/python3.10/site-packages/airflow/example_dags/example_setup_teardown_taskflow.py took 0.116 seconds
[2025-06-17T04:30:04.340+0300] {processor.py:157} INFO - Started process (PID=20300) to work on /home/qwerty/.local/lib/python3.10/site-packages/airflow/example_dags/example_setup_teardown_taskflow.py
[2025-06-17T04:30:04.344+0300] {processor.py:829} INFO - Processing file /home/qwerty/.local/lib/python3.10/site-packages/airflow/example_dags/example_setup_teardown_taskflow.py for tasks to queue
[2025-06-17T04:30:04.345+0300] {logging_mixin.py:151} INFO - [2025-06-17T04:30:04.345+0300] {dagbag.py:539} INFO - Filling up the DagBag from /home/qwerty/.local/lib/python3.10/site-packages/airflow/example_dags/example_setup_teardown_taskflow.py
[2025-06-17T04:30:04.358+0300] {processor.py:839} INFO - DAG(s) dict_keys(['example_setup_teardown_taskflow']) retrieved from /home/qwerty/.local/lib/python3.10/site-packages/airflow/example_dags/example_setup_teardown_taskflow.py
[2025-06-17T04:30:04.379+0300] {logging_mixin.py:151} INFO - [2025-06-17T04:30:04.379+0300] {dag.py:2915} INFO - Sync 1 DAGs
[2025-06-17T04:30:04.406+0300] {logging_mixin.py:151} INFO - [2025-06-17T04:30:04.406+0300] {dag.py:3696} INFO - Setting next_dagrun for example_setup_teardown_taskflow to 2025-06-16T01:30:04.406211+00:00, run_after=2025-06-17T01:30:04.406211+00:00
[2025-06-17T04:30:04.437+0300] {processor.py:179} INFO - Processing /home/qwerty/.local/lib/python3.10/site-packages/airflow/example_dags/example_setup_teardown_taskflow.py took 0.109 seconds
[2025-06-17T04:31:02.067+0300] {processor.py:157} INFO - Started process (PID=20361) to work on /home/qwerty/.local/lib/python3.10/site-packages/airflow/example_dags/example_setup_teardown_taskflow.py
[2025-06-17T04:31:02.074+0300] {processor.py:829} INFO - Processing file /home/qwerty/.local/lib/python3.10/site-packages/airflow/example_dags/example_setup_teardown_taskflow.py for tasks to queue
[2025-06-17T04:31:02.075+0300] {logging_mixin.py:151} INFO - [2025-06-17T04:31:02.075+0300] {dagbag.py:539} INFO - Filling up the DagBag from /home/qwerty/.local/lib/python3.10/site-packages/airflow/example_dags/example_setup_teardown_taskflow.py
[2025-06-17T04:31:02.089+0300] {processor.py:839} INFO - DAG(s) dict_keys(['example_setup_teardown_taskflow']) retrieved from /home/qwerty/.local/lib/python3.10/site-packages/airflow/example_dags/example_setup_teardown_taskflow.py
[2025-06-17T04:31:02.110+0300] {logging_mixin.py:151} INFO - [2025-06-17T04:31:02.110+0300] {dag.py:2915} INFO - Sync 1 DAGs
[2025-06-17T04:31:02.133+0300] {logging_mixin.py:151} INFO - [2025-06-17T04:31:02.133+0300] {dag.py:3696} INFO - Setting next_dagrun for example_setup_teardown_taskflow to 2025-06-16T01:31:02.132276+00:00, run_after=2025-06-17T01:31:02.132276+00:00
[2025-06-17T04:31:02.178+0300] {processor.py:179} INFO - Processing /home/qwerty/.local/lib/python3.10/site-packages/airflow/example_dags/example_setup_teardown_taskflow.py took 0.122 seconds
