[2025-06-17T04:07:23.811+0300] {processor.py:157} INFO - Started process (PID=18655) to work on /home/qwerty/.local/lib/python3.10/site-packages/airflow/example_dags/example_branch_datetime_operator.py
[2025-06-17T04:07:23.815+0300] {processor.py:829} INFO - Processing file /home/qwerty/.local/lib/python3.10/site-packages/airflow/example_dags/example_branch_datetime_operator.py for tasks to queue
[2025-06-17T04:07:23.818+0300] {logging_mixin.py:151} INFO - [2025-06-17T04:07:23.817+0300] {dagbag.py:539} INFO - Filling up the DagBag from /home/qwerty/.local/lib/python3.10/site-packages/airflow/example_dags/example_branch_datetime_operator.py
[2025-06-17T04:07:23.852+0300] {processor.py:839} INFO - DAG(s) dict_keys(['example_branch_datetime_operator', 'example_branch_datetime_operator_3', 'example_branch_datetime_operator_2']) retrieved from /home/qwerty/.local/lib/python3.10/site-packages/airflow/example_dags/example_branch_datetime_operator.py
[2025-06-17T04:07:23.922+0300] {logging_mixin.py:151} INFO - [2025-06-17T04:07:23.922+0300] {dag.py:2915} INFO - Sync 3 DAGs
[2025-06-17T04:07:23.997+0300] {logging_mixin.py:151} INFO - [2025-06-17T04:07:23.996+0300] {dag.py:3696} INFO - Setting next_dagrun for example_branch_datetime_operator to 2025-06-16T00:00:00+00:00, run_after=2025-06-17T00:00:00+00:00
[2025-06-17T04:07:24.012+0300] {logging_mixin.py:151} INFO - [2025-06-17T04:07:24.012+0300] {dag.py:3696} INFO - Setting next_dagrun for example_branch_datetime_operator_2 to 2025-06-16T00:00:00+00:00, run_after=2025-06-17T00:00:00+00:00
[2025-06-17T04:07:24.023+0300] {logging_mixin.py:151} INFO - [2025-06-17T04:07:24.022+0300] {dag.py:3696} INFO - Setting next_dagrun for example_branch_datetime_operator_3 to 2025-06-16T00:00:00+00:00, run_after=2025-06-17T00:00:00+00:00
[2025-06-17T04:07:24.084+0300] {processor.py:179} INFO - Processing /home/qwerty/.local/lib/python3.10/site-packages/airflow/example_dags/example_branch_datetime_operator.py took 0.282 seconds
[2025-06-17T04:08:23.475+0300] {processor.py:157} INFO - Started process (PID=18739) to work on /home/qwerty/.local/lib/python3.10/site-packages/airflow/example_dags/example_branch_datetime_operator.py
[2025-06-17T04:08:23.482+0300] {processor.py:829} INFO - Processing file /home/qwerty/.local/lib/python3.10/site-packages/airflow/example_dags/example_branch_datetime_operator.py for tasks to queue
[2025-06-17T04:08:23.484+0300] {logging_mixin.py:151} INFO - [2025-06-17T04:08:23.483+0300] {dagbag.py:539} INFO - Filling up the DagBag from /home/qwerty/.local/lib/python3.10/site-packages/airflow/example_dags/example_branch_datetime_operator.py
[2025-06-17T04:08:23.513+0300] {processor.py:839} INFO - DAG(s) dict_keys(['example_branch_datetime_operator_3', 'example_branch_datetime_operator_2', 'example_branch_datetime_operator']) retrieved from /home/qwerty/.local/lib/python3.10/site-packages/airflow/example_dags/example_branch_datetime_operator.py
[2025-06-17T04:08:23.579+0300] {logging_mixin.py:151} INFO - [2025-06-17T04:08:23.579+0300] {dag.py:2915} INFO - Sync 3 DAGs
[2025-06-17T04:08:23.648+0300] {logging_mixin.py:151} INFO - [2025-06-17T04:08:23.648+0300] {dag.py:3696} INFO - Setting next_dagrun for example_branch_datetime_operator to 2025-06-16T00:00:00+00:00, run_after=2025-06-17T00:00:00+00:00
[2025-06-17T04:08:23.666+0300] {logging_mixin.py:151} INFO - [2025-06-17T04:08:23.666+0300] {dag.py:3696} INFO - Setting next_dagrun for example_branch_datetime_operator_2 to 2025-06-16T00:00:00+00:00, run_after=2025-06-17T00:00:00+00:00
[2025-06-17T04:08:23.675+0300] {logging_mixin.py:151} INFO - [2025-06-17T04:08:23.675+0300] {dag.py:3696} INFO - Setting next_dagrun for example_branch_datetime_operator_3 to 2025-06-16T00:00:00+00:00, run_after=2025-06-17T00:00:00+00:00
[2025-06-17T04:08:23.750+0300] {processor.py:179} INFO - Processing /home/qwerty/.local/lib/python3.10/site-packages/airflow/example_dags/example_branch_datetime_operator.py took 0.286 seconds
[2025-06-17T04:09:20.060+0300] {processor.py:157} INFO - Started process (PID=18810) to work on /home/qwerty/.local/lib/python3.10/site-packages/airflow/example_dags/example_branch_datetime_operator.py
[2025-06-17T04:09:20.062+0300] {processor.py:829} INFO - Processing file /home/qwerty/.local/lib/python3.10/site-packages/airflow/example_dags/example_branch_datetime_operator.py for tasks to queue
[2025-06-17T04:09:20.064+0300] {logging_mixin.py:151} INFO - [2025-06-17T04:09:20.063+0300] {dagbag.py:539} INFO - Filling up the DagBag from /home/qwerty/.local/lib/python3.10/site-packages/airflow/example_dags/example_branch_datetime_operator.py
[2025-06-17T04:09:20.091+0300] {processor.py:839} INFO - DAG(s) dict_keys(['example_branch_datetime_operator_3', 'example_branch_datetime_operator_2', 'example_branch_datetime_operator']) retrieved from /home/qwerty/.local/lib/python3.10/site-packages/airflow/example_dags/example_branch_datetime_operator.py
[2025-06-17T04:09:20.134+0300] {logging_mixin.py:151} INFO - [2025-06-17T04:09:20.133+0300] {dag.py:2915} INFO - Sync 3 DAGs
[2025-06-17T04:09:20.171+0300] {logging_mixin.py:151} INFO - [2025-06-17T04:09:20.171+0300] {dag.py:3696} INFO - Setting next_dagrun for example_branch_datetime_operator to 2025-06-16T00:00:00+00:00, run_after=2025-06-17T00:00:00+00:00
[2025-06-17T04:09:20.184+0300] {logging_mixin.py:151} INFO - [2025-06-17T04:09:20.183+0300] {dag.py:3696} INFO - Setting next_dagrun for example_branch_datetime_operator_2 to 2025-06-16T00:00:00+00:00, run_after=2025-06-17T00:00:00+00:00
[2025-06-17T04:09:20.188+0300] {logging_mixin.py:151} INFO - [2025-06-17T04:09:20.188+0300] {dag.py:3696} INFO - Setting next_dagrun for example_branch_datetime_operator_3 to 2025-06-16T00:00:00+00:00, run_after=2025-06-17T00:00:00+00:00
[2025-06-17T04:09:20.226+0300] {processor.py:179} INFO - Processing /home/qwerty/.local/lib/python3.10/site-packages/airflow/example_dags/example_branch_datetime_operator.py took 0.177 seconds
[2025-06-17T04:10:16.626+0300] {processor.py:157} INFO - Started process (PID=18863) to work on /home/qwerty/.local/lib/python3.10/site-packages/airflow/example_dags/example_branch_datetime_operator.py
[2025-06-17T04:10:16.634+0300] {processor.py:829} INFO - Processing file /home/qwerty/.local/lib/python3.10/site-packages/airflow/example_dags/example_branch_datetime_operator.py for tasks to queue
[2025-06-17T04:10:16.636+0300] {logging_mixin.py:151} INFO - [2025-06-17T04:10:16.635+0300] {dagbag.py:539} INFO - Filling up the DagBag from /home/qwerty/.local/lib/python3.10/site-packages/airflow/example_dags/example_branch_datetime_operator.py
[2025-06-17T04:10:16.660+0300] {processor.py:839} INFO - DAG(s) dict_keys(['example_branch_datetime_operator', 'example_branch_datetime_operator_3', 'example_branch_datetime_operator_2']) retrieved from /home/qwerty/.local/lib/python3.10/site-packages/airflow/example_dags/example_branch_datetime_operator.py
[2025-06-17T04:10:16.703+0300] {logging_mixin.py:151} INFO - [2025-06-17T04:10:16.702+0300] {dag.py:2915} INFO - Sync 3 DAGs
[2025-06-17T04:10:16.741+0300] {logging_mixin.py:151} INFO - [2025-06-17T04:10:16.740+0300] {dag.py:3696} INFO - Setting next_dagrun for example_branch_datetime_operator to 2025-06-16T00:00:00+00:00, run_after=2025-06-17T00:00:00+00:00
[2025-06-17T04:10:16.752+0300] {logging_mixin.py:151} INFO - [2025-06-17T04:10:16.752+0300] {dag.py:3696} INFO - Setting next_dagrun for example_branch_datetime_operator_2 to 2025-06-16T00:00:00+00:00, run_after=2025-06-17T00:00:00+00:00
[2025-06-17T04:10:16.757+0300] {logging_mixin.py:151} INFO - [2025-06-17T04:10:16.756+0300] {dag.py:3696} INFO - Setting next_dagrun for example_branch_datetime_operator_3 to 2025-06-16T00:00:00+00:00, run_after=2025-06-17T00:00:00+00:00
[2025-06-17T04:10:16.804+0300] {processor.py:179} INFO - Processing /home/qwerty/.local/lib/python3.10/site-packages/airflow/example_dags/example_branch_datetime_operator.py took 0.184 seconds
[2025-06-17T04:11:14.182+0300] {processor.py:157} INFO - Started process (PID=18914) to work on /home/qwerty/.local/lib/python3.10/site-packages/airflow/example_dags/example_branch_datetime_operator.py
[2025-06-17T04:11:14.186+0300] {processor.py:829} INFO - Processing file /home/qwerty/.local/lib/python3.10/site-packages/airflow/example_dags/example_branch_datetime_operator.py for tasks to queue
[2025-06-17T04:11:14.188+0300] {logging_mixin.py:151} INFO - [2025-06-17T04:11:14.187+0300] {dagbag.py:539} INFO - Filling up the DagBag from /home/qwerty/.local/lib/python3.10/site-packages/airflow/example_dags/example_branch_datetime_operator.py
[2025-06-17T04:11:14.212+0300] {processor.py:839} INFO - DAG(s) dict_keys(['example_branch_datetime_operator_3', 'example_branch_datetime_operator', 'example_branch_datetime_operator_2']) retrieved from /home/qwerty/.local/lib/python3.10/site-packages/airflow/example_dags/example_branch_datetime_operator.py
[2025-06-17T04:11:14.254+0300] {logging_mixin.py:151} INFO - [2025-06-17T04:11:14.254+0300] {dag.py:2915} INFO - Sync 3 DAGs
[2025-06-17T04:11:14.294+0300] {logging_mixin.py:151} INFO - [2025-06-17T04:11:14.293+0300] {dag.py:3696} INFO - Setting next_dagrun for example_branch_datetime_operator to 2025-06-16T00:00:00+00:00, run_after=2025-06-17T00:00:00+00:00
[2025-06-17T04:11:14.303+0300] {logging_mixin.py:151} INFO - [2025-06-17T04:11:14.302+0300] {dag.py:3696} INFO - Setting next_dagrun for example_branch_datetime_operator_2 to 2025-06-16T00:00:00+00:00, run_after=2025-06-17T00:00:00+00:00
[2025-06-17T04:11:14.308+0300] {logging_mixin.py:151} INFO - [2025-06-17T04:11:14.308+0300] {dag.py:3696} INFO - Setting next_dagrun for example_branch_datetime_operator_3 to 2025-06-16T00:00:00+00:00, run_after=2025-06-17T00:00:00+00:00
[2025-06-17T04:11:14.355+0300] {processor.py:179} INFO - Processing /home/qwerty/.local/lib/python3.10/site-packages/airflow/example_dags/example_branch_datetime_operator.py took 0.182 seconds
[2025-06-17T04:12:10.827+0300] {processor.py:157} INFO - Started process (PID=18980) to work on /home/qwerty/.local/lib/python3.10/site-packages/airflow/example_dags/example_branch_datetime_operator.py
[2025-06-17T04:12:10.831+0300] {processor.py:829} INFO - Processing file /home/qwerty/.local/lib/python3.10/site-packages/airflow/example_dags/example_branch_datetime_operator.py for tasks to queue
[2025-06-17T04:12:10.832+0300] {logging_mixin.py:151} INFO - [2025-06-17T04:12:10.832+0300] {dagbag.py:539} INFO - Filling up the DagBag from /home/qwerty/.local/lib/python3.10/site-packages/airflow/example_dags/example_branch_datetime_operator.py
[2025-06-17T04:12:10.851+0300] {processor.py:839} INFO - DAG(s) dict_keys(['example_branch_datetime_operator_3', 'example_branch_datetime_operator_2', 'example_branch_datetime_operator']) retrieved from /home/qwerty/.local/lib/python3.10/site-packages/airflow/example_dags/example_branch_datetime_operator.py
[2025-06-17T04:12:10.899+0300] {logging_mixin.py:151} INFO - [2025-06-17T04:12:10.899+0300] {dag.py:2915} INFO - Sync 3 DAGs
[2025-06-17T04:12:10.954+0300] {logging_mixin.py:151} INFO - [2025-06-17T04:12:10.953+0300] {dag.py:3696} INFO - Setting next_dagrun for example_branch_datetime_operator to 2025-06-16T00:00:00+00:00, run_after=2025-06-17T00:00:00+00:00
[2025-06-17T04:12:10.962+0300] {logging_mixin.py:151} INFO - [2025-06-17T04:12:10.961+0300] {dag.py:3696} INFO - Setting next_dagrun for example_branch_datetime_operator_2 to 2025-06-16T00:00:00+00:00, run_after=2025-06-17T00:00:00+00:00
[2025-06-17T04:12:10.966+0300] {logging_mixin.py:151} INFO - [2025-06-17T04:12:10.965+0300] {dag.py:3696} INFO - Setting next_dagrun for example_branch_datetime_operator_3 to 2025-06-16T00:00:00+00:00, run_after=2025-06-17T00:00:00+00:00
[2025-06-17T04:12:11.007+0300] {processor.py:179} INFO - Processing /home/qwerty/.local/lib/python3.10/site-packages/airflow/example_dags/example_branch_datetime_operator.py took 0.188 seconds
[2025-06-17T04:13:09.522+0300] {processor.py:157} INFO - Started process (PID=19062) to work on /home/qwerty/.local/lib/python3.10/site-packages/airflow/example_dags/example_branch_datetime_operator.py
[2025-06-17T04:13:09.525+0300] {processor.py:829} INFO - Processing file /home/qwerty/.local/lib/python3.10/site-packages/airflow/example_dags/example_branch_datetime_operator.py for tasks to queue
[2025-06-17T04:13:09.527+0300] {logging_mixin.py:151} INFO - [2025-06-17T04:13:09.526+0300] {dagbag.py:539} INFO - Filling up the DagBag from /home/qwerty/.local/lib/python3.10/site-packages/airflow/example_dags/example_branch_datetime_operator.py
[2025-06-17T04:13:09.540+0300] {processor.py:839} INFO - DAG(s) dict_keys(['example_branch_datetime_operator_2', 'example_branch_datetime_operator_3', 'example_branch_datetime_operator']) retrieved from /home/qwerty/.local/lib/python3.10/site-packages/airflow/example_dags/example_branch_datetime_operator.py
[2025-06-17T04:13:09.570+0300] {logging_mixin.py:151} INFO - [2025-06-17T04:13:09.569+0300] {dag.py:2915} INFO - Sync 3 DAGs
[2025-06-17T04:13:09.596+0300] {logging_mixin.py:151} INFO - [2025-06-17T04:13:09.596+0300] {dag.py:3696} INFO - Setting next_dagrun for example_branch_datetime_operator to 2025-06-16T00:00:00+00:00, run_after=2025-06-17T00:00:00+00:00
[2025-06-17T04:13:09.602+0300] {logging_mixin.py:151} INFO - [2025-06-17T04:13:09.602+0300] {dag.py:3696} INFO - Setting next_dagrun for example_branch_datetime_operator_2 to 2025-06-16T00:00:00+00:00, run_after=2025-06-17T00:00:00+00:00
[2025-06-17T04:13:09.606+0300] {logging_mixin.py:151} INFO - [2025-06-17T04:13:09.606+0300] {dag.py:3696} INFO - Setting next_dagrun for example_branch_datetime_operator_3 to 2025-06-16T00:00:00+00:00, run_after=2025-06-17T00:00:00+00:00
[2025-06-17T04:13:09.649+0300] {processor.py:179} INFO - Processing /home/qwerty/.local/lib/python3.10/site-packages/airflow/example_dags/example_branch_datetime_operator.py took 0.138 seconds
[2025-06-17T04:14:06.462+0300] {processor.py:157} INFO - Started process (PID=19111) to work on /home/qwerty/.local/lib/python3.10/site-packages/airflow/example_dags/example_branch_datetime_operator.py
[2025-06-17T04:14:06.465+0300] {processor.py:829} INFO - Processing file /home/qwerty/.local/lib/python3.10/site-packages/airflow/example_dags/example_branch_datetime_operator.py for tasks to queue
[2025-06-17T04:14:06.468+0300] {logging_mixin.py:151} INFO - [2025-06-17T04:14:06.467+0300] {dagbag.py:539} INFO - Filling up the DagBag from /home/qwerty/.local/lib/python3.10/site-packages/airflow/example_dags/example_branch_datetime_operator.py
[2025-06-17T04:14:06.480+0300] {processor.py:839} INFO - DAG(s) dict_keys(['example_branch_datetime_operator_3', 'example_branch_datetime_operator', 'example_branch_datetime_operator_2']) retrieved from /home/qwerty/.local/lib/python3.10/site-packages/airflow/example_dags/example_branch_datetime_operator.py
[2025-06-17T04:14:06.508+0300] {logging_mixin.py:151} INFO - [2025-06-17T04:14:06.508+0300] {dag.py:2915} INFO - Sync 3 DAGs
[2025-06-17T04:14:06.535+0300] {logging_mixin.py:151} INFO - [2025-06-17T04:14:06.534+0300] {dag.py:3696} INFO - Setting next_dagrun for example_branch_datetime_operator to 2025-06-16T00:00:00+00:00, run_after=2025-06-17T00:00:00+00:00
[2025-06-17T04:14:06.540+0300] {logging_mixin.py:151} INFO - [2025-06-17T04:14:06.540+0300] {dag.py:3696} INFO - Setting next_dagrun for example_branch_datetime_operator_2 to 2025-06-16T00:00:00+00:00, run_after=2025-06-17T00:00:00+00:00
[2025-06-17T04:14:06.543+0300] {logging_mixin.py:151} INFO - [2025-06-17T04:14:06.543+0300] {dag.py:3696} INFO - Setting next_dagrun for example_branch_datetime_operator_3 to 2025-06-16T00:00:00+00:00, run_after=2025-06-17T00:00:00+00:00
[2025-06-17T04:14:06.568+0300] {processor.py:179} INFO - Processing /home/qwerty/.local/lib/python3.10/site-packages/airflow/example_dags/example_branch_datetime_operator.py took 0.119 seconds
[2025-06-17T04:15:08.517+0300] {processor.py:157} INFO - Started process (PID=19173) to work on /home/qwerty/.local/lib/python3.10/site-packages/airflow/example_dags/example_branch_datetime_operator.py
[2025-06-17T04:15:08.520+0300] {processor.py:829} INFO - Processing file /home/qwerty/.local/lib/python3.10/site-packages/airflow/example_dags/example_branch_datetime_operator.py for tasks to queue
[2025-06-17T04:15:08.522+0300] {logging_mixin.py:151} INFO - [2025-06-17T04:15:08.521+0300] {dagbag.py:539} INFO - Filling up the DagBag from /home/qwerty/.local/lib/python3.10/site-packages/airflow/example_dags/example_branch_datetime_operator.py
[2025-06-17T04:15:08.558+0300] {processor.py:839} INFO - DAG(s) dict_keys(['example_branch_datetime_operator_3', 'example_branch_datetime_operator', 'example_branch_datetime_operator_2']) retrieved from /home/qwerty/.local/lib/python3.10/site-packages/airflow/example_dags/example_branch_datetime_operator.py
[2025-06-17T04:15:08.628+0300] {logging_mixin.py:151} INFO - [2025-06-17T04:15:08.627+0300] {dag.py:2915} INFO - Sync 3 DAGs
[2025-06-17T04:15:08.682+0300] {logging_mixin.py:151} INFO - [2025-06-17T04:15:08.682+0300] {dag.py:3696} INFO - Setting next_dagrun for example_branch_datetime_operator to 2025-06-16T00:00:00+00:00, run_after=2025-06-17T00:00:00+00:00
[2025-06-17T04:15:08.690+0300] {logging_mixin.py:151} INFO - [2025-06-17T04:15:08.690+0300] {dag.py:3696} INFO - Setting next_dagrun for example_branch_datetime_operator_2 to 2025-06-16T00:00:00+00:00, run_after=2025-06-17T00:00:00+00:00
[2025-06-17T04:15:08.696+0300] {logging_mixin.py:151} INFO - [2025-06-17T04:15:08.696+0300] {dag.py:3696} INFO - Setting next_dagrun for example_branch_datetime_operator_3 to 2025-06-16T00:00:00+00:00, run_after=2025-06-17T00:00:00+00:00
[2025-06-17T04:15:08.742+0300] {processor.py:179} INFO - Processing /home/qwerty/.local/lib/python3.10/site-packages/airflow/example_dags/example_branch_datetime_operator.py took 0.234 seconds
[2025-06-17T04:16:08.642+0300] {processor.py:157} INFO - Started process (PID=19224) to work on /home/qwerty/.local/lib/python3.10/site-packages/airflow/example_dags/example_branch_datetime_operator.py
[2025-06-17T04:16:08.646+0300] {processor.py:829} INFO - Processing file /home/qwerty/.local/lib/python3.10/site-packages/airflow/example_dags/example_branch_datetime_operator.py for tasks to queue
[2025-06-17T04:16:08.647+0300] {logging_mixin.py:151} INFO - [2025-06-17T04:16:08.647+0300] {dagbag.py:539} INFO - Filling up the DagBag from /home/qwerty/.local/lib/python3.10/site-packages/airflow/example_dags/example_branch_datetime_operator.py
[2025-06-17T04:16:08.660+0300] {processor.py:839} INFO - DAG(s) dict_keys(['example_branch_datetime_operator_3', 'example_branch_datetime_operator_2', 'example_branch_datetime_operator']) retrieved from /home/qwerty/.local/lib/python3.10/site-packages/airflow/example_dags/example_branch_datetime_operator.py
[2025-06-17T04:16:08.691+0300] {logging_mixin.py:151} INFO - [2025-06-17T04:16:08.691+0300] {dag.py:2915} INFO - Sync 3 DAGs
[2025-06-17T04:16:08.719+0300] {logging_mixin.py:151} INFO - [2025-06-17T04:16:08.718+0300] {dag.py:3696} INFO - Setting next_dagrun for example_branch_datetime_operator to 2025-06-16T00:00:00+00:00, run_after=2025-06-17T00:00:00+00:00
[2025-06-17T04:16:08.726+0300] {logging_mixin.py:151} INFO - [2025-06-17T04:16:08.726+0300] {dag.py:3696} INFO - Setting next_dagrun for example_branch_datetime_operator_2 to 2025-06-16T00:00:00+00:00, run_after=2025-06-17T00:00:00+00:00
[2025-06-17T04:16:08.729+0300] {logging_mixin.py:151} INFO - [2025-06-17T04:16:08.729+0300] {dag.py:3696} INFO - Setting next_dagrun for example_branch_datetime_operator_3 to 2025-06-16T00:00:00+00:00, run_after=2025-06-17T00:00:00+00:00
[2025-06-17T04:16:08.758+0300] {processor.py:179} INFO - Processing /home/qwerty/.local/lib/python3.10/site-packages/airflow/example_dags/example_branch_datetime_operator.py took 0.122 seconds
[2025-06-17T04:17:03.606+0300] {processor.py:157} INFO - Started process (PID=19312) to work on /home/qwerty/.local/lib/python3.10/site-packages/airflow/example_dags/example_branch_datetime_operator.py
[2025-06-17T04:17:03.609+0300] {processor.py:829} INFO - Processing file /home/qwerty/.local/lib/python3.10/site-packages/airflow/example_dags/example_branch_datetime_operator.py for tasks to queue
[2025-06-17T04:17:03.611+0300] {logging_mixin.py:151} INFO - [2025-06-17T04:17:03.610+0300] {dagbag.py:539} INFO - Filling up the DagBag from /home/qwerty/.local/lib/python3.10/site-packages/airflow/example_dags/example_branch_datetime_operator.py
[2025-06-17T04:17:03.642+0300] {processor.py:839} INFO - DAG(s) dict_keys(['example_branch_datetime_operator_2', 'example_branch_datetime_operator', 'example_branch_datetime_operator_3']) retrieved from /home/qwerty/.local/lib/python3.10/site-packages/airflow/example_dags/example_branch_datetime_operator.py
[2025-06-17T04:17:03.694+0300] {logging_mixin.py:151} INFO - [2025-06-17T04:17:03.693+0300] {dag.py:2915} INFO - Sync 3 DAGs
[2025-06-17T04:17:03.720+0300] {logging_mixin.py:151} INFO - [2025-06-17T04:17:03.719+0300] {dag.py:3696} INFO - Setting next_dagrun for example_branch_datetime_operator to 2025-06-16T00:00:00+00:00, run_after=2025-06-17T00:00:00+00:00
[2025-06-17T04:17:03.725+0300] {logging_mixin.py:151} INFO - [2025-06-17T04:17:03.725+0300] {dag.py:3696} INFO - Setting next_dagrun for example_branch_datetime_operator_2 to 2025-06-16T00:00:00+00:00, run_after=2025-06-17T00:00:00+00:00
[2025-06-17T04:17:03.729+0300] {logging_mixin.py:151} INFO - [2025-06-17T04:17:03.729+0300] {dag.py:3696} INFO - Setting next_dagrun for example_branch_datetime_operator_3 to 2025-06-16T00:00:00+00:00, run_after=2025-06-17T00:00:00+00:00
[2025-06-17T04:17:03.754+0300] {processor.py:179} INFO - Processing /home/qwerty/.local/lib/python3.10/site-packages/airflow/example_dags/example_branch_datetime_operator.py took 0.158 seconds
[2025-06-17T04:17:56.078+0300] {processor.py:157} INFO - Started process (PID=19369) to work on /home/qwerty/.local/lib/python3.10/site-packages/airflow/example_dags/example_branch_datetime_operator.py
[2025-06-17T04:17:56.081+0300] {processor.py:829} INFO - Processing file /home/qwerty/.local/lib/python3.10/site-packages/airflow/example_dags/example_branch_datetime_operator.py for tasks to queue
[2025-06-17T04:17:56.082+0300] {logging_mixin.py:151} INFO - [2025-06-17T04:17:56.082+0300] {dagbag.py:539} INFO - Filling up the DagBag from /home/qwerty/.local/lib/python3.10/site-packages/airflow/example_dags/example_branch_datetime_operator.py
[2025-06-17T04:17:56.097+0300] {processor.py:839} INFO - DAG(s) dict_keys(['example_branch_datetime_operator', 'example_branch_datetime_operator_3', 'example_branch_datetime_operator_2']) retrieved from /home/qwerty/.local/lib/python3.10/site-packages/airflow/example_dags/example_branch_datetime_operator.py
[2025-06-17T04:17:56.130+0300] {logging_mixin.py:151} INFO - [2025-06-17T04:17:56.130+0300] {dag.py:2915} INFO - Sync 3 DAGs
[2025-06-17T04:17:56.162+0300] {logging_mixin.py:151} INFO - [2025-06-17T04:17:56.162+0300] {dag.py:3696} INFO - Setting next_dagrun for example_branch_datetime_operator to 2025-06-16T00:00:00+00:00, run_after=2025-06-17T00:00:00+00:00
[2025-06-17T04:17:56.169+0300] {logging_mixin.py:151} INFO - [2025-06-17T04:17:56.168+0300] {dag.py:3696} INFO - Setting next_dagrun for example_branch_datetime_operator_2 to 2025-06-16T00:00:00+00:00, run_after=2025-06-17T00:00:00+00:00
[2025-06-17T04:17:56.173+0300] {logging_mixin.py:151} INFO - [2025-06-17T04:17:56.172+0300] {dag.py:3696} INFO - Setting next_dagrun for example_branch_datetime_operator_3 to 2025-06-16T00:00:00+00:00, run_after=2025-06-17T00:00:00+00:00
[2025-06-17T04:17:56.204+0300] {processor.py:179} INFO - Processing /home/qwerty/.local/lib/python3.10/site-packages/airflow/example_dags/example_branch_datetime_operator.py took 0.133 seconds
[2025-06-17T04:18:54.946+0300] {processor.py:157} INFO - Started process (PID=19426) to work on /home/qwerty/.local/lib/python3.10/site-packages/airflow/example_dags/example_branch_datetime_operator.py
[2025-06-17T04:18:54.949+0300] {processor.py:829} INFO - Processing file /home/qwerty/.local/lib/python3.10/site-packages/airflow/example_dags/example_branch_datetime_operator.py for tasks to queue
[2025-06-17T04:18:54.950+0300] {logging_mixin.py:151} INFO - [2025-06-17T04:18:54.950+0300] {dagbag.py:539} INFO - Filling up the DagBag from /home/qwerty/.local/lib/python3.10/site-packages/airflow/example_dags/example_branch_datetime_operator.py
[2025-06-17T04:18:54.965+0300] {processor.py:839} INFO - DAG(s) dict_keys(['example_branch_datetime_operator_2', 'example_branch_datetime_operator', 'example_branch_datetime_operator_3']) retrieved from /home/qwerty/.local/lib/python3.10/site-packages/airflow/example_dags/example_branch_datetime_operator.py
[2025-06-17T04:18:54.996+0300] {logging_mixin.py:151} INFO - [2025-06-17T04:18:54.995+0300] {dag.py:2915} INFO - Sync 3 DAGs
[2025-06-17T04:18:55.023+0300] {logging_mixin.py:151} INFO - [2025-06-17T04:18:55.023+0300] {dag.py:3696} INFO - Setting next_dagrun for example_branch_datetime_operator to 2025-06-16T00:00:00+00:00, run_after=2025-06-17T00:00:00+00:00
[2025-06-17T04:18:55.029+0300] {logging_mixin.py:151} INFO - [2025-06-17T04:18:55.029+0300] {dag.py:3696} INFO - Setting next_dagrun for example_branch_datetime_operator_2 to 2025-06-16T00:00:00+00:00, run_after=2025-06-17T00:00:00+00:00
[2025-06-17T04:18:55.033+0300] {logging_mixin.py:151} INFO - [2025-06-17T04:18:55.033+0300] {dag.py:3696} INFO - Setting next_dagrun for example_branch_datetime_operator_3 to 2025-06-16T00:00:00+00:00, run_after=2025-06-17T00:00:00+00:00
[2025-06-17T04:18:55.066+0300] {processor.py:179} INFO - Processing /home/qwerty/.local/lib/python3.10/site-packages/airflow/example_dags/example_branch_datetime_operator.py took 0.132 seconds
[2025-06-17T04:19:50.803+0300] {processor.py:157} INFO - Started process (PID=19536) to work on /home/qwerty/.local/lib/python3.10/site-packages/airflow/example_dags/example_branch_datetime_operator.py
[2025-06-17T04:19:50.807+0300] {processor.py:829} INFO - Processing file /home/qwerty/.local/lib/python3.10/site-packages/airflow/example_dags/example_branch_datetime_operator.py for tasks to queue
[2025-06-17T04:19:50.810+0300] {logging_mixin.py:151} INFO - [2025-06-17T04:19:50.809+0300] {dagbag.py:539} INFO - Filling up the DagBag from /home/qwerty/.local/lib/python3.10/site-packages/airflow/example_dags/example_branch_datetime_operator.py
[2025-06-17T04:19:50.839+0300] {processor.py:839} INFO - DAG(s) dict_keys(['example_branch_datetime_operator_2', 'example_branch_datetime_operator_3', 'example_branch_datetime_operator']) retrieved from /home/qwerty/.local/lib/python3.10/site-packages/airflow/example_dags/example_branch_datetime_operator.py
[2025-06-17T04:19:50.887+0300] {logging_mixin.py:151} INFO - [2025-06-17T04:19:50.887+0300] {dag.py:2915} INFO - Sync 3 DAGs
[2025-06-17T04:19:50.931+0300] {logging_mixin.py:151} INFO - [2025-06-17T04:19:50.931+0300] {dag.py:3696} INFO - Setting next_dagrun for example_branch_datetime_operator to 2025-06-16T00:00:00+00:00, run_after=2025-06-17T00:00:00+00:00
[2025-06-17T04:19:50.940+0300] {logging_mixin.py:151} INFO - [2025-06-17T04:19:50.939+0300] {dag.py:3696} INFO - Setting next_dagrun for example_branch_datetime_operator_2 to 2025-06-16T00:00:00+00:00, run_after=2025-06-17T00:00:00+00:00
[2025-06-17T04:19:50.945+0300] {logging_mixin.py:151} INFO - [2025-06-17T04:19:50.945+0300] {dag.py:3696} INFO - Setting next_dagrun for example_branch_datetime_operator_3 to 2025-06-16T00:00:00+00:00, run_after=2025-06-17T00:00:00+00:00
[2025-06-17T04:19:51.003+0300] {processor.py:179} INFO - Processing /home/qwerty/.local/lib/python3.10/site-packages/airflow/example_dags/example_branch_datetime_operator.py took 0.211 seconds
[2025-06-17T04:20:42.101+0300] {processor.py:157} INFO - Started process (PID=19582) to work on /home/qwerty/.local/lib/python3.10/site-packages/airflow/example_dags/example_branch_datetime_operator.py
[2025-06-17T04:20:42.104+0300] {processor.py:829} INFO - Processing file /home/qwerty/.local/lib/python3.10/site-packages/airflow/example_dags/example_branch_datetime_operator.py for tasks to queue
[2025-06-17T04:20:42.107+0300] {logging_mixin.py:151} INFO - [2025-06-17T04:20:42.106+0300] {dagbag.py:539} INFO - Filling up the DagBag from /home/qwerty/.local/lib/python3.10/site-packages/airflow/example_dags/example_branch_datetime_operator.py
[2025-06-17T04:20:42.141+0300] {processor.py:839} INFO - DAG(s) dict_keys(['example_branch_datetime_operator_3', 'example_branch_datetime_operator', 'example_branch_datetime_operator_2']) retrieved from /home/qwerty/.local/lib/python3.10/site-packages/airflow/example_dags/example_branch_datetime_operator.py
[2025-06-17T04:20:42.181+0300] {logging_mixin.py:151} INFO - [2025-06-17T04:20:42.181+0300] {dag.py:2915} INFO - Sync 3 DAGs
[2025-06-17T04:20:42.207+0300] {logging_mixin.py:151} INFO - [2025-06-17T04:20:42.207+0300] {dag.py:3696} INFO - Setting next_dagrun for example_branch_datetime_operator to 2025-06-16T00:00:00+00:00, run_after=2025-06-17T00:00:00+00:00
[2025-06-17T04:20:42.213+0300] {logging_mixin.py:151} INFO - [2025-06-17T04:20:42.213+0300] {dag.py:3696} INFO - Setting next_dagrun for example_branch_datetime_operator_2 to 2025-06-16T00:00:00+00:00, run_after=2025-06-17T00:00:00+00:00
[2025-06-17T04:20:42.217+0300] {logging_mixin.py:151} INFO - [2025-06-17T04:20:42.217+0300] {dag.py:3696} INFO - Setting next_dagrun for example_branch_datetime_operator_3 to 2025-06-16T00:00:00+00:00, run_after=2025-06-17T00:00:00+00:00
[2025-06-17T04:20:42.246+0300] {processor.py:179} INFO - Processing /home/qwerty/.local/lib/python3.10/site-packages/airflow/example_dags/example_branch_datetime_operator.py took 0.156 seconds
[2025-06-17T04:21:37.231+0300] {processor.py:157} INFO - Started process (PID=19673) to work on /home/qwerty/.local/lib/python3.10/site-packages/airflow/example_dags/example_branch_datetime_operator.py
[2025-06-17T04:21:37.234+0300] {processor.py:829} INFO - Processing file /home/qwerty/.local/lib/python3.10/site-packages/airflow/example_dags/example_branch_datetime_operator.py for tasks to queue
[2025-06-17T04:21:37.236+0300] {logging_mixin.py:151} INFO - [2025-06-17T04:21:37.235+0300] {dagbag.py:539} INFO - Filling up the DagBag from /home/qwerty/.local/lib/python3.10/site-packages/airflow/example_dags/example_branch_datetime_operator.py
[2025-06-17T04:21:37.256+0300] {processor.py:839} INFO - DAG(s) dict_keys(['example_branch_datetime_operator', 'example_branch_datetime_operator_3', 'example_branch_datetime_operator_2']) retrieved from /home/qwerty/.local/lib/python3.10/site-packages/airflow/example_dags/example_branch_datetime_operator.py
[2025-06-17T04:21:37.284+0300] {logging_mixin.py:151} INFO - [2025-06-17T04:21:37.284+0300] {dag.py:2915} INFO - Sync 3 DAGs
[2025-06-17T04:21:37.311+0300] {logging_mixin.py:151} INFO - [2025-06-17T04:21:37.311+0300] {dag.py:3696} INFO - Setting next_dagrun for example_branch_datetime_operator to 2025-06-16T00:00:00+00:00, run_after=2025-06-17T00:00:00+00:00
[2025-06-17T04:21:37.319+0300] {logging_mixin.py:151} INFO - [2025-06-17T04:21:37.318+0300] {dag.py:3696} INFO - Setting next_dagrun for example_branch_datetime_operator_2 to 2025-06-16T00:00:00+00:00, run_after=2025-06-17T00:00:00+00:00
[2025-06-17T04:21:37.324+0300] {logging_mixin.py:151} INFO - [2025-06-17T04:21:37.323+0300] {dag.py:3696} INFO - Setting next_dagrun for example_branch_datetime_operator_3 to 2025-06-16T00:00:00+00:00, run_after=2025-06-17T00:00:00+00:00
[2025-06-17T04:21:37.356+0300] {processor.py:179} INFO - Processing /home/qwerty/.local/lib/python3.10/site-packages/airflow/example_dags/example_branch_datetime_operator.py took 0.132 seconds
[2025-06-17T04:22:35.583+0300] {processor.py:157} INFO - Started process (PID=19753) to work on /home/qwerty/.local/lib/python3.10/site-packages/airflow/example_dags/example_branch_datetime_operator.py
[2025-06-17T04:22:35.590+0300] {processor.py:829} INFO - Processing file /home/qwerty/.local/lib/python3.10/site-packages/airflow/example_dags/example_branch_datetime_operator.py for tasks to queue
[2025-06-17T04:22:35.594+0300] {logging_mixin.py:151} INFO - [2025-06-17T04:22:35.592+0300] {dagbag.py:539} INFO - Filling up the DagBag from /home/qwerty/.local/lib/python3.10/site-packages/airflow/example_dags/example_branch_datetime_operator.py
[2025-06-17T04:22:35.613+0300] {processor.py:839} INFO - DAG(s) dict_keys(['example_branch_datetime_operator', 'example_branch_datetime_operator_2', 'example_branch_datetime_operator_3']) retrieved from /home/qwerty/.local/lib/python3.10/site-packages/airflow/example_dags/example_branch_datetime_operator.py
[2025-06-17T04:22:35.643+0300] {logging_mixin.py:151} INFO - [2025-06-17T04:22:35.643+0300] {dag.py:2915} INFO - Sync 3 DAGs
[2025-06-17T04:22:35.669+0300] {logging_mixin.py:151} INFO - [2025-06-17T04:22:35.669+0300] {dag.py:3696} INFO - Setting next_dagrun for example_branch_datetime_operator to 2025-06-16T00:00:00+00:00, run_after=2025-06-17T00:00:00+00:00
[2025-06-17T04:22:35.675+0300] {logging_mixin.py:151} INFO - [2025-06-17T04:22:35.675+0300] {dag.py:3696} INFO - Setting next_dagrun for example_branch_datetime_operator_2 to 2025-06-16T00:00:00+00:00, run_after=2025-06-17T00:00:00+00:00
[2025-06-17T04:22:35.679+0300] {logging_mixin.py:151} INFO - [2025-06-17T04:22:35.679+0300] {dag.py:3696} INFO - Setting next_dagrun for example_branch_datetime_operator_3 to 2025-06-16T00:00:00+00:00, run_after=2025-06-17T00:00:00+00:00
[2025-06-17T04:22:35.705+0300] {processor.py:179} INFO - Processing /home/qwerty/.local/lib/python3.10/site-packages/airflow/example_dags/example_branch_datetime_operator.py took 0.127 seconds
[2025-06-17T04:23:32.666+0300] {processor.py:157} INFO - Started process (PID=19836) to work on /home/qwerty/.local/lib/python3.10/site-packages/airflow/example_dags/example_branch_datetime_operator.py
[2025-06-17T04:23:32.670+0300] {processor.py:829} INFO - Processing file /home/qwerty/.local/lib/python3.10/site-packages/airflow/example_dags/example_branch_datetime_operator.py for tasks to queue
[2025-06-17T04:23:32.673+0300] {logging_mixin.py:151} INFO - [2025-06-17T04:23:32.672+0300] {dagbag.py:539} INFO - Filling up the DagBag from /home/qwerty/.local/lib/python3.10/site-packages/airflow/example_dags/example_branch_datetime_operator.py
[2025-06-17T04:23:32.695+0300] {processor.py:839} INFO - DAG(s) dict_keys(['example_branch_datetime_operator', 'example_branch_datetime_operator_3', 'example_branch_datetime_operator_2']) retrieved from /home/qwerty/.local/lib/python3.10/site-packages/airflow/example_dags/example_branch_datetime_operator.py
[2025-06-17T04:23:32.722+0300] {logging_mixin.py:151} INFO - [2025-06-17T04:23:32.722+0300] {dag.py:2915} INFO - Sync 3 DAGs
[2025-06-17T04:23:32.749+0300] {logging_mixin.py:151} INFO - [2025-06-17T04:23:32.749+0300] {dag.py:3696} INFO - Setting next_dagrun for example_branch_datetime_operator to 2025-06-16T00:00:00+00:00, run_after=2025-06-17T00:00:00+00:00
[2025-06-17T04:23:32.755+0300] {logging_mixin.py:151} INFO - [2025-06-17T04:23:32.755+0300] {dag.py:3696} INFO - Setting next_dagrun for example_branch_datetime_operator_2 to 2025-06-16T00:00:00+00:00, run_after=2025-06-17T00:00:00+00:00
[2025-06-17T04:23:32.758+0300] {logging_mixin.py:151} INFO - [2025-06-17T04:23:32.758+0300] {dag.py:3696} INFO - Setting next_dagrun for example_branch_datetime_operator_3 to 2025-06-16T00:00:00+00:00, run_after=2025-06-17T00:00:00+00:00
[2025-06-17T04:23:32.784+0300] {processor.py:179} INFO - Processing /home/qwerty/.local/lib/python3.10/site-packages/airflow/example_dags/example_branch_datetime_operator.py took 0.129 seconds
[2025-06-17T04:24:46.465+0300] {processor.py:157} INFO - Started process (PID=19946) to work on /home/qwerty/.local/lib/python3.10/site-packages/airflow/example_dags/example_branch_datetime_operator.py
[2025-06-17T04:24:46.467+0300] {processor.py:829} INFO - Processing file /home/qwerty/.local/lib/python3.10/site-packages/airflow/example_dags/example_branch_datetime_operator.py for tasks to queue
[2025-06-17T04:24:46.469+0300] {logging_mixin.py:151} INFO - [2025-06-17T04:24:46.468+0300] {dagbag.py:539} INFO - Filling up the DagBag from /home/qwerty/.local/lib/python3.10/site-packages/airflow/example_dags/example_branch_datetime_operator.py
[2025-06-17T04:24:46.484+0300] {processor.py:839} INFO - DAG(s) dict_keys(['example_branch_datetime_operator_3', 'example_branch_datetime_operator', 'example_branch_datetime_operator_2']) retrieved from /home/qwerty/.local/lib/python3.10/site-packages/airflow/example_dags/example_branch_datetime_operator.py
[2025-06-17T04:24:46.517+0300] {logging_mixin.py:151} INFO - [2025-06-17T04:24:46.517+0300] {dag.py:2915} INFO - Sync 3 DAGs
[2025-06-17T04:24:46.548+0300] {logging_mixin.py:151} INFO - [2025-06-17T04:24:46.548+0300] {dag.py:3696} INFO - Setting next_dagrun for example_branch_datetime_operator to 2025-06-16T00:00:00+00:00, run_after=2025-06-17T00:00:00+00:00
[2025-06-17T04:24:46.555+0300] {logging_mixin.py:151} INFO - [2025-06-17T04:24:46.555+0300] {dag.py:3696} INFO - Setting next_dagrun for example_branch_datetime_operator_2 to 2025-06-16T00:00:00+00:00, run_after=2025-06-17T00:00:00+00:00
[2025-06-17T04:24:46.558+0300] {logging_mixin.py:151} INFO - [2025-06-17T04:24:46.558+0300] {dag.py:3696} INFO - Setting next_dagrun for example_branch_datetime_operator_3 to 2025-06-16T00:00:00+00:00, run_after=2025-06-17T00:00:00+00:00
[2025-06-17T04:24:46.610+0300] {processor.py:179} INFO - Processing /home/qwerty/.local/lib/python3.10/site-packages/airflow/example_dags/example_branch_datetime_operator.py took 0.150 seconds
[2025-06-17T04:26:05.489+0300] {processor.py:157} INFO - Started process (PID=20030) to work on /home/qwerty/.local/lib/python3.10/site-packages/airflow/example_dags/example_branch_datetime_operator.py
[2025-06-17T04:26:05.493+0300] {processor.py:829} INFO - Processing file /home/qwerty/.local/lib/python3.10/site-packages/airflow/example_dags/example_branch_datetime_operator.py for tasks to queue
[2025-06-17T04:26:05.498+0300] {logging_mixin.py:151} INFO - [2025-06-17T04:26:05.496+0300] {dagbag.py:539} INFO - Filling up the DagBag from /home/qwerty/.local/lib/python3.10/site-packages/airflow/example_dags/example_branch_datetime_operator.py
[2025-06-17T04:26:05.543+0300] {processor.py:839} INFO - DAG(s) dict_keys(['example_branch_datetime_operator', 'example_branch_datetime_operator_3', 'example_branch_datetime_operator_2']) retrieved from /home/qwerty/.local/lib/python3.10/site-packages/airflow/example_dags/example_branch_datetime_operator.py
[2025-06-17T04:26:05.641+0300] {logging_mixin.py:151} INFO - [2025-06-17T04:26:05.640+0300] {dag.py:2915} INFO - Sync 3 DAGs
[2025-06-17T04:26:05.723+0300] {logging_mixin.py:151} INFO - [2025-06-17T04:26:05.722+0300] {dag.py:3696} INFO - Setting next_dagrun for example_branch_datetime_operator to 2025-06-16T00:00:00+00:00, run_after=2025-06-17T00:00:00+00:00
[2025-06-17T04:26:05.741+0300] {logging_mixin.py:151} INFO - [2025-06-17T04:26:05.741+0300] {dag.py:3696} INFO - Setting next_dagrun for example_branch_datetime_operator_2 to 2025-06-16T00:00:00+00:00, run_after=2025-06-17T00:00:00+00:00
[2025-06-17T04:26:05.752+0300] {logging_mixin.py:151} INFO - [2025-06-17T04:26:05.751+0300] {dag.py:3696} INFO - Setting next_dagrun for example_branch_datetime_operator_3 to 2025-06-16T00:00:00+00:00, run_after=2025-06-17T00:00:00+00:00
[2025-06-17T04:26:05.836+0300] {processor.py:179} INFO - Processing /home/qwerty/.local/lib/python3.10/site-packages/airflow/example_dags/example_branch_datetime_operator.py took 0.359 seconds
[2025-06-17T04:26:57.996+0300] {processor.py:157} INFO - Started process (PID=20081) to work on /home/qwerty/.local/lib/python3.10/site-packages/airflow/example_dags/example_branch_datetime_operator.py
[2025-06-17T04:26:57.999+0300] {processor.py:829} INFO - Processing file /home/qwerty/.local/lib/python3.10/site-packages/airflow/example_dags/example_branch_datetime_operator.py for tasks to queue
[2025-06-17T04:26:58.002+0300] {logging_mixin.py:151} INFO - [2025-06-17T04:26:58.001+0300] {dagbag.py:539} INFO - Filling up the DagBag from /home/qwerty/.local/lib/python3.10/site-packages/airflow/example_dags/example_branch_datetime_operator.py
[2025-06-17T04:26:58.030+0300] {processor.py:839} INFO - DAG(s) dict_keys(['example_branch_datetime_operator', 'example_branch_datetime_operator_3', 'example_branch_datetime_operator_2']) retrieved from /home/qwerty/.local/lib/python3.10/site-packages/airflow/example_dags/example_branch_datetime_operator.py
[2025-06-17T04:26:58.086+0300] {logging_mixin.py:151} INFO - [2025-06-17T04:26:58.085+0300] {dag.py:2915} INFO - Sync 3 DAGs
[2025-06-17T04:26:58.128+0300] {logging_mixin.py:151} INFO - [2025-06-17T04:26:58.128+0300] {dag.py:3696} INFO - Setting next_dagrun for example_branch_datetime_operator to 2025-06-16T00:00:00+00:00, run_after=2025-06-17T00:00:00+00:00
[2025-06-17T04:26:58.137+0300] {logging_mixin.py:151} INFO - [2025-06-17T04:26:58.137+0300] {dag.py:3696} INFO - Setting next_dagrun for example_branch_datetime_operator_2 to 2025-06-16T00:00:00+00:00, run_after=2025-06-17T00:00:00+00:00
[2025-06-17T04:26:58.142+0300] {logging_mixin.py:151} INFO - [2025-06-17T04:26:58.142+0300] {dag.py:3696} INFO - Setting next_dagrun for example_branch_datetime_operator_3 to 2025-06-16T00:00:00+00:00, run_after=2025-06-17T00:00:00+00:00
[2025-06-17T04:26:58.179+0300] {processor.py:179} INFO - Processing /home/qwerty/.local/lib/python3.10/site-packages/airflow/example_dags/example_branch_datetime_operator.py took 0.192 seconds
[2025-06-17T04:27:48.153+0300] {processor.py:157} INFO - Started process (PID=20133) to work on /home/qwerty/.local/lib/python3.10/site-packages/airflow/example_dags/example_branch_datetime_operator.py
[2025-06-17T04:27:48.156+0300] {processor.py:829} INFO - Processing file /home/qwerty/.local/lib/python3.10/site-packages/airflow/example_dags/example_branch_datetime_operator.py for tasks to queue
[2025-06-17T04:27:48.157+0300] {logging_mixin.py:151} INFO - [2025-06-17T04:27:48.157+0300] {dagbag.py:539} INFO - Filling up the DagBag from /home/qwerty/.local/lib/python3.10/site-packages/airflow/example_dags/example_branch_datetime_operator.py
[2025-06-17T04:27:48.175+0300] {processor.py:839} INFO - DAG(s) dict_keys(['example_branch_datetime_operator_3', 'example_branch_datetime_operator_2', 'example_branch_datetime_operator']) retrieved from /home/qwerty/.local/lib/python3.10/site-packages/airflow/example_dags/example_branch_datetime_operator.py
[2025-06-17T04:27:48.210+0300] {logging_mixin.py:151} INFO - [2025-06-17T04:27:48.210+0300] {dag.py:2915} INFO - Sync 3 DAGs
[2025-06-17T04:27:48.243+0300] {logging_mixin.py:151} INFO - [2025-06-17T04:27:48.242+0300] {dag.py:3696} INFO - Setting next_dagrun for example_branch_datetime_operator to 2025-06-16T00:00:00+00:00, run_after=2025-06-17T00:00:00+00:00
[2025-06-17T04:27:48.250+0300] {logging_mixin.py:151} INFO - [2025-06-17T04:27:48.250+0300] {dag.py:3696} INFO - Setting next_dagrun for example_branch_datetime_operator_2 to 2025-06-16T00:00:00+00:00, run_after=2025-06-17T00:00:00+00:00
[2025-06-17T04:27:48.254+0300] {logging_mixin.py:151} INFO - [2025-06-17T04:27:48.254+0300] {dag.py:3696} INFO - Setting next_dagrun for example_branch_datetime_operator_3 to 2025-06-16T00:00:00+00:00, run_after=2025-06-17T00:00:00+00:00
[2025-06-17T04:27:48.291+0300] {processor.py:179} INFO - Processing /home/qwerty/.local/lib/python3.10/site-packages/airflow/example_dags/example_branch_datetime_operator.py took 0.145 seconds
[2025-06-17T04:28:40.371+0300] {processor.py:157} INFO - Started process (PID=20211) to work on /home/qwerty/.local/lib/python3.10/site-packages/airflow/example_dags/example_branch_datetime_operator.py
[2025-06-17T04:28:40.373+0300] {processor.py:829} INFO - Processing file /home/qwerty/.local/lib/python3.10/site-packages/airflow/example_dags/example_branch_datetime_operator.py for tasks to queue
[2025-06-17T04:28:40.375+0300] {logging_mixin.py:151} INFO - [2025-06-17T04:28:40.374+0300] {dagbag.py:539} INFO - Filling up the DagBag from /home/qwerty/.local/lib/python3.10/site-packages/airflow/example_dags/example_branch_datetime_operator.py
[2025-06-17T04:28:40.398+0300] {processor.py:839} INFO - DAG(s) dict_keys(['example_branch_datetime_operator_3', 'example_branch_datetime_operator', 'example_branch_datetime_operator_2']) retrieved from /home/qwerty/.local/lib/python3.10/site-packages/airflow/example_dags/example_branch_datetime_operator.py
[2025-06-17T04:28:40.442+0300] {logging_mixin.py:151} INFO - [2025-06-17T04:28:40.442+0300] {dag.py:2915} INFO - Sync 3 DAGs
[2025-06-17T04:28:40.473+0300] {logging_mixin.py:151} INFO - [2025-06-17T04:28:40.473+0300] {dag.py:3696} INFO - Setting next_dagrun for example_branch_datetime_operator to 2025-06-16T00:00:00+00:00, run_after=2025-06-17T00:00:00+00:00
[2025-06-17T04:28:40.480+0300] {logging_mixin.py:151} INFO - [2025-06-17T04:28:40.479+0300] {dag.py:3696} INFO - Setting next_dagrun for example_branch_datetime_operator_2 to 2025-06-16T00:00:00+00:00, run_after=2025-06-17T00:00:00+00:00
[2025-06-17T04:28:40.484+0300] {logging_mixin.py:151} INFO - [2025-06-17T04:28:40.483+0300] {dag.py:3696} INFO - Setting next_dagrun for example_branch_datetime_operator_3 to 2025-06-16T00:00:00+00:00, run_after=2025-06-17T00:00:00+00:00
[2025-06-17T04:28:40.513+0300] {processor.py:179} INFO - Processing /home/qwerty/.local/lib/python3.10/site-packages/airflow/example_dags/example_branch_datetime_operator.py took 0.150 seconds
[2025-06-17T04:29:36.128+0300] {processor.py:157} INFO - Started process (PID=20272) to work on /home/qwerty/.local/lib/python3.10/site-packages/airflow/example_dags/example_branch_datetime_operator.py
[2025-06-17T04:29:36.131+0300] {processor.py:829} INFO - Processing file /home/qwerty/.local/lib/python3.10/site-packages/airflow/example_dags/example_branch_datetime_operator.py for tasks to queue
[2025-06-17T04:29:36.134+0300] {logging_mixin.py:151} INFO - [2025-06-17T04:29:36.133+0300] {dagbag.py:539} INFO - Filling up the DagBag from /home/qwerty/.local/lib/python3.10/site-packages/airflow/example_dags/example_branch_datetime_operator.py
[2025-06-17T04:29:36.152+0300] {processor.py:839} INFO - DAG(s) dict_keys(['example_branch_datetime_operator', 'example_branch_datetime_operator_2', 'example_branch_datetime_operator_3']) retrieved from /home/qwerty/.local/lib/python3.10/site-packages/airflow/example_dags/example_branch_datetime_operator.py
[2025-06-17T04:29:36.180+0300] {logging_mixin.py:151} INFO - [2025-06-17T04:29:36.180+0300] {dag.py:2915} INFO - Sync 3 DAGs
[2025-06-17T04:29:36.206+0300] {logging_mixin.py:151} INFO - [2025-06-17T04:29:36.205+0300] {dag.py:3696} INFO - Setting next_dagrun for example_branch_datetime_operator to 2025-06-16T00:00:00+00:00, run_after=2025-06-17T00:00:00+00:00
[2025-06-17T04:29:36.213+0300] {logging_mixin.py:151} INFO - [2025-06-17T04:29:36.212+0300] {dag.py:3696} INFO - Setting next_dagrun for example_branch_datetime_operator_2 to 2025-06-16T00:00:00+00:00, run_after=2025-06-17T00:00:00+00:00
[2025-06-17T04:29:36.216+0300] {logging_mixin.py:151} INFO - [2025-06-17T04:29:36.215+0300] {dag.py:3696} INFO - Setting next_dagrun for example_branch_datetime_operator_3 to 2025-06-16T00:00:00+00:00, run_after=2025-06-17T00:00:00+00:00
[2025-06-17T04:29:36.258+0300] {processor.py:179} INFO - Processing /home/qwerty/.local/lib/python3.10/site-packages/airflow/example_dags/example_branch_datetime_operator.py took 0.141 seconds
[2025-06-17T04:30:34.468+0300] {processor.py:157} INFO - Started process (PID=20332) to work on /home/qwerty/.local/lib/python3.10/site-packages/airflow/example_dags/example_branch_datetime_operator.py
[2025-06-17T04:30:34.471+0300] {processor.py:829} INFO - Processing file /home/qwerty/.local/lib/python3.10/site-packages/airflow/example_dags/example_branch_datetime_operator.py for tasks to queue
[2025-06-17T04:30:34.474+0300] {logging_mixin.py:151} INFO - [2025-06-17T04:30:34.473+0300] {dagbag.py:539} INFO - Filling up the DagBag from /home/qwerty/.local/lib/python3.10/site-packages/airflow/example_dags/example_branch_datetime_operator.py
[2025-06-17T04:30:34.498+0300] {processor.py:839} INFO - DAG(s) dict_keys(['example_branch_datetime_operator_3', 'example_branch_datetime_operator_2', 'example_branch_datetime_operator']) retrieved from /home/qwerty/.local/lib/python3.10/site-packages/airflow/example_dags/example_branch_datetime_operator.py
[2025-06-17T04:30:34.525+0300] {logging_mixin.py:151} INFO - [2025-06-17T04:30:34.525+0300] {dag.py:2915} INFO - Sync 3 DAGs
[2025-06-17T04:30:34.548+0300] {logging_mixin.py:151} INFO - [2025-06-17T04:30:34.548+0300] {dag.py:3696} INFO - Setting next_dagrun for example_branch_datetime_operator to 2025-06-16T00:00:00+00:00, run_after=2025-06-17T00:00:00+00:00
[2025-06-17T04:30:34.554+0300] {logging_mixin.py:151} INFO - [2025-06-17T04:30:34.553+0300] {dag.py:3696} INFO - Setting next_dagrun for example_branch_datetime_operator_2 to 2025-06-16T00:00:00+00:00, run_after=2025-06-17T00:00:00+00:00
[2025-06-17T04:30:34.557+0300] {logging_mixin.py:151} INFO - [2025-06-17T04:30:34.556+0300] {dag.py:3696} INFO - Setting next_dagrun for example_branch_datetime_operator_3 to 2025-06-16T00:00:00+00:00, run_after=2025-06-17T00:00:00+00:00
[2025-06-17T04:30:34.580+0300] {processor.py:179} INFO - Processing /home/qwerty/.local/lib/python3.10/site-packages/airflow/example_dags/example_branch_datetime_operator.py took 0.121 seconds
[2025-06-17T04:31:32.141+0300] {processor.py:157} INFO - Started process (PID=20390) to work on /home/qwerty/.local/lib/python3.10/site-packages/airflow/example_dags/example_branch_datetime_operator.py
[2025-06-17T04:31:32.143+0300] {processor.py:829} INFO - Processing file /home/qwerty/.local/lib/python3.10/site-packages/airflow/example_dags/example_branch_datetime_operator.py for tasks to queue
[2025-06-17T04:31:32.144+0300] {logging_mixin.py:151} INFO - [2025-06-17T04:31:32.143+0300] {dagbag.py:539} INFO - Filling up the DagBag from /home/qwerty/.local/lib/python3.10/site-packages/airflow/example_dags/example_branch_datetime_operator.py
[2025-06-17T04:31:32.160+0300] {processor.py:839} INFO - DAG(s) dict_keys(['example_branch_datetime_operator', 'example_branch_datetime_operator_3', 'example_branch_datetime_operator_2']) retrieved from /home/qwerty/.local/lib/python3.10/site-packages/airflow/example_dags/example_branch_datetime_operator.py
[2025-06-17T04:31:32.194+0300] {logging_mixin.py:151} INFO - [2025-06-17T04:31:32.193+0300] {dag.py:2915} INFO - Sync 3 DAGs
[2025-06-17T04:31:32.225+0300] {logging_mixin.py:151} INFO - [2025-06-17T04:31:32.225+0300] {dag.py:3696} INFO - Setting next_dagrun for example_branch_datetime_operator to 2025-06-16T00:00:00+00:00, run_after=2025-06-17T00:00:00+00:00
[2025-06-17T04:31:32.233+0300] {logging_mixin.py:151} INFO - [2025-06-17T04:31:32.232+0300] {dag.py:3696} INFO - Setting next_dagrun for example_branch_datetime_operator_2 to 2025-06-16T00:00:00+00:00, run_after=2025-06-17T00:00:00+00:00
[2025-06-17T04:31:32.236+0300] {logging_mixin.py:151} INFO - [2025-06-17T04:31:32.236+0300] {dag.py:3696} INFO - Setting next_dagrun for example_branch_datetime_operator_3 to 2025-06-16T00:00:00+00:00, run_after=2025-06-17T00:00:00+00:00
[2025-06-17T04:31:32.272+0300] {processor.py:179} INFO - Processing /home/qwerty/.local/lib/python3.10/site-packages/airflow/example_dags/example_branch_datetime_operator.py took 0.137 seconds
