[2025-06-17T04:08:11.240+0300] {processor.py:157} INFO - Started process (PID=18724) to work on /home/qwerty/.local/lib/python3.10/site-packages/airflow/example_dags/example_nested_branch_dag.py
[2025-06-17T04:08:11.243+0300] {processor.py:829} INFO - Processing file /home/qwerty/.local/lib/python3.10/site-packages/airflow/example_dags/example_nested_branch_dag.py for tasks to queue
[2025-06-17T04:08:11.246+0300] {logging_mixin.py:151} INFO - [2025-06-17T04:08:11.245+0300] {dagbag.py:539} INFO - Filling up the DagBag from /home/qwerty/.local/lib/python3.10/site-packages/airflow/example_dags/example_nested_branch_dag.py
[2025-06-17T04:08:11.284+0300] {processor.py:839} INFO - DAG(s) dict_keys(['example_nested_branch_dag']) retrieved from /home/qwerty/.local/lib/python3.10/site-packages/airflow/example_dags/example_nested_branch_dag.py
[2025-06-17T04:08:11.339+0300] {logging_mixin.py:151} INFO - [2025-06-17T04:08:11.339+0300] {dag.py:2915} INFO - Sync 1 DAGs
[2025-06-17T04:08:11.410+0300] {logging_mixin.py:151} INFO - [2025-06-17T04:08:11.410+0300] {dag.py:3696} INFO - Setting next_dagrun for example_nested_branch_dag to 2025-06-16T00:00:00+00:00, run_after=2025-06-17T00:00:00+00:00
[2025-06-17T04:08:11.471+0300] {processor.py:179} INFO - Processing /home/qwerty/.local/lib/python3.10/site-packages/airflow/example_dags/example_nested_branch_dag.py took 0.240 seconds
[2025-06-17T04:09:09.475+0300] {processor.py:157} INFO - Started process (PID=18801) to work on /home/qwerty/.local/lib/python3.10/site-packages/airflow/example_dags/example_nested_branch_dag.py
[2025-06-17T04:09:09.480+0300] {processor.py:829} INFO - Processing file /home/qwerty/.local/lib/python3.10/site-packages/airflow/example_dags/example_nested_branch_dag.py for tasks to queue
[2025-06-17T04:09:09.483+0300] {logging_mixin.py:151} INFO - [2025-06-17T04:09:09.482+0300] {dagbag.py:539} INFO - Filling up the DagBag from /home/qwerty/.local/lib/python3.10/site-packages/airflow/example_dags/example_nested_branch_dag.py
[2025-06-17T04:09:09.513+0300] {processor.py:839} INFO - DAG(s) dict_keys(['example_nested_branch_dag']) retrieved from /home/qwerty/.local/lib/python3.10/site-packages/airflow/example_dags/example_nested_branch_dag.py
[2025-06-17T04:09:09.566+0300] {logging_mixin.py:151} INFO - [2025-06-17T04:09:09.566+0300] {dag.py:2915} INFO - Sync 1 DAGs
[2025-06-17T04:09:09.638+0300] {logging_mixin.py:151} INFO - [2025-06-17T04:09:09.637+0300] {dag.py:3696} INFO - Setting next_dagrun for example_nested_branch_dag to 2025-06-16T00:00:00+00:00, run_after=2025-06-17T00:00:00+00:00
[2025-06-17T04:09:09.708+0300] {processor.py:179} INFO - Processing /home/qwerty/.local/lib/python3.10/site-packages/airflow/example_dags/example_nested_branch_dag.py took 0.242 seconds
[2025-06-17T04:10:05.875+0300] {processor.py:157} INFO - Started process (PID=18852) to work on /home/qwerty/.local/lib/python3.10/site-packages/airflow/example_dags/example_nested_branch_dag.py
[2025-06-17T04:10:05.878+0300] {processor.py:829} INFO - Processing file /home/qwerty/.local/lib/python3.10/site-packages/airflow/example_dags/example_nested_branch_dag.py for tasks to queue
[2025-06-17T04:10:05.880+0300] {logging_mixin.py:151} INFO - [2025-06-17T04:10:05.879+0300] {dagbag.py:539} INFO - Filling up the DagBag from /home/qwerty/.local/lib/python3.10/site-packages/airflow/example_dags/example_nested_branch_dag.py
[2025-06-17T04:10:05.912+0300] {processor.py:839} INFO - DAG(s) dict_keys(['example_nested_branch_dag']) retrieved from /home/qwerty/.local/lib/python3.10/site-packages/airflow/example_dags/example_nested_branch_dag.py
[2025-06-17T04:10:05.964+0300] {logging_mixin.py:151} INFO - [2025-06-17T04:10:05.963+0300] {dag.py:2915} INFO - Sync 1 DAGs
[2025-06-17T04:10:06.018+0300] {logging_mixin.py:151} INFO - [2025-06-17T04:10:06.018+0300] {dag.py:3696} INFO - Setting next_dagrun for example_nested_branch_dag to 2025-06-16T00:00:00+00:00, run_after=2025-06-17T00:00:00+00:00
[2025-06-17T04:10:06.077+0300] {processor.py:179} INFO - Processing /home/qwerty/.local/lib/python3.10/site-packages/airflow/example_dags/example_nested_branch_dag.py took 0.211 seconds
[2025-06-17T04:11:03.651+0300] {processor.py:157} INFO - Started process (PID=18905) to work on /home/qwerty/.local/lib/python3.10/site-packages/airflow/example_dags/example_nested_branch_dag.py
[2025-06-17T04:11:03.658+0300] {processor.py:829} INFO - Processing file /home/qwerty/.local/lib/python3.10/site-packages/airflow/example_dags/example_nested_branch_dag.py for tasks to queue
[2025-06-17T04:11:03.660+0300] {logging_mixin.py:151} INFO - [2025-06-17T04:11:03.659+0300] {dagbag.py:539} INFO - Filling up the DagBag from /home/qwerty/.local/lib/python3.10/site-packages/airflow/example_dags/example_nested_branch_dag.py
[2025-06-17T04:11:03.681+0300] {processor.py:839} INFO - DAG(s) dict_keys(['example_nested_branch_dag']) retrieved from /home/qwerty/.local/lib/python3.10/site-packages/airflow/example_dags/example_nested_branch_dag.py
[2025-06-17T04:11:03.719+0300] {logging_mixin.py:151} INFO - [2025-06-17T04:11:03.718+0300] {dag.py:2915} INFO - Sync 1 DAGs
[2025-06-17T04:11:03.767+0300] {logging_mixin.py:151} INFO - [2025-06-17T04:11:03.767+0300] {dag.py:3696} INFO - Setting next_dagrun for example_nested_branch_dag to 2025-06-16T00:00:00+00:00, run_after=2025-06-17T00:00:00+00:00
[2025-06-17T04:11:03.823+0300] {processor.py:179} INFO - Processing /home/qwerty/.local/lib/python3.10/site-packages/airflow/example_dags/example_nested_branch_dag.py took 0.179 seconds
[2025-06-17T04:12:01.483+0300] {processor.py:157} INFO - Started process (PID=18961) to work on /home/qwerty/.local/lib/python3.10/site-packages/airflow/example_dags/example_nested_branch_dag.py
[2025-06-17T04:12:01.487+0300] {processor.py:829} INFO - Processing file /home/qwerty/.local/lib/python3.10/site-packages/airflow/example_dags/example_nested_branch_dag.py for tasks to queue
[2025-06-17T04:12:01.489+0300] {logging_mixin.py:151} INFO - [2025-06-17T04:12:01.488+0300] {dagbag.py:539} INFO - Filling up the DagBag from /home/qwerty/.local/lib/python3.10/site-packages/airflow/example_dags/example_nested_branch_dag.py
[2025-06-17T04:12:01.518+0300] {processor.py:839} INFO - DAG(s) dict_keys(['example_nested_branch_dag']) retrieved from /home/qwerty/.local/lib/python3.10/site-packages/airflow/example_dags/example_nested_branch_dag.py
[2025-06-17T04:12:01.561+0300] {logging_mixin.py:151} INFO - [2025-06-17T04:12:01.561+0300] {dag.py:2915} INFO - Sync 1 DAGs
[2025-06-17T04:12:01.605+0300] {logging_mixin.py:151} INFO - [2025-06-17T04:12:01.605+0300] {dag.py:3696} INFO - Setting next_dagrun for example_nested_branch_dag to 2025-06-16T00:00:00+00:00, run_after=2025-06-17T00:00:00+00:00
[2025-06-17T04:12:01.661+0300] {processor.py:179} INFO - Processing /home/qwerty/.local/lib/python3.10/site-packages/airflow/example_dags/example_nested_branch_dag.py took 0.186 seconds
[2025-06-17T04:13:00.212+0300] {processor.py:157} INFO - Started process (PID=19053) to work on /home/qwerty/.local/lib/python3.10/site-packages/airflow/example_dags/example_nested_branch_dag.py
[2025-06-17T04:13:00.215+0300] {processor.py:829} INFO - Processing file /home/qwerty/.local/lib/python3.10/site-packages/airflow/example_dags/example_nested_branch_dag.py for tasks to queue
[2025-06-17T04:13:00.217+0300] {logging_mixin.py:151} INFO - [2025-06-17T04:13:00.216+0300] {dagbag.py:539} INFO - Filling up the DagBag from /home/qwerty/.local/lib/python3.10/site-packages/airflow/example_dags/example_nested_branch_dag.py
[2025-06-17T04:13:00.231+0300] {processor.py:839} INFO - DAG(s) dict_keys(['example_nested_branch_dag']) retrieved from /home/qwerty/.local/lib/python3.10/site-packages/airflow/example_dags/example_nested_branch_dag.py
[2025-06-17T04:13:00.267+0300] {logging_mixin.py:151} INFO - [2025-06-17T04:13:00.267+0300] {dag.py:2915} INFO - Sync 1 DAGs
[2025-06-17T04:13:00.304+0300] {logging_mixin.py:151} INFO - [2025-06-17T04:13:00.304+0300] {dag.py:3696} INFO - Setting next_dagrun for example_nested_branch_dag to 2025-06-16T00:00:00+00:00, run_after=2025-06-17T00:00:00+00:00
[2025-06-17T04:13:00.347+0300] {processor.py:179} INFO - Processing /home/qwerty/.local/lib/python3.10/site-packages/airflow/example_dags/example_nested_branch_dag.py took 0.140 seconds
[2025-06-17T04:13:54.653+0300] {processor.py:157} INFO - Started process (PID=19102) to work on /home/qwerty/.local/lib/python3.10/site-packages/airflow/example_dags/example_nested_branch_dag.py
[2025-06-17T04:13:54.654+0300] {processor.py:829} INFO - Processing file /home/qwerty/.local/lib/python3.10/site-packages/airflow/example_dags/example_nested_branch_dag.py for tasks to queue
[2025-06-17T04:13:54.656+0300] {logging_mixin.py:151} INFO - [2025-06-17T04:13:54.655+0300] {dagbag.py:539} INFO - Filling up the DagBag from /home/qwerty/.local/lib/python3.10/site-packages/airflow/example_dags/example_nested_branch_dag.py
[2025-06-17T04:13:54.668+0300] {processor.py:839} INFO - DAG(s) dict_keys(['example_nested_branch_dag']) retrieved from /home/qwerty/.local/lib/python3.10/site-packages/airflow/example_dags/example_nested_branch_dag.py
[2025-06-17T04:13:54.690+0300] {logging_mixin.py:151} INFO - [2025-06-17T04:13:54.690+0300] {dag.py:2915} INFO - Sync 1 DAGs
[2025-06-17T04:13:54.716+0300] {logging_mixin.py:151} INFO - [2025-06-17T04:13:54.715+0300] {dag.py:3696} INFO - Setting next_dagrun for example_nested_branch_dag to 2025-06-16T00:00:00+00:00, run_after=2025-06-17T00:00:00+00:00
[2025-06-17T04:13:54.743+0300] {processor.py:179} INFO - Processing /home/qwerty/.local/lib/python3.10/site-packages/airflow/example_dags/example_nested_branch_dag.py took 0.094 seconds
[2025-06-17T04:14:56.772+0300] {processor.py:157} INFO - Started process (PID=19164) to work on /home/qwerty/.local/lib/python3.10/site-packages/airflow/example_dags/example_nested_branch_dag.py
[2025-06-17T04:14:56.773+0300] {processor.py:829} INFO - Processing file /home/qwerty/.local/lib/python3.10/site-packages/airflow/example_dags/example_nested_branch_dag.py for tasks to queue
[2025-06-17T04:14:56.775+0300] {logging_mixin.py:151} INFO - [2025-06-17T04:14:56.774+0300] {dagbag.py:539} INFO - Filling up the DagBag from /home/qwerty/.local/lib/python3.10/site-packages/airflow/example_dags/example_nested_branch_dag.py
[2025-06-17T04:14:56.792+0300] {processor.py:839} INFO - DAG(s) dict_keys(['example_nested_branch_dag']) retrieved from /home/qwerty/.local/lib/python3.10/site-packages/airflow/example_dags/example_nested_branch_dag.py
[2025-06-17T04:14:56.824+0300] {logging_mixin.py:151} INFO - [2025-06-17T04:14:56.824+0300] {dag.py:2915} INFO - Sync 1 DAGs
[2025-06-17T04:14:56.862+0300] {logging_mixin.py:151} INFO - [2025-06-17T04:14:56.861+0300] {dag.py:3696} INFO - Setting next_dagrun for example_nested_branch_dag to 2025-06-16T00:00:00+00:00, run_after=2025-06-17T00:00:00+00:00
[2025-06-17T04:14:56.906+0300] {processor.py:179} INFO - Processing /home/qwerty/.local/lib/python3.10/site-packages/airflow/example_dags/example_nested_branch_dag.py took 0.142 seconds
[2025-06-17T04:15:57.015+0300] {processor.py:157} INFO - Started process (PID=19215) to work on /home/qwerty/.local/lib/python3.10/site-packages/airflow/example_dags/example_nested_branch_dag.py
[2025-06-17T04:15:57.021+0300] {processor.py:829} INFO - Processing file /home/qwerty/.local/lib/python3.10/site-packages/airflow/example_dags/example_nested_branch_dag.py for tasks to queue
[2025-06-17T04:15:57.023+0300] {logging_mixin.py:151} INFO - [2025-06-17T04:15:57.022+0300] {dagbag.py:539} INFO - Filling up the DagBag from /home/qwerty/.local/lib/python3.10/site-packages/airflow/example_dags/example_nested_branch_dag.py
[2025-06-17T04:15:57.049+0300] {processor.py:839} INFO - DAG(s) dict_keys(['example_nested_branch_dag']) retrieved from /home/qwerty/.local/lib/python3.10/site-packages/airflow/example_dags/example_nested_branch_dag.py
[2025-06-17T04:15:57.098+0300] {logging_mixin.py:151} INFO - [2025-06-17T04:15:57.098+0300] {dag.py:2915} INFO - Sync 1 DAGs
[2025-06-17T04:15:57.138+0300] {logging_mixin.py:151} INFO - [2025-06-17T04:15:57.138+0300] {dag.py:3696} INFO - Setting next_dagrun for example_nested_branch_dag to 2025-06-16T00:00:00+00:00, run_after=2025-06-17T00:00:00+00:00
[2025-06-17T04:15:57.189+0300] {processor.py:179} INFO - Processing /home/qwerty/.local/lib/python3.10/site-packages/airflow/example_dags/example_nested_branch_dag.py took 0.182 seconds
[2025-06-17T04:16:54.242+0300] {processor.py:157} INFO - Started process (PID=19300) to work on /home/qwerty/.local/lib/python3.10/site-packages/airflow/example_dags/example_nested_branch_dag.py
[2025-06-17T04:16:54.246+0300] {processor.py:829} INFO - Processing file /home/qwerty/.local/lib/python3.10/site-packages/airflow/example_dags/example_nested_branch_dag.py for tasks to queue
[2025-06-17T04:16:54.248+0300] {logging_mixin.py:151} INFO - [2025-06-17T04:16:54.247+0300] {dagbag.py:539} INFO - Filling up the DagBag from /home/qwerty/.local/lib/python3.10/site-packages/airflow/example_dags/example_nested_branch_dag.py
[2025-06-17T04:16:54.266+0300] {processor.py:839} INFO - DAG(s) dict_keys(['example_nested_branch_dag']) retrieved from /home/qwerty/.local/lib/python3.10/site-packages/airflow/example_dags/example_nested_branch_dag.py
[2025-06-17T04:16:54.287+0300] {logging_mixin.py:151} INFO - [2025-06-17T04:16:54.287+0300] {dag.py:2915} INFO - Sync 1 DAGs
[2025-06-17T04:16:54.314+0300] {logging_mixin.py:151} INFO - [2025-06-17T04:16:54.314+0300] {dag.py:3696} INFO - Setting next_dagrun for example_nested_branch_dag to 2025-06-16T00:00:00+00:00, run_after=2025-06-17T00:00:00+00:00
[2025-06-17T04:16:54.343+0300] {processor.py:179} INFO - Processing /home/qwerty/.local/lib/python3.10/site-packages/airflow/example_dags/example_nested_branch_dag.py took 0.111 seconds
[2025-06-17T04:17:45.663+0300] {processor.py:157} INFO - Started process (PID=19357) to work on /home/qwerty/.local/lib/python3.10/site-packages/airflow/example_dags/example_nested_branch_dag.py
[2025-06-17T04:17:45.665+0300] {processor.py:829} INFO - Processing file /home/qwerty/.local/lib/python3.10/site-packages/airflow/example_dags/example_nested_branch_dag.py for tasks to queue
[2025-06-17T04:17:45.667+0300] {logging_mixin.py:151} INFO - [2025-06-17T04:17:45.667+0300] {dagbag.py:539} INFO - Filling up the DagBag from /home/qwerty/.local/lib/python3.10/site-packages/airflow/example_dags/example_nested_branch_dag.py
[2025-06-17T04:17:45.692+0300] {processor.py:839} INFO - DAG(s) dict_keys(['example_nested_branch_dag']) retrieved from /home/qwerty/.local/lib/python3.10/site-packages/airflow/example_dags/example_nested_branch_dag.py
[2025-06-17T04:17:45.720+0300] {logging_mixin.py:151} INFO - [2025-06-17T04:17:45.720+0300] {dag.py:2915} INFO - Sync 1 DAGs
[2025-06-17T04:17:45.752+0300] {logging_mixin.py:151} INFO - [2025-06-17T04:17:45.752+0300] {dag.py:3696} INFO - Setting next_dagrun for example_nested_branch_dag to 2025-06-16T00:00:00+00:00, run_after=2025-06-17T00:00:00+00:00
[2025-06-17T04:17:45.783+0300] {processor.py:179} INFO - Processing /home/qwerty/.local/lib/python3.10/site-packages/airflow/example_dags/example_nested_branch_dag.py took 0.124 seconds
[2025-06-17T04:18:43.605+0300] {processor.py:157} INFO - Started process (PID=19417) to work on /home/qwerty/.local/lib/python3.10/site-packages/airflow/example_dags/example_nested_branch_dag.py
[2025-06-17T04:18:43.608+0300] {processor.py:829} INFO - Processing file /home/qwerty/.local/lib/python3.10/site-packages/airflow/example_dags/example_nested_branch_dag.py for tasks to queue
[2025-06-17T04:18:43.610+0300] {logging_mixin.py:151} INFO - [2025-06-17T04:18:43.609+0300] {dagbag.py:539} INFO - Filling up the DagBag from /home/qwerty/.local/lib/python3.10/site-packages/airflow/example_dags/example_nested_branch_dag.py
[2025-06-17T04:18:43.624+0300] {processor.py:839} INFO - DAG(s) dict_keys(['example_nested_branch_dag']) retrieved from /home/qwerty/.local/lib/python3.10/site-packages/airflow/example_dags/example_nested_branch_dag.py
[2025-06-17T04:18:43.647+0300] {logging_mixin.py:151} INFO - [2025-06-17T04:18:43.646+0300] {dag.py:2915} INFO - Sync 1 DAGs
[2025-06-17T04:18:43.673+0300] {logging_mixin.py:151} INFO - [2025-06-17T04:18:43.673+0300] {dag.py:3696} INFO - Setting next_dagrun for example_nested_branch_dag to 2025-06-16T00:00:00+00:00, run_after=2025-06-17T00:00:00+00:00
[2025-06-17T04:18:43.701+0300] {processor.py:179} INFO - Processing /home/qwerty/.local/lib/python3.10/site-packages/airflow/example_dags/example_nested_branch_dag.py took 0.107 seconds
[2025-06-17T04:19:39.882+0300] {processor.py:157} INFO - Started process (PID=19519) to work on /home/qwerty/.local/lib/python3.10/site-packages/airflow/example_dags/example_nested_branch_dag.py
[2025-06-17T04:19:39.886+0300] {processor.py:829} INFO - Processing file /home/qwerty/.local/lib/python3.10/site-packages/airflow/example_dags/example_nested_branch_dag.py for tasks to queue
[2025-06-17T04:19:39.888+0300] {logging_mixin.py:151} INFO - [2025-06-17T04:19:39.887+0300] {dagbag.py:539} INFO - Filling up the DagBag from /home/qwerty/.local/lib/python3.10/site-packages/airflow/example_dags/example_nested_branch_dag.py
[2025-06-17T04:19:39.902+0300] {processor.py:839} INFO - DAG(s) dict_keys(['example_nested_branch_dag']) retrieved from /home/qwerty/.local/lib/python3.10/site-packages/airflow/example_dags/example_nested_branch_dag.py
[2025-06-17T04:19:39.923+0300] {logging_mixin.py:151} INFO - [2025-06-17T04:19:39.923+0300] {dag.py:2915} INFO - Sync 1 DAGs
[2025-06-17T04:19:39.951+0300] {logging_mixin.py:151} INFO - [2025-06-17T04:19:39.951+0300] {dag.py:3696} INFO - Setting next_dagrun for example_nested_branch_dag to 2025-06-16T00:00:00+00:00, run_after=2025-06-17T00:00:00+00:00
[2025-06-17T04:19:39.983+0300] {processor.py:179} INFO - Processing /home/qwerty/.local/lib/python3.10/site-packages/airflow/example_dags/example_nested_branch_dag.py took 0.111 seconds
[2025-06-17T04:20:30.578+0300] {processor.py:157} INFO - Started process (PID=19573) to work on /home/qwerty/.local/lib/python3.10/site-packages/airflow/example_dags/example_nested_branch_dag.py
[2025-06-17T04:20:30.581+0300] {processor.py:829} INFO - Processing file /home/qwerty/.local/lib/python3.10/site-packages/airflow/example_dags/example_nested_branch_dag.py for tasks to queue
[2025-06-17T04:20:30.582+0300] {logging_mixin.py:151} INFO - [2025-06-17T04:20:30.582+0300] {dagbag.py:539} INFO - Filling up the DagBag from /home/qwerty/.local/lib/python3.10/site-packages/airflow/example_dags/example_nested_branch_dag.py
[2025-06-17T04:20:30.609+0300] {processor.py:839} INFO - DAG(s) dict_keys(['example_nested_branch_dag']) retrieved from /home/qwerty/.local/lib/python3.10/site-packages/airflow/example_dags/example_nested_branch_dag.py
[2025-06-17T04:20:30.636+0300] {logging_mixin.py:151} INFO - [2025-06-17T04:20:30.636+0300] {dag.py:2915} INFO - Sync 1 DAGs
[2025-06-17T04:20:30.662+0300] {logging_mixin.py:151} INFO - [2025-06-17T04:20:30.661+0300] {dag.py:3696} INFO - Setting next_dagrun for example_nested_branch_dag to 2025-06-16T00:00:00+00:00, run_after=2025-06-17T00:00:00+00:00
[2025-06-17T04:20:30.689+0300] {processor.py:179} INFO - Processing /home/qwerty/.local/lib/python3.10/site-packages/airflow/example_dags/example_nested_branch_dag.py took 0.122 seconds
[2025-06-17T04:21:26.607+0300] {processor.py:157} INFO - Started process (PID=19662) to work on /home/qwerty/.local/lib/python3.10/site-packages/airflow/example_dags/example_nested_branch_dag.py
[2025-06-17T04:21:26.611+0300] {processor.py:829} INFO - Processing file /home/qwerty/.local/lib/python3.10/site-packages/airflow/example_dags/example_nested_branch_dag.py for tasks to queue
[2025-06-17T04:21:26.612+0300] {logging_mixin.py:151} INFO - [2025-06-17T04:21:26.612+0300] {dagbag.py:539} INFO - Filling up the DagBag from /home/qwerty/.local/lib/python3.10/site-packages/airflow/example_dags/example_nested_branch_dag.py
[2025-06-17T04:21:26.631+0300] {processor.py:839} INFO - DAG(s) dict_keys(['example_nested_branch_dag']) retrieved from /home/qwerty/.local/lib/python3.10/site-packages/airflow/example_dags/example_nested_branch_dag.py
[2025-06-17T04:21:26.656+0300] {logging_mixin.py:151} INFO - [2025-06-17T04:21:26.656+0300] {dag.py:2915} INFO - Sync 1 DAGs
[2025-06-17T04:21:26.688+0300] {logging_mixin.py:151} INFO - [2025-06-17T04:21:26.687+0300] {dag.py:3696} INFO - Setting next_dagrun for example_nested_branch_dag to 2025-06-16T00:00:00+00:00, run_after=2025-06-17T00:00:00+00:00
[2025-06-17T04:21:26.719+0300] {processor.py:179} INFO - Processing /home/qwerty/.local/lib/python3.10/site-packages/airflow/example_dags/example_nested_branch_dag.py took 0.121 seconds
[2025-06-17T04:22:26.283+0300] {processor.py:157} INFO - Started process (PID=19741) to work on /home/qwerty/.local/lib/python3.10/site-packages/airflow/example_dags/example_nested_branch_dag.py
[2025-06-17T04:22:26.287+0300] {processor.py:829} INFO - Processing file /home/qwerty/.local/lib/python3.10/site-packages/airflow/example_dags/example_nested_branch_dag.py for tasks to queue
[2025-06-17T04:22:26.289+0300] {logging_mixin.py:151} INFO - [2025-06-17T04:22:26.288+0300] {dagbag.py:539} INFO - Filling up the DagBag from /home/qwerty/.local/lib/python3.10/site-packages/airflow/example_dags/example_nested_branch_dag.py
[2025-06-17T04:22:26.308+0300] {processor.py:839} INFO - DAG(s) dict_keys(['example_nested_branch_dag']) retrieved from /home/qwerty/.local/lib/python3.10/site-packages/airflow/example_dags/example_nested_branch_dag.py
[2025-06-17T04:22:26.329+0300] {logging_mixin.py:151} INFO - [2025-06-17T04:22:26.328+0300] {dag.py:2915} INFO - Sync 1 DAGs
[2025-06-17T04:22:26.354+0300] {logging_mixin.py:151} INFO - [2025-06-17T04:22:26.353+0300] {dag.py:3696} INFO - Setting next_dagrun for example_nested_branch_dag to 2025-06-16T00:00:00+00:00, run_after=2025-06-17T00:00:00+00:00
[2025-06-17T04:22:26.381+0300] {processor.py:179} INFO - Processing /home/qwerty/.local/lib/python3.10/site-packages/airflow/example_dags/example_nested_branch_dag.py took 0.109 seconds
[2025-06-17T04:23:20.832+0300] {processor.py:157} INFO - Started process (PID=19822) to work on /home/qwerty/.local/lib/python3.10/site-packages/airflow/example_dags/example_nested_branch_dag.py
[2025-06-17T04:23:20.835+0300] {processor.py:829} INFO - Processing file /home/qwerty/.local/lib/python3.10/site-packages/airflow/example_dags/example_nested_branch_dag.py for tasks to queue
[2025-06-17T04:23:20.836+0300] {logging_mixin.py:151} INFO - [2025-06-17T04:23:20.835+0300] {dagbag.py:539} INFO - Filling up the DagBag from /home/qwerty/.local/lib/python3.10/site-packages/airflow/example_dags/example_nested_branch_dag.py
[2025-06-17T04:23:20.860+0300] {processor.py:839} INFO - DAG(s) dict_keys(['example_nested_branch_dag']) retrieved from /home/qwerty/.local/lib/python3.10/site-packages/airflow/example_dags/example_nested_branch_dag.py
[2025-06-17T04:23:20.897+0300] {logging_mixin.py:151} INFO - [2025-06-17T04:23:20.897+0300] {dag.py:2915} INFO - Sync 1 DAGs
[2025-06-17T04:23:20.942+0300] {logging_mixin.py:151} INFO - [2025-06-17T04:23:20.941+0300] {dag.py:3696} INFO - Setting next_dagrun for example_nested_branch_dag to 2025-06-16T00:00:00+00:00, run_after=2025-06-17T00:00:00+00:00
[2025-06-17T04:23:21.006+0300] {processor.py:179} INFO - Processing /home/qwerty/.local/lib/python3.10/site-packages/airflow/example_dags/example_nested_branch_dag.py took 0.182 seconds
[2025-06-17T04:24:21.691+0300] {processor.py:157} INFO - Started process (PID=19904) to work on /home/qwerty/.local/lib/python3.10/site-packages/airflow/example_dags/example_nested_branch_dag.py
[2025-06-17T04:24:21.693+0300] {processor.py:829} INFO - Processing file /home/qwerty/.local/lib/python3.10/site-packages/airflow/example_dags/example_nested_branch_dag.py for tasks to queue
[2025-06-17T04:24:21.695+0300] {logging_mixin.py:151} INFO - [2025-06-17T04:24:21.694+0300] {dagbag.py:539} INFO - Filling up the DagBag from /home/qwerty/.local/lib/python3.10/site-packages/airflow/example_dags/example_nested_branch_dag.py
[2025-06-17T04:24:21.710+0300] {processor.py:839} INFO - DAG(s) dict_keys(['example_nested_branch_dag']) retrieved from /home/qwerty/.local/lib/python3.10/site-packages/airflow/example_dags/example_nested_branch_dag.py
[2025-06-17T04:24:21.746+0300] {logging_mixin.py:151} INFO - [2025-06-17T04:24:21.746+0300] {dag.py:2915} INFO - Sync 1 DAGs
[2025-06-17T04:24:21.781+0300] {logging_mixin.py:151} INFO - [2025-06-17T04:24:21.781+0300] {dag.py:3696} INFO - Setting next_dagrun for example_nested_branch_dag to 2025-06-16T00:00:00+00:00, run_after=2025-06-17T00:00:00+00:00
[2025-06-17T04:24:21.818+0300] {processor.py:179} INFO - Processing /home/qwerty/.local/lib/python3.10/site-packages/airflow/example_dags/example_nested_branch_dag.py took 0.132 seconds
[2025-06-17T04:25:20.301+0300] {processor.py:157} INFO - Started process (PID=19987) to work on /home/qwerty/.local/lib/python3.10/site-packages/airflow/example_dags/example_nested_branch_dag.py
[2025-06-17T04:25:20.303+0300] {processor.py:829} INFO - Processing file /home/qwerty/.local/lib/python3.10/site-packages/airflow/example_dags/example_nested_branch_dag.py for tasks to queue
[2025-06-17T04:25:20.304+0300] {logging_mixin.py:151} INFO - [2025-06-17T04:25:20.304+0300] {dagbag.py:539} INFO - Filling up the DagBag from /home/qwerty/.local/lib/python3.10/site-packages/airflow/example_dags/example_nested_branch_dag.py
[2025-06-17T04:25:20.323+0300] {processor.py:839} INFO - DAG(s) dict_keys(['example_nested_branch_dag']) retrieved from /home/qwerty/.local/lib/python3.10/site-packages/airflow/example_dags/example_nested_branch_dag.py
[2025-06-17T04:25:20.357+0300] {logging_mixin.py:151} INFO - [2025-06-17T04:25:20.357+0300] {dag.py:2915} INFO - Sync 1 DAGs
[2025-06-17T04:25:20.396+0300] {logging_mixin.py:151} INFO - [2025-06-17T04:25:20.396+0300] {dag.py:3696} INFO - Setting next_dagrun for example_nested_branch_dag to 2025-06-16T00:00:00+00:00, run_after=2025-06-17T00:00:00+00:00
[2025-06-17T04:25:20.435+0300] {processor.py:179} INFO - Processing /home/qwerty/.local/lib/python3.10/site-packages/airflow/example_dags/example_nested_branch_dag.py took 0.141 seconds
[2025-06-17T04:26:16.258+0300] {processor.py:157} INFO - Started process (PID=20039) to work on /home/qwerty/.local/lib/python3.10/site-packages/airflow/example_dags/example_nested_branch_dag.py
[2025-06-17T04:26:16.260+0300] {processor.py:829} INFO - Processing file /home/qwerty/.local/lib/python3.10/site-packages/airflow/example_dags/example_nested_branch_dag.py for tasks to queue
[2025-06-17T04:26:16.263+0300] {logging_mixin.py:151} INFO - [2025-06-17T04:26:16.262+0300] {dagbag.py:539} INFO - Filling up the DagBag from /home/qwerty/.local/lib/python3.10/site-packages/airflow/example_dags/example_nested_branch_dag.py
[2025-06-17T04:26:16.291+0300] {processor.py:839} INFO - DAG(s) dict_keys(['example_nested_branch_dag']) retrieved from /home/qwerty/.local/lib/python3.10/site-packages/airflow/example_dags/example_nested_branch_dag.py
[2025-06-17T04:26:16.344+0300] {logging_mixin.py:151} INFO - [2025-06-17T04:26:16.344+0300] {dag.py:2915} INFO - Sync 1 DAGs
[2025-06-17T04:26:16.400+0300] {logging_mixin.py:151} INFO - [2025-06-17T04:26:16.399+0300] {dag.py:3696} INFO - Setting next_dagrun for example_nested_branch_dag to 2025-06-16T00:00:00+00:00, run_after=2025-06-17T00:00:00+00:00
[2025-06-17T04:26:16.478+0300] {processor.py:179} INFO - Processing /home/qwerty/.local/lib/python3.10/site-packages/airflow/example_dags/example_nested_branch_dag.py took 0.229 seconds
[2025-06-17T04:27:07.119+0300] {processor.py:157} INFO - Started process (PID=20088) to work on /home/qwerty/.local/lib/python3.10/site-packages/airflow/example_dags/example_nested_branch_dag.py
[2025-06-17T04:27:07.122+0300] {processor.py:829} INFO - Processing file /home/qwerty/.local/lib/python3.10/site-packages/airflow/example_dags/example_nested_branch_dag.py for tasks to queue
[2025-06-17T04:27:07.124+0300] {logging_mixin.py:151} INFO - [2025-06-17T04:27:07.123+0300] {dagbag.py:539} INFO - Filling up the DagBag from /home/qwerty/.local/lib/python3.10/site-packages/airflow/example_dags/example_nested_branch_dag.py
[2025-06-17T04:27:07.154+0300] {processor.py:839} INFO - DAG(s) dict_keys(['example_nested_branch_dag']) retrieved from /home/qwerty/.local/lib/python3.10/site-packages/airflow/example_dags/example_nested_branch_dag.py
[2025-06-17T04:27:07.205+0300] {logging_mixin.py:151} INFO - [2025-06-17T04:27:07.204+0300] {dag.py:2915} INFO - Sync 1 DAGs
[2025-06-17T04:27:07.261+0300] {logging_mixin.py:151} INFO - [2025-06-17T04:27:07.260+0300] {dag.py:3696} INFO - Setting next_dagrun for example_nested_branch_dag to 2025-06-16T00:00:00+00:00, run_after=2025-06-17T00:00:00+00:00
[2025-06-17T04:27:07.328+0300] {processor.py:179} INFO - Processing /home/qwerty/.local/lib/python3.10/site-packages/airflow/example_dags/example_nested_branch_dag.py took 0.218 seconds
[2025-06-17T04:27:58.241+0300] {processor.py:157} INFO - Started process (PID=20156) to work on /home/qwerty/.local/lib/python3.10/site-packages/airflow/example_dags/example_nested_branch_dag.py
[2025-06-17T04:27:58.244+0300] {processor.py:829} INFO - Processing file /home/qwerty/.local/lib/python3.10/site-packages/airflow/example_dags/example_nested_branch_dag.py for tasks to queue
[2025-06-17T04:27:58.247+0300] {logging_mixin.py:151} INFO - [2025-06-17T04:27:58.246+0300] {dagbag.py:539} INFO - Filling up the DagBag from /home/qwerty/.local/lib/python3.10/site-packages/airflow/example_dags/example_nested_branch_dag.py
[2025-06-17T04:27:58.263+0300] {processor.py:839} INFO - DAG(s) dict_keys(['example_nested_branch_dag']) retrieved from /home/qwerty/.local/lib/python3.10/site-packages/airflow/example_dags/example_nested_branch_dag.py
[2025-06-17T04:27:58.285+0300] {logging_mixin.py:151} INFO - [2025-06-17T04:27:58.285+0300] {dag.py:2915} INFO - Sync 1 DAGs
[2025-06-17T04:27:58.314+0300] {logging_mixin.py:151} INFO - [2025-06-17T04:27:58.313+0300] {dag.py:3696} INFO - Setting next_dagrun for example_nested_branch_dag to 2025-06-16T00:00:00+00:00, run_after=2025-06-17T00:00:00+00:00
[2025-06-17T04:27:58.359+0300] {processor.py:179} INFO - Processing /home/qwerty/.local/lib/python3.10/site-packages/airflow/example_dags/example_nested_branch_dag.py took 0.129 seconds
[2025-06-17T04:28:48.541+0300] {processor.py:157} INFO - Started process (PID=20220) to work on /home/qwerty/.local/lib/python3.10/site-packages/airflow/example_dags/example_nested_branch_dag.py
[2025-06-17T04:28:48.544+0300] {processor.py:829} INFO - Processing file /home/qwerty/.local/lib/python3.10/site-packages/airflow/example_dags/example_nested_branch_dag.py for tasks to queue
[2025-06-17T04:28:48.547+0300] {logging_mixin.py:151} INFO - [2025-06-17T04:28:48.546+0300] {dagbag.py:539} INFO - Filling up the DagBag from /home/qwerty/.local/lib/python3.10/site-packages/airflow/example_dags/example_nested_branch_dag.py
[2025-06-17T04:28:48.570+0300] {processor.py:839} INFO - DAG(s) dict_keys(['example_nested_branch_dag']) retrieved from /home/qwerty/.local/lib/python3.10/site-packages/airflow/example_dags/example_nested_branch_dag.py
[2025-06-17T04:28:48.591+0300] {logging_mixin.py:151} INFO - [2025-06-17T04:28:48.590+0300] {dag.py:2915} INFO - Sync 1 DAGs
[2025-06-17T04:28:48.615+0300] {logging_mixin.py:151} INFO - [2025-06-17T04:28:48.615+0300] {dag.py:3696} INFO - Setting next_dagrun for example_nested_branch_dag to 2025-06-16T00:00:00+00:00, run_after=2025-06-17T00:00:00+00:00
[2025-06-17T04:28:48.643+0300] {processor.py:179} INFO - Processing /home/qwerty/.local/lib/python3.10/site-packages/airflow/example_dags/example_nested_branch_dag.py took 0.112 seconds
[2025-06-17T04:29:51.550+0300] {processor.py:157} INFO - Started process (PID=20286) to work on /home/qwerty/.local/lib/python3.10/site-packages/airflow/example_dags/example_nested_branch_dag.py
[2025-06-17T04:29:51.553+0300] {processor.py:829} INFO - Processing file /home/qwerty/.local/lib/python3.10/site-packages/airflow/example_dags/example_nested_branch_dag.py for tasks to queue
[2025-06-17T04:29:51.556+0300] {logging_mixin.py:151} INFO - [2025-06-17T04:29:51.555+0300] {dagbag.py:539} INFO - Filling up the DagBag from /home/qwerty/.local/lib/python3.10/site-packages/airflow/example_dags/example_nested_branch_dag.py
[2025-06-17T04:29:51.573+0300] {processor.py:839} INFO - DAG(s) dict_keys(['example_nested_branch_dag']) retrieved from /home/qwerty/.local/lib/python3.10/site-packages/airflow/example_dags/example_nested_branch_dag.py
[2025-06-17T04:29:51.594+0300] {logging_mixin.py:151} INFO - [2025-06-17T04:29:51.594+0300] {dag.py:2915} INFO - Sync 1 DAGs
[2025-06-17T04:29:51.619+0300] {logging_mixin.py:151} INFO - [2025-06-17T04:29:51.618+0300] {dag.py:3696} INFO - Setting next_dagrun for example_nested_branch_dag to 2025-06-16T00:00:00+00:00, run_after=2025-06-17T00:00:00+00:00
[2025-06-17T04:29:51.658+0300] {processor.py:179} INFO - Processing /home/qwerty/.local/lib/python3.10/site-packages/airflow/example_dags/example_nested_branch_dag.py took 0.118 seconds
[2025-06-17T04:30:48.455+0300] {processor.py:157} INFO - Started process (PID=20347) to work on /home/qwerty/.local/lib/python3.10/site-packages/airflow/example_dags/example_nested_branch_dag.py
[2025-06-17T04:30:48.458+0300] {processor.py:829} INFO - Processing file /home/qwerty/.local/lib/python3.10/site-packages/airflow/example_dags/example_nested_branch_dag.py for tasks to queue
[2025-06-17T04:30:48.461+0300] {logging_mixin.py:151} INFO - [2025-06-17T04:30:48.459+0300] {dagbag.py:539} INFO - Filling up the DagBag from /home/qwerty/.local/lib/python3.10/site-packages/airflow/example_dags/example_nested_branch_dag.py
[2025-06-17T04:30:48.485+0300] {processor.py:839} INFO - DAG(s) dict_keys(['example_nested_branch_dag']) retrieved from /home/qwerty/.local/lib/python3.10/site-packages/airflow/example_dags/example_nested_branch_dag.py
[2025-06-17T04:30:48.519+0300] {logging_mixin.py:151} INFO - [2025-06-17T04:30:48.518+0300] {dag.py:2915} INFO - Sync 1 DAGs
[2025-06-17T04:30:48.556+0300] {logging_mixin.py:151} INFO - [2025-06-17T04:30:48.556+0300] {dag.py:3696} INFO - Setting next_dagrun for example_nested_branch_dag to 2025-06-16T00:00:00+00:00, run_after=2025-06-17T00:00:00+00:00
[2025-06-17T04:30:48.597+0300] {processor.py:179} INFO - Processing /home/qwerty/.local/lib/python3.10/site-packages/airflow/example_dags/example_nested_branch_dag.py took 0.149 seconds
