[2025-06-17T04:07:57.250+0300] {processor.py:157} INFO - Started process (PID=18710) to work on /home/qwerty/.local/lib/python3.10/site-packages/airflow/example_dags/example_latest_only_with_trigger.py
[2025-06-17T04:07:57.254+0300] {processor.py:829} INFO - Processing file /home/qwerty/.local/lib/python3.10/site-packages/airflow/example_dags/example_latest_only_with_trigger.py for tasks to queue
[2025-06-17T04:07:57.258+0300] {logging_mixin.py:151} INFO - [2025-06-17T04:07:57.257+0300] {dagbag.py:539} INFO - Filling up the DagBag from /home/qwerty/.local/lib/python3.10/site-packages/airflow/example_dags/example_latest_only_with_trigger.py
[2025-06-17T04:07:57.286+0300] {processor.py:839} INFO - DAG(s) dict_keys(['latest_only_with_trigger']) retrieved from /home/qwerty/.local/lib/python3.10/site-packages/airflow/example_dags/example_latest_only_with_trigger.py
[2025-06-17T04:07:57.343+0300] {logging_mixin.py:151} INFO - [2025-06-17T04:07:57.342+0300] {dag.py:2915} INFO - Sync 1 DAGs
[2025-06-17T04:07:57.406+0300] {logging_mixin.py:151} INFO - [2025-06-17T04:07:57.405+0300] {dag.py:3696} INFO - Setting next_dagrun for latest_only_with_trigger to 2025-06-16T21:07:57.404431+00:00, run_after=2025-06-17T01:07:57.404431+00:00
[2025-06-17T04:07:57.464+0300] {processor.py:179} INFO - Processing /home/qwerty/.local/lib/python3.10/site-packages/airflow/example_dags/example_latest_only_with_trigger.py took 0.229 seconds
[2025-06-17T04:08:55.176+0300] {processor.py:157} INFO - Started process (PID=18789) to work on /home/qwerty/.local/lib/python3.10/site-packages/airflow/example_dags/example_latest_only_with_trigger.py
[2025-06-17T04:08:55.179+0300] {processor.py:829} INFO - Processing file /home/qwerty/.local/lib/python3.10/site-packages/airflow/example_dags/example_latest_only_with_trigger.py for tasks to queue
[2025-06-17T04:08:55.182+0300] {logging_mixin.py:151} INFO - [2025-06-17T04:08:55.181+0300] {dagbag.py:539} INFO - Filling up the DagBag from /home/qwerty/.local/lib/python3.10/site-packages/airflow/example_dags/example_latest_only_with_trigger.py
[2025-06-17T04:08:55.204+0300] {processor.py:839} INFO - DAG(s) dict_keys(['latest_only_with_trigger']) retrieved from /home/qwerty/.local/lib/python3.10/site-packages/airflow/example_dags/example_latest_only_with_trigger.py
[2025-06-17T04:08:55.259+0300] {logging_mixin.py:151} INFO - [2025-06-17T04:08:55.258+0300] {dag.py:2915} INFO - Sync 1 DAGs
[2025-06-17T04:08:55.324+0300] {logging_mixin.py:151} INFO - [2025-06-17T04:08:55.323+0300] {dag.py:3696} INFO - Setting next_dagrun for latest_only_with_trigger to 2025-06-16T21:08:55.321046+00:00, run_after=2025-06-17T01:08:55.321046+00:00
[2025-06-17T04:08:55.391+0300] {processor.py:179} INFO - Processing /home/qwerty/.local/lib/python3.10/site-packages/airflow/example_dags/example_latest_only_with_trigger.py took 0.226 seconds
[2025-06-17T04:10:20.668+0300] {processor.py:157} INFO - Started process (PID=18867) to work on /home/qwerty/.local/lib/python3.10/site-packages/airflow/example_dags/example_latest_only_with_trigger.py
[2025-06-17T04:10:20.678+0300] {processor.py:829} INFO - Processing file /home/qwerty/.local/lib/python3.10/site-packages/airflow/example_dags/example_latest_only_with_trigger.py for tasks to queue
[2025-06-17T04:10:20.683+0300] {logging_mixin.py:151} INFO - [2025-06-17T04:10:20.680+0300] {dagbag.py:539} INFO - Filling up the DagBag from /home/qwerty/.local/lib/python3.10/site-packages/airflow/example_dags/example_latest_only_with_trigger.py
[2025-06-17T04:10:20.711+0300] {processor.py:839} INFO - DAG(s) dict_keys(['latest_only_with_trigger']) retrieved from /home/qwerty/.local/lib/python3.10/site-packages/airflow/example_dags/example_latest_only_with_trigger.py
[2025-06-17T04:10:20.783+0300] {logging_mixin.py:151} INFO - [2025-06-17T04:10:20.782+0300] {dag.py:2915} INFO - Sync 1 DAGs
[2025-06-17T04:10:20.858+0300] {logging_mixin.py:151} INFO - [2025-06-17T04:10:20.858+0300] {dag.py:3696} INFO - Setting next_dagrun for latest_only_with_trigger to 2025-06-16T21:10:20.857743+00:00, run_after=2025-06-17T01:10:20.857743+00:00
[2025-06-17T04:10:20.921+0300] {processor.py:179} INFO - Processing /home/qwerty/.local/lib/python3.10/site-packages/airflow/example_dags/example_latest_only_with_trigger.py took 0.271 seconds
[2025-06-17T04:11:17.458+0300] {processor.py:157} INFO - Started process (PID=18917) to work on /home/qwerty/.local/lib/python3.10/site-packages/airflow/example_dags/example_latest_only_with_trigger.py
[2025-06-17T04:11:17.462+0300] {processor.py:829} INFO - Processing file /home/qwerty/.local/lib/python3.10/site-packages/airflow/example_dags/example_latest_only_with_trigger.py for tasks to queue
[2025-06-17T04:11:17.463+0300] {logging_mixin.py:151} INFO - [2025-06-17T04:11:17.463+0300] {dagbag.py:539} INFO - Filling up the DagBag from /home/qwerty/.local/lib/python3.10/site-packages/airflow/example_dags/example_latest_only_with_trigger.py
[2025-06-17T04:11:17.474+0300] {processor.py:839} INFO - DAG(s) dict_keys(['latest_only_with_trigger']) retrieved from /home/qwerty/.local/lib/python3.10/site-packages/airflow/example_dags/example_latest_only_with_trigger.py
[2025-06-17T04:11:17.504+0300] {logging_mixin.py:151} INFO - [2025-06-17T04:11:17.503+0300] {dag.py:2915} INFO - Sync 1 DAGs
[2025-06-17T04:11:17.541+0300] {logging_mixin.py:151} INFO - [2025-06-17T04:11:17.540+0300] {dag.py:3696} INFO - Setting next_dagrun for latest_only_with_trigger to 2025-06-16T21:11:17.540448+00:00, run_after=2025-06-17T01:11:17.540448+00:00
[2025-06-17T04:11:17.576+0300] {processor.py:179} INFO - Processing /home/qwerty/.local/lib/python3.10/site-packages/airflow/example_dags/example_latest_only_with_trigger.py took 0.124 seconds
[2025-06-17T04:12:18.669+0300] {processor.py:157} INFO - Started process (PID=19006) to work on /home/qwerty/.local/lib/python3.10/site-packages/airflow/example_dags/example_latest_only_with_trigger.py
[2025-06-17T04:12:18.678+0300] {processor.py:829} INFO - Processing file /home/qwerty/.local/lib/python3.10/site-packages/airflow/example_dags/example_latest_only_with_trigger.py for tasks to queue
[2025-06-17T04:12:18.680+0300] {logging_mixin.py:151} INFO - [2025-06-17T04:12:18.679+0300] {dagbag.py:539} INFO - Filling up the DagBag from /home/qwerty/.local/lib/python3.10/site-packages/airflow/example_dags/example_latest_only_with_trigger.py
[2025-06-17T04:12:18.693+0300] {processor.py:839} INFO - DAG(s) dict_keys(['latest_only_with_trigger']) retrieved from /home/qwerty/.local/lib/python3.10/site-packages/airflow/example_dags/example_latest_only_with_trigger.py
[2025-06-17T04:12:18.732+0300] {logging_mixin.py:151} INFO - [2025-06-17T04:12:18.732+0300] {dag.py:2915} INFO - Sync 1 DAGs
[2025-06-17T04:12:18.789+0300] {logging_mixin.py:151} INFO - [2025-06-17T04:12:18.789+0300] {dag.py:3696} INFO - Setting next_dagrun for latest_only_with_trigger to 2025-06-16T21:12:18.788080+00:00, run_after=2025-06-17T01:12:18.788080+00:00
[2025-06-17T04:12:18.836+0300] {processor.py:179} INFO - Processing /home/qwerty/.local/lib/python3.10/site-packages/airflow/example_dags/example_latest_only_with_trigger.py took 0.176 seconds
[2025-06-17T04:13:17.413+0300] {processor.py:157} INFO - Started process (PID=19068) to work on /home/qwerty/.local/lib/python3.10/site-packages/airflow/example_dags/example_latest_only_with_trigger.py
[2025-06-17T04:13:17.417+0300] {processor.py:829} INFO - Processing file /home/qwerty/.local/lib/python3.10/site-packages/airflow/example_dags/example_latest_only_with_trigger.py for tasks to queue
[2025-06-17T04:13:17.419+0300] {logging_mixin.py:151} INFO - [2025-06-17T04:13:17.419+0300] {dagbag.py:539} INFO - Filling up the DagBag from /home/qwerty/.local/lib/python3.10/site-packages/airflow/example_dags/example_latest_only_with_trigger.py
[2025-06-17T04:13:17.427+0300] {processor.py:839} INFO - DAG(s) dict_keys(['latest_only_with_trigger']) retrieved from /home/qwerty/.local/lib/python3.10/site-packages/airflow/example_dags/example_latest_only_with_trigger.py
[2025-06-17T04:13:17.459+0300] {logging_mixin.py:151} INFO - [2025-06-17T04:13:17.459+0300] {dag.py:2915} INFO - Sync 1 DAGs
[2025-06-17T04:13:17.497+0300] {logging_mixin.py:151} INFO - [2025-06-17T04:13:17.496+0300] {dag.py:3696} INFO - Setting next_dagrun for latest_only_with_trigger to 2025-06-16T21:13:17.496428+00:00, run_after=2025-06-17T01:13:17.496428+00:00
[2025-06-17T04:13:17.543+0300] {processor.py:179} INFO - Processing /home/qwerty/.local/lib/python3.10/site-packages/airflow/example_dags/example_latest_only_with_trigger.py took 0.140 seconds
[2025-06-17T04:14:42.305+0300] {processor.py:157} INFO - Started process (PID=19152) to work on /home/qwerty/.local/lib/python3.10/site-packages/airflow/example_dags/example_latest_only_with_trigger.py
[2025-06-17T04:14:42.306+0300] {processor.py:829} INFO - Processing file /home/qwerty/.local/lib/python3.10/site-packages/airflow/example_dags/example_latest_only_with_trigger.py for tasks to queue
[2025-06-17T04:14:42.308+0300] {logging_mixin.py:151} INFO - [2025-06-17T04:14:42.307+0300] {dagbag.py:539} INFO - Filling up the DagBag from /home/qwerty/.local/lib/python3.10/site-packages/airflow/example_dags/example_latest_only_with_trigger.py
[2025-06-17T04:14:42.318+0300] {processor.py:839} INFO - DAG(s) dict_keys(['latest_only_with_trigger']) retrieved from /home/qwerty/.local/lib/python3.10/site-packages/airflow/example_dags/example_latest_only_with_trigger.py
[2025-06-17T04:14:42.354+0300] {logging_mixin.py:151} INFO - [2025-06-17T04:14:42.354+0300] {dag.py:2915} INFO - Sync 1 DAGs
[2025-06-17T04:14:42.393+0300] {logging_mixin.py:151} INFO - [2025-06-17T04:14:42.393+0300] {dag.py:3696} INFO - Setting next_dagrun for latest_only_with_trigger to 2025-06-16T21:14:42.391951+00:00, run_after=2025-06-17T01:14:42.391951+00:00
[2025-06-17T04:14:42.444+0300] {processor.py:179} INFO - Processing /home/qwerty/.local/lib/python3.10/site-packages/airflow/example_dags/example_latest_only_with_trigger.py took 0.147 seconds
[2025-06-17T04:15:45.460+0300] {processor.py:157} INFO - Started process (PID=19205) to work on /home/qwerty/.local/lib/python3.10/site-packages/airflow/example_dags/example_latest_only_with_trigger.py
[2025-06-17T04:15:45.463+0300] {processor.py:829} INFO - Processing file /home/qwerty/.local/lib/python3.10/site-packages/airflow/example_dags/example_latest_only_with_trigger.py for tasks to queue
[2025-06-17T04:15:45.465+0300] {logging_mixin.py:151} INFO - [2025-06-17T04:15:45.464+0300] {dagbag.py:539} INFO - Filling up the DagBag from /home/qwerty/.local/lib/python3.10/site-packages/airflow/example_dags/example_latest_only_with_trigger.py
[2025-06-17T04:15:45.475+0300] {processor.py:839} INFO - DAG(s) dict_keys(['latest_only_with_trigger']) retrieved from /home/qwerty/.local/lib/python3.10/site-packages/airflow/example_dags/example_latest_only_with_trigger.py
[2025-06-17T04:15:45.496+0300] {logging_mixin.py:151} INFO - [2025-06-17T04:15:45.495+0300] {dag.py:2915} INFO - Sync 1 DAGs
[2025-06-17T04:15:45.517+0300] {logging_mixin.py:151} INFO - [2025-06-17T04:15:45.517+0300] {dag.py:3696} INFO - Setting next_dagrun for latest_only_with_trigger to 2025-06-16T21:15:45.517373+00:00, run_after=2025-06-17T01:15:45.517373+00:00
[2025-06-17T04:15:45.543+0300] {processor.py:179} INFO - Processing /home/qwerty/.local/lib/python3.10/site-packages/airflow/example_dags/example_latest_only_with_trigger.py took 0.095 seconds
[2025-06-17T04:16:42.263+0300] {processor.py:157} INFO - Started process (PID=19290) to work on /home/qwerty/.local/lib/python3.10/site-packages/airflow/example_dags/example_latest_only_with_trigger.py
[2025-06-17T04:16:42.266+0300] {processor.py:829} INFO - Processing file /home/qwerty/.local/lib/python3.10/site-packages/airflow/example_dags/example_latest_only_with_trigger.py for tasks to queue
[2025-06-17T04:16:42.268+0300] {logging_mixin.py:151} INFO - [2025-06-17T04:16:42.267+0300] {dagbag.py:539} INFO - Filling up the DagBag from /home/qwerty/.local/lib/python3.10/site-packages/airflow/example_dags/example_latest_only_with_trigger.py
[2025-06-17T04:16:42.281+0300] {processor.py:839} INFO - DAG(s) dict_keys(['latest_only_with_trigger']) retrieved from /home/qwerty/.local/lib/python3.10/site-packages/airflow/example_dags/example_latest_only_with_trigger.py
[2025-06-17T04:16:42.333+0300] {logging_mixin.py:151} INFO - [2025-06-17T04:16:42.333+0300] {dag.py:2915} INFO - Sync 1 DAGs
[2025-06-17T04:16:42.406+0300] {logging_mixin.py:151} INFO - [2025-06-17T04:16:42.406+0300] {dag.py:3696} INFO - Setting next_dagrun for latest_only_with_trigger to 2025-06-16T21:16:42.405457+00:00, run_after=2025-06-17T01:16:42.405457+00:00
[2025-06-17T04:16:42.464+0300] {processor.py:179} INFO - Processing /home/qwerty/.local/lib/python3.10/site-packages/airflow/example_dags/example_latest_only_with_trigger.py took 0.211 seconds
[2025-06-17T04:18:00.964+0300] {processor.py:157} INFO - Started process (PID=19373) to work on /home/qwerty/.local/lib/python3.10/site-packages/airflow/example_dags/example_latest_only_with_trigger.py
[2025-06-17T04:18:00.967+0300] {processor.py:829} INFO - Processing file /home/qwerty/.local/lib/python3.10/site-packages/airflow/example_dags/example_latest_only_with_trigger.py for tasks to queue
[2025-06-17T04:18:00.970+0300] {logging_mixin.py:151} INFO - [2025-06-17T04:18:00.969+0300] {dagbag.py:539} INFO - Filling up the DagBag from /home/qwerty/.local/lib/python3.10/site-packages/airflow/example_dags/example_latest_only_with_trigger.py
[2025-06-17T04:18:00.983+0300] {processor.py:839} INFO - DAG(s) dict_keys(['latest_only_with_trigger']) retrieved from /home/qwerty/.local/lib/python3.10/site-packages/airflow/example_dags/example_latest_only_with_trigger.py
[2025-06-17T04:18:01.018+0300] {logging_mixin.py:151} INFO - [2025-06-17T04:18:01.017+0300] {dag.py:2915} INFO - Sync 1 DAGs
[2025-06-17T04:18:01.060+0300] {logging_mixin.py:151} INFO - [2025-06-17T04:18:01.060+0300] {dag.py:3696} INFO - Setting next_dagrun for latest_only_with_trigger to 2025-06-16T21:18:01.059602+00:00, run_after=2025-06-17T01:18:01.059602+00:00
[2025-06-17T04:18:01.107+0300] {processor.py:179} INFO - Processing /home/qwerty/.local/lib/python3.10/site-packages/airflow/example_dags/example_latest_only_with_trigger.py took 0.151 seconds
[2025-06-17T04:19:02.619+0300] {processor.py:157} INFO - Started process (PID=19433) to work on /home/qwerty/.local/lib/python3.10/site-packages/airflow/example_dags/example_latest_only_with_trigger.py
[2025-06-17T04:19:02.623+0300] {processor.py:829} INFO - Processing file /home/qwerty/.local/lib/python3.10/site-packages/airflow/example_dags/example_latest_only_with_trigger.py for tasks to queue
[2025-06-17T04:19:02.626+0300] {logging_mixin.py:151} INFO - [2025-06-17T04:19:02.625+0300] {dagbag.py:539} INFO - Filling up the DagBag from /home/qwerty/.local/lib/python3.10/site-packages/airflow/example_dags/example_latest_only_with_trigger.py
[2025-06-17T04:19:02.640+0300] {processor.py:839} INFO - DAG(s) dict_keys(['latest_only_with_trigger']) retrieved from /home/qwerty/.local/lib/python3.10/site-packages/airflow/example_dags/example_latest_only_with_trigger.py
[2025-06-17T04:19:02.675+0300] {logging_mixin.py:151} INFO - [2025-06-17T04:19:02.675+0300] {dag.py:2915} INFO - Sync 1 DAGs
[2025-06-17T04:19:02.718+0300] {logging_mixin.py:151} INFO - [2025-06-17T04:19:02.717+0300] {dag.py:3696} INFO - Setting next_dagrun for latest_only_with_trigger to 2025-06-16T21:19:02.717107+00:00, run_after=2025-06-17T01:19:02.717107+00:00
[2025-06-17T04:19:02.769+0300] {processor.py:179} INFO - Processing /home/qwerty/.local/lib/python3.10/site-packages/airflow/example_dags/example_latest_only_with_trigger.py took 0.163 seconds
[2025-06-17T04:19:58.129+0300] {processor.py:157} INFO - Started process (PID=19543) to work on /home/qwerty/.local/lib/python3.10/site-packages/airflow/example_dags/example_latest_only_with_trigger.py
[2025-06-17T04:19:58.132+0300] {processor.py:829} INFO - Processing file /home/qwerty/.local/lib/python3.10/site-packages/airflow/example_dags/example_latest_only_with_trigger.py for tasks to queue
[2025-06-17T04:19:58.135+0300] {logging_mixin.py:151} INFO - [2025-06-17T04:19:58.134+0300] {dagbag.py:539} INFO - Filling up the DagBag from /home/qwerty/.local/lib/python3.10/site-packages/airflow/example_dags/example_latest_only_with_trigger.py
[2025-06-17T04:19:58.151+0300] {processor.py:839} INFO - DAG(s) dict_keys(['latest_only_with_trigger']) retrieved from /home/qwerty/.local/lib/python3.10/site-packages/airflow/example_dags/example_latest_only_with_trigger.py
[2025-06-17T04:19:58.184+0300] {logging_mixin.py:151} INFO - [2025-06-17T04:19:58.184+0300] {dag.py:2915} INFO - Sync 1 DAGs
[2025-06-17T04:19:58.225+0300] {logging_mixin.py:151} INFO - [2025-06-17T04:19:58.225+0300] {dag.py:3696} INFO - Setting next_dagrun for latest_only_with_trigger to 2025-06-16T21:19:58.225027+00:00, run_after=2025-06-17T01:19:58.225027+00:00
[2025-06-17T04:19:58.278+0300] {processor.py:179} INFO - Processing /home/qwerty/.local/lib/python3.10/site-packages/airflow/example_dags/example_latest_only_with_trigger.py took 0.159 seconds
[2025-06-17T04:21:17.887+0300] {processor.py:157} INFO - Started process (PID=19632) to work on /home/qwerty/.local/lib/python3.10/site-packages/airflow/example_dags/example_latest_only_with_trigger.py
[2025-06-17T04:21:17.892+0300] {processor.py:829} INFO - Processing file /home/qwerty/.local/lib/python3.10/site-packages/airflow/example_dags/example_latest_only_with_trigger.py for tasks to queue
[2025-06-17T04:21:17.895+0300] {logging_mixin.py:151} INFO - [2025-06-17T04:21:17.894+0300] {dagbag.py:539} INFO - Filling up the DagBag from /home/qwerty/.local/lib/python3.10/site-packages/airflow/example_dags/example_latest_only_with_trigger.py
[2025-06-17T04:21:17.905+0300] {processor.py:839} INFO - DAG(s) dict_keys(['latest_only_with_trigger']) retrieved from /home/qwerty/.local/lib/python3.10/site-packages/airflow/example_dags/example_latest_only_with_trigger.py
[2025-06-17T04:21:17.926+0300] {logging_mixin.py:151} INFO - [2025-06-17T04:21:17.925+0300] {dag.py:2915} INFO - Sync 1 DAGs
[2025-06-17T04:21:17.947+0300] {logging_mixin.py:151} INFO - [2025-06-17T04:21:17.947+0300] {dag.py:3696} INFO - Setting next_dagrun for latest_only_with_trigger to 2025-06-16T21:21:17.947163+00:00, run_after=2025-06-17T01:21:17.947163+00:00
[2025-06-17T04:21:17.973+0300] {processor.py:179} INFO - Processing /home/qwerty/.local/lib/python3.10/site-packages/airflow/example_dags/example_latest_only_with_trigger.py took 0.096 seconds
[2025-06-17T04:22:43.210+0300] {processor.py:157} INFO - Started process (PID=19765) to work on /home/qwerty/.local/lib/python3.10/site-packages/airflow/example_dags/example_latest_only_with_trigger.py
[2025-06-17T04:22:43.213+0300] {processor.py:829} INFO - Processing file /home/qwerty/.local/lib/python3.10/site-packages/airflow/example_dags/example_latest_only_with_trigger.py for tasks to queue
[2025-06-17T04:22:43.215+0300] {logging_mixin.py:151} INFO - [2025-06-17T04:22:43.214+0300] {dagbag.py:539} INFO - Filling up the DagBag from /home/qwerty/.local/lib/python3.10/site-packages/airflow/example_dags/example_latest_only_with_trigger.py
[2025-06-17T04:22:43.226+0300] {processor.py:839} INFO - DAG(s) dict_keys(['latest_only_with_trigger']) retrieved from /home/qwerty/.local/lib/python3.10/site-packages/airflow/example_dags/example_latest_only_with_trigger.py
[2025-06-17T04:22:43.246+0300] {logging_mixin.py:151} INFO - [2025-06-17T04:22:43.246+0300] {dag.py:2915} INFO - Sync 1 DAGs
[2025-06-17T04:22:43.268+0300] {logging_mixin.py:151} INFO - [2025-06-17T04:22:43.267+0300] {dag.py:3696} INFO - Setting next_dagrun for latest_only_with_trigger to 2025-06-16T21:22:43.267717+00:00, run_after=2025-06-17T01:22:43.267717+00:00
[2025-06-17T04:22:43.311+0300] {processor.py:179} INFO - Processing /home/qwerty/.local/lib/python3.10/site-packages/airflow/example_dags/example_latest_only_with_trigger.py took 0.111 seconds
[2025-06-17T04:24:09.152+0300] {processor.py:157} INFO - Started process (PID=19893) to work on /home/qwerty/.local/lib/python3.10/site-packages/airflow/example_dags/example_latest_only_with_trigger.py
[2025-06-17T04:24:09.154+0300] {processor.py:829} INFO - Processing file /home/qwerty/.local/lib/python3.10/site-packages/airflow/example_dags/example_latest_only_with_trigger.py for tasks to queue
[2025-06-17T04:24:09.155+0300] {logging_mixin.py:151} INFO - [2025-06-17T04:24:09.155+0300] {dagbag.py:539} INFO - Filling up the DagBag from /home/qwerty/.local/lib/python3.10/site-packages/airflow/example_dags/example_latest_only_with_trigger.py
[2025-06-17T04:24:09.167+0300] {processor.py:839} INFO - DAG(s) dict_keys(['latest_only_with_trigger']) retrieved from /home/qwerty/.local/lib/python3.10/site-packages/airflow/example_dags/example_latest_only_with_trigger.py
[2025-06-17T04:24:09.209+0300] {logging_mixin.py:151} INFO - [2025-06-17T04:24:09.208+0300] {dag.py:2915} INFO - Sync 1 DAGs
[2025-06-17T04:24:09.237+0300] {logging_mixin.py:151} INFO - [2025-06-17T04:24:09.237+0300] {dag.py:3696} INFO - Setting next_dagrun for latest_only_with_trigger to 2025-06-16T21:24:09.237073+00:00, run_after=2025-06-17T01:24:09.237073+00:00
[2025-06-17T04:24:09.270+0300] {processor.py:179} INFO - Processing /home/qwerty/.local/lib/python3.10/site-packages/airflow/example_dags/example_latest_only_with_trigger.py took 0.124 seconds
[2025-06-17T04:25:42.782+0300] {processor.py:157} INFO - Started process (PID=20007) to work on /home/qwerty/.local/lib/python3.10/site-packages/airflow/example_dags/example_latest_only_with_trigger.py
[2025-06-17T04:25:42.785+0300] {processor.py:829} INFO - Processing file /home/qwerty/.local/lib/python3.10/site-packages/airflow/example_dags/example_latest_only_with_trigger.py for tasks to queue
[2025-06-17T04:25:42.789+0300] {logging_mixin.py:151} INFO - [2025-06-17T04:25:42.787+0300] {dagbag.py:539} INFO - Filling up the DagBag from /home/qwerty/.local/lib/python3.10/site-packages/airflow/example_dags/example_latest_only_with_trigger.py
[2025-06-17T04:25:42.810+0300] {processor.py:839} INFO - DAG(s) dict_keys(['latest_only_with_trigger']) retrieved from /home/qwerty/.local/lib/python3.10/site-packages/airflow/example_dags/example_latest_only_with_trigger.py
[2025-06-17T04:25:42.856+0300] {logging_mixin.py:151} INFO - [2025-06-17T04:25:42.856+0300] {dag.py:2915} INFO - Sync 1 DAGs
[2025-06-17T04:25:42.910+0300] {logging_mixin.py:151} INFO - [2025-06-17T04:25:42.909+0300] {dag.py:3696} INFO - Setting next_dagrun for latest_only_with_trigger to 2025-06-16T21:25:42.908591+00:00, run_after=2025-06-17T01:25:42.908591+00:00
[2025-06-17T04:25:42.959+0300] {processor.py:179} INFO - Processing /home/qwerty/.local/lib/python3.10/site-packages/airflow/example_dags/example_latest_only_with_trigger.py took 0.187 seconds
[2025-06-17T04:26:38.678+0300] {processor.py:157} INFO - Started process (PID=20061) to work on /home/qwerty/.local/lib/python3.10/site-packages/airflow/example_dags/example_latest_only_with_trigger.py
[2025-06-17T04:26:38.681+0300] {processor.py:829} INFO - Processing file /home/qwerty/.local/lib/python3.10/site-packages/airflow/example_dags/example_latest_only_with_trigger.py for tasks to queue
[2025-06-17T04:26:38.684+0300] {logging_mixin.py:151} INFO - [2025-06-17T04:26:38.683+0300] {dagbag.py:539} INFO - Filling up the DagBag from /home/qwerty/.local/lib/python3.10/site-packages/airflow/example_dags/example_latest_only_with_trigger.py
[2025-06-17T04:26:38.703+0300] {processor.py:839} INFO - DAG(s) dict_keys(['latest_only_with_trigger']) retrieved from /home/qwerty/.local/lib/python3.10/site-packages/airflow/example_dags/example_latest_only_with_trigger.py
[2025-06-17T04:26:38.736+0300] {logging_mixin.py:151} INFO - [2025-06-17T04:26:38.736+0300] {dag.py:2915} INFO - Sync 1 DAGs
[2025-06-17T04:26:38.760+0300] {logging_mixin.py:151} INFO - [2025-06-17T04:26:38.760+0300] {dag.py:3696} INFO - Setting next_dagrun for latest_only_with_trigger to 2025-06-16T21:26:38.759984+00:00, run_after=2025-06-17T01:26:38.759984+00:00
[2025-06-17T04:26:38.804+0300] {processor.py:179} INFO - Processing /home/qwerty/.local/lib/python3.10/site-packages/airflow/example_dags/example_latest_only_with_trigger.py took 0.137 seconds
[2025-06-17T04:27:54.824+0300] {processor.py:157} INFO - Started process (PID=20145) to work on /home/qwerty/.local/lib/python3.10/site-packages/airflow/example_dags/example_latest_only_with_trigger.py
[2025-06-17T04:27:54.826+0300] {processor.py:829} INFO - Processing file /home/qwerty/.local/lib/python3.10/site-packages/airflow/example_dags/example_latest_only_with_trigger.py for tasks to queue
[2025-06-17T04:27:54.828+0300] {logging_mixin.py:151} INFO - [2025-06-17T04:27:54.827+0300] {dagbag.py:539} INFO - Filling up the DagBag from /home/qwerty/.local/lib/python3.10/site-packages/airflow/example_dags/example_latest_only_with_trigger.py
[2025-06-17T04:27:54.842+0300] {processor.py:839} INFO - DAG(s) dict_keys(['latest_only_with_trigger']) retrieved from /home/qwerty/.local/lib/python3.10/site-packages/airflow/example_dags/example_latest_only_with_trigger.py
[2025-06-17T04:27:54.876+0300] {logging_mixin.py:151} INFO - [2025-06-17T04:27:54.875+0300] {dag.py:2915} INFO - Sync 1 DAGs
[2025-06-17T04:27:54.919+0300] {logging_mixin.py:151} INFO - [2025-06-17T04:27:54.919+0300] {dag.py:3696} INFO - Setting next_dagrun for latest_only_with_trigger to 2025-06-16T21:27:54.918993+00:00, run_after=2025-06-17T01:27:54.918993+00:00
[2025-06-17T04:27:54.978+0300] {processor.py:179} INFO - Processing /home/qwerty/.local/lib/python3.10/site-packages/airflow/example_dags/example_latest_only_with_trigger.py took 0.162 seconds
[2025-06-17T04:29:11.949+0300] {processor.py:157} INFO - Started process (PID=20245) to work on /home/qwerty/.local/lib/python3.10/site-packages/airflow/example_dags/example_latest_only_with_trigger.py
[2025-06-17T04:29:11.951+0300] {processor.py:829} INFO - Processing file /home/qwerty/.local/lib/python3.10/site-packages/airflow/example_dags/example_latest_only_with_trigger.py for tasks to queue
[2025-06-17T04:29:11.953+0300] {logging_mixin.py:151} INFO - [2025-06-17T04:29:11.952+0300] {dagbag.py:539} INFO - Filling up the DagBag from /home/qwerty/.local/lib/python3.10/site-packages/airflow/example_dags/example_latest_only_with_trigger.py
[2025-06-17T04:29:11.967+0300] {processor.py:839} INFO - DAG(s) dict_keys(['latest_only_with_trigger']) retrieved from /home/qwerty/.local/lib/python3.10/site-packages/airflow/example_dags/example_latest_only_with_trigger.py
[2025-06-17T04:29:11.995+0300] {logging_mixin.py:151} INFO - [2025-06-17T04:29:11.995+0300] {dag.py:2915} INFO - Sync 1 DAGs
[2025-06-17T04:29:12.024+0300] {logging_mixin.py:151} INFO - [2025-06-17T04:29:12.024+0300] {dag.py:3696} INFO - Setting next_dagrun for latest_only_with_trigger to 2025-06-16T21:29:12.024121+00:00, run_after=2025-06-17T01:29:12.024121+00:00
[2025-06-17T04:29:12.053+0300] {processor.py:179} INFO - Processing /home/qwerty/.local/lib/python3.10/site-packages/airflow/example_dags/example_latest_only_with_trigger.py took 0.110 seconds
[2025-06-17T04:30:13.727+0300] {processor.py:157} INFO - Started process (PID=20310) to work on /home/qwerty/.local/lib/python3.10/site-packages/airflow/example_dags/example_latest_only_with_trigger.py
[2025-06-17T04:30:13.730+0300] {processor.py:829} INFO - Processing file /home/qwerty/.local/lib/python3.10/site-packages/airflow/example_dags/example_latest_only_with_trigger.py for tasks to queue
[2025-06-17T04:30:13.732+0300] {logging_mixin.py:151} INFO - [2025-06-17T04:30:13.731+0300] {dagbag.py:539} INFO - Filling up the DagBag from /home/qwerty/.local/lib/python3.10/site-packages/airflow/example_dags/example_latest_only_with_trigger.py
[2025-06-17T04:30:13.741+0300] {processor.py:839} INFO - DAG(s) dict_keys(['latest_only_with_trigger']) retrieved from /home/qwerty/.local/lib/python3.10/site-packages/airflow/example_dags/example_latest_only_with_trigger.py
[2025-06-17T04:30:13.761+0300] {logging_mixin.py:151} INFO - [2025-06-17T04:30:13.761+0300] {dag.py:2915} INFO - Sync 1 DAGs
[2025-06-17T04:30:13.784+0300] {logging_mixin.py:151} INFO - [2025-06-17T04:30:13.784+0300] {dag.py:3696} INFO - Setting next_dagrun for latest_only_with_trigger to 2025-06-16T21:30:13.783746+00:00, run_after=2025-06-17T01:30:13.783746+00:00
[2025-06-17T04:30:13.812+0300] {processor.py:179} INFO - Processing /home/qwerty/.local/lib/python3.10/site-packages/airflow/example_dags/example_latest_only_with_trigger.py took 0.095 seconds
[2025-06-17T04:31:38.509+0300] {processor.py:157} INFO - Started process (PID=20396) to work on /home/qwerty/.local/lib/python3.10/site-packages/airflow/example_dags/example_latest_only_with_trigger.py
[2025-06-17T04:31:38.518+0300] {processor.py:829} INFO - Processing file /home/qwerty/.local/lib/python3.10/site-packages/airflow/example_dags/example_latest_only_with_trigger.py for tasks to queue
[2025-06-17T04:31:38.521+0300] {logging_mixin.py:151} INFO - [2025-06-17T04:31:38.520+0300] {dagbag.py:539} INFO - Filling up the DagBag from /home/qwerty/.local/lib/python3.10/site-packages/airflow/example_dags/example_latest_only_with_trigger.py
[2025-06-17T04:31:38.540+0300] {processor.py:839} INFO - DAG(s) dict_keys(['latest_only_with_trigger']) retrieved from /home/qwerty/.local/lib/python3.10/site-packages/airflow/example_dags/example_latest_only_with_trigger.py
[2025-06-17T04:31:38.586+0300] {logging_mixin.py:151} INFO - [2025-06-17T04:31:38.585+0300] {dag.py:2915} INFO - Sync 1 DAGs
[2025-06-17T04:31:38.631+0300] {logging_mixin.py:151} INFO - [2025-06-17T04:31:38.631+0300] {dag.py:3696} INFO - Setting next_dagrun for latest_only_with_trigger to 2025-06-16T21:31:38.630634+00:00, run_after=2025-06-17T01:31:38.630634+00:00
[2025-06-17T04:31:38.681+0300] {processor.py:179} INFO - Processing /home/qwerty/.local/lib/python3.10/site-packages/airflow/example_dags/example_latest_only_with_trigger.py took 0.180 seconds
