[2025-06-17T04:07:55.903+0300] {processor.py:157} INFO - Started process (PID=18709) to work on /home/qwerty/.local/lib/python3.10/site-packages/airflow/example_dags/example_external_task_marker_dag.py
[2025-06-17T04:07:55.904+0300] {processor.py:829} INFO - Processing file /home/qwerty/.local/lib/python3.10/site-packages/airflow/example_dags/example_external_task_marker_dag.py for tasks to queue
[2025-06-17T04:07:55.906+0300] {logging_mixin.py:151} INFO - [2025-06-17T04:07:55.906+0300] {dagbag.py:539} INFO - Filling up the DagBag from /home/qwerty/.local/lib/python3.10/site-packages/airflow/example_dags/example_external_task_marker_dag.py
[2025-06-17T04:07:55.919+0300] {processor.py:839} INFO - DAG(s) dict_keys(['example_external_task_marker_child', 'example_external_task_marker_parent']) retrieved from /home/qwerty/.local/lib/python3.10/site-packages/airflow/example_dags/example_external_task_marker_dag.py
[2025-06-17T04:07:55.958+0300] {logging_mixin.py:151} INFO - [2025-06-17T04:07:55.958+0300] {dag.py:2915} INFO - Sync 2 DAGs
[2025-06-17T04:07:55.980+0300] {logging_mixin.py:151} INFO - [2025-06-17T04:07:55.980+0300] {dag.py:3696} INFO - Setting next_dagrun for example_external_task_marker_child to None, run_after=None
[2025-06-17T04:07:55.988+0300] {logging_mixin.py:151} INFO - [2025-06-17T04:07:55.987+0300] {dag.py:3696} INFO - Setting next_dagrun for example_external_task_marker_parent to None, run_after=None
[2025-06-17T04:07:56.036+0300] {processor.py:179} INFO - Processing /home/qwerty/.local/lib/python3.10/site-packages/airflow/example_dags/example_external_task_marker_dag.py took 0.140 seconds
[2025-06-17T04:08:53.671+0300] {processor.py:157} INFO - Started process (PID=18788) to work on /home/qwerty/.local/lib/python3.10/site-packages/airflow/example_dags/example_external_task_marker_dag.py
[2025-06-17T04:08:53.674+0300] {processor.py:829} INFO - Processing file /home/qwerty/.local/lib/python3.10/site-packages/airflow/example_dags/example_external_task_marker_dag.py for tasks to queue
[2025-06-17T04:08:53.678+0300] {logging_mixin.py:151} INFO - [2025-06-17T04:08:53.677+0300] {dagbag.py:539} INFO - Filling up the DagBag from /home/qwerty/.local/lib/python3.10/site-packages/airflow/example_dags/example_external_task_marker_dag.py
[2025-06-17T04:08:53.702+0300] {processor.py:839} INFO - DAG(s) dict_keys(['example_external_task_marker_child', 'example_external_task_marker_parent']) retrieved from /home/qwerty/.local/lib/python3.10/site-packages/airflow/example_dags/example_external_task_marker_dag.py
[2025-06-17T04:08:53.773+0300] {logging_mixin.py:151} INFO - [2025-06-17T04:08:53.772+0300] {dag.py:2915} INFO - Sync 2 DAGs
[2025-06-17T04:08:53.815+0300] {logging_mixin.py:151} INFO - [2025-06-17T04:08:53.814+0300] {dag.py:3696} INFO - Setting next_dagrun for example_external_task_marker_child to None, run_after=None
[2025-06-17T04:08:53.827+0300] {logging_mixin.py:151} INFO - [2025-06-17T04:08:53.826+0300] {dag.py:3696} INFO - Setting next_dagrun for example_external_task_marker_parent to None, run_after=None
[2025-06-17T04:08:53.915+0300] {processor.py:179} INFO - Processing /home/qwerty/.local/lib/python3.10/site-packages/airflow/example_dags/example_external_task_marker_dag.py took 0.258 seconds
[2025-06-17T04:09:49.774+0300] {processor.py:157} INFO - Started process (PID=18839) to work on /home/qwerty/.local/lib/python3.10/site-packages/airflow/example_dags/example_external_task_marker_dag.py
[2025-06-17T04:09:49.777+0300] {processor.py:829} INFO - Processing file /home/qwerty/.local/lib/python3.10/site-packages/airflow/example_dags/example_external_task_marker_dag.py for tasks to queue
[2025-06-17T04:09:49.780+0300] {logging_mixin.py:151} INFO - [2025-06-17T04:09:49.779+0300] {dagbag.py:539} INFO - Filling up the DagBag from /home/qwerty/.local/lib/python3.10/site-packages/airflow/example_dags/example_external_task_marker_dag.py
[2025-06-17T04:09:49.799+0300] {processor.py:839} INFO - DAG(s) dict_keys(['example_external_task_marker_parent', 'example_external_task_marker_child']) retrieved from /home/qwerty/.local/lib/python3.10/site-packages/airflow/example_dags/example_external_task_marker_dag.py
[2025-06-17T04:09:49.864+0300] {logging_mixin.py:151} INFO - [2025-06-17T04:09:49.864+0300] {dag.py:2915} INFO - Sync 2 DAGs
[2025-06-17T04:09:49.906+0300] {logging_mixin.py:151} INFO - [2025-06-17T04:09:49.905+0300] {dag.py:3696} INFO - Setting next_dagrun for example_external_task_marker_child to None, run_after=None
[2025-06-17T04:09:49.917+0300] {logging_mixin.py:151} INFO - [2025-06-17T04:09:49.916+0300] {dag.py:3696} INFO - Setting next_dagrun for example_external_task_marker_parent to None, run_after=None
[2025-06-17T04:09:49.984+0300] {processor.py:179} INFO - Processing /home/qwerty/.local/lib/python3.10/site-packages/airflow/example_dags/example_external_task_marker_dag.py took 0.219 seconds
[2025-06-17T04:10:49.562+0300] {processor.py:157} INFO - Started process (PID=18892) to work on /home/qwerty/.local/lib/python3.10/site-packages/airflow/example_dags/example_external_task_marker_dag.py
[2025-06-17T04:10:49.564+0300] {processor.py:829} INFO - Processing file /home/qwerty/.local/lib/python3.10/site-packages/airflow/example_dags/example_external_task_marker_dag.py for tasks to queue
[2025-06-17T04:10:49.567+0300] {logging_mixin.py:151} INFO - [2025-06-17T04:10:49.566+0300] {dagbag.py:539} INFO - Filling up the DagBag from /home/qwerty/.local/lib/python3.10/site-packages/airflow/example_dags/example_external_task_marker_dag.py
[2025-06-17T04:10:49.587+0300] {processor.py:839} INFO - DAG(s) dict_keys(['example_external_task_marker_child', 'example_external_task_marker_parent']) retrieved from /home/qwerty/.local/lib/python3.10/site-packages/airflow/example_dags/example_external_task_marker_dag.py
[2025-06-17T04:10:49.633+0300] {logging_mixin.py:151} INFO - [2025-06-17T04:10:49.633+0300] {dag.py:2915} INFO - Sync 2 DAGs
[2025-06-17T04:10:49.666+0300] {logging_mixin.py:151} INFO - [2025-06-17T04:10:49.666+0300] {dag.py:3696} INFO - Setting next_dagrun for example_external_task_marker_child to None, run_after=None
[2025-06-17T04:10:49.676+0300] {logging_mixin.py:151} INFO - [2025-06-17T04:10:49.676+0300] {dag.py:3696} INFO - Setting next_dagrun for example_external_task_marker_parent to None, run_after=None
[2025-06-17T04:10:49.725+0300] {processor.py:179} INFO - Processing /home/qwerty/.local/lib/python3.10/site-packages/airflow/example_dags/example_external_task_marker_dag.py took 0.174 seconds
[2025-06-17T04:12:13.448+0300] {processor.py:157} INFO - Started process (PID=18988) to work on /home/qwerty/.local/lib/python3.10/site-packages/airflow/example_dags/example_external_task_marker_dag.py
[2025-06-17T04:12:13.450+0300] {processor.py:829} INFO - Processing file /home/qwerty/.local/lib/python3.10/site-packages/airflow/example_dags/example_external_task_marker_dag.py for tasks to queue
[2025-06-17T04:12:13.451+0300] {logging_mixin.py:151} INFO - [2025-06-17T04:12:13.451+0300] {dagbag.py:539} INFO - Filling up the DagBag from /home/qwerty/.local/lib/python3.10/site-packages/airflow/example_dags/example_external_task_marker_dag.py
[2025-06-17T04:12:13.463+0300] {processor.py:839} INFO - DAG(s) dict_keys(['example_external_task_marker_parent', 'example_external_task_marker_child']) retrieved from /home/qwerty/.local/lib/python3.10/site-packages/airflow/example_dags/example_external_task_marker_dag.py
[2025-06-17T04:12:13.505+0300] {logging_mixin.py:151} INFO - [2025-06-17T04:12:13.505+0300] {dag.py:2915} INFO - Sync 2 DAGs
[2025-06-17T04:12:13.530+0300] {logging_mixin.py:151} INFO - [2025-06-17T04:12:13.530+0300] {dag.py:3696} INFO - Setting next_dagrun for example_external_task_marker_child to None, run_after=None
[2025-06-17T04:12:13.536+0300] {logging_mixin.py:151} INFO - [2025-06-17T04:12:13.536+0300] {dag.py:3696} INFO - Setting next_dagrun for example_external_task_marker_parent to None, run_after=None
[2025-06-17T04:12:13.579+0300] {processor.py:179} INFO - Processing /home/qwerty/.local/lib/python3.10/site-packages/airflow/example_dags/example_external_task_marker_dag.py took 0.137 seconds
[2025-06-17T04:13:12.149+0300] {processor.py:157} INFO - Started process (PID=19064) to work on /home/qwerty/.local/lib/python3.10/site-packages/airflow/example_dags/example_external_task_marker_dag.py
[2025-06-17T04:13:12.152+0300] {processor.py:829} INFO - Processing file /home/qwerty/.local/lib/python3.10/site-packages/airflow/example_dags/example_external_task_marker_dag.py for tasks to queue
[2025-06-17T04:13:12.154+0300] {logging_mixin.py:151} INFO - [2025-06-17T04:13:12.153+0300] {dagbag.py:539} INFO - Filling up the DagBag from /home/qwerty/.local/lib/python3.10/site-packages/airflow/example_dags/example_external_task_marker_dag.py
[2025-06-17T04:13:12.170+0300] {processor.py:839} INFO - DAG(s) dict_keys(['example_external_task_marker_child', 'example_external_task_marker_parent']) retrieved from /home/qwerty/.local/lib/python3.10/site-packages/airflow/example_dags/example_external_task_marker_dag.py
[2025-06-17T04:13:12.193+0300] {logging_mixin.py:151} INFO - [2025-06-17T04:13:12.193+0300] {dag.py:2915} INFO - Sync 2 DAGs
[2025-06-17T04:13:12.207+0300] {logging_mixin.py:151} INFO - [2025-06-17T04:13:12.207+0300] {dag.py:3696} INFO - Setting next_dagrun for example_external_task_marker_child to None, run_after=None
[2025-06-17T04:13:12.211+0300] {logging_mixin.py:151} INFO - [2025-06-17T04:13:12.210+0300] {dag.py:3696} INFO - Setting next_dagrun for example_external_task_marker_parent to None, run_after=None
[2025-06-17T04:13:12.238+0300] {processor.py:179} INFO - Processing /home/qwerty/.local/lib/python3.10/site-packages/airflow/example_dags/example_external_task_marker_dag.py took 0.101 seconds
[2025-06-17T04:14:08.882+0300] {processor.py:157} INFO - Started process (PID=19114) to work on /home/qwerty/.local/lib/python3.10/site-packages/airflow/example_dags/example_external_task_marker_dag.py
[2025-06-17T04:14:08.884+0300] {processor.py:829} INFO - Processing file /home/qwerty/.local/lib/python3.10/site-packages/airflow/example_dags/example_external_task_marker_dag.py for tasks to queue
[2025-06-17T04:14:08.886+0300] {logging_mixin.py:151} INFO - [2025-06-17T04:14:08.885+0300] {dagbag.py:539} INFO - Filling up the DagBag from /home/qwerty/.local/lib/python3.10/site-packages/airflow/example_dags/example_external_task_marker_dag.py
[2025-06-17T04:14:08.905+0300] {processor.py:839} INFO - DAG(s) dict_keys(['example_external_task_marker_child', 'example_external_task_marker_parent']) retrieved from /home/qwerty/.local/lib/python3.10/site-packages/airflow/example_dags/example_external_task_marker_dag.py
[2025-06-17T04:14:08.937+0300] {logging_mixin.py:151} INFO - [2025-06-17T04:14:08.937+0300] {dag.py:2915} INFO - Sync 2 DAGs
[2025-06-17T04:14:08.956+0300] {logging_mixin.py:151} INFO - [2025-06-17T04:14:08.955+0300] {dag.py:3696} INFO - Setting next_dagrun for example_external_task_marker_child to None, run_after=None
[2025-06-17T04:14:08.960+0300] {logging_mixin.py:151} INFO - [2025-06-17T04:14:08.960+0300] {dag.py:3696} INFO - Setting next_dagrun for example_external_task_marker_parent to None, run_after=None
[2025-06-17T04:14:09.000+0300] {processor.py:179} INFO - Processing /home/qwerty/.local/lib/python3.10/site-packages/airflow/example_dags/example_external_task_marker_dag.py took 0.123 seconds
[2025-06-17T04:15:12.364+0300] {processor.py:157} INFO - Started process (PID=19176) to work on /home/qwerty/.local/lib/python3.10/site-packages/airflow/example_dags/example_external_task_marker_dag.py
[2025-06-17T04:15:12.367+0300] {processor.py:829} INFO - Processing file /home/qwerty/.local/lib/python3.10/site-packages/airflow/example_dags/example_external_task_marker_dag.py for tasks to queue
[2025-06-17T04:15:12.371+0300] {logging_mixin.py:151} INFO - [2025-06-17T04:15:12.369+0300] {dagbag.py:539} INFO - Filling up the DagBag from /home/qwerty/.local/lib/python3.10/site-packages/airflow/example_dags/example_external_task_marker_dag.py
[2025-06-17T04:15:12.389+0300] {processor.py:839} INFO - DAG(s) dict_keys(['example_external_task_marker_parent', 'example_external_task_marker_child']) retrieved from /home/qwerty/.local/lib/python3.10/site-packages/airflow/example_dags/example_external_task_marker_dag.py
[2025-06-17T04:15:12.431+0300] {logging_mixin.py:151} INFO - [2025-06-17T04:15:12.430+0300] {dag.py:2915} INFO - Sync 2 DAGs
[2025-06-17T04:15:12.454+0300] {logging_mixin.py:151} INFO - [2025-06-17T04:15:12.454+0300] {dag.py:3696} INFO - Setting next_dagrun for example_external_task_marker_child to None, run_after=None
[2025-06-17T04:15:12.461+0300] {logging_mixin.py:151} INFO - [2025-06-17T04:15:12.460+0300] {dag.py:3696} INFO - Setting next_dagrun for example_external_task_marker_parent to None, run_after=None
[2025-06-17T04:15:12.502+0300] {processor.py:179} INFO - Processing /home/qwerty/.local/lib/python3.10/site-packages/airflow/example_dags/example_external_task_marker_dag.py took 0.150 seconds
[2025-06-17T04:16:11.774+0300] {processor.py:157} INFO - Started process (PID=19229) to work on /home/qwerty/.local/lib/python3.10/site-packages/airflow/example_dags/example_external_task_marker_dag.py
[2025-06-17T04:16:11.776+0300] {processor.py:829} INFO - Processing file /home/qwerty/.local/lib/python3.10/site-packages/airflow/example_dags/example_external_task_marker_dag.py for tasks to queue
[2025-06-17T04:16:11.778+0300] {logging_mixin.py:151} INFO - [2025-06-17T04:16:11.778+0300] {dagbag.py:539} INFO - Filling up the DagBag from /home/qwerty/.local/lib/python3.10/site-packages/airflow/example_dags/example_external_task_marker_dag.py
[2025-06-17T04:16:11.790+0300] {processor.py:839} INFO - DAG(s) dict_keys(['example_external_task_marker_parent', 'example_external_task_marker_child']) retrieved from /home/qwerty/.local/lib/python3.10/site-packages/airflow/example_dags/example_external_task_marker_dag.py
[2025-06-17T04:16:11.826+0300] {logging_mixin.py:151} INFO - [2025-06-17T04:16:11.826+0300] {dag.py:2915} INFO - Sync 2 DAGs
[2025-06-17T04:16:11.843+0300] {logging_mixin.py:151} INFO - [2025-06-17T04:16:11.842+0300] {dag.py:3696} INFO - Setting next_dagrun for example_external_task_marker_child to None, run_after=None
[2025-06-17T04:16:11.847+0300] {logging_mixin.py:151} INFO - [2025-06-17T04:16:11.846+0300] {dag.py:3696} INFO - Setting next_dagrun for example_external_task_marker_parent to None, run_after=None
[2025-06-17T04:16:11.874+0300] {processor.py:179} INFO - Processing /home/qwerty/.local/lib/python3.10/site-packages/airflow/example_dags/example_external_task_marker_dag.py took 0.106 seconds
[2025-06-17T04:17:07.497+0300] {processor.py:157} INFO - Started process (PID=19316) to work on /home/qwerty/.local/lib/python3.10/site-packages/airflow/example_dags/example_external_task_marker_dag.py
[2025-06-17T04:17:07.499+0300] {processor.py:829} INFO - Processing file /home/qwerty/.local/lib/python3.10/site-packages/airflow/example_dags/example_external_task_marker_dag.py for tasks to queue
[2025-06-17T04:17:07.500+0300] {logging_mixin.py:151} INFO - [2025-06-17T04:17:07.500+0300] {dagbag.py:539} INFO - Filling up the DagBag from /home/qwerty/.local/lib/python3.10/site-packages/airflow/example_dags/example_external_task_marker_dag.py
[2025-06-17T04:17:07.508+0300] {processor.py:839} INFO - DAG(s) dict_keys(['example_external_task_marker_parent', 'example_external_task_marker_child']) retrieved from /home/qwerty/.local/lib/python3.10/site-packages/airflow/example_dags/example_external_task_marker_dag.py
[2025-06-17T04:17:07.534+0300] {logging_mixin.py:151} INFO - [2025-06-17T04:17:07.534+0300] {dag.py:2915} INFO - Sync 2 DAGs
[2025-06-17T04:17:07.548+0300] {logging_mixin.py:151} INFO - [2025-06-17T04:17:07.548+0300] {dag.py:3696} INFO - Setting next_dagrun for example_external_task_marker_child to None, run_after=None
[2025-06-17T04:17:07.552+0300] {logging_mixin.py:151} INFO - [2025-06-17T04:17:07.552+0300] {dag.py:3696} INFO - Setting next_dagrun for example_external_task_marker_parent to None, run_after=None
[2025-06-17T04:17:07.576+0300] {processor.py:179} INFO - Processing /home/qwerty/.local/lib/python3.10/site-packages/airflow/example_dags/example_external_task_marker_dag.py took 0.084 seconds
[2025-06-17T04:18:30.671+0300] {processor.py:157} INFO - Started process (PID=19406) to work on /home/qwerty/.local/lib/python3.10/site-packages/airflow/example_dags/example_external_task_marker_dag.py
[2025-06-17T04:18:30.674+0300] {processor.py:829} INFO - Processing file /home/qwerty/.local/lib/python3.10/site-packages/airflow/example_dags/example_external_task_marker_dag.py for tasks to queue
[2025-06-17T04:18:30.678+0300] {logging_mixin.py:151} INFO - [2025-06-17T04:18:30.676+0300] {dagbag.py:539} INFO - Filling up the DagBag from /home/qwerty/.local/lib/python3.10/site-packages/airflow/example_dags/example_external_task_marker_dag.py
[2025-06-17T04:18:30.696+0300] {processor.py:839} INFO - DAG(s) dict_keys(['example_external_task_marker_child', 'example_external_task_marker_parent']) retrieved from /home/qwerty/.local/lib/python3.10/site-packages/airflow/example_dags/example_external_task_marker_dag.py
[2025-06-17T04:18:30.742+0300] {logging_mixin.py:151} INFO - [2025-06-17T04:18:30.740+0300] {dag.py:2915} INFO - Sync 2 DAGs
[2025-06-17T04:18:30.763+0300] {logging_mixin.py:151} INFO - [2025-06-17T04:18:30.762+0300] {dag.py:3696} INFO - Setting next_dagrun for example_external_task_marker_child to None, run_after=None
[2025-06-17T04:18:30.768+0300] {logging_mixin.py:151} INFO - [2025-06-17T04:18:30.767+0300] {dag.py:3696} INFO - Setting next_dagrun for example_external_task_marker_parent to None, run_after=None
[2025-06-17T04:18:30.810+0300] {processor.py:179} INFO - Processing /home/qwerty/.local/lib/python3.10/site-packages/airflow/example_dags/example_external_task_marker_dag.py took 0.144 seconds
[2025-06-17T04:19:30.152+0300] {processor.py:157} INFO - Started process (PID=19510) to work on /home/qwerty/.local/lib/python3.10/site-packages/airflow/example_dags/example_external_task_marker_dag.py
[2025-06-17T04:19:30.153+0300] {processor.py:829} INFO - Processing file /home/qwerty/.local/lib/python3.10/site-packages/airflow/example_dags/example_external_task_marker_dag.py for tasks to queue
[2025-06-17T04:19:30.155+0300] {logging_mixin.py:151} INFO - [2025-06-17T04:19:30.154+0300] {dagbag.py:539} INFO - Filling up the DagBag from /home/qwerty/.local/lib/python3.10/site-packages/airflow/example_dags/example_external_task_marker_dag.py
[2025-06-17T04:19:30.164+0300] {processor.py:839} INFO - DAG(s) dict_keys(['example_external_task_marker_parent', 'example_external_task_marker_child']) retrieved from /home/qwerty/.local/lib/python3.10/site-packages/airflow/example_dags/example_external_task_marker_dag.py
[2025-06-17T04:19:30.191+0300] {logging_mixin.py:151} INFO - [2025-06-17T04:19:30.191+0300] {dag.py:2915} INFO - Sync 2 DAGs
[2025-06-17T04:19:30.206+0300] {logging_mixin.py:151} INFO - [2025-06-17T04:19:30.205+0300] {dag.py:3696} INFO - Setting next_dagrun for example_external_task_marker_child to None, run_after=None
[2025-06-17T04:19:30.210+0300] {logging_mixin.py:151} INFO - [2025-06-17T04:19:30.209+0300] {dag.py:3696} INFO - Setting next_dagrun for example_external_task_marker_parent to None, run_after=None
[2025-06-17T04:19:30.254+0300] {processor.py:179} INFO - Processing /home/qwerty/.local/lib/python3.10/site-packages/airflow/example_dags/example_external_task_marker_dag.py took 0.108 seconds
[2025-06-17T04:20:47.145+0300] {processor.py:157} INFO - Started process (PID=19591) to work on /home/qwerty/.local/lib/python3.10/site-packages/airflow/example_dags/example_external_task_marker_dag.py
[2025-06-17T04:20:47.150+0300] {processor.py:829} INFO - Processing file /home/qwerty/.local/lib/python3.10/site-packages/airflow/example_dags/example_external_task_marker_dag.py for tasks to queue
[2025-06-17T04:20:47.152+0300] {logging_mixin.py:151} INFO - [2025-06-17T04:20:47.151+0300] {dagbag.py:539} INFO - Filling up the DagBag from /home/qwerty/.local/lib/python3.10/site-packages/airflow/example_dags/example_external_task_marker_dag.py
[2025-06-17T04:20:47.172+0300] {processor.py:839} INFO - DAG(s) dict_keys(['example_external_task_marker_child', 'example_external_task_marker_parent']) retrieved from /home/qwerty/.local/lib/python3.10/site-packages/airflow/example_dags/example_external_task_marker_dag.py
[2025-06-17T04:20:47.201+0300] {logging_mixin.py:151} INFO - [2025-06-17T04:20:47.201+0300] {dag.py:2915} INFO - Sync 2 DAGs
[2025-06-17T04:20:47.215+0300] {logging_mixin.py:151} INFO - [2025-06-17T04:20:47.215+0300] {dag.py:3696} INFO - Setting next_dagrun for example_external_task_marker_child to None, run_after=None
[2025-06-17T04:20:47.219+0300] {logging_mixin.py:151} INFO - [2025-06-17T04:20:47.218+0300] {dag.py:3696} INFO - Setting next_dagrun for example_external_task_marker_parent to None, run_after=None
[2025-06-17T04:20:47.242+0300] {processor.py:179} INFO - Processing /home/qwerty/.local/lib/python3.10/site-packages/airflow/example_dags/example_external_task_marker_dag.py took 0.108 seconds
[2025-06-17T04:21:42.614+0300] {processor.py:157} INFO - Started process (PID=19680) to work on /home/qwerty/.local/lib/python3.10/site-packages/airflow/example_dags/example_external_task_marker_dag.py
[2025-06-17T04:21:42.616+0300] {processor.py:829} INFO - Processing file /home/qwerty/.local/lib/python3.10/site-packages/airflow/example_dags/example_external_task_marker_dag.py for tasks to queue
[2025-06-17T04:21:42.618+0300] {logging_mixin.py:151} INFO - [2025-06-17T04:21:42.617+0300] {dagbag.py:539} INFO - Filling up the DagBag from /home/qwerty/.local/lib/python3.10/site-packages/airflow/example_dags/example_external_task_marker_dag.py
[2025-06-17T04:21:42.627+0300] {processor.py:839} INFO - DAG(s) dict_keys(['example_external_task_marker_parent', 'example_external_task_marker_child']) retrieved from /home/qwerty/.local/lib/python3.10/site-packages/airflow/example_dags/example_external_task_marker_dag.py
[2025-06-17T04:21:42.652+0300] {logging_mixin.py:151} INFO - [2025-06-17T04:21:42.652+0300] {dag.py:2915} INFO - Sync 2 DAGs
[2025-06-17T04:21:42.665+0300] {logging_mixin.py:151} INFO - [2025-06-17T04:21:42.665+0300] {dag.py:3696} INFO - Setting next_dagrun for example_external_task_marker_child to None, run_after=None
[2025-06-17T04:21:42.669+0300] {logging_mixin.py:151} INFO - [2025-06-17T04:21:42.669+0300] {dag.py:3696} INFO - Setting next_dagrun for example_external_task_marker_parent to None, run_after=None
[2025-06-17T04:21:42.696+0300] {processor.py:179} INFO - Processing /home/qwerty/.local/lib/python3.10/site-packages/airflow/example_dags/example_external_task_marker_dag.py took 0.088 seconds
[2025-06-17T04:22:40.486+0300] {processor.py:157} INFO - Started process (PID=19762) to work on /home/qwerty/.local/lib/python3.10/site-packages/airflow/example_dags/example_external_task_marker_dag.py
[2025-06-17T04:22:40.488+0300] {processor.py:829} INFO - Processing file /home/qwerty/.local/lib/python3.10/site-packages/airflow/example_dags/example_external_task_marker_dag.py for tasks to queue
[2025-06-17T04:22:40.490+0300] {logging_mixin.py:151} INFO - [2025-06-17T04:22:40.489+0300] {dagbag.py:539} INFO - Filling up the DagBag from /home/qwerty/.local/lib/python3.10/site-packages/airflow/example_dags/example_external_task_marker_dag.py
[2025-06-17T04:22:40.503+0300] {processor.py:839} INFO - DAG(s) dict_keys(['example_external_task_marker_parent', 'example_external_task_marker_child']) retrieved from /home/qwerty/.local/lib/python3.10/site-packages/airflow/example_dags/example_external_task_marker_dag.py
[2025-06-17T04:22:40.529+0300] {logging_mixin.py:151} INFO - [2025-06-17T04:22:40.528+0300] {dag.py:2915} INFO - Sync 2 DAGs
[2025-06-17T04:22:40.543+0300] {logging_mixin.py:151} INFO - [2025-06-17T04:22:40.543+0300] {dag.py:3696} INFO - Setting next_dagrun for example_external_task_marker_child to None, run_after=None
[2025-06-17T04:22:40.547+0300] {logging_mixin.py:151} INFO - [2025-06-17T04:22:40.546+0300] {dag.py:3696} INFO - Setting next_dagrun for example_external_task_marker_parent to None, run_after=None
[2025-06-17T04:22:40.575+0300] {processor.py:179} INFO - Processing /home/qwerty/.local/lib/python3.10/site-packages/airflow/example_dags/example_external_task_marker_dag.py took 0.095 seconds
[2025-06-17T04:23:38.265+0300] {processor.py:157} INFO - Started process (PID=19843) to work on /home/qwerty/.local/lib/python3.10/site-packages/airflow/example_dags/example_external_task_marker_dag.py
[2025-06-17T04:23:38.270+0300] {processor.py:829} INFO - Processing file /home/qwerty/.local/lib/python3.10/site-packages/airflow/example_dags/example_external_task_marker_dag.py for tasks to queue
[2025-06-17T04:23:38.271+0300] {logging_mixin.py:151} INFO - [2025-06-17T04:23:38.270+0300] {dagbag.py:539} INFO - Filling up the DagBag from /home/qwerty/.local/lib/python3.10/site-packages/airflow/example_dags/example_external_task_marker_dag.py
[2025-06-17T04:23:38.280+0300] {processor.py:839} INFO - DAG(s) dict_keys(['example_external_task_marker_child', 'example_external_task_marker_parent']) retrieved from /home/qwerty/.local/lib/python3.10/site-packages/airflow/example_dags/example_external_task_marker_dag.py
[2025-06-17T04:23:38.304+0300] {logging_mixin.py:151} INFO - [2025-06-17T04:23:38.304+0300] {dag.py:2915} INFO - Sync 2 DAGs
[2025-06-17T04:23:38.318+0300] {logging_mixin.py:151} INFO - [2025-06-17T04:23:38.317+0300] {dag.py:3696} INFO - Setting next_dagrun for example_external_task_marker_child to None, run_after=None
[2025-06-17T04:23:38.321+0300] {logging_mixin.py:151} INFO - [2025-06-17T04:23:38.321+0300] {dag.py:3696} INFO - Setting next_dagrun for example_external_task_marker_parent to None, run_after=None
[2025-06-17T04:23:38.351+0300] {processor.py:179} INFO - Processing /home/qwerty/.local/lib/python3.10/site-packages/airflow/example_dags/example_external_task_marker_dag.py took 0.096 seconds
[2025-06-17T04:24:57.734+0300] {processor.py:157} INFO - Started process (PID=19964) to work on /home/qwerty/.local/lib/python3.10/site-packages/airflow/example_dags/example_external_task_marker_dag.py
[2025-06-17T04:24:57.738+0300] {processor.py:829} INFO - Processing file /home/qwerty/.local/lib/python3.10/site-packages/airflow/example_dags/example_external_task_marker_dag.py for tasks to queue
[2025-06-17T04:24:57.740+0300] {logging_mixin.py:151} INFO - [2025-06-17T04:24:57.739+0300] {dagbag.py:539} INFO - Filling up the DagBag from /home/qwerty/.local/lib/python3.10/site-packages/airflow/example_dags/example_external_task_marker_dag.py
[2025-06-17T04:24:57.749+0300] {processor.py:839} INFO - DAG(s) dict_keys(['example_external_task_marker_parent', 'example_external_task_marker_child']) retrieved from /home/qwerty/.local/lib/python3.10/site-packages/airflow/example_dags/example_external_task_marker_dag.py
[2025-06-17T04:24:57.773+0300] {logging_mixin.py:151} INFO - [2025-06-17T04:24:57.773+0300] {dag.py:2915} INFO - Sync 2 DAGs
[2025-06-17T04:24:57.786+0300] {logging_mixin.py:151} INFO - [2025-06-17T04:24:57.786+0300] {dag.py:3696} INFO - Setting next_dagrun for example_external_task_marker_child to None, run_after=None
[2025-06-17T04:24:57.790+0300] {logging_mixin.py:151} INFO - [2025-06-17T04:24:57.789+0300] {dag.py:3696} INFO - Setting next_dagrun for example_external_task_marker_parent to None, run_after=None
[2025-06-17T04:24:57.834+0300] {processor.py:179} INFO - Processing /home/qwerty/.local/lib/python3.10/site-packages/airflow/example_dags/example_external_task_marker_dag.py took 0.111 seconds
[2025-06-17T04:26:10.921+0300] {processor.py:157} INFO - Started process (PID=20034) to work on /home/qwerty/.local/lib/python3.10/site-packages/airflow/example_dags/example_external_task_marker_dag.py
[2025-06-17T04:26:10.924+0300] {processor.py:829} INFO - Processing file /home/qwerty/.local/lib/python3.10/site-packages/airflow/example_dags/example_external_task_marker_dag.py for tasks to queue
[2025-06-17T04:26:10.928+0300] {logging_mixin.py:151} INFO - [2025-06-17T04:26:10.927+0300] {dagbag.py:539} INFO - Filling up the DagBag from /home/qwerty/.local/lib/python3.10/site-packages/airflow/example_dags/example_external_task_marker_dag.py
[2025-06-17T04:26:10.945+0300] {processor.py:839} INFO - DAG(s) dict_keys(['example_external_task_marker_child', 'example_external_task_marker_parent']) retrieved from /home/qwerty/.local/lib/python3.10/site-packages/airflow/example_dags/example_external_task_marker_dag.py
[2025-06-17T04:26:11.007+0300] {logging_mixin.py:151} INFO - [2025-06-17T04:26:11.006+0300] {dag.py:2915} INFO - Sync 2 DAGs
[2025-06-17T04:26:11.049+0300] {logging_mixin.py:151} INFO - [2025-06-17T04:26:11.048+0300] {dag.py:3696} INFO - Setting next_dagrun for example_external_task_marker_child to None, run_after=None
[2025-06-17T04:26:11.056+0300] {logging_mixin.py:151} INFO - [2025-06-17T04:26:11.056+0300] {dag.py:3696} INFO - Setting next_dagrun for example_external_task_marker_parent to None, run_after=None
[2025-06-17T04:26:11.098+0300] {processor.py:179} INFO - Processing /home/qwerty/.local/lib/python3.10/site-packages/airflow/example_dags/example_external_task_marker_dag.py took 0.187 seconds
[2025-06-17T04:27:26.342+0300] {processor.py:157} INFO - Started process (PID=20104) to work on /home/qwerty/.local/lib/python3.10/site-packages/airflow/example_dags/example_external_task_marker_dag.py
[2025-06-17T04:27:26.344+0300] {processor.py:829} INFO - Processing file /home/qwerty/.local/lib/python3.10/site-packages/airflow/example_dags/example_external_task_marker_dag.py for tasks to queue
[2025-06-17T04:27:26.348+0300] {logging_mixin.py:151} INFO - [2025-06-17T04:27:26.347+0300] {dagbag.py:539} INFO - Filling up the DagBag from /home/qwerty/.local/lib/python3.10/site-packages/airflow/example_dags/example_external_task_marker_dag.py
[2025-06-17T04:27:26.358+0300] {processor.py:839} INFO - DAG(s) dict_keys(['example_external_task_marker_parent', 'example_external_task_marker_child']) retrieved from /home/qwerty/.local/lib/python3.10/site-packages/airflow/example_dags/example_external_task_marker_dag.py
[2025-06-17T04:27:26.383+0300] {logging_mixin.py:151} INFO - [2025-06-17T04:27:26.383+0300] {dag.py:2915} INFO - Sync 2 DAGs
[2025-06-17T04:27:26.398+0300] {logging_mixin.py:151} INFO - [2025-06-17T04:27:26.397+0300] {dag.py:3696} INFO - Setting next_dagrun for example_external_task_marker_child to None, run_after=None
[2025-06-17T04:27:26.402+0300] {logging_mixin.py:151} INFO - [2025-06-17T04:27:26.401+0300] {dag.py:3696} INFO - Setting next_dagrun for example_external_task_marker_parent to None, run_after=None
[2025-06-17T04:27:26.436+0300] {processor.py:179} INFO - Processing /home/qwerty/.local/lib/python3.10/site-packages/airflow/example_dags/example_external_task_marker_dag.py took 0.100 seconds
[2025-06-17T04:28:42.591+0300] {processor.py:157} INFO - Started process (PID=20213) to work on /home/qwerty/.local/lib/python3.10/site-packages/airflow/example_dags/example_external_task_marker_dag.py
[2025-06-17T04:28:42.595+0300] {processor.py:829} INFO - Processing file /home/qwerty/.local/lib/python3.10/site-packages/airflow/example_dags/example_external_task_marker_dag.py for tasks to queue
[2025-06-17T04:28:42.598+0300] {logging_mixin.py:151} INFO - [2025-06-17T04:28:42.597+0300] {dagbag.py:539} INFO - Filling up the DagBag from /home/qwerty/.local/lib/python3.10/site-packages/airflow/example_dags/example_external_task_marker_dag.py
[2025-06-17T04:28:42.618+0300] {processor.py:839} INFO - DAG(s) dict_keys(['example_external_task_marker_parent', 'example_external_task_marker_child']) retrieved from /home/qwerty/.local/lib/python3.10/site-packages/airflow/example_dags/example_external_task_marker_dag.py
[2025-06-17T04:28:42.646+0300] {logging_mixin.py:151} INFO - [2025-06-17T04:28:42.646+0300] {dag.py:2915} INFO - Sync 2 DAGs
[2025-06-17T04:28:42.659+0300] {logging_mixin.py:151} INFO - [2025-06-17T04:28:42.659+0300] {dag.py:3696} INFO - Setting next_dagrun for example_external_task_marker_child to None, run_after=None
[2025-06-17T04:28:42.663+0300] {logging_mixin.py:151} INFO - [2025-06-17T04:28:42.663+0300] {dag.py:3696} INFO - Setting next_dagrun for example_external_task_marker_parent to None, run_after=None
[2025-06-17T04:28:42.705+0300] {processor.py:179} INFO - Processing /home/qwerty/.local/lib/python3.10/site-packages/airflow/example_dags/example_external_task_marker_dag.py took 0.124 seconds
[2025-06-17T04:29:41.552+0300] {processor.py:157} INFO - Started process (PID=20276) to work on /home/qwerty/.local/lib/python3.10/site-packages/airflow/example_dags/example_external_task_marker_dag.py
[2025-06-17T04:29:41.554+0300] {processor.py:829} INFO - Processing file /home/qwerty/.local/lib/python3.10/site-packages/airflow/example_dags/example_external_task_marker_dag.py for tasks to queue
[2025-06-17T04:29:41.555+0300] {logging_mixin.py:151} INFO - [2025-06-17T04:29:41.555+0300] {dagbag.py:539} INFO - Filling up the DagBag from /home/qwerty/.local/lib/python3.10/site-packages/airflow/example_dags/example_external_task_marker_dag.py
[2025-06-17T04:29:41.563+0300] {processor.py:839} INFO - DAG(s) dict_keys(['example_external_task_marker_parent', 'example_external_task_marker_child']) retrieved from /home/qwerty/.local/lib/python3.10/site-packages/airflow/example_dags/example_external_task_marker_dag.py
[2025-06-17T04:29:41.590+0300] {logging_mixin.py:151} INFO - [2025-06-17T04:29:41.589+0300] {dag.py:2915} INFO - Sync 2 DAGs
[2025-06-17T04:29:41.604+0300] {logging_mixin.py:151} INFO - [2025-06-17T04:29:41.604+0300] {dag.py:3696} INFO - Setting next_dagrun for example_external_task_marker_child to None, run_after=None
[2025-06-17T04:29:41.608+0300] {logging_mixin.py:151} INFO - [2025-06-17T04:29:41.608+0300] {dag.py:3696} INFO - Setting next_dagrun for example_external_task_marker_parent to None, run_after=None
[2025-06-17T04:29:41.652+0300] {processor.py:179} INFO - Processing /home/qwerty/.local/lib/python3.10/site-packages/airflow/example_dags/example_external_task_marker_dag.py took 0.109 seconds
[2025-06-17T04:30:39.953+0300] {processor.py:157} INFO - Started process (PID=20336) to work on /home/qwerty/.local/lib/python3.10/site-packages/airflow/example_dags/example_external_task_marker_dag.py
[2025-06-17T04:30:39.956+0300] {processor.py:829} INFO - Processing file /home/qwerty/.local/lib/python3.10/site-packages/airflow/example_dags/example_external_task_marker_dag.py for tasks to queue
[2025-06-17T04:30:39.959+0300] {logging_mixin.py:151} INFO - [2025-06-17T04:30:39.958+0300] {dagbag.py:539} INFO - Filling up the DagBag from /home/qwerty/.local/lib/python3.10/site-packages/airflow/example_dags/example_external_task_marker_dag.py
[2025-06-17T04:30:39.978+0300] {processor.py:839} INFO - DAG(s) dict_keys(['example_external_task_marker_parent', 'example_external_task_marker_child']) retrieved from /home/qwerty/.local/lib/python3.10/site-packages/airflow/example_dags/example_external_task_marker_dag.py
[2025-06-17T04:30:40.007+0300] {logging_mixin.py:151} INFO - [2025-06-17T04:30:40.006+0300] {dag.py:2915} INFO - Sync 2 DAGs
[2025-06-17T04:30:40.020+0300] {logging_mixin.py:151} INFO - [2025-06-17T04:30:40.020+0300] {dag.py:3696} INFO - Setting next_dagrun for example_external_task_marker_child to None, run_after=None
[2025-06-17T04:30:40.023+0300] {logging_mixin.py:151} INFO - [2025-06-17T04:30:40.023+0300] {dag.py:3696} INFO - Setting next_dagrun for example_external_task_marker_parent to None, run_after=None
[2025-06-17T04:30:40.066+0300] {processor.py:179} INFO - Processing /home/qwerty/.local/lib/python3.10/site-packages/airflow/example_dags/example_external_task_marker_dag.py took 0.123 seconds
[2025-06-17T04:31:37.130+0300] {processor.py:157} INFO - Started process (PID=20395) to work on /home/qwerty/.local/lib/python3.10/site-packages/airflow/example_dags/example_external_task_marker_dag.py
[2025-06-17T04:31:37.134+0300] {processor.py:829} INFO - Processing file /home/qwerty/.local/lib/python3.10/site-packages/airflow/example_dags/example_external_task_marker_dag.py for tasks to queue
[2025-06-17T04:31:37.137+0300] {logging_mixin.py:151} INFO - [2025-06-17T04:31:37.136+0300] {dagbag.py:539} INFO - Filling up the DagBag from /home/qwerty/.local/lib/python3.10/site-packages/airflow/example_dags/example_external_task_marker_dag.py
[2025-06-17T04:31:37.153+0300] {processor.py:839} INFO - DAG(s) dict_keys(['example_external_task_marker_child', 'example_external_task_marker_parent']) retrieved from /home/qwerty/.local/lib/python3.10/site-packages/airflow/example_dags/example_external_task_marker_dag.py
[2025-06-17T04:31:37.204+0300] {logging_mixin.py:151} INFO - [2025-06-17T04:31:37.204+0300] {dag.py:2915} INFO - Sync 2 DAGs
[2025-06-17T04:31:37.249+0300] {logging_mixin.py:151} INFO - [2025-06-17T04:31:37.249+0300] {dag.py:3696} INFO - Setting next_dagrun for example_external_task_marker_child to None, run_after=None
[2025-06-17T04:31:37.258+0300] {logging_mixin.py:151} INFO - [2025-06-17T04:31:37.257+0300] {dag.py:3696} INFO - Setting next_dagrun for example_external_task_marker_parent to None, run_after=None
[2025-06-17T04:31:37.330+0300] {processor.py:179} INFO - Processing /home/qwerty/.local/lib/python3.10/site-packages/airflow/example_dags/example_external_task_marker_dag.py took 0.207 seconds
