[2025-06-17T04:07:33.795+0300] {processor.py:157} INFO - Started process (PID=18671) to work on /home/qwerty/.local/lib/python3.10/site-packages/airflow/example_dags/example_xcom.py
[2025-06-17T04:07:33.796+0300] {processor.py:829} INFO - Processing file /home/qwerty/.local/lib/python3.10/site-packages/airflow/example_dags/example_xcom.py for tasks to queue
[2025-06-17T04:07:33.798+0300] {logging_mixin.py:151} INFO - [2025-06-17T04:07:33.797+0300] {dagbag.py:539} INFO - Filling up the DagBag from /home/qwerty/.local/lib/python3.10/site-packages/airflow/example_dags/example_xcom.py
[2025-06-17T04:07:33.811+0300] {processor.py:839} INFO - DAG(s) dict_keys(['example_xcom']) retrieved from /home/qwerty/.local/lib/python3.10/site-packages/airflow/example_dags/example_xcom.py
[2025-06-17T04:07:33.843+0300] {logging_mixin.py:151} INFO - [2025-06-17T04:07:33.842+0300] {dag.py:2915} INFO - Sync 1 DAGs
[2025-06-17T04:07:33.878+0300] {logging_mixin.py:151} INFO - [2025-06-17T04:07:33.878+0300] {dag.py:3696} INFO - Setting next_dagrun for example_xcom to 2021-01-01T00:00:00+00:00, run_after=2021-01-01T00:00:00+00:00
[2025-06-17T04:07:33.924+0300] {processor.py:179} INFO - Processing /home/qwerty/.local/lib/python3.10/site-packages/airflow/example_dags/example_xcom.py took 0.137 seconds
[2025-06-17T04:08:33.998+0300] {processor.py:157} INFO - Started process (PID=18761) to work on /home/qwerty/.local/lib/python3.10/site-packages/airflow/example_dags/example_xcom.py
[2025-06-17T04:08:34.002+0300] {processor.py:829} INFO - Processing file /home/qwerty/.local/lib/python3.10/site-packages/airflow/example_dags/example_xcom.py for tasks to queue
[2025-06-17T04:08:34.004+0300] {logging_mixin.py:151} INFO - [2025-06-17T04:08:34.003+0300] {dagbag.py:539} INFO - Filling up the DagBag from /home/qwerty/.local/lib/python3.10/site-packages/airflow/example_dags/example_xcom.py
[2025-06-17T04:08:34.020+0300] {processor.py:839} INFO - DAG(s) dict_keys(['example_xcom']) retrieved from /home/qwerty/.local/lib/python3.10/site-packages/airflow/example_dags/example_xcom.py
[2025-06-17T04:08:34.059+0300] {logging_mixin.py:151} INFO - [2025-06-17T04:08:34.058+0300] {dag.py:2915} INFO - Sync 1 DAGs
[2025-06-17T04:08:34.098+0300] {logging_mixin.py:151} INFO - [2025-06-17T04:08:34.097+0300] {dag.py:3696} INFO - Setting next_dagrun for example_xcom to 2021-01-01T00:00:00+00:00, run_after=2021-01-01T00:00:00+00:00
[2025-06-17T04:08:34.144+0300] {processor.py:179} INFO - Processing /home/qwerty/.local/lib/python3.10/site-packages/airflow/example_dags/example_xcom.py took 0.151 seconds
[2025-06-17T04:09:27.758+0300] {processor.py:157} INFO - Started process (PID=18817) to work on /home/qwerty/.local/lib/python3.10/site-packages/airflow/example_dags/example_xcom.py
[2025-06-17T04:09:27.759+0300] {processor.py:829} INFO - Processing file /home/qwerty/.local/lib/python3.10/site-packages/airflow/example_dags/example_xcom.py for tasks to queue
[2025-06-17T04:09:27.760+0300] {logging_mixin.py:151} INFO - [2025-06-17T04:09:27.760+0300] {dagbag.py:539} INFO - Filling up the DagBag from /home/qwerty/.local/lib/python3.10/site-packages/airflow/example_dags/example_xcom.py
[2025-06-17T04:09:27.775+0300] {processor.py:839} INFO - DAG(s) dict_keys(['example_xcom']) retrieved from /home/qwerty/.local/lib/python3.10/site-packages/airflow/example_dags/example_xcom.py
[2025-06-17T04:09:27.808+0300] {logging_mixin.py:151} INFO - [2025-06-17T04:09:27.807+0300] {dag.py:2915} INFO - Sync 1 DAGs
[2025-06-17T04:09:27.844+0300] {logging_mixin.py:151} INFO - [2025-06-17T04:09:27.844+0300] {dag.py:3696} INFO - Setting next_dagrun for example_xcom to 2021-01-01T00:00:00+00:00, run_after=2021-01-01T00:00:00+00:00
[2025-06-17T04:09:27.890+0300] {processor.py:179} INFO - Processing /home/qwerty/.local/lib/python3.10/site-packages/airflow/example_dags/example_xcom.py took 0.140 seconds
[2025-06-17T04:10:27.230+0300] {processor.py:157} INFO - Started process (PID=18873) to work on /home/qwerty/.local/lib/python3.10/site-packages/airflow/example_dags/example_xcom.py
[2025-06-17T04:10:27.234+0300] {processor.py:829} INFO - Processing file /home/qwerty/.local/lib/python3.10/site-packages/airflow/example_dags/example_xcom.py for tasks to queue
[2025-06-17T04:10:27.237+0300] {logging_mixin.py:151} INFO - [2025-06-17T04:10:27.236+0300] {dagbag.py:539} INFO - Filling up the DagBag from /home/qwerty/.local/lib/python3.10/site-packages/airflow/example_dags/example_xcom.py
[2025-06-17T04:10:27.262+0300] {processor.py:839} INFO - DAG(s) dict_keys(['example_xcom']) retrieved from /home/qwerty/.local/lib/python3.10/site-packages/airflow/example_dags/example_xcom.py
[2025-06-17T04:10:27.317+0300] {logging_mixin.py:151} INFO - [2025-06-17T04:10:27.316+0300] {dag.py:2915} INFO - Sync 1 DAGs
[2025-06-17T04:10:27.370+0300] {logging_mixin.py:151} INFO - [2025-06-17T04:10:27.369+0300] {dag.py:3696} INFO - Setting next_dagrun for example_xcom to 2021-01-01T00:00:00+00:00, run_after=2021-01-01T00:00:00+00:00
[2025-06-17T04:10:27.431+0300] {processor.py:179} INFO - Processing /home/qwerty/.local/lib/python3.10/site-packages/airflow/example_dags/example_xcom.py took 0.223 seconds
[2025-06-17T04:11:22.499+0300] {processor.py:157} INFO - Started process (PID=18922) to work on /home/qwerty/.local/lib/python3.10/site-packages/airflow/example_dags/example_xcom.py
[2025-06-17T04:11:22.501+0300] {processor.py:829} INFO - Processing file /home/qwerty/.local/lib/python3.10/site-packages/airflow/example_dags/example_xcom.py for tasks to queue
[2025-06-17T04:11:22.502+0300] {logging_mixin.py:151} INFO - [2025-06-17T04:11:22.502+0300] {dagbag.py:539} INFO - Filling up the DagBag from /home/qwerty/.local/lib/python3.10/site-packages/airflow/example_dags/example_xcom.py
[2025-06-17T04:11:22.521+0300] {processor.py:839} INFO - DAG(s) dict_keys(['example_xcom']) retrieved from /home/qwerty/.local/lib/python3.10/site-packages/airflow/example_dags/example_xcom.py
[2025-06-17T04:11:22.554+0300] {logging_mixin.py:151} INFO - [2025-06-17T04:11:22.554+0300] {dag.py:2915} INFO - Sync 1 DAGs
[2025-06-17T04:11:22.600+0300] {logging_mixin.py:151} INFO - [2025-06-17T04:11:22.600+0300] {dag.py:3696} INFO - Setting next_dagrun for example_xcom to 2021-01-01T00:00:00+00:00, run_after=2021-01-01T00:00:00+00:00
[2025-06-17T04:11:22.643+0300] {processor.py:179} INFO - Processing /home/qwerty/.local/lib/python3.10/site-packages/airflow/example_dags/example_xcom.py took 0.151 seconds
[2025-06-17T04:12:26.487+0300] {processor.py:157} INFO - Started process (PID=19013) to work on /home/qwerty/.local/lib/python3.10/site-packages/airflow/example_dags/example_xcom.py
[2025-06-17T04:12:26.491+0300] {processor.py:829} INFO - Processing file /home/qwerty/.local/lib/python3.10/site-packages/airflow/example_dags/example_xcom.py for tasks to queue
[2025-06-17T04:12:26.494+0300] {logging_mixin.py:151} INFO - [2025-06-17T04:12:26.492+0300] {dagbag.py:539} INFO - Filling up the DagBag from /home/qwerty/.local/lib/python3.10/site-packages/airflow/example_dags/example_xcom.py
[2025-06-17T04:12:26.526+0300] {processor.py:839} INFO - DAG(s) dict_keys(['example_xcom']) retrieved from /home/qwerty/.local/lib/python3.10/site-packages/airflow/example_dags/example_xcom.py
[2025-06-17T04:12:26.583+0300] {logging_mixin.py:151} INFO - [2025-06-17T04:12:26.582+0300] {dag.py:2915} INFO - Sync 1 DAGs
[2025-06-17T04:12:26.665+0300] {logging_mixin.py:151} INFO - [2025-06-17T04:12:26.664+0300] {dag.py:3696} INFO - Setting next_dagrun for example_xcom to 2021-01-01T00:00:00+00:00, run_after=2021-01-01T00:00:00+00:00
[2025-06-17T04:12:26.764+0300] {processor.py:179} INFO - Processing /home/qwerty/.local/lib/python3.10/site-packages/airflow/example_dags/example_xcom.py took 0.290 seconds
[2025-06-17T04:13:23.740+0300] {processor.py:157} INFO - Started process (PID=19074) to work on /home/qwerty/.local/lib/python3.10/site-packages/airflow/example_dags/example_xcom.py
[2025-06-17T04:13:23.742+0300] {processor.py:829} INFO - Processing file /home/qwerty/.local/lib/python3.10/site-packages/airflow/example_dags/example_xcom.py for tasks to queue
[2025-06-17T04:13:23.744+0300] {logging_mixin.py:151} INFO - [2025-06-17T04:13:23.743+0300] {dagbag.py:539} INFO - Filling up the DagBag from /home/qwerty/.local/lib/python3.10/site-packages/airflow/example_dags/example_xcom.py
[2025-06-17T04:13:23.764+0300] {processor.py:839} INFO - DAG(s) dict_keys(['example_xcom']) retrieved from /home/qwerty/.local/lib/python3.10/site-packages/airflow/example_dags/example_xcom.py
[2025-06-17T04:13:23.797+0300] {logging_mixin.py:151} INFO - [2025-06-17T04:13:23.797+0300] {dag.py:2915} INFO - Sync 1 DAGs
[2025-06-17T04:13:23.836+0300] {logging_mixin.py:151} INFO - [2025-06-17T04:13:23.835+0300] {dag.py:3696} INFO - Setting next_dagrun for example_xcom to 2021-01-01T00:00:00+00:00, run_after=2021-01-01T00:00:00+00:00
[2025-06-17T04:13:23.870+0300] {processor.py:179} INFO - Processing /home/qwerty/.local/lib/python3.10/site-packages/airflow/example_dags/example_xcom.py took 0.139 seconds
[2025-06-17T04:14:17.776+0300] {processor.py:157} INFO - Started process (PID=19121) to work on /home/qwerty/.local/lib/python3.10/site-packages/airflow/example_dags/example_xcom.py
[2025-06-17T04:14:17.783+0300] {processor.py:829} INFO - Processing file /home/qwerty/.local/lib/python3.10/site-packages/airflow/example_dags/example_xcom.py for tasks to queue
[2025-06-17T04:14:17.784+0300] {logging_mixin.py:151} INFO - [2025-06-17T04:14:17.784+0300] {dagbag.py:539} INFO - Filling up the DagBag from /home/qwerty/.local/lib/python3.10/site-packages/airflow/example_dags/example_xcom.py
[2025-06-17T04:14:17.806+0300] {processor.py:839} INFO - DAG(s) dict_keys(['example_xcom']) retrieved from /home/qwerty/.local/lib/python3.10/site-packages/airflow/example_dags/example_xcom.py
[2025-06-17T04:14:17.862+0300] {logging_mixin.py:151} INFO - [2025-06-17T04:14:17.861+0300] {dag.py:2915} INFO - Sync 1 DAGs
[2025-06-17T04:14:17.928+0300] {logging_mixin.py:151} INFO - [2025-06-17T04:14:17.926+0300] {dag.py:3696} INFO - Setting next_dagrun for example_xcom to 2021-01-01T00:00:00+00:00, run_after=2021-01-01T00:00:00+00:00
[2025-06-17T04:14:17.991+0300] {processor.py:179} INFO - Processing /home/qwerty/.local/lib/python3.10/site-packages/airflow/example_dags/example_xcom.py took 0.224 seconds
[2025-06-17T04:15:23.989+0300] {processor.py:157} INFO - Started process (PID=19186) to work on /home/qwerty/.local/lib/python3.10/site-packages/airflow/example_dags/example_xcom.py
[2025-06-17T04:15:23.990+0300] {processor.py:829} INFO - Processing file /home/qwerty/.local/lib/python3.10/site-packages/airflow/example_dags/example_xcom.py for tasks to queue
[2025-06-17T04:15:23.992+0300] {logging_mixin.py:151} INFO - [2025-06-17T04:15:23.991+0300] {dagbag.py:539} INFO - Filling up the DagBag from /home/qwerty/.local/lib/python3.10/site-packages/airflow/example_dags/example_xcom.py
[2025-06-17T04:15:24.002+0300] {processor.py:839} INFO - DAG(s) dict_keys(['example_xcom']) retrieved from /home/qwerty/.local/lib/python3.10/site-packages/airflow/example_dags/example_xcom.py
[2025-06-17T04:15:24.023+0300] {logging_mixin.py:151} INFO - [2025-06-17T04:15:24.023+0300] {dag.py:2915} INFO - Sync 1 DAGs
[2025-06-17T04:15:24.046+0300] {logging_mixin.py:151} INFO - [2025-06-17T04:15:24.046+0300] {dag.py:3696} INFO - Setting next_dagrun for example_xcom to 2021-01-01T00:00:00+00:00, run_after=2021-01-01T00:00:00+00:00
[2025-06-17T04:15:24.074+0300] {processor.py:179} INFO - Processing /home/qwerty/.local/lib/python3.10/site-packages/airflow/example_dags/example_xcom.py took 0.096 seconds
[2025-06-17T04:16:21.010+0300] {processor.py:157} INFO - Started process (PID=19250) to work on /home/qwerty/.local/lib/python3.10/site-packages/airflow/example_dags/example_xcom.py
[2025-06-17T04:16:21.018+0300] {processor.py:829} INFO - Processing file /home/qwerty/.local/lib/python3.10/site-packages/airflow/example_dags/example_xcom.py for tasks to queue
[2025-06-17T04:16:21.020+0300] {logging_mixin.py:151} INFO - [2025-06-17T04:16:21.020+0300] {dagbag.py:539} INFO - Filling up the DagBag from /home/qwerty/.local/lib/python3.10/site-packages/airflow/example_dags/example_xcom.py
[2025-06-17T04:16:21.033+0300] {processor.py:839} INFO - DAG(s) dict_keys(['example_xcom']) retrieved from /home/qwerty/.local/lib/python3.10/site-packages/airflow/example_dags/example_xcom.py
[2025-06-17T04:16:21.063+0300] {logging_mixin.py:151} INFO - [2025-06-17T04:16:21.063+0300] {dag.py:2915} INFO - Sync 1 DAGs
[2025-06-17T04:16:21.089+0300] {logging_mixin.py:151} INFO - [2025-06-17T04:16:21.089+0300] {dag.py:3696} INFO - Setting next_dagrun for example_xcom to 2021-01-01T00:00:00+00:00, run_after=2021-01-01T00:00:00+00:00
[2025-06-17T04:16:21.121+0300] {processor.py:179} INFO - Processing /home/qwerty/.local/lib/python3.10/site-packages/airflow/example_dags/example_xcom.py took 0.121 seconds
[2025-06-17T04:17:15.311+0300] {processor.py:157} INFO - Started process (PID=19323) to work on /home/qwerty/.local/lib/python3.10/site-packages/airflow/example_dags/example_xcom.py
[2025-06-17T04:17:15.314+0300] {processor.py:829} INFO - Processing file /home/qwerty/.local/lib/python3.10/site-packages/airflow/example_dags/example_xcom.py for tasks to queue
[2025-06-17T04:17:15.317+0300] {logging_mixin.py:151} INFO - [2025-06-17T04:17:15.315+0300] {dagbag.py:539} INFO - Filling up the DagBag from /home/qwerty/.local/lib/python3.10/site-packages/airflow/example_dags/example_xcom.py
[2025-06-17T04:17:15.328+0300] {processor.py:839} INFO - DAG(s) dict_keys(['example_xcom']) retrieved from /home/qwerty/.local/lib/python3.10/site-packages/airflow/example_dags/example_xcom.py
[2025-06-17T04:17:15.349+0300] {logging_mixin.py:151} INFO - [2025-06-17T04:17:15.349+0300] {dag.py:2915} INFO - Sync 1 DAGs
[2025-06-17T04:17:15.372+0300] {logging_mixin.py:151} INFO - [2025-06-17T04:17:15.372+0300] {dag.py:3696} INFO - Setting next_dagrun for example_xcom to 2021-01-01T00:00:00+00:00, run_after=2021-01-01T00:00:00+00:00
[2025-06-17T04:17:15.403+0300] {processor.py:179} INFO - Processing /home/qwerty/.local/lib/python3.10/site-packages/airflow/example_dags/example_xcom.py took 0.103 seconds
[2025-06-17T04:18:12.511+0300] {processor.py:157} INFO - Started process (PID=19388) to work on /home/qwerty/.local/lib/python3.10/site-packages/airflow/example_dags/example_xcom.py
[2025-06-17T04:18:12.514+0300] {processor.py:829} INFO - Processing file /home/qwerty/.local/lib/python3.10/site-packages/airflow/example_dags/example_xcom.py for tasks to queue
[2025-06-17T04:18:12.516+0300] {logging_mixin.py:151} INFO - [2025-06-17T04:18:12.515+0300] {dagbag.py:539} INFO - Filling up the DagBag from /home/qwerty/.local/lib/python3.10/site-packages/airflow/example_dags/example_xcom.py
[2025-06-17T04:18:12.536+0300] {processor.py:839} INFO - DAG(s) dict_keys(['example_xcom']) retrieved from /home/qwerty/.local/lib/python3.10/site-packages/airflow/example_dags/example_xcom.py
[2025-06-17T04:18:12.585+0300] {logging_mixin.py:151} INFO - [2025-06-17T04:18:12.585+0300] {dag.py:2915} INFO - Sync 1 DAGs
[2025-06-17T04:18:12.638+0300] {logging_mixin.py:151} INFO - [2025-06-17T04:18:12.638+0300] {dag.py:3696} INFO - Setting next_dagrun for example_xcom to 2021-01-01T00:00:00+00:00, run_after=2021-01-01T00:00:00+00:00
[2025-06-17T04:18:12.713+0300] {processor.py:179} INFO - Processing /home/qwerty/.local/lib/python3.10/site-packages/airflow/example_dags/example_xcom.py took 0.212 seconds
[2025-06-17T04:19:14.166+0300] {processor.py:157} INFO - Started process (PID=19465) to work on /home/qwerty/.local/lib/python3.10/site-packages/airflow/example_dags/example_xcom.py
[2025-06-17T04:19:14.169+0300] {processor.py:829} INFO - Processing file /home/qwerty/.local/lib/python3.10/site-packages/airflow/example_dags/example_xcom.py for tasks to queue
[2025-06-17T04:19:14.172+0300] {logging_mixin.py:151} INFO - [2025-06-17T04:19:14.171+0300] {dagbag.py:539} INFO - Filling up the DagBag from /home/qwerty/.local/lib/python3.10/site-packages/airflow/example_dags/example_xcom.py
[2025-06-17T04:19:14.192+0300] {processor.py:839} INFO - DAG(s) dict_keys(['example_xcom']) retrieved from /home/qwerty/.local/lib/python3.10/site-packages/airflow/example_dags/example_xcom.py
[2025-06-17T04:19:14.233+0300] {logging_mixin.py:151} INFO - [2025-06-17T04:19:14.232+0300] {dag.py:2915} INFO - Sync 1 DAGs
[2025-06-17T04:19:14.281+0300] {logging_mixin.py:151} INFO - [2025-06-17T04:19:14.281+0300] {dag.py:3696} INFO - Setting next_dagrun for example_xcom to 2021-01-01T00:00:00+00:00, run_after=2021-01-01T00:00:00+00:00
[2025-06-17T04:19:14.340+0300] {processor.py:179} INFO - Processing /home/qwerty/.local/lib/python3.10/site-packages/airflow/example_dags/example_xcom.py took 0.182 seconds
[2025-06-17T04:20:05.916+0300] {processor.py:157} INFO - Started process (PID=19550) to work on /home/qwerty/.local/lib/python3.10/site-packages/airflow/example_dags/example_xcom.py
[2025-06-17T04:20:05.920+0300] {processor.py:829} INFO - Processing file /home/qwerty/.local/lib/python3.10/site-packages/airflow/example_dags/example_xcom.py for tasks to queue
[2025-06-17T04:20:05.922+0300] {logging_mixin.py:151} INFO - [2025-06-17T04:20:05.921+0300] {dagbag.py:539} INFO - Filling up the DagBag from /home/qwerty/.local/lib/python3.10/site-packages/airflow/example_dags/example_xcom.py
[2025-06-17T04:20:05.936+0300] {processor.py:839} INFO - DAG(s) dict_keys(['example_xcom']) retrieved from /home/qwerty/.local/lib/python3.10/site-packages/airflow/example_dags/example_xcom.py
[2025-06-17T04:20:05.956+0300] {logging_mixin.py:151} INFO - [2025-06-17T04:20:05.956+0300] {dag.py:2915} INFO - Sync 1 DAGs
[2025-06-17T04:20:05.984+0300] {logging_mixin.py:151} INFO - [2025-06-17T04:20:05.983+0300] {dag.py:3696} INFO - Setting next_dagrun for example_xcom to 2021-01-01T00:00:00+00:00, run_after=2021-01-01T00:00:00+00:00
[2025-06-17T04:20:06.023+0300] {processor.py:179} INFO - Processing /home/qwerty/.local/lib/python3.10/site-packages/airflow/example_dags/example_xcom.py took 0.117 seconds
[2025-06-17T04:20:57.642+0300] {processor.py:157} INFO - Started process (PID=19609) to work on /home/qwerty/.local/lib/python3.10/site-packages/airflow/example_dags/example_xcom.py
[2025-06-17T04:20:57.645+0300] {processor.py:829} INFO - Processing file /home/qwerty/.local/lib/python3.10/site-packages/airflow/example_dags/example_xcom.py for tasks to queue
[2025-06-17T04:20:57.648+0300] {logging_mixin.py:151} INFO - [2025-06-17T04:20:57.647+0300] {dagbag.py:539} INFO - Filling up the DagBag from /home/qwerty/.local/lib/python3.10/site-packages/airflow/example_dags/example_xcom.py
[2025-06-17T04:20:57.658+0300] {processor.py:839} INFO - DAG(s) dict_keys(['example_xcom']) retrieved from /home/qwerty/.local/lib/python3.10/site-packages/airflow/example_dags/example_xcom.py
[2025-06-17T04:20:57.679+0300] {logging_mixin.py:151} INFO - [2025-06-17T04:20:57.679+0300] {dag.py:2915} INFO - Sync 1 DAGs
[2025-06-17T04:20:57.703+0300] {logging_mixin.py:151} INFO - [2025-06-17T04:20:57.703+0300] {dag.py:3696} INFO - Setting next_dagrun for example_xcom to 2021-01-01T00:00:00+00:00, run_after=2021-01-01T00:00:00+00:00
[2025-06-17T04:20:57.731+0300] {processor.py:179} INFO - Processing /home/qwerty/.local/lib/python3.10/site-packages/airflow/example_dags/example_xcom.py took 0.099 seconds
[2025-06-17T04:21:55.278+0300] {processor.py:157} INFO - Started process (PID=19698) to work on /home/qwerty/.local/lib/python3.10/site-packages/airflow/example_dags/example_xcom.py
[2025-06-17T04:21:55.280+0300] {processor.py:829} INFO - Processing file /home/qwerty/.local/lib/python3.10/site-packages/airflow/example_dags/example_xcom.py for tasks to queue
[2025-06-17T04:21:55.283+0300] {logging_mixin.py:151} INFO - [2025-06-17T04:21:55.282+0300] {dagbag.py:539} INFO - Filling up the DagBag from /home/qwerty/.local/lib/python3.10/site-packages/airflow/example_dags/example_xcom.py
[2025-06-17T04:21:55.295+0300] {processor.py:839} INFO - DAG(s) dict_keys(['example_xcom']) retrieved from /home/qwerty/.local/lib/python3.10/site-packages/airflow/example_dags/example_xcom.py
[2025-06-17T04:21:55.324+0300] {logging_mixin.py:151} INFO - [2025-06-17T04:21:55.324+0300] {dag.py:2915} INFO - Sync 1 DAGs
[2025-06-17T04:21:55.357+0300] {logging_mixin.py:151} INFO - [2025-06-17T04:21:55.357+0300] {dag.py:3696} INFO - Setting next_dagrun for example_xcom to 2021-01-01T00:00:00+00:00, run_after=2021-01-01T00:00:00+00:00
[2025-06-17T04:21:55.398+0300] {processor.py:179} INFO - Processing /home/qwerty/.local/lib/python3.10/site-packages/airflow/example_dags/example_xcom.py took 0.124 seconds
[2025-06-17T04:22:52.248+0300] {processor.py:157} INFO - Started process (PID=19780) to work on /home/qwerty/.local/lib/python3.10/site-packages/airflow/example_dags/example_xcom.py
[2025-06-17T04:22:52.250+0300] {processor.py:829} INFO - Processing file /home/qwerty/.local/lib/python3.10/site-packages/airflow/example_dags/example_xcom.py for tasks to queue
[2025-06-17T04:22:52.251+0300] {logging_mixin.py:151} INFO - [2025-06-17T04:22:52.250+0300] {dagbag.py:539} INFO - Filling up the DagBag from /home/qwerty/.local/lib/python3.10/site-packages/airflow/example_dags/example_xcom.py
[2025-06-17T04:22:52.264+0300] {processor.py:839} INFO - DAG(s) dict_keys(['example_xcom']) retrieved from /home/qwerty/.local/lib/python3.10/site-packages/airflow/example_dags/example_xcom.py
[2025-06-17T04:22:52.290+0300] {logging_mixin.py:151} INFO - [2025-06-17T04:22:52.290+0300] {dag.py:2915} INFO - Sync 1 DAGs
[2025-06-17T04:22:52.321+0300] {logging_mixin.py:151} INFO - [2025-06-17T04:22:52.320+0300] {dag.py:3696} INFO - Setting next_dagrun for example_xcom to 2021-01-01T00:00:00+00:00, run_after=2021-01-01T00:00:00+00:00
[2025-06-17T04:22:52.358+0300] {processor.py:179} INFO - Processing /home/qwerty/.local/lib/python3.10/site-packages/airflow/example_dags/example_xcom.py took 0.116 seconds
[2025-06-17T04:23:49.202+0300] {processor.py:157} INFO - Started process (PID=19856) to work on /home/qwerty/.local/lib/python3.10/site-packages/airflow/example_dags/example_xcom.py
[2025-06-17T04:23:49.204+0300] {processor.py:829} INFO - Processing file /home/qwerty/.local/lib/python3.10/site-packages/airflow/example_dags/example_xcom.py for tasks to queue
[2025-06-17T04:23:49.208+0300] {logging_mixin.py:151} INFO - [2025-06-17T04:23:49.207+0300] {dagbag.py:539} INFO - Filling up the DagBag from /home/qwerty/.local/lib/python3.10/site-packages/airflow/example_dags/example_xcom.py
[2025-06-17T04:23:49.226+0300] {processor.py:839} INFO - DAG(s) dict_keys(['example_xcom']) retrieved from /home/qwerty/.local/lib/python3.10/site-packages/airflow/example_dags/example_xcom.py
[2025-06-17T04:23:49.247+0300] {logging_mixin.py:151} INFO - [2025-06-17T04:23:49.247+0300] {dag.py:2915} INFO - Sync 1 DAGs
[2025-06-17T04:23:49.287+0300] {logging_mixin.py:151} INFO - [2025-06-17T04:23:49.286+0300] {dag.py:3696} INFO - Setting next_dagrun for example_xcom to 2021-01-01T00:00:00+00:00, run_after=2021-01-01T00:00:00+00:00
[2025-06-17T04:23:49.330+0300] {processor.py:179} INFO - Processing /home/qwerty/.local/lib/python3.10/site-packages/airflow/example_dags/example_xcom.py took 0.132 seconds
[2025-06-17T04:25:10.422+0300] {processor.py:157} INFO - Started process (PID=19975) to work on /home/qwerty/.local/lib/python3.10/site-packages/airflow/example_dags/example_xcom.py
[2025-06-17T04:25:10.424+0300] {processor.py:829} INFO - Processing file /home/qwerty/.local/lib/python3.10/site-packages/airflow/example_dags/example_xcom.py for tasks to queue
[2025-06-17T04:25:10.426+0300] {logging_mixin.py:151} INFO - [2025-06-17T04:25:10.426+0300] {dagbag.py:539} INFO - Filling up the DagBag from /home/qwerty/.local/lib/python3.10/site-packages/airflow/example_dags/example_xcom.py
[2025-06-17T04:25:10.445+0300] {processor.py:839} INFO - DAG(s) dict_keys(['example_xcom']) retrieved from /home/qwerty/.local/lib/python3.10/site-packages/airflow/example_dags/example_xcom.py
[2025-06-17T04:25:10.484+0300] {logging_mixin.py:151} INFO - [2025-06-17T04:25:10.483+0300] {dag.py:2915} INFO - Sync 1 DAGs
[2025-06-17T04:25:10.519+0300] {logging_mixin.py:151} INFO - [2025-06-17T04:25:10.518+0300] {dag.py:3696} INFO - Setting next_dagrun for example_xcom to 2021-01-01T00:00:00+00:00, run_after=2021-01-01T00:00:00+00:00
[2025-06-17T04:25:10.553+0300] {processor.py:179} INFO - Processing /home/qwerty/.local/lib/python3.10/site-packages/airflow/example_dags/example_xcom.py took 0.137 seconds
[2025-06-17T04:25:55.666+0300] {processor.py:157} INFO - Started process (PID=20020) to work on /home/qwerty/.local/lib/python3.10/site-packages/airflow/example_dags/example_xcom.py
[2025-06-17T04:25:55.668+0300] {processor.py:829} INFO - Processing file /home/qwerty/.local/lib/python3.10/site-packages/airflow/example_dags/example_xcom.py for tasks to queue
[2025-06-17T04:25:55.670+0300] {logging_mixin.py:151} INFO - [2025-06-17T04:25:55.669+0300] {dagbag.py:539} INFO - Filling up the DagBag from /home/qwerty/.local/lib/python3.10/site-packages/airflow/example_dags/example_xcom.py
[2025-06-17T04:25:55.686+0300] {processor.py:839} INFO - DAG(s) dict_keys(['example_xcom']) retrieved from /home/qwerty/.local/lib/python3.10/site-packages/airflow/example_dags/example_xcom.py
[2025-06-17T04:25:55.727+0300] {logging_mixin.py:151} INFO - [2025-06-17T04:25:55.726+0300] {dag.py:2915} INFO - Sync 1 DAGs
[2025-06-17T04:25:55.770+0300] {logging_mixin.py:151} INFO - [2025-06-17T04:25:55.769+0300] {dag.py:3696} INFO - Setting next_dagrun for example_xcom to 2021-01-01T00:00:00+00:00, run_after=2021-01-01T00:00:00+00:00
[2025-06-17T04:25:55.807+0300] {processor.py:179} INFO - Processing /home/qwerty/.local/lib/python3.10/site-packages/airflow/example_dags/example_xcom.py took 0.150 seconds
[2025-06-17T04:26:48.827+0300] {processor.py:157} INFO - Started process (PID=20071) to work on /home/qwerty/.local/lib/python3.10/site-packages/airflow/example_dags/example_xcom.py
[2025-06-17T04:26:48.828+0300] {processor.py:829} INFO - Processing file /home/qwerty/.local/lib/python3.10/site-packages/airflow/example_dags/example_xcom.py for tasks to queue
[2025-06-17T04:26:48.829+0300] {logging_mixin.py:151} INFO - [2025-06-17T04:26:48.829+0300] {dagbag.py:539} INFO - Filling up the DagBag from /home/qwerty/.local/lib/python3.10/site-packages/airflow/example_dags/example_xcom.py
[2025-06-17T04:26:48.839+0300] {processor.py:839} INFO - DAG(s) dict_keys(['example_xcom']) retrieved from /home/qwerty/.local/lib/python3.10/site-packages/airflow/example_dags/example_xcom.py
[2025-06-17T04:26:48.860+0300] {logging_mixin.py:151} INFO - [2025-06-17T04:26:48.860+0300] {dag.py:2915} INFO - Sync 1 DAGs
[2025-06-17T04:26:48.884+0300] {logging_mixin.py:151} INFO - [2025-06-17T04:26:48.884+0300] {dag.py:3696} INFO - Setting next_dagrun for example_xcom to 2021-01-01T00:00:00+00:00, run_after=2021-01-01T00:00:00+00:00
[2025-06-17T04:26:48.913+0300] {processor.py:179} INFO - Processing /home/qwerty/.local/lib/python3.10/site-packages/airflow/example_dags/example_xcom.py took 0.090 seconds
[2025-06-17T04:27:39.264+0300] {processor.py:157} INFO - Started process (PID=20118) to work on /home/qwerty/.local/lib/python3.10/site-packages/airflow/example_dags/example_xcom.py
[2025-06-17T04:27:39.265+0300] {processor.py:829} INFO - Processing file /home/qwerty/.local/lib/python3.10/site-packages/airflow/example_dags/example_xcom.py for tasks to queue
[2025-06-17T04:27:39.267+0300] {logging_mixin.py:151} INFO - [2025-06-17T04:27:39.266+0300] {dagbag.py:539} INFO - Filling up the DagBag from /home/qwerty/.local/lib/python3.10/site-packages/airflow/example_dags/example_xcom.py
[2025-06-17T04:27:39.285+0300] {processor.py:839} INFO - DAG(s) dict_keys(['example_xcom']) retrieved from /home/qwerty/.local/lib/python3.10/site-packages/airflow/example_dags/example_xcom.py
[2025-06-17T04:27:39.318+0300] {logging_mixin.py:151} INFO - [2025-06-17T04:27:39.317+0300] {dag.py:2915} INFO - Sync 1 DAGs
[2025-06-17T04:27:39.347+0300] {logging_mixin.py:151} INFO - [2025-06-17T04:27:39.347+0300] {dag.py:3696} INFO - Setting next_dagrun for example_xcom to 2021-01-01T00:00:00+00:00, run_after=2021-01-01T00:00:00+00:00
[2025-06-17T04:27:39.379+0300] {processor.py:179} INFO - Processing /home/qwerty/.local/lib/python3.10/site-packages/airflow/example_dags/example_xcom.py took 0.121 seconds
[2025-06-17T04:28:30.485+0300] {processor.py:157} INFO - Started process (PID=20199) to work on /home/qwerty/.local/lib/python3.10/site-packages/airflow/example_dags/example_xcom.py
[2025-06-17T04:28:30.487+0300] {processor.py:829} INFO - Processing file /home/qwerty/.local/lib/python3.10/site-packages/airflow/example_dags/example_xcom.py for tasks to queue
[2025-06-17T04:28:30.489+0300] {logging_mixin.py:151} INFO - [2025-06-17T04:28:30.488+0300] {dagbag.py:539} INFO - Filling up the DagBag from /home/qwerty/.local/lib/python3.10/site-packages/airflow/example_dags/example_xcom.py
[2025-06-17T04:28:30.503+0300] {processor.py:839} INFO - DAG(s) dict_keys(['example_xcom']) retrieved from /home/qwerty/.local/lib/python3.10/site-packages/airflow/example_dags/example_xcom.py
[2025-06-17T04:28:30.533+0300] {logging_mixin.py:151} INFO - [2025-06-17T04:28:30.533+0300] {dag.py:2915} INFO - Sync 1 DAGs
[2025-06-17T04:28:30.570+0300] {logging_mixin.py:151} INFO - [2025-06-17T04:28:30.569+0300] {dag.py:3696} INFO - Setting next_dagrun for example_xcom to 2021-01-01T00:00:00+00:00, run_after=2021-01-01T00:00:00+00:00
[2025-06-17T04:28:30.615+0300] {processor.py:179} INFO - Processing /home/qwerty/.local/lib/python3.10/site-packages/airflow/example_dags/example_xcom.py took 0.136 seconds
[2025-06-17T04:29:24.047+0300] {processor.py:157} INFO - Started process (PID=20259) to work on /home/qwerty/.local/lib/python3.10/site-packages/airflow/example_dags/example_xcom.py
[2025-06-17T04:29:24.049+0300] {processor.py:829} INFO - Processing file /home/qwerty/.local/lib/python3.10/site-packages/airflow/example_dags/example_xcom.py for tasks to queue
[2025-06-17T04:29:24.051+0300] {logging_mixin.py:151} INFO - [2025-06-17T04:29:24.050+0300] {dagbag.py:539} INFO - Filling up the DagBag from /home/qwerty/.local/lib/python3.10/site-packages/airflow/example_dags/example_xcom.py
[2025-06-17T04:29:24.068+0300] {processor.py:839} INFO - DAG(s) dict_keys(['example_xcom']) retrieved from /home/qwerty/.local/lib/python3.10/site-packages/airflow/example_dags/example_xcom.py
[2025-06-17T04:29:24.102+0300] {logging_mixin.py:151} INFO - [2025-06-17T04:29:24.101+0300] {dag.py:2915} INFO - Sync 1 DAGs
[2025-06-17T04:29:24.137+0300] {logging_mixin.py:151} INFO - [2025-06-17T04:29:24.136+0300] {dag.py:3696} INFO - Setting next_dagrun for example_xcom to 2021-01-01T00:00:00+00:00, run_after=2021-01-01T00:00:00+00:00
[2025-06-17T04:29:24.176+0300] {processor.py:179} INFO - Processing /home/qwerty/.local/lib/python3.10/site-packages/airflow/example_dags/example_xcom.py took 0.136 seconds
[2025-06-17T04:30:24.212+0300] {processor.py:157} INFO - Started process (PID=20319) to work on /home/qwerty/.local/lib/python3.10/site-packages/airflow/example_dags/example_xcom.py
[2025-06-17T04:30:24.219+0300] {processor.py:829} INFO - Processing file /home/qwerty/.local/lib/python3.10/site-packages/airflow/example_dags/example_xcom.py for tasks to queue
[2025-06-17T04:30:24.222+0300] {logging_mixin.py:151} INFO - [2025-06-17T04:30:24.220+0300] {dagbag.py:539} INFO - Filling up the DagBag from /home/qwerty/.local/lib/python3.10/site-packages/airflow/example_dags/example_xcom.py
[2025-06-17T04:30:24.242+0300] {processor.py:839} INFO - DAG(s) dict_keys(['example_xcom']) retrieved from /home/qwerty/.local/lib/python3.10/site-packages/airflow/example_dags/example_xcom.py
[2025-06-17T04:30:24.268+0300] {logging_mixin.py:151} INFO - [2025-06-17T04:30:24.268+0300] {dag.py:2915} INFO - Sync 1 DAGs
[2025-06-17T04:30:24.293+0300] {logging_mixin.py:151} INFO - [2025-06-17T04:30:24.293+0300] {dag.py:3696} INFO - Setting next_dagrun for example_xcom to 2021-01-01T00:00:00+00:00, run_after=2021-01-01T00:00:00+00:00
[2025-06-17T04:30:24.327+0300] {processor.py:179} INFO - Processing /home/qwerty/.local/lib/python3.10/site-packages/airflow/example_dags/example_xcom.py took 0.122 seconds
[2025-06-17T04:31:19.356+0300] {processor.py:157} INFO - Started process (PID=20378) to work on /home/qwerty/.local/lib/python3.10/site-packages/airflow/example_dags/example_xcom.py
[2025-06-17T04:31:19.363+0300] {processor.py:829} INFO - Processing file /home/qwerty/.local/lib/python3.10/site-packages/airflow/example_dags/example_xcom.py for tasks to queue
[2025-06-17T04:31:19.365+0300] {logging_mixin.py:151} INFO - [2025-06-17T04:31:19.364+0300] {dagbag.py:539} INFO - Filling up the DagBag from /home/qwerty/.local/lib/python3.10/site-packages/airflow/example_dags/example_xcom.py
[2025-06-17T04:31:19.376+0300] {processor.py:839} INFO - DAG(s) dict_keys(['example_xcom']) retrieved from /home/qwerty/.local/lib/python3.10/site-packages/airflow/example_dags/example_xcom.py
[2025-06-17T04:31:19.397+0300] {logging_mixin.py:151} INFO - [2025-06-17T04:31:19.397+0300] {dag.py:2915} INFO - Sync 1 DAGs
[2025-06-17T04:31:19.420+0300] {logging_mixin.py:151} INFO - [2025-06-17T04:31:19.420+0300] {dag.py:3696} INFO - Setting next_dagrun for example_xcom to 2021-01-01T00:00:00+00:00, run_after=2021-01-01T00:00:00+00:00
[2025-06-17T04:31:19.447+0300] {processor.py:179} INFO - Processing /home/qwerty/.local/lib/python3.10/site-packages/airflow/example_dags/example_xcom.py took 0.097 seconds
