[2025-06-17T04:07:36.384+0300] {processor.py:157} INFO - Started process (PID=18673) to work on /home/qwerty/.local/lib/python3.10/site-packages/airflow/example_dags/example_trigger_controller_dag.py
[2025-06-17T04:07:36.387+0300] {processor.py:829} INFO - Processing file /home/qwerty/.local/lib/python3.10/site-packages/airflow/example_dags/example_trigger_controller_dag.py for tasks to queue
[2025-06-17T04:07:36.389+0300] {logging_mixin.py:151} INFO - [2025-06-17T04:07:36.388+0300] {dagbag.py:539} INFO - Filling up the DagBag from /home/qwerty/.local/lib/python3.10/site-packages/airflow/example_dags/example_trigger_controller_dag.py
[2025-06-17T04:07:36.400+0300] {processor.py:839} INFO - DAG(s) dict_keys(['example_trigger_controller_dag']) retrieved from /home/qwerty/.local/lib/python3.10/site-packages/airflow/example_dags/example_trigger_controller_dag.py
[2025-06-17T04:07:36.436+0300] {logging_mixin.py:151} INFO - [2025-06-17T04:07:36.435+0300] {dag.py:2915} INFO - Sync 1 DAGs
[2025-06-17T04:07:36.477+0300] {logging_mixin.py:151} INFO - [2025-06-17T04:07:36.477+0300] {dag.py:3696} INFO - Setting next_dagrun for example_trigger_controller_dag to 2021-01-01T00:00:00+00:00, run_after=2021-01-01T00:00:00+00:00
[2025-06-17T04:07:36.513+0300] {processor.py:179} INFO - Processing /home/qwerty/.local/lib/python3.10/site-packages/airflow/example_dags/example_trigger_controller_dag.py took 0.135 seconds
[2025-06-17T04:08:36.000+0300] {processor.py:157} INFO - Started process (PID=18763) to work on /home/qwerty/.local/lib/python3.10/site-packages/airflow/example_dags/example_trigger_controller_dag.py
[2025-06-17T04:08:36.004+0300] {processor.py:829} INFO - Processing file /home/qwerty/.local/lib/python3.10/site-packages/airflow/example_dags/example_trigger_controller_dag.py for tasks to queue
[2025-06-17T04:08:36.006+0300] {logging_mixin.py:151} INFO - [2025-06-17T04:08:36.005+0300] {dagbag.py:539} INFO - Filling up the DagBag from /home/qwerty/.local/lib/python3.10/site-packages/airflow/example_dags/example_trigger_controller_dag.py
[2025-06-17T04:08:36.014+0300] {processor.py:839} INFO - DAG(s) dict_keys(['example_trigger_controller_dag']) retrieved from /home/qwerty/.local/lib/python3.10/site-packages/airflow/example_dags/example_trigger_controller_dag.py
[2025-06-17T04:08:36.036+0300] {logging_mixin.py:151} INFO - [2025-06-17T04:08:36.036+0300] {dag.py:2915} INFO - Sync 1 DAGs
[2025-06-17T04:08:36.059+0300] {logging_mixin.py:151} INFO - [2025-06-17T04:08:36.059+0300] {dag.py:3696} INFO - Setting next_dagrun for example_trigger_controller_dag to 2021-01-01T00:00:00+00:00, run_after=2021-01-01T00:00:00+00:00
[2025-06-17T04:08:36.107+0300] {processor.py:179} INFO - Processing /home/qwerty/.local/lib/python3.10/site-packages/airflow/example_dags/example_trigger_controller_dag.py took 0.117 seconds
[2025-06-17T04:09:29.575+0300] {processor.py:157} INFO - Started process (PID=18819) to work on /home/qwerty/.local/lib/python3.10/site-packages/airflow/example_dags/example_trigger_controller_dag.py
[2025-06-17T04:09:29.580+0300] {processor.py:829} INFO - Processing file /home/qwerty/.local/lib/python3.10/site-packages/airflow/example_dags/example_trigger_controller_dag.py for tasks to queue
[2025-06-17T04:09:29.584+0300] {logging_mixin.py:151} INFO - [2025-06-17T04:09:29.583+0300] {dagbag.py:539} INFO - Filling up the DagBag from /home/qwerty/.local/lib/python3.10/site-packages/airflow/example_dags/example_trigger_controller_dag.py
[2025-06-17T04:09:29.602+0300] {processor.py:839} INFO - DAG(s) dict_keys(['example_trigger_controller_dag']) retrieved from /home/qwerty/.local/lib/python3.10/site-packages/airflow/example_dags/example_trigger_controller_dag.py
[2025-06-17T04:09:29.628+0300] {logging_mixin.py:151} INFO - [2025-06-17T04:09:29.627+0300] {dag.py:2915} INFO - Sync 1 DAGs
[2025-06-17T04:09:29.667+0300] {logging_mixin.py:151} INFO - [2025-06-17T04:09:29.666+0300] {dag.py:3696} INFO - Setting next_dagrun for example_trigger_controller_dag to 2021-01-01T00:00:00+00:00, run_after=2021-01-01T00:00:00+00:00
[2025-06-17T04:09:29.706+0300] {processor.py:179} INFO - Processing /home/qwerty/.local/lib/python3.10/site-packages/airflow/example_dags/example_trigger_controller_dag.py took 0.142 seconds
[2025-06-17T04:10:29.312+0300] {processor.py:157} INFO - Started process (PID=18875) to work on /home/qwerty/.local/lib/python3.10/site-packages/airflow/example_dags/example_trigger_controller_dag.py
[2025-06-17T04:10:29.316+0300] {processor.py:829} INFO - Processing file /home/qwerty/.local/lib/python3.10/site-packages/airflow/example_dags/example_trigger_controller_dag.py for tasks to queue
[2025-06-17T04:10:29.318+0300] {logging_mixin.py:151} INFO - [2025-06-17T04:10:29.317+0300] {dagbag.py:539} INFO - Filling up the DagBag from /home/qwerty/.local/lib/python3.10/site-packages/airflow/example_dags/example_trigger_controller_dag.py
[2025-06-17T04:10:29.336+0300] {processor.py:839} INFO - DAG(s) dict_keys(['example_trigger_controller_dag']) retrieved from /home/qwerty/.local/lib/python3.10/site-packages/airflow/example_dags/example_trigger_controller_dag.py
[2025-06-17T04:10:29.383+0300] {logging_mixin.py:151} INFO - [2025-06-17T04:10:29.383+0300] {dag.py:2915} INFO - Sync 1 DAGs
[2025-06-17T04:10:29.433+0300] {logging_mixin.py:151} INFO - [2025-06-17T04:10:29.432+0300] {dag.py:3696} INFO - Setting next_dagrun for example_trigger_controller_dag to 2021-01-01T00:00:00+00:00, run_after=2021-01-01T00:00:00+00:00
[2025-06-17T04:10:29.486+0300] {processor.py:179} INFO - Processing /home/qwerty/.local/lib/python3.10/site-packages/airflow/example_dags/example_trigger_controller_dag.py took 0.184 seconds
[2025-06-17T04:11:24.784+0300] {processor.py:157} INFO - Started process (PID=18924) to work on /home/qwerty/.local/lib/python3.10/site-packages/airflow/example_dags/example_trigger_controller_dag.py
[2025-06-17T04:11:24.785+0300] {processor.py:829} INFO - Processing file /home/qwerty/.local/lib/python3.10/site-packages/airflow/example_dags/example_trigger_controller_dag.py for tasks to queue
[2025-06-17T04:11:24.786+0300] {logging_mixin.py:151} INFO - [2025-06-17T04:11:24.786+0300] {dagbag.py:539} INFO - Filling up the DagBag from /home/qwerty/.local/lib/python3.10/site-packages/airflow/example_dags/example_trigger_controller_dag.py
[2025-06-17T04:11:24.794+0300] {processor.py:839} INFO - DAG(s) dict_keys(['example_trigger_controller_dag']) retrieved from /home/qwerty/.local/lib/python3.10/site-packages/airflow/example_dags/example_trigger_controller_dag.py
[2025-06-17T04:11:24.822+0300] {logging_mixin.py:151} INFO - [2025-06-17T04:11:24.822+0300] {dag.py:2915} INFO - Sync 1 DAGs
[2025-06-17T04:11:24.855+0300] {logging_mixin.py:151} INFO - [2025-06-17T04:11:24.855+0300] {dag.py:3696} INFO - Setting next_dagrun for example_trigger_controller_dag to 2021-01-01T00:00:00+00:00, run_after=2021-01-01T00:00:00+00:00
[2025-06-17T04:11:24.892+0300] {processor.py:179} INFO - Processing /home/qwerty/.local/lib/python3.10/site-packages/airflow/example_dags/example_trigger_controller_dag.py took 0.115 seconds
[2025-06-17T04:12:29.221+0300] {processor.py:157} INFO - Started process (PID=19016) to work on /home/qwerty/.local/lib/python3.10/site-packages/airflow/example_dags/example_trigger_controller_dag.py
[2025-06-17T04:12:29.226+0300] {processor.py:829} INFO - Processing file /home/qwerty/.local/lib/python3.10/site-packages/airflow/example_dags/example_trigger_controller_dag.py for tasks to queue
[2025-06-17T04:12:29.229+0300] {logging_mixin.py:151} INFO - [2025-06-17T04:12:29.228+0300] {dagbag.py:539} INFO - Filling up the DagBag from /home/qwerty/.local/lib/python3.10/site-packages/airflow/example_dags/example_trigger_controller_dag.py
[2025-06-17T04:12:29.247+0300] {processor.py:839} INFO - DAG(s) dict_keys(['example_trigger_controller_dag']) retrieved from /home/qwerty/.local/lib/python3.10/site-packages/airflow/example_dags/example_trigger_controller_dag.py
[2025-06-17T04:12:29.290+0300] {logging_mixin.py:151} INFO - [2025-06-17T04:12:29.290+0300] {dag.py:2915} INFO - Sync 1 DAGs
[2025-06-17T04:12:29.357+0300] {logging_mixin.py:151} INFO - [2025-06-17T04:12:29.357+0300] {dag.py:3696} INFO - Setting next_dagrun for example_trigger_controller_dag to 2021-01-01T00:00:00+00:00, run_after=2021-01-01T00:00:00+00:00
[2025-06-17T04:12:29.429+0300] {processor.py:179} INFO - Processing /home/qwerty/.local/lib/python3.10/site-packages/airflow/example_dags/example_trigger_controller_dag.py took 0.219 seconds
[2025-06-17T04:13:26.818+0300] {processor.py:157} INFO - Started process (PID=19076) to work on /home/qwerty/.local/lib/python3.10/site-packages/airflow/example_dags/example_trigger_controller_dag.py
[2025-06-17T04:13:26.820+0300] {processor.py:829} INFO - Processing file /home/qwerty/.local/lib/python3.10/site-packages/airflow/example_dags/example_trigger_controller_dag.py for tasks to queue
[2025-06-17T04:13:26.822+0300] {logging_mixin.py:151} INFO - [2025-06-17T04:13:26.821+0300] {dagbag.py:539} INFO - Filling up the DagBag from /home/qwerty/.local/lib/python3.10/site-packages/airflow/example_dags/example_trigger_controller_dag.py
[2025-06-17T04:13:26.832+0300] {processor.py:839} INFO - DAG(s) dict_keys(['example_trigger_controller_dag']) retrieved from /home/qwerty/.local/lib/python3.10/site-packages/airflow/example_dags/example_trigger_controller_dag.py
[2025-06-17T04:13:26.862+0300] {logging_mixin.py:151} INFO - [2025-06-17T04:13:26.862+0300] {dag.py:2915} INFO - Sync 1 DAGs
[2025-06-17T04:13:26.899+0300] {logging_mixin.py:151} INFO - [2025-06-17T04:13:26.899+0300] {dag.py:3696} INFO - Setting next_dagrun for example_trigger_controller_dag to 2021-01-01T00:00:00+00:00, run_after=2021-01-01T00:00:00+00:00
[2025-06-17T04:13:26.943+0300] {processor.py:179} INFO - Processing /home/qwerty/.local/lib/python3.10/site-packages/airflow/example_dags/example_trigger_controller_dag.py took 0.132 seconds
[2025-06-17T04:14:25.162+0300] {processor.py:157} INFO - Started process (PID=19130) to work on /home/qwerty/.local/lib/python3.10/site-packages/airflow/example_dags/example_trigger_controller_dag.py
[2025-06-17T04:14:25.165+0300] {processor.py:829} INFO - Processing file /home/qwerty/.local/lib/python3.10/site-packages/airflow/example_dags/example_trigger_controller_dag.py for tasks to queue
[2025-06-17T04:14:25.168+0300] {logging_mixin.py:151} INFO - [2025-06-17T04:14:25.167+0300] {dagbag.py:539} INFO - Filling up the DagBag from /home/qwerty/.local/lib/python3.10/site-packages/airflow/example_dags/example_trigger_controller_dag.py
[2025-06-17T04:14:25.183+0300] {processor.py:839} INFO - DAG(s) dict_keys(['example_trigger_controller_dag']) retrieved from /home/qwerty/.local/lib/python3.10/site-packages/airflow/example_dags/example_trigger_controller_dag.py
[2025-06-17T04:14:25.228+0300] {logging_mixin.py:151} INFO - [2025-06-17T04:14:25.227+0300] {dag.py:2915} INFO - Sync 1 DAGs
[2025-06-17T04:14:25.275+0300] {logging_mixin.py:151} INFO - [2025-06-17T04:14:25.274+0300] {dag.py:3696} INFO - Setting next_dagrun for example_trigger_controller_dag to 2021-01-01T00:00:00+00:00, run_after=2021-01-01T00:00:00+00:00
[2025-06-17T04:14:25.320+0300] {processor.py:179} INFO - Processing /home/qwerty/.local/lib/python3.10/site-packages/airflow/example_dags/example_trigger_controller_dag.py took 0.166 seconds
[2025-06-17T04:15:26.277+0300] {processor.py:157} INFO - Started process (PID=19188) to work on /home/qwerty/.local/lib/python3.10/site-packages/airflow/example_dags/example_trigger_controller_dag.py
[2025-06-17T04:15:26.280+0300] {processor.py:829} INFO - Processing file /home/qwerty/.local/lib/python3.10/site-packages/airflow/example_dags/example_trigger_controller_dag.py for tasks to queue
[2025-06-17T04:15:26.283+0300] {logging_mixin.py:151} INFO - [2025-06-17T04:15:26.282+0300] {dagbag.py:539} INFO - Filling up the DagBag from /home/qwerty/.local/lib/python3.10/site-packages/airflow/example_dags/example_trigger_controller_dag.py
[2025-06-17T04:15:26.299+0300] {processor.py:839} INFO - DAG(s) dict_keys(['example_trigger_controller_dag']) retrieved from /home/qwerty/.local/lib/python3.10/site-packages/airflow/example_dags/example_trigger_controller_dag.py
[2025-06-17T04:15:26.319+0300] {logging_mixin.py:151} INFO - [2025-06-17T04:15:26.319+0300] {dag.py:2915} INFO - Sync 1 DAGs
[2025-06-17T04:15:26.343+0300] {logging_mixin.py:151} INFO - [2025-06-17T04:15:26.343+0300] {dag.py:3696} INFO - Setting next_dagrun for example_trigger_controller_dag to 2021-01-01T00:00:00+00:00, run_after=2021-01-01T00:00:00+00:00
[2025-06-17T04:15:26.372+0300] {processor.py:179} INFO - Processing /home/qwerty/.local/lib/python3.10/site-packages/airflow/example_dags/example_trigger_controller_dag.py took 0.106 seconds
[2025-06-17T04:16:23.659+0300] {processor.py:157} INFO - Started process (PID=19256) to work on /home/qwerty/.local/lib/python3.10/site-packages/airflow/example_dags/example_trigger_controller_dag.py
[2025-06-17T04:16:23.663+0300] {processor.py:829} INFO - Processing file /home/qwerty/.local/lib/python3.10/site-packages/airflow/example_dags/example_trigger_controller_dag.py for tasks to queue
[2025-06-17T04:16:23.666+0300] {logging_mixin.py:151} INFO - [2025-06-17T04:16:23.665+0300] {dagbag.py:539} INFO - Filling up the DagBag from /home/qwerty/.local/lib/python3.10/site-packages/airflow/example_dags/example_trigger_controller_dag.py
[2025-06-17T04:16:23.682+0300] {processor.py:839} INFO - DAG(s) dict_keys(['example_trigger_controller_dag']) retrieved from /home/qwerty/.local/lib/python3.10/site-packages/airflow/example_dags/example_trigger_controller_dag.py
[2025-06-17T04:16:23.706+0300] {logging_mixin.py:151} INFO - [2025-06-17T04:16:23.706+0300] {dag.py:2915} INFO - Sync 1 DAGs
[2025-06-17T04:16:23.729+0300] {logging_mixin.py:151} INFO - [2025-06-17T04:16:23.729+0300] {dag.py:3696} INFO - Setting next_dagrun for example_trigger_controller_dag to 2021-01-01T00:00:00+00:00, run_after=2021-01-01T00:00:00+00:00
[2025-06-17T04:16:23.773+0300] {processor.py:179} INFO - Processing /home/qwerty/.local/lib/python3.10/site-packages/airflow/example_dags/example_trigger_controller_dag.py took 0.123 seconds
[2025-06-17T04:17:17.989+0300] {processor.py:157} INFO - Started process (PID=19325) to work on /home/qwerty/.local/lib/python3.10/site-packages/airflow/example_dags/example_trigger_controller_dag.py
[2025-06-17T04:17:17.991+0300] {processor.py:829} INFO - Processing file /home/qwerty/.local/lib/python3.10/site-packages/airflow/example_dags/example_trigger_controller_dag.py for tasks to queue
[2025-06-17T04:17:17.992+0300] {logging_mixin.py:151} INFO - [2025-06-17T04:17:17.991+0300] {dagbag.py:539} INFO - Filling up the DagBag from /home/qwerty/.local/lib/python3.10/site-packages/airflow/example_dags/example_trigger_controller_dag.py
[2025-06-17T04:17:17.998+0300] {processor.py:839} INFO - DAG(s) dict_keys(['example_trigger_controller_dag']) retrieved from /home/qwerty/.local/lib/python3.10/site-packages/airflow/example_dags/example_trigger_controller_dag.py
[2025-06-17T04:17:18.018+0300] {logging_mixin.py:151} INFO - [2025-06-17T04:17:18.017+0300] {dag.py:2915} INFO - Sync 1 DAGs
[2025-06-17T04:17:18.040+0300] {logging_mixin.py:151} INFO - [2025-06-17T04:17:18.039+0300] {dag.py:3696} INFO - Setting next_dagrun for example_trigger_controller_dag to 2021-01-01T00:00:00+00:00, run_after=2021-01-01T00:00:00+00:00
[2025-06-17T04:17:18.081+0300] {processor.py:179} INFO - Processing /home/qwerty/.local/lib/python3.10/site-packages/airflow/example_dags/example_trigger_controller_dag.py took 0.101 seconds
[2025-06-17T04:18:15.245+0300] {processor.py:157} INFO - Started process (PID=19392) to work on /home/qwerty/.local/lib/python3.10/site-packages/airflow/example_dags/example_trigger_controller_dag.py
[2025-06-17T04:18:15.250+0300] {processor.py:829} INFO - Processing file /home/qwerty/.local/lib/python3.10/site-packages/airflow/example_dags/example_trigger_controller_dag.py for tasks to queue
[2025-06-17T04:18:15.254+0300] {logging_mixin.py:151} INFO - [2025-06-17T04:18:15.252+0300] {dagbag.py:539} INFO - Filling up the DagBag from /home/qwerty/.local/lib/python3.10/site-packages/airflow/example_dags/example_trigger_controller_dag.py
[2025-06-17T04:18:15.281+0300] {processor.py:839} INFO - DAG(s) dict_keys(['example_trigger_controller_dag']) retrieved from /home/qwerty/.local/lib/python3.10/site-packages/airflow/example_dags/example_trigger_controller_dag.py
[2025-06-17T04:18:15.332+0300] {logging_mixin.py:151} INFO - [2025-06-17T04:18:15.332+0300] {dag.py:2915} INFO - Sync 1 DAGs
[2025-06-17T04:18:15.391+0300] {logging_mixin.py:151} INFO - [2025-06-17T04:18:15.391+0300] {dag.py:3696} INFO - Setting next_dagrun for example_trigger_controller_dag to 2021-01-01T00:00:00+00:00, run_after=2021-01-01T00:00:00+00:00
[2025-06-17T04:18:15.447+0300] {processor.py:179} INFO - Processing /home/qwerty/.local/lib/python3.10/site-packages/airflow/example_dags/example_trigger_controller_dag.py took 0.212 seconds
[2025-06-17T04:19:15.890+0300] {processor.py:157} INFO - Started process (PID=19473) to work on /home/qwerty/.local/lib/python3.10/site-packages/airflow/example_dags/example_trigger_controller_dag.py
[2025-06-17T04:19:15.898+0300] {processor.py:829} INFO - Processing file /home/qwerty/.local/lib/python3.10/site-packages/airflow/example_dags/example_trigger_controller_dag.py for tasks to queue
[2025-06-17T04:19:15.900+0300] {logging_mixin.py:151} INFO - [2025-06-17T04:19:15.899+0300] {dagbag.py:539} INFO - Filling up the DagBag from /home/qwerty/.local/lib/python3.10/site-packages/airflow/example_dags/example_trigger_controller_dag.py
[2025-06-17T04:19:15.912+0300] {processor.py:839} INFO - DAG(s) dict_keys(['example_trigger_controller_dag']) retrieved from /home/qwerty/.local/lib/python3.10/site-packages/airflow/example_dags/example_trigger_controller_dag.py
[2025-06-17T04:19:15.949+0300] {logging_mixin.py:151} INFO - [2025-06-17T04:19:15.948+0300] {dag.py:2915} INFO - Sync 1 DAGs
[2025-06-17T04:19:15.993+0300] {logging_mixin.py:151} INFO - [2025-06-17T04:19:15.993+0300] {dag.py:3696} INFO - Setting next_dagrun for example_trigger_controller_dag to 2021-01-01T00:00:00+00:00, run_after=2021-01-01T00:00:00+00:00
[2025-06-17T04:19:16.038+0300] {processor.py:179} INFO - Processing /home/qwerty/.local/lib/python3.10/site-packages/airflow/example_dags/example_trigger_controller_dag.py took 0.154 seconds
[2025-06-17T04:20:07.654+0300] {processor.py:157} INFO - Started process (PID=19552) to work on /home/qwerty/.local/lib/python3.10/site-packages/airflow/example_dags/example_trigger_controller_dag.py
[2025-06-17T04:20:07.657+0300] {processor.py:829} INFO - Processing file /home/qwerty/.local/lib/python3.10/site-packages/airflow/example_dags/example_trigger_controller_dag.py for tasks to queue
[2025-06-17T04:20:07.659+0300] {logging_mixin.py:151} INFO - [2025-06-17T04:20:07.658+0300] {dagbag.py:539} INFO - Filling up the DagBag from /home/qwerty/.local/lib/python3.10/site-packages/airflow/example_dags/example_trigger_controller_dag.py
[2025-06-17T04:20:07.672+0300] {processor.py:839} INFO - DAG(s) dict_keys(['example_trigger_controller_dag']) retrieved from /home/qwerty/.local/lib/python3.10/site-packages/airflow/example_dags/example_trigger_controller_dag.py
[2025-06-17T04:20:07.691+0300] {logging_mixin.py:151} INFO - [2025-06-17T04:20:07.691+0300] {dag.py:2915} INFO - Sync 1 DAGs
[2025-06-17T04:20:07.713+0300] {logging_mixin.py:151} INFO - [2025-06-17T04:20:07.713+0300] {dag.py:3696} INFO - Setting next_dagrun for example_trigger_controller_dag to 2021-01-01T00:00:00+00:00, run_after=2021-01-01T00:00:00+00:00
[2025-06-17T04:20:07.758+0300] {processor.py:179} INFO - Processing /home/qwerty/.local/lib/python3.10/site-packages/airflow/example_dags/example_trigger_controller_dag.py took 0.115 seconds
[2025-06-17T04:21:00.752+0300] {processor.py:157} INFO - Started process (PID=19613) to work on /home/qwerty/.local/lib/python3.10/site-packages/airflow/example_dags/example_trigger_controller_dag.py
[2025-06-17T04:21:00.754+0300] {processor.py:829} INFO - Processing file /home/qwerty/.local/lib/python3.10/site-packages/airflow/example_dags/example_trigger_controller_dag.py for tasks to queue
[2025-06-17T04:21:00.757+0300] {logging_mixin.py:151} INFO - [2025-06-17T04:21:00.756+0300] {dagbag.py:539} INFO - Filling up the DagBag from /home/qwerty/.local/lib/python3.10/site-packages/airflow/example_dags/example_trigger_controller_dag.py
[2025-06-17T04:21:00.774+0300] {processor.py:839} INFO - DAG(s) dict_keys(['example_trigger_controller_dag']) retrieved from /home/qwerty/.local/lib/python3.10/site-packages/airflow/example_dags/example_trigger_controller_dag.py
[2025-06-17T04:21:00.810+0300] {logging_mixin.py:151} INFO - [2025-06-17T04:21:00.810+0300] {dag.py:2915} INFO - Sync 1 DAGs
[2025-06-17T04:21:00.833+0300] {logging_mixin.py:151} INFO - [2025-06-17T04:21:00.832+0300] {dag.py:3696} INFO - Setting next_dagrun for example_trigger_controller_dag to 2021-01-01T00:00:00+00:00, run_after=2021-01-01T00:00:00+00:00
[2025-06-17T04:21:00.875+0300] {processor.py:179} INFO - Processing /home/qwerty/.local/lib/python3.10/site-packages/airflow/example_dags/example_trigger_controller_dag.py took 0.127 seconds
[2025-06-17T04:21:57.987+0300] {processor.py:157} INFO - Started process (PID=19702) to work on /home/qwerty/.local/lib/python3.10/site-packages/airflow/example_dags/example_trigger_controller_dag.py
[2025-06-17T04:21:57.990+0300] {processor.py:829} INFO - Processing file /home/qwerty/.local/lib/python3.10/site-packages/airflow/example_dags/example_trigger_controller_dag.py for tasks to queue
[2025-06-17T04:21:57.992+0300] {logging_mixin.py:151} INFO - [2025-06-17T04:21:57.991+0300] {dagbag.py:539} INFO - Filling up the DagBag from /home/qwerty/.local/lib/python3.10/site-packages/airflow/example_dags/example_trigger_controller_dag.py
[2025-06-17T04:21:58.003+0300] {processor.py:839} INFO - DAG(s) dict_keys(['example_trigger_controller_dag']) retrieved from /home/qwerty/.local/lib/python3.10/site-packages/airflow/example_dags/example_trigger_controller_dag.py
[2025-06-17T04:21:58.036+0300] {logging_mixin.py:151} INFO - [2025-06-17T04:21:58.035+0300] {dag.py:2915} INFO - Sync 1 DAGs
[2025-06-17T04:21:58.074+0300] {logging_mixin.py:151} INFO - [2025-06-17T04:21:58.073+0300] {dag.py:3696} INFO - Setting next_dagrun for example_trigger_controller_dag to 2021-01-01T00:00:00+00:00, run_after=2021-01-01T00:00:00+00:00
[2025-06-17T04:21:58.108+0300] {processor.py:179} INFO - Processing /home/qwerty/.local/lib/python3.10/site-packages/airflow/example_dags/example_trigger_controller_dag.py took 0.129 seconds
[2025-06-17T04:22:54.343+0300] {processor.py:157} INFO - Started process (PID=19783) to work on /home/qwerty/.local/lib/python3.10/site-packages/airflow/example_dags/example_trigger_controller_dag.py
[2025-06-17T04:22:54.346+0300] {processor.py:829} INFO - Processing file /home/qwerty/.local/lib/python3.10/site-packages/airflow/example_dags/example_trigger_controller_dag.py for tasks to queue
[2025-06-17T04:22:54.348+0300] {logging_mixin.py:151} INFO - [2025-06-17T04:22:54.347+0300] {dagbag.py:539} INFO - Filling up the DagBag from /home/qwerty/.local/lib/python3.10/site-packages/airflow/example_dags/example_trigger_controller_dag.py
[2025-06-17T04:22:54.356+0300] {processor.py:839} INFO - DAG(s) dict_keys(['example_trigger_controller_dag']) retrieved from /home/qwerty/.local/lib/python3.10/site-packages/airflow/example_dags/example_trigger_controller_dag.py
[2025-06-17T04:22:54.378+0300] {logging_mixin.py:151} INFO - [2025-06-17T04:22:54.378+0300] {dag.py:2915} INFO - Sync 1 DAGs
[2025-06-17T04:22:54.404+0300] {logging_mixin.py:151} INFO - [2025-06-17T04:22:54.403+0300] {dag.py:3696} INFO - Setting next_dagrun for example_trigger_controller_dag to 2021-01-01T00:00:00+00:00, run_after=2021-01-01T00:00:00+00:00
[2025-06-17T04:22:54.435+0300] {processor.py:179} INFO - Processing /home/qwerty/.local/lib/python3.10/site-packages/airflow/example_dags/example_trigger_controller_dag.py took 0.102 seconds
[2025-06-17T04:23:51.845+0300] {processor.py:157} INFO - Started process (PID=19859) to work on /home/qwerty/.local/lib/python3.10/site-packages/airflow/example_dags/example_trigger_controller_dag.py
[2025-06-17T04:23:51.847+0300] {processor.py:829} INFO - Processing file /home/qwerty/.local/lib/python3.10/site-packages/airflow/example_dags/example_trigger_controller_dag.py for tasks to queue
[2025-06-17T04:23:51.848+0300] {logging_mixin.py:151} INFO - [2025-06-17T04:23:51.848+0300] {dagbag.py:539} INFO - Filling up the DagBag from /home/qwerty/.local/lib/python3.10/site-packages/airflow/example_dags/example_trigger_controller_dag.py
[2025-06-17T04:23:51.855+0300] {processor.py:839} INFO - DAG(s) dict_keys(['example_trigger_controller_dag']) retrieved from /home/qwerty/.local/lib/python3.10/site-packages/airflow/example_dags/example_trigger_controller_dag.py
[2025-06-17T04:23:51.876+0300] {logging_mixin.py:151} INFO - [2025-06-17T04:23:51.875+0300] {dag.py:2915} INFO - Sync 1 DAGs
[2025-06-17T04:23:51.898+0300] {logging_mixin.py:151} INFO - [2025-06-17T04:23:51.897+0300] {dag.py:3696} INFO - Setting next_dagrun for example_trigger_controller_dag to 2021-01-01T00:00:00+00:00, run_after=2021-01-01T00:00:00+00:00
[2025-06-17T04:23:51.924+0300] {processor.py:179} INFO - Processing /home/qwerty/.local/lib/python3.10/site-packages/airflow/example_dags/example_trigger_controller_dag.py took 0.084 seconds
[2025-06-17T04:25:11.151+0300] {processor.py:157} INFO - Started process (PID=19977) to work on /home/qwerty/.local/lib/python3.10/site-packages/airflow/example_dags/example_trigger_controller_dag.py
[2025-06-17T04:25:11.153+0300] {processor.py:829} INFO - Processing file /home/qwerty/.local/lib/python3.10/site-packages/airflow/example_dags/example_trigger_controller_dag.py for tasks to queue
[2025-06-17T04:25:11.155+0300] {logging_mixin.py:151} INFO - [2025-06-17T04:25:11.154+0300] {dagbag.py:539} INFO - Filling up the DagBag from /home/qwerty/.local/lib/python3.10/site-packages/airflow/example_dags/example_trigger_controller_dag.py
[2025-06-17T04:25:11.166+0300] {processor.py:839} INFO - DAG(s) dict_keys(['example_trigger_controller_dag']) retrieved from /home/qwerty/.local/lib/python3.10/site-packages/airflow/example_dags/example_trigger_controller_dag.py
[2025-06-17T04:25:11.199+0300] {logging_mixin.py:151} INFO - [2025-06-17T04:25:11.198+0300] {dag.py:2915} INFO - Sync 1 DAGs
[2025-06-17T04:25:11.237+0300] {logging_mixin.py:151} INFO - [2025-06-17T04:25:11.237+0300] {dag.py:3696} INFO - Setting next_dagrun for example_trigger_controller_dag to 2021-01-01T00:00:00+00:00, run_after=2021-01-01T00:00:00+00:00
[2025-06-17T04:25:11.274+0300] {processor.py:179} INFO - Processing /home/qwerty/.local/lib/python3.10/site-packages/airflow/example_dags/example_trigger_controller_dag.py took 0.129 seconds
[2025-06-17T04:25:57.650+0300] {processor.py:157} INFO - Started process (PID=20022) to work on /home/qwerty/.local/lib/python3.10/site-packages/airflow/example_dags/example_trigger_controller_dag.py
[2025-06-17T04:25:57.658+0300] {processor.py:829} INFO - Processing file /home/qwerty/.local/lib/python3.10/site-packages/airflow/example_dags/example_trigger_controller_dag.py for tasks to queue
[2025-06-17T04:25:57.659+0300] {logging_mixin.py:151} INFO - [2025-06-17T04:25:57.659+0300] {dagbag.py:539} INFO - Filling up the DagBag from /home/qwerty/.local/lib/python3.10/site-packages/airflow/example_dags/example_trigger_controller_dag.py
[2025-06-17T04:25:57.668+0300] {processor.py:839} INFO - DAG(s) dict_keys(['example_trigger_controller_dag']) retrieved from /home/qwerty/.local/lib/python3.10/site-packages/airflow/example_dags/example_trigger_controller_dag.py
[2025-06-17T04:25:57.696+0300] {logging_mixin.py:151} INFO - [2025-06-17T04:25:57.695+0300] {dag.py:2915} INFO - Sync 1 DAGs
[2025-06-17T04:25:57.731+0300] {logging_mixin.py:151} INFO - [2025-06-17T04:25:57.730+0300] {dag.py:3696} INFO - Setting next_dagrun for example_trigger_controller_dag to 2021-01-01T00:00:00+00:00, run_after=2021-01-01T00:00:00+00:00
[2025-06-17T04:25:57.765+0300] {processor.py:179} INFO - Processing /home/qwerty/.local/lib/python3.10/site-packages/airflow/example_dags/example_trigger_controller_dag.py took 0.126 seconds
[2025-06-17T04:26:51.299+0300] {processor.py:157} INFO - Started process (PID=20073) to work on /home/qwerty/.local/lib/python3.10/site-packages/airflow/example_dags/example_trigger_controller_dag.py
[2025-06-17T04:26:51.301+0300] {processor.py:829} INFO - Processing file /home/qwerty/.local/lib/python3.10/site-packages/airflow/example_dags/example_trigger_controller_dag.py for tasks to queue
[2025-06-17T04:26:51.303+0300] {logging_mixin.py:151} INFO - [2025-06-17T04:26:51.302+0300] {dagbag.py:539} INFO - Filling up the DagBag from /home/qwerty/.local/lib/python3.10/site-packages/airflow/example_dags/example_trigger_controller_dag.py
[2025-06-17T04:26:51.314+0300] {processor.py:839} INFO - DAG(s) dict_keys(['example_trigger_controller_dag']) retrieved from /home/qwerty/.local/lib/python3.10/site-packages/airflow/example_dags/example_trigger_controller_dag.py
[2025-06-17T04:26:51.349+0300] {logging_mixin.py:151} INFO - [2025-06-17T04:26:51.348+0300] {dag.py:2915} INFO - Sync 1 DAGs
[2025-06-17T04:26:51.396+0300] {logging_mixin.py:151} INFO - [2025-06-17T04:26:51.396+0300] {dag.py:3696} INFO - Setting next_dagrun for example_trigger_controller_dag to 2021-01-01T00:00:00+00:00, run_after=2021-01-01T00:00:00+00:00
[2025-06-17T04:26:51.441+0300] {processor.py:179} INFO - Processing /home/qwerty/.local/lib/python3.10/site-packages/airflow/example_dags/example_trigger_controller_dag.py took 0.149 seconds
[2025-06-17T04:27:40.837+0300] {processor.py:157} INFO - Started process (PID=20120) to work on /home/qwerty/.local/lib/python3.10/site-packages/airflow/example_dags/example_trigger_controller_dag.py
[2025-06-17T04:27:40.841+0300] {processor.py:829} INFO - Processing file /home/qwerty/.local/lib/python3.10/site-packages/airflow/example_dags/example_trigger_controller_dag.py for tasks to queue
[2025-06-17T04:27:40.842+0300] {logging_mixin.py:151} INFO - [2025-06-17T04:27:40.842+0300] {dagbag.py:539} INFO - Filling up the DagBag from /home/qwerty/.local/lib/python3.10/site-packages/airflow/example_dags/example_trigger_controller_dag.py
[2025-06-17T04:27:40.853+0300] {processor.py:839} INFO - DAG(s) dict_keys(['example_trigger_controller_dag']) retrieved from /home/qwerty/.local/lib/python3.10/site-packages/airflow/example_dags/example_trigger_controller_dag.py
[2025-06-17T04:27:40.883+0300] {logging_mixin.py:151} INFO - [2025-06-17T04:27:40.882+0300] {dag.py:2915} INFO - Sync 1 DAGs
[2025-06-17T04:27:40.925+0300] {logging_mixin.py:151} INFO - [2025-06-17T04:27:40.925+0300] {dag.py:3696} INFO - Setting next_dagrun for example_trigger_controller_dag to 2021-01-01T00:00:00+00:00, run_after=2021-01-01T00:00:00+00:00
[2025-06-17T04:27:40.968+0300] {processor.py:179} INFO - Processing /home/qwerty/.local/lib/python3.10/site-packages/airflow/example_dags/example_trigger_controller_dag.py took 0.137 seconds
[2025-06-17T04:28:33.227+0300] {processor.py:157} INFO - Started process (PID=20202) to work on /home/qwerty/.local/lib/python3.10/site-packages/airflow/example_dags/example_trigger_controller_dag.py
[2025-06-17T04:28:33.229+0300] {processor.py:829} INFO - Processing file /home/qwerty/.local/lib/python3.10/site-packages/airflow/example_dags/example_trigger_controller_dag.py for tasks to queue
[2025-06-17T04:28:33.230+0300] {logging_mixin.py:151} INFO - [2025-06-17T04:28:33.230+0300] {dagbag.py:539} INFO - Filling up the DagBag from /home/qwerty/.local/lib/python3.10/site-packages/airflow/example_dags/example_trigger_controller_dag.py
[2025-06-17T04:28:33.239+0300] {processor.py:839} INFO - DAG(s) dict_keys(['example_trigger_controller_dag']) retrieved from /home/qwerty/.local/lib/python3.10/site-packages/airflow/example_dags/example_trigger_controller_dag.py
[2025-06-17T04:28:33.267+0300] {logging_mixin.py:151} INFO - [2025-06-17T04:28:33.267+0300] {dag.py:2915} INFO - Sync 1 DAGs
[2025-06-17T04:28:33.299+0300] {logging_mixin.py:151} INFO - [2025-06-17T04:28:33.299+0300] {dag.py:3696} INFO - Setting next_dagrun for example_trigger_controller_dag to 2021-01-01T00:00:00+00:00, run_after=2021-01-01T00:00:00+00:00
[2025-06-17T04:28:33.343+0300] {processor.py:179} INFO - Processing /home/qwerty/.local/lib/python3.10/site-packages/airflow/example_dags/example_trigger_controller_dag.py took 0.122 seconds
[2025-06-17T04:29:26.727+0300] {processor.py:157} INFO - Started process (PID=20261) to work on /home/qwerty/.local/lib/python3.10/site-packages/airflow/example_dags/example_trigger_controller_dag.py
[2025-06-17T04:29:26.728+0300] {processor.py:829} INFO - Processing file /home/qwerty/.local/lib/python3.10/site-packages/airflow/example_dags/example_trigger_controller_dag.py for tasks to queue
[2025-06-17T04:29:26.729+0300] {logging_mixin.py:151} INFO - [2025-06-17T04:29:26.729+0300] {dagbag.py:539} INFO - Filling up the DagBag from /home/qwerty/.local/lib/python3.10/site-packages/airflow/example_dags/example_trigger_controller_dag.py
[2025-06-17T04:29:26.736+0300] {processor.py:839} INFO - DAG(s) dict_keys(['example_trigger_controller_dag']) retrieved from /home/qwerty/.local/lib/python3.10/site-packages/airflow/example_dags/example_trigger_controller_dag.py
[2025-06-17T04:29:26.757+0300] {logging_mixin.py:151} INFO - [2025-06-17T04:29:26.756+0300] {dag.py:2915} INFO - Sync 1 DAGs
[2025-06-17T04:29:26.780+0300] {logging_mixin.py:151} INFO - [2025-06-17T04:29:26.780+0300] {dag.py:3696} INFO - Setting next_dagrun for example_trigger_controller_dag to 2021-01-01T00:00:00+00:00, run_after=2021-01-01T00:00:00+00:00
[2025-06-17T04:29:26.809+0300] {processor.py:179} INFO - Processing /home/qwerty/.local/lib/python3.10/site-packages/airflow/example_dags/example_trigger_controller_dag.py took 0.091 seconds
[2025-06-17T04:30:26.561+0300] {processor.py:157} INFO - Started process (PID=20322) to work on /home/qwerty/.local/lib/python3.10/site-packages/airflow/example_dags/example_trigger_controller_dag.py
[2025-06-17T04:30:26.566+0300] {processor.py:829} INFO - Processing file /home/qwerty/.local/lib/python3.10/site-packages/airflow/example_dags/example_trigger_controller_dag.py for tasks to queue
[2025-06-17T04:30:26.568+0300] {logging_mixin.py:151} INFO - [2025-06-17T04:30:26.567+0300] {dagbag.py:539} INFO - Filling up the DagBag from /home/qwerty/.local/lib/python3.10/site-packages/airflow/example_dags/example_trigger_controller_dag.py
[2025-06-17T04:30:26.583+0300] {processor.py:839} INFO - DAG(s) dict_keys(['example_trigger_controller_dag']) retrieved from /home/qwerty/.local/lib/python3.10/site-packages/airflow/example_dags/example_trigger_controller_dag.py
[2025-06-17T04:30:26.616+0300] {logging_mixin.py:151} INFO - [2025-06-17T04:30:26.615+0300] {dag.py:2915} INFO - Sync 1 DAGs
[2025-06-17T04:30:26.637+0300] {logging_mixin.py:151} INFO - [2025-06-17T04:30:26.637+0300] {dag.py:3696} INFO - Setting next_dagrun for example_trigger_controller_dag to 2021-01-01T00:00:00+00:00, run_after=2021-01-01T00:00:00+00:00
[2025-06-17T04:30:26.680+0300] {processor.py:179} INFO - Processing /home/qwerty/.local/lib/python3.10/site-packages/airflow/example_dags/example_trigger_controller_dag.py took 0.129 seconds
[2025-06-17T04:31:21.846+0300] {processor.py:157} INFO - Started process (PID=20380) to work on /home/qwerty/.local/lib/python3.10/site-packages/airflow/example_dags/example_trigger_controller_dag.py
[2025-06-17T04:31:21.849+0300] {processor.py:829} INFO - Processing file /home/qwerty/.local/lib/python3.10/site-packages/airflow/example_dags/example_trigger_controller_dag.py for tasks to queue
[2025-06-17T04:31:21.852+0300] {logging_mixin.py:151} INFO - [2025-06-17T04:31:21.851+0300] {dagbag.py:539} INFO - Filling up the DagBag from /home/qwerty/.local/lib/python3.10/site-packages/airflow/example_dags/example_trigger_controller_dag.py
[2025-06-17T04:31:21.866+0300] {processor.py:839} INFO - DAG(s) dict_keys(['example_trigger_controller_dag']) retrieved from /home/qwerty/.local/lib/python3.10/site-packages/airflow/example_dags/example_trigger_controller_dag.py
[2025-06-17T04:31:21.887+0300] {logging_mixin.py:151} INFO - [2025-06-17T04:31:21.887+0300] {dag.py:2915} INFO - Sync 1 DAGs
[2025-06-17T04:31:21.910+0300] {logging_mixin.py:151} INFO - [2025-06-17T04:31:21.910+0300] {dag.py:3696} INFO - Setting next_dagrun for example_trigger_controller_dag to 2021-01-01T00:00:00+00:00, run_after=2021-01-01T00:00:00+00:00
[2025-06-17T04:31:21.937+0300] {processor.py:179} INFO - Processing /home/qwerty/.local/lib/python3.10/site-packages/airflow/example_dags/example_trigger_controller_dag.py took 0.102 seconds
