[2025-06-17T04:07:30.166+0300] {processor.py:157} INFO - Started process (PID=18667) to work on /home/qwerty/.local/lib/python3.10/site-packages/airflow/example_dags/tutorial.py
[2025-06-17T04:07:30.169+0300] {processor.py:829} INFO - Processing file /home/qwerty/.local/lib/python3.10/site-packages/airflow/example_dags/tutorial.py for tasks to queue
[2025-06-17T04:07:30.171+0300] {logging_mixin.py:151} INFO - [2025-06-17T04:07:30.170+0300] {dagbag.py:539} INFO - Filling up the DagBag from /home/qwerty/.local/lib/python3.10/site-packages/airflow/example_dags/tutorial.py
[2025-06-17T04:07:30.179+0300] {processor.py:839} INFO - DAG(s) dict_keys(['tutorial']) retrieved from /home/qwerty/.local/lib/python3.10/site-packages/airflow/example_dags/tutorial.py
[2025-06-17T04:07:30.199+0300] {logging_mixin.py:151} INFO - [2025-06-17T04:07:30.198+0300] {dag.py:2915} INFO - Sync 1 DAGs
[2025-06-17T04:07:30.223+0300] {logging_mixin.py:151} INFO - [2025-06-17T04:07:30.223+0300] {dag.py:3696} INFO - Setting next_dagrun for tutorial to 2025-06-16T01:07:30.222738+00:00, run_after=2025-06-17T01:07:30.222738+00:00
[2025-06-17T04:07:30.270+0300] {processor.py:179} INFO - Processing /home/qwerty/.local/lib/python3.10/site-packages/airflow/example_dags/tutorial.py took 0.115 seconds
[2025-06-17T04:08:30.086+0300] {processor.py:157} INFO - Started process (PID=18751) to work on /home/qwerty/.local/lib/python3.10/site-packages/airflow/example_dags/tutorial.py
[2025-06-17T04:08:30.090+0300] {processor.py:829} INFO - Processing file /home/qwerty/.local/lib/python3.10/site-packages/airflow/example_dags/tutorial.py for tasks to queue
[2025-06-17T04:08:30.093+0300] {logging_mixin.py:151} INFO - [2025-06-17T04:08:30.092+0300] {dagbag.py:539} INFO - Filling up the DagBag from /home/qwerty/.local/lib/python3.10/site-packages/airflow/example_dags/tutorial.py
[2025-06-17T04:08:30.107+0300] {processor.py:839} INFO - DAG(s) dict_keys(['tutorial']) retrieved from /home/qwerty/.local/lib/python3.10/site-packages/airflow/example_dags/tutorial.py
[2025-06-17T04:08:30.145+0300] {logging_mixin.py:151} INFO - [2025-06-17T04:08:30.144+0300] {dag.py:2915} INFO - Sync 1 DAGs
[2025-06-17T04:08:30.191+0300] {logging_mixin.py:151} INFO - [2025-06-17T04:08:30.190+0300] {dag.py:3696} INFO - Setting next_dagrun for tutorial to 2025-06-16T01:08:30.190376+00:00, run_after=2025-06-17T01:08:30.190376+00:00
[2025-06-17T04:08:30.242+0300] {processor.py:179} INFO - Processing /home/qwerty/.local/lib/python3.10/site-packages/airflow/example_dags/tutorial.py took 0.164 seconds
[2025-06-17T04:09:24.593+0300] {processor.py:157} INFO - Started process (PID=18814) to work on /home/qwerty/.local/lib/python3.10/site-packages/airflow/example_dags/tutorial.py
[2025-06-17T04:09:24.596+0300] {processor.py:829} INFO - Processing file /home/qwerty/.local/lib/python3.10/site-packages/airflow/example_dags/tutorial.py for tasks to queue
[2025-06-17T04:09:24.598+0300] {logging_mixin.py:151} INFO - [2025-06-17T04:09:24.597+0300] {dagbag.py:539} INFO - Filling up the DagBag from /home/qwerty/.local/lib/python3.10/site-packages/airflow/example_dags/tutorial.py
[2025-06-17T04:09:24.618+0300] {processor.py:839} INFO - DAG(s) dict_keys(['tutorial']) retrieved from /home/qwerty/.local/lib/python3.10/site-packages/airflow/example_dags/tutorial.py
[2025-06-17T04:09:24.638+0300] {logging_mixin.py:151} INFO - [2025-06-17T04:09:24.638+0300] {dag.py:2915} INFO - Sync 1 DAGs
[2025-06-17T04:09:24.662+0300] {logging_mixin.py:151} INFO - [2025-06-17T04:09:24.662+0300] {dag.py:3696} INFO - Setting next_dagrun for tutorial to 2025-06-16T01:09:24.661858+00:00, run_after=2025-06-17T01:09:24.661858+00:00
[2025-06-17T04:09:24.700+0300] {processor.py:179} INFO - Processing /home/qwerty/.local/lib/python3.10/site-packages/airflow/example_dags/tutorial.py took 0.117 seconds
[2025-06-17T04:10:23.534+0300] {processor.py:157} INFO - Started process (PID=18870) to work on /home/qwerty/.local/lib/python3.10/site-packages/airflow/example_dags/tutorial.py
[2025-06-17T04:10:23.538+0300] {processor.py:829} INFO - Processing file /home/qwerty/.local/lib/python3.10/site-packages/airflow/example_dags/tutorial.py for tasks to queue
[2025-06-17T04:10:23.540+0300] {logging_mixin.py:151} INFO - [2025-06-17T04:10:23.539+0300] {dagbag.py:539} INFO - Filling up the DagBag from /home/qwerty/.local/lib/python3.10/site-packages/airflow/example_dags/tutorial.py
[2025-06-17T04:10:23.567+0300] {processor.py:839} INFO - DAG(s) dict_keys(['tutorial']) retrieved from /home/qwerty/.local/lib/python3.10/site-packages/airflow/example_dags/tutorial.py
[2025-06-17T04:10:23.633+0300] {logging_mixin.py:151} INFO - [2025-06-17T04:10:23.632+0300] {dag.py:2915} INFO - Sync 1 DAGs
[2025-06-17T04:10:23.713+0300] {logging_mixin.py:151} INFO - [2025-06-17T04:10:23.713+0300] {dag.py:3696} INFO - Setting next_dagrun for tutorial to 2025-06-16T01:10:23.712656+00:00, run_after=2025-06-17T01:10:23.712656+00:00
[2025-06-17T04:10:23.794+0300] {processor.py:179} INFO - Processing /home/qwerty/.local/lib/python3.10/site-packages/airflow/example_dags/tutorial.py took 0.273 seconds
[2025-06-17T04:11:19.485+0300] {processor.py:157} INFO - Started process (PID=18919) to work on /home/qwerty/.local/lib/python3.10/site-packages/airflow/example_dags/tutorial.py
[2025-06-17T04:11:19.488+0300] {processor.py:829} INFO - Processing file /home/qwerty/.local/lib/python3.10/site-packages/airflow/example_dags/tutorial.py for tasks to queue
[2025-06-17T04:11:19.491+0300] {logging_mixin.py:151} INFO - [2025-06-17T04:11:19.490+0300] {dagbag.py:539} INFO - Filling up the DagBag from /home/qwerty/.local/lib/python3.10/site-packages/airflow/example_dags/tutorial.py
[2025-06-17T04:11:19.508+0300] {processor.py:839} INFO - DAG(s) dict_keys(['tutorial']) retrieved from /home/qwerty/.local/lib/python3.10/site-packages/airflow/example_dags/tutorial.py
[2025-06-17T04:11:19.540+0300] {logging_mixin.py:151} INFO - [2025-06-17T04:11:19.539+0300] {dag.py:2915} INFO - Sync 1 DAGs
[2025-06-17T04:11:19.574+0300] {logging_mixin.py:151} INFO - [2025-06-17T04:11:19.574+0300] {dag.py:3696} INFO - Setting next_dagrun for tutorial to 2025-06-16T01:11:19.573917+00:00, run_after=2025-06-17T01:11:19.573917+00:00
[2025-06-17T04:11:19.622+0300] {processor.py:179} INFO - Processing /home/qwerty/.local/lib/python3.10/site-packages/airflow/example_dags/tutorial.py took 0.143 seconds
[2025-06-17T04:11:56.281+0300] {processor.py:157} INFO - Started process (PID=18955) to work on /home/qwerty/.local/lib/python3.10/site-packages/airflow/example_dags/tutorial.py
[2025-06-17T04:11:56.286+0300] {processor.py:829} INFO - Processing file /home/qwerty/.local/lib/python3.10/site-packages/airflow/example_dags/tutorial.py for tasks to queue
[2025-06-17T04:11:56.288+0300] {logging_mixin.py:151} INFO - [2025-06-17T04:11:56.287+0300] {dagbag.py:539} INFO - Filling up the DagBag from /home/qwerty/.local/lib/python3.10/site-packages/airflow/example_dags/tutorial.py
[2025-06-17T04:11:56.304+0300] {processor.py:839} INFO - DAG(s) dict_keys(['tutorial']) retrieved from /home/qwerty/.local/lib/python3.10/site-packages/airflow/example_dags/tutorial.py
[2025-06-17T04:11:56.336+0300] {logging_mixin.py:151} INFO - [2025-06-17T04:11:56.336+0300] {dag.py:2915} INFO - Sync 1 DAGs
[2025-06-17T04:11:56.380+0300] {logging_mixin.py:151} INFO - [2025-06-17T04:11:56.379+0300] {dag.py:3696} INFO - Setting next_dagrun for tutorial to 2025-06-16T01:11:56.379252+00:00, run_after=2025-06-17T01:11:56.379252+00:00
[2025-06-17T04:11:56.430+0300] {processor.py:179} INFO - Processing /home/qwerty/.local/lib/python3.10/site-packages/airflow/example_dags/tutorial.py took 0.158 seconds
[2025-06-17T04:12:53.459+0300] {processor.py:157} INFO - Started process (PID=19048) to work on /home/qwerty/.local/lib/python3.10/site-packages/airflow/example_dags/tutorial.py
[2025-06-17T04:12:53.461+0300] {processor.py:829} INFO - Processing file /home/qwerty/.local/lib/python3.10/site-packages/airflow/example_dags/tutorial.py for tasks to queue
[2025-06-17T04:12:53.462+0300] {logging_mixin.py:151} INFO - [2025-06-17T04:12:53.462+0300] {dagbag.py:539} INFO - Filling up the DagBag from /home/qwerty/.local/lib/python3.10/site-packages/airflow/example_dags/tutorial.py
[2025-06-17T04:12:53.475+0300] {processor.py:839} INFO - DAG(s) dict_keys(['tutorial']) retrieved from /home/qwerty/.local/lib/python3.10/site-packages/airflow/example_dags/tutorial.py
[2025-06-17T04:12:53.497+0300] {logging_mixin.py:151} INFO - [2025-06-17T04:12:53.496+0300] {dag.py:2915} INFO - Sync 1 DAGs
[2025-06-17T04:12:53.525+0300] {logging_mixin.py:151} INFO - [2025-06-17T04:12:53.525+0300] {dag.py:3696} INFO - Setting next_dagrun for tutorial to 2025-06-16T01:12:53.525105+00:00, run_after=2025-06-17T01:12:53.525105+00:00
[2025-06-17T04:12:53.558+0300] {processor.py:179} INFO - Processing /home/qwerty/.local/lib/python3.10/site-packages/airflow/example_dags/tutorial.py took 0.106 seconds
[2025-06-17T04:13:49.226+0300] {processor.py:157} INFO - Started process (PID=19097) to work on /home/qwerty/.local/lib/python3.10/site-packages/airflow/example_dags/tutorial.py
[2025-06-17T04:13:49.229+0300] {processor.py:829} INFO - Processing file /home/qwerty/.local/lib/python3.10/site-packages/airflow/example_dags/tutorial.py for tasks to queue
[2025-06-17T04:13:49.232+0300] {logging_mixin.py:151} INFO - [2025-06-17T04:13:49.231+0300] {dagbag.py:539} INFO - Filling up the DagBag from /home/qwerty/.local/lib/python3.10/site-packages/airflow/example_dags/tutorial.py
[2025-06-17T04:13:49.250+0300] {processor.py:839} INFO - DAG(s) dict_keys(['tutorial']) retrieved from /home/qwerty/.local/lib/python3.10/site-packages/airflow/example_dags/tutorial.py
[2025-06-17T04:13:49.269+0300] {logging_mixin.py:151} INFO - [2025-06-17T04:13:49.269+0300] {dag.py:2915} INFO - Sync 1 DAGs
[2025-06-17T04:13:49.293+0300] {logging_mixin.py:151} INFO - [2025-06-17T04:13:49.292+0300] {dag.py:3696} INFO - Setting next_dagrun for tutorial to 2025-06-16T01:13:49.292517+00:00, run_after=2025-06-17T01:13:49.292517+00:00
[2025-06-17T04:13:49.337+0300] {processor.py:179} INFO - Processing /home/qwerty/.local/lib/python3.10/site-packages/airflow/example_dags/tutorial.py took 0.121 seconds
[2025-06-17T04:14:50.239+0300] {processor.py:157} INFO - Started process (PID=19159) to work on /home/qwerty/.local/lib/python3.10/site-packages/airflow/example_dags/tutorial.py
[2025-06-17T04:14:50.241+0300] {processor.py:829} INFO - Processing file /home/qwerty/.local/lib/python3.10/site-packages/airflow/example_dags/tutorial.py for tasks to queue
[2025-06-17T04:14:50.243+0300] {logging_mixin.py:151} INFO - [2025-06-17T04:14:50.242+0300] {dagbag.py:539} INFO - Filling up the DagBag from /home/qwerty/.local/lib/python3.10/site-packages/airflow/example_dags/tutorial.py
[2025-06-17T04:14:50.256+0300] {processor.py:839} INFO - DAG(s) dict_keys(['tutorial']) retrieved from /home/qwerty/.local/lib/python3.10/site-packages/airflow/example_dags/tutorial.py
[2025-06-17T04:14:50.282+0300] {logging_mixin.py:151} INFO - [2025-06-17T04:14:50.281+0300] {dag.py:2915} INFO - Sync 1 DAGs
[2025-06-17T04:14:50.312+0300] {logging_mixin.py:151} INFO - [2025-06-17T04:14:50.312+0300] {dag.py:3696} INFO - Setting next_dagrun for tutorial to 2025-06-16T01:14:50.312051+00:00, run_after=2025-06-17T01:14:50.312051+00:00
[2025-06-17T04:14:50.366+0300] {processor.py:179} INFO - Processing /home/qwerty/.local/lib/python3.10/site-packages/airflow/example_dags/tutorial.py took 0.132 seconds
[2025-06-17T04:15:51.843+0300] {processor.py:157} INFO - Started process (PID=19210) to work on /home/qwerty/.local/lib/python3.10/site-packages/airflow/example_dags/tutorial.py
[2025-06-17T04:15:51.845+0300] {processor.py:829} INFO - Processing file /home/qwerty/.local/lib/python3.10/site-packages/airflow/example_dags/tutorial.py for tasks to queue
[2025-06-17T04:15:51.847+0300] {logging_mixin.py:151} INFO - [2025-06-17T04:15:51.846+0300] {dagbag.py:539} INFO - Filling up the DagBag from /home/qwerty/.local/lib/python3.10/site-packages/airflow/example_dags/tutorial.py
[2025-06-17T04:15:51.857+0300] {processor.py:839} INFO - DAG(s) dict_keys(['tutorial']) retrieved from /home/qwerty/.local/lib/python3.10/site-packages/airflow/example_dags/tutorial.py
[2025-06-17T04:15:51.877+0300] {logging_mixin.py:151} INFO - [2025-06-17T04:15:51.876+0300] {dag.py:2915} INFO - Sync 1 DAGs
[2025-06-17T04:15:51.900+0300] {logging_mixin.py:151} INFO - [2025-06-17T04:15:51.900+0300] {dag.py:3696} INFO - Setting next_dagrun for tutorial to 2025-06-16T01:15:51.899816+00:00, run_after=2025-06-17T01:15:51.899816+00:00
[2025-06-17T04:15:51.933+0300] {processor.py:179} INFO - Processing /home/qwerty/.local/lib/python3.10/site-packages/airflow/example_dags/tutorial.py took 0.096 seconds
[2025-06-17T04:16:48.628+0300] {processor.py:157} INFO - Started process (PID=19295) to work on /home/qwerty/.local/lib/python3.10/site-packages/airflow/example_dags/tutorial.py
[2025-06-17T04:16:48.632+0300] {processor.py:829} INFO - Processing file /home/qwerty/.local/lib/python3.10/site-packages/airflow/example_dags/tutorial.py for tasks to queue
[2025-06-17T04:16:48.634+0300] {logging_mixin.py:151} INFO - [2025-06-17T04:16:48.633+0300] {dagbag.py:539} INFO - Filling up the DagBag from /home/qwerty/.local/lib/python3.10/site-packages/airflow/example_dags/tutorial.py
[2025-06-17T04:16:48.648+0300] {processor.py:839} INFO - DAG(s) dict_keys(['tutorial']) retrieved from /home/qwerty/.local/lib/python3.10/site-packages/airflow/example_dags/tutorial.py
[2025-06-17T04:16:48.681+0300] {logging_mixin.py:151} INFO - [2025-06-17T04:16:48.681+0300] {dag.py:2915} INFO - Sync 1 DAGs
[2025-06-17T04:16:48.718+0300] {logging_mixin.py:151} INFO - [2025-06-17T04:16:48.717+0300] {dag.py:3696} INFO - Setting next_dagrun for tutorial to 2025-06-16T01:16:48.717149+00:00, run_after=2025-06-17T01:16:48.717149+00:00
[2025-06-17T04:16:48.757+0300] {processor.py:179} INFO - Processing /home/qwerty/.local/lib/python3.10/site-packages/airflow/example_dags/tutorial.py took 0.136 seconds
[2025-06-17T04:17:40.367+0300] {processor.py:157} INFO - Started process (PID=19349) to work on /home/qwerty/.local/lib/python3.10/site-packages/airflow/example_dags/tutorial.py
[2025-06-17T04:17:40.371+0300] {processor.py:829} INFO - Processing file /home/qwerty/.local/lib/python3.10/site-packages/airflow/example_dags/tutorial.py for tasks to queue
[2025-06-17T04:17:40.373+0300] {logging_mixin.py:151} INFO - [2025-06-17T04:17:40.372+0300] {dagbag.py:539} INFO - Filling up the DagBag from /home/qwerty/.local/lib/python3.10/site-packages/airflow/example_dags/tutorial.py
[2025-06-17T04:17:40.388+0300] {processor.py:839} INFO - DAG(s) dict_keys(['tutorial']) retrieved from /home/qwerty/.local/lib/python3.10/site-packages/airflow/example_dags/tutorial.py
[2025-06-17T04:17:40.418+0300] {logging_mixin.py:151} INFO - [2025-06-17T04:17:40.418+0300] {dag.py:2915} INFO - Sync 1 DAGs
[2025-06-17T04:17:40.459+0300] {logging_mixin.py:151} INFO - [2025-06-17T04:17:40.458+0300] {dag.py:3696} INFO - Setting next_dagrun for tutorial to 2025-06-16T01:17:40.458366+00:00, run_after=2025-06-17T01:17:40.458366+00:00
[2025-06-17T04:17:40.504+0300] {processor.py:179} INFO - Processing /home/qwerty/.local/lib/python3.10/site-packages/airflow/example_dags/tutorial.py took 0.145 seconds
[2025-06-17T04:18:37.858+0300] {processor.py:157} INFO - Started process (PID=19412) to work on /home/qwerty/.local/lib/python3.10/site-packages/airflow/example_dags/tutorial.py
[2025-06-17T04:18:37.861+0300] {processor.py:829} INFO - Processing file /home/qwerty/.local/lib/python3.10/site-packages/airflow/example_dags/tutorial.py for tasks to queue
[2025-06-17T04:18:37.864+0300] {logging_mixin.py:151} INFO - [2025-06-17T04:18:37.863+0300] {dagbag.py:539} INFO - Filling up the DagBag from /home/qwerty/.local/lib/python3.10/site-packages/airflow/example_dags/tutorial.py
[2025-06-17T04:18:37.881+0300] {processor.py:839} INFO - DAG(s) dict_keys(['tutorial']) retrieved from /home/qwerty/.local/lib/python3.10/site-packages/airflow/example_dags/tutorial.py
[2025-06-17T04:18:37.900+0300] {logging_mixin.py:151} INFO - [2025-06-17T04:18:37.899+0300] {dag.py:2915} INFO - Sync 1 DAGs
[2025-06-17T04:18:37.923+0300] {logging_mixin.py:151} INFO - [2025-06-17T04:18:37.922+0300] {dag.py:3696} INFO - Setting next_dagrun for tutorial to 2025-06-16T01:18:37.922608+00:00, run_after=2025-06-17T01:18:37.922608+00:00
[2025-06-17T04:18:37.951+0300] {processor.py:179} INFO - Processing /home/qwerty/.local/lib/python3.10/site-packages/airflow/example_dags/tutorial.py took 0.103 seconds
[2025-06-17T04:19:33.510+0300] {processor.py:157} INFO - Started process (PID=19514) to work on /home/qwerty/.local/lib/python3.10/site-packages/airflow/example_dags/tutorial.py
[2025-06-17T04:19:33.513+0300] {processor.py:829} INFO - Processing file /home/qwerty/.local/lib/python3.10/site-packages/airflow/example_dags/tutorial.py for tasks to queue
[2025-06-17T04:19:33.515+0300] {logging_mixin.py:151} INFO - [2025-06-17T04:19:33.514+0300] {dagbag.py:539} INFO - Filling up the DagBag from /home/qwerty/.local/lib/python3.10/site-packages/airflow/example_dags/tutorial.py
[2025-06-17T04:19:33.533+0300] {processor.py:839} INFO - DAG(s) dict_keys(['tutorial']) retrieved from /home/qwerty/.local/lib/python3.10/site-packages/airflow/example_dags/tutorial.py
[2025-06-17T04:19:33.551+0300] {logging_mixin.py:151} INFO - [2025-06-17T04:19:33.551+0300] {dag.py:2915} INFO - Sync 1 DAGs
[2025-06-17T04:19:33.575+0300] {logging_mixin.py:151} INFO - [2025-06-17T04:19:33.575+0300] {dag.py:3696} INFO - Setting next_dagrun for tutorial to 2025-06-16T01:19:33.575004+00:00, run_after=2025-06-17T01:19:33.575004+00:00
[2025-06-17T04:19:33.602+0300] {processor.py:179} INFO - Processing /home/qwerty/.local/lib/python3.10/site-packages/airflow/example_dags/tutorial.py took 0.102 seconds
[2025-06-17T04:20:25.131+0300] {processor.py:157} INFO - Started process (PID=19568) to work on /home/qwerty/.local/lib/python3.10/site-packages/airflow/example_dags/tutorial.py
[2025-06-17T04:20:25.134+0300] {processor.py:829} INFO - Processing file /home/qwerty/.local/lib/python3.10/site-packages/airflow/example_dags/tutorial.py for tasks to queue
[2025-06-17T04:20:25.136+0300] {logging_mixin.py:151} INFO - [2025-06-17T04:20:25.135+0300] {dagbag.py:539} INFO - Filling up the DagBag from /home/qwerty/.local/lib/python3.10/site-packages/airflow/example_dags/tutorial.py
[2025-06-17T04:20:25.151+0300] {processor.py:839} INFO - DAG(s) dict_keys(['tutorial']) retrieved from /home/qwerty/.local/lib/python3.10/site-packages/airflow/example_dags/tutorial.py
[2025-06-17T04:20:25.180+0300] {logging_mixin.py:151} INFO - [2025-06-17T04:20:25.180+0300] {dag.py:2915} INFO - Sync 1 DAGs
[2025-06-17T04:20:25.214+0300] {logging_mixin.py:151} INFO - [2025-06-17T04:20:25.214+0300] {dag.py:3696} INFO - Setting next_dagrun for tutorial to 2025-06-16T01:20:25.213806+00:00, run_after=2025-06-17T01:20:25.213806+00:00
[2025-06-17T04:20:25.252+0300] {processor.py:179} INFO - Processing /home/qwerty/.local/lib/python3.10/site-packages/airflow/example_dags/tutorial.py took 0.133 seconds
[2025-06-17T04:21:20.165+0300] {processor.py:157} INFO - Started process (PID=19634) to work on /home/qwerty/.local/lib/python3.10/site-packages/airflow/example_dags/tutorial.py
[2025-06-17T04:21:20.168+0300] {processor.py:829} INFO - Processing file /home/qwerty/.local/lib/python3.10/site-packages/airflow/example_dags/tutorial.py for tasks to queue
[2025-06-17T04:21:20.170+0300] {logging_mixin.py:151} INFO - [2025-06-17T04:21:20.169+0300] {dagbag.py:539} INFO - Filling up the DagBag from /home/qwerty/.local/lib/python3.10/site-packages/airflow/example_dags/tutorial.py
[2025-06-17T04:21:20.187+0300] {processor.py:839} INFO - DAG(s) dict_keys(['tutorial']) retrieved from /home/qwerty/.local/lib/python3.10/site-packages/airflow/example_dags/tutorial.py
[2025-06-17T04:21:20.208+0300] {logging_mixin.py:151} INFO - [2025-06-17T04:21:20.207+0300] {dag.py:2915} INFO - Sync 1 DAGs
[2025-06-17T04:21:20.237+0300] {logging_mixin.py:151} INFO - [2025-06-17T04:21:20.237+0300] {dag.py:3696} INFO - Setting next_dagrun for tutorial to 2025-06-16T01:21:20.237189+00:00, run_after=2025-06-17T01:21:20.237189+00:00
[2025-06-17T04:21:20.268+0300] {processor.py:179} INFO - Processing /home/qwerty/.local/lib/python3.10/site-packages/airflow/example_dags/tutorial.py took 0.113 seconds
[2025-06-17T04:22:20.129+0300] {processor.py:157} INFO - Started process (PID=19734) to work on /home/qwerty/.local/lib/python3.10/site-packages/airflow/example_dags/tutorial.py
[2025-06-17T04:22:20.131+0300] {processor.py:829} INFO - Processing file /home/qwerty/.local/lib/python3.10/site-packages/airflow/example_dags/tutorial.py for tasks to queue
[2025-06-17T04:22:20.133+0300] {logging_mixin.py:151} INFO - [2025-06-17T04:22:20.132+0300] {dagbag.py:539} INFO - Filling up the DagBag from /home/qwerty/.local/lib/python3.10/site-packages/airflow/example_dags/tutorial.py
[2025-06-17T04:22:20.145+0300] {processor.py:839} INFO - DAG(s) dict_keys(['tutorial']) retrieved from /home/qwerty/.local/lib/python3.10/site-packages/airflow/example_dags/tutorial.py
[2025-06-17T04:22:20.174+0300] {logging_mixin.py:151} INFO - [2025-06-17T04:22:20.174+0300] {dag.py:2915} INFO - Sync 1 DAGs
[2025-06-17T04:22:20.199+0300] {logging_mixin.py:151} INFO - [2025-06-17T04:22:20.198+0300] {dag.py:3696} INFO - Setting next_dagrun for tutorial to 2025-06-16T01:22:20.198388+00:00, run_after=2025-06-17T01:22:20.198388+00:00
[2025-06-17T04:22:20.233+0300] {processor.py:179} INFO - Processing /home/qwerty/.local/lib/python3.10/site-packages/airflow/example_dags/tutorial.py took 0.109 seconds
[2025-06-17T04:23:15.503+0300] {processor.py:157} INFO - Started process (PID=19814) to work on /home/qwerty/.local/lib/python3.10/site-packages/airflow/example_dags/tutorial.py
[2025-06-17T04:23:15.505+0300] {processor.py:829} INFO - Processing file /home/qwerty/.local/lib/python3.10/site-packages/airflow/example_dags/tutorial.py for tasks to queue
[2025-06-17T04:23:15.506+0300] {logging_mixin.py:151} INFO - [2025-06-17T04:23:15.506+0300] {dagbag.py:539} INFO - Filling up the DagBag from /home/qwerty/.local/lib/python3.10/site-packages/airflow/example_dags/tutorial.py
[2025-06-17T04:23:15.517+0300] {processor.py:839} INFO - DAG(s) dict_keys(['tutorial']) retrieved from /home/qwerty/.local/lib/python3.10/site-packages/airflow/example_dags/tutorial.py
[2025-06-17T04:23:15.536+0300] {logging_mixin.py:151} INFO - [2025-06-17T04:23:15.536+0300] {dag.py:2915} INFO - Sync 1 DAGs
[2025-06-17T04:23:15.564+0300] {logging_mixin.py:151} INFO - [2025-06-17T04:23:15.563+0300] {dag.py:3696} INFO - Setting next_dagrun for tutorial to 2025-06-16T01:23:15.563410+00:00, run_after=2025-06-17T01:23:15.563410+00:00
[2025-06-17T04:23:15.591+0300] {processor.py:179} INFO - Processing /home/qwerty/.local/lib/python3.10/site-packages/airflow/example_dags/tutorial.py took 0.096 seconds
[2025-06-17T04:24:15.778+0300] {processor.py:157} INFO - Started process (PID=19899) to work on /home/qwerty/.local/lib/python3.10/site-packages/airflow/example_dags/tutorial.py
[2025-06-17T04:24:15.779+0300] {processor.py:829} INFO - Processing file /home/qwerty/.local/lib/python3.10/site-packages/airflow/example_dags/tutorial.py for tasks to queue
[2025-06-17T04:24:15.780+0300] {logging_mixin.py:151} INFO - [2025-06-17T04:24:15.780+0300] {dagbag.py:539} INFO - Filling up the DagBag from /home/qwerty/.local/lib/python3.10/site-packages/airflow/example_dags/tutorial.py
[2025-06-17T04:24:15.789+0300] {processor.py:839} INFO - DAG(s) dict_keys(['tutorial']) retrieved from /home/qwerty/.local/lib/python3.10/site-packages/airflow/example_dags/tutorial.py
[2025-06-17T04:24:15.809+0300] {logging_mixin.py:151} INFO - [2025-06-17T04:24:15.808+0300] {dag.py:2915} INFO - Sync 1 DAGs
[2025-06-17T04:24:15.831+0300] {logging_mixin.py:151} INFO - [2025-06-17T04:24:15.831+0300] {dag.py:3696} INFO - Setting next_dagrun for tutorial to 2025-06-16T01:24:15.831366+00:00, run_after=2025-06-17T01:24:15.831366+00:00
[2025-06-17T04:24:15.867+0300] {processor.py:179} INFO - Processing /home/qwerty/.local/lib/python3.10/site-packages/airflow/example_dags/tutorial.py took 0.093 seconds
[2025-06-17T04:25:06.773+0300] {processor.py:157} INFO - Started process (PID=19972) to work on /home/qwerty/.local/lib/python3.10/site-packages/airflow/example_dags/tutorial.py
[2025-06-17T04:25:06.775+0300] {processor.py:829} INFO - Processing file /home/qwerty/.local/lib/python3.10/site-packages/airflow/example_dags/tutorial.py for tasks to queue
[2025-06-17T04:25:06.778+0300] {logging_mixin.py:151} INFO - [2025-06-17T04:25:06.777+0300] {dagbag.py:539} INFO - Filling up the DagBag from /home/qwerty/.local/lib/python3.10/site-packages/airflow/example_dags/tutorial.py
[2025-06-17T04:25:06.800+0300] {processor.py:839} INFO - DAG(s) dict_keys(['tutorial']) retrieved from /home/qwerty/.local/lib/python3.10/site-packages/airflow/example_dags/tutorial.py
[2025-06-17T04:25:06.822+0300] {logging_mixin.py:151} INFO - [2025-06-17T04:25:06.821+0300] {dag.py:2915} INFO - Sync 1 DAGs
[2025-06-17T04:25:06.846+0300] {logging_mixin.py:151} INFO - [2025-06-17T04:25:06.846+0300] {dag.py:3696} INFO - Setting next_dagrun for tutorial to 2025-06-16T01:25:06.845737+00:00, run_after=2025-06-17T01:25:06.845737+00:00
[2025-06-17T04:25:06.890+0300] {processor.py:179} INFO - Processing /home/qwerty/.local/lib/python3.10/site-packages/airflow/example_dags/tutorial.py took 0.126 seconds
[2025-06-17T04:25:52.352+0300] {processor.py:157} INFO - Started process (PID=20015) to work on /home/qwerty/.local/lib/python3.10/site-packages/airflow/example_dags/tutorial.py
[2025-06-17T04:25:52.354+0300] {processor.py:829} INFO - Processing file /home/qwerty/.local/lib/python3.10/site-packages/airflow/example_dags/tutorial.py for tasks to queue
[2025-06-17T04:25:52.355+0300] {logging_mixin.py:151} INFO - [2025-06-17T04:25:52.355+0300] {dagbag.py:539} INFO - Filling up the DagBag from /home/qwerty/.local/lib/python3.10/site-packages/airflow/example_dags/tutorial.py
[2025-06-17T04:25:52.364+0300] {processor.py:839} INFO - DAG(s) dict_keys(['tutorial']) retrieved from /home/qwerty/.local/lib/python3.10/site-packages/airflow/example_dags/tutorial.py
[2025-06-17T04:25:52.385+0300] {logging_mixin.py:151} INFO - [2025-06-17T04:25:52.384+0300] {dag.py:2915} INFO - Sync 1 DAGs
[2025-06-17T04:25:52.411+0300] {logging_mixin.py:151} INFO - [2025-06-17T04:25:52.410+0300] {dag.py:3696} INFO - Setting next_dagrun for tutorial to 2025-06-16T01:25:52.410560+00:00, run_after=2025-06-17T01:25:52.410560+00:00
[2025-06-17T04:25:52.440+0300] {processor.py:179} INFO - Processing /home/qwerty/.local/lib/python3.10/site-packages/airflow/example_dags/tutorial.py took 0.093 seconds
[2025-06-17T04:26:45.102+0300] {processor.py:157} INFO - Started process (PID=20068) to work on /home/qwerty/.local/lib/python3.10/site-packages/airflow/example_dags/tutorial.py
[2025-06-17T04:26:45.106+0300] {processor.py:829} INFO - Processing file /home/qwerty/.local/lib/python3.10/site-packages/airflow/example_dags/tutorial.py for tasks to queue
[2025-06-17T04:26:45.108+0300] {logging_mixin.py:151} INFO - [2025-06-17T04:26:45.107+0300] {dagbag.py:539} INFO - Filling up the DagBag from /home/qwerty/.local/lib/python3.10/site-packages/airflow/example_dags/tutorial.py
[2025-06-17T04:26:45.117+0300] {processor.py:839} INFO - DAG(s) dict_keys(['tutorial']) retrieved from /home/qwerty/.local/lib/python3.10/site-packages/airflow/example_dags/tutorial.py
[2025-06-17T04:26:45.148+0300] {logging_mixin.py:151} INFO - [2025-06-17T04:26:45.148+0300] {dag.py:2915} INFO - Sync 1 DAGs
[2025-06-17T04:26:45.182+0300] {logging_mixin.py:151} INFO - [2025-06-17T04:26:45.182+0300] {dag.py:3696} INFO - Setting next_dagrun for tutorial to 2025-06-16T01:26:45.182184+00:00, run_after=2025-06-17T01:26:45.182184+00:00
[2025-06-17T04:26:45.228+0300] {processor.py:179} INFO - Processing /home/qwerty/.local/lib/python3.10/site-packages/airflow/example_dags/tutorial.py took 0.132 seconds
[2025-06-17T04:27:35.347+0300] {processor.py:157} INFO - Started process (PID=20113) to work on /home/qwerty/.local/lib/python3.10/site-packages/airflow/example_dags/tutorial.py
[2025-06-17T04:27:35.350+0300] {processor.py:829} INFO - Processing file /home/qwerty/.local/lib/python3.10/site-packages/airflow/example_dags/tutorial.py for tasks to queue
[2025-06-17T04:27:35.353+0300] {logging_mixin.py:151} INFO - [2025-06-17T04:27:35.352+0300] {dagbag.py:539} INFO - Filling up the DagBag from /home/qwerty/.local/lib/python3.10/site-packages/airflow/example_dags/tutorial.py
[2025-06-17T04:27:35.368+0300] {processor.py:839} INFO - DAG(s) dict_keys(['tutorial']) retrieved from /home/qwerty/.local/lib/python3.10/site-packages/airflow/example_dags/tutorial.py
[2025-06-17T04:27:35.387+0300] {logging_mixin.py:151} INFO - [2025-06-17T04:27:35.387+0300] {dag.py:2915} INFO - Sync 1 DAGs
[2025-06-17T04:27:35.410+0300] {logging_mixin.py:151} INFO - [2025-06-17T04:27:35.409+0300] {dag.py:3696} INFO - Setting next_dagrun for tutorial to 2025-06-16T01:27:35.409528+00:00, run_after=2025-06-17T01:27:35.409528+00:00
[2025-06-17T04:27:35.458+0300] {processor.py:179} INFO - Processing /home/qwerty/.local/lib/python3.10/site-packages/airflow/example_dags/tutorial.py took 0.121 seconds
[2025-06-17T04:28:26.657+0300] {processor.py:157} INFO - Started process (PID=20195) to work on /home/qwerty/.local/lib/python3.10/site-packages/airflow/example_dags/tutorial.py
[2025-06-17T04:28:26.662+0300] {processor.py:829} INFO - Processing file /home/qwerty/.local/lib/python3.10/site-packages/airflow/example_dags/tutorial.py for tasks to queue
[2025-06-17T04:28:26.664+0300] {logging_mixin.py:151} INFO - [2025-06-17T04:28:26.664+0300] {dagbag.py:539} INFO - Filling up the DagBag from /home/qwerty/.local/lib/python3.10/site-packages/airflow/example_dags/tutorial.py
[2025-06-17T04:28:26.674+0300] {processor.py:839} INFO - DAG(s) dict_keys(['tutorial']) retrieved from /home/qwerty/.local/lib/python3.10/site-packages/airflow/example_dags/tutorial.py
[2025-06-17T04:28:26.693+0300] {logging_mixin.py:151} INFO - [2025-06-17T04:28:26.693+0300] {dag.py:2915} INFO - Sync 1 DAGs
[2025-06-17T04:28:26.716+0300] {logging_mixin.py:151} INFO - [2025-06-17T04:28:26.716+0300] {dag.py:3696} INFO - Setting next_dagrun for tutorial to 2025-06-16T01:28:26.715752+00:00, run_after=2025-06-17T01:28:26.715752+00:00
[2025-06-17T04:28:26.742+0300] {processor.py:179} INFO - Processing /home/qwerty/.local/lib/python3.10/site-packages/airflow/example_dags/tutorial.py took 0.097 seconds
[2025-06-17T04:29:20.889+0300] {processor.py:157} INFO - Started process (PID=20256) to work on /home/qwerty/.local/lib/python3.10/site-packages/airflow/example_dags/tutorial.py
[2025-06-17T04:29:20.891+0300] {processor.py:829} INFO - Processing file /home/qwerty/.local/lib/python3.10/site-packages/airflow/example_dags/tutorial.py for tasks to queue
[2025-06-17T04:29:20.893+0300] {logging_mixin.py:151} INFO - [2025-06-17T04:29:20.892+0300] {dagbag.py:539} INFO - Filling up the DagBag from /home/qwerty/.local/lib/python3.10/site-packages/airflow/example_dags/tutorial.py
[2025-06-17T04:29:20.905+0300] {processor.py:839} INFO - DAG(s) dict_keys(['tutorial']) retrieved from /home/qwerty/.local/lib/python3.10/site-packages/airflow/example_dags/tutorial.py
[2025-06-17T04:29:20.928+0300] {logging_mixin.py:151} INFO - [2025-06-17T04:29:20.927+0300] {dag.py:2915} INFO - Sync 1 DAGs
[2025-06-17T04:29:20.956+0300] {logging_mixin.py:151} INFO - [2025-06-17T04:29:20.955+0300] {dag.py:3696} INFO - Setting next_dagrun for tutorial to 2025-06-16T01:29:20.955585+00:00, run_after=2025-06-17T01:29:20.955585+00:00
[2025-06-17T04:29:20.995+0300] {processor.py:179} INFO - Processing /home/qwerty/.local/lib/python3.10/site-packages/airflow/example_dags/tutorial.py took 0.114 seconds
[2025-06-17T04:30:19.916+0300] {processor.py:157} INFO - Started process (PID=20316) to work on /home/qwerty/.local/lib/python3.10/site-packages/airflow/example_dags/tutorial.py
[2025-06-17T04:30:19.918+0300] {processor.py:829} INFO - Processing file /home/qwerty/.local/lib/python3.10/site-packages/airflow/example_dags/tutorial.py for tasks to queue
[2025-06-17T04:30:19.920+0300] {logging_mixin.py:151} INFO - [2025-06-17T04:30:19.919+0300] {dagbag.py:539} INFO - Filling up the DagBag from /home/qwerty/.local/lib/python3.10/site-packages/airflow/example_dags/tutorial.py
[2025-06-17T04:30:19.941+0300] {processor.py:839} INFO - DAG(s) dict_keys(['tutorial']) retrieved from /home/qwerty/.local/lib/python3.10/site-packages/airflow/example_dags/tutorial.py
[2025-06-17T04:30:19.963+0300] {logging_mixin.py:151} INFO - [2025-06-17T04:30:19.963+0300] {dag.py:2915} INFO - Sync 1 DAGs
[2025-06-17T04:30:19.985+0300] {logging_mixin.py:151} INFO - [2025-06-17T04:30:19.985+0300] {dag.py:3696} INFO - Setting next_dagrun for tutorial to 2025-06-16T01:30:19.984944+00:00, run_after=2025-06-17T01:30:19.984944+00:00
[2025-06-17T04:30:20.030+0300] {processor.py:179} INFO - Processing /home/qwerty/.local/lib/python3.10/site-packages/airflow/example_dags/tutorial.py took 0.124 seconds
[2025-06-17T04:31:14.666+0300] {processor.py:157} INFO - Started process (PID=20375) to work on /home/qwerty/.local/lib/python3.10/site-packages/airflow/example_dags/tutorial.py
[2025-06-17T04:31:14.673+0300] {processor.py:829} INFO - Processing file /home/qwerty/.local/lib/python3.10/site-packages/airflow/example_dags/tutorial.py for tasks to queue
[2025-06-17T04:31:14.674+0300] {logging_mixin.py:151} INFO - [2025-06-17T04:31:14.674+0300] {dagbag.py:539} INFO - Filling up the DagBag from /home/qwerty/.local/lib/python3.10/site-packages/airflow/example_dags/tutorial.py
[2025-06-17T04:31:14.682+0300] {processor.py:839} INFO - DAG(s) dict_keys(['tutorial']) retrieved from /home/qwerty/.local/lib/python3.10/site-packages/airflow/example_dags/tutorial.py
[2025-06-17T04:31:14.700+0300] {logging_mixin.py:151} INFO - [2025-06-17T04:31:14.700+0300] {dag.py:2915} INFO - Sync 1 DAGs
[2025-06-17T04:31:14.728+0300] {logging_mixin.py:151} INFO - [2025-06-17T04:31:14.728+0300] {dag.py:3696} INFO - Setting next_dagrun for tutorial to 2025-06-16T01:31:14.728046+00:00, run_after=2025-06-17T01:31:14.728046+00:00
[2025-06-17T04:31:14.760+0300] {processor.py:179} INFO - Processing /home/qwerty/.local/lib/python3.10/site-packages/airflow/example_dags/tutorial.py took 0.104 seconds
