[2025-06-17T04:07:32.785+0300] {processor.py:157} INFO - Started process (PID=18670) to work on /home/qwerty/.local/lib/python3.10/site-packages/airflow/example_dags/tutorial_taskflow_api_virtualenv.py
[2025-06-17T04:07:32.787+0300] {processor.py:829} INFO - Processing file /home/qwerty/.local/lib/python3.10/site-packages/airflow/example_dags/tutorial_taskflow_api_virtualenv.py for tasks to queue
[2025-06-17T04:07:32.788+0300] {logging_mixin.py:151} INFO - [2025-06-17T04:07:32.787+0300] {dagbag.py:539} INFO - Filling up the DagBag from /home/qwerty/.local/lib/python3.10/site-packages/airflow/example_dags/tutorial_taskflow_api_virtualenv.py
[2025-06-17T04:07:32.794+0300] {logging_mixin.py:151} INFO - [2025-06-17T04:07:32.794+0300] {tutorial_taskflow_api_virtualenv.py:29} WARNING - The tutorial_taskflow_api_virtualenv example DAG requires virtualenv, please install it.
[2025-06-17T04:07:32.795+0300] {processor.py:841} WARNING - No viable dags retrieved from /home/qwerty/.local/lib/python3.10/site-packages/airflow/example_dags/tutorial_taskflow_api_virtualenv.py
[2025-06-17T04:07:32.811+0300] {processor.py:179} INFO - Processing /home/qwerty/.local/lib/python3.10/site-packages/airflow/example_dags/tutorial_taskflow_api_virtualenv.py took 0.034 seconds
[2025-06-17T04:08:32.703+0300] {processor.py:157} INFO - Started process (PID=18760) to work on /home/qwerty/.local/lib/python3.10/site-packages/airflow/example_dags/tutorial_taskflow_api_virtualenv.py
[2025-06-17T04:08:32.707+0300] {processor.py:829} INFO - Processing file /home/qwerty/.local/lib/python3.10/site-packages/airflow/example_dags/tutorial_taskflow_api_virtualenv.py for tasks to queue
[2025-06-17T04:08:32.709+0300] {logging_mixin.py:151} INFO - [2025-06-17T04:08:32.708+0300] {dagbag.py:539} INFO - Filling up the DagBag from /home/qwerty/.local/lib/python3.10/site-packages/airflow/example_dags/tutorial_taskflow_api_virtualenv.py
[2025-06-17T04:08:32.716+0300] {logging_mixin.py:151} INFO - [2025-06-17T04:08:32.715+0300] {tutorial_taskflow_api_virtualenv.py:29} WARNING - The tutorial_taskflow_api_virtualenv example DAG requires virtualenv, please install it.
[2025-06-17T04:08:32.716+0300] {processor.py:841} WARNING - No viable dags retrieved from /home/qwerty/.local/lib/python3.10/site-packages/airflow/example_dags/tutorial_taskflow_api_virtualenv.py
[2025-06-17T04:08:32.743+0300] {processor.py:179} INFO - Processing /home/qwerty/.local/lib/python3.10/site-packages/airflow/example_dags/tutorial_taskflow_api_virtualenv.py took 0.046 seconds
[2025-06-17T04:09:26.663+0300] {processor.py:157} INFO - Started process (PID=18816) to work on /home/qwerty/.local/lib/python3.10/site-packages/airflow/example_dags/tutorial_taskflow_api_virtualenv.py
[2025-06-17T04:09:26.665+0300] {processor.py:829} INFO - Processing file /home/qwerty/.local/lib/python3.10/site-packages/airflow/example_dags/tutorial_taskflow_api_virtualenv.py for tasks to queue
[2025-06-17T04:09:26.666+0300] {logging_mixin.py:151} INFO - [2025-06-17T04:09:26.665+0300] {dagbag.py:539} INFO - Filling up the DagBag from /home/qwerty/.local/lib/python3.10/site-packages/airflow/example_dags/tutorial_taskflow_api_virtualenv.py
[2025-06-17T04:09:26.669+0300] {logging_mixin.py:151} INFO - [2025-06-17T04:09:26.669+0300] {tutorial_taskflow_api_virtualenv.py:29} WARNING - The tutorial_taskflow_api_virtualenv example DAG requires virtualenv, please install it.
[2025-06-17T04:09:26.670+0300] {processor.py:841} WARNING - No viable dags retrieved from /home/qwerty/.local/lib/python3.10/site-packages/airflow/example_dags/tutorial_taskflow_api_virtualenv.py
[2025-06-17T04:09:26.689+0300] {processor.py:179} INFO - Processing /home/qwerty/.local/lib/python3.10/site-packages/airflow/example_dags/tutorial_taskflow_api_virtualenv.py took 0.035 seconds
[2025-06-17T04:10:25.945+0300] {processor.py:157} INFO - Started process (PID=18872) to work on /home/qwerty/.local/lib/python3.10/site-packages/airflow/example_dags/tutorial_taskflow_api_virtualenv.py
[2025-06-17T04:10:25.951+0300] {processor.py:829} INFO - Processing file /home/qwerty/.local/lib/python3.10/site-packages/airflow/example_dags/tutorial_taskflow_api_virtualenv.py for tasks to queue
[2025-06-17T04:10:25.954+0300] {logging_mixin.py:151} INFO - [2025-06-17T04:10:25.953+0300] {dagbag.py:539} INFO - Filling up the DagBag from /home/qwerty/.local/lib/python3.10/site-packages/airflow/example_dags/tutorial_taskflow_api_virtualenv.py
[2025-06-17T04:10:25.963+0300] {logging_mixin.py:151} INFO - [2025-06-17T04:10:25.962+0300] {tutorial_taskflow_api_virtualenv.py:29} WARNING - The tutorial_taskflow_api_virtualenv example DAG requires virtualenv, please install it.
[2025-06-17T04:10:25.963+0300] {processor.py:841} WARNING - No viable dags retrieved from /home/qwerty/.local/lib/python3.10/site-packages/airflow/example_dags/tutorial_taskflow_api_virtualenv.py
[2025-06-17T04:10:26.001+0300] {processor.py:179} INFO - Processing /home/qwerty/.local/lib/python3.10/site-packages/airflow/example_dags/tutorial_taskflow_api_virtualenv.py took 0.063 seconds
[2025-06-17T04:11:21.309+0300] {processor.py:157} INFO - Started process (PID=18921) to work on /home/qwerty/.local/lib/python3.10/site-packages/airflow/example_dags/tutorial_taskflow_api_virtualenv.py
[2025-06-17T04:11:21.318+0300] {processor.py:829} INFO - Processing file /home/qwerty/.local/lib/python3.10/site-packages/airflow/example_dags/tutorial_taskflow_api_virtualenv.py for tasks to queue
[2025-06-17T04:11:21.320+0300] {logging_mixin.py:151} INFO - [2025-06-17T04:11:21.319+0300] {dagbag.py:539} INFO - Filling up the DagBag from /home/qwerty/.local/lib/python3.10/site-packages/airflow/example_dags/tutorial_taskflow_api_virtualenv.py
[2025-06-17T04:11:21.327+0300] {logging_mixin.py:151} INFO - [2025-06-17T04:11:21.326+0300] {tutorial_taskflow_api_virtualenv.py:29} WARNING - The tutorial_taskflow_api_virtualenv example DAG requires virtualenv, please install it.
[2025-06-17T04:11:21.329+0300] {processor.py:841} WARNING - No viable dags retrieved from /home/qwerty/.local/lib/python3.10/site-packages/airflow/example_dags/tutorial_taskflow_api_virtualenv.py
[2025-06-17T04:11:21.362+0300] {processor.py:179} INFO - Processing /home/qwerty/.local/lib/python3.10/site-packages/airflow/example_dags/tutorial_taskflow_api_virtualenv.py took 0.061 seconds
[2025-06-17T04:12:25.111+0300] {processor.py:157} INFO - Started process (PID=19012) to work on /home/qwerty/.local/lib/python3.10/site-packages/airflow/example_dags/tutorial_taskflow_api_virtualenv.py
[2025-06-17T04:12:25.114+0300] {processor.py:829} INFO - Processing file /home/qwerty/.local/lib/python3.10/site-packages/airflow/example_dags/tutorial_taskflow_api_virtualenv.py for tasks to queue
[2025-06-17T04:12:25.118+0300] {logging_mixin.py:151} INFO - [2025-06-17T04:12:25.116+0300] {dagbag.py:539} INFO - Filling up the DagBag from /home/qwerty/.local/lib/python3.10/site-packages/airflow/example_dags/tutorial_taskflow_api_virtualenv.py
[2025-06-17T04:12:25.133+0300] {logging_mixin.py:151} INFO - [2025-06-17T04:12:25.132+0300] {tutorial_taskflow_api_virtualenv.py:29} WARNING - The tutorial_taskflow_api_virtualenv example DAG requires virtualenv, please install it.
[2025-06-17T04:12:25.135+0300] {processor.py:841} WARNING - No viable dags retrieved from /home/qwerty/.local/lib/python3.10/site-packages/airflow/example_dags/tutorial_taskflow_api_virtualenv.py
[2025-06-17T04:12:25.189+0300] {processor.py:179} INFO - Processing /home/qwerty/.local/lib/python3.10/site-packages/airflow/example_dags/tutorial_taskflow_api_virtualenv.py took 0.093 seconds
[2025-06-17T04:13:22.449+0300] {processor.py:157} INFO - Started process (PID=19073) to work on /home/qwerty/.local/lib/python3.10/site-packages/airflow/example_dags/tutorial_taskflow_api_virtualenv.py
[2025-06-17T04:13:22.450+0300] {processor.py:829} INFO - Processing file /home/qwerty/.local/lib/python3.10/site-packages/airflow/example_dags/tutorial_taskflow_api_virtualenv.py for tasks to queue
[2025-06-17T04:13:22.452+0300] {logging_mixin.py:151} INFO - [2025-06-17T04:13:22.451+0300] {dagbag.py:539} INFO - Filling up the DagBag from /home/qwerty/.local/lib/python3.10/site-packages/airflow/example_dags/tutorial_taskflow_api_virtualenv.py
[2025-06-17T04:13:22.456+0300] {logging_mixin.py:151} INFO - [2025-06-17T04:13:22.455+0300] {tutorial_taskflow_api_virtualenv.py:29} WARNING - The tutorial_taskflow_api_virtualenv example DAG requires virtualenv, please install it.
[2025-06-17T04:13:22.456+0300] {processor.py:841} WARNING - No viable dags retrieved from /home/qwerty/.local/lib/python3.10/site-packages/airflow/example_dags/tutorial_taskflow_api_virtualenv.py
[2025-06-17T04:13:22.471+0300] {processor.py:179} INFO - Processing /home/qwerty/.local/lib/python3.10/site-packages/airflow/example_dags/tutorial_taskflow_api_virtualenv.py took 0.027 seconds
[2025-06-17T04:14:16.591+0300] {processor.py:157} INFO - Started process (PID=19120) to work on /home/qwerty/.local/lib/python3.10/site-packages/airflow/example_dags/tutorial_taskflow_api_virtualenv.py
[2025-06-17T04:14:16.593+0300] {processor.py:829} INFO - Processing file /home/qwerty/.local/lib/python3.10/site-packages/airflow/example_dags/tutorial_taskflow_api_virtualenv.py for tasks to queue
[2025-06-17T04:14:16.596+0300] {logging_mixin.py:151} INFO - [2025-06-17T04:14:16.595+0300] {dagbag.py:539} INFO - Filling up the DagBag from /home/qwerty/.local/lib/python3.10/site-packages/airflow/example_dags/tutorial_taskflow_api_virtualenv.py
[2025-06-17T04:14:16.604+0300] {logging_mixin.py:151} INFO - [2025-06-17T04:14:16.603+0300] {tutorial_taskflow_api_virtualenv.py:29} WARNING - The tutorial_taskflow_api_virtualenv example DAG requires virtualenv, please install it.
[2025-06-17T04:14:16.604+0300] {processor.py:841} WARNING - No viable dags retrieved from /home/qwerty/.local/lib/python3.10/site-packages/airflow/example_dags/tutorial_taskflow_api_virtualenv.py
[2025-06-17T04:14:16.635+0300] {processor.py:179} INFO - Processing /home/qwerty/.local/lib/python3.10/site-packages/airflow/example_dags/tutorial_taskflow_api_virtualenv.py took 0.054 seconds
[2025-06-17T04:15:22.774+0300] {processor.py:157} INFO - Started process (PID=19185) to work on /home/qwerty/.local/lib/python3.10/site-packages/airflow/example_dags/tutorial_taskflow_api_virtualenv.py
[2025-06-17T04:15:22.782+0300] {processor.py:829} INFO - Processing file /home/qwerty/.local/lib/python3.10/site-packages/airflow/example_dags/tutorial_taskflow_api_virtualenv.py for tasks to queue
[2025-06-17T04:15:22.785+0300] {logging_mixin.py:151} INFO - [2025-06-17T04:15:22.784+0300] {dagbag.py:539} INFO - Filling up the DagBag from /home/qwerty/.local/lib/python3.10/site-packages/airflow/example_dags/tutorial_taskflow_api_virtualenv.py
[2025-06-17T04:15:22.796+0300] {logging_mixin.py:151} INFO - [2025-06-17T04:15:22.795+0300] {tutorial_taskflow_api_virtualenv.py:29} WARNING - The tutorial_taskflow_api_virtualenv example DAG requires virtualenv, please install it.
[2025-06-17T04:15:22.797+0300] {processor.py:841} WARNING - No viable dags retrieved from /home/qwerty/.local/lib/python3.10/site-packages/airflow/example_dags/tutorial_taskflow_api_virtualenv.py
[2025-06-17T04:15:22.824+0300] {processor.py:179} INFO - Processing /home/qwerty/.local/lib/python3.10/site-packages/airflow/example_dags/tutorial_taskflow_api_virtualenv.py took 0.060 seconds
[2025-06-17T04:16:20.184+0300] {processor.py:157} INFO - Started process (PID=19249) to work on /home/qwerty/.local/lib/python3.10/site-packages/airflow/example_dags/tutorial_taskflow_api_virtualenv.py
[2025-06-17T04:16:20.186+0300] {processor.py:829} INFO - Processing file /home/qwerty/.local/lib/python3.10/site-packages/airflow/example_dags/tutorial_taskflow_api_virtualenv.py for tasks to queue
[2025-06-17T04:16:20.189+0300] {logging_mixin.py:151} INFO - [2025-06-17T04:16:20.188+0300] {dagbag.py:539} INFO - Filling up the DagBag from /home/qwerty/.local/lib/python3.10/site-packages/airflow/example_dags/tutorial_taskflow_api_virtualenv.py
[2025-06-17T04:16:20.193+0300] {logging_mixin.py:151} INFO - [2025-06-17T04:16:20.193+0300] {tutorial_taskflow_api_virtualenv.py:29} WARNING - The tutorial_taskflow_api_virtualenv example DAG requires virtualenv, please install it.
[2025-06-17T04:16:20.193+0300] {processor.py:841} WARNING - No viable dags retrieved from /home/qwerty/.local/lib/python3.10/site-packages/airflow/example_dags/tutorial_taskflow_api_virtualenv.py
[2025-06-17T04:16:20.208+0300] {processor.py:179} INFO - Processing /home/qwerty/.local/lib/python3.10/site-packages/airflow/example_dags/tutorial_taskflow_api_virtualenv.py took 0.028 seconds
[2025-06-17T04:17:14.000+0300] {processor.py:157} INFO - Started process (PID=19322) to work on /home/qwerty/.local/lib/python3.10/site-packages/airflow/example_dags/tutorial_taskflow_api_virtualenv.py
[2025-06-17T04:17:14.001+0300] {processor.py:829} INFO - Processing file /home/qwerty/.local/lib/python3.10/site-packages/airflow/example_dags/tutorial_taskflow_api_virtualenv.py for tasks to queue
[2025-06-17T04:17:14.002+0300] {logging_mixin.py:151} INFO - [2025-06-17T04:17:14.002+0300] {dagbag.py:539} INFO - Filling up the DagBag from /home/qwerty/.local/lib/python3.10/site-packages/airflow/example_dags/tutorial_taskflow_api_virtualenv.py
[2025-06-17T04:17:14.005+0300] {logging_mixin.py:151} INFO - [2025-06-17T04:17:14.005+0300] {tutorial_taskflow_api_virtualenv.py:29} WARNING - The tutorial_taskflow_api_virtualenv example DAG requires virtualenv, please install it.
[2025-06-17T04:17:14.006+0300] {processor.py:841} WARNING - No viable dags retrieved from /home/qwerty/.local/lib/python3.10/site-packages/airflow/example_dags/tutorial_taskflow_api_virtualenv.py
[2025-06-17T04:17:14.019+0300] {processor.py:179} INFO - Processing /home/qwerty/.local/lib/python3.10/site-packages/airflow/example_dags/tutorial_taskflow_api_virtualenv.py took 0.029 seconds
[2025-06-17T04:18:11.281+0300] {processor.py:157} INFO - Started process (PID=19385) to work on /home/qwerty/.local/lib/python3.10/site-packages/airflow/example_dags/tutorial_taskflow_api_virtualenv.py
[2025-06-17T04:18:11.284+0300] {processor.py:829} INFO - Processing file /home/qwerty/.local/lib/python3.10/site-packages/airflow/example_dags/tutorial_taskflow_api_virtualenv.py for tasks to queue
[2025-06-17T04:18:11.286+0300] {logging_mixin.py:151} INFO - [2025-06-17T04:18:11.285+0300] {dagbag.py:539} INFO - Filling up the DagBag from /home/qwerty/.local/lib/python3.10/site-packages/airflow/example_dags/tutorial_taskflow_api_virtualenv.py
[2025-06-17T04:18:11.294+0300] {logging_mixin.py:151} INFO - [2025-06-17T04:18:11.293+0300] {tutorial_taskflow_api_virtualenv.py:29} WARNING - The tutorial_taskflow_api_virtualenv example DAG requires virtualenv, please install it.
[2025-06-17T04:18:11.295+0300] {processor.py:841} WARNING - No viable dags retrieved from /home/qwerty/.local/lib/python3.10/site-packages/airflow/example_dags/tutorial_taskflow_api_virtualenv.py
[2025-06-17T04:18:11.329+0300] {processor.py:179} INFO - Processing /home/qwerty/.local/lib/python3.10/site-packages/airflow/example_dags/tutorial_taskflow_api_virtualenv.py took 0.057 seconds
[2025-06-17T04:19:12.950+0300] {processor.py:157} INFO - Started process (PID=19464) to work on /home/qwerty/.local/lib/python3.10/site-packages/airflow/example_dags/tutorial_taskflow_api_virtualenv.py
[2025-06-17T04:19:12.953+0300] {processor.py:829} INFO - Processing file /home/qwerty/.local/lib/python3.10/site-packages/airflow/example_dags/tutorial_taskflow_api_virtualenv.py for tasks to queue
[2025-06-17T04:19:12.955+0300] {logging_mixin.py:151} INFO - [2025-06-17T04:19:12.954+0300] {dagbag.py:539} INFO - Filling up the DagBag from /home/qwerty/.local/lib/python3.10/site-packages/airflow/example_dags/tutorial_taskflow_api_virtualenv.py
[2025-06-17T04:19:12.962+0300] {logging_mixin.py:151} INFO - [2025-06-17T04:19:12.962+0300] {tutorial_taskflow_api_virtualenv.py:29} WARNING - The tutorial_taskflow_api_virtualenv example DAG requires virtualenv, please install it.
[2025-06-17T04:19:12.963+0300] {processor.py:841} WARNING - No viable dags retrieved from /home/qwerty/.local/lib/python3.10/site-packages/airflow/example_dags/tutorial_taskflow_api_virtualenv.py
[2025-06-17T04:19:13.003+0300] {processor.py:179} INFO - Processing /home/qwerty/.local/lib/python3.10/site-packages/airflow/example_dags/tutorial_taskflow_api_virtualenv.py took 0.062 seconds
[2025-06-17T04:20:04.521+0300] {processor.py:157} INFO - Started process (PID=19549) to work on /home/qwerty/.local/lib/python3.10/site-packages/airflow/example_dags/tutorial_taskflow_api_virtualenv.py
[2025-06-17T04:20:04.522+0300] {processor.py:829} INFO - Processing file /home/qwerty/.local/lib/python3.10/site-packages/airflow/example_dags/tutorial_taskflow_api_virtualenv.py for tasks to queue
[2025-06-17T04:20:04.523+0300] {logging_mixin.py:151} INFO - [2025-06-17T04:20:04.523+0300] {dagbag.py:539} INFO - Filling up the DagBag from /home/qwerty/.local/lib/python3.10/site-packages/airflow/example_dags/tutorial_taskflow_api_virtualenv.py
[2025-06-17T04:20:04.527+0300] {logging_mixin.py:151} INFO - [2025-06-17T04:20:04.526+0300] {tutorial_taskflow_api_virtualenv.py:29} WARNING - The tutorial_taskflow_api_virtualenv example DAG requires virtualenv, please install it.
[2025-06-17T04:20:04.527+0300] {processor.py:841} WARNING - No viable dags retrieved from /home/qwerty/.local/lib/python3.10/site-packages/airflow/example_dags/tutorial_taskflow_api_virtualenv.py
[2025-06-17T04:20:04.540+0300] {processor.py:179} INFO - Processing /home/qwerty/.local/lib/python3.10/site-packages/airflow/example_dags/tutorial_taskflow_api_virtualenv.py took 0.029 seconds
[2025-06-17T04:20:57.428+0300] {processor.py:157} INFO - Started process (PID=19608) to work on /home/qwerty/.local/lib/python3.10/site-packages/airflow/example_dags/tutorial_taskflow_api_virtualenv.py
[2025-06-17T04:20:57.432+0300] {processor.py:829} INFO - Processing file /home/qwerty/.local/lib/python3.10/site-packages/airflow/example_dags/tutorial_taskflow_api_virtualenv.py for tasks to queue
[2025-06-17T04:20:57.434+0300] {logging_mixin.py:151} INFO - [2025-06-17T04:20:57.433+0300] {dagbag.py:539} INFO - Filling up the DagBag from /home/qwerty/.local/lib/python3.10/site-packages/airflow/example_dags/tutorial_taskflow_api_virtualenv.py
[2025-06-17T04:20:57.444+0300] {logging_mixin.py:151} INFO - [2025-06-17T04:20:57.444+0300] {tutorial_taskflow_api_virtualenv.py:29} WARNING - The tutorial_taskflow_api_virtualenv example DAG requires virtualenv, please install it.
[2025-06-17T04:20:57.445+0300] {processor.py:841} WARNING - No viable dags retrieved from /home/qwerty/.local/lib/python3.10/site-packages/airflow/example_dags/tutorial_taskflow_api_virtualenv.py
[2025-06-17T04:20:57.476+0300] {processor.py:179} INFO - Processing /home/qwerty/.local/lib/python3.10/site-packages/airflow/example_dags/tutorial_taskflow_api_virtualenv.py took 0.058 seconds
[2025-06-17T04:21:53.870+0300] {processor.py:157} INFO - Started process (PID=19697) to work on /home/qwerty/.local/lib/python3.10/site-packages/airflow/example_dags/tutorial_taskflow_api_virtualenv.py
[2025-06-17T04:21:53.872+0300] {processor.py:829} INFO - Processing file /home/qwerty/.local/lib/python3.10/site-packages/airflow/example_dags/tutorial_taskflow_api_virtualenv.py for tasks to queue
[2025-06-17T04:21:53.873+0300] {logging_mixin.py:151} INFO - [2025-06-17T04:21:53.873+0300] {dagbag.py:539} INFO - Filling up the DagBag from /home/qwerty/.local/lib/python3.10/site-packages/airflow/example_dags/tutorial_taskflow_api_virtualenv.py
[2025-06-17T04:21:53.878+0300] {logging_mixin.py:151} INFO - [2025-06-17T04:21:53.878+0300] {tutorial_taskflow_api_virtualenv.py:29} WARNING - The tutorial_taskflow_api_virtualenv example DAG requires virtualenv, please install it.
[2025-06-17T04:21:53.879+0300] {processor.py:841} WARNING - No viable dags retrieved from /home/qwerty/.local/lib/python3.10/site-packages/airflow/example_dags/tutorial_taskflow_api_virtualenv.py
[2025-06-17T04:21:53.901+0300] {processor.py:179} INFO - Processing /home/qwerty/.local/lib/python3.10/site-packages/airflow/example_dags/tutorial_taskflow_api_virtualenv.py took 0.038 seconds
[2025-06-17T04:22:50.858+0300] {processor.py:157} INFO - Started process (PID=19777) to work on /home/qwerty/.local/lib/python3.10/site-packages/airflow/example_dags/tutorial_taskflow_api_virtualenv.py
[2025-06-17T04:22:50.861+0300] {processor.py:829} INFO - Processing file /home/qwerty/.local/lib/python3.10/site-packages/airflow/example_dags/tutorial_taskflow_api_virtualenv.py for tasks to queue
[2025-06-17T04:22:50.863+0300] {logging_mixin.py:151} INFO - [2025-06-17T04:22:50.862+0300] {dagbag.py:539} INFO - Filling up the DagBag from /home/qwerty/.local/lib/python3.10/site-packages/airflow/example_dags/tutorial_taskflow_api_virtualenv.py
[2025-06-17T04:22:50.871+0300] {logging_mixin.py:151} INFO - [2025-06-17T04:22:50.871+0300] {tutorial_taskflow_api_virtualenv.py:29} WARNING - The tutorial_taskflow_api_virtualenv example DAG requires virtualenv, please install it.
[2025-06-17T04:22:50.871+0300] {processor.py:841} WARNING - No viable dags retrieved from /home/qwerty/.local/lib/python3.10/site-packages/airflow/example_dags/tutorial_taskflow_api_virtualenv.py
[2025-06-17T04:22:50.884+0300] {processor.py:179} INFO - Processing /home/qwerty/.local/lib/python3.10/site-packages/airflow/example_dags/tutorial_taskflow_api_virtualenv.py took 0.037 seconds
[2025-06-17T04:23:47.368+0300] {processor.py:157} INFO - Started process (PID=19854) to work on /home/qwerty/.local/lib/python3.10/site-packages/airflow/example_dags/tutorial_taskflow_api_virtualenv.py
[2025-06-17T04:23:47.371+0300] {processor.py:829} INFO - Processing file /home/qwerty/.local/lib/python3.10/site-packages/airflow/example_dags/tutorial_taskflow_api_virtualenv.py for tasks to queue
[2025-06-17T04:23:47.374+0300] {logging_mixin.py:151} INFO - [2025-06-17T04:23:47.373+0300] {dagbag.py:539} INFO - Filling up the DagBag from /home/qwerty/.local/lib/python3.10/site-packages/airflow/example_dags/tutorial_taskflow_api_virtualenv.py
[2025-06-17T04:23:47.382+0300] {logging_mixin.py:151} INFO - [2025-06-17T04:23:47.382+0300] {tutorial_taskflow_api_virtualenv.py:29} WARNING - The tutorial_taskflow_api_virtualenv example DAG requires virtualenv, please install it.
[2025-06-17T04:23:47.383+0300] {processor.py:841} WARNING - No viable dags retrieved from /home/qwerty/.local/lib/python3.10/site-packages/airflow/example_dags/tutorial_taskflow_api_virtualenv.py
[2025-06-17T04:23:47.400+0300] {processor.py:179} INFO - Processing /home/qwerty/.local/lib/python3.10/site-packages/airflow/example_dags/tutorial_taskflow_api_virtualenv.py took 0.042 seconds
[2025-06-17T04:25:09.431+0300] {processor.py:157} INFO - Started process (PID=19974) to work on /home/qwerty/.local/lib/python3.10/site-packages/airflow/example_dags/tutorial_taskflow_api_virtualenv.py
[2025-06-17T04:25:09.436+0300] {processor.py:829} INFO - Processing file /home/qwerty/.local/lib/python3.10/site-packages/airflow/example_dags/tutorial_taskflow_api_virtualenv.py for tasks to queue
[2025-06-17T04:25:09.440+0300] {logging_mixin.py:151} INFO - [2025-06-17T04:25:09.439+0300] {dagbag.py:539} INFO - Filling up the DagBag from /home/qwerty/.local/lib/python3.10/site-packages/airflow/example_dags/tutorial_taskflow_api_virtualenv.py
[2025-06-17T04:25:09.445+0300] {logging_mixin.py:151} INFO - [2025-06-17T04:25:09.445+0300] {tutorial_taskflow_api_virtualenv.py:29} WARNING - The tutorial_taskflow_api_virtualenv example DAG requires virtualenv, please install it.
[2025-06-17T04:25:09.446+0300] {processor.py:841} WARNING - No viable dags retrieved from /home/qwerty/.local/lib/python3.10/site-packages/airflow/example_dags/tutorial_taskflow_api_virtualenv.py
[2025-06-17T04:25:09.460+0300] {processor.py:179} INFO - Processing /home/qwerty/.local/lib/python3.10/site-packages/airflow/example_dags/tutorial_taskflow_api_virtualenv.py took 0.038 seconds
[2025-06-17T04:25:54.489+0300] {processor.py:157} INFO - Started process (PID=20019) to work on /home/qwerty/.local/lib/python3.10/site-packages/airflow/example_dags/tutorial_taskflow_api_virtualenv.py
[2025-06-17T04:25:54.494+0300] {processor.py:829} INFO - Processing file /home/qwerty/.local/lib/python3.10/site-packages/airflow/example_dags/tutorial_taskflow_api_virtualenv.py for tasks to queue
[2025-06-17T04:25:54.496+0300] {logging_mixin.py:151} INFO - [2025-06-17T04:25:54.495+0300] {dagbag.py:539} INFO - Filling up the DagBag from /home/qwerty/.local/lib/python3.10/site-packages/airflow/example_dags/tutorial_taskflow_api_virtualenv.py
[2025-06-17T04:25:54.500+0300] {logging_mixin.py:151} INFO - [2025-06-17T04:25:54.500+0300] {tutorial_taskflow_api_virtualenv.py:29} WARNING - The tutorial_taskflow_api_virtualenv example DAG requires virtualenv, please install it.
[2025-06-17T04:25:54.500+0300] {processor.py:841} WARNING - No viable dags retrieved from /home/qwerty/.local/lib/python3.10/site-packages/airflow/example_dags/tutorial_taskflow_api_virtualenv.py
[2025-06-17T04:25:54.525+0300] {processor.py:179} INFO - Processing /home/qwerty/.local/lib/python3.10/site-packages/airflow/example_dags/tutorial_taskflow_api_virtualenv.py took 0.046 seconds
[2025-06-17T04:26:47.663+0300] {processor.py:157} INFO - Started process (PID=20070) to work on /home/qwerty/.local/lib/python3.10/site-packages/airflow/example_dags/tutorial_taskflow_api_virtualenv.py
[2025-06-17T04:26:47.664+0300] {processor.py:829} INFO - Processing file /home/qwerty/.local/lib/python3.10/site-packages/airflow/example_dags/tutorial_taskflow_api_virtualenv.py for tasks to queue
[2025-06-17T04:26:47.665+0300] {logging_mixin.py:151} INFO - [2025-06-17T04:26:47.665+0300] {dagbag.py:539} INFO - Filling up the DagBag from /home/qwerty/.local/lib/python3.10/site-packages/airflow/example_dags/tutorial_taskflow_api_virtualenv.py
[2025-06-17T04:26:47.669+0300] {logging_mixin.py:151} INFO - [2025-06-17T04:26:47.669+0300] {tutorial_taskflow_api_virtualenv.py:29} WARNING - The tutorial_taskflow_api_virtualenv example DAG requires virtualenv, please install it.
[2025-06-17T04:26:47.669+0300] {processor.py:841} WARNING - No viable dags retrieved from /home/qwerty/.local/lib/python3.10/site-packages/airflow/example_dags/tutorial_taskflow_api_virtualenv.py
[2025-06-17T04:26:47.682+0300] {processor.py:179} INFO - Processing /home/qwerty/.local/lib/python3.10/site-packages/airflow/example_dags/tutorial_taskflow_api_virtualenv.py took 0.029 seconds
[2025-06-17T04:27:38.090+0300] {processor.py:157} INFO - Started process (PID=20115) to work on /home/qwerty/.local/lib/python3.10/site-packages/airflow/example_dags/tutorial_taskflow_api_virtualenv.py
[2025-06-17T04:27:38.093+0300] {processor.py:829} INFO - Processing file /home/qwerty/.local/lib/python3.10/site-packages/airflow/example_dags/tutorial_taskflow_api_virtualenv.py for tasks to queue
[2025-06-17T04:27:38.094+0300] {logging_mixin.py:151} INFO - [2025-06-17T04:27:38.094+0300] {dagbag.py:539} INFO - Filling up the DagBag from /home/qwerty/.local/lib/python3.10/site-packages/airflow/example_dags/tutorial_taskflow_api_virtualenv.py
[2025-06-17T04:27:38.098+0300] {logging_mixin.py:151} INFO - [2025-06-17T04:27:38.098+0300] {tutorial_taskflow_api_virtualenv.py:29} WARNING - The tutorial_taskflow_api_virtualenv example DAG requires virtualenv, please install it.
[2025-06-17T04:27:38.098+0300] {processor.py:841} WARNING - No viable dags retrieved from /home/qwerty/.local/lib/python3.10/site-packages/airflow/example_dags/tutorial_taskflow_api_virtualenv.py
[2025-06-17T04:27:38.112+0300] {processor.py:179} INFO - Processing /home/qwerty/.local/lib/python3.10/site-packages/airflow/example_dags/tutorial_taskflow_api_virtualenv.py took 0.031 seconds
[2025-06-17T04:28:29.157+0300] {processor.py:157} INFO - Started process (PID=20198) to work on /home/qwerty/.local/lib/python3.10/site-packages/airflow/example_dags/tutorial_taskflow_api_virtualenv.py
[2025-06-17T04:28:29.158+0300] {processor.py:829} INFO - Processing file /home/qwerty/.local/lib/python3.10/site-packages/airflow/example_dags/tutorial_taskflow_api_virtualenv.py for tasks to queue
[2025-06-17T04:28:29.160+0300] {logging_mixin.py:151} INFO - [2025-06-17T04:28:29.159+0300] {dagbag.py:539} INFO - Filling up the DagBag from /home/qwerty/.local/lib/python3.10/site-packages/airflow/example_dags/tutorial_taskflow_api_virtualenv.py
[2025-06-17T04:28:29.164+0300] {logging_mixin.py:151} INFO - [2025-06-17T04:28:29.163+0300] {tutorial_taskflow_api_virtualenv.py:29} WARNING - The tutorial_taskflow_api_virtualenv example DAG requires virtualenv, please install it.
[2025-06-17T04:28:29.164+0300] {processor.py:841} WARNING - No viable dags retrieved from /home/qwerty/.local/lib/python3.10/site-packages/airflow/example_dags/tutorial_taskflow_api_virtualenv.py
[2025-06-17T04:28:29.179+0300] {processor.py:179} INFO - Processing /home/qwerty/.local/lib/python3.10/site-packages/airflow/example_dags/tutorial_taskflow_api_virtualenv.py took 0.028 seconds
[2025-06-17T04:29:22.872+0300] {processor.py:157} INFO - Started process (PID=20258) to work on /home/qwerty/.local/lib/python3.10/site-packages/airflow/example_dags/tutorial_taskflow_api_virtualenv.py
[2025-06-17T04:29:22.878+0300] {processor.py:829} INFO - Processing file /home/qwerty/.local/lib/python3.10/site-packages/airflow/example_dags/tutorial_taskflow_api_virtualenv.py for tasks to queue
[2025-06-17T04:29:22.881+0300] {logging_mixin.py:151} INFO - [2025-06-17T04:29:22.879+0300] {dagbag.py:539} INFO - Filling up the DagBag from /home/qwerty/.local/lib/python3.10/site-packages/airflow/example_dags/tutorial_taskflow_api_virtualenv.py
[2025-06-17T04:29:22.887+0300] {logging_mixin.py:151} INFO - [2025-06-17T04:29:22.887+0300] {tutorial_taskflow_api_virtualenv.py:29} WARNING - The tutorial_taskflow_api_virtualenv example DAG requires virtualenv, please install it.
[2025-06-17T04:29:22.888+0300] {processor.py:841} WARNING - No viable dags retrieved from /home/qwerty/.local/lib/python3.10/site-packages/airflow/example_dags/tutorial_taskflow_api_virtualenv.py
[2025-06-17T04:29:22.917+0300] {processor.py:179} INFO - Processing /home/qwerty/.local/lib/python3.10/site-packages/airflow/example_dags/tutorial_taskflow_api_virtualenv.py took 0.055 seconds
[2025-06-17T04:30:22.585+0300] {processor.py:157} INFO - Started process (PID=20318) to work on /home/qwerty/.local/lib/python3.10/site-packages/airflow/example_dags/tutorial_taskflow_api_virtualenv.py
[2025-06-17T04:30:22.586+0300] {processor.py:829} INFO - Processing file /home/qwerty/.local/lib/python3.10/site-packages/airflow/example_dags/tutorial_taskflow_api_virtualenv.py for tasks to queue
[2025-06-17T04:30:22.588+0300] {logging_mixin.py:151} INFO - [2025-06-17T04:30:22.587+0300] {dagbag.py:539} INFO - Filling up the DagBag from /home/qwerty/.local/lib/python3.10/site-packages/airflow/example_dags/tutorial_taskflow_api_virtualenv.py
[2025-06-17T04:30:22.592+0300] {logging_mixin.py:151} INFO - [2025-06-17T04:30:22.591+0300] {tutorial_taskflow_api_virtualenv.py:29} WARNING - The tutorial_taskflow_api_virtualenv example DAG requires virtualenv, please install it.
[2025-06-17T04:30:22.592+0300] {processor.py:841} WARNING - No viable dags retrieved from /home/qwerty/.local/lib/python3.10/site-packages/airflow/example_dags/tutorial_taskflow_api_virtualenv.py
[2025-06-17T04:30:22.607+0300] {processor.py:179} INFO - Processing /home/qwerty/.local/lib/python3.10/site-packages/airflow/example_dags/tutorial_taskflow_api_virtualenv.py took 0.026 seconds
[2025-06-17T04:31:17.839+0300] {processor.py:157} INFO - Started process (PID=20377) to work on /home/qwerty/.local/lib/python3.10/site-packages/airflow/example_dags/tutorial_taskflow_api_virtualenv.py
[2025-06-17T04:31:17.842+0300] {processor.py:829} INFO - Processing file /home/qwerty/.local/lib/python3.10/site-packages/airflow/example_dags/tutorial_taskflow_api_virtualenv.py for tasks to queue
[2025-06-17T04:31:17.844+0300] {logging_mixin.py:151} INFO - [2025-06-17T04:31:17.843+0300] {dagbag.py:539} INFO - Filling up the DagBag from /home/qwerty/.local/lib/python3.10/site-packages/airflow/example_dags/tutorial_taskflow_api_virtualenv.py
[2025-06-17T04:31:17.852+0300] {logging_mixin.py:151} INFO - [2025-06-17T04:31:17.852+0300] {tutorial_taskflow_api_virtualenv.py:29} WARNING - The tutorial_taskflow_api_virtualenv example DAG requires virtualenv, please install it.
[2025-06-17T04:31:17.853+0300] {processor.py:841} WARNING - No viable dags retrieved from /home/qwerty/.local/lib/python3.10/site-packages/airflow/example_dags/tutorial_taskflow_api_virtualenv.py
[2025-06-17T04:31:17.879+0300] {processor.py:179} INFO - Processing /home/qwerty/.local/lib/python3.10/site-packages/airflow/example_dags/tutorial_taskflow_api_virtualenv.py took 0.052 seconds
