[2025-06-17T04:07:36.762+0300] {processor.py:157} INFO - Started process (PID=18674) to work on /home/qwerty/.local/lib/python3.10/site-packages/airflow/example_dags/plugins/workday.py
[2025-06-17T04:07:36.764+0300] {processor.py:829} INFO - Processing file /home/qwerty/.local/lib/python3.10/site-packages/airflow/example_dags/plugins/workday.py for tasks to queue
[2025-06-17T04:07:36.766+0300] {logging_mixin.py:151} INFO - [2025-06-17T04:07:36.765+0300] {dagbag.py:539} INFO - Filling up the DagBag from /home/qwerty/.local/lib/python3.10/site-packages/airflow/example_dags/plugins/workday.py
[2025-06-17T04:07:37.402+0300] {processor.py:841} WARNING - No viable dags retrieved from /home/qwerty/.local/lib/python3.10/site-packages/airflow/example_dags/plugins/workday.py
[2025-06-17T04:07:37.432+0300] {processor.py:179} INFO - Processing /home/qwerty/.local/lib/python3.10/site-packages/airflow/example_dags/plugins/workday.py took 0.677 seconds
[2025-06-17T04:08:37.307+0300] {processor.py:157} INFO - Started process (PID=18764) to work on /home/qwerty/.local/lib/python3.10/site-packages/airflow/example_dags/plugins/workday.py
[2025-06-17T04:08:37.313+0300] {processor.py:829} INFO - Processing file /home/qwerty/.local/lib/python3.10/site-packages/airflow/example_dags/plugins/workday.py for tasks to queue
[2025-06-17T04:08:37.317+0300] {logging_mixin.py:151} INFO - [2025-06-17T04:08:37.316+0300] {dagbag.py:539} INFO - Filling up the DagBag from /home/qwerty/.local/lib/python3.10/site-packages/airflow/example_dags/plugins/workday.py
[2025-06-17T04:08:37.796+0300] {processor.py:841} WARNING - No viable dags retrieved from /home/qwerty/.local/lib/python3.10/site-packages/airflow/example_dags/plugins/workday.py
[2025-06-17T04:08:37.812+0300] {processor.py:179} INFO - Processing /home/qwerty/.local/lib/python3.10/site-packages/airflow/example_dags/plugins/workday.py took 0.516 seconds
[2025-06-17T04:09:30.676+0300] {processor.py:157} INFO - Started process (PID=18820) to work on /home/qwerty/.local/lib/python3.10/site-packages/airflow/example_dags/plugins/workday.py
[2025-06-17T04:09:30.679+0300] {processor.py:829} INFO - Processing file /home/qwerty/.local/lib/python3.10/site-packages/airflow/example_dags/plugins/workday.py for tasks to queue
[2025-06-17T04:09:30.681+0300] {logging_mixin.py:151} INFO - [2025-06-17T04:09:30.680+0300] {dagbag.py:539} INFO - Filling up the DagBag from /home/qwerty/.local/lib/python3.10/site-packages/airflow/example_dags/plugins/workday.py
[2025-06-17T04:09:31.447+0300] {processor.py:841} WARNING - No viable dags retrieved from /home/qwerty/.local/lib/python3.10/site-packages/airflow/example_dags/plugins/workday.py
[2025-06-17T04:09:31.461+0300] {processor.py:179} INFO - Processing /home/qwerty/.local/lib/python3.10/site-packages/airflow/example_dags/plugins/workday.py took 0.796 seconds
[2025-06-17T04:10:29.921+0300] {processor.py:157} INFO - Started process (PID=18876) to work on /home/qwerty/.local/lib/python3.10/site-packages/airflow/example_dags/plugins/workday.py
[2025-06-17T04:10:29.924+0300] {processor.py:829} INFO - Processing file /home/qwerty/.local/lib/python3.10/site-packages/airflow/example_dags/plugins/workday.py for tasks to queue
[2025-06-17T04:10:29.927+0300] {logging_mixin.py:151} INFO - [2025-06-17T04:10:29.924+0300] {dagbag.py:539} INFO - Filling up the DagBag from /home/qwerty/.local/lib/python3.10/site-packages/airflow/example_dags/plugins/workday.py
[2025-06-17T04:10:30.487+0300] {processor.py:841} WARNING - No viable dags retrieved from /home/qwerty/.local/lib/python3.10/site-packages/airflow/example_dags/plugins/workday.py
[2025-06-17T04:10:30.506+0300] {processor.py:179} INFO - Processing /home/qwerty/.local/lib/python3.10/site-packages/airflow/example_dags/plugins/workday.py took 0.590 seconds
[2025-06-17T04:11:26.094+0300] {processor.py:157} INFO - Started process (PID=18925) to work on /home/qwerty/.local/lib/python3.10/site-packages/airflow/example_dags/plugins/workday.py
[2025-06-17T04:11:26.096+0300] {processor.py:829} INFO - Processing file /home/qwerty/.local/lib/python3.10/site-packages/airflow/example_dags/plugins/workday.py for tasks to queue
[2025-06-17T04:11:26.099+0300] {logging_mixin.py:151} INFO - [2025-06-17T04:11:26.098+0300] {dagbag.py:539} INFO - Filling up the DagBag from /home/qwerty/.local/lib/python3.10/site-packages/airflow/example_dags/plugins/workday.py
[2025-06-17T04:11:26.756+0300] {processor.py:841} WARNING - No viable dags retrieved from /home/qwerty/.local/lib/python3.10/site-packages/airflow/example_dags/plugins/workday.py
[2025-06-17T04:11:26.768+0300] {processor.py:179} INFO - Processing /home/qwerty/.local/lib/python3.10/site-packages/airflow/example_dags/plugins/workday.py took 0.678 seconds
[2025-06-17T04:12:30.491+0300] {processor.py:157} INFO - Started process (PID=19017) to work on /home/qwerty/.local/lib/python3.10/site-packages/airflow/example_dags/plugins/workday.py
[2025-06-17T04:12:30.494+0300] {processor.py:829} INFO - Processing file /home/qwerty/.local/lib/python3.10/site-packages/airflow/example_dags/plugins/workday.py for tasks to queue
[2025-06-17T04:12:30.498+0300] {logging_mixin.py:151} INFO - [2025-06-17T04:12:30.496+0300] {dagbag.py:539} INFO - Filling up the DagBag from /home/qwerty/.local/lib/python3.10/site-packages/airflow/example_dags/plugins/workday.py
[2025-06-17T04:12:31.924+0300] {processor.py:841} WARNING - No viable dags retrieved from /home/qwerty/.local/lib/python3.10/site-packages/airflow/example_dags/plugins/workday.py
[2025-06-17T04:12:31.944+0300] {processor.py:179} INFO - Processing /home/qwerty/.local/lib/python3.10/site-packages/airflow/example_dags/plugins/workday.py took 1.467 seconds
[2025-06-17T04:13:28.180+0300] {processor.py:157} INFO - Started process (PID=19077) to work on /home/qwerty/.local/lib/python3.10/site-packages/airflow/example_dags/plugins/workday.py
[2025-06-17T04:13:28.191+0300] {processor.py:829} INFO - Processing file /home/qwerty/.local/lib/python3.10/site-packages/airflow/example_dags/plugins/workday.py for tasks to queue
[2025-06-17T04:13:28.194+0300] {logging_mixin.py:151} INFO - [2025-06-17T04:13:28.192+0300] {dagbag.py:539} INFO - Filling up the DagBag from /home/qwerty/.local/lib/python3.10/site-packages/airflow/example_dags/plugins/workday.py
[2025-06-17T04:13:29.219+0300] {processor.py:841} WARNING - No viable dags retrieved from /home/qwerty/.local/lib/python3.10/site-packages/airflow/example_dags/plugins/workday.py
[2025-06-17T04:13:29.235+0300] {processor.py:179} INFO - Processing /home/qwerty/.local/lib/python3.10/site-packages/airflow/example_dags/plugins/workday.py took 1.064 seconds
[2025-06-17T04:14:25.815+0300] {processor.py:157} INFO - Started process (PID=19131) to work on /home/qwerty/.local/lib/python3.10/site-packages/airflow/example_dags/plugins/workday.py
[2025-06-17T04:14:25.819+0300] {processor.py:829} INFO - Processing file /home/qwerty/.local/lib/python3.10/site-packages/airflow/example_dags/plugins/workday.py for tasks to queue
[2025-06-17T04:14:25.823+0300] {logging_mixin.py:151} INFO - [2025-06-17T04:14:25.821+0300] {dagbag.py:539} INFO - Filling up the DagBag from /home/qwerty/.local/lib/python3.10/site-packages/airflow/example_dags/plugins/workday.py
[2025-06-17T04:14:27.255+0300] {processor.py:841} WARNING - No viable dags retrieved from /home/qwerty/.local/lib/python3.10/site-packages/airflow/example_dags/plugins/workday.py
[2025-06-17T04:14:27.289+0300] {processor.py:179} INFO - Processing /home/qwerty/.local/lib/python3.10/site-packages/airflow/example_dags/plugins/workday.py took 1.487 seconds
[2025-06-17T04:15:27.537+0300] {processor.py:157} INFO - Started process (PID=19189) to work on /home/qwerty/.local/lib/python3.10/site-packages/airflow/example_dags/plugins/workday.py
[2025-06-17T04:15:27.540+0300] {processor.py:829} INFO - Processing file /home/qwerty/.local/lib/python3.10/site-packages/airflow/example_dags/plugins/workday.py for tasks to queue
[2025-06-17T04:15:27.543+0300] {logging_mixin.py:151} INFO - [2025-06-17T04:15:27.541+0300] {dagbag.py:539} INFO - Filling up the DagBag from /home/qwerty/.local/lib/python3.10/site-packages/airflow/example_dags/plugins/workday.py
[2025-06-17T04:15:28.057+0300] {processor.py:841} WARNING - No viable dags retrieved from /home/qwerty/.local/lib/python3.10/site-packages/airflow/example_dags/plugins/workday.py
[2025-06-17T04:15:28.066+0300] {processor.py:179} INFO - Processing /home/qwerty/.local/lib/python3.10/site-packages/airflow/example_dags/plugins/workday.py took 0.540 seconds
[2025-06-17T04:16:25.016+0300] {processor.py:157} INFO - Started process (PID=19257) to work on /home/qwerty/.local/lib/python3.10/site-packages/airflow/example_dags/plugins/workday.py
[2025-06-17T04:16:25.018+0300] {processor.py:829} INFO - Processing file /home/qwerty/.local/lib/python3.10/site-packages/airflow/example_dags/plugins/workday.py for tasks to queue
[2025-06-17T04:16:25.020+0300] {logging_mixin.py:151} INFO - [2025-06-17T04:16:25.019+0300] {dagbag.py:539} INFO - Filling up the DagBag from /home/qwerty/.local/lib/python3.10/site-packages/airflow/example_dags/plugins/workday.py
[2025-06-17T04:16:25.690+0300] {processor.py:841} WARNING - No viable dags retrieved from /home/qwerty/.local/lib/python3.10/site-packages/airflow/example_dags/plugins/workday.py
[2025-06-17T04:16:25.704+0300] {processor.py:179} INFO - Processing /home/qwerty/.local/lib/python3.10/site-packages/airflow/example_dags/plugins/workday.py took 0.692 seconds
[2025-06-17T04:17:19.213+0300] {processor.py:157} INFO - Started process (PID=19326) to work on /home/qwerty/.local/lib/python3.10/site-packages/airflow/example_dags/plugins/workday.py
[2025-06-17T04:17:19.217+0300] {processor.py:829} INFO - Processing file /home/qwerty/.local/lib/python3.10/site-packages/airflow/example_dags/plugins/workday.py for tasks to queue
[2025-06-17T04:17:19.219+0300] {logging_mixin.py:151} INFO - [2025-06-17T04:17:19.218+0300] {dagbag.py:539} INFO - Filling up the DagBag from /home/qwerty/.local/lib/python3.10/site-packages/airflow/example_dags/plugins/workday.py
[2025-06-17T04:17:19.691+0300] {processor.py:841} WARNING - No viable dags retrieved from /home/qwerty/.local/lib/python3.10/site-packages/airflow/example_dags/plugins/workday.py
[2025-06-17T04:17:19.699+0300] {processor.py:179} INFO - Processing /home/qwerty/.local/lib/python3.10/site-packages/airflow/example_dags/plugins/workday.py took 0.497 seconds
[2025-06-17T04:18:16.637+0300] {processor.py:157} INFO - Started process (PID=19393) to work on /home/qwerty/.local/lib/python3.10/site-packages/airflow/example_dags/plugins/workday.py
[2025-06-17T04:18:16.639+0300] {processor.py:829} INFO - Processing file /home/qwerty/.local/lib/python3.10/site-packages/airflow/example_dags/plugins/workday.py for tasks to queue
[2025-06-17T04:18:16.640+0300] {logging_mixin.py:151} INFO - [2025-06-17T04:18:16.640+0300] {dagbag.py:539} INFO - Filling up the DagBag from /home/qwerty/.local/lib/python3.10/site-packages/airflow/example_dags/plugins/workday.py
[2025-06-17T04:18:17.422+0300] {processor.py:841} WARNING - No viable dags retrieved from /home/qwerty/.local/lib/python3.10/site-packages/airflow/example_dags/plugins/workday.py
[2025-06-17T04:18:17.435+0300] {processor.py:179} INFO - Processing /home/qwerty/.local/lib/python3.10/site-packages/airflow/example_dags/plugins/workday.py took 0.805 seconds
[2025-06-17T04:19:17.287+0300] {processor.py:157} INFO - Started process (PID=19474) to work on /home/qwerty/.local/lib/python3.10/site-packages/airflow/example_dags/plugins/workday.py
[2025-06-17T04:19:17.294+0300] {processor.py:829} INFO - Processing file /home/qwerty/.local/lib/python3.10/site-packages/airflow/example_dags/plugins/workday.py for tasks to queue
[2025-06-17T04:19:17.296+0300] {logging_mixin.py:151} INFO - [2025-06-17T04:19:17.295+0300] {dagbag.py:539} INFO - Filling up the DagBag from /home/qwerty/.local/lib/python3.10/site-packages/airflow/example_dags/plugins/workday.py
[2025-06-17T04:19:17.939+0300] {processor.py:841} WARNING - No viable dags retrieved from /home/qwerty/.local/lib/python3.10/site-packages/airflow/example_dags/plugins/workday.py
[2025-06-17T04:19:17.948+0300] {processor.py:179} INFO - Processing /home/qwerty/.local/lib/python3.10/site-packages/airflow/example_dags/plugins/workday.py took 0.673 seconds
[2025-06-17T04:20:08.993+0300] {processor.py:157} INFO - Started process (PID=19553) to work on /home/qwerty/.local/lib/python3.10/site-packages/airflow/example_dags/plugins/workday.py
[2025-06-17T04:20:08.996+0300] {processor.py:829} INFO - Processing file /home/qwerty/.local/lib/python3.10/site-packages/airflow/example_dags/plugins/workday.py for tasks to queue
[2025-06-17T04:20:08.998+0300] {logging_mixin.py:151} INFO - [2025-06-17T04:20:08.997+0300] {dagbag.py:539} INFO - Filling up the DagBag from /home/qwerty/.local/lib/python3.10/site-packages/airflow/example_dags/plugins/workday.py
[2025-06-17T04:20:09.501+0300] {processor.py:841} WARNING - No viable dags retrieved from /home/qwerty/.local/lib/python3.10/site-packages/airflow/example_dags/plugins/workday.py
[2025-06-17T04:20:09.510+0300] {processor.py:179} INFO - Processing /home/qwerty/.local/lib/python3.10/site-packages/airflow/example_dags/plugins/workday.py took 0.527 seconds
[2025-06-17T04:21:02.095+0300] {processor.py:157} INFO - Started process (PID=19614) to work on /home/qwerty/.local/lib/python3.10/site-packages/airflow/example_dags/plugins/workday.py
[2025-06-17T04:21:02.098+0300] {processor.py:829} INFO - Processing file /home/qwerty/.local/lib/python3.10/site-packages/airflow/example_dags/plugins/workday.py for tasks to queue
[2025-06-17T04:21:02.100+0300] {logging_mixin.py:151} INFO - [2025-06-17T04:21:02.099+0300] {dagbag.py:539} INFO - Filling up the DagBag from /home/qwerty/.local/lib/python3.10/site-packages/airflow/example_dags/plugins/workday.py
[2025-06-17T04:21:02.576+0300] {processor.py:841} WARNING - No viable dags retrieved from /home/qwerty/.local/lib/python3.10/site-packages/airflow/example_dags/plugins/workday.py
[2025-06-17T04:21:02.584+0300] {processor.py:179} INFO - Processing /home/qwerty/.local/lib/python3.10/site-packages/airflow/example_dags/plugins/workday.py took 0.500 seconds
[2025-06-17T04:21:59.293+0300] {processor.py:157} INFO - Started process (PID=19705) to work on /home/qwerty/.local/lib/python3.10/site-packages/airflow/example_dags/plugins/workday.py
[2025-06-17T04:21:59.296+0300] {processor.py:829} INFO - Processing file /home/qwerty/.local/lib/python3.10/site-packages/airflow/example_dags/plugins/workday.py for tasks to queue
[2025-06-17T04:21:59.299+0300] {logging_mixin.py:151} INFO - [2025-06-17T04:21:59.298+0300] {dagbag.py:539} INFO - Filling up the DagBag from /home/qwerty/.local/lib/python3.10/site-packages/airflow/example_dags/plugins/workday.py
[2025-06-17T04:21:59.867+0300] {processor.py:841} WARNING - No viable dags retrieved from /home/qwerty/.local/lib/python3.10/site-packages/airflow/example_dags/plugins/workday.py
[2025-06-17T04:21:59.878+0300] {processor.py:179} INFO - Processing /home/qwerty/.local/lib/python3.10/site-packages/airflow/example_dags/plugins/workday.py took 0.597 seconds
[2025-06-17T04:22:55.665+0300] {processor.py:157} INFO - Started process (PID=19785) to work on /home/qwerty/.local/lib/python3.10/site-packages/airflow/example_dags/plugins/workday.py
[2025-06-17T04:22:55.668+0300] {processor.py:829} INFO - Processing file /home/qwerty/.local/lib/python3.10/site-packages/airflow/example_dags/plugins/workday.py for tasks to queue
[2025-06-17T04:22:55.669+0300] {logging_mixin.py:151} INFO - [2025-06-17T04:22:55.669+0300] {dagbag.py:539} INFO - Filling up the DagBag from /home/qwerty/.local/lib/python3.10/site-packages/airflow/example_dags/plugins/workday.py
[2025-06-17T04:22:56.253+0300] {processor.py:841} WARNING - No viable dags retrieved from /home/qwerty/.local/lib/python3.10/site-packages/airflow/example_dags/plugins/workday.py
[2025-06-17T04:22:56.262+0300] {processor.py:179} INFO - Processing /home/qwerty/.local/lib/python3.10/site-packages/airflow/example_dags/plugins/workday.py took 0.608 seconds
[2025-06-17T04:23:52.728+0300] {processor.py:157} INFO - Started process (PID=19861) to work on /home/qwerty/.local/lib/python3.10/site-packages/airflow/example_dags/plugins/workday.py
[2025-06-17T04:23:52.731+0300] {processor.py:829} INFO - Processing file /home/qwerty/.local/lib/python3.10/site-packages/airflow/example_dags/plugins/workday.py for tasks to queue
[2025-06-17T04:23:52.732+0300] {logging_mixin.py:151} INFO - [2025-06-17T04:23:52.732+0300] {dagbag.py:539} INFO - Filling up the DagBag from /home/qwerty/.local/lib/python3.10/site-packages/airflow/example_dags/plugins/workday.py
[2025-06-17T04:23:53.185+0300] {processor.py:841} WARNING - No viable dags retrieved from /home/qwerty/.local/lib/python3.10/site-packages/airflow/example_dags/plugins/workday.py
[2025-06-17T04:23:53.194+0300] {processor.py:179} INFO - Processing /home/qwerty/.local/lib/python3.10/site-packages/airflow/example_dags/plugins/workday.py took 0.476 seconds
[2025-06-17T04:25:12.504+0300] {processor.py:157} INFO - Started process (PID=19978) to work on /home/qwerty/.local/lib/python3.10/site-packages/airflow/example_dags/plugins/workday.py
[2025-06-17T04:25:12.510+0300] {processor.py:829} INFO - Processing file /home/qwerty/.local/lib/python3.10/site-packages/airflow/example_dags/plugins/workday.py for tasks to queue
[2025-06-17T04:25:12.514+0300] {logging_mixin.py:151} INFO - [2025-06-17T04:25:12.513+0300] {dagbag.py:539} INFO - Filling up the DagBag from /home/qwerty/.local/lib/python3.10/site-packages/airflow/example_dags/plugins/workday.py
[2025-06-17T04:25:13.392+0300] {processor.py:841} WARNING - No viable dags retrieved from /home/qwerty/.local/lib/python3.10/site-packages/airflow/example_dags/plugins/workday.py
[2025-06-17T04:25:13.408+0300] {processor.py:179} INFO - Processing /home/qwerty/.local/lib/python3.10/site-packages/airflow/example_dags/plugins/workday.py took 0.913 seconds
[2025-06-17T04:25:58.480+0300] {processor.py:157} INFO - Started process (PID=20023) to work on /home/qwerty/.local/lib/python3.10/site-packages/airflow/example_dags/plugins/workday.py
[2025-06-17T04:25:58.486+0300] {processor.py:829} INFO - Processing file /home/qwerty/.local/lib/python3.10/site-packages/airflow/example_dags/plugins/workday.py for tasks to queue
[2025-06-17T04:25:58.488+0300] {logging_mixin.py:151} INFO - [2025-06-17T04:25:58.487+0300] {dagbag.py:539} INFO - Filling up the DagBag from /home/qwerty/.local/lib/python3.10/site-packages/airflow/example_dags/plugins/workday.py
[2025-06-17T04:25:59.097+0300] {processor.py:841} WARNING - No viable dags retrieved from /home/qwerty/.local/lib/python3.10/site-packages/airflow/example_dags/plugins/workday.py
[2025-06-17T04:25:59.105+0300] {processor.py:179} INFO - Processing /home/qwerty/.local/lib/python3.10/site-packages/airflow/example_dags/plugins/workday.py took 0.631 seconds
[2025-06-17T04:26:51.678+0300] {processor.py:157} INFO - Started process (PID=20074) to work on /home/qwerty/.local/lib/python3.10/site-packages/airflow/example_dags/plugins/workday.py
[2025-06-17T04:26:51.681+0300] {processor.py:829} INFO - Processing file /home/qwerty/.local/lib/python3.10/site-packages/airflow/example_dags/plugins/workday.py for tasks to queue
[2025-06-17T04:26:51.686+0300] {logging_mixin.py:151} INFO - [2025-06-17T04:26:51.684+0300] {dagbag.py:539} INFO - Filling up the DagBag from /home/qwerty/.local/lib/python3.10/site-packages/airflow/example_dags/plugins/workday.py
[2025-06-17T04:26:52.777+0300] {processor.py:841} WARNING - No viable dags retrieved from /home/qwerty/.local/lib/python3.10/site-packages/airflow/example_dags/plugins/workday.py
[2025-06-17T04:26:52.791+0300] {processor.py:179} INFO - Processing /home/qwerty/.local/lib/python3.10/site-packages/airflow/example_dags/plugins/workday.py took 1.124 seconds
[2025-06-17T04:27:42.112+0300] {processor.py:157} INFO - Started process (PID=20122) to work on /home/qwerty/.local/lib/python3.10/site-packages/airflow/example_dags/plugins/workday.py
[2025-06-17T04:27:42.114+0300] {processor.py:829} INFO - Processing file /home/qwerty/.local/lib/python3.10/site-packages/airflow/example_dags/plugins/workday.py for tasks to queue
[2025-06-17T04:27:42.116+0300] {logging_mixin.py:151} INFO - [2025-06-17T04:27:42.115+0300] {dagbag.py:539} INFO - Filling up the DagBag from /home/qwerty/.local/lib/python3.10/site-packages/airflow/example_dags/plugins/workday.py
[2025-06-17T04:27:42.778+0300] {processor.py:841} WARNING - No viable dags retrieved from /home/qwerty/.local/lib/python3.10/site-packages/airflow/example_dags/plugins/workday.py
[2025-06-17T04:27:42.790+0300] {processor.py:179} INFO - Processing /home/qwerty/.local/lib/python3.10/site-packages/airflow/example_dags/plugins/workday.py took 0.685 seconds
[2025-06-17T04:28:34.546+0300] {processor.py:157} INFO - Started process (PID=20204) to work on /home/qwerty/.local/lib/python3.10/site-packages/airflow/example_dags/plugins/workday.py
[2025-06-17T04:28:34.549+0300] {processor.py:829} INFO - Processing file /home/qwerty/.local/lib/python3.10/site-packages/airflow/example_dags/plugins/workday.py for tasks to queue
[2025-06-17T04:28:34.552+0300] {logging_mixin.py:151} INFO - [2025-06-17T04:28:34.551+0300] {dagbag.py:539} INFO - Filling up the DagBag from /home/qwerty/.local/lib/python3.10/site-packages/airflow/example_dags/plugins/workday.py
[2025-06-17T04:28:35.190+0300] {processor.py:841} WARNING - No viable dags retrieved from /home/qwerty/.local/lib/python3.10/site-packages/airflow/example_dags/plugins/workday.py
[2025-06-17T04:28:35.201+0300] {processor.py:179} INFO - Processing /home/qwerty/.local/lib/python3.10/site-packages/airflow/example_dags/plugins/workday.py took 0.668 seconds
[2025-06-17T04:29:28.322+0300] {processor.py:157} INFO - Started process (PID=20263) to work on /home/qwerty/.local/lib/python3.10/site-packages/airflow/example_dags/plugins/workday.py
[2025-06-17T04:29:28.325+0300] {processor.py:829} INFO - Processing file /home/qwerty/.local/lib/python3.10/site-packages/airflow/example_dags/plugins/workday.py for tasks to queue
[2025-06-17T04:29:28.328+0300] {logging_mixin.py:151} INFO - [2025-06-17T04:29:28.327+0300] {dagbag.py:539} INFO - Filling up the DagBag from /home/qwerty/.local/lib/python3.10/site-packages/airflow/example_dags/plugins/workday.py
[2025-06-17T04:29:28.831+0300] {processor.py:841} WARNING - No viable dags retrieved from /home/qwerty/.local/lib/python3.10/site-packages/airflow/example_dags/plugins/workday.py
[2025-06-17T04:29:28.840+0300] {processor.py:179} INFO - Processing /home/qwerty/.local/lib/python3.10/site-packages/airflow/example_dags/plugins/workday.py took 0.528 seconds
[2025-06-17T04:30:28.176+0300] {processor.py:157} INFO - Started process (PID=20323) to work on /home/qwerty/.local/lib/python3.10/site-packages/airflow/example_dags/plugins/workday.py
[2025-06-17T04:30:28.180+0300] {processor.py:829} INFO - Processing file /home/qwerty/.local/lib/python3.10/site-packages/airflow/example_dags/plugins/workday.py for tasks to queue
[2025-06-17T04:30:28.182+0300] {logging_mixin.py:151} INFO - [2025-06-17T04:30:28.181+0300] {dagbag.py:539} INFO - Filling up the DagBag from /home/qwerty/.local/lib/python3.10/site-packages/airflow/example_dags/plugins/workday.py
[2025-06-17T04:30:28.676+0300] {processor.py:841} WARNING - No viable dags retrieved from /home/qwerty/.local/lib/python3.10/site-packages/airflow/example_dags/plugins/workday.py
[2025-06-17T04:30:28.685+0300] {processor.py:179} INFO - Processing /home/qwerty/.local/lib/python3.10/site-packages/airflow/example_dags/plugins/workday.py took 0.519 seconds
[2025-06-17T04:31:23.216+0300] {processor.py:157} INFO - Started process (PID=20381) to work on /home/qwerty/.local/lib/python3.10/site-packages/airflow/example_dags/plugins/workday.py
[2025-06-17T04:31:23.218+0300] {processor.py:829} INFO - Processing file /home/qwerty/.local/lib/python3.10/site-packages/airflow/example_dags/plugins/workday.py for tasks to queue
[2025-06-17T04:31:23.220+0300] {logging_mixin.py:151} INFO - [2025-06-17T04:31:23.219+0300] {dagbag.py:539} INFO - Filling up the DagBag from /home/qwerty/.local/lib/python3.10/site-packages/airflow/example_dags/plugins/workday.py
[2025-06-17T04:31:23.707+0300] {processor.py:841} WARNING - No viable dags retrieved from /home/qwerty/.local/lib/python3.10/site-packages/airflow/example_dags/plugins/workday.py
[2025-06-17T04:31:23.716+0300] {processor.py:179} INFO - Processing /home/qwerty/.local/lib/python3.10/site-packages/airflow/example_dags/plugins/workday.py took 0.510 seconds
