[2025-06-17T04:08:00.193+0300] {processor.py:157} INFO - Started process (PID=18712) to work on /home/qwerty/DE_project/airflow/dags/main.py
[2025-06-17T04:08:00.197+0300] {processor.py:829} INFO - Processing file /home/qwerty/DE_project/airflow/dags/main.py for tasks to queue
[2025-06-17T04:08:00.199+0300] {logging_mixin.py:151} INFO - [2025-06-17T04:08:00.198+0300] {dagbag.py:539} INFO - Filling up the DagBag from /home/qwerty/DE_project/airflow/dags/main.py
[2025-06-17T04:08:00.225+0300] {processor.py:839} INFO - DAG(s) dict_keys(['breast_cancer_ml_pipeline']) retrieved from /home/qwerty/DE_project/airflow/dags/main.py
[2025-06-17T04:08:00.284+0300] {logging_mixin.py:151} INFO - [2025-06-17T04:08:00.283+0300] {dag.py:2915} INFO - Sync 1 DAGs
[2025-06-17T04:08:00.355+0300] {logging_mixin.py:151} INFO - [2025-06-17T04:08:00.354+0300] {dag.py:3696} INFO - Setting next_dagrun for breast_cancer_ml_pipeline to 2025-06-17T00:00:00+00:00, run_after=2025-06-18T00:00:00+00:00
[2025-06-17T04:08:00.427+0300] {processor.py:179} INFO - Processing /home/qwerty/DE_project/airflow/dags/main.py took 0.243 seconds
[2025-06-17T04:08:57.551+0300] {processor.py:157} INFO - Started process (PID=18792) to work on /home/qwerty/DE_project/airflow/dags/main.py
[2025-06-17T04:08:57.556+0300] {processor.py:829} INFO - Processing file /home/qwerty/DE_project/airflow/dags/main.py for tasks to queue
[2025-06-17T04:08:57.559+0300] {logging_mixin.py:151} INFO - [2025-06-17T04:08:57.558+0300] {dagbag.py:539} INFO - Filling up the DagBag from /home/qwerty/DE_project/airflow/dags/main.py
[2025-06-17T04:08:57.592+0300] {processor.py:839} INFO - DAG(s) dict_keys(['breast_cancer_ml_pipeline']) retrieved from /home/qwerty/DE_project/airflow/dags/main.py
[2025-06-17T04:08:57.654+0300] {logging_mixin.py:151} INFO - [2025-06-17T04:08:57.654+0300] {dag.py:2915} INFO - Sync 1 DAGs
[2025-06-17T04:08:57.728+0300] {logging_mixin.py:151} INFO - [2025-06-17T04:08:57.727+0300] {dag.py:3696} INFO - Setting next_dagrun for breast_cancer_ml_pipeline to 2025-06-17T00:00:00+00:00, run_after=2025-06-18T00:00:00+00:00
[2025-06-17T04:08:57.797+0300] {processor.py:179} INFO - Processing /home/qwerty/DE_project/airflow/dags/main.py took 0.257 seconds
[2025-06-17T04:09:53.977+0300] {processor.py:157} INFO - Started process (PID=18843) to work on /home/qwerty/DE_project/airflow/dags/main.py
[2025-06-17T04:09:53.980+0300] {processor.py:829} INFO - Processing file /home/qwerty/DE_project/airflow/dags/main.py for tasks to queue
[2025-06-17T04:09:53.983+0300] {logging_mixin.py:151} INFO - [2025-06-17T04:09:53.981+0300] {dagbag.py:539} INFO - Filling up the DagBag from /home/qwerty/DE_project/airflow/dags/main.py
[2025-06-17T04:09:54.014+0300] {processor.py:839} INFO - DAG(s) dict_keys(['breast_cancer_ml_pipeline']) retrieved from /home/qwerty/DE_project/airflow/dags/main.py
[2025-06-17T04:09:54.066+0300] {logging_mixin.py:151} INFO - [2025-06-17T04:09:54.066+0300] {dag.py:2915} INFO - Sync 1 DAGs
[2025-06-17T04:09:54.132+0300] {logging_mixin.py:151} INFO - [2025-06-17T04:09:54.131+0300] {dag.py:3696} INFO - Setting next_dagrun for breast_cancer_ml_pipeline to 2025-06-17T00:00:00+00:00, run_after=2025-06-18T00:00:00+00:00
[2025-06-17T04:09:54.235+0300] {processor.py:179} INFO - Processing /home/qwerty/DE_project/airflow/dags/main.py took 0.270 seconds
[2025-06-17T04:10:53.167+0300] {processor.py:157} INFO - Started process (PID=18896) to work on /home/qwerty/DE_project/airflow/dags/main.py
[2025-06-17T04:10:53.169+0300] {processor.py:829} INFO - Processing file /home/qwerty/DE_project/airflow/dags/main.py for tasks to queue
[2025-06-17T04:10:53.171+0300] {logging_mixin.py:151} INFO - [2025-06-17T04:10:53.170+0300] {dagbag.py:539} INFO - Filling up the DagBag from /home/qwerty/DE_project/airflow/dags/main.py
[2025-06-17T04:10:53.194+0300] {processor.py:839} INFO - DAG(s) dict_keys(['breast_cancer_ml_pipeline']) retrieved from /home/qwerty/DE_project/airflow/dags/main.py
[2025-06-17T04:10:53.237+0300] {logging_mixin.py:151} INFO - [2025-06-17T04:10:53.236+0300] {dag.py:2915} INFO - Sync 1 DAGs
[2025-06-17T04:10:53.281+0300] {logging_mixin.py:151} INFO - [2025-06-17T04:10:53.280+0300] {dag.py:3696} INFO - Setting next_dagrun for breast_cancer_ml_pipeline to 2025-06-17T00:00:00+00:00, run_after=2025-06-18T00:00:00+00:00
[2025-06-17T04:10:53.332+0300] {processor.py:179} INFO - Processing /home/qwerty/DE_project/airflow/dags/main.py took 0.173 seconds
[2025-06-17T04:11:49.873+0300] {processor.py:157} INFO - Started process (PID=18950) to work on /home/qwerty/DE_project/airflow/dags/main.py
[2025-06-17T04:11:49.883+0300] {processor.py:829} INFO - Processing file /home/qwerty/DE_project/airflow/dags/main.py for tasks to queue
[2025-06-17T04:11:49.885+0300] {logging_mixin.py:151} INFO - [2025-06-17T04:11:49.884+0300] {dagbag.py:539} INFO - Filling up the DagBag from /home/qwerty/DE_project/airflow/dags/main.py
[2025-06-17T04:11:49.911+0300] {processor.py:839} INFO - DAG(s) dict_keys(['breast_cancer_ml_pipeline']) retrieved from /home/qwerty/DE_project/airflow/dags/main.py
[2025-06-17T04:11:49.965+0300] {logging_mixin.py:151} INFO - [2025-06-17T04:11:49.965+0300] {dag.py:2915} INFO - Sync 1 DAGs
[2025-06-17T04:11:50.039+0300] {logging_mixin.py:151} INFO - [2025-06-17T04:11:50.039+0300] {dag.py:3696} INFO - Setting next_dagrun for breast_cancer_ml_pipeline to 2025-06-17T00:00:00+00:00, run_after=2025-06-18T00:00:00+00:00
[2025-06-17T04:11:50.103+0300] {processor.py:179} INFO - Processing /home/qwerty/DE_project/airflow/dags/main.py took 0.240 seconds
[2025-06-17T04:12:21.438+0300] {processor.py:157} INFO - Started process (PID=19009) to work on /home/qwerty/DE_project/airflow/dags/main.py
[2025-06-17T04:12:21.440+0300] {processor.py:829} INFO - Processing file /home/qwerty/DE_project/airflow/dags/main.py for tasks to queue
[2025-06-17T04:12:21.443+0300] {logging_mixin.py:151} INFO - [2025-06-17T04:12:21.442+0300] {dagbag.py:539} INFO - Filling up the DagBag from /home/qwerty/DE_project/airflow/dags/main.py
[2025-06-17T04:12:21.477+0300] {processor.py:839} INFO - DAG(s) dict_keys(['breast_cancer_ml_pipeline']) retrieved from /home/qwerty/DE_project/airflow/dags/main.py
[2025-06-17T04:12:21.539+0300] {logging_mixin.py:151} INFO - [2025-06-17T04:12:21.539+0300] {dag.py:2915} INFO - Sync 1 DAGs
[2025-06-17T04:12:21.606+0300] {logging_mixin.py:151} INFO - [2025-06-17T04:12:21.606+0300] {dag.py:3696} INFO - Setting next_dagrun for breast_cancer_ml_pipeline to 2025-06-17T00:00:00+00:00, run_after=2025-06-18T00:00:00+00:00
[2025-06-17T04:12:21.675+0300] {processor.py:179} INFO - Processing /home/qwerty/DE_project/airflow/dags/main.py took 0.249 seconds
[2025-06-17T04:13:20.036+0300] {processor.py:157} INFO - Started process (PID=19070) to work on /home/qwerty/DE_project/airflow/dags/main.py
[2025-06-17T04:13:20.038+0300] {processor.py:829} INFO - Processing file /home/qwerty/DE_project/airflow/dags/main.py for tasks to queue
[2025-06-17T04:13:20.040+0300] {logging_mixin.py:151} INFO - [2025-06-17T04:13:20.039+0300] {dagbag.py:539} INFO - Filling up the DagBag from /home/qwerty/DE_project/airflow/dags/main.py
[2025-06-17T04:13:20.056+0300] {processor.py:839} INFO - DAG(s) dict_keys(['breast_cancer_ml_pipeline']) retrieved from /home/qwerty/DE_project/airflow/dags/main.py
[2025-06-17T04:13:20.083+0300] {logging_mixin.py:151} INFO - [2025-06-17T04:13:20.082+0300] {dag.py:2915} INFO - Sync 1 DAGs
[2025-06-17T04:13:20.120+0300] {logging_mixin.py:151} INFO - [2025-06-17T04:13:20.119+0300] {dag.py:3696} INFO - Setting next_dagrun for breast_cancer_ml_pipeline to 2025-06-17T00:00:00+00:00, run_after=2025-06-18T00:00:00+00:00
[2025-06-17T04:13:20.160+0300] {processor.py:179} INFO - Processing /home/qwerty/DE_project/airflow/dags/main.py took 0.128 seconds
[2025-06-17T04:14:12.558+0300] {processor.py:157} INFO - Started process (PID=19117) to work on /home/qwerty/DE_project/airflow/dags/main.py
[2025-06-17T04:14:12.563+0300] {processor.py:829} INFO - Processing file /home/qwerty/DE_project/airflow/dags/main.py for tasks to queue
[2025-06-17T04:14:12.564+0300] {logging_mixin.py:151} INFO - [2025-06-17T04:14:12.564+0300] {dagbag.py:539} INFO - Filling up the DagBag from /home/qwerty/DE_project/airflow/dags/main.py
[2025-06-17T04:14:12.573+0300] {logging_mixin.py:151} INFO - [2025-06-17T04:14:12.572+0300] {main.py:11} ERROR - /home/qwerty/DE_project/airflow/dags/main.py
[2025-06-17T04:14:12.586+0300] {processor.py:839} INFO - DAG(s) dict_keys(['breast_cancer_ml_pipeline']) retrieved from /home/qwerty/DE_project/airflow/dags/main.py
[2025-06-17T04:14:12.652+0300] {logging_mixin.py:151} INFO - [2025-06-17T04:14:12.652+0300] {dag.py:2915} INFO - Sync 1 DAGs
[2025-06-17T04:14:12.705+0300] {logging_mixin.py:151} INFO - [2025-06-17T04:14:12.704+0300] {dag.py:3696} INFO - Setting next_dagrun for breast_cancer_ml_pipeline to 2025-06-17T00:00:00+00:00, run_after=2025-06-18T00:00:00+00:00
[2025-06-17T04:14:12.749+0300] {processor.py:179} INFO - Processing /home/qwerty/DE_project/airflow/dags/main.py took 0.203 seconds
[2025-06-17T04:14:44.838+0300] {processor.py:157} INFO - Started process (PID=19154) to work on /home/qwerty/DE_project/airflow/dags/main.py
[2025-06-17T04:14:44.839+0300] {processor.py:829} INFO - Processing file /home/qwerty/DE_project/airflow/dags/main.py for tasks to queue
[2025-06-17T04:14:44.840+0300] {logging_mixin.py:151} INFO - [2025-06-17T04:14:44.840+0300] {dagbag.py:539} INFO - Filling up the DagBag from /home/qwerty/DE_project/airflow/dags/main.py
[2025-06-17T04:14:44.843+0300] {logging_mixin.py:151} INFO - [2025-06-17T04:14:44.843+0300] {main.py:11} ERROR - /home/qwerty/DE_project/airflow/dags/main.py
[2025-06-17T04:14:44.852+0300] {processor.py:839} INFO - DAG(s) dict_keys(['breast_cancer_ml_pipeline']) retrieved from /home/qwerty/DE_project/airflow/dags/main.py
[2025-06-17T04:14:44.873+0300] {logging_mixin.py:151} INFO - [2025-06-17T04:14:44.872+0300] {dag.py:2915} INFO - Sync 1 DAGs
[2025-06-17T04:14:44.898+0300] {logging_mixin.py:151} INFO - [2025-06-17T04:14:44.897+0300] {dag.py:3696} INFO - Setting next_dagrun for breast_cancer_ml_pipeline to 2025-06-17T00:00:00+00:00, run_after=2025-06-18T00:00:00+00:00
[2025-06-17T04:14:44.939+0300] {processor.py:179} INFO - Processing /home/qwerty/DE_project/airflow/dags/main.py took 0.112 seconds
[2025-06-17T04:15:17.562+0300] {processor.py:157} INFO - Started process (PID=19180) to work on /home/qwerty/DE_project/airflow/dags/main.py
[2025-06-17T04:15:17.565+0300] {processor.py:829} INFO - Processing file /home/qwerty/DE_project/airflow/dags/main.py for tasks to queue
[2025-06-17T04:15:17.568+0300] {logging_mixin.py:151} INFO - [2025-06-17T04:15:17.567+0300] {dagbag.py:539} INFO - Filling up the DagBag from /home/qwerty/DE_project/airflow/dags/main.py
[2025-06-17T04:15:17.573+0300] {logging_mixin.py:151} INFO - [2025-06-17T04:15:17.573+0300] {main.py:11} ERROR - /home/qwerty/DE_project/airflow/dags/main.py
[2025-06-17T04:15:17.586+0300] {processor.py:839} INFO - DAG(s) dict_keys(['breast_cancer_ml_pipeline']) retrieved from /home/qwerty/DE_project/airflow/dags/main.py
[2025-06-17T04:15:17.621+0300] {logging_mixin.py:151} INFO - [2025-06-17T04:15:17.621+0300] {dag.py:2915} INFO - Sync 1 DAGs
[2025-06-17T04:15:17.670+0300] {logging_mixin.py:151} INFO - [2025-06-17T04:15:17.670+0300] {dag.py:3696} INFO - Setting next_dagrun for breast_cancer_ml_pipeline to 2025-06-17T00:00:00+00:00, run_after=2025-06-18T00:00:00+00:00
[2025-06-17T04:15:17.721+0300] {processor.py:179} INFO - Processing /home/qwerty/DE_project/airflow/dags/main.py took 0.170 seconds
[2025-06-17T04:15:48.030+0300] {processor.py:157} INFO - Started process (PID=19207) to work on /home/qwerty/DE_project/airflow/dags/main.py
[2025-06-17T04:15:48.032+0300] {processor.py:829} INFO - Processing file /home/qwerty/DE_project/airflow/dags/main.py for tasks to queue
[2025-06-17T04:15:48.035+0300] {logging_mixin.py:151} INFO - [2025-06-17T04:15:48.034+0300] {dagbag.py:539} INFO - Filling up the DagBag from /home/qwerty/DE_project/airflow/dags/main.py
[2025-06-17T04:15:48.042+0300] {logging_mixin.py:151} INFO - [2025-06-17T04:15:48.042+0300] {main.py:11} ERROR - /home/qwerty/DE_project/airflow/dags/main.py
[2025-06-17T04:15:48.054+0300] {processor.py:839} INFO - DAG(s) dict_keys(['breast_cancer_ml_pipeline']) retrieved from /home/qwerty/DE_project/airflow/dags/main.py
[2025-06-17T04:15:48.074+0300] {logging_mixin.py:151} INFO - [2025-06-17T04:15:48.074+0300] {dag.py:2915} INFO - Sync 1 DAGs
[2025-06-17T04:15:48.097+0300] {logging_mixin.py:151} INFO - [2025-06-17T04:15:48.097+0300] {dag.py:3696} INFO - Setting next_dagrun for breast_cancer_ml_pipeline to 2025-06-17T00:00:00+00:00, run_after=2025-06-18T00:00:00+00:00
[2025-06-17T04:15:48.139+0300] {processor.py:179} INFO - Processing /home/qwerty/DE_project/airflow/dags/main.py took 0.121 seconds
[2025-06-17T04:16:44.909+0300] {processor.py:157} INFO - Started process (PID=19292) to work on /home/qwerty/DE_project/airflow/dags/main.py
[2025-06-17T04:16:44.914+0300] {processor.py:829} INFO - Processing file /home/qwerty/DE_project/airflow/dags/main.py for tasks to queue
[2025-06-17T04:16:44.916+0300] {logging_mixin.py:151} INFO - [2025-06-17T04:16:44.915+0300] {dagbag.py:539} INFO - Filling up the DagBag from /home/qwerty/DE_project/airflow/dags/main.py
[2025-06-17T04:16:44.922+0300] {logging_mixin.py:151} INFO - [2025-06-17T04:16:44.922+0300] {main.py:11} ERROR - /home/qwerty/DE_project/airflow/dags/main.py
[2025-06-17T04:16:44.939+0300] {processor.py:839} INFO - DAG(s) dict_keys(['breast_cancer_ml_pipeline']) retrieved from /home/qwerty/DE_project/airflow/dags/main.py
[2025-06-17T04:16:44.986+0300] {logging_mixin.py:151} INFO - [2025-06-17T04:16:44.985+0300] {dag.py:2915} INFO - Sync 1 DAGs
[2025-06-17T04:16:45.043+0300] {logging_mixin.py:151} INFO - [2025-06-17T04:16:45.043+0300] {dag.py:3696} INFO - Setting next_dagrun for breast_cancer_ml_pipeline to 2025-06-17T00:00:00+00:00, run_after=2025-06-18T00:00:00+00:00
[2025-06-17T04:16:45.089+0300] {processor.py:179} INFO - Processing /home/qwerty/DE_project/airflow/dags/main.py took 0.189 seconds
[2025-06-17T04:17:36.604+0300] {processor.py:157} INFO - Started process (PID=19342) to work on /home/qwerty/DE_project/airflow/dags/main.py
[2025-06-17T04:17:36.609+0300] {processor.py:829} INFO - Processing file /home/qwerty/DE_project/airflow/dags/main.py for tasks to queue
[2025-06-17T04:17:36.610+0300] {logging_mixin.py:151} INFO - [2025-06-17T04:17:36.610+0300] {dagbag.py:539} INFO - Filling up the DagBag from /home/qwerty/DE_project/airflow/dags/main.py
[2025-06-17T04:17:36.614+0300] {logging_mixin.py:151} INFO - [2025-06-17T04:17:36.614+0300] {main.py:11} ERROR - /home/qwerty/DE_project/airflow/dags/main.py
[2025-06-17T04:17:36.626+0300] {processor.py:839} INFO - DAG(s) dict_keys(['breast_cancer_ml_pipeline']) retrieved from /home/qwerty/DE_project/airflow/dags/main.py
[2025-06-17T04:17:36.653+0300] {logging_mixin.py:151} INFO - [2025-06-17T04:17:36.652+0300] {dag.py:2915} INFO - Sync 1 DAGs
[2025-06-17T04:17:36.690+0300] {logging_mixin.py:151} INFO - [2025-06-17T04:17:36.689+0300] {dag.py:3696} INFO - Setting next_dagrun for breast_cancer_ml_pipeline to 2025-06-17T00:00:00+00:00, run_after=2025-06-18T00:00:00+00:00
[2025-06-17T04:17:36.735+0300] {processor.py:179} INFO - Processing /home/qwerty/DE_project/airflow/dags/main.py took 0.141 seconds
[2025-06-17T04:18:02.637+0300] {processor.py:157} INFO - Started process (PID=19375) to work on /home/qwerty/DE_project/airflow/dags/main.py
[2025-06-17T04:18:02.639+0300] {processor.py:829} INFO - Processing file /home/qwerty/DE_project/airflow/dags/main.py for tasks to queue
[2025-06-17T04:18:02.642+0300] {logging_mixin.py:151} INFO - [2025-06-17T04:18:02.641+0300] {dagbag.py:539} INFO - Filling up the DagBag from /home/qwerty/DE_project/airflow/dags/main.py
[2025-06-17T04:18:02.654+0300] {logging_mixin.py:151} INFO - [2025-06-17T04:18:02.653+0300] {main.py:11} INFO - /home/qwerty/DE_project/airflow/dags/main.py
[2025-06-17T04:18:02.667+0300] {processor.py:839} INFO - DAG(s) dict_keys(['breast_cancer_ml_pipeline']) retrieved from /home/qwerty/DE_project/airflow/dags/main.py
[2025-06-17T04:18:02.703+0300] {logging_mixin.py:151} INFO - [2025-06-17T04:18:02.703+0300] {dag.py:2915} INFO - Sync 1 DAGs
[2025-06-17T04:18:02.748+0300] {logging_mixin.py:151} INFO - [2025-06-17T04:18:02.748+0300] {dag.py:3696} INFO - Setting next_dagrun for breast_cancer_ml_pipeline to 2025-06-17T00:00:00+00:00, run_after=2025-06-18T00:00:00+00:00
[2025-06-17T04:18:02.794+0300] {processor.py:179} INFO - Processing /home/qwerty/DE_project/airflow/dags/main.py took 0.164 seconds
[2025-06-17T04:18:33.844+0300] {processor.py:157} INFO - Started process (PID=19409) to work on /home/qwerty/DE_project/airflow/dags/main.py
[2025-06-17T04:18:33.847+0300] {processor.py:829} INFO - Processing file /home/qwerty/DE_project/airflow/dags/main.py for tasks to queue
[2025-06-17T04:18:33.850+0300] {logging_mixin.py:151} INFO - [2025-06-17T04:18:33.849+0300] {dagbag.py:539} INFO - Filling up the DagBag from /home/qwerty/DE_project/airflow/dags/main.py
[2025-06-17T04:18:33.859+0300] {logging_mixin.py:151} INFO - [2025-06-17T04:18:33.859+0300] {main.py:11} INFO - /home/qwerty/DE_project/airflow/dags/main.py
[2025-06-17T04:18:33.882+0300] {processor.py:839} INFO - DAG(s) dict_keys(['breast_cancer_ml_pipeline']) retrieved from /home/qwerty/DE_project/airflow/dags/main.py
[2025-06-17T04:18:33.916+0300] {logging_mixin.py:151} INFO - [2025-06-17T04:18:33.916+0300] {dag.py:2915} INFO - Sync 1 DAGs
[2025-06-17T04:18:33.963+0300] {logging_mixin.py:151} INFO - [2025-06-17T04:18:33.963+0300] {dag.py:3696} INFO - Setting next_dagrun for breast_cancer_ml_pipeline to 2025-06-17T00:00:00+00:00, run_after=2025-06-18T00:00:00+00:00
[2025-06-17T04:18:33.992+0300] {processor.py:179} INFO - Processing /home/qwerty/DE_project/airflow/dags/main.py took 0.154 seconds
[2025-06-17T04:19:06.629+0300] {processor.py:157} INFO - Started process (PID=19459) to work on /home/qwerty/DE_project/airflow/dags/main.py
[2025-06-17T04:19:06.634+0300] {processor.py:829} INFO - Processing file /home/qwerty/DE_project/airflow/dags/main.py for tasks to queue
[2025-06-17T04:19:06.636+0300] {logging_mixin.py:151} INFO - [2025-06-17T04:19:06.635+0300] {dagbag.py:539} INFO - Filling up the DagBag from /home/qwerty/DE_project/airflow/dags/main.py
[2025-06-17T04:19:06.642+0300] {logging_mixin.py:151} INFO - [2025-06-17T04:19:06.642+0300] {main.py:11} INFO - /home/qwerty/DE_project/airflow/dags/main.py
[2025-06-17T04:19:06.658+0300] {processor.py:839} INFO - DAG(s) dict_keys(['breast_cancer_ml_pipeline']) retrieved from /home/qwerty/DE_project/airflow/dags/main.py
[2025-06-17T04:19:06.705+0300] {logging_mixin.py:151} INFO - [2025-06-17T04:19:06.704+0300] {dag.py:2915} INFO - Sync 1 DAGs
[2025-06-17T04:19:06.768+0300] {logging_mixin.py:151} INFO - [2025-06-17T04:19:06.768+0300] {dag.py:3696} INFO - Setting next_dagrun for breast_cancer_ml_pipeline to 2025-06-17T00:00:00+00:00, run_after=2025-06-18T00:00:00+00:00
[2025-06-17T04:19:06.826+0300] {processor.py:179} INFO - Processing /home/qwerty/DE_project/airflow/dags/main.py took 0.205 seconds
[2025-06-17T04:19:58.811+0300] {processor.py:157} INFO - Started process (PID=19544) to work on /home/qwerty/DE_project/airflow/dags/main.py
[2025-06-17T04:19:58.814+0300] {processor.py:829} INFO - Processing file /home/qwerty/DE_project/airflow/dags/main.py for tasks to queue
[2025-06-17T04:19:58.815+0300] {logging_mixin.py:151} INFO - [2025-06-17T04:19:58.815+0300] {dagbag.py:539} INFO - Filling up the DagBag from /home/qwerty/DE_project/airflow/dags/main.py
[2025-06-17T04:19:58.822+0300] {logging_mixin.py:151} INFO - [2025-06-17T04:19:58.821+0300] {main.py:11} INFO - /home/qwerty/DE_project/airflow/dags/main.py
[2025-06-17T04:19:58.836+0300] {processor.py:839} INFO - DAG(s) dict_keys(['breast_cancer_ml_pipeline']) retrieved from /home/qwerty/DE_project/airflow/dags/main.py
[2025-06-17T04:19:58.871+0300] {logging_mixin.py:151} INFO - [2025-06-17T04:19:58.871+0300] {dag.py:2915} INFO - Sync 1 DAGs
[2025-06-17T04:19:58.910+0300] {logging_mixin.py:151} INFO - [2025-06-17T04:19:58.910+0300] {dag.py:3696} INFO - Setting next_dagrun for breast_cancer_ml_pipeline to 2025-06-17T00:00:00+00:00, run_after=2025-06-18T00:00:00+00:00
[2025-06-17T04:19:58.971+0300] {processor.py:179} INFO - Processing /home/qwerty/DE_project/airflow/dags/main.py took 0.168 seconds
[2025-06-17T04:20:51.094+0300] {processor.py:157} INFO - Started process (PID=19600) to work on /home/qwerty/DE_project/airflow/dags/main.py
[2025-06-17T04:20:51.097+0300] {processor.py:829} INFO - Processing file /home/qwerty/DE_project/airflow/dags/main.py for tasks to queue
[2025-06-17T04:20:51.100+0300] {logging_mixin.py:151} INFO - [2025-06-17T04:20:51.098+0300] {dagbag.py:539} INFO - Filling up the DagBag from /home/qwerty/DE_project/airflow/dags/main.py
[2025-06-17T04:20:51.107+0300] {logging_mixin.py:151} INFO - [2025-06-17T04:20:51.107+0300] {main.py:11} INFO - /home/qwerty/DE_project/airflow/dags/main.py
[2025-06-17T04:20:51.120+0300] {processor.py:839} INFO - DAG(s) dict_keys(['breast_cancer_ml_pipeline']) retrieved from /home/qwerty/DE_project/airflow/dags/main.py
[2025-06-17T04:20:51.147+0300] {logging_mixin.py:151} INFO - [2025-06-17T04:20:51.147+0300] {dag.py:2915} INFO - Sync 1 DAGs
[2025-06-17T04:20:51.178+0300] {logging_mixin.py:151} INFO - [2025-06-17T04:20:51.177+0300] {dag.py:3696} INFO - Setting next_dagrun for breast_cancer_ml_pipeline to 2025-06-17T00:00:00+00:00, run_after=2025-06-18T00:00:00+00:00
[2025-06-17T04:20:51.207+0300] {processor.py:179} INFO - Processing /home/qwerty/DE_project/airflow/dags/main.py took 0.124 seconds
[2025-06-17T04:21:47.626+0300] {processor.py:157} INFO - Started process (PID=19689) to work on /home/qwerty/DE_project/airflow/dags/main.py
[2025-06-17T04:21:47.629+0300] {processor.py:829} INFO - Processing file /home/qwerty/DE_project/airflow/dags/main.py for tasks to queue
[2025-06-17T04:21:47.631+0300] {logging_mixin.py:151} INFO - [2025-06-17T04:21:47.630+0300] {dagbag.py:539} INFO - Filling up the DagBag from /home/qwerty/DE_project/airflow/dags/main.py
[2025-06-17T04:21:47.634+0300] {logging_mixin.py:151} INFO - [2025-06-17T04:21:47.634+0300] {main.py:11} INFO - /home/qwerty/DE_project/airflow/dags/main.py
[2025-06-17T04:21:47.643+0300] {processor.py:839} INFO - DAG(s) dict_keys(['breast_cancer_ml_pipeline']) retrieved from /home/qwerty/DE_project/airflow/dags/main.py
[2025-06-17T04:21:47.664+0300] {logging_mixin.py:151} INFO - [2025-06-17T04:21:47.664+0300] {dag.py:2915} INFO - Sync 1 DAGs
[2025-06-17T04:21:47.691+0300] {logging_mixin.py:151} INFO - [2025-06-17T04:21:47.690+0300] {dag.py:3696} INFO - Setting next_dagrun for breast_cancer_ml_pipeline to 2025-06-17T00:00:00+00:00, run_after=2025-06-18T00:00:00+00:00
[2025-06-17T04:21:47.722+0300] {processor.py:179} INFO - Processing /home/qwerty/DE_project/airflow/dags/main.py took 0.108 seconds
[2025-06-17T04:22:18.055+0300] {processor.py:157} INFO - Started process (PID=19730) to work on /home/qwerty/DE_project/airflow/dags/main.py
[2025-06-17T04:22:18.056+0300] {processor.py:829} INFO - Processing file /home/qwerty/DE_project/airflow/dags/main.py for tasks to queue
[2025-06-17T04:22:18.057+0300] {logging_mixin.py:151} INFO - [2025-06-17T04:22:18.057+0300] {dagbag.py:539} INFO - Filling up the DagBag from /home/qwerty/DE_project/airflow/dags/main.py
[2025-06-17T04:22:18.061+0300] {logging_mixin.py:151} INFO - [2025-06-17T04:22:18.060+0300] {main.py:11} INFO - /home/qwerty/DE_project/airflow/dags/main.py
[2025-06-17T04:22:18.069+0300] {processor.py:839} INFO - DAG(s) dict_keys(['breast_cancer_ml_pipeline']) retrieved from /home/qwerty/DE_project/airflow/dags/main.py
[2025-06-17T04:22:18.090+0300] {logging_mixin.py:151} INFO - [2025-06-17T04:22:18.090+0300] {dag.py:2915} INFO - Sync 1 DAGs
[2025-06-17T04:22:18.115+0300] {logging_mixin.py:151} INFO - [2025-06-17T04:22:18.115+0300] {dag.py:3696} INFO - Setting next_dagrun for breast_cancer_ml_pipeline to 2025-06-17T00:00:00+00:00, run_after=2025-06-18T00:00:00+00:00
[2025-06-17T04:22:18.166+0300] {processor.py:179} INFO - Processing /home/qwerty/DE_project/airflow/dags/main.py took 0.119 seconds
[2025-06-17T04:23:13.066+0300] {processor.py:157} INFO - Started process (PID=19812) to work on /home/qwerty/DE_project/airflow/dags/main.py
[2025-06-17T04:23:13.070+0300] {processor.py:829} INFO - Processing file /home/qwerty/DE_project/airflow/dags/main.py for tasks to queue
[2025-06-17T04:23:13.072+0300] {logging_mixin.py:151} INFO - [2025-06-17T04:23:13.071+0300] {dagbag.py:539} INFO - Filling up the DagBag from /home/qwerty/DE_project/airflow/dags/main.py
[2025-06-17T04:23:13.080+0300] {logging_mixin.py:151} INFO - [2025-06-17T04:23:13.079+0300] {main.py:11} INFO - /home/qwerty/DE_project/airflow/dags/main.py
[2025-06-17T04:23:13.097+0300] {processor.py:839} INFO - DAG(s) dict_keys(['breast_cancer_ml_pipeline']) retrieved from /home/qwerty/DE_project/airflow/dags/main.py
[2025-06-17T04:23:13.139+0300] {logging_mixin.py:151} INFO - [2025-06-17T04:23:13.139+0300] {dag.py:2915} INFO - Sync 1 DAGs
[2025-06-17T04:23:13.195+0300] {logging_mixin.py:151} INFO - [2025-06-17T04:23:13.195+0300] {dag.py:3696} INFO - Setting next_dagrun for breast_cancer_ml_pipeline to 2025-06-17T00:00:00+00:00, run_after=2025-06-18T00:00:00+00:00
[2025-06-17T04:23:13.248+0300] {processor.py:179} INFO - Processing /home/qwerty/DE_project/airflow/dags/main.py took 0.190 seconds
[2025-06-17T04:24:12.707+0300] {processor.py:157} INFO - Started process (PID=19896) to work on /home/qwerty/DE_project/airflow/dags/main.py
[2025-06-17T04:24:12.710+0300] {processor.py:829} INFO - Processing file /home/qwerty/DE_project/airflow/dags/main.py for tasks to queue
[2025-06-17T04:24:12.712+0300] {logging_mixin.py:151} INFO - [2025-06-17T04:24:12.712+0300] {dagbag.py:539} INFO - Filling up the DagBag from /home/qwerty/DE_project/airflow/dags/main.py
[2025-06-17T04:24:12.716+0300] {logging_mixin.py:151} INFO - [2025-06-17T04:24:12.716+0300] {main.py:11} INFO - /home/qwerty/DE_project/airflow/dags/main.py
[2025-06-17T04:24:12.725+0300] {processor.py:839} INFO - DAG(s) dict_keys(['breast_cancer_ml_pipeline']) retrieved from /home/qwerty/DE_project/airflow/dags/main.py
[2025-06-17T04:24:12.749+0300] {logging_mixin.py:151} INFO - [2025-06-17T04:24:12.749+0300] {dag.py:2915} INFO - Sync 1 DAGs
[2025-06-17T04:24:12.781+0300] {logging_mixin.py:151} INFO - [2025-06-17T04:24:12.780+0300] {dag.py:3696} INFO - Setting next_dagrun for breast_cancer_ml_pipeline to 2025-06-17T00:00:00+00:00, run_after=2025-06-18T00:00:00+00:00
[2025-06-17T04:24:12.828+0300] {processor.py:179} INFO - Processing /home/qwerty/DE_project/airflow/dags/main.py took 0.132 seconds
[2025-06-17T04:25:00.884+0300] {processor.py:157} INFO - Started process (PID=19967) to work on /home/qwerty/DE_project/airflow/dags/main.py
[2025-06-17T04:25:00.889+0300] {processor.py:829} INFO - Processing file /home/qwerty/DE_project/airflow/dags/main.py for tasks to queue
[2025-06-17T04:25:00.892+0300] {logging_mixin.py:151} INFO - [2025-06-17T04:25:00.891+0300] {dagbag.py:539} INFO - Filling up the DagBag from /home/qwerty/DE_project/airflow/dags/main.py
[2025-06-17T04:25:00.921+0300] {processor.py:839} INFO - DAG(s) dict_keys(['breast_cancer_ml_pipeline']) retrieved from /home/qwerty/DE_project/airflow/dags/main.py
[2025-06-17T04:25:00.960+0300] {logging_mixin.py:151} INFO - [2025-06-17T04:25:00.960+0300] {dag.py:2915} INFO - Sync 1 DAGs
[2025-06-17T04:25:00.985+0300] {logging_mixin.py:151} INFO - [2025-06-17T04:25:00.985+0300] {dag.py:3696} INFO - Setting next_dagrun for breast_cancer_ml_pipeline to 2025-06-17T00:00:00+00:00, run_after=2025-06-18T00:00:00+00:00
[2025-06-17T04:25:01.042+0300] {processor.py:179} INFO - Processing /home/qwerty/DE_project/airflow/dags/main.py took 0.169 seconds
[2025-06-17T04:25:46.692+0300] {processor.py:157} INFO - Started process (PID=20010) to work on /home/qwerty/DE_project/airflow/dags/main.py
[2025-06-17T04:25:46.695+0300] {processor.py:829} INFO - Processing file /home/qwerty/DE_project/airflow/dags/main.py for tasks to queue
[2025-06-17T04:25:46.698+0300] {logging_mixin.py:151} INFO - [2025-06-17T04:25:46.697+0300] {dagbag.py:539} INFO - Filling up the DagBag from /home/qwerty/DE_project/airflow/dags/main.py
[2025-06-17T04:25:46.726+0300] {processor.py:839} INFO - DAG(s) dict_keys(['breast_cancer_ml_pipeline']) retrieved from /home/qwerty/DE_project/airflow/dags/main.py
[2025-06-17T04:25:46.751+0300] {logging_mixin.py:151} INFO - [2025-06-17T04:25:46.751+0300] {dag.py:2915} INFO - Sync 1 DAGs
[2025-06-17T04:25:46.778+0300] {logging_mixin.py:151} INFO - [2025-06-17T04:25:46.777+0300] {dag.py:3696} INFO - Setting next_dagrun for breast_cancer_ml_pipeline to 2025-06-17T00:00:00+00:00, run_after=2025-06-18T00:00:00+00:00
[2025-06-17T04:25:46.823+0300] {processor.py:179} INFO - Processing /home/qwerty/DE_project/airflow/dags/main.py took 0.142 seconds
[2025-06-17T04:26:40.569+0300] {processor.py:157} INFO - Started process (PID=20063) to work on /home/qwerty/DE_project/airflow/dags/main.py
[2025-06-17T04:26:40.574+0300] {processor.py:829} INFO - Processing file /home/qwerty/DE_project/airflow/dags/main.py for tasks to queue
[2025-06-17T04:26:40.578+0300] {logging_mixin.py:151} INFO - [2025-06-17T04:26:40.576+0300] {dagbag.py:539} INFO - Filling up the DagBag from /home/qwerty/DE_project/airflow/dags/main.py
[2025-06-17T04:26:40.592+0300] {processor.py:839} INFO - DAG(s) dict_keys(['breast_cancer_ml_pipeline']) retrieved from /home/qwerty/DE_project/airflow/dags/main.py
[2025-06-17T04:26:40.614+0300] {logging_mixin.py:151} INFO - [2025-06-17T04:26:40.613+0300] {dag.py:2915} INFO - Sync 1 DAGs
[2025-06-17T04:26:40.639+0300] {logging_mixin.py:151} INFO - [2025-06-17T04:26:40.639+0300] {dag.py:3696} INFO - Setting next_dagrun for breast_cancer_ml_pipeline to 2025-06-17T00:00:00+00:00, run_after=2025-06-18T00:00:00+00:00
[2025-06-17T04:26:40.677+0300] {processor.py:179} INFO - Processing /home/qwerty/DE_project/airflow/dags/main.py took 0.119 seconds
[2025-06-17T04:27:29.736+0300] {processor.py:157} INFO - Started process (PID=20107) to work on /home/qwerty/DE_project/airflow/dags/main.py
[2025-06-17T04:27:29.743+0300] {processor.py:829} INFO - Processing file /home/qwerty/DE_project/airflow/dags/main.py for tasks to queue
[2025-06-17T04:27:29.744+0300] {logging_mixin.py:151} INFO - [2025-06-17T04:27:29.744+0300] {dagbag.py:539} INFO - Filling up the DagBag from /home/qwerty/DE_project/airflow/dags/main.py
[2025-06-17T04:27:29.762+0300] {processor.py:839} INFO - DAG(s) dict_keys(['breast_cancer_ml_pipeline']) retrieved from /home/qwerty/DE_project/airflow/dags/main.py
[2025-06-17T04:27:29.786+0300] {logging_mixin.py:151} INFO - [2025-06-17T04:27:29.786+0300] {dag.py:2915} INFO - Sync 1 DAGs
[2025-06-17T04:27:29.813+0300] {logging_mixin.py:151} INFO - [2025-06-17T04:27:29.813+0300] {dag.py:3696} INFO - Setting next_dagrun for breast_cancer_ml_pipeline to 2025-06-17T00:00:00+00:00, run_after=2025-06-18T00:00:00+00:00
[2025-06-17T04:27:29.842+0300] {processor.py:179} INFO - Processing /home/qwerty/DE_project/airflow/dags/main.py took 0.112 seconds
[2025-06-17T04:28:20.304+0300] {processor.py:157} INFO - Started process (PID=20189) to work on /home/qwerty/DE_project/airflow/dags/main.py
[2025-06-17T04:28:20.306+0300] {processor.py:829} INFO - Processing file /home/qwerty/DE_project/airflow/dags/main.py for tasks to queue
[2025-06-17T04:28:20.307+0300] {logging_mixin.py:151} INFO - [2025-06-17T04:28:20.306+0300] {dagbag.py:539} INFO - Filling up the DagBag from /home/qwerty/DE_project/airflow/dags/main.py
[2025-06-17T04:28:20.318+0300] {processor.py:839} INFO - DAG(s) dict_keys(['breast_cancer_ml_pipeline']) retrieved from /home/qwerty/DE_project/airflow/dags/main.py
[2025-06-17T04:28:20.338+0300] {logging_mixin.py:151} INFO - [2025-06-17T04:28:20.338+0300] {dag.py:2915} INFO - Sync 1 DAGs
[2025-06-17T04:28:20.364+0300] {logging_mixin.py:151} INFO - [2025-06-17T04:28:20.364+0300] {dag.py:3696} INFO - Setting next_dagrun for breast_cancer_ml_pipeline to 2025-06-17T00:00:00+00:00, run_after=2025-06-18T00:00:00+00:00
[2025-06-17T04:28:20.400+0300] {processor.py:179} INFO - Processing /home/qwerty/DE_project/airflow/dags/main.py took 0.107 seconds
[2025-06-17T04:29:14.766+0300] {processor.py:157} INFO - Started process (PID=20247) to work on /home/qwerty/DE_project/airflow/dags/main.py
[2025-06-17T04:29:14.768+0300] {processor.py:829} INFO - Processing file /home/qwerty/DE_project/airflow/dags/main.py for tasks to queue
[2025-06-17T04:29:14.770+0300] {logging_mixin.py:151} INFO - [2025-06-17T04:29:14.769+0300] {dagbag.py:539} INFO - Filling up the DagBag from /home/qwerty/DE_project/airflow/dags/main.py
[2025-06-17T04:29:14.786+0300] {processor.py:839} INFO - DAG(s) dict_keys(['breast_cancer_ml_pipeline']) retrieved from /home/qwerty/DE_project/airflow/dags/main.py
[2025-06-17T04:29:14.812+0300] {logging_mixin.py:151} INFO - [2025-06-17T04:29:14.812+0300] {dag.py:2915} INFO - Sync 1 DAGs
[2025-06-17T04:29:14.843+0300] {logging_mixin.py:151} INFO - [2025-06-17T04:29:14.842+0300] {dag.py:3696} INFO - Setting next_dagrun for breast_cancer_ml_pipeline to 2025-06-17T00:00:00+00:00, run_after=2025-06-18T00:00:00+00:00
[2025-06-17T04:29:14.876+0300] {processor.py:179} INFO - Processing /home/qwerty/DE_project/airflow/dags/main.py took 0.116 seconds
[2025-06-17T04:29:46.554+0300] {processor.py:157} INFO - Started process (PID=20281) to work on /home/qwerty/DE_project/airflow/dags/main.py
[2025-06-17T04:29:46.555+0300] {processor.py:829} INFO - Processing file /home/qwerty/DE_project/airflow/dags/main.py for tasks to queue
[2025-06-17T04:29:46.556+0300] {logging_mixin.py:151} INFO - [2025-06-17T04:29:46.556+0300] {dagbag.py:539} INFO - Filling up the DagBag from /home/qwerty/DE_project/airflow/dags/main.py
[2025-06-17T04:29:46.570+0300] {processor.py:839} INFO - DAG(s) dict_keys(['breast_cancer_ml_pipeline']) retrieved from /home/qwerty/DE_project/airflow/dags/main.py
[2025-06-17T04:29:46.593+0300] {logging_mixin.py:151} INFO - [2025-06-17T04:29:46.592+0300] {dag.py:2915} INFO - Sync 1 DAGs
[2025-06-17T04:29:46.619+0300] {logging_mixin.py:151} INFO - [2025-06-17T04:29:46.619+0300] {dag.py:3696} INFO - Setting next_dagrun for breast_cancer_ml_pipeline to 2025-06-17T00:00:00+00:00, run_after=2025-06-18T00:00:00+00:00
[2025-06-17T04:29:46.645+0300] {processor.py:179} INFO - Processing /home/qwerty/DE_project/airflow/dags/main.py took 0.101 seconds
[2025-06-17T04:30:43.224+0300] {processor.py:157} INFO - Started process (PID=20342) to work on /home/qwerty/DE_project/airflow/dags/main.py
[2025-06-17T04:30:43.226+0300] {processor.py:829} INFO - Processing file /home/qwerty/DE_project/airflow/dags/main.py for tasks to queue
[2025-06-17T04:30:43.228+0300] {logging_mixin.py:151} INFO - [2025-06-17T04:30:43.227+0300] {dagbag.py:539} INFO - Filling up the DagBag from /home/qwerty/DE_project/airflow/dags/main.py
[2025-06-17T04:30:43.247+0300] {processor.py:839} INFO - DAG(s) dict_keys(['breast_cancer_ml_pipeline']) retrieved from /home/qwerty/DE_project/airflow/dags/main.py
[2025-06-17T04:30:43.285+0300] {logging_mixin.py:151} INFO - [2025-06-17T04:30:43.285+0300] {dag.py:2915} INFO - Sync 1 DAGs
[2025-06-17T04:30:43.336+0300] {logging_mixin.py:151} INFO - [2025-06-17T04:30:43.336+0300] {dag.py:3696} INFO - Setting next_dagrun for breast_cancer_ml_pipeline to 2025-06-17T00:00:00+00:00, run_after=2025-06-18T00:00:00+00:00
[2025-06-17T04:30:43.383+0300] {processor.py:179} INFO - Processing /home/qwerty/DE_project/airflow/dags/main.py took 0.166 seconds
[2025-06-17T04:31:41.177+0300] {processor.py:157} INFO - Started process (PID=20398) to work on /home/qwerty/DE_project/airflow/dags/main.py
[2025-06-17T04:31:41.180+0300] {processor.py:829} INFO - Processing file /home/qwerty/DE_project/airflow/dags/main.py for tasks to queue
[2025-06-17T04:31:41.182+0300] {logging_mixin.py:151} INFO - [2025-06-17T04:31:41.181+0300] {dagbag.py:539} INFO - Filling up the DagBag from /home/qwerty/DE_project/airflow/dags/main.py
[2025-06-17T04:31:41.196+0300] {processor.py:839} INFO - DAG(s) dict_keys(['breast_cancer_ml_pipeline']) retrieved from /home/qwerty/DE_project/airflow/dags/main.py
[2025-06-17T04:31:41.219+0300] {logging_mixin.py:151} INFO - [2025-06-17T04:31:41.218+0300] {dag.py:2915} INFO - Sync 1 DAGs
[2025-06-17T04:31:41.247+0300] {logging_mixin.py:151} INFO - [2025-06-17T04:31:41.247+0300] {dag.py:3696} INFO - Setting next_dagrun for breast_cancer_ml_pipeline to 2025-06-17T00:00:00+00:00, run_after=2025-06-18T00:00:00+00:00
[2025-06-17T04:31:41.275+0300] {processor.py:179} INFO - Processing /home/qwerty/DE_project/airflow/dags/main.py took 0.109 seconds
